{
    "W": {
        "0": {
            "avg": -0.012515745454545453,
            "std": 0.025925387809924434,
            "words": {
                "3": "[5 5 4]",
                "6": "[4 4 4]",
                "9": "[3 3 3]",
                "12": "[2 1 2]",
                "15": "[3 3 3]",
                "18": "[4 4 5]",
                "21": "[5 5 5]"
            },
            "symbolic": {
                "0": 5,
                "3": 4,
                "6": 3,
                "9": 2,
                "12": 3,
                "15": 4,
                "18": 5
            },
            "avg_amplitude": {
                "0": 0.09861907938625747,
                "3": -0.5285968423393372,
                "6": -0.8354903268845897,
                "9": -0.9840486250092653,
                "12": -0.8535097472388999,
                "15": -0.33079312134015265,
                "18": 0.32406937958639087
            }
        },
        "1": {
            "avg": -0.050877272727272736,
            "std": 0.015228275233549747,
            "words": {
                "3": "[5 5 4]",
                "6": "[4 4 4]",
                "9": "[4 3 3]",
                "12": "[3 3 1]",
                "15": "[3 3 3]",
                "18": "[3 4 5]",
                "21": "[5 5 6]"
            },
            "symbolic": {
                "0": 5,
                "3": 4,
                "6": 3,
                "9": 3,
                "12": 3,
                "15": 4,
                "18": 5
            },
            "avg_amplitude": {
                "0": 0.16612880310134162,
                "3": -0.4172400495240412,
                "6": -0.7007854837727575,
                "9": -0.9270805848166863,
                "12": -0.8611161852956891,
                "15": -0.38684906668831626,
                "18": 0.6119398945922724
            }
        },
        "2": {
            "avg": 0.011526595454545456,
            "std": 0.0022133454750406945,
            "words": {
                "3": "[1 3 3]",
                "6": "[4 4 4]",
                "9": "[5 5 5]",
                "12": "[5 5 5]",
                "15": "[5 6 6]",
                "18": "[6 6 8]",
                "21": "[6 6 5]"
            },
            "symbolic": {
                "0": 3,
                "3": 4,
                "6": 5,
                "9": 5,
                "12": 6,
                "15": 6,
                "18": 5
            },
            "avg_amplitude": {
                "0": -0.8705722374551371,
                "3": -0.1979580463229229,
                "6": 0.19231369401903717,
                "9": 0.4821997815377068,
                "12": 0.7105597538955392,
                "15": 0.8970106333177285,
                "18": 0.6645489199491736
            }
        },
        "3": {
            "avg": 0.05766795454545455,
            "std": 0.012347593409156114,
            "words": {
                "3": "[4 4 5]",
                "6": "[8 6 6]",
                "9": "[5 5 5]",
                "12": "[5 5 5]",
                "15": "[4 4 3]",
                "18": "[3 3 3]",
                "21": "[3 3 3]"
            },
            "symbolic": {
                "0": 4,
                "3": 6,
                "6": 5,
                "9": 5,
                "12": 4,
                "15": 3,
                "18": 3
            },
            "avg_amplitude": {
                "0": -0.0372069901724598,
                "3": 0.8234101946388286,
                "6": 0.6041642767006997,
                "9": 0.3878819165615079,
                "12": -0.5191388474628121,
                "15": -0.8153034300791554,
                "18": -0.8802531451952121
            }
        },
        "4": {
            "avg": 0.8864563636363635,
            "std": 0.005749749100492566,
            "words": {
                "3": "[5 4 5]",
                "6": "[4 4 2]",
                "9": "[3 3 3]",
                "12": "[3 3 2]",
                "15": "[1 3 3]",
                "18": "[4 4 4]",
                "21": "[5 5 6]"
            },
            "symbolic": {
                "0": 5,
                "3": 4,
                "6": 3,
                "9": 3,
                "12": 3,
                "15": 4,
                "18": 5
            },
            "avg_amplitude": {
                "0": 0.13153961136023862,
                "3": -0.5493273542600835,
                "6": -0.936098654708513,
                "9": -0.9536621823617337,
                "12": -0.8553811659192826,
                "15": -0.1988041853512702,
                "18": 0.5672645739910223
            }
        },
        "5": {
            "avg": 0.4216736363636364,
            "std": 0.015011929397729808,
            "words": {
                "3": "[4 4 5]",
                "6": "[5 5 5]",
                "9": "[8 6 5]",
                "12": "[5 5 5]",
                "15": "[5 5 5]",
                "18": "[5 5 4]",
                "21": "[4 4 3]"
            },
            "symbolic": {
                "0": 4,
                "3": 5,
                "6": 6,
                "9": 5,
                "12": 5,
                "15": 5,
                "18": 4
            },
            "avg_amplitude": {
                "0": -0.12658650634602706,
                "3": 0.3096192384769531,
                "6": 0.7916945001113334,
                "9": 0.5291694500111326,
                "12": 0.5319527944778428,
                "15": 0.17156535292807806,
                "18": -0.4403250946337119
            }
        },
        "6": {
            "avg": 0.015223568181818182,
            "std": 0.014077483770982393,
            "words": {
                "3": "[8 6 5]",
                "6": "[5 5 5]",
                "9": "[4 4 4]",
                "12": "[3 3 4]",
                "15": "[3 1 3]",
                "18": "[3 3 4]",
                "21": "[4 4 4]"
            },
            "symbolic": {
                "0": 6,
                "3": 5,
                "6": 4,
                "9": 3,
                "12": 3,
                "15": 4,
                "18": 4
            },
            "avg_amplitude": {
                "0": 0.7905008902440853,
                "3": 0.0315604730322215,
                "6": -0.3627599587703874,
                "9": -0.7150801676045034,
                "12": -0.8986366976149543,
                "15": -0.673790575213075,
                "18": -0.3839589164252805
            }
        },
        "7": {
            "avg": 0.002906430045454546,
            "std": 0.02460029860195551,
            "words": {
                "3": "[4 4 2]",
                "6": "[2 2 1]",
                "9": "[4 4 6]",
                "12": "[8 5 5]",
                "15": "[4 4 3]",
                "18": "[3 4 4]",
                "21": "[4 4 4]"
            },
            "symbolic": {
                "0": 4,
                "3": 2,
                "6": 5,
                "9": 5,
                "12": 4,
                "15": 4,
                "18": 4
            },
            "avg_amplitude": {
                "0": -0.586782581453634,
                "3": -0.9915100250626567,
                "6": 0.10069126723057642,
                "9": 0.5551456766917293,
                "12": -0.5488251879699249,
                "15": -0.5939379699248121,
                "18": -0.3156704260651629
            }
        },
        "8": {
            "avg": -0.15202999999999997,
            "std": 0.8924603778266441,
            "words": {
                "3": "[7 7 7]",
                "6": "[1 2 2]",
                "9": "[2 2 2]",
                "12": "[2 2 2]",
                "15": "[2 7 2]",
                "18": "[2 1 7]",
                "21": "[7 7 7]"
            },
            "symbolic": {
                "0": 7,
                "3": 2,
                "6": 2,
                "9": 2,
                "12": 4,
                "15": 4,
                "18": 7
            },
            "avg_amplitude": {
                "0": 0.9748079808732072,
                "3": -0.9933449444391891,
                "6": -0.9866787600229254,
                "9": -0.9858515151009294,
                "12": -0.33741020404756467,
                "15": -0.3357779719144785,
                "18": 0.9951441094040683
            }
        },
        "9": {
            "avg": 0.18998449999999997,
            "std": 0.12972140844086205,
            "words": {
                "3": "[5 5 5]",
                "6": "[5 5 5]",
                "9": "[5 5 5]",
                "12": "[5 5 6]",
                "15": "[6 8 5]",
                "18": "[6 5 5]",
                "21": "[5 4 3]"
            },
            "symbolic": {
                "0": 5,
                "3": 5,
                "6": 5,
                "9": 6,
                "12": 6,
                "15": 5,
                "18": 4
            },
            "avg_amplitude": {
                "0": 0.45844504021447724,
                "3": 0.6336420505321309,
                "6": 0.6512849676388549,
                "9": 0.6860291927316055,
                "12": 0.7357489100116444,
                "15": 0.5592384975762991,
                "18": -0.41415630839223333
            }
        },
        "10": {
            "avg": -0.003022725,
            "std": 0.006797055790529413,
            "words": {
                "3": "[5 5 5]",
                "6": "[5 5 5]",
                "9": "[5 5 5]",
                "12": "[5 5 5]",
                "15": "[7 8 1]",
                "18": "[4 4 5]",
                "21": "[5 5 5]"
            },
            "symbolic": {
                "0": 5,
                "3": 5,
                "6": 5,
                "9": 5,
                "12": 5,
                "15": 4,
                "18": 5
            },
            "avg_amplitude": {
                "0": 0.5226270783218764,
                "3": 0.5609840438267509,
                "6": 0.5733147495519616,
                "9": 0.577750404737234,
                "12": 0.32227679849536567,
                "15": -0.0478114642776728,
                "18": 0.26801500966377007
            }
        },
        "11": {
            "avg": -0.02897077272727273,
            "std": 0.07588161808444457,
            "words": {
                "3": "[3 4 5]",
                "6": "[5 5 5]",
                "9": "[5 5 6]",
                "12": "[6 6 6]",
                "15": "[7 8 5]",
                "18": "[5 4 4]",
                "21": "[1 3 4]"
            },
            "symbolic": {
                "0": 4,
                "3": 5,
                "6": 5,
                "9": 6,
                "12": 6,
                "15": 4,
                "18": 3
            },
            "avg_amplitude": {
                "0": -0.36150100137029617,
                "3": 0.3728878113910261,
                "6": 0.6365356101331645,
                "9": 0.8739215066230982,
                "12": 0.72843680826394,
                "15": -0.23688696813182955,
                "18": -0.7668107234461193
            }
        },
        "12": {
            "avg": 0.909596818181818,
            "std": 0.005188829931748184,
            "words": {
                "3": "[8 6 5]",
                "6": "[4 4 4]",
                "9": "[4 4 3]",
                "12": "[4 3 3]",
                "15": "[3 1 3]",
                "18": "[3 4 4]",
                "21": "[4 5 5]"
            },
            "symbolic": {
                "0": 5,
                "3": 4,
                "6": 4,
                "9": 3,
                "12": 3,
                "15": 4,
                "18": 5
            },
            "avg_amplitude": {
                "0": 0.6430663221360879,
                "3": -0.27924203273039844,
                "6": -0.5548664944013723,
                "9": -0.7791559000861238,
                "12": -0.9286821705426312,
                "15": -0.5786391042204927,
                "18": 0.00706287683032288
            }
        },
        "13": {
            "avg": 0.37552454545454544,
            "std": 0.017010234937845297,
            "words": {
                "3": "[1 4 4]",
                "6": "[4 5 5]",
                "9": "[5 5 5]",
                "12": "[5 5 5]",
                "15": "[6 6 6]",
                "18": "[8 6 6]",
                "21": "[5 5 5]"
            },
            "symbolic": {
                "0": 3,
                "3": 5,
                "6": 5,
                "9": 5,
                "12": 6,
                "15": 6,
                "18": 5
            },
            "avg_amplitude": {
                "0": -0.6999739379723745,
                "3": 0.12275215011727976,
                "6": 0.6372165754495701,
                "9": 0.5979150377899402,
                "12": 0.8490487359916603,
                "15": 0.9088871514203808,
                "18": 0.5095126400833994
            }
        },
        "14": {
            "avg": -0.025009522727272727,
            "std": 0.01642516679297589,
            "words": {
                "3": "[5 5 4]",
                "6": "[4 4 3]",
                "9": "[3 1 2]",
                "12": "[3 3 3]",
                "15": "[3 3 3]",
                "18": "[3 3 4]",
                "21": "[5 5 5]"
            },
            "symbolic": {
                "0": 5,
                "3": 4,
                "6": 2,
                "9": 3,
                "12": 3,
                "15": 4,
                "18": 5
            },
            "avg_amplitude": {
                "0": 0.10436901653611837,
                "3": -0.6007202664986044,
                "6": -0.9672638876384263,
                "9": -0.9024999249722395,
                "12": -0.8376159178896193,
                "15": -0.6809099366765702,
                "18": 0.31425587467362925
            }
        },
        "15": {
            "avg": -0.011199077272727271,
            "std": 0.01763694243274453,
            "words": {
                "3": "[3 8 5]",
                "6": "[6 5 5]",
                "9": "[5 5 5]",
                "12": "[5 5 5]",
                "15": "[5 5 5]",
                "18": "[5 4 4]",
                "21": "[4 1 2]"
            },
            "symbolic": {
                "0": 5,
                "3": 5,
                "6": 5,
                "9": 5,
                "12": 5,
                "15": 4,
                "18": 3
            },
            "avg_amplitude": {
                "0": 0.16005468149841817,
                "3": 0.6161104759830874,
                "6": 0.6120867887322238,
                "9": 0.6074098269427355,
                "12": 0.37376255890056304,
                "15": -0.12776961184604504,
                "18": -0.8751519770628051
            }
        },
        "16": {
            "avg": 0.9205731818181817,
            "std": 0.0017838518686195542,
            "words": {
                "3": "[6 8 7]",
                "6": "[5 5 5]",
                "9": "[4 4 4]",
                "12": "[4 4 4]",
                "15": "[4 1 4]",
                "18": "[4 3 3]",
                "21": "[3 3 3]"
            },
            "symbolic": {
                "0": 6,
                "3": 5,
                "6": 4,
                "9": 4,
                "12": 3,
                "15": 3,
                "18": 3
            },
            "avg_amplitude": {
                "0": 0.9062321326472239,
                "3": 0.3985134362493048,
                "6": -0.14922813036019666,
                "9": -0.2795883361920762,
                "12": -0.7632933104630863,
                "15": -0.69696969696966,
                "18": -0.7804459691251768
            }
        },
        "17": {
            "avg": -0.32124045454545463,
            "std": 0.006487084954902418,
            "words": {
                "3": "[5 5 4]",
                "6": "[1 3 3]",
                "9": "[4 4 4]",
                "12": "[4 4 4]",
                "15": "[4 4 5]",
                "18": "[6 8 6]",
                "21": "[5 5 5]"
            },
            "symbolic": {
                "0": 5,
                "3": 3,
                "6": 4,
                "9": 4,
                "12": 4,
                "15": 6,
                "18": 5
            },
            "avg_amplitude": {
                "0": 0.009319664492076404,
                "3": -0.8766697732214999,
                "6": -0.603292948120539,
                "9": -0.6060888474681618,
                "12": -0.19478098788443712,
                "15": 0.8772910841876355,
                "18": 0.3255669462566005
            }
        },
        "18": {
            "avg": -0.05262522727272729,
            "std": 0.007775680609817218,
            "words": {
                "3": "[5 5 5]",
                "6": "[5 5 5]",
                "9": "[4 4 4]",
                "12": "[4 4 5]",
                "15": "[5 4 1]",
                "18": "[3 2 3]",
                "21": "[5 5 5]"
            },
            "symbolic": {
                "0": 5,
                "3": 5,
                "6": 4,
                "9": 4,
                "12": 4,
                "15": 3,
                "18": 5
            },
            "avg_amplitude": {
                "0": 0.49014210585207557,
                "3": 0.18719928387602067,
                "6": -0.10215956137406301,
                "9": -0.0321584424303459,
                "12": -0.3306926261609043,
                "15": -0.8671813807765476,
                "18": 0.2869419268210809
            }
        },
        "19": {
            "avg": -0.0750685909090909,
            "std": 0.041519501598828855,
            "words": {
                "3": "[6 6 4]",
                "6": "[5 5 5]",
                "9": "[6 6 6]",
                "12": "[6 6 6]",
                "15": "[6 7 7]",
                "18": "[8 7 4]",
                "21": "[4 1 4]"
            },
            "symbolic": {
                "0": 5,
                "3": 5,
                "6": 6,
                "9": 6,
                "12": 7,
                "15": 5,
                "18": 3
            },
            "avg_amplitude": {
                "0": 0.4034059928228149,
                "3": 0.4032639707840377,
                "6": 0.7947629373200952,
                "9": 0.8962529006733367,
                "12": 0.9675327474924235,
                "15": 0.5957799165620522,
                "18": -0.7380200606129774
            }
        }
    },
    "X": {
        "0": {
            "avg": -0.012515745454545453,
            "std": 0.025925387809924434,
            "words": {
                "3": "[5 5 4]",
                "6": "[4 4 4]",
                "9": "[3 3 3]",
                "12": "[2 1 2]",
                "15": "[3 3 3]",
                "18": "[4 4 5]",
                "21": "[5 5 5]"
            },
            "symbolic": {
                "0": 5,
                "3": 4,
                "6": 3,
                "9": 2,
                "12": 3,
                "15": 4,
                "18": 5
            },
            "avg_amplitude": {
                "0": 0.09861907938625747,
                "3": -0.5285968423393372,
                "6": -0.8354903268845897,
                "9": -0.9840486250092653,
                "12": -0.8535097472388999,
                "15": -0.33079312134015265,
                "18": 0.32406937958639087
            }
        },
        "1": {
            "avg": -0.050877272727272736,
            "std": 0.015228275233549747,
            "words": {
                "3": "[5 5 4]",
                "6": "[4 4 4]",
                "9": "[4 3 3]",
                "12": "[3 3 1]",
                "15": "[3 3 3]",
                "18": "[3 4 5]",
                "21": "[5 5 6]"
            },
            "symbolic": {
                "0": 5,
                "3": 4,
                "6": 3,
                "9": 3,
                "12": 3,
                "15": 4,
                "18": 5
            },
            "avg_amplitude": {
                "0": 0.16612880310134162,
                "3": -0.4172400495240412,
                "6": -0.7007854837727575,
                "9": -0.9270805848166863,
                "12": -0.8611161852956891,
                "15": -0.38684906668831626,
                "18": 0.6119398945922724
            }
        },
        "2": {
            "avg": 0.011526595454545456,
            "std": 0.0022133454750406945,
            "words": {
                "3": "[1 3 3]",
                "6": "[4 4 4]",
                "9": "[5 5 5]",
                "12": "[5 5 5]",
                "15": "[5 6 6]",
                "18": "[6 6 8]",
                "21": "[6 6 5]"
            },
            "symbolic": {
                "0": 3,
                "3": 4,
                "6": 5,
                "9": 5,
                "12": 6,
                "15": 6,
                "18": 5
            },
            "avg_amplitude": {
                "0": -0.8705722374551371,
                "3": -0.1979580463229229,
                "6": 0.19231369401903717,
                "9": 0.4821997815377068,
                "12": 0.7105597538955392,
                "15": 0.8970106333177285,
                "18": 0.6645489199491736
            }
        },
        "3": {
            "avg": 0.05766795454545455,
            "std": 0.012347593409156114,
            "words": {
                "3": "[4 4 5]",
                "6": "[8 6 6]",
                "9": "[5 5 5]",
                "12": "[5 5 5]",
                "15": "[4 4 3]",
                "18": "[3 3 3]",
                "21": "[3 3 3]"
            },
            "symbolic": {
                "0": 4,
                "3": 6,
                "6": 5,
                "9": 5,
                "12": 4,
                "15": 3,
                "18": 3
            },
            "avg_amplitude": {
                "0": -0.0372069901724598,
                "3": 0.8234101946388286,
                "6": 0.6041642767006997,
                "9": 0.3878819165615079,
                "12": -0.5191388474628121,
                "15": -0.8153034300791554,
                "18": -0.8802531451952121
            }
        },
        "4": {
            "avg": 0.8864563636363635,
            "std": 0.005749749100492566,
            "words": {
                "3": "[5 4 5]",
                "6": "[4 4 2]",
                "9": "[3 3 3]",
                "12": "[3 3 2]",
                "15": "[1 3 3]",
                "18": "[4 4 4]",
                "21": "[5 5 6]"
            },
            "symbolic": {
                "0": 5,
                "3": 4,
                "6": 3,
                "9": 3,
                "12": 3,
                "15": 4,
                "18": 5
            },
            "avg_amplitude": {
                "0": 0.13153961136023862,
                "3": -0.5493273542600835,
                "6": -0.936098654708513,
                "9": -0.9536621823617337,
                "12": -0.8553811659192826,
                "15": -0.1988041853512702,
                "18": 0.5672645739910223
            }
        },
        "5": {
            "avg": 0.4216736363636364,
            "std": 0.015011929397729808,
            "words": {
                "3": "[4 4 5]",
                "6": "[5 5 5]",
                "9": "[8 6 5]",
                "12": "[5 5 5]",
                "15": "[5 5 5]",
                "18": "[5 5 4]",
                "21": "[4 4 3]"
            },
            "symbolic": {
                "0": 4,
                "3": 5,
                "6": 6,
                "9": 5,
                "12": 5,
                "15": 5,
                "18": 4
            },
            "avg_amplitude": {
                "0": -0.12658650634602706,
                "3": 0.3096192384769531,
                "6": 0.7916945001113334,
                "9": 0.5291694500111326,
                "12": 0.5319527944778428,
                "15": 0.17156535292807806,
                "18": -0.4403250946337119
            }
        },
        "6": {
            "avg": 0.015223568181818182,
            "std": 0.014077483770982393,
            "words": {
                "3": "[8 6 5]",
                "6": "[5 5 5]",
                "9": "[4 4 4]",
                "12": "[3 3 4]",
                "15": "[3 1 3]",
                "18": "[3 3 4]",
                "21": "[4 4 4]"
            },
            "symbolic": {
                "0": 6,
                "3": 5,
                "6": 4,
                "9": 3,
                "12": 3,
                "15": 4,
                "18": 4
            },
            "avg_amplitude": {
                "0": 0.7905008902440853,
                "3": 0.0315604730322215,
                "6": -0.3627599587703874,
                "9": -0.7150801676045034,
                "12": -0.8986366976149543,
                "15": -0.673790575213075,
                "18": -0.3839589164252805
            }
        },
        "7": {
            "avg": 0.002906430045454546,
            "std": 0.02460029860195551,
            "words": {
                "3": "[4 4 2]",
                "6": "[2 2 1]",
                "9": "[4 4 6]",
                "12": "[8 5 5]",
                "15": "[4 4 3]",
                "18": "[3 4 4]",
                "21": "[4 4 4]"
            },
            "symbolic": {
                "0": 4,
                "3": 2,
                "6": 5,
                "9": 5,
                "12": 4,
                "15": 4,
                "18": 4
            },
            "avg_amplitude": {
                "0": -0.586782581453634,
                "3": -0.9915100250626567,
                "6": 0.10069126723057642,
                "9": 0.5551456766917293,
                "12": -0.5488251879699249,
                "15": -0.5939379699248121,
                "18": -0.3156704260651629
            }
        },
        "8": {
            "avg": -0.15202999999999997,
            "std": 0.8924603778266441,
            "words": {
                "3": "[7 7 7]",
                "6": "[1 2 2]",
                "9": "[2 2 2]",
                "12": "[2 2 2]",
                "15": "[2 7 2]",
                "18": "[2 1 7]",
                "21": "[7 7 7]"
            },
            "symbolic": {
                "0": 7,
                "3": 2,
                "6": 2,
                "9": 2,
                "12": 4,
                "15": 4,
                "18": 7
            },
            "avg_amplitude": {
                "0": 0.9748079808732072,
                "3": -0.9933449444391891,
                "6": -0.9866787600229254,
                "9": -0.9858515151009294,
                "12": -0.33741020404756467,
                "15": -0.3357779719144785,
                "18": 0.9951441094040683
            }
        },
        "9": {
            "avg": 0.18998449999999997,
            "std": 0.12972140844086205,
            "words": {
                "3": "[5 5 5]",
                "6": "[5 5 5]",
                "9": "[5 5 5]",
                "12": "[5 5 6]",
                "15": "[6 8 5]",
                "18": "[6 5 5]",
                "21": "[5 4 3]"
            },
            "symbolic": {
                "0": 5,
                "3": 5,
                "6": 5,
                "9": 6,
                "12": 6,
                "15": 5,
                "18": 4
            },
            "avg_amplitude": {
                "0": 0.45844504021447724,
                "3": 0.6336420505321309,
                "6": 0.6512849676388549,
                "9": 0.6860291927316055,
                "12": 0.7357489100116444,
                "15": 0.5592384975762991,
                "18": -0.41415630839223333
            }
        },
        "10": {
            "avg": -0.003022725,
            "std": 0.006797055790529413,
            "words": {
                "3": "[5 5 5]",
                "6": "[5 5 5]",
                "9": "[5 5 5]",
                "12": "[5 5 5]",
                "15": "[7 8 1]",
                "18": "[4 4 5]",
                "21": "[5 5 5]"
            },
            "symbolic": {
                "0": 5,
                "3": 5,
                "6": 5,
                "9": 5,
                "12": 5,
                "15": 4,
                "18": 5
            },
            "avg_amplitude": {
                "0": 0.5226270783218764,
                "3": 0.5609840438267509,
                "6": 0.5733147495519616,
                "9": 0.577750404737234,
                "12": 0.32227679849536567,
                "15": -0.0478114642776728,
                "18": 0.26801500966377007
            }
        },
        "11": {
            "avg": -0.02897077272727273,
            "std": 0.07588161808444457,
            "words": {
                "3": "[3 4 5]",
                "6": "[5 5 5]",
                "9": "[5 5 6]",
                "12": "[6 6 6]",
                "15": "[7 8 5]",
                "18": "[5 4 4]",
                "21": "[1 3 4]"
            },
            "symbolic": {
                "0": 4,
                "3": 5,
                "6": 5,
                "9": 6,
                "12": 6,
                "15": 4,
                "18": 3
            },
            "avg_amplitude": {
                "0": -0.36150100137029617,
                "3": 0.3728878113910261,
                "6": 0.6365356101331645,
                "9": 0.8739215066230982,
                "12": 0.72843680826394,
                "15": -0.23688696813182955,
                "18": -0.7668107234461193
            }
        },
        "12": {
            "avg": 0.909596818181818,
            "std": 0.005188829931748184,
            "words": {
                "3": "[8 6 5]",
                "6": "[4 4 4]",
                "9": "[4 4 3]",
                "12": "[4 3 3]",
                "15": "[3 1 3]",
                "18": "[3 4 4]",
                "21": "[4 5 5]"
            },
            "symbolic": {
                "0": 5,
                "3": 4,
                "6": 4,
                "9": 3,
                "12": 3,
                "15": 4,
                "18": 5
            },
            "avg_amplitude": {
                "0": 0.6430663221360879,
                "3": -0.27924203273039844,
                "6": -0.5548664944013723,
                "9": -0.7791559000861238,
                "12": -0.9286821705426312,
                "15": -0.5786391042204927,
                "18": 0.00706287683032288
            }
        },
        "13": {
            "avg": 0.37552454545454544,
            "std": 0.017010234937845297,
            "words": {
                "3": "[1 4 4]",
                "6": "[4 5 5]",
                "9": "[5 5 5]",
                "12": "[5 5 5]",
                "15": "[6 6 6]",
                "18": "[8 6 6]",
                "21": "[5 5 5]"
            },
            "symbolic": {
                "0": 3,
                "3": 5,
                "6": 5,
                "9": 5,
                "12": 6,
                "15": 6,
                "18": 5
            },
            "avg_amplitude": {
                "0": -0.6999739379723745,
                "3": 0.12275215011727976,
                "6": 0.6372165754495701,
                "9": 0.5979150377899402,
                "12": 0.8490487359916603,
                "15": 0.9088871514203808,
                "18": 0.5095126400833994
            }
        },
        "14": {
            "avg": -0.025009522727272727,
            "std": 0.01642516679297589,
            "words": {
                "3": "[5 5 4]",
                "6": "[4 4 3]",
                "9": "[3 1 2]",
                "12": "[3 3 3]",
                "15": "[3 3 3]",
                "18": "[3 3 4]",
                "21": "[5 5 5]"
            },
            "symbolic": {
                "0": 5,
                "3": 4,
                "6": 2,
                "9": 3,
                "12": 3,
                "15": 4,
                "18": 5
            },
            "avg_amplitude": {
                "0": 0.10436901653611837,
                "3": -0.6007202664986044,
                "6": -0.9672638876384263,
                "9": -0.9024999249722395,
                "12": -0.8376159178896193,
                "15": -0.6809099366765702,
                "18": 0.31425587467362925
            }
        },
        "15": {
            "avg": -0.011199077272727271,
            "std": 0.01763694243274453,
            "words": {
                "3": "[3 8 5]",
                "6": "[6 5 5]",
                "9": "[5 5 5]",
                "12": "[5 5 5]",
                "15": "[5 5 5]",
                "18": "[5 4 4]",
                "21": "[4 1 2]"
            },
            "symbolic": {
                "0": 5,
                "3": 5,
                "6": 5,
                "9": 5,
                "12": 5,
                "15": 4,
                "18": 3
            },
            "avg_amplitude": {
                "0": 0.16005468149841817,
                "3": 0.6161104759830874,
                "6": 0.6120867887322238,
                "9": 0.6074098269427355,
                "12": 0.37376255890056304,
                "15": -0.12776961184604504,
                "18": -0.8751519770628051
            }
        },
        "16": {
            "avg": 0.9205731818181817,
            "std": 0.0017838518686195542,
            "words": {
                "3": "[6 8 7]",
                "6": "[5 5 5]",
                "9": "[4 4 4]",
                "12": "[4 4 4]",
                "15": "[4 1 4]",
                "18": "[4 3 3]",
                "21": "[3 3 3]"
            },
            "symbolic": {
                "0": 6,
                "3": 5,
                "6": 4,
                "9": 4,
                "12": 3,
                "15": 3,
                "18": 3
            },
            "avg_amplitude": {
                "0": 0.9062321326472239,
                "3": 0.3985134362493048,
                "6": -0.14922813036019666,
                "9": -0.2795883361920762,
                "12": -0.7632933104630863,
                "15": -0.69696969696966,
                "18": -0.7804459691251768
            }
        },
        "17": {
            "avg": -0.32124045454545463,
            "std": 0.006487084954902418,
            "words": {
                "3": "[5 5 4]",
                "6": "[1 3 3]",
                "9": "[4 4 4]",
                "12": "[4 4 4]",
                "15": "[4 4 5]",
                "18": "[6 8 6]",
                "21": "[5 5 5]"
            },
            "symbolic": {
                "0": 5,
                "3": 3,
                "6": 4,
                "9": 4,
                "12": 4,
                "15": 6,
                "18": 5
            },
            "avg_amplitude": {
                "0": 0.009319664492076404,
                "3": -0.8766697732214999,
                "6": -0.603292948120539,
                "9": -0.6060888474681618,
                "12": -0.19478098788443712,
                "15": 0.8772910841876355,
                "18": 0.3255669462566005
            }
        },
        "18": {
            "avg": -0.05262522727272729,
            "std": 0.007775680609817218,
            "words": {
                "3": "[5 5 5]",
                "6": "[5 5 5]",
                "9": "[4 4 4]",
                "12": "[4 4 5]",
                "15": "[5 4 1]",
                "18": "[3 2 3]",
                "21": "[5 5 5]"
            },
            "symbolic": {
                "0": 5,
                "3": 5,
                "6": 4,
                "9": 4,
                "12": 4,
                "15": 3,
                "18": 5
            },
            "avg_amplitude": {
                "0": 0.49014210585207557,
                "3": 0.18719928387602067,
                "6": -0.10215956137406301,
                "9": -0.0321584424303459,
                "12": -0.3306926261609043,
                "15": -0.8671813807765476,
                "18": 0.2869419268210809
            }
        },
        "19": {
            "avg": -0.0750685909090909,
            "std": 0.041519501598828855,
            "words": {
                "3": "[6 6 4]",
                "6": "[5 5 5]",
                "9": "[6 6 6]",
                "12": "[6 6 6]",
                "15": "[6 7 7]",
                "18": "[8 7 4]",
                "21": "[4 1 4]"
            },
            "symbolic": {
                "0": 5,
                "3": 5,
                "6": 6,
                "9": 6,
                "12": 7,
                "15": 5,
                "18": 3
            },
            "avg_amplitude": {
                "0": 0.4034059928228149,
                "3": 0.4032639707840377,
                "6": 0.7947629373200952,
                "9": 0.8962529006733367,
                "12": 0.9675327474924235,
                "15": 0.5957799165620522,
                "18": -0.7380200606129774
            }
        }
    },
    "Y": {
        "0": {
            "avg": -0.012515745454545453,
            "std": 0.025925387809924434,
            "words": {
                "3": "[5 5 4]",
                "6": "[4 4 4]",
                "9": "[3 3 3]",
                "12": "[2 1 2]",
                "15": "[3 3 3]",
                "18": "[4 4 5]",
                "21": "[5 5 5]"
            },
            "symbolic": {
                "0": 5,
                "3": 4,
                "6": 3,
                "9": 2,
                "12": 3,
                "15": 4,
                "18": 5
            },
            "avg_amplitude": {
                "0": 0.09861907938625747,
                "3": -0.5285968423393372,
                "6": -0.8354903268845897,
                "9": -0.9840486250092653,
                "12": -0.8535097472388999,
                "15": -0.33079312134015265,
                "18": 0.32406937958639087
            }
        },
        "1": {
            "avg": -0.050877272727272736,
            "std": 0.015228275233549747,
            "words": {
                "3": "[5 5 4]",
                "6": "[4 4 4]",
                "9": "[4 3 3]",
                "12": "[3 3 1]",
                "15": "[3 3 3]",
                "18": "[3 4 5]",
                "21": "[5 5 6]"
            },
            "symbolic": {
                "0": 5,
                "3": 4,
                "6": 3,
                "9": 3,
                "12": 3,
                "15": 4,
                "18": 5
            },
            "avg_amplitude": {
                "0": 0.16612880310134162,
                "3": -0.4172400495240412,
                "6": -0.7007854837727575,
                "9": -0.9270805848166863,
                "12": -0.8611161852956891,
                "15": -0.38684906668831626,
                "18": 0.6119398945922724
            }
        },
        "2": {
            "avg": 0.011526595454545456,
            "std": 0.0022133454750406945,
            "words": {
                "3": "[1 3 3]",
                "6": "[4 4 4]",
                "9": "[5 5 5]",
                "12": "[5 5 5]",
                "15": "[5 6 6]",
                "18": "[6 6 8]",
                "21": "[6 6 5]"
            },
            "symbolic": {
                "0": 3,
                "3": 4,
                "6": 5,
                "9": 5,
                "12": 6,
                "15": 6,
                "18": 5
            },
            "avg_amplitude": {
                "0": -0.8705722374551371,
                "3": -0.1979580463229229,
                "6": 0.19231369401903717,
                "9": 0.4821997815377068,
                "12": 0.7105597538955392,
                "15": 0.8970106333177285,
                "18": 0.6645489199491736
            }
        },
        "3": {
            "avg": 0.05766795454545455,
            "std": 0.012347593409156114,
            "words": {
                "3": "[4 4 5]",
                "6": "[8 6 6]",
                "9": "[5 5 5]",
                "12": "[5 5 5]",
                "15": "[4 4 3]",
                "18": "[3 3 3]",
                "21": "[3 3 3]"
            },
            "symbolic": {
                "0": 4,
                "3": 6,
                "6": 5,
                "9": 5,
                "12": 4,
                "15": 3,
                "18": 3
            },
            "avg_amplitude": {
                "0": -0.0372069901724598,
                "3": 0.8234101946388286,
                "6": 0.6041642767006997,
                "9": 0.3878819165615079,
                "12": -0.5191388474628121,
                "15": -0.8153034300791554,
                "18": -0.8802531451952121
            }
        },
        "4": {
            "avg": 0.8864563636363635,
            "std": 0.005749749100492566,
            "words": {
                "3": "[5 4 5]",
                "6": "[4 4 2]",
                "9": "[3 3 3]",
                "12": "[3 3 2]",
                "15": "[1 3 3]",
                "18": "[4 4 4]",
                "21": "[5 5 6]"
            },
            "symbolic": {
                "0": 5,
                "3": 4,
                "6": 3,
                "9": 3,
                "12": 3,
                "15": 4,
                "18": 5
            },
            "avg_amplitude": {
                "0": 0.13153961136023862,
                "3": -0.5493273542600835,
                "6": -0.936098654708513,
                "9": -0.9536621823617337,
                "12": -0.8553811659192826,
                "15": -0.1988041853512702,
                "18": 0.5672645739910223
            }
        },
        "5": {
            "avg": 0.4216736363636364,
            "std": 0.015011929397729808,
            "words": {
                "3": "[4 4 5]",
                "6": "[5 5 5]",
                "9": "[8 6 5]",
                "12": "[5 5 5]",
                "15": "[5 5 5]",
                "18": "[5 5 4]",
                "21": "[4 4 3]"
            },
            "symbolic": {
                "0": 4,
                "3": 5,
                "6": 6,
                "9": 5,
                "12": 5,
                "15": 5,
                "18": 4
            },
            "avg_amplitude": {
                "0": -0.12658650634602706,
                "3": 0.3096192384769531,
                "6": 0.7916945001113334,
                "9": 0.5291694500111326,
                "12": 0.5319527944778428,
                "15": 0.17156535292807806,
                "18": -0.4403250946337119
            }
        },
        "6": {
            "avg": 0.015223568181818182,
            "std": 0.014077483770982393,
            "words": {
                "3": "[8 6 5]",
                "6": "[5 5 5]",
                "9": "[4 4 4]",
                "12": "[3 3 4]",
                "15": "[3 1 3]",
                "18": "[3 3 4]",
                "21": "[4 4 4]"
            },
            "symbolic": {
                "0": 6,
                "3": 5,
                "6": 4,
                "9": 3,
                "12": 3,
                "15": 4,
                "18": 4
            },
            "avg_amplitude": {
                "0": 0.7905008902440853,
                "3": 0.0315604730322215,
                "6": -0.3627599587703874,
                "9": -0.7150801676045034,
                "12": -0.8986366976149543,
                "15": -0.673790575213075,
                "18": -0.3839589164252805
            }
        },
        "7": {
            "avg": 0.002906430045454546,
            "std": 0.02460029860195551,
            "words": {
                "3": "[4 4 2]",
                "6": "[2 2 1]",
                "9": "[4 4 6]",
                "12": "[8 5 5]",
                "15": "[4 4 3]",
                "18": "[3 4 4]",
                "21": "[4 4 4]"
            },
            "symbolic": {
                "0": 4,
                "3": 2,
                "6": 5,
                "9": 5,
                "12": 4,
                "15": 4,
                "18": 4
            },
            "avg_amplitude": {
                "0": -0.586782581453634,
                "3": -0.9915100250626567,
                "6": 0.10069126723057642,
                "9": 0.5551456766917293,
                "12": -0.5488251879699249,
                "15": -0.5939379699248121,
                "18": -0.3156704260651629
            }
        },
        "8": {
            "avg": -0.15202999999999997,
            "std": 0.8924603778266441,
            "words": {
                "3": "[7 7 7]",
                "6": "[1 2 2]",
                "9": "[2 2 2]",
                "12": "[2 2 2]",
                "15": "[2 7 2]",
                "18": "[2 1 7]",
                "21": "[7 7 7]"
            },
            "symbolic": {
                "0": 7,
                "3": 2,
                "6": 2,
                "9": 2,
                "12": 4,
                "15": 4,
                "18": 7
            },
            "avg_amplitude": {
                "0": 0.9748079808732072,
                "3": -0.9933449444391891,
                "6": -0.9866787600229254,
                "9": -0.9858515151009294,
                "12": -0.33741020404756467,
                "15": -0.3357779719144785,
                "18": 0.9951441094040683
            }
        },
        "9": {
            "avg": 0.18998449999999997,
            "std": 0.12972140844086205,
            "words": {
                "3": "[5 5 5]",
                "6": "[5 5 5]",
                "9": "[5 5 5]",
                "12": "[5 5 6]",
                "15": "[6 8 5]",
                "18": "[6 5 5]",
                "21": "[5 4 3]"
            },
            "symbolic": {
                "0": 5,
                "3": 5,
                "6": 5,
                "9": 6,
                "12": 6,
                "15": 5,
                "18": 4
            },
            "avg_amplitude": {
                "0": 0.45844504021447724,
                "3": 0.6336420505321309,
                "6": 0.6512849676388549,
                "9": 0.6860291927316055,
                "12": 0.7357489100116444,
                "15": 0.5592384975762991,
                "18": -0.41415630839223333
            }
        },
        "10": {
            "avg": -0.003022725,
            "std": 0.006797055790529413,
            "words": {
                "3": "[5 5 5]",
                "6": "[5 5 5]",
                "9": "[5 5 5]",
                "12": "[5 5 5]",
                "15": "[7 8 1]",
                "18": "[4 4 5]",
                "21": "[5 5 5]"
            },
            "symbolic": {
                "0": 5,
                "3": 5,
                "6": 5,
                "9": 5,
                "12": 5,
                "15": 4,
                "18": 5
            },
            "avg_amplitude": {
                "0": 0.5226270783218764,
                "3": 0.5609840438267509,
                "6": 0.5733147495519616,
                "9": 0.577750404737234,
                "12": 0.32227679849536567,
                "15": -0.0478114642776728,
                "18": 0.26801500966377007
            }
        },
        "11": {
            "avg": -0.02897077272727273,
            "std": 0.07588161808444457,
            "words": {
                "3": "[3 4 5]",
                "6": "[5 5 5]",
                "9": "[5 5 6]",
                "12": "[6 6 6]",
                "15": "[7 8 5]",
                "18": "[5 4 4]",
                "21": "[1 3 4]"
            },
            "symbolic": {
                "0": 4,
                "3": 5,
                "6": 5,
                "9": 6,
                "12": 6,
                "15": 4,
                "18": 3
            },
            "avg_amplitude": {
                "0": -0.36150100137029617,
                "3": 0.3728878113910261,
                "6": 0.6365356101331645,
                "9": 0.8739215066230982,
                "12": 0.72843680826394,
                "15": -0.23688696813182955,
                "18": -0.7668107234461193
            }
        },
        "12": {
            "avg": 0.909596818181818,
            "std": 0.005188829931748184,
            "words": {
                "3": "[8 6 5]",
                "6": "[4 4 4]",
                "9": "[4 4 3]",
                "12": "[4 3 3]",
                "15": "[3 1 3]",
                "18": "[3 4 4]",
                "21": "[4 5 5]"
            },
            "symbolic": {
                "0": 5,
                "3": 4,
                "6": 4,
                "9": 3,
                "12": 3,
                "15": 4,
                "18": 5
            },
            "avg_amplitude": {
                "0": 0.6430663221360879,
                "3": -0.27924203273039844,
                "6": -0.5548664944013723,
                "9": -0.7791559000861238,
                "12": -0.9286821705426312,
                "15": -0.5786391042204927,
                "18": 0.00706287683032288
            }
        },
        "13": {
            "avg": 0.37552454545454544,
            "std": 0.017010234937845297,
            "words": {
                "3": "[1 4 4]",
                "6": "[4 5 5]",
                "9": "[5 5 5]",
                "12": "[5 5 5]",
                "15": "[6 6 6]",
                "18": "[8 6 6]",
                "21": "[5 5 5]"
            },
            "symbolic": {
                "0": 3,
                "3": 5,
                "6": 5,
                "9": 5,
                "12": 6,
                "15": 6,
                "18": 5
            },
            "avg_amplitude": {
                "0": -0.6999739379723745,
                "3": 0.12275215011727976,
                "6": 0.6372165754495701,
                "9": 0.5979150377899402,
                "12": 0.8490487359916603,
                "15": 0.9088871514203808,
                "18": 0.5095126400833994
            }
        },
        "14": {
            "avg": -0.025009522727272727,
            "std": 0.01642516679297589,
            "words": {
                "3": "[5 5 4]",
                "6": "[4 4 3]",
                "9": "[3 1 2]",
                "12": "[3 3 3]",
                "15": "[3 3 3]",
                "18": "[3 3 4]",
                "21": "[5 5 5]"
            },
            "symbolic": {
                "0": 5,
                "3": 4,
                "6": 2,
                "9": 3,
                "12": 3,
                "15": 4,
                "18": 5
            },
            "avg_amplitude": {
                "0": 0.10436901653611837,
                "3": -0.6007202664986044,
                "6": -0.9672638876384263,
                "9": -0.9024999249722395,
                "12": -0.8376159178896193,
                "15": -0.6809099366765702,
                "18": 0.31425587467362925
            }
        },
        "15": {
            "avg": -0.011199077272727271,
            "std": 0.01763694243274453,
            "words": {
                "3": "[3 8 5]",
                "6": "[6 5 5]",
                "9": "[5 5 5]",
                "12": "[5 5 5]",
                "15": "[5 5 5]",
                "18": "[5 4 4]",
                "21": "[4 1 2]"
            },
            "symbolic": {
                "0": 5,
                "3": 5,
                "6": 5,
                "9": 5,
                "12": 5,
                "15": 4,
                "18": 3
            },
            "avg_amplitude": {
                "0": 0.16005468149841817,
                "3": 0.6161104759830874,
                "6": 0.6120867887322238,
                "9": 0.6074098269427355,
                "12": 0.37376255890056304,
                "15": -0.12776961184604504,
                "18": -0.8751519770628051
            }
        },
        "16": {
            "avg": 0.9205731818181817,
            "std": 0.0017838518686195542,
            "words": {
                "3": "[6 8 7]",
                "6": "[5 5 5]",
                "9": "[4 4 4]",
                "12": "[4 4 4]",
                "15": "[4 1 4]",
                "18": "[4 3 3]",
                "21": "[3 3 3]"
            },
            "symbolic": {
                "0": 6,
                "3": 5,
                "6": 4,
                "9": 4,
                "12": 3,
                "15": 3,
                "18": 3
            },
            "avg_amplitude": {
                "0": 0.9062321326472239,
                "3": 0.3985134362493048,
                "6": -0.14922813036019666,
                "9": -0.2795883361920762,
                "12": -0.7632933104630863,
                "15": -0.69696969696966,
                "18": -0.7804459691251768
            }
        },
        "17": {
            "avg": -0.32124045454545463,
            "std": 0.006487084954902418,
            "words": {
                "3": "[5 5 4]",
                "6": "[1 3 3]",
                "9": "[4 4 4]",
                "12": "[4 4 4]",
                "15": "[4 4 5]",
                "18": "[6 8 6]",
                "21": "[5 5 5]"
            },
            "symbolic": {
                "0": 5,
                "3": 3,
                "6": 4,
                "9": 4,
                "12": 4,
                "15": 6,
                "18": 5
            },
            "avg_amplitude": {
                "0": 0.009319664492076404,
                "3": -0.8766697732214999,
                "6": -0.603292948120539,
                "9": -0.6060888474681618,
                "12": -0.19478098788443712,
                "15": 0.8772910841876355,
                "18": 0.3255669462566005
            }
        },
        "18": {
            "avg": -0.05262522727272729,
            "std": 0.007775680609817218,
            "words": {
                "3": "[5 5 5]",
                "6": "[5 5 5]",
                "9": "[4 4 4]",
                "12": "[4 4 5]",
                "15": "[5 4 1]",
                "18": "[3 2 3]",
                "21": "[5 5 5]"
            },
            "symbolic": {
                "0": 5,
                "3": 5,
                "6": 4,
                "9": 4,
                "12": 4,
                "15": 3,
                "18": 5
            },
            "avg_amplitude": {
                "0": 0.49014210585207557,
                "3": 0.18719928387602067,
                "6": -0.10215956137406301,
                "9": -0.0321584424303459,
                "12": -0.3306926261609043,
                "15": -0.8671813807765476,
                "18": 0.2869419268210809
            }
        },
        "19": {
            "avg": -0.0750685909090909,
            "std": 0.041519501598828855,
            "words": {
                "3": "[6 6 4]",
                "6": "[5 5 5]",
                "9": "[6 6 6]",
                "12": "[6 6 6]",
                "15": "[6 7 7]",
                "18": "[8 7 4]",
                "21": "[4 1 4]"
            },
            "symbolic": {
                "0": 5,
                "3": 5,
                "6": 6,
                "9": 6,
                "12": 7,
                "15": 5,
                "18": 3
            },
            "avg_amplitude": {
                "0": 0.4034059928228149,
                "3": 0.4032639707840377,
                "6": 0.7947629373200952,
                "9": 0.8962529006733367,
                "12": 0.9675327474924235,
                "15": 0.5957799165620522,
                "18": -0.7380200606129774
            }
        }
    },
    "Z": {
        "0": {
            "avg": -0.012515745454545453,
            "std": 0.025925387809924434,
            "words": {
                "3": "[5 5 4]",
                "6": "[4 4 4]",
                "9": "[3 3 3]",
                "12": "[2 1 2]",
                "15": "[3 3 3]",
                "18": "[4 4 5]",
                "21": "[5 5 5]"
            },
            "symbolic": {
                "0": 5,
                "3": 4,
                "6": 3,
                "9": 2,
                "12": 3,
                "15": 4,
                "18": 5
            },
            "avg_amplitude": {
                "0": 0.09861907938625747,
                "3": -0.5285968423393372,
                "6": -0.8354903268845897,
                "9": -0.9840486250092653,
                "12": -0.8535097472388999,
                "15": -0.33079312134015265,
                "18": 0.32406937958639087
            }
        },
        "1": {
            "avg": -0.050877272727272736,
            "std": 0.015228275233549747,
            "words": {
                "3": "[5 5 4]",
                "6": "[4 4 4]",
                "9": "[4 3 3]",
                "12": "[3 3 1]",
                "15": "[3 3 3]",
                "18": "[3 4 5]",
                "21": "[5 5 6]"
            },
            "symbolic": {
                "0": 5,
                "3": 4,
                "6": 3,
                "9": 3,
                "12": 3,
                "15": 4,
                "18": 5
            },
            "avg_amplitude": {
                "0": 0.16612880310134162,
                "3": -0.4172400495240412,
                "6": -0.7007854837727575,
                "9": -0.9270805848166863,
                "12": -0.8611161852956891,
                "15": -0.38684906668831626,
                "18": 0.6119398945922724
            }
        },
        "2": {
            "avg": 0.011526595454545456,
            "std": 0.0022133454750406945,
            "words": {
                "3": "[1 3 3]",
                "6": "[4 4 4]",
                "9": "[5 5 5]",
                "12": "[5 5 5]",
                "15": "[5 6 6]",
                "18": "[6 6 8]",
                "21": "[6 6 5]"
            },
            "symbolic": {
                "0": 3,
                "3": 4,
                "6": 5,
                "9": 5,
                "12": 6,
                "15": 6,
                "18": 5
            },
            "avg_amplitude": {
                "0": -0.8705722374551371,
                "3": -0.1979580463229229,
                "6": 0.19231369401903717,
                "9": 0.4821997815377068,
                "12": 0.7105597538955392,
                "15": 0.8970106333177285,
                "18": 0.6645489199491736
            }
        },
        "3": {
            "avg": 0.05766795454545455,
            "std": 0.012347593409156114,
            "words": {
                "3": "[4 4 5]",
                "6": "[8 6 6]",
                "9": "[5 5 5]",
                "12": "[5 5 5]",
                "15": "[4 4 3]",
                "18": "[3 3 3]",
                "21": "[3 3 3]"
            },
            "symbolic": {
                "0": 4,
                "3": 6,
                "6": 5,
                "9": 5,
                "12": 4,
                "15": 3,
                "18": 3
            },
            "avg_amplitude": {
                "0": -0.0372069901724598,
                "3": 0.8234101946388286,
                "6": 0.6041642767006997,
                "9": 0.3878819165615079,
                "12": -0.5191388474628121,
                "15": -0.8153034300791554,
                "18": -0.8802531451952121
            }
        },
        "4": {
            "avg": 0.8864563636363635,
            "std": 0.005749749100492566,
            "words": {
                "3": "[5 4 5]",
                "6": "[4 4 2]",
                "9": "[3 3 3]",
                "12": "[3 3 2]",
                "15": "[1 3 3]",
                "18": "[4 4 4]",
                "21": "[5 5 6]"
            },
            "symbolic": {
                "0": 5,
                "3": 4,
                "6": 3,
                "9": 3,
                "12": 3,
                "15": 4,
                "18": 5
            },
            "avg_amplitude": {
                "0": 0.13153961136023862,
                "3": -0.5493273542600835,
                "6": -0.936098654708513,
                "9": -0.9536621823617337,
                "12": -0.8553811659192826,
                "15": -0.1988041853512702,
                "18": 0.5672645739910223
            }
        },
        "5": {
            "avg": 0.4216736363636364,
            "std": 0.015011929397729808,
            "words": {
                "3": "[4 4 5]",
                "6": "[5 5 5]",
                "9": "[8 6 5]",
                "12": "[5 5 5]",
                "15": "[5 5 5]",
                "18": "[5 5 4]",
                "21": "[4 4 3]"
            },
            "symbolic": {
                "0": 4,
                "3": 5,
                "6": 6,
                "9": 5,
                "12": 5,
                "15": 5,
                "18": 4
            },
            "avg_amplitude": {
                "0": -0.12658650634602706,
                "3": 0.3096192384769531,
                "6": 0.7916945001113334,
                "9": 0.5291694500111326,
                "12": 0.5319527944778428,
                "15": 0.17156535292807806,
                "18": -0.4403250946337119
            }
        },
        "6": {
            "avg": 0.015223568181818182,
            "std": 0.014077483770982393,
            "words": {
                "3": "[8 6 5]",
                "6": "[5 5 5]",
                "9": "[4 4 4]",
                "12": "[3 3 4]",
                "15": "[3 1 3]",
                "18": "[3 3 4]",
                "21": "[4 4 4]"
            },
            "symbolic": {
                "0": 6,
                "3": 5,
                "6": 4,
                "9": 3,
                "12": 3,
                "15": 4,
                "18": 4
            },
            "avg_amplitude": {
                "0": 0.7905008902440853,
                "3": 0.0315604730322215,
                "6": -0.3627599587703874,
                "9": -0.7150801676045034,
                "12": -0.8986366976149543,
                "15": -0.673790575213075,
                "18": -0.3839589164252805
            }
        },
        "7": {
            "avg": 0.002906430045454546,
            "std": 0.02460029860195551,
            "words": {
                "3": "[4 4 2]",
                "6": "[2 2 1]",
                "9": "[4 4 6]",
                "12": "[8 5 5]",
                "15": "[4 4 3]",
                "18": "[3 4 4]",
                "21": "[4 4 4]"
            },
            "symbolic": {
                "0": 4,
                "3": 2,
                "6": 5,
                "9": 5,
                "12": 4,
                "15": 4,
                "18": 4
            },
            "avg_amplitude": {
                "0": -0.586782581453634,
                "3": -0.9915100250626567,
                "6": 0.10069126723057642,
                "9": 0.5551456766917293,
                "12": -0.5488251879699249,
                "15": -0.5939379699248121,
                "18": -0.3156704260651629
            }
        },
        "8": {
            "avg": -0.15202999999999997,
            "std": 0.8924603778266441,
            "words": {
                "3": "[7 7 7]",
                "6": "[1 2 2]",
                "9": "[2 2 2]",
                "12": "[2 2 2]",
                "15": "[2 7 2]",
                "18": "[2 1 7]",
                "21": "[7 7 7]"
            },
            "symbolic": {
                "0": 7,
                "3": 2,
                "6": 2,
                "9": 2,
                "12": 4,
                "15": 4,
                "18": 7
            },
            "avg_amplitude": {
                "0": 0.9748079808732072,
                "3": -0.9933449444391891,
                "6": -0.9866787600229254,
                "9": -0.9858515151009294,
                "12": -0.33741020404756467,
                "15": -0.3357779719144785,
                "18": 0.9951441094040683
            }
        },
        "9": {
            "avg": 0.18998449999999997,
            "std": 0.12972140844086205,
            "words": {
                "3": "[5 5 5]",
                "6": "[5 5 5]",
                "9": "[5 5 5]",
                "12": "[5 5 6]",
                "15": "[6 8 5]",
                "18": "[6 5 5]",
                "21": "[5 4 3]"
            },
            "symbolic": {
                "0": 5,
                "3": 5,
                "6": 5,
                "9": 6,
                "12": 6,
                "15": 5,
                "18": 4
            },
            "avg_amplitude": {
                "0": 0.45844504021447724,
                "3": 0.6336420505321309,
                "6": 0.6512849676388549,
                "9": 0.6860291927316055,
                "12": 0.7357489100116444,
                "15": 0.5592384975762991,
                "18": -0.41415630839223333
            }
        },
        "10": {
            "avg": -0.003022725,
            "std": 0.006797055790529413,
            "words": {
                "3": "[5 5 5]",
                "6": "[5 5 5]",
                "9": "[5 5 5]",
                "12": "[5 5 5]",
                "15": "[7 8 1]",
                "18": "[4 4 5]",
                "21": "[5 5 5]"
            },
            "symbolic": {
                "0": 5,
                "3": 5,
                "6": 5,
                "9": 5,
                "12": 5,
                "15": 4,
                "18": 5
            },
            "avg_amplitude": {
                "0": 0.5226270783218764,
                "3": 0.5609840438267509,
                "6": 0.5733147495519616,
                "9": 0.577750404737234,
                "12": 0.32227679849536567,
                "15": -0.0478114642776728,
                "18": 0.26801500966377007
            }
        },
        "11": {
            "avg": -0.02897077272727273,
            "std": 0.07588161808444457,
            "words": {
                "3": "[3 4 5]",
                "6": "[5 5 5]",
                "9": "[5 5 6]",
                "12": "[6 6 6]",
                "15": "[7 8 5]",
                "18": "[5 4 4]",
                "21": "[1 3 4]"
            },
            "symbolic": {
                "0": 4,
                "3": 5,
                "6": 5,
                "9": 6,
                "12": 6,
                "15": 4,
                "18": 3
            },
            "avg_amplitude": {
                "0": -0.36150100137029617,
                "3": 0.3728878113910261,
                "6": 0.6365356101331645,
                "9": 0.8739215066230982,
                "12": 0.72843680826394,
                "15": -0.23688696813182955,
                "18": -0.7668107234461193
            }
        },
        "12": {
            "avg": 0.909596818181818,
            "std": 0.005188829931748184,
            "words": {
                "3": "[8 6 5]",
                "6": "[4 4 4]",
                "9": "[4 4 3]",
                "12": "[4 3 3]",
                "15": "[3 1 3]",
                "18": "[3 4 4]",
                "21": "[4 5 5]"
            },
            "symbolic": {
                "0": 5,
                "3": 4,
                "6": 4,
                "9": 3,
                "12": 3,
                "15": 4,
                "18": 5
            },
            "avg_amplitude": {
                "0": 0.6430663221360879,
                "3": -0.27924203273039844,
                "6": -0.5548664944013723,
                "9": -0.7791559000861238,
                "12": -0.9286821705426312,
                "15": -0.5786391042204927,
                "18": 0.00706287683032288
            }
        },
        "13": {
            "avg": 0.37552454545454544,
            "std": 0.017010234937845297,
            "words": {
                "3": "[1 4 4]",
                "6": "[4 5 5]",
                "9": "[5 5 5]",
                "12": "[5 5 5]",
                "15": "[6 6 6]",
                "18": "[8 6 6]",
                "21": "[5 5 5]"
            },
            "symbolic": {
                "0": 3,
                "3": 5,
                "6": 5,
                "9": 5,
                "12": 6,
                "15": 6,
                "18": 5
            },
            "avg_amplitude": {
                "0": -0.6999739379723745,
                "3": 0.12275215011727976,
                "6": 0.6372165754495701,
                "9": 0.5979150377899402,
                "12": 0.8490487359916603,
                "15": 0.9088871514203808,
                "18": 0.5095126400833994
            }
        },
        "14": {
            "avg": -0.025009522727272727,
            "std": 0.01642516679297589,
            "words": {
                "3": "[5 5 4]",
                "6": "[4 4 3]",
                "9": "[3 1 2]",
                "12": "[3 3 3]",
                "15": "[3 3 3]",
                "18": "[3 3 4]",
                "21": "[5 5 5]"
            },
            "symbolic": {
                "0": 5,
                "3": 4,
                "6": 2,
                "9": 3,
                "12": 3,
                "15": 4,
                "18": 5
            },
            "avg_amplitude": {
                "0": 0.10436901653611837,
                "3": -0.6007202664986044,
                "6": -0.9672638876384263,
                "9": -0.9024999249722395,
                "12": -0.8376159178896193,
                "15": -0.6809099366765702,
                "18": 0.31425587467362925
            }
        },
        "15": {
            "avg": -0.011199077272727271,
            "std": 0.01763694243274453,
            "words": {
                "3": "[3 8 5]",
                "6": "[6 5 5]",
                "9": "[5 5 5]",
                "12": "[5 5 5]",
                "15": "[5 5 5]",
                "18": "[5 4 4]",
                "21": "[4 1 2]"
            },
            "symbolic": {
                "0": 5,
                "3": 5,
                "6": 5,
                "9": 5,
                "12": 5,
                "15": 4,
                "18": 3
            },
            "avg_amplitude": {
                "0": 0.16005468149841817,
                "3": 0.6161104759830874,
                "6": 0.6120867887322238,
                "9": 0.6074098269427355,
                "12": 0.37376255890056304,
                "15": -0.12776961184604504,
                "18": -0.8751519770628051
            }
        },
        "16": {
            "avg": 0.9205731818181817,
            "std": 0.0017838518686195542,
            "words": {
                "3": "[6 8 7]",
                "6": "[5 5 5]",
                "9": "[4 4 4]",
                "12": "[4 4 4]",
                "15": "[4 1 4]",
                "18": "[4 3 3]",
                "21": "[3 3 3]"
            },
            "symbolic": {
                "0": 6,
                "3": 5,
                "6": 4,
                "9": 4,
                "12": 3,
                "15": 3,
                "18": 3
            },
            "avg_amplitude": {
                "0": 0.9062321326472239,
                "3": 0.3985134362493048,
                "6": -0.14922813036019666,
                "9": -0.2795883361920762,
                "12": -0.7632933104630863,
                "15": -0.69696969696966,
                "18": -0.7804459691251768
            }
        },
        "17": {
            "avg": -0.32124045454545463,
            "std": 0.006487084954902418,
            "words": {
                "3": "[5 5 4]",
                "6": "[1 3 3]",
                "9": "[4 4 4]",
                "12": "[4 4 4]",
                "15": "[4 4 5]",
                "18": "[6 8 6]",
                "21": "[5 5 5]"
            },
            "symbolic": {
                "0": 5,
                "3": 3,
                "6": 4,
                "9": 4,
                "12": 4,
                "15": 6,
                "18": 5
            },
            "avg_amplitude": {
                "0": 0.009319664492076404,
                "3": -0.8766697732214999,
                "6": -0.603292948120539,
                "9": -0.6060888474681618,
                "12": -0.19478098788443712,
                "15": 0.8772910841876355,
                "18": 0.3255669462566005
            }
        },
        "18": {
            "avg": -0.05262522727272729,
            "std": 0.007775680609817218,
            "words": {
                "3": "[5 5 5]",
                "6": "[5 5 5]",
                "9": "[4 4 4]",
                "12": "[4 4 5]",
                "15": "[5 4 1]",
                "18": "[3 2 3]",
                "21": "[5 5 5]"
            },
            "symbolic": {
                "0": 5,
                "3": 5,
                "6": 4,
                "9": 4,
                "12": 4,
                "15": 3,
                "18": 5
            },
            "avg_amplitude": {
                "0": 0.49014210585207557,
                "3": 0.18719928387602067,
                "6": -0.10215956137406301,
                "9": -0.0321584424303459,
                "12": -0.3306926261609043,
                "15": -0.8671813807765476,
                "18": 0.2869419268210809
            }
        },
        "19": {
            "avg": -0.0750685909090909,
            "std": 0.041519501598828855,
            "words": {
                "3": "[6 6 4]",
                "6": "[5 5 5]",
                "9": "[6 6 6]",
                "12": "[6 6 6]",
                "15": "[6 7 7]",
                "18": "[8 7 4]",
                "21": "[4 1 4]"
            },
            "symbolic": {
                "0": 5,
                "3": 5,
                "6": 6,
                "9": 6,
                "12": 7,
                "15": 5,
                "18": 3
            },
            "avg_amplitude": {
                "0": 0.4034059928228149,
                "3": 0.4032639707840377,
                "6": 0.7947629373200952,
                "9": 0.8962529006733367,
                "12": 0.9675327474924235,
                "15": 0.5957799165620522,
                "18": -0.7380200606129774
            }
        }
    }
}