{
    "W": {
        "0": {
            "avg": 0.07897734782608697,
            "std": 0.011372254076593993,
            "words": {
                "3": "[4 4 4]",
                "6": "[4 4 5]",
                "9": "[5 6 6]",
                "12": "[6 8 7]",
                "15": "[7 6 6]",
                "18": "[5 5 5]",
                "21": "[4 4 4]"
            },
            "symbolic": {
                "0": 4,
                "3": 4,
                "6": 6,
                "9": 7,
                "12": 6,
                "15": 5,
                "18": 4
            },
            "avg_amplitude": {
                "0": -0.16112421825263082,
                "3": -0.08478448114444104,
                "6": 0.710144927536232,
                "9": 0.9811069917237765,
                "12": 0.9019960304085682,
                "15": 0.3545107291315581,
                "18": -0.374433584241471
            }
        },
        "1": {
            "avg": -0.028132826086956518,
            "std": 0.004741892235002758,
            "words": {
                "3": "[8 7 5]",
                "6": "[5 4 4]",
                "9": "[4 3 2]",
                "12": "[2 2 3]",
                "15": "[3 3 3]",
                "18": "[3 3 3]",
                "21": "[2 1 3]"
            },
            "symbolic": {
                "0": 6,
                "3": 4,
                "6": 3,
                "9": 2,
                "12": 3,
                "15": 3,
                "18": 3
            },
            "avg_amplitude": {
                "0": 0.8813002101099988,
                "3": -0.19480904708935876,
                "6": -0.8284513657149923,
                "9": -0.9552094920281796,
                "12": -0.8735384995674211,
                "15": -0.8998887652947722,
                "18": -0.9417624521072799
            }
        },
        "2": {
            "avg": 0.000765588,
            "std": 0.001611743402608605,
            "words": {
                "3": "[1 3 3]",
                "6": "[4 4 4]",
                "9": "[4 4 4]",
                "12": "[4 4 4]",
                "15": "[4 5 5]",
                "18": "[5 5 5]",
                "21": "[5 5 6]"
            },
            "symbolic": {
                "0": 3,
                "3": 4,
                "6": 4,
                "9": 4,
                "12": 5,
                "15": 5,
                "18": 5
            },
            "avg_amplitude": {
                "0": -0.8498445964464193,
                "3": -0.4565657272478118,
                "6": -0.3022129699281004,
                "9": -0.2953957396684335,
                "12": 0.0461708914274385,
                "15": 0.34082069403868465,
                "18": 0.6455516097242388
            }
        },
        "3": {
            "avg": 0.10845628695652172,
            "std": 0.04911828020274866,
            "words": {
                "3": "[5 5 5]",
                "6": "[6 6 6]",
                "9": "[6 8 7]",
                "12": "[7 7 7]",
                "15": "[6 6 6]",
                "18": "[5 5 5]",
                "21": "[5 5 4]"
            },
            "symbolic": {
                "0": 5,
                "3": 6,
                "6": 7,
                "9": 7,
                "12": 6,
                "15": 5,
                "18": 4
            },
            "avg_amplitude": {
                "0": 0.4818510410833376,
                "3": 0.8250625517336304,
                "6": 0.958933631997828,
                "9": 0.9852553260892108,
                "12": 0.8620562220826948,
                "15": 0.4807197361796965,
                "18": -0.06101315896153751
            }
        },
        "4": {
            "avg": 0.9089034782608697,
            "std": 0.0012694616206582192,
            "words": {
                "3": "[1 3 3]",
                "6": "[5 4 4]",
                "9": "[5 5 5]",
                "12": "[5 5 6]",
                "15": "[6 7 8]",
                "18": "[7 6 6]",
                "21": "[5 5 4]"
            },
            "symbolic": {
                "0": 3,
                "3": 4,
                "6": 5,
                "9": 5,
                "12": 7,
                "15": 6,
                "18": 5
            },
            "avg_amplitude": {
                "0": -0.8944844124700456,
                "3": -0.056754596322965756,
                "6": 0.16386890487605865,
                "9": 0.5091926458832513,
                "12": 0.9744204636290542,
                "15": 0.8209432454036628,
                "18": 0.28377298161465114
            }
        },
        "5": {
            "avg": 0.3613247826086956,
            "std": 0.006860716149714729,
            "words": {
                "3": "[6 6 6]",
                "6": "[6 7 7]",
                "9": "[8 6 6]",
                "12": "[7 7 6]",
                "15": "[6 6 6]",
                "18": "[6 6 6]",
                "21": "[6 5 5]"
            },
            "symbolic": {
                "0": 6,
                "3": 6,
                "6": 6,
                "9": 7,
                "12": 6,
                "15": 6,
                "18": 5
            },
            "avg_amplitude": {
                "0": 0.7433489827856024,
                "3": 0.9073070904056815,
                "6": 0.9318646924280728,
                "9": 0.9557000120380401,
                "12": 0.9224750210665703,
                "15": 0.8370049355964836,
                "18": 0.45154688816660576
            }
        },
        "6": {
            "avg": 0.03414204347826087,
            "std": 0.014762082531941147,
            "words": {
                "3": "[8 6 7]",
                "6": "[7 6 4]",
                "9": "[3 3 3]",
                "12": "[2 1 2]",
                "15": "[3 3 3]",
                "18": "[3 4 4]",
                "21": "[4 4 4]"
            },
            "symbolic": {
                "0": 6,
                "3": 5,
                "6": 3,
                "9": 2,
                "12": 3,
                "15": 4,
                "18": 4
            },
            "avg_amplitude": {
                "0": 0.9282814836726984,
                "3": 0.5818337195352434,
                "6": -0.8211145622771121,
                "9": -0.9791943992506039,
                "12": -0.8517149008200627,
                "15": -0.6219329816430837,
                "18": -0.29080182090091855
            }
        },
        "7": {
            "avg": -0.005947791304347823,
            "std": 0.020144890278022295,
            "words": {
                "3": "[1 3 3]",
                "6": "[3 3 4]",
                "9": "[5 5 5]",
                "12": "[5 5 5]",
                "15": "[5 5 5]",
                "18": "[5 5 5]",
                "21": "[5 5 6]"
            },
            "symbolic": {
                "0": 3,
                "3": 4,
                "6": 5,
                "9": 5,
                "12": 5,
                "15": 5,
                "18": 5
            },
            "avg_amplitude": {
                "0": -0.910722078449282,
                "3": -0.5604911960217182,
                "6": 0.41348150403409956,
                "9": 0.5431156441873447,
                "12": 0.5010625666007004,
                "15": 0.47462424519206375,
                "18": 0.5887471456842747
            }
        },
        "8": {
            "avg": 0.9103634782608695,
            "std": 0.003329068404627274,
            "words": {
                "3": "[1 3 4]",
                "6": "[4 4 5]",
                "9": "[5 5 5]",
                "12": "[5 5 5]",
                "15": "[5 5 5]",
                "18": "[5 5 6]",
                "21": "[7 6 6]"
            },
            "symbolic": {
                "0": 3,
                "3": 4,
                "6": 5,
                "9": 5,
                "12": 5,
                "15": 5,
                "18": 6
            },
            "avg_amplitude": {
                "0": -0.7750342935528063,
                "3": -0.07325102880658607,
                "6": 0.17805212620027433,
                "9": 0.23127572016460443,
                "12": 0.38436213991768864,
                "15": 0.6685871056241339,
                "18": 0.9237311385459471
            }
        },
        "9": {
            "avg": 0.21898882608695647,
            "std": 0.16562923876117025,
            "words": {
                "3": "[5 5 5]",
                "6": "[5 6 6]",
                "9": "[6 6 7]",
                "12": "[8 8 8]",
                "15": "[7 6 6]",
                "18": "[5 5 5]",
                "21": "[5 4 4]"
            },
            "symbolic": {
                "0": 5,
                "3": 6,
                "6": 6,
                "9": 8,
                "12": 6,
                "15": 5,
                "18": 4
            },
            "avg_amplitude": {
                "0": 0.36509374150892143,
                "3": 0.7441898378770041,
                "6": 0.9387495094043414,
                "9": 0.9992875041511943,
                "12": 0.8656401895963531,
                "15": 0.42792621441294587,
                "18": -0.2685046644325695
            }
        },
        "10": {
            "avg": -5.106682608695653e-10,
            "std": 2.045660532996732e-09,
            "words": {
                "3": "[3 4 4]",
                "6": "[5 8 5]",
                "9": "[4 5 1]",
                "12": "[5 4 4]",
                "15": "[4 4 4]",
                "18": "[4 4 4]",
                "21": "[5 4 3]"
            },
            "symbolic": {
                "0": 4,
                "3": 6,
                "6": 4,
                "9": 5,
                "12": 4,
                "15": 4,
                "18": 4
            },
            "avg_amplitude": {
                "0": -0.4412663579949196,
                "3": 0.7182727243496996,
                "6": -0.45004179929905774,
                "9": 0.0779331854281216,
                "12": -0.07090929552104404,
                "15": -0.06427928362432049,
                "18": -0.044416578245072356
            }
        },
        "11": {
            "avg": -0.0655872956521739,
            "std": 0.10258999679683234,
            "words": {
                "3": "[4 4 4]",
                "6": "[5 5 5]",
                "9": "[6 6 8]",
                "12": "[7 6 6]",
                "15": "[6 5 4]",
                "18": "[4 4 3]",
                "21": "[2 1 3]"
            },
            "symbolic": {
                "0": 4,
                "3": 5,
                "6": 6,
                "9": 6,
                "12": 5,
                "15": 4,
                "18": 3
            },
            "avg_amplitude": {
                "0": -0.2073722398377468,
                "3": 0.39515411203473594,
                "6": 0.9101825349215872,
                "9": 0.9438786528408604,
                "12": 0.4368148084668781,
                "15": -0.6057474219441826,
                "18": -0.9188733681835061
            }
        },
        "12": {
            "avg": 0.9196730434782607,
            "std": 0.0013180165359102413,
            "words": {
                "3": "[6 6 5]",
                "6": "[4 4 4]",
                "9": "[4 3 3]",
                "12": "[2 1 2]",
                "15": "[2 3 3]",
                "18": "[3 4 4]",
                "21": "[4 5 5]"
            },
            "symbolic": {
                "0": 5,
                "3": 4,
                "6": 3,
                "9": 2,
                "12": 3,
                "15": 4,
                "18": 5
            },
            "avg_amplitude": {
                "0": 0.660377358490525,
                "3": -0.32255166217429326,
                "6": -0.8077268643306205,
                "9": -0.9856244384545931,
                "12": -0.9209344115003922,
                "15": -0.615453728661261,
                "18": 0.24528301886794868
            }
        },
        "13": {
            "avg": 0.3141613043478261,
            "std": 0.006270677290045258,
            "words": {
                "3": "[8 6 5]",
                "6": "[5 5 5]",
                "9": "[5 5 4]",
                "12": "[4 4 4]",
                "15": "[4 4 4]",
                "18": "[4 4 4]",
                "21": "[4 3 3]"
            },
            "symbolic": {
                "0": 6,
                "3": 5,
                "6": 5,
                "9": 4,
                "12": 4,
                "15": 4,
                "18": 3
            },
            "avg_amplitude": {
                "0": 0.7174354511169141,
                "3": 0.2819843342036587,
                "6": 0.07281694226864303,
                "9": -0.16507107629822793,
                "12": -0.29852045256744736,
                "15": -0.5395996518711893,
                "18": -0.8387003191180717
            }
        },
        "14": {
            "avg": -0.013413082608695656,
            "std": 0.005940857900524911,
            "words": {
                "3": "[7 6 5]",
                "6": "[5 5 4]",
                "9": "[4 3 3]",
                "12": "[1 3 3]",
                "15": "[3 3 3]",
                "18": "[3 3 3]",
                "21": "[4 4 5]"
            },
            "symbolic": {
                "0": 6,
                "3": 5,
                "6": 4,
                "9": 3,
                "12": 3,
                "15": 3,
                "18": 4
            },
            "avg_amplitude": {
                "0": 0.8622116130898968,
                "3": 0.03596613158321749,
                "6": -0.6232324357929185,
                "9": -0.9338037062886478,
                "12": -0.795037819471407,
                "15": -0.8517719140816681,
                "18": -0.10245176526708229
            }
        },
        "15": {
            "avg": -0.0003391130434782622,
            "std": 0.04766523455017298,
            "words": {
                "3": "[8 5 5]",
                "6": "[4 4 4]",
                "9": "[3 3 3]",
                "12": "[3 3 3]",
                "15": "[3 3 3]",
                "18": "[3 3 3]",
                "21": "[2 1 2]"
            },
            "symbolic": {
                "0": 5,
                "3": 4,
                "6": 3,
                "9": 3,
                "12": 3,
                "15": 3,
                "18": 2
            },
            "avg_amplitude": {
                "0": 0.4798127632245235,
                "3": -0.492390021331442,
                "6": -0.7953571913777924,
                "9": -0.8508422302560655,
                "12": -0.8716161257937537,
                "15": -0.9186229310353954,
                "18": -0.9876245877950277
            }
        },
        "16": {
            "avg": 0.9266747826086956,
            "std": 0.0011097824093251106,
            "words": {
                "3": "[5 5 5]",
                "6": "[6 8 6]",
                "9": "[6 6 6]",
                "12": "[7 7 7]",
                "15": "[6 6 6]",
                "18": "[6 6 6]",
                "21": "[6 5 5]"
            },
            "symbolic": {
                "0": 5,
                "3": 6,
                "6": 6,
                "9": 7,
                "12": 6,
                "15": 6,
                "18": 5
            },
            "avg_amplitude": {
                "0": 0.20338983050850298,
                "3": 0.8700564971751383,
                "6": 0.8305084745762762,
                "9": 0.9646892655367275,
                "12": 0.9209039548022758,
                "15": 0.8333333333333255,
                "18": 0.5268361581921013
            }
        },
        "17": {
            "avg": -0.32735086956521736,
            "std": 0.009934634509927869,
            "words": {
                "3": "[8 6 5]",
                "6": "[5 5 4]",
                "9": "[4 4 3]",
                "12": "[3 1 3]",
                "15": "[3 3 3]",
                "18": "[3 3 3]",
                "21": "[4 4 4]"
            },
            "symbolic": {
                "0": 6,
                "3": 5,
                "6": 4,
                "9": 3,
                "12": 3,
                "15": 3,
                "18": 4
            },
            "avg_amplitude": {
                "0": 0.775828460038987,
                "3": 0.12651072124756182,
                "6": -0.6395711500974663,
                "9": -0.9458089668615993,
                "12": -0.7974658869395738,
                "15": -0.7578947368421073,
                "18": -0.6306042884990255
            }
        },
        "18": {
            "avg": -0.02246360434782609,
            "std": 0.00757018078158569,
            "words": {
                "3": "[6 5 5]",
                "6": "[5 5 4]",
                "9": "[4 4 4]",
                "12": "[3 3 3]",
                "15": "[2 1 2]",
                "18": "[3 3 3]",
                "21": "[4 4 4]"
            },
            "symbolic": {
                "0": 5,
                "3": 5,
                "6": 4,
                "9": 3,
                "12": 2,
                "15": 3,
                "18": 4
            },
            "avg_amplitude": {
                "0": 0.5073609738334287,
                "3": 0.039486619260847955,
                "6": -0.490460812835052,
                "9": -0.8955311279090088,
                "12": -0.9909830238082854,
                "15": -0.8624777743541725,
                "18": -0.44001376556128663
            }
        },
        "19": {
            "avg": -0.01576708304347826,
            "std": 0.005379779699737151,
            "words": {
                "3": "[8 5 5]",
                "6": "[5 4 4]",
                "9": "[4 4 4]",
                "12": "[4 4 4]",
                "15": "[4 4 4]",
                "18": "[4 4 3]",
                "21": "[3 2 1]"
            },
            "symbolic": {
                "0": 5,
                "3": 4,
                "6": 4,
                "9": 4,
                "12": 4,
                "15": 4,
                "18": 3
            },
            "avg_amplitude": {
                "0": 0.5942841738599818,
                "3": -0.052661069253735183,
                "6": -0.391060982046459,
                "9": -0.5317295842671299,
                "12": -0.4581900226590749,
                "15": -0.6141592080103694,
                "18": -0.9397955315947213
            }
        }
    },
    "X": {
        "0": {
            "avg": 0.07897734782608697,
            "std": 0.011372254076593993,
            "words": {
                "3": "[4 4 4]",
                "6": "[4 4 5]",
                "9": "[5 6 6]",
                "12": "[6 8 7]",
                "15": "[7 6 6]",
                "18": "[5 5 5]",
                "21": "[4 4 4]"
            },
            "symbolic": {
                "0": 4,
                "3": 4,
                "6": 6,
                "9": 7,
                "12": 6,
                "15": 5,
                "18": 4
            },
            "avg_amplitude": {
                "0": -0.16112421825263082,
                "3": -0.08478448114444104,
                "6": 0.710144927536232,
                "9": 0.9811069917237765,
                "12": 0.9019960304085682,
                "15": 0.3545107291315581,
                "18": -0.374433584241471
            }
        },
        "1": {
            "avg": -0.028132826086956518,
            "std": 0.004741892235002758,
            "words": {
                "3": "[8 7 5]",
                "6": "[5 4 4]",
                "9": "[4 3 2]",
                "12": "[2 2 3]",
                "15": "[3 3 3]",
                "18": "[3 3 3]",
                "21": "[2 1 3]"
            },
            "symbolic": {
                "0": 6,
                "3": 4,
                "6": 3,
                "9": 2,
                "12": 3,
                "15": 3,
                "18": 3
            },
            "avg_amplitude": {
                "0": 0.8813002101099988,
                "3": -0.19480904708935876,
                "6": -0.8284513657149923,
                "9": -0.9552094920281796,
                "12": -0.8735384995674211,
                "15": -0.8998887652947722,
                "18": -0.9417624521072799
            }
        },
        "2": {
            "avg": 0.000765588,
            "std": 0.001611743402608605,
            "words": {
                "3": "[1 3 3]",
                "6": "[4 4 4]",
                "9": "[4 4 4]",
                "12": "[4 4 4]",
                "15": "[4 5 5]",
                "18": "[5 5 5]",
                "21": "[5 5 6]"
            },
            "symbolic": {
                "0": 3,
                "3": 4,
                "6": 4,
                "9": 4,
                "12": 5,
                "15": 5,
                "18": 5
            },
            "avg_amplitude": {
                "0": -0.8498445964464193,
                "3": -0.4565657272478118,
                "6": -0.3022129699281004,
                "9": -0.2953957396684335,
                "12": 0.0461708914274385,
                "15": 0.34082069403868465,
                "18": 0.6455516097242388
            }
        },
        "3": {
            "avg": 0.10845628695652172,
            "std": 0.04911828020274866,
            "words": {
                "3": "[5 5 5]",
                "6": "[6 6 6]",
                "9": "[6 8 7]",
                "12": "[7 7 7]",
                "15": "[6 6 6]",
                "18": "[5 5 5]",
                "21": "[5 5 4]"
            },
            "symbolic": {
                "0": 5,
                "3": 6,
                "6": 7,
                "9": 7,
                "12": 6,
                "15": 5,
                "18": 4
            },
            "avg_amplitude": {
                "0": 0.4818510410833376,
                "3": 0.8250625517336304,
                "6": 0.958933631997828,
                "9": 0.9852553260892108,
                "12": 0.8620562220826948,
                "15": 0.4807197361796965,
                "18": -0.06101315896153751
            }
        },
        "4": {
            "avg": 0.9089034782608697,
            "std": 0.0012694616206582192,
            "words": {
                "3": "[1 3 3]",
                "6": "[5 4 4]",
                "9": "[5 5 5]",
                "12": "[5 5 6]",
                "15": "[6 7 8]",
                "18": "[7 6 6]",
                "21": "[5 5 4]"
            },
            "symbolic": {
                "0": 3,
                "3": 4,
                "6": 5,
                "9": 5,
                "12": 7,
                "15": 6,
                "18": 5
            },
            "avg_amplitude": {
                "0": -0.8944844124700456,
                "3": -0.056754596322965756,
                "6": 0.16386890487605865,
                "9": 0.5091926458832513,
                "12": 0.9744204636290542,
                "15": 0.8209432454036628,
                "18": 0.28377298161465114
            }
        },
        "5": {
            "avg": 0.3613247826086956,
            "std": 0.006860716149714729,
            "words": {
                "3": "[6 6 6]",
                "6": "[6 7 7]",
                "9": "[8 6 6]",
                "12": "[7 7 6]",
                "15": "[6 6 6]",
                "18": "[6 6 6]",
                "21": "[6 5 5]"
            },
            "symbolic": {
                "0": 6,
                "3": 6,
                "6": 6,
                "9": 7,
                "12": 6,
                "15": 6,
                "18": 5
            },
            "avg_amplitude": {
                "0": 0.7433489827856024,
                "3": 0.9073070904056815,
                "6": 0.9318646924280728,
                "9": 0.9557000120380401,
                "12": 0.9224750210665703,
                "15": 0.8370049355964836,
                "18": 0.45154688816660576
            }
        },
        "6": {
            "avg": 0.03414204347826087,
            "std": 0.014762082531941147,
            "words": {
                "3": "[8 6 7]",
                "6": "[7 6 4]",
                "9": "[3 3 3]",
                "12": "[2 1 2]",
                "15": "[3 3 3]",
                "18": "[3 4 4]",
                "21": "[4 4 4]"
            },
            "symbolic": {
                "0": 6,
                "3": 5,
                "6": 3,
                "9": 2,
                "12": 3,
                "15": 4,
                "18": 4
            },
            "avg_amplitude": {
                "0": 0.9282814836726984,
                "3": 0.5818337195352434,
                "6": -0.8211145622771121,
                "9": -0.9791943992506039,
                "12": -0.8517149008200627,
                "15": -0.6219329816430837,
                "18": -0.29080182090091855
            }
        },
        "7": {
            "avg": -0.005947791304347823,
            "std": 0.020144890278022295,
            "words": {
                "3": "[1 3 3]",
                "6": "[3 3 4]",
                "9": "[5 5 5]",
                "12": "[5 5 5]",
                "15": "[5 5 5]",
                "18": "[5 5 5]",
                "21": "[5 5 6]"
            },
            "symbolic": {
                "0": 3,
                "3": 4,
                "6": 5,
                "9": 5,
                "12": 5,
                "15": 5,
                "18": 5
            },
            "avg_amplitude": {
                "0": -0.910722078449282,
                "3": -0.5604911960217182,
                "6": 0.41348150403409956,
                "9": 0.5431156441873447,
                "12": 0.5010625666007004,
                "15": 0.47462424519206375,
                "18": 0.5887471456842747
            }
        },
        "8": {
            "avg": 0.9103634782608695,
            "std": 0.003329068404627274,
            "words": {
                "3": "[1 3 4]",
                "6": "[4 4 5]",
                "9": "[5 5 5]",
                "12": "[5 5 5]",
                "15": "[5 5 5]",
                "18": "[5 5 6]",
                "21": "[7 6 6]"
            },
            "symbolic": {
                "0": 3,
                "3": 4,
                "6": 5,
                "9": 5,
                "12": 5,
                "15": 5,
                "18": 6
            },
            "avg_amplitude": {
                "0": -0.7750342935528063,
                "3": -0.07325102880658607,
                "6": 0.17805212620027433,
                "9": 0.23127572016460443,
                "12": 0.38436213991768864,
                "15": 0.6685871056241339,
                "18": 0.9237311385459471
            }
        },
        "9": {
            "avg": 0.21898882608695647,
            "std": 0.16562923876117025,
            "words": {
                "3": "[5 5 5]",
                "6": "[5 6 6]",
                "9": "[6 6 7]",
                "12": "[8 8 8]",
                "15": "[7 6 6]",
                "18": "[5 5 5]",
                "21": "[5 4 4]"
            },
            "symbolic": {
                "0": 5,
                "3": 6,
                "6": 6,
                "9": 8,
                "12": 6,
                "15": 5,
                "18": 4
            },
            "avg_amplitude": {
                "0": 0.36509374150892143,
                "3": 0.7441898378770041,
                "6": 0.9387495094043414,
                "9": 0.9992875041511943,
                "12": 0.8656401895963531,
                "15": 0.42792621441294587,
                "18": -0.2685046644325695
            }
        },
        "10": {
            "avg": -5.106682608695653e-10,
            "std": 2.045660532996732e-09,
            "words": {
                "3": "[3 4 4]",
                "6": "[5 8 5]",
                "9": "[4 5 1]",
                "12": "[5 4 4]",
                "15": "[4 4 4]",
                "18": "[4 4 4]",
                "21": "[5 4 3]"
            },
            "symbolic": {
                "0": 4,
                "3": 6,
                "6": 4,
                "9": 5,
                "12": 4,
                "15": 4,
                "18": 4
            },
            "avg_amplitude": {
                "0": -0.4412663579949196,
                "3": 0.7182727243496996,
                "6": -0.45004179929905774,
                "9": 0.0779331854281216,
                "12": -0.07090929552104404,
                "15": -0.06427928362432049,
                "18": -0.044416578245072356
            }
        },
        "11": {
            "avg": -0.0655872956521739,
            "std": 0.10258999679683234,
            "words": {
                "3": "[4 4 4]",
                "6": "[5 5 5]",
                "9": "[6 6 8]",
                "12": "[7 6 6]",
                "15": "[6 5 4]",
                "18": "[4 4 3]",
                "21": "[2 1 3]"
            },
            "symbolic": {
                "0": 4,
                "3": 5,
                "6": 6,
                "9": 6,
                "12": 5,
                "15": 4,
                "18": 3
            },
            "avg_amplitude": {
                "0": -0.2073722398377468,
                "3": 0.39515411203473594,
                "6": 0.9101825349215872,
                "9": 0.9438786528408604,
                "12": 0.4368148084668781,
                "15": -0.6057474219441826,
                "18": -0.9188733681835061
            }
        },
        "12": {
            "avg": 0.9196730434782607,
            "std": 0.0013180165359102413,
            "words": {
                "3": "[6 6 5]",
                "6": "[4 4 4]",
                "9": "[4 3 3]",
                "12": "[2 1 2]",
                "15": "[2 3 3]",
                "18": "[3 4 4]",
                "21": "[4 5 5]"
            },
            "symbolic": {
                "0": 5,
                "3": 4,
                "6": 3,
                "9": 2,
                "12": 3,
                "15": 4,
                "18": 5
            },
            "avg_amplitude": {
                "0": 0.660377358490525,
                "3": -0.32255166217429326,
                "6": -0.8077268643306205,
                "9": -0.9856244384545931,
                "12": -0.9209344115003922,
                "15": -0.615453728661261,
                "18": 0.24528301886794868
            }
        },
        "13": {
            "avg": 0.3141613043478261,
            "std": 0.006270677290045258,
            "words": {
                "3": "[8 6 5]",
                "6": "[5 5 5]",
                "9": "[5 5 4]",
                "12": "[4 4 4]",
                "15": "[4 4 4]",
                "18": "[4 4 4]",
                "21": "[4 3 3]"
            },
            "symbolic": {
                "0": 6,
                "3": 5,
                "6": 5,
                "9": 4,
                "12": 4,
                "15": 4,
                "18": 3
            },
            "avg_amplitude": {
                "0": 0.7174354511169141,
                "3": 0.2819843342036587,
                "6": 0.07281694226864303,
                "9": -0.16507107629822793,
                "12": -0.29852045256744736,
                "15": -0.5395996518711893,
                "18": -0.8387003191180717
            }
        },
        "14": {
            "avg": -0.013413082608695656,
            "std": 0.005940857900524911,
            "words": {
                "3": "[7 6 5]",
                "6": "[5 5 4]",
                "9": "[4 3 3]",
                "12": "[1 3 3]",
                "15": "[3 3 3]",
                "18": "[3 3 3]",
                "21": "[4 4 5]"
            },
            "symbolic": {
                "0": 6,
                "3": 5,
                "6": 4,
                "9": 3,
                "12": 3,
                "15": 3,
                "18": 4
            },
            "avg_amplitude": {
                "0": 0.8622116130898968,
                "3": 0.03596613158321749,
                "6": -0.6232324357929185,
                "9": -0.9338037062886478,
                "12": -0.795037819471407,
                "15": -0.8517719140816681,
                "18": -0.10245176526708229
            }
        },
        "15": {
            "avg": -0.0003391130434782622,
            "std": 0.04766523455017298,
            "words": {
                "3": "[8 5 5]",
                "6": "[4 4 4]",
                "9": "[3 3 3]",
                "12": "[3 3 3]",
                "15": "[3 3 3]",
                "18": "[3 3 3]",
                "21": "[2 1 2]"
            },
            "symbolic": {
                "0": 5,
                "3": 4,
                "6": 3,
                "9": 3,
                "12": 3,
                "15": 3,
                "18": 2
            },
            "avg_amplitude": {
                "0": 0.4798127632245235,
                "3": -0.492390021331442,
                "6": -0.7953571913777924,
                "9": -0.8508422302560655,
                "12": -0.8716161257937537,
                "15": -0.9186229310353954,
                "18": -0.9876245877950277
            }
        },
        "16": {
            "avg": 0.9266747826086956,
            "std": 0.0011097824093251106,
            "words": {
                "3": "[5 5 5]",
                "6": "[6 8 6]",
                "9": "[6 6 6]",
                "12": "[7 7 7]",
                "15": "[6 6 6]",
                "18": "[6 6 6]",
                "21": "[6 5 5]"
            },
            "symbolic": {
                "0": 5,
                "3": 6,
                "6": 6,
                "9": 7,
                "12": 6,
                "15": 6,
                "18": 5
            },
            "avg_amplitude": {
                "0": 0.20338983050850298,
                "3": 0.8700564971751383,
                "6": 0.8305084745762762,
                "9": 0.9646892655367275,
                "12": 0.9209039548022758,
                "15": 0.8333333333333255,
                "18": 0.5268361581921013
            }
        },
        "17": {
            "avg": -0.32735086956521736,
            "std": 0.009934634509927869,
            "words": {
                "3": "[8 6 5]",
                "6": "[5 5 4]",
                "9": "[4 4 3]",
                "12": "[3 1 3]",
                "15": "[3 3 3]",
                "18": "[3 3 3]",
                "21": "[4 4 4]"
            },
            "symbolic": {
                "0": 6,
                "3": 5,
                "6": 4,
                "9": 3,
                "12": 3,
                "15": 3,
                "18": 4
            },
            "avg_amplitude": {
                "0": 0.775828460038987,
                "3": 0.12651072124756182,
                "6": -0.6395711500974663,
                "9": -0.9458089668615993,
                "12": -0.7974658869395738,
                "15": -0.7578947368421073,
                "18": -0.6306042884990255
            }
        },
        "18": {
            "avg": -0.02246360434782609,
            "std": 0.00757018078158569,
            "words": {
                "3": "[6 5 5]",
                "6": "[5 5 4]",
                "9": "[4 4 4]",
                "12": "[3 3 3]",
                "15": "[2 1 2]",
                "18": "[3 3 3]",
                "21": "[4 4 4]"
            },
            "symbolic": {
                "0": 5,
                "3": 5,
                "6": 4,
                "9": 3,
                "12": 2,
                "15": 3,
                "18": 4
            },
            "avg_amplitude": {
                "0": 0.5073609738334287,
                "3": 0.039486619260847955,
                "6": -0.490460812835052,
                "9": -0.8955311279090088,
                "12": -0.9909830238082854,
                "15": -0.8624777743541725,
                "18": -0.44001376556128663
            }
        },
        "19": {
            "avg": -0.01576708304347826,
            "std": 0.005379779699737151,
            "words": {
                "3": "[8 5 5]",
                "6": "[5 4 4]",
                "9": "[4 4 4]",
                "12": "[4 4 4]",
                "15": "[4 4 4]",
                "18": "[4 4 3]",
                "21": "[3 2 1]"
            },
            "symbolic": {
                "0": 5,
                "3": 4,
                "6": 4,
                "9": 4,
                "12": 4,
                "15": 4,
                "18": 3
            },
            "avg_amplitude": {
                "0": 0.5942841738599818,
                "3": -0.052661069253735183,
                "6": -0.391060982046459,
                "9": -0.5317295842671299,
                "12": -0.4581900226590749,
                "15": -0.6141592080103694,
                "18": -0.9397955315947213
            }
        }
    },
    "Y": {
        "0": {
            "avg": 0.07897734782608697,
            "std": 0.011372254076593993,
            "words": {
                "3": "[4 4 4]",
                "6": "[4 4 5]",
                "9": "[5 6 6]",
                "12": "[6 8 7]",
                "15": "[7 6 6]",
                "18": "[5 5 5]",
                "21": "[4 4 4]"
            },
            "symbolic": {
                "0": 4,
                "3": 4,
                "6": 6,
                "9": 7,
                "12": 6,
                "15": 5,
                "18": 4
            },
            "avg_amplitude": {
                "0": -0.16112421825263082,
                "3": -0.08478448114444104,
                "6": 0.710144927536232,
                "9": 0.9811069917237765,
                "12": 0.9019960304085682,
                "15": 0.3545107291315581,
                "18": -0.374433584241471
            }
        },
        "1": {
            "avg": -0.028132826086956518,
            "std": 0.004741892235002758,
            "words": {
                "3": "[8 7 5]",
                "6": "[5 4 4]",
                "9": "[4 3 2]",
                "12": "[2 2 3]",
                "15": "[3 3 3]",
                "18": "[3 3 3]",
                "21": "[2 1 3]"
            },
            "symbolic": {
                "0": 6,
                "3": 4,
                "6": 3,
                "9": 2,
                "12": 3,
                "15": 3,
                "18": 3
            },
            "avg_amplitude": {
                "0": 0.8813002101099988,
                "3": -0.19480904708935876,
                "6": -0.8284513657149923,
                "9": -0.9552094920281796,
                "12": -0.8735384995674211,
                "15": -0.8998887652947722,
                "18": -0.9417624521072799
            }
        },
        "2": {
            "avg": 0.000765588,
            "std": 0.001611743402608605,
            "words": {
                "3": "[1 3 3]",
                "6": "[4 4 4]",
                "9": "[4 4 4]",
                "12": "[4 4 4]",
                "15": "[4 5 5]",
                "18": "[5 5 5]",
                "21": "[5 5 6]"
            },
            "symbolic": {
                "0": 3,
                "3": 4,
                "6": 4,
                "9": 4,
                "12": 5,
                "15": 5,
                "18": 5
            },
            "avg_amplitude": {
                "0": -0.8498445964464193,
                "3": -0.4565657272478118,
                "6": -0.3022129699281004,
                "9": -0.2953957396684335,
                "12": 0.0461708914274385,
                "15": 0.34082069403868465,
                "18": 0.6455516097242388
            }
        },
        "3": {
            "avg": 0.10845628695652172,
            "std": 0.04911828020274866,
            "words": {
                "3": "[5 5 5]",
                "6": "[6 6 6]",
                "9": "[6 8 7]",
                "12": "[7 7 7]",
                "15": "[6 6 6]",
                "18": "[5 5 5]",
                "21": "[5 5 4]"
            },
            "symbolic": {
                "0": 5,
                "3": 6,
                "6": 7,
                "9": 7,
                "12": 6,
                "15": 5,
                "18": 4
            },
            "avg_amplitude": {
                "0": 0.4818510410833376,
                "3": 0.8250625517336304,
                "6": 0.958933631997828,
                "9": 0.9852553260892108,
                "12": 0.8620562220826948,
                "15": 0.4807197361796965,
                "18": -0.06101315896153751
            }
        },
        "4": {
            "avg": 0.9089034782608697,
            "std": 0.0012694616206582192,
            "words": {
                "3": "[1 3 3]",
                "6": "[5 4 4]",
                "9": "[5 5 5]",
                "12": "[5 5 6]",
                "15": "[6 7 8]",
                "18": "[7 6 6]",
                "21": "[5 5 4]"
            },
            "symbolic": {
                "0": 3,
                "3": 4,
                "6": 5,
                "9": 5,
                "12": 7,
                "15": 6,
                "18": 5
            },
            "avg_amplitude": {
                "0": -0.8944844124700456,
                "3": -0.056754596322965756,
                "6": 0.16386890487605865,
                "9": 0.5091926458832513,
                "12": 0.9744204636290542,
                "15": 0.8209432454036628,
                "18": 0.28377298161465114
            }
        },
        "5": {
            "avg": 0.3613247826086956,
            "std": 0.006860716149714729,
            "words": {
                "3": "[6 6 6]",
                "6": "[6 7 7]",
                "9": "[8 6 6]",
                "12": "[7 7 6]",
                "15": "[6 6 6]",
                "18": "[6 6 6]",
                "21": "[6 5 5]"
            },
            "symbolic": {
                "0": 6,
                "3": 6,
                "6": 6,
                "9": 7,
                "12": 6,
                "15": 6,
                "18": 5
            },
            "avg_amplitude": {
                "0": 0.7433489827856024,
                "3": 0.9073070904056815,
                "6": 0.9318646924280728,
                "9": 0.9557000120380401,
                "12": 0.9224750210665703,
                "15": 0.8370049355964836,
                "18": 0.45154688816660576
            }
        },
        "6": {
            "avg": 0.03414204347826087,
            "std": 0.014762082531941147,
            "words": {
                "3": "[8 6 7]",
                "6": "[7 6 4]",
                "9": "[3 3 3]",
                "12": "[2 1 2]",
                "15": "[3 3 3]",
                "18": "[3 4 4]",
                "21": "[4 4 4]"
            },
            "symbolic": {
                "0": 6,
                "3": 5,
                "6": 3,
                "9": 2,
                "12": 3,
                "15": 4,
                "18": 4
            },
            "avg_amplitude": {
                "0": 0.9282814836726984,
                "3": 0.5818337195352434,
                "6": -0.8211145622771121,
                "9": -0.9791943992506039,
                "12": -0.8517149008200627,
                "15": -0.6219329816430837,
                "18": -0.29080182090091855
            }
        },
        "7": {
            "avg": -0.005947791304347823,
            "std": 0.020144890278022295,
            "words": {
                "3": "[1 3 3]",
                "6": "[3 3 4]",
                "9": "[5 5 5]",
                "12": "[5 5 5]",
                "15": "[5 5 5]",
                "18": "[5 5 5]",
                "21": "[5 5 6]"
            },
            "symbolic": {
                "0": 3,
                "3": 4,
                "6": 5,
                "9": 5,
                "12": 5,
                "15": 5,
                "18": 5
            },
            "avg_amplitude": {
                "0": -0.910722078449282,
                "3": -0.5604911960217182,
                "6": 0.41348150403409956,
                "9": 0.5431156441873447,
                "12": 0.5010625666007004,
                "15": 0.47462424519206375,
                "18": 0.5887471456842747
            }
        },
        "8": {
            "avg": 0.9103634782608695,
            "std": 0.003329068404627274,
            "words": {
                "3": "[1 3 4]",
                "6": "[4 4 5]",
                "9": "[5 5 5]",
                "12": "[5 5 5]",
                "15": "[5 5 5]",
                "18": "[5 5 6]",
                "21": "[7 6 6]"
            },
            "symbolic": {
                "0": 3,
                "3": 4,
                "6": 5,
                "9": 5,
                "12": 5,
                "15": 5,
                "18": 6
            },
            "avg_amplitude": {
                "0": -0.7750342935528063,
                "3": -0.07325102880658607,
                "6": 0.17805212620027433,
                "9": 0.23127572016460443,
                "12": 0.38436213991768864,
                "15": 0.6685871056241339,
                "18": 0.9237311385459471
            }
        },
        "9": {
            "avg": 0.21898882608695647,
            "std": 0.16562923876117025,
            "words": {
                "3": "[5 5 5]",
                "6": "[5 6 6]",
                "9": "[6 6 7]",
                "12": "[8 8 8]",
                "15": "[7 6 6]",
                "18": "[5 5 5]",
                "21": "[5 4 4]"
            },
            "symbolic": {
                "0": 5,
                "3": 6,
                "6": 6,
                "9": 8,
                "12": 6,
                "15": 5,
                "18": 4
            },
            "avg_amplitude": {
                "0": 0.36509374150892143,
                "3": 0.7441898378770041,
                "6": 0.9387495094043414,
                "9": 0.9992875041511943,
                "12": 0.8656401895963531,
                "15": 0.42792621441294587,
                "18": -0.2685046644325695
            }
        },
        "10": {
            "avg": -5.106682608695653e-10,
            "std": 2.045660532996732e-09,
            "words": {
                "3": "[3 4 4]",
                "6": "[5 8 5]",
                "9": "[4 5 1]",
                "12": "[5 4 4]",
                "15": "[4 4 4]",
                "18": "[4 4 4]",
                "21": "[5 4 3]"
            },
            "symbolic": {
                "0": 4,
                "3": 6,
                "6": 4,
                "9": 5,
                "12": 4,
                "15": 4,
                "18": 4
            },
            "avg_amplitude": {
                "0": -0.4412663579949196,
                "3": 0.7182727243496996,
                "6": -0.45004179929905774,
                "9": 0.0779331854281216,
                "12": -0.07090929552104404,
                "15": -0.06427928362432049,
                "18": -0.044416578245072356
            }
        },
        "11": {
            "avg": -0.0655872956521739,
            "std": 0.10258999679683234,
            "words": {
                "3": "[4 4 4]",
                "6": "[5 5 5]",
                "9": "[6 6 8]",
                "12": "[7 6 6]",
                "15": "[6 5 4]",
                "18": "[4 4 3]",
                "21": "[2 1 3]"
            },
            "symbolic": {
                "0": 4,
                "3": 5,
                "6": 6,
                "9": 6,
                "12": 5,
                "15": 4,
                "18": 3
            },
            "avg_amplitude": {
                "0": -0.2073722398377468,
                "3": 0.39515411203473594,
                "6": 0.9101825349215872,
                "9": 0.9438786528408604,
                "12": 0.4368148084668781,
                "15": -0.6057474219441826,
                "18": -0.9188733681835061
            }
        },
        "12": {
            "avg": 0.9196730434782607,
            "std": 0.0013180165359102413,
            "words": {
                "3": "[6 6 5]",
                "6": "[4 4 4]",
                "9": "[4 3 3]",
                "12": "[2 1 2]",
                "15": "[2 3 3]",
                "18": "[3 4 4]",
                "21": "[4 5 5]"
            },
            "symbolic": {
                "0": 5,
                "3": 4,
                "6": 3,
                "9": 2,
                "12": 3,
                "15": 4,
                "18": 5
            },
            "avg_amplitude": {
                "0": 0.660377358490525,
                "3": -0.32255166217429326,
                "6": -0.8077268643306205,
                "9": -0.9856244384545931,
                "12": -0.9209344115003922,
                "15": -0.615453728661261,
                "18": 0.24528301886794868
            }
        },
        "13": {
            "avg": 0.3141613043478261,
            "std": 0.006270677290045258,
            "words": {
                "3": "[8 6 5]",
                "6": "[5 5 5]",
                "9": "[5 5 4]",
                "12": "[4 4 4]",
                "15": "[4 4 4]",
                "18": "[4 4 4]",
                "21": "[4 3 3]"
            },
            "symbolic": {
                "0": 6,
                "3": 5,
                "6": 5,
                "9": 4,
                "12": 4,
                "15": 4,
                "18": 3
            },
            "avg_amplitude": {
                "0": 0.7174354511169141,
                "3": 0.2819843342036587,
                "6": 0.07281694226864303,
                "9": -0.16507107629822793,
                "12": -0.29852045256744736,
                "15": -0.5395996518711893,
                "18": -0.8387003191180717
            }
        },
        "14": {
            "avg": -0.013413082608695656,
            "std": 0.005940857900524911,
            "words": {
                "3": "[7 6 5]",
                "6": "[5 5 4]",
                "9": "[4 3 3]",
                "12": "[1 3 3]",
                "15": "[3 3 3]",
                "18": "[3 3 3]",
                "21": "[4 4 5]"
            },
            "symbolic": {
                "0": 6,
                "3": 5,
                "6": 4,
                "9": 3,
                "12": 3,
                "15": 3,
                "18": 4
            },
            "avg_amplitude": {
                "0": 0.8622116130898968,
                "3": 0.03596613158321749,
                "6": -0.6232324357929185,
                "9": -0.9338037062886478,
                "12": -0.795037819471407,
                "15": -0.8517719140816681,
                "18": -0.10245176526708229
            }
        },
        "15": {
            "avg": -0.0003391130434782622,
            "std": 0.04766523455017298,
            "words": {
                "3": "[8 5 5]",
                "6": "[4 4 4]",
                "9": "[3 3 3]",
                "12": "[3 3 3]",
                "15": "[3 3 3]",
                "18": "[3 3 3]",
                "21": "[2 1 2]"
            },
            "symbolic": {
                "0": 5,
                "3": 4,
                "6": 3,
                "9": 3,
                "12": 3,
                "15": 3,
                "18": 2
            },
            "avg_amplitude": {
                "0": 0.4798127632245235,
                "3": -0.492390021331442,
                "6": -0.7953571913777924,
                "9": -0.8508422302560655,
                "12": -0.8716161257937537,
                "15": -0.9186229310353954,
                "18": -0.9876245877950277
            }
        },
        "16": {
            "avg": 0.9266747826086956,
            "std": 0.0011097824093251106,
            "words": {
                "3": "[5 5 5]",
                "6": "[6 8 6]",
                "9": "[6 6 6]",
                "12": "[7 7 7]",
                "15": "[6 6 6]",
                "18": "[6 6 6]",
                "21": "[6 5 5]"
            },
            "symbolic": {
                "0": 5,
                "3": 6,
                "6": 6,
                "9": 7,
                "12": 6,
                "15": 6,
                "18": 5
            },
            "avg_amplitude": {
                "0": 0.20338983050850298,
                "3": 0.8700564971751383,
                "6": 0.8305084745762762,
                "9": 0.9646892655367275,
                "12": 0.9209039548022758,
                "15": 0.8333333333333255,
                "18": 0.5268361581921013
            }
        },
        "17": {
            "avg": -0.32735086956521736,
            "std": 0.009934634509927869,
            "words": {
                "3": "[8 6 5]",
                "6": "[5 5 4]",
                "9": "[4 4 3]",
                "12": "[3 1 3]",
                "15": "[3 3 3]",
                "18": "[3 3 3]",
                "21": "[4 4 4]"
            },
            "symbolic": {
                "0": 6,
                "3": 5,
                "6": 4,
                "9": 3,
                "12": 3,
                "15": 3,
                "18": 4
            },
            "avg_amplitude": {
                "0": 0.775828460038987,
                "3": 0.12651072124756182,
                "6": -0.6395711500974663,
                "9": -0.9458089668615993,
                "12": -0.7974658869395738,
                "15": -0.7578947368421073,
                "18": -0.6306042884990255
            }
        },
        "18": {
            "avg": -0.02246360434782609,
            "std": 0.00757018078158569,
            "words": {
                "3": "[6 5 5]",
                "6": "[5 5 4]",
                "9": "[4 4 4]",
                "12": "[3 3 3]",
                "15": "[2 1 2]",
                "18": "[3 3 3]",
                "21": "[4 4 4]"
            },
            "symbolic": {
                "0": 5,
                "3": 5,
                "6": 4,
                "9": 3,
                "12": 2,
                "15": 3,
                "18": 4
            },
            "avg_amplitude": {
                "0": 0.5073609738334287,
                "3": 0.039486619260847955,
                "6": -0.490460812835052,
                "9": -0.8955311279090088,
                "12": -0.9909830238082854,
                "15": -0.8624777743541725,
                "18": -0.44001376556128663
            }
        },
        "19": {
            "avg": -0.01576708304347826,
            "std": 0.005379779699737151,
            "words": {
                "3": "[8 5 5]",
                "6": "[5 4 4]",
                "9": "[4 4 4]",
                "12": "[4 4 4]",
                "15": "[4 4 4]",
                "18": "[4 4 3]",
                "21": "[3 2 1]"
            },
            "symbolic": {
                "0": 5,
                "3": 4,
                "6": 4,
                "9": 4,
                "12": 4,
                "15": 4,
                "18": 3
            },
            "avg_amplitude": {
                "0": 0.5942841738599818,
                "3": -0.052661069253735183,
                "6": -0.391060982046459,
                "9": -0.5317295842671299,
                "12": -0.4581900226590749,
                "15": -0.6141592080103694,
                "18": -0.9397955315947213
            }
        }
    },
    "Z": {
        "0": {
            "avg": 0.07897734782608697,
            "std": 0.011372254076593993,
            "words": {
                "3": "[4 4 4]",
                "6": "[4 4 5]",
                "9": "[5 6 6]",
                "12": "[6 8 7]",
                "15": "[7 6 6]",
                "18": "[5 5 5]",
                "21": "[4 4 4]"
            },
            "symbolic": {
                "0": 4,
                "3": 4,
                "6": 6,
                "9": 7,
                "12": 6,
                "15": 5,
                "18": 4
            },
            "avg_amplitude": {
                "0": -0.16112421825263082,
                "3": -0.08478448114444104,
                "6": 0.710144927536232,
                "9": 0.9811069917237765,
                "12": 0.9019960304085682,
                "15": 0.3545107291315581,
                "18": -0.374433584241471
            }
        },
        "1": {
            "avg": -0.028132826086956518,
            "std": 0.004741892235002758,
            "words": {
                "3": "[8 7 5]",
                "6": "[5 4 4]",
                "9": "[4 3 2]",
                "12": "[2 2 3]",
                "15": "[3 3 3]",
                "18": "[3 3 3]",
                "21": "[2 1 3]"
            },
            "symbolic": {
                "0": 6,
                "3": 4,
                "6": 3,
                "9": 2,
                "12": 3,
                "15": 3,
                "18": 3
            },
            "avg_amplitude": {
                "0": 0.8813002101099988,
                "3": -0.19480904708935876,
                "6": -0.8284513657149923,
                "9": -0.9552094920281796,
                "12": -0.8735384995674211,
                "15": -0.8998887652947722,
                "18": -0.9417624521072799
            }
        },
        "2": {
            "avg": 0.000765588,
            "std": 0.001611743402608605,
            "words": {
                "3": "[1 3 3]",
                "6": "[4 4 4]",
                "9": "[4 4 4]",
                "12": "[4 4 4]",
                "15": "[4 5 5]",
                "18": "[5 5 5]",
                "21": "[5 5 6]"
            },
            "symbolic": {
                "0": 3,
                "3": 4,
                "6": 4,
                "9": 4,
                "12": 5,
                "15": 5,
                "18": 5
            },
            "avg_amplitude": {
                "0": -0.8498445964464193,
                "3": -0.4565657272478118,
                "6": -0.3022129699281004,
                "9": -0.2953957396684335,
                "12": 0.0461708914274385,
                "15": 0.34082069403868465,
                "18": 0.6455516097242388
            }
        },
        "3": {
            "avg": 0.10845628695652172,
            "std": 0.04911828020274866,
            "words": {
                "3": "[5 5 5]",
                "6": "[6 6 6]",
                "9": "[6 8 7]",
                "12": "[7 7 7]",
                "15": "[6 6 6]",
                "18": "[5 5 5]",
                "21": "[5 5 4]"
            },
            "symbolic": {
                "0": 5,
                "3": 6,
                "6": 7,
                "9": 7,
                "12": 6,
                "15": 5,
                "18": 4
            },
            "avg_amplitude": {
                "0": 0.4818510410833376,
                "3": 0.8250625517336304,
                "6": 0.958933631997828,
                "9": 0.9852553260892108,
                "12": 0.8620562220826948,
                "15": 0.4807197361796965,
                "18": -0.06101315896153751
            }
        },
        "4": {
            "avg": 0.9089034782608697,
            "std": 0.0012694616206582192,
            "words": {
                "3": "[1 3 3]",
                "6": "[5 4 4]",
                "9": "[5 5 5]",
                "12": "[5 5 6]",
                "15": "[6 7 8]",
                "18": "[7 6 6]",
                "21": "[5 5 4]"
            },
            "symbolic": {
                "0": 3,
                "3": 4,
                "6": 5,
                "9": 5,
                "12": 7,
                "15": 6,
                "18": 5
            },
            "avg_amplitude": {
                "0": -0.8944844124700456,
                "3": -0.056754596322965756,
                "6": 0.16386890487605865,
                "9": 0.5091926458832513,
                "12": 0.9744204636290542,
                "15": 0.8209432454036628,
                "18": 0.28377298161465114
            }
        },
        "5": {
            "avg": 0.3613247826086956,
            "std": 0.006860716149714729,
            "words": {
                "3": "[6 6 6]",
                "6": "[6 7 7]",
                "9": "[8 6 6]",
                "12": "[7 7 6]",
                "15": "[6 6 6]",
                "18": "[6 6 6]",
                "21": "[6 5 5]"
            },
            "symbolic": {
                "0": 6,
                "3": 6,
                "6": 6,
                "9": 7,
                "12": 6,
                "15": 6,
                "18": 5
            },
            "avg_amplitude": {
                "0": 0.7433489827856024,
                "3": 0.9073070904056815,
                "6": 0.9318646924280728,
                "9": 0.9557000120380401,
                "12": 0.9224750210665703,
                "15": 0.8370049355964836,
                "18": 0.45154688816660576
            }
        },
        "6": {
            "avg": 0.03414204347826087,
            "std": 0.014762082531941147,
            "words": {
                "3": "[8 6 7]",
                "6": "[7 6 4]",
                "9": "[3 3 3]",
                "12": "[2 1 2]",
                "15": "[3 3 3]",
                "18": "[3 4 4]",
                "21": "[4 4 4]"
            },
            "symbolic": {
                "0": 6,
                "3": 5,
                "6": 3,
                "9": 2,
                "12": 3,
                "15": 4,
                "18": 4
            },
            "avg_amplitude": {
                "0": 0.9282814836726984,
                "3": 0.5818337195352434,
                "6": -0.8211145622771121,
                "9": -0.9791943992506039,
                "12": -0.8517149008200627,
                "15": -0.6219329816430837,
                "18": -0.29080182090091855
            }
        },
        "7": {
            "avg": -0.005947791304347823,
            "std": 0.020144890278022295,
            "words": {
                "3": "[1 3 3]",
                "6": "[3 3 4]",
                "9": "[5 5 5]",
                "12": "[5 5 5]",
                "15": "[5 5 5]",
                "18": "[5 5 5]",
                "21": "[5 5 6]"
            },
            "symbolic": {
                "0": 3,
                "3": 4,
                "6": 5,
                "9": 5,
                "12": 5,
                "15": 5,
                "18": 5
            },
            "avg_amplitude": {
                "0": -0.910722078449282,
                "3": -0.5604911960217182,
                "6": 0.41348150403409956,
                "9": 0.5431156441873447,
                "12": 0.5010625666007004,
                "15": 0.47462424519206375,
                "18": 0.5887471456842747
            }
        },
        "8": {
            "avg": 0.9103634782608695,
            "std": 0.003329068404627274,
            "words": {
                "3": "[1 3 4]",
                "6": "[4 4 5]",
                "9": "[5 5 5]",
                "12": "[5 5 5]",
                "15": "[5 5 5]",
                "18": "[5 5 6]",
                "21": "[7 6 6]"
            },
            "symbolic": {
                "0": 3,
                "3": 4,
                "6": 5,
                "9": 5,
                "12": 5,
                "15": 5,
                "18": 6
            },
            "avg_amplitude": {
                "0": -0.7750342935528063,
                "3": -0.07325102880658607,
                "6": 0.17805212620027433,
                "9": 0.23127572016460443,
                "12": 0.38436213991768864,
                "15": 0.6685871056241339,
                "18": 0.9237311385459471
            }
        },
        "9": {
            "avg": 0.21898882608695647,
            "std": 0.16562923876117025,
            "words": {
                "3": "[5 5 5]",
                "6": "[5 6 6]",
                "9": "[6 6 7]",
                "12": "[8 8 8]",
                "15": "[7 6 6]",
                "18": "[5 5 5]",
                "21": "[5 4 4]"
            },
            "symbolic": {
                "0": 5,
                "3": 6,
                "6": 6,
                "9": 8,
                "12": 6,
                "15": 5,
                "18": 4
            },
            "avg_amplitude": {
                "0": 0.36509374150892143,
                "3": 0.7441898378770041,
                "6": 0.9387495094043414,
                "9": 0.9992875041511943,
                "12": 0.8656401895963531,
                "15": 0.42792621441294587,
                "18": -0.2685046644325695
            }
        },
        "10": {
            "avg": -5.106682608695653e-10,
            "std": 2.045660532996732e-09,
            "words": {
                "3": "[3 4 4]",
                "6": "[5 8 5]",
                "9": "[4 5 1]",
                "12": "[5 4 4]",
                "15": "[4 4 4]",
                "18": "[4 4 4]",
                "21": "[5 4 3]"
            },
            "symbolic": {
                "0": 4,
                "3": 6,
                "6": 4,
                "9": 5,
                "12": 4,
                "15": 4,
                "18": 4
            },
            "avg_amplitude": {
                "0": -0.4412663579949196,
                "3": 0.7182727243496996,
                "6": -0.45004179929905774,
                "9": 0.0779331854281216,
                "12": -0.07090929552104404,
                "15": -0.06427928362432049,
                "18": -0.044416578245072356
            }
        },
        "11": {
            "avg": -0.0655872956521739,
            "std": 0.10258999679683234,
            "words": {
                "3": "[4 4 4]",
                "6": "[5 5 5]",
                "9": "[6 6 8]",
                "12": "[7 6 6]",
                "15": "[6 5 4]",
                "18": "[4 4 3]",
                "21": "[2 1 3]"
            },
            "symbolic": {
                "0": 4,
                "3": 5,
                "6": 6,
                "9": 6,
                "12": 5,
                "15": 4,
                "18": 3
            },
            "avg_amplitude": {
                "0": -0.2073722398377468,
                "3": 0.39515411203473594,
                "6": 0.9101825349215872,
                "9": 0.9438786528408604,
                "12": 0.4368148084668781,
                "15": -0.6057474219441826,
                "18": -0.9188733681835061
            }
        },
        "12": {
            "avg": 0.9196730434782607,
            "std": 0.0013180165359102413,
            "words": {
                "3": "[6 6 5]",
                "6": "[4 4 4]",
                "9": "[4 3 3]",
                "12": "[2 1 2]",
                "15": "[2 3 3]",
                "18": "[3 4 4]",
                "21": "[4 5 5]"
            },
            "symbolic": {
                "0": 5,
                "3": 4,
                "6": 3,
                "9": 2,
                "12": 3,
                "15": 4,
                "18": 5
            },
            "avg_amplitude": {
                "0": 0.660377358490525,
                "3": -0.32255166217429326,
                "6": -0.8077268643306205,
                "9": -0.9856244384545931,
                "12": -0.9209344115003922,
                "15": -0.615453728661261,
                "18": 0.24528301886794868
            }
        },
        "13": {
            "avg": 0.3141613043478261,
            "std": 0.006270677290045258,
            "words": {
                "3": "[8 6 5]",
                "6": "[5 5 5]",
                "9": "[5 5 4]",
                "12": "[4 4 4]",
                "15": "[4 4 4]",
                "18": "[4 4 4]",
                "21": "[4 3 3]"
            },
            "symbolic": {
                "0": 6,
                "3": 5,
                "6": 5,
                "9": 4,
                "12": 4,
                "15": 4,
                "18": 3
            },
            "avg_amplitude": {
                "0": 0.7174354511169141,
                "3": 0.2819843342036587,
                "6": 0.07281694226864303,
                "9": -0.16507107629822793,
                "12": -0.29852045256744736,
                "15": -0.5395996518711893,
                "18": -0.8387003191180717
            }
        },
        "14": {
            "avg": -0.013413082608695656,
            "std": 0.005940857900524911,
            "words": {
                "3": "[7 6 5]",
                "6": "[5 5 4]",
                "9": "[4 3 3]",
                "12": "[1 3 3]",
                "15": "[3 3 3]",
                "18": "[3 3 3]",
                "21": "[4 4 5]"
            },
            "symbolic": {
                "0": 6,
                "3": 5,
                "6": 4,
                "9": 3,
                "12": 3,
                "15": 3,
                "18": 4
            },
            "avg_amplitude": {
                "0": 0.8622116130898968,
                "3": 0.03596613158321749,
                "6": -0.6232324357929185,
                "9": -0.9338037062886478,
                "12": -0.795037819471407,
                "15": -0.8517719140816681,
                "18": -0.10245176526708229
            }
        },
        "15": {
            "avg": -0.0003391130434782622,
            "std": 0.04766523455017298,
            "words": {
                "3": "[8 5 5]",
                "6": "[4 4 4]",
                "9": "[3 3 3]",
                "12": "[3 3 3]",
                "15": "[3 3 3]",
                "18": "[3 3 3]",
                "21": "[2 1 2]"
            },
            "symbolic": {
                "0": 5,
                "3": 4,
                "6": 3,
                "9": 3,
                "12": 3,
                "15": 3,
                "18": 2
            },
            "avg_amplitude": {
                "0": 0.4798127632245235,
                "3": -0.492390021331442,
                "6": -0.7953571913777924,
                "9": -0.8508422302560655,
                "12": -0.8716161257937537,
                "15": -0.9186229310353954,
                "18": -0.9876245877950277
            }
        },
        "16": {
            "avg": 0.9266747826086956,
            "std": 0.0011097824093251106,
            "words": {
                "3": "[5 5 5]",
                "6": "[6 8 6]",
                "9": "[6 6 6]",
                "12": "[7 7 7]",
                "15": "[6 6 6]",
                "18": "[6 6 6]",
                "21": "[6 5 5]"
            },
            "symbolic": {
                "0": 5,
                "3": 6,
                "6": 6,
                "9": 7,
                "12": 6,
                "15": 6,
                "18": 5
            },
            "avg_amplitude": {
                "0": 0.20338983050850298,
                "3": 0.8700564971751383,
                "6": 0.8305084745762762,
                "9": 0.9646892655367275,
                "12": 0.9209039548022758,
                "15": 0.8333333333333255,
                "18": 0.5268361581921013
            }
        },
        "17": {
            "avg": -0.32735086956521736,
            "std": 0.009934634509927869,
            "words": {
                "3": "[8 6 5]",
                "6": "[5 5 4]",
                "9": "[4 4 3]",
                "12": "[3 1 3]",
                "15": "[3 3 3]",
                "18": "[3 3 3]",
                "21": "[4 4 4]"
            },
            "symbolic": {
                "0": 6,
                "3": 5,
                "6": 4,
                "9": 3,
                "12": 3,
                "15": 3,
                "18": 4
            },
            "avg_amplitude": {
                "0": 0.775828460038987,
                "3": 0.12651072124756182,
                "6": -0.6395711500974663,
                "9": -0.9458089668615993,
                "12": -0.7974658869395738,
                "15": -0.7578947368421073,
                "18": -0.6306042884990255
            }
        },
        "18": {
            "avg": -0.02246360434782609,
            "std": 0.00757018078158569,
            "words": {
                "3": "[6 5 5]",
                "6": "[5 5 4]",
                "9": "[4 4 4]",
                "12": "[3 3 3]",
                "15": "[2 1 2]",
                "18": "[3 3 3]",
                "21": "[4 4 4]"
            },
            "symbolic": {
                "0": 5,
                "3": 5,
                "6": 4,
                "9": 3,
                "12": 2,
                "15": 3,
                "18": 4
            },
            "avg_amplitude": {
                "0": 0.5073609738334287,
                "3": 0.039486619260847955,
                "6": -0.490460812835052,
                "9": -0.8955311279090088,
                "12": -0.9909830238082854,
                "15": -0.8624777743541725,
                "18": -0.44001376556128663
            }
        },
        "19": {
            "avg": -0.01576708304347826,
            "std": 0.005379779699737151,
            "words": {
                "3": "[8 5 5]",
                "6": "[5 4 4]",
                "9": "[4 4 4]",
                "12": "[4 4 4]",
                "15": "[4 4 4]",
                "18": "[4 4 3]",
                "21": "[3 2 1]"
            },
            "symbolic": {
                "0": 5,
                "3": 4,
                "6": 4,
                "9": 4,
                "12": 4,
                "15": 4,
                "18": 3
            },
            "avg_amplitude": {
                "0": 0.5942841738599818,
                "3": -0.052661069253735183,
                "6": -0.391060982046459,
                "9": -0.5317295842671299,
                "12": -0.4581900226590749,
                "15": -0.6141592080103694,
                "18": -0.9397955315947213
            }
        }
    }
}