{
    "W": {
        "0": {
            "avg": 0.03381493928571429,
            "std": 0.012529516128794951,
            "words": {
                "3": "[4 4 4]",
                "6": "[5 5 5]",
                "9": "[5 6 6]",
                "12": "[6 6 6]",
                "15": "[6 6 6]",
                "18": "[6 6 7]",
                "21": "[8 7 6]",
                "24": "[6 5 5]",
                "27": "[4 4 4]"
            },
            "symbolic": {
                "0": 4,
                "3": 5,
                "6": 6,
                "9": 6,
                "12": 6,
                "15": 6,
                "18": 6,
                "21": 5,
                "24": 4
            },
            "avg_amplitude": {
                "0": -0.39798358009828777,
                "3": 0.2134723934471582,
                "6": 0.6833913554661835,
                "9": 0.911635870303846,
                "12": 0.9230231662311988,
                "15": 0.9494005183793046,
                "18": 0.9507033022354001,
                "21": 0.5228594336428651,
                "24": -0.40348422304624637
            }
        },
        "1": {
            "avg": -0.04247314285714286,
            "std": 0.01457148492576508,
            "words": {
                "3": "[8 6 5]",
                "6": "[5 4 4]",
                "9": "[4 3 3]",
                "12": "[3 3 1]",
                "15": "[2 2 2]",
                "18": "[3 3 4]",
                "21": "[4 4 4]",
                "24": "[5 5 5]",
                "27": "[5 5 5]"
            },
            "symbolic": {
                "0": 6,
                "3": 4,
                "6": 3,
                "9": 2,
                "12": 2,
                "15": 3,
                "18": 4,
                "21": 5,
                "24": 5
            },
            "avg_amplitude": {
                "0": 0.7516920020296878,
                "3": -0.10397861681067437,
                "6": -0.738613380216262,
                "9": -0.966924665708997,
                "12": -0.9859065343081551,
                "15": -0.7747189525667689,
                "18": -0.3574608892033477,
                "21": 0.08566854627187803,
                "24": 0.34263845114813146
            }
        },
        "2": {
            "avg": 0.003226834285714286,
            "std": 0.0038835229074713883,
            "words": {
                "3": "[4 4 4]",
                "6": "[4 5 5]",
                "9": "[5 6 6]",
                "12": "[6 7 8]",
                "15": "[7 6 6]",
                "18": "[5 5 5]",
                "21": "[5 5 5]",
                "24": "[4 4 4]",
                "27": "[4 4 3]"
            },
            "symbolic": {
                "0": 4,
                "3": 5,
                "6": 6,
                "9": 7,
                "12": 6,
                "15": 5,
                "18": 5,
                "21": 4,
                "24": 4
            },
            "avg_amplitude": {
                "0": -0.48362959334692174,
                "3": 0.2577804463124187,
                "6": 0.8046369300615693,
                "9": 0.9697051093660298,
                "12": 0.8815328624774184,
                "15": 0.4719461517799301,
                "18": 0.08035098252987612,
                "21": -0.13645341212532983,
                "24": -0.616884977378902
            }
        },
        "3": {
            "avg": 0.013303367857142857,
            "std": 0.027478920057935504,
            "words": {
                "3": "[1 3 3]",
                "6": "[3 4 4]",
                "9": "[5 5 5]",
                "12": "[5 6 6]",
                "15": "[6 7 8]",
                "18": "[7 7 7]",
                "21": "[6 6 5]",
                "24": "[5 5 4]",
                "27": "[4 4 4]"
            },
            "symbolic": {
                "0": 3,
                "3": 4,
                "6": 5,
                "9": 6,
                "12": 7,
                "15": 7,
                "18": 5,
                "21": 5,
                "24": 4
            },
            "avg_amplitude": {
                "0": -0.9469450321142178,
                "3": -0.47578870913935595,
                "6": 0.3083024014931737,
                "9": 0.6946425630566143,
                "12": 0.9659137455608059,
                "15": 0.9772054507603105,
                "18": 0.6697788531782726,
                "21": 0.1683882927735619,
                "24": -0.4729636714510728
            }
        },
        "4": {
            "avg": 0.8955435714285718,
            "std": 0.0037020877135953215,
            "words": {
                "3": "[1 3 3]",
                "6": "[4 4 4]",
                "9": "[4 4 5]",
                "12": "[5 5 5]",
                "15": "[6 6 6]",
                "18": "[8 7 7]",
                "21": "[6 6 5]",
                "24": "[5 5 5]",
                "27": "[5 5 5]"
            },
            "symbolic": {
                "0": 3,
                "3": 4,
                "6": 4,
                "9": 5,
                "12": 6,
                "15": 7,
                "18": 6,
                "21": 5,
                "24": 5
            },
            "avg_amplitude": {
                "0": -0.8852762357917006,
                "3": -0.48929421094370035,
                "6": -0.062120010573623076,
                "9": 0.4385408406026801,
                "12": 0.8107322231033399,
                "15": 0.983082209886311,
                "18": 0.6949510970129351,
                "21": 0.37879989426380983,
                "24": 0.2630187681733993
            }
        },
        "5": {
            "avg": 0.3757614285714285,
            "std": 0.0060688730507253204,
            "words": {
                "3": "[5 5 5]",
                "6": "[6 8 7]",
                "9": "[6 6 5]",
                "12": "[5 4 4]",
                "15": "[4 4 4]",
                "18": "[3 4 4]",
                "21": "[4 4 4]",
                "24": "[4 4 4]",
                "27": "[4 3 3]"
            },
            "symbolic": {
                "0": 5,
                "3": 6,
                "6": 5,
                "9": 4,
                "12": 4,
                "15": 4,
                "18": 4,
                "21": 4,
                "24": 3
            },
            "avg_amplitude": {
                "0": 0.2934415145368506,
                "3": 0.9421906693711989,
                "6": 0.6707234617985165,
                "9": -0.10108181203515887,
                "12": -0.5043948613928299,
                "15": -0.6643002028397561,
                "18": -0.49594320486815385,
                "21": -0.46281271129141155,
                "24": -0.7630155510480062
            }
        },
        "6": {
            "avg": 0.04443153571428571,
            "std": 0.006913325385627826,
            "words": {
                "3": "[6 6 6]",
                "6": "[6 8 7]",
                "9": "[5 4 3]",
                "12": "[3 3 2]",
                "15": "[2 1 2]",
                "18": "[3 3 4]",
                "21": "[4 4 4]",
                "24": "[4 4 4]",
                "27": "[4 4 4]"
            },
            "symbolic": {
                "0": 6,
                "3": 7,
                "6": 4,
                "9": 3,
                "12": 2,
                "15": 3,
                "18": 4,
                "21": 4,
                "24": 4
            },
            "avg_amplitude": {
                "0": 0.8684879078821472,
                "3": 0.9558876901250454,
                "6": -0.2705796957999272,
                "9": -0.9007885446567023,
                "12": -0.9886172424032461,
                "15": -0.7822428981490644,
                "18": -0.3637533405919029,
                "21": -0.1491306212676099,
                "24": -0.17100531195354493
            }
        },
        "7": {
            "avg": 0.11820485714285714,
            "std": 0.06159373574973729,
            "words": {
                "3": "[2 2 3]",
                "6": "[3 2 1]",
                "9": "[4 5 5]",
                "12": "[6 6 8]",
                "15": "[6 5 5]",
                "18": "[5 4 4]",
                "21": "[4 4 4]",
                "24": "[3 3 3]",
                "27": "[3 3 4]"
            },
            "symbolic": {
                "0": 2,
                "3": 2,
                "6": 5,
                "9": 7,
                "12": 5,
                "15": 4,
                "18": 4,
                "21": 3,
                "24": 3
            },
            "avg_amplitude": {
                "0": -0.95787379056804,
                "3": -0.9614085227136885,
                "6": 0.2521889775943593,
                "9": 0.9553836618868706,
                "12": 0.5581033090757287,
                "15": -0.054056390196175697,
                "18": -0.4605652996706187,
                "21": -0.7098025368415826,
                "24": -0.6893003547605779
            }
        },
        "8": {
            "avg": 0.8374596428571427,
            "std": 0.33616921423022067,
            "words": {
                "3": "[7 1 7]",
                "6": "[7 7 7]",
                "9": "[7 7 7]",
                "12": "[8 8 8]",
                "15": "[8 8 8]",
                "18": "[8 8 8]",
                "21": "[8 8 8]",
                "24": "[8 8 8]",
                "27": "[8 8 7]"
            },
            "symbolic": {
                "0": 5,
                "3": 7,
                "6": 7,
                "9": 8,
                "12": 8,
                "15": 8,
                "18": 8,
                "21": 8,
                "24": 8
            },
            "avg_amplitude": {
                "0": 0.3175840652704706,
                "3": 0.9840862096686745,
                "6": 0.9944623300092355,
                "9": 0.9991138232357791,
                "12": 0.9992596497919166,
                "15": 0.9990726926686632,
                "18": 0.9992110409398708,
                "21": 0.9988520832632242,
                "24": 0.9978612105099814
            }
        },
        "9": {
            "avg": -0.12952714285714284,
            "std": 0.13055975388966518,
            "words": {
                "3": "[4 4 4]",
                "6": "[4 5 5]",
                "9": "[5 5 5]",
                "12": "[6 6 7]",
                "15": "[8 7 6]",
                "18": "[6 5 5]",
                "21": "[4 4 4]",
                "24": "[3 3 3]",
                "27": "[3 3 3]"
            },
            "symbolic": {
                "0": 4,
                "3": 5,
                "6": 5,
                "9": 6,
                "12": 7,
                "15": 5,
                "18": 4,
                "21": 3,
                "24": 3
            },
            "avg_amplitude": {
                "0": -0.18693166749380952,
                "3": 0.04118471369914922,
                "6": 0.4611579825415955,
                "9": 0.8839160533117663,
                "12": 0.9688294046234223,
                "15": 0.5028043207493827,
                "18": -0.30175135472000997,
                "21": -0.7933805811357152,
                "24": -0.9239728767154461
            }
        },
        "10": {
            "avg": -0.004442698021428571,
            "std": 0.0072236844225739795,
            "words": {
                "3": "[6 6 7]",
                "6": "[7 7 7]",
                "9": "[7 7 7]",
                "12": "[7 7 8]",
                "15": "[8 8 8]",
                "18": "[8 8 8]",
                "21": "[8 7 5]",
                "24": "[4 3 3]",
                "27": "[1 4 4]"
            },
            "symbolic": {
                "0": 6,
                "3": 7,
                "6": 7,
                "9": 7,
                "12": 8,
                "15": 8,
                "18": 6,
                "21": 3,
                "24": 3
            },
            "avg_amplitude": {
                "0": 0.9371350604139241,
                "3": 0.9777714753645377,
                "6": 0.9920410037082376,
                "9": 0.9966538456310935,
                "12": 0.9992365655395701,
                "15": 0.9997561230738756,
                "18": 0.7755188080957076,
                "21": -0.7202186499913855,
                "24": -0.6855305190431409
            }
        },
        "11": {
            "avg": 0.020532385714285718,
            "std": 0.056801531253118945,
            "words": {
                "3": "[1 5 5]",
                "6": "[5 5 5]",
                "9": "[5 5 5]",
                "12": "[5 5 5]",
                "15": "[5 5 5]",
                "18": "[5 8 6]",
                "21": "[5 5 5]",
                "24": "[4 4 4]",
                "27": "[4 4 4]"
            },
            "symbolic": {
                "0": 4,
                "3": 5,
                "6": 5,
                "9": 5,
                "12": 5,
                "15": 6,
                "18": 5,
                "21": 4,
                "24": 4
            },
            "avg_amplitude": {
                "0": -0.010327981538763797,
                "3": 0.2892620415377816,
                "6": 0.331472479992144,
                "9": 0.4973093730053517,
                "12": 0.4942480483134481,
                "15": 0.8224775371925173,
                "18": 0.33547601512250186,
                "21": -0.1824937398733246,
                "24": -0.21301615358177453
            }
        },
        "12": {
            "avg": 0.9180075,
            "std": 0.0018709784031851373,
            "words": {
                "3": "[7 8 6]",
                "6": "[6 5 5]",
                "9": "[4 4 4]",
                "12": "[4 3 3]",
                "15": "[1 2 3]",
                "18": "[3 3 3]",
                "21": "[3 4 4]",
                "24": "[4 5 5]",
                "27": "[5 5 5]"
            },
            "symbolic": {
                "0": 6,
                "3": 5,
                "6": 4,
                "9": 3,
                "12": 2,
                "15": 3,
                "18": 4,
                "21": 5,
                "24": 5
            },
            "avg_amplitude": {
                "0": 0.9537210756722692,
                "3": 0.4784240150093608,
                "6": -0.3045653533458746,
                "9": -0.7285803627267424,
                "12": -0.9749843652282979,
                "15": -0.8624140087555275,
                "18": -0.4796747967480111,
                "21": 0.2920575359599403,
                "24": 0.6210131332082403
            }
        },
        "13": {
            "avg": 0.2679492857142857,
            "std": 0.003990502547550949,
            "words": {
                "3": "[5 5 5]",
                "6": "[5 5 5]",
                "9": "[5 5 5]",
                "12": "[6 6 6]",
                "15": "[8 6 6]",
                "18": "[5 4 4]",
                "21": "[4 3 3]",
                "24": "[3 2 1]",
                "27": "[2 2 3]"
            },
            "symbolic": {
                "0": 5,
                "3": 5,
                "6": 5,
                "9": 6,
                "12": 6,
                "15": 4,
                "18": 3,
                "21": 2,
                "24": 3
            },
            "avg_amplitude": {
                "0": 0.1135070380353423,
                "3": 0.15783168613357654,
                "6": 0.5651392632524704,
                "9": 0.859239293201556,
                "12": 0.8640311470500183,
                "15": -0.22072476789458273,
                "18": -0.701108116202462,
                "21": -0.9826295297993437,
                "24": -0.9490865528601432
            }
        },
        "14": {
            "avg": -0.02665417857142857,
            "std": 0.004065728526157729,
            "words": {
                "3": "[6 5 5]",
                "6": "[5 4 4]",
                "9": "[4 4 4]",
                "12": "[3 3 2]",
                "15": "[1 2 2]",
                "18": "[3 3 3]",
                "21": "[4 4 4]",
                "24": "[5 5 5]",
                "27": "[5 5 6]"
            },
            "symbolic": {
                "0": 5,
                "3": 5,
                "6": 4,
                "9": 3,
                "12": 2,
                "15": 3,
                "18": 4,
                "21": 5,
                "24": 5
            },
            "avg_amplitude": {
                "0": 0.5606264651603572,
                "3": 0.04209686268641825,
                "6": -0.35807272183151334,
                "9": -0.911217517083147,
                "12": -0.9850366601825532,
                "15": -0.8339069280263361,
                "18": -0.4232131278368003,
                "21": 0.031173624619681355,
                "24": 0.4449099705720984
            }
        },
        "15": {
            "avg": 0.017933835714285716,
            "std": 0.006304885782101363,
            "words": {
                "3": "[4 4 1]",
                "6": "[3 3 3]",
                "9": "[4 4 4]",
                "12": "[5 5 5]",
                "15": "[5 5 5]",
                "18": "[6 6 6]",
                "21": "[7 8 7]",
                "24": "[7 7 7]",
                "27": "[8 6 6]"
            },
            "symbolic": {
                "0": 4,
                "3": 3,
                "6": 4,
                "9": 5,
                "12": 5,
                "15": 6,
                "18": 7,
                "21": 7,
                "24": 6
            },
            "avg_amplitude": {
                "0": -0.49982911856585216,
                "3": -0.8831281832440131,
                "6": -0.3433312827561237,
                "9": 0.33051425151160774,
                "12": 0.6079148585563566,
                "15": 0.8160392085141442,
                "18": 0.9838909610187118,
                "21": 0.9860339065712683,
                "24": 0.9278049032811081
            }
        },
        "16": {
            "avg": 0.9292417857142857,
            "std": 0.001746219309911239,
            "words": {
                "3": "[3 4 4]",
                "6": "[4 4 6]",
                "9": "[5 5 6]",
                "12": "[6 6 6]",
                "15": "[7 8 7]",
                "18": "[6 6 6]",
                "21": "[5 5 4]",
                "24": "[4 4 3]",
                "27": "[3 3 3]"
            },
            "symbolic": {
                "0": 3,
                "3": 5,
                "6": 5,
                "9": 6,
                "12": 7,
                "15": 6,
                "18": 5,
                "21": 4,
                "24": 3
            },
            "avg_amplitude": {
                "0": -0.6830135039090625,
                "3": 0.11869225302057673,
                "6": 0.58919687277892,
                "9": 0.9189765458421911,
                "12": 0.9786780383795016,
                "15": 0.828002842928193,
                "18": 0.21961620469078028,
                "21": -0.5095948827292621,
                "24": -0.8265813788202471
            }
        },
        "17": {
            "avg": -0.3476267857142857,
            "std": 0.005600498690474853,
            "words": {
                "3": "[8 6 5]",
                "6": "[5 5 5]",
                "9": "[5 5 5]",
                "12": "[5 5 5]",
                "15": "[5 5 4]",
                "18": "[4 4 2]",
                "21": "[4 3 3]",
                "24": "[2 1 2]",
                "27": "[3 2 3]"
            },
            "symbolic": {
                "0": 6,
                "3": 5,
                "6": 5,
                "9": 5,
                "12": 5,
                "15": 4,
                "18": 3,
                "21": 2,
                "24": 3
            },
            "avg_amplitude": {
                "0": 0.8168498168498167,
                "3": 0.4831094831094815,
                "6": 0.4627594627594657,
                "9": 0.3744403744403726,
                "12": 0.08465608465608683,
                "15": -0.5356125356125345,
                "18": -0.7745217745217726,
                "21": -0.9845339845339849,
                "24": -0.9133089133089124
            }
        },
        "18": {
            "avg": -0.06847142857142856,
            "std": 0.009027799553184971,
            "words": {
                "3": "[6 8 6]",
                "6": "[5 6 5]",
                "9": "[5 5 4]",
                "12": "[4 3 3]",
                "15": "[1 2 1]",
                "18": "[3 3 4]",
                "21": "[4 4 4]",
                "24": "[4 5 5]",
                "27": "[5 5 5]"
            },
            "symbolic": {
                "0": 6,
                "3": 5,
                "6": 4,
                "9": 3,
                "12": 2,
                "15": 3,
                "18": 4,
                "21": 5,
                "24": 5
            },
            "avg_amplitude": {
                "0": 0.9510517359979724,
                "3": 0.6120584579365945,
                "6": -0.03706117326189059,
                "9": -0.7156269987811216,
                "12": -0.9943762596092353,
                "15": -0.7529416024039689,
                "18": -0.3987666389100084,
                "21": 0.13758854977492943,
                "24": 0.3988631838094201
            }
        },
        "19": {
            "avg": -0.02805796428571428,
            "std": 0.005580780281845254,
            "words": {
                "3": "[5 5 4]",
                "6": "[1 3 3]",
                "9": "[3 4 4]",
                "12": "[4 4 4]",
                "15": "[4 4 5]",
                "18": "[5 5 5]",
                "21": "[6 5 5]",
                "24": "[6 6 6]",
                "27": "[6 7 7]"
            },
            "symbolic": {
                "0": 4,
                "3": 3,
                "6": 3,
                "9": 4,
                "12": 4,
                "15": 5,
                "18": 6,
                "21": 6,
                "24": 6
            },
            "avg_amplitude": {
                "0": -0.04379345177966617,
                "3": -0.8540614415592135,
                "6": -0.6993681541783038,
                "9": -0.22879157010715645,
                "12": -0.06688850595202715,
                "15": 0.48236179610592833,
                "18": 0.7029334284073129,
                "21": 0.8367896686275677,
                "24": 0.9434309822330503
            }
        }
    },
    "X": {
        "0": {
            "avg": 0.03381493928571429,
            "std": 0.012529516128794951,
            "words": {
                "3": "[4 4 4]",
                "6": "[5 5 5]",
                "9": "[5 6 6]",
                "12": "[6 6 6]",
                "15": "[6 6 6]",
                "18": "[6 6 7]",
                "21": "[8 7 6]",
                "24": "[6 5 5]",
                "27": "[4 4 4]"
            },
            "symbolic": {
                "0": 4,
                "3": 5,
                "6": 6,
                "9": 6,
                "12": 6,
                "15": 6,
                "18": 6,
                "21": 5,
                "24": 4
            },
            "avg_amplitude": {
                "0": -0.39798358009828777,
                "3": 0.2134723934471582,
                "6": 0.6833913554661835,
                "9": 0.911635870303846,
                "12": 0.9230231662311988,
                "15": 0.9494005183793046,
                "18": 0.9507033022354001,
                "21": 0.5228594336428651,
                "24": -0.40348422304624637
            }
        },
        "1": {
            "avg": -0.04247314285714286,
            "std": 0.01457148492576508,
            "words": {
                "3": "[8 6 5]",
                "6": "[5 4 4]",
                "9": "[4 3 3]",
                "12": "[3 3 1]",
                "15": "[2 2 2]",
                "18": "[3 3 4]",
                "21": "[4 4 4]",
                "24": "[5 5 5]",
                "27": "[5 5 5]"
            },
            "symbolic": {
                "0": 6,
                "3": 4,
                "6": 3,
                "9": 2,
                "12": 2,
                "15": 3,
                "18": 4,
                "21": 5,
                "24": 5
            },
            "avg_amplitude": {
                "0": 0.7516920020296878,
                "3": -0.10397861681067437,
                "6": -0.738613380216262,
                "9": -0.966924665708997,
                "12": -0.9859065343081551,
                "15": -0.7747189525667689,
                "18": -0.3574608892033477,
                "21": 0.08566854627187803,
                "24": 0.34263845114813146
            }
        },
        "2": {
            "avg": 0.003226834285714286,
            "std": 0.0038835229074713883,
            "words": {
                "3": "[4 4 4]",
                "6": "[4 5 5]",
                "9": "[5 6 6]",
                "12": "[6 7 8]",
                "15": "[7 6 6]",
                "18": "[5 5 5]",
                "21": "[5 5 5]",
                "24": "[4 4 4]",
                "27": "[4 4 3]"
            },
            "symbolic": {
                "0": 4,
                "3": 5,
                "6": 6,
                "9": 7,
                "12": 6,
                "15": 5,
                "18": 5,
                "21": 4,
                "24": 4
            },
            "avg_amplitude": {
                "0": -0.48362959334692174,
                "3": 0.2577804463124187,
                "6": 0.8046369300615693,
                "9": 0.9697051093660298,
                "12": 0.8815328624774184,
                "15": 0.4719461517799301,
                "18": 0.08035098252987612,
                "21": -0.13645341212532983,
                "24": -0.616884977378902
            }
        },
        "3": {
            "avg": 0.013303367857142857,
            "std": 0.027478920057935504,
            "words": {
                "3": "[1 3 3]",
                "6": "[3 4 4]",
                "9": "[5 5 5]",
                "12": "[5 6 6]",
                "15": "[6 7 8]",
                "18": "[7 7 7]",
                "21": "[6 6 5]",
                "24": "[5 5 4]",
                "27": "[4 4 4]"
            },
            "symbolic": {
                "0": 3,
                "3": 4,
                "6": 5,
                "9": 6,
                "12": 7,
                "15": 7,
                "18": 5,
                "21": 5,
                "24": 4
            },
            "avg_amplitude": {
                "0": -0.9469450321142178,
                "3": -0.47578870913935595,
                "6": 0.3083024014931737,
                "9": 0.6946425630566143,
                "12": 0.9659137455608059,
                "15": 0.9772054507603105,
                "18": 0.6697788531782726,
                "21": 0.1683882927735619,
                "24": -0.4729636714510728
            }
        },
        "4": {
            "avg": 0.8955435714285718,
            "std": 0.0037020877135953215,
            "words": {
                "3": "[1 3 3]",
                "6": "[4 4 4]",
                "9": "[4 4 5]",
                "12": "[5 5 5]",
                "15": "[6 6 6]",
                "18": "[8 7 7]",
                "21": "[6 6 5]",
                "24": "[5 5 5]",
                "27": "[5 5 5]"
            },
            "symbolic": {
                "0": 3,
                "3": 4,
                "6": 4,
                "9": 5,
                "12": 6,
                "15": 7,
                "18": 6,
                "21": 5,
                "24": 5
            },
            "avg_amplitude": {
                "0": -0.8852762357917006,
                "3": -0.48929421094370035,
                "6": -0.062120010573623076,
                "9": 0.4385408406026801,
                "12": 0.8107322231033399,
                "15": 0.983082209886311,
                "18": 0.6949510970129351,
                "21": 0.37879989426380983,
                "24": 0.2630187681733993
            }
        },
        "5": {
            "avg": 0.3757614285714285,
            "std": 0.0060688730507253204,
            "words": {
                "3": "[5 5 5]",
                "6": "[6 8 7]",
                "9": "[6 6 5]",
                "12": "[5 4 4]",
                "15": "[4 4 4]",
                "18": "[3 4 4]",
                "21": "[4 4 4]",
                "24": "[4 4 4]",
                "27": "[4 3 3]"
            },
            "symbolic": {
                "0": 5,
                "3": 6,
                "6": 5,
                "9": 4,
                "12": 4,
                "15": 4,
                "18": 4,
                "21": 4,
                "24": 3
            },
            "avg_amplitude": {
                "0": 0.2934415145368506,
                "3": 0.9421906693711989,
                "6": 0.6707234617985165,
                "9": -0.10108181203515887,
                "12": -0.5043948613928299,
                "15": -0.6643002028397561,
                "18": -0.49594320486815385,
                "21": -0.46281271129141155,
                "24": -0.7630155510480062
            }
        },
        "6": {
            "avg": 0.04443153571428571,
            "std": 0.006913325385627826,
            "words": {
                "3": "[6 6 6]",
                "6": "[6 8 7]",
                "9": "[5 4 3]",
                "12": "[3 3 2]",
                "15": "[2 1 2]",
                "18": "[3 3 4]",
                "21": "[4 4 4]",
                "24": "[4 4 4]",
                "27": "[4 4 4]"
            },
            "symbolic": {
                "0": 6,
                "3": 7,
                "6": 4,
                "9": 3,
                "12": 2,
                "15": 3,
                "18": 4,
                "21": 4,
                "24": 4
            },
            "avg_amplitude": {
                "0": 0.8684879078821472,
                "3": 0.9558876901250454,
                "6": -0.2705796957999272,
                "9": -0.9007885446567023,
                "12": -0.9886172424032461,
                "15": -0.7822428981490644,
                "18": -0.3637533405919029,
                "21": -0.1491306212676099,
                "24": -0.17100531195354493
            }
        },
        "7": {
            "avg": 0.11820485714285714,
            "std": 0.06159373574973729,
            "words": {
                "3": "[2 2 3]",
                "6": "[3 2 1]",
                "9": "[4 5 5]",
                "12": "[6 6 8]",
                "15": "[6 5 5]",
                "18": "[5 4 4]",
                "21": "[4 4 4]",
                "24": "[3 3 3]",
                "27": "[3 3 4]"
            },
            "symbolic": {
                "0": 2,
                "3": 2,
                "6": 5,
                "9": 7,
                "12": 5,
                "15": 4,
                "18": 4,
                "21": 3,
                "24": 3
            },
            "avg_amplitude": {
                "0": -0.95787379056804,
                "3": -0.9614085227136885,
                "6": 0.2521889775943593,
                "9": 0.9553836618868706,
                "12": 0.5581033090757287,
                "15": -0.054056390196175697,
                "18": -0.4605652996706187,
                "21": -0.7098025368415826,
                "24": -0.6893003547605779
            }
        },
        "8": {
            "avg": 0.8374596428571427,
            "std": 0.33616921423022067,
            "words": {
                "3": "[7 1 7]",
                "6": "[7 7 7]",
                "9": "[7 7 7]",
                "12": "[8 8 8]",
                "15": "[8 8 8]",
                "18": "[8 8 8]",
                "21": "[8 8 8]",
                "24": "[8 8 8]",
                "27": "[8 8 7]"
            },
            "symbolic": {
                "0": 5,
                "3": 7,
                "6": 7,
                "9": 8,
                "12": 8,
                "15": 8,
                "18": 8,
                "21": 8,
                "24": 8
            },
            "avg_amplitude": {
                "0": 0.3175840652704706,
                "3": 0.9840862096686745,
                "6": 0.9944623300092355,
                "9": 0.9991138232357791,
                "12": 0.9992596497919166,
                "15": 0.9990726926686632,
                "18": 0.9992110409398708,
                "21": 0.9988520832632242,
                "24": 0.9978612105099814
            }
        },
        "9": {
            "avg": -0.12952714285714284,
            "std": 0.13055975388966518,
            "words": {
                "3": "[4 4 4]",
                "6": "[4 5 5]",
                "9": "[5 5 5]",
                "12": "[6 6 7]",
                "15": "[8 7 6]",
                "18": "[6 5 5]",
                "21": "[4 4 4]",
                "24": "[3 3 3]",
                "27": "[3 3 3]"
            },
            "symbolic": {
                "0": 4,
                "3": 5,
                "6": 5,
                "9": 6,
                "12": 7,
                "15": 5,
                "18": 4,
                "21": 3,
                "24": 3
            },
            "avg_amplitude": {
                "0": -0.18693166749380952,
                "3": 0.04118471369914922,
                "6": 0.4611579825415955,
                "9": 0.8839160533117663,
                "12": 0.9688294046234223,
                "15": 0.5028043207493827,
                "18": -0.30175135472000997,
                "21": -0.7933805811357152,
                "24": -0.9239728767154461
            }
        },
        "10": {
            "avg": -0.004442698021428571,
            "std": 0.0072236844225739795,
            "words": {
                "3": "[6 6 7]",
                "6": "[7 7 7]",
                "9": "[7 7 7]",
                "12": "[7 7 8]",
                "15": "[8 8 8]",
                "18": "[8 8 8]",
                "21": "[8 7 5]",
                "24": "[4 3 3]",
                "27": "[1 4 4]"
            },
            "symbolic": {
                "0": 6,
                "3": 7,
                "6": 7,
                "9": 7,
                "12": 8,
                "15": 8,
                "18": 6,
                "21": 3,
                "24": 3
            },
            "avg_amplitude": {
                "0": 0.9371350604139241,
                "3": 0.9777714753645377,
                "6": 0.9920410037082376,
                "9": 0.9966538456310935,
                "12": 0.9992365655395701,
                "15": 0.9997561230738756,
                "18": 0.7755188080957076,
                "21": -0.7202186499913855,
                "24": -0.6855305190431409
            }
        },
        "11": {
            "avg": 0.020532385714285718,
            "std": 0.056801531253118945,
            "words": {
                "3": "[1 5 5]",
                "6": "[5 5 5]",
                "9": "[5 5 5]",
                "12": "[5 5 5]",
                "15": "[5 5 5]",
                "18": "[5 8 6]",
                "21": "[5 5 5]",
                "24": "[4 4 4]",
                "27": "[4 4 4]"
            },
            "symbolic": {
                "0": 4,
                "3": 5,
                "6": 5,
                "9": 5,
                "12": 5,
                "15": 6,
                "18": 5,
                "21": 4,
                "24": 4
            },
            "avg_amplitude": {
                "0": -0.010327981538763797,
                "3": 0.2892620415377816,
                "6": 0.331472479992144,
                "9": 0.4973093730053517,
                "12": 0.4942480483134481,
                "15": 0.8224775371925173,
                "18": 0.33547601512250186,
                "21": -0.1824937398733246,
                "24": -0.21301615358177453
            }
        },
        "12": {
            "avg": 0.9180075,
            "std": 0.0018709784031851373,
            "words": {
                "3": "[7 8 6]",
                "6": "[6 5 5]",
                "9": "[4 4 4]",
                "12": "[4 3 3]",
                "15": "[1 2 3]",
                "18": "[3 3 3]",
                "21": "[3 4 4]",
                "24": "[4 5 5]",
                "27": "[5 5 5]"
            },
            "symbolic": {
                "0": 6,
                "3": 5,
                "6": 4,
                "9": 3,
                "12": 2,
                "15": 3,
                "18": 4,
                "21": 5,
                "24": 5
            },
            "avg_amplitude": {
                "0": 0.9537210756722692,
                "3": 0.4784240150093608,
                "6": -0.3045653533458746,
                "9": -0.7285803627267424,
                "12": -0.9749843652282979,
                "15": -0.8624140087555275,
                "18": -0.4796747967480111,
                "21": 0.2920575359599403,
                "24": 0.6210131332082403
            }
        },
        "13": {
            "avg": 0.2679492857142857,
            "std": 0.003990502547550949,
            "words": {
                "3": "[5 5 5]",
                "6": "[5 5 5]",
                "9": "[5 5 5]",
                "12": "[6 6 6]",
                "15": "[8 6 6]",
                "18": "[5 4 4]",
                "21": "[4 3 3]",
                "24": "[3 2 1]",
                "27": "[2 2 3]"
            },
            "symbolic": {
                "0": 5,
                "3": 5,
                "6": 5,
                "9": 6,
                "12": 6,
                "15": 4,
                "18": 3,
                "21": 2,
                "24": 3
            },
            "avg_amplitude": {
                "0": 0.1135070380353423,
                "3": 0.15783168613357654,
                "6": 0.5651392632524704,
                "9": 0.859239293201556,
                "12": 0.8640311470500183,
                "15": -0.22072476789458273,
                "18": -0.701108116202462,
                "21": -0.9826295297993437,
                "24": -0.9490865528601432
            }
        },
        "14": {
            "avg": -0.02665417857142857,
            "std": 0.004065728526157729,
            "words": {
                "3": "[6 5 5]",
                "6": "[5 4 4]",
                "9": "[4 4 4]",
                "12": "[3 3 2]",
                "15": "[1 2 2]",
                "18": "[3 3 3]",
                "21": "[4 4 4]",
                "24": "[5 5 5]",
                "27": "[5 5 6]"
            },
            "symbolic": {
                "0": 5,
                "3": 5,
                "6": 4,
                "9": 3,
                "12": 2,
                "15": 3,
                "18": 4,
                "21": 5,
                "24": 5
            },
            "avg_amplitude": {
                "0": 0.5606264651603572,
                "3": 0.04209686268641825,
                "6": -0.35807272183151334,
                "9": -0.911217517083147,
                "12": -0.9850366601825532,
                "15": -0.8339069280263361,
                "18": -0.4232131278368003,
                "21": 0.031173624619681355,
                "24": 0.4449099705720984
            }
        },
        "15": {
            "avg": 0.017933835714285716,
            "std": 0.006304885782101363,
            "words": {
                "3": "[4 4 1]",
                "6": "[3 3 3]",
                "9": "[4 4 4]",
                "12": "[5 5 5]",
                "15": "[5 5 5]",
                "18": "[6 6 6]",
                "21": "[7 8 7]",
                "24": "[7 7 7]",
                "27": "[8 6 6]"
            },
            "symbolic": {
                "0": 4,
                "3": 3,
                "6": 4,
                "9": 5,
                "12": 5,
                "15": 6,
                "18": 7,
                "21": 7,
                "24": 6
            },
            "avg_amplitude": {
                "0": -0.49982911856585216,
                "3": -0.8831281832440131,
                "6": -0.3433312827561237,
                "9": 0.33051425151160774,
                "12": 0.6079148585563566,
                "15": 0.8160392085141442,
                "18": 0.9838909610187118,
                "21": 0.9860339065712683,
                "24": 0.9278049032811081
            }
        },
        "16": {
            "avg": 0.9292417857142857,
            "std": 0.001746219309911239,
            "words": {
                "3": "[3 4 4]",
                "6": "[4 4 6]",
                "9": "[5 5 6]",
                "12": "[6 6 6]",
                "15": "[7 8 7]",
                "18": "[6 6 6]",
                "21": "[5 5 4]",
                "24": "[4 4 3]",
                "27": "[3 3 3]"
            },
            "symbolic": {
                "0": 3,
                "3": 5,
                "6": 5,
                "9": 6,
                "12": 7,
                "15": 6,
                "18": 5,
                "21": 4,
                "24": 3
            },
            "avg_amplitude": {
                "0": -0.6830135039090625,
                "3": 0.11869225302057673,
                "6": 0.58919687277892,
                "9": 0.9189765458421911,
                "12": 0.9786780383795016,
                "15": 0.828002842928193,
                "18": 0.21961620469078028,
                "21": -0.5095948827292621,
                "24": -0.8265813788202471
            }
        },
        "17": {
            "avg": -0.3476267857142857,
            "std": 0.005600498690474853,
            "words": {
                "3": "[8 6 5]",
                "6": "[5 5 5]",
                "9": "[5 5 5]",
                "12": "[5 5 5]",
                "15": "[5 5 4]",
                "18": "[4 4 2]",
                "21": "[4 3 3]",
                "24": "[2 1 2]",
                "27": "[3 2 3]"
            },
            "symbolic": {
                "0": 6,
                "3": 5,
                "6": 5,
                "9": 5,
                "12": 5,
                "15": 4,
                "18": 3,
                "21": 2,
                "24": 3
            },
            "avg_amplitude": {
                "0": 0.8168498168498167,
                "3": 0.4831094831094815,
                "6": 0.4627594627594657,
                "9": 0.3744403744403726,
                "12": 0.08465608465608683,
                "15": -0.5356125356125345,
                "18": -0.7745217745217726,
                "21": -0.9845339845339849,
                "24": -0.9133089133089124
            }
        },
        "18": {
            "avg": -0.06847142857142856,
            "std": 0.009027799553184971,
            "words": {
                "3": "[6 8 6]",
                "6": "[5 6 5]",
                "9": "[5 5 4]",
                "12": "[4 3 3]",
                "15": "[1 2 1]",
                "18": "[3 3 4]",
                "21": "[4 4 4]",
                "24": "[4 5 5]",
                "27": "[5 5 5]"
            },
            "symbolic": {
                "0": 6,
                "3": 5,
                "6": 4,
                "9": 3,
                "12": 2,
                "15": 3,
                "18": 4,
                "21": 5,
                "24": 5
            },
            "avg_amplitude": {
                "0": 0.9510517359979724,
                "3": 0.6120584579365945,
                "6": -0.03706117326189059,
                "9": -0.7156269987811216,
                "12": -0.9943762596092353,
                "15": -0.7529416024039689,
                "18": -0.3987666389100084,
                "21": 0.13758854977492943,
                "24": 0.3988631838094201
            }
        },
        "19": {
            "avg": -0.02805796428571428,
            "std": 0.005580780281845254,
            "words": {
                "3": "[5 5 4]",
                "6": "[1 3 3]",
                "9": "[3 4 4]",
                "12": "[4 4 4]",
                "15": "[4 4 5]",
                "18": "[5 5 5]",
                "21": "[6 5 5]",
                "24": "[6 6 6]",
                "27": "[6 7 7]"
            },
            "symbolic": {
                "0": 4,
                "3": 3,
                "6": 3,
                "9": 4,
                "12": 4,
                "15": 5,
                "18": 6,
                "21": 6,
                "24": 6
            },
            "avg_amplitude": {
                "0": -0.04379345177966617,
                "3": -0.8540614415592135,
                "6": -0.6993681541783038,
                "9": -0.22879157010715645,
                "12": -0.06688850595202715,
                "15": 0.48236179610592833,
                "18": 0.7029334284073129,
                "21": 0.8367896686275677,
                "24": 0.9434309822330503
            }
        }
    },
    "Y": {
        "0": {
            "avg": 0.03381493928571429,
            "std": 0.012529516128794951,
            "words": {
                "3": "[4 4 4]",
                "6": "[5 5 5]",
                "9": "[5 6 6]",
                "12": "[6 6 6]",
                "15": "[6 6 6]",
                "18": "[6 6 7]",
                "21": "[8 7 6]",
                "24": "[6 5 5]",
                "27": "[4 4 4]"
            },
            "symbolic": {
                "0": 4,
                "3": 5,
                "6": 6,
                "9": 6,
                "12": 6,
                "15": 6,
                "18": 6,
                "21": 5,
                "24": 4
            },
            "avg_amplitude": {
                "0": -0.39798358009828777,
                "3": 0.2134723934471582,
                "6": 0.6833913554661835,
                "9": 0.911635870303846,
                "12": 0.9230231662311988,
                "15": 0.9494005183793046,
                "18": 0.9507033022354001,
                "21": 0.5228594336428651,
                "24": -0.40348422304624637
            }
        },
        "1": {
            "avg": -0.04247314285714286,
            "std": 0.01457148492576508,
            "words": {
                "3": "[8 6 5]",
                "6": "[5 4 4]",
                "9": "[4 3 3]",
                "12": "[3 3 1]",
                "15": "[2 2 2]",
                "18": "[3 3 4]",
                "21": "[4 4 4]",
                "24": "[5 5 5]",
                "27": "[5 5 5]"
            },
            "symbolic": {
                "0": 6,
                "3": 4,
                "6": 3,
                "9": 2,
                "12": 2,
                "15": 3,
                "18": 4,
                "21": 5,
                "24": 5
            },
            "avg_amplitude": {
                "0": 0.7516920020296878,
                "3": -0.10397861681067437,
                "6": -0.738613380216262,
                "9": -0.966924665708997,
                "12": -0.9859065343081551,
                "15": -0.7747189525667689,
                "18": -0.3574608892033477,
                "21": 0.08566854627187803,
                "24": 0.34263845114813146
            }
        },
        "2": {
            "avg": 0.003226834285714286,
            "std": 0.0038835229074713883,
            "words": {
                "3": "[4 4 4]",
                "6": "[4 5 5]",
                "9": "[5 6 6]",
                "12": "[6 7 8]",
                "15": "[7 6 6]",
                "18": "[5 5 5]",
                "21": "[5 5 5]",
                "24": "[4 4 4]",
                "27": "[4 4 3]"
            },
            "symbolic": {
                "0": 4,
                "3": 5,
                "6": 6,
                "9": 7,
                "12": 6,
                "15": 5,
                "18": 5,
                "21": 4,
                "24": 4
            },
            "avg_amplitude": {
                "0": -0.48362959334692174,
                "3": 0.2577804463124187,
                "6": 0.8046369300615693,
                "9": 0.9697051093660298,
                "12": 0.8815328624774184,
                "15": 0.4719461517799301,
                "18": 0.08035098252987612,
                "21": -0.13645341212532983,
                "24": -0.616884977378902
            }
        },
        "3": {
            "avg": 0.013303367857142857,
            "std": 0.027478920057935504,
            "words": {
                "3": "[1 3 3]",
                "6": "[3 4 4]",
                "9": "[5 5 5]",
                "12": "[5 6 6]",
                "15": "[6 7 8]",
                "18": "[7 7 7]",
                "21": "[6 6 5]",
                "24": "[5 5 4]",
                "27": "[4 4 4]"
            },
            "symbolic": {
                "0": 3,
                "3": 4,
                "6": 5,
                "9": 6,
                "12": 7,
                "15": 7,
                "18": 5,
                "21": 5,
                "24": 4
            },
            "avg_amplitude": {
                "0": -0.9469450321142178,
                "3": -0.47578870913935595,
                "6": 0.3083024014931737,
                "9": 0.6946425630566143,
                "12": 0.9659137455608059,
                "15": 0.9772054507603105,
                "18": 0.6697788531782726,
                "21": 0.1683882927735619,
                "24": -0.4729636714510728
            }
        },
        "4": {
            "avg": 0.8955435714285718,
            "std": 0.0037020877135953215,
            "words": {
                "3": "[1 3 3]",
                "6": "[4 4 4]",
                "9": "[4 4 5]",
                "12": "[5 5 5]",
                "15": "[6 6 6]",
                "18": "[8 7 7]",
                "21": "[6 6 5]",
                "24": "[5 5 5]",
                "27": "[5 5 5]"
            },
            "symbolic": {
                "0": 3,
                "3": 4,
                "6": 4,
                "9": 5,
                "12": 6,
                "15": 7,
                "18": 6,
                "21": 5,
                "24": 5
            },
            "avg_amplitude": {
                "0": -0.8852762357917006,
                "3": -0.48929421094370035,
                "6": -0.062120010573623076,
                "9": 0.4385408406026801,
                "12": 0.8107322231033399,
                "15": 0.983082209886311,
                "18": 0.6949510970129351,
                "21": 0.37879989426380983,
                "24": 0.2630187681733993
            }
        },
        "5": {
            "avg": 0.3757614285714285,
            "std": 0.0060688730507253204,
            "words": {
                "3": "[5 5 5]",
                "6": "[6 8 7]",
                "9": "[6 6 5]",
                "12": "[5 4 4]",
                "15": "[4 4 4]",
                "18": "[3 4 4]",
                "21": "[4 4 4]",
                "24": "[4 4 4]",
                "27": "[4 3 3]"
            },
            "symbolic": {
                "0": 5,
                "3": 6,
                "6": 5,
                "9": 4,
                "12": 4,
                "15": 4,
                "18": 4,
                "21": 4,
                "24": 3
            },
            "avg_amplitude": {
                "0": 0.2934415145368506,
                "3": 0.9421906693711989,
                "6": 0.6707234617985165,
                "9": -0.10108181203515887,
                "12": -0.5043948613928299,
                "15": -0.6643002028397561,
                "18": -0.49594320486815385,
                "21": -0.46281271129141155,
                "24": -0.7630155510480062
            }
        },
        "6": {
            "avg": 0.04443153571428571,
            "std": 0.006913325385627826,
            "words": {
                "3": "[6 6 6]",
                "6": "[6 8 7]",
                "9": "[5 4 3]",
                "12": "[3 3 2]",
                "15": "[2 1 2]",
                "18": "[3 3 4]",
                "21": "[4 4 4]",
                "24": "[4 4 4]",
                "27": "[4 4 4]"
            },
            "symbolic": {
                "0": 6,
                "3": 7,
                "6": 4,
                "9": 3,
                "12": 2,
                "15": 3,
                "18": 4,
                "21": 4,
                "24": 4
            },
            "avg_amplitude": {
                "0": 0.8684879078821472,
                "3": 0.9558876901250454,
                "6": -0.2705796957999272,
                "9": -0.9007885446567023,
                "12": -0.9886172424032461,
                "15": -0.7822428981490644,
                "18": -0.3637533405919029,
                "21": -0.1491306212676099,
                "24": -0.17100531195354493
            }
        },
        "7": {
            "avg": 0.11820485714285714,
            "std": 0.06159373574973729,
            "words": {
                "3": "[2 2 3]",
                "6": "[3 2 1]",
                "9": "[4 5 5]",
                "12": "[6 6 8]",
                "15": "[6 5 5]",
                "18": "[5 4 4]",
                "21": "[4 4 4]",
                "24": "[3 3 3]",
                "27": "[3 3 4]"
            },
            "symbolic": {
                "0": 2,
                "3": 2,
                "6": 5,
                "9": 7,
                "12": 5,
                "15": 4,
                "18": 4,
                "21": 3,
                "24": 3
            },
            "avg_amplitude": {
                "0": -0.95787379056804,
                "3": -0.9614085227136885,
                "6": 0.2521889775943593,
                "9": 0.9553836618868706,
                "12": 0.5581033090757287,
                "15": -0.054056390196175697,
                "18": -0.4605652996706187,
                "21": -0.7098025368415826,
                "24": -0.6893003547605779
            }
        },
        "8": {
            "avg": 0.8374596428571427,
            "std": 0.33616921423022067,
            "words": {
                "3": "[7 1 7]",
                "6": "[7 7 7]",
                "9": "[7 7 7]",
                "12": "[8 8 8]",
                "15": "[8 8 8]",
                "18": "[8 8 8]",
                "21": "[8 8 8]",
                "24": "[8 8 8]",
                "27": "[8 8 7]"
            },
            "symbolic": {
                "0": 5,
                "3": 7,
                "6": 7,
                "9": 8,
                "12": 8,
                "15": 8,
                "18": 8,
                "21": 8,
                "24": 8
            },
            "avg_amplitude": {
                "0": 0.3175840652704706,
                "3": 0.9840862096686745,
                "6": 0.9944623300092355,
                "9": 0.9991138232357791,
                "12": 0.9992596497919166,
                "15": 0.9990726926686632,
                "18": 0.9992110409398708,
                "21": 0.9988520832632242,
                "24": 0.9978612105099814
            }
        },
        "9": {
            "avg": -0.12952714285714284,
            "std": 0.13055975388966518,
            "words": {
                "3": "[4 4 4]",
                "6": "[4 5 5]",
                "9": "[5 5 5]",
                "12": "[6 6 7]",
                "15": "[8 7 6]",
                "18": "[6 5 5]",
                "21": "[4 4 4]",
                "24": "[3 3 3]",
                "27": "[3 3 3]"
            },
            "symbolic": {
                "0": 4,
                "3": 5,
                "6": 5,
                "9": 6,
                "12": 7,
                "15": 5,
                "18": 4,
                "21": 3,
                "24": 3
            },
            "avg_amplitude": {
                "0": -0.18693166749380952,
                "3": 0.04118471369914922,
                "6": 0.4611579825415955,
                "9": 0.8839160533117663,
                "12": 0.9688294046234223,
                "15": 0.5028043207493827,
                "18": -0.30175135472000997,
                "21": -0.7933805811357152,
                "24": -0.9239728767154461
            }
        },
        "10": {
            "avg": -0.004442698021428571,
            "std": 0.0072236844225739795,
            "words": {
                "3": "[6 6 7]",
                "6": "[7 7 7]",
                "9": "[7 7 7]",
                "12": "[7 7 8]",
                "15": "[8 8 8]",
                "18": "[8 8 8]",
                "21": "[8 7 5]",
                "24": "[4 3 3]",
                "27": "[1 4 4]"
            },
            "symbolic": {
                "0": 6,
                "3": 7,
                "6": 7,
                "9": 7,
                "12": 8,
                "15": 8,
                "18": 6,
                "21": 3,
                "24": 3
            },
            "avg_amplitude": {
                "0": 0.9371350604139241,
                "3": 0.9777714753645377,
                "6": 0.9920410037082376,
                "9": 0.9966538456310935,
                "12": 0.9992365655395701,
                "15": 0.9997561230738756,
                "18": 0.7755188080957076,
                "21": -0.7202186499913855,
                "24": -0.6855305190431409
            }
        },
        "11": {
            "avg": 0.020532385714285718,
            "std": 0.056801531253118945,
            "words": {
                "3": "[1 5 5]",
                "6": "[5 5 5]",
                "9": "[5 5 5]",
                "12": "[5 5 5]",
                "15": "[5 5 5]",
                "18": "[5 8 6]",
                "21": "[5 5 5]",
                "24": "[4 4 4]",
                "27": "[4 4 4]"
            },
            "symbolic": {
                "0": 4,
                "3": 5,
                "6": 5,
                "9": 5,
                "12": 5,
                "15": 6,
                "18": 5,
                "21": 4,
                "24": 4
            },
            "avg_amplitude": {
                "0": -0.010327981538763797,
                "3": 0.2892620415377816,
                "6": 0.331472479992144,
                "9": 0.4973093730053517,
                "12": 0.4942480483134481,
                "15": 0.8224775371925173,
                "18": 0.33547601512250186,
                "21": -0.1824937398733246,
                "24": -0.21301615358177453
            }
        },
        "12": {
            "avg": 0.9180075,
            "std": 0.0018709784031851373,
            "words": {
                "3": "[7 8 6]",
                "6": "[6 5 5]",
                "9": "[4 4 4]",
                "12": "[4 3 3]",
                "15": "[1 2 3]",
                "18": "[3 3 3]",
                "21": "[3 4 4]",
                "24": "[4 5 5]",
                "27": "[5 5 5]"
            },
            "symbolic": {
                "0": 6,
                "3": 5,
                "6": 4,
                "9": 3,
                "12": 2,
                "15": 3,
                "18": 4,
                "21": 5,
                "24": 5
            },
            "avg_amplitude": {
                "0": 0.9537210756722692,
                "3": 0.4784240150093608,
                "6": -0.3045653533458746,
                "9": -0.7285803627267424,
                "12": -0.9749843652282979,
                "15": -0.8624140087555275,
                "18": -0.4796747967480111,
                "21": 0.2920575359599403,
                "24": 0.6210131332082403
            }
        },
        "13": {
            "avg": 0.2679492857142857,
            "std": 0.003990502547550949,
            "words": {
                "3": "[5 5 5]",
                "6": "[5 5 5]",
                "9": "[5 5 5]",
                "12": "[6 6 6]",
                "15": "[8 6 6]",
                "18": "[5 4 4]",
                "21": "[4 3 3]",
                "24": "[3 2 1]",
                "27": "[2 2 3]"
            },
            "symbolic": {
                "0": 5,
                "3": 5,
                "6": 5,
                "9": 6,
                "12": 6,
                "15": 4,
                "18": 3,
                "21": 2,
                "24": 3
            },
            "avg_amplitude": {
                "0": 0.1135070380353423,
                "3": 0.15783168613357654,
                "6": 0.5651392632524704,
                "9": 0.859239293201556,
                "12": 0.8640311470500183,
                "15": -0.22072476789458273,
                "18": -0.701108116202462,
                "21": -0.9826295297993437,
                "24": -0.9490865528601432
            }
        },
        "14": {
            "avg": -0.02665417857142857,
            "std": 0.004065728526157729,
            "words": {
                "3": "[6 5 5]",
                "6": "[5 4 4]",
                "9": "[4 4 4]",
                "12": "[3 3 2]",
                "15": "[1 2 2]",
                "18": "[3 3 3]",
                "21": "[4 4 4]",
                "24": "[5 5 5]",
                "27": "[5 5 6]"
            },
            "symbolic": {
                "0": 5,
                "3": 5,
                "6": 4,
                "9": 3,
                "12": 2,
                "15": 3,
                "18": 4,
                "21": 5,
                "24": 5
            },
            "avg_amplitude": {
                "0": 0.5606264651603572,
                "3": 0.04209686268641825,
                "6": -0.35807272183151334,
                "9": -0.911217517083147,
                "12": -0.9850366601825532,
                "15": -0.8339069280263361,
                "18": -0.4232131278368003,
                "21": 0.031173624619681355,
                "24": 0.4449099705720984
            }
        },
        "15": {
            "avg": 0.017933835714285716,
            "std": 0.006304885782101363,
            "words": {
                "3": "[4 4 1]",
                "6": "[3 3 3]",
                "9": "[4 4 4]",
                "12": "[5 5 5]",
                "15": "[5 5 5]",
                "18": "[6 6 6]",
                "21": "[7 8 7]",
                "24": "[7 7 7]",
                "27": "[8 6 6]"
            },
            "symbolic": {
                "0": 4,
                "3": 3,
                "6": 4,
                "9": 5,
                "12": 5,
                "15": 6,
                "18": 7,
                "21": 7,
                "24": 6
            },
            "avg_amplitude": {
                "0": -0.49982911856585216,
                "3": -0.8831281832440131,
                "6": -0.3433312827561237,
                "9": 0.33051425151160774,
                "12": 0.6079148585563566,
                "15": 0.8160392085141442,
                "18": 0.9838909610187118,
                "21": 0.9860339065712683,
                "24": 0.9278049032811081
            }
        },
        "16": {
            "avg": 0.9292417857142857,
            "std": 0.001746219309911239,
            "words": {
                "3": "[3 4 4]",
                "6": "[4 4 6]",
                "9": "[5 5 6]",
                "12": "[6 6 6]",
                "15": "[7 8 7]",
                "18": "[6 6 6]",
                "21": "[5 5 4]",
                "24": "[4 4 3]",
                "27": "[3 3 3]"
            },
            "symbolic": {
                "0": 3,
                "3": 5,
                "6": 5,
                "9": 6,
                "12": 7,
                "15": 6,
                "18": 5,
                "21": 4,
                "24": 3
            },
            "avg_amplitude": {
                "0": -0.6830135039090625,
                "3": 0.11869225302057673,
                "6": 0.58919687277892,
                "9": 0.9189765458421911,
                "12": 0.9786780383795016,
                "15": 0.828002842928193,
                "18": 0.21961620469078028,
                "21": -0.5095948827292621,
                "24": -0.8265813788202471
            }
        },
        "17": {
            "avg": -0.3476267857142857,
            "std": 0.005600498690474853,
            "words": {
                "3": "[8 6 5]",
                "6": "[5 5 5]",
                "9": "[5 5 5]",
                "12": "[5 5 5]",
                "15": "[5 5 4]",
                "18": "[4 4 2]",
                "21": "[4 3 3]",
                "24": "[2 1 2]",
                "27": "[3 2 3]"
            },
            "symbolic": {
                "0": 6,
                "3": 5,
                "6": 5,
                "9": 5,
                "12": 5,
                "15": 4,
                "18": 3,
                "21": 2,
                "24": 3
            },
            "avg_amplitude": {
                "0": 0.8168498168498167,
                "3": 0.4831094831094815,
                "6": 0.4627594627594657,
                "9": 0.3744403744403726,
                "12": 0.08465608465608683,
                "15": -0.5356125356125345,
                "18": -0.7745217745217726,
                "21": -0.9845339845339849,
                "24": -0.9133089133089124
            }
        },
        "18": {
            "avg": -0.06847142857142856,
            "std": 0.009027799553184971,
            "words": {
                "3": "[6 8 6]",
                "6": "[5 6 5]",
                "9": "[5 5 4]",
                "12": "[4 3 3]",
                "15": "[1 2 1]",
                "18": "[3 3 4]",
                "21": "[4 4 4]",
                "24": "[4 5 5]",
                "27": "[5 5 5]"
            },
            "symbolic": {
                "0": 6,
                "3": 5,
                "6": 4,
                "9": 3,
                "12": 2,
                "15": 3,
                "18": 4,
                "21": 5,
                "24": 5
            },
            "avg_amplitude": {
                "0": 0.9510517359979724,
                "3": 0.6120584579365945,
                "6": -0.03706117326189059,
                "9": -0.7156269987811216,
                "12": -0.9943762596092353,
                "15": -0.7529416024039689,
                "18": -0.3987666389100084,
                "21": 0.13758854977492943,
                "24": 0.3988631838094201
            }
        },
        "19": {
            "avg": -0.02805796428571428,
            "std": 0.005580780281845254,
            "words": {
                "3": "[5 5 4]",
                "6": "[1 3 3]",
                "9": "[3 4 4]",
                "12": "[4 4 4]",
                "15": "[4 4 5]",
                "18": "[5 5 5]",
                "21": "[6 5 5]",
                "24": "[6 6 6]",
                "27": "[6 7 7]"
            },
            "symbolic": {
                "0": 4,
                "3": 3,
                "6": 3,
                "9": 4,
                "12": 4,
                "15": 5,
                "18": 6,
                "21": 6,
                "24": 6
            },
            "avg_amplitude": {
                "0": -0.04379345177966617,
                "3": -0.8540614415592135,
                "6": -0.6993681541783038,
                "9": -0.22879157010715645,
                "12": -0.06688850595202715,
                "15": 0.48236179610592833,
                "18": 0.7029334284073129,
                "21": 0.8367896686275677,
                "24": 0.9434309822330503
            }
        }
    },
    "Z": {
        "0": {
            "avg": 0.03381493928571429,
            "std": 0.012529516128794951,
            "words": {
                "3": "[4 4 4]",
                "6": "[5 5 5]",
                "9": "[5 6 6]",
                "12": "[6 6 6]",
                "15": "[6 6 6]",
                "18": "[6 6 7]",
                "21": "[8 7 6]",
                "24": "[6 5 5]",
                "27": "[4 4 4]"
            },
            "symbolic": {
                "0": 4,
                "3": 5,
                "6": 6,
                "9": 6,
                "12": 6,
                "15": 6,
                "18": 6,
                "21": 5,
                "24": 4
            },
            "avg_amplitude": {
                "0": -0.39798358009828777,
                "3": 0.2134723934471582,
                "6": 0.6833913554661835,
                "9": 0.911635870303846,
                "12": 0.9230231662311988,
                "15": 0.9494005183793046,
                "18": 0.9507033022354001,
                "21": 0.5228594336428651,
                "24": -0.40348422304624637
            }
        },
        "1": {
            "avg": -0.04247314285714286,
            "std": 0.01457148492576508,
            "words": {
                "3": "[8 6 5]",
                "6": "[5 4 4]",
                "9": "[4 3 3]",
                "12": "[3 3 1]",
                "15": "[2 2 2]",
                "18": "[3 3 4]",
                "21": "[4 4 4]",
                "24": "[5 5 5]",
                "27": "[5 5 5]"
            },
            "symbolic": {
                "0": 6,
                "3": 4,
                "6": 3,
                "9": 2,
                "12": 2,
                "15": 3,
                "18": 4,
                "21": 5,
                "24": 5
            },
            "avg_amplitude": {
                "0": 0.7516920020296878,
                "3": -0.10397861681067437,
                "6": -0.738613380216262,
                "9": -0.966924665708997,
                "12": -0.9859065343081551,
                "15": -0.7747189525667689,
                "18": -0.3574608892033477,
                "21": 0.08566854627187803,
                "24": 0.34263845114813146
            }
        },
        "2": {
            "avg": 0.003226834285714286,
            "std": 0.0038835229074713883,
            "words": {
                "3": "[4 4 4]",
                "6": "[4 5 5]",
                "9": "[5 6 6]",
                "12": "[6 7 8]",
                "15": "[7 6 6]",
                "18": "[5 5 5]",
                "21": "[5 5 5]",
                "24": "[4 4 4]",
                "27": "[4 4 3]"
            },
            "symbolic": {
                "0": 4,
                "3": 5,
                "6": 6,
                "9": 7,
                "12": 6,
                "15": 5,
                "18": 5,
                "21": 4,
                "24": 4
            },
            "avg_amplitude": {
                "0": -0.48362959334692174,
                "3": 0.2577804463124187,
                "6": 0.8046369300615693,
                "9": 0.9697051093660298,
                "12": 0.8815328624774184,
                "15": 0.4719461517799301,
                "18": 0.08035098252987612,
                "21": -0.13645341212532983,
                "24": -0.616884977378902
            }
        },
        "3": {
            "avg": 0.013303367857142857,
            "std": 0.027478920057935504,
            "words": {
                "3": "[1 3 3]",
                "6": "[3 4 4]",
                "9": "[5 5 5]",
                "12": "[5 6 6]",
                "15": "[6 7 8]",
                "18": "[7 7 7]",
                "21": "[6 6 5]",
                "24": "[5 5 4]",
                "27": "[4 4 4]"
            },
            "symbolic": {
                "0": 3,
                "3": 4,
                "6": 5,
                "9": 6,
                "12": 7,
                "15": 7,
                "18": 5,
                "21": 5,
                "24": 4
            },
            "avg_amplitude": {
                "0": -0.9469450321142178,
                "3": -0.47578870913935595,
                "6": 0.3083024014931737,
                "9": 0.6946425630566143,
                "12": 0.9659137455608059,
                "15": 0.9772054507603105,
                "18": 0.6697788531782726,
                "21": 0.1683882927735619,
                "24": -0.4729636714510728
            }
        },
        "4": {
            "avg": 0.8955435714285718,
            "std": 0.0037020877135953215,
            "words": {
                "3": "[1 3 3]",
                "6": "[4 4 4]",
                "9": "[4 4 5]",
                "12": "[5 5 5]",
                "15": "[6 6 6]",
                "18": "[8 7 7]",
                "21": "[6 6 5]",
                "24": "[5 5 5]",
                "27": "[5 5 5]"
            },
            "symbolic": {
                "0": 3,
                "3": 4,
                "6": 4,
                "9": 5,
                "12": 6,
                "15": 7,
                "18": 6,
                "21": 5,
                "24": 5
            },
            "avg_amplitude": {
                "0": -0.8852762357917006,
                "3": -0.48929421094370035,
                "6": -0.062120010573623076,
                "9": 0.4385408406026801,
                "12": 0.8107322231033399,
                "15": 0.983082209886311,
                "18": 0.6949510970129351,
                "21": 0.37879989426380983,
                "24": 0.2630187681733993
            }
        },
        "5": {
            "avg": 0.3757614285714285,
            "std": 0.0060688730507253204,
            "words": {
                "3": "[5 5 5]",
                "6": "[6 8 7]",
                "9": "[6 6 5]",
                "12": "[5 4 4]",
                "15": "[4 4 4]",
                "18": "[3 4 4]",
                "21": "[4 4 4]",
                "24": "[4 4 4]",
                "27": "[4 3 3]"
            },
            "symbolic": {
                "0": 5,
                "3": 6,
                "6": 5,
                "9": 4,
                "12": 4,
                "15": 4,
                "18": 4,
                "21": 4,
                "24": 3
            },
            "avg_amplitude": {
                "0": 0.2934415145368506,
                "3": 0.9421906693711989,
                "6": 0.6707234617985165,
                "9": -0.10108181203515887,
                "12": -0.5043948613928299,
                "15": -0.6643002028397561,
                "18": -0.49594320486815385,
                "21": -0.46281271129141155,
                "24": -0.7630155510480062
            }
        },
        "6": {
            "avg": 0.04443153571428571,
            "std": 0.006913325385627826,
            "words": {
                "3": "[6 6 6]",
                "6": "[6 8 7]",
                "9": "[5 4 3]",
                "12": "[3 3 2]",
                "15": "[2 1 2]",
                "18": "[3 3 4]",
                "21": "[4 4 4]",
                "24": "[4 4 4]",
                "27": "[4 4 4]"
            },
            "symbolic": {
                "0": 6,
                "3": 7,
                "6": 4,
                "9": 3,
                "12": 2,
                "15": 3,
                "18": 4,
                "21": 4,
                "24": 4
            },
            "avg_amplitude": {
                "0": 0.8684879078821472,
                "3": 0.9558876901250454,
                "6": -0.2705796957999272,
                "9": -0.9007885446567023,
                "12": -0.9886172424032461,
                "15": -0.7822428981490644,
                "18": -0.3637533405919029,
                "21": -0.1491306212676099,
                "24": -0.17100531195354493
            }
        },
        "7": {
            "avg": 0.11820485714285714,
            "std": 0.06159373574973729,
            "words": {
                "3": "[2 2 3]",
                "6": "[3 2 1]",
                "9": "[4 5 5]",
                "12": "[6 6 8]",
                "15": "[6 5 5]",
                "18": "[5 4 4]",
                "21": "[4 4 4]",
                "24": "[3 3 3]",
                "27": "[3 3 4]"
            },
            "symbolic": {
                "0": 2,
                "3": 2,
                "6": 5,
                "9": 7,
                "12": 5,
                "15": 4,
                "18": 4,
                "21": 3,
                "24": 3
            },
            "avg_amplitude": {
                "0": -0.95787379056804,
                "3": -0.9614085227136885,
                "6": 0.2521889775943593,
                "9": 0.9553836618868706,
                "12": 0.5581033090757287,
                "15": -0.054056390196175697,
                "18": -0.4605652996706187,
                "21": -0.7098025368415826,
                "24": -0.6893003547605779
            }
        },
        "8": {
            "avg": 0.8374596428571427,
            "std": 0.33616921423022067,
            "words": {
                "3": "[7 1 7]",
                "6": "[7 7 7]",
                "9": "[7 7 7]",
                "12": "[8 8 8]",
                "15": "[8 8 8]",
                "18": "[8 8 8]",
                "21": "[8 8 8]",
                "24": "[8 8 8]",
                "27": "[8 8 7]"
            },
            "symbolic": {
                "0": 5,
                "3": 7,
                "6": 7,
                "9": 8,
                "12": 8,
                "15": 8,
                "18": 8,
                "21": 8,
                "24": 8
            },
            "avg_amplitude": {
                "0": 0.3175840652704706,
                "3": 0.9840862096686745,
                "6": 0.9944623300092355,
                "9": 0.9991138232357791,
                "12": 0.9992596497919166,
                "15": 0.9990726926686632,
                "18": 0.9992110409398708,
                "21": 0.9988520832632242,
                "24": 0.9978612105099814
            }
        },
        "9": {
            "avg": -0.12952714285714284,
            "std": 0.13055975388966518,
            "words": {
                "3": "[4 4 4]",
                "6": "[4 5 5]",
                "9": "[5 5 5]",
                "12": "[6 6 7]",
                "15": "[8 7 6]",
                "18": "[6 5 5]",
                "21": "[4 4 4]",
                "24": "[3 3 3]",
                "27": "[3 3 3]"
            },
            "symbolic": {
                "0": 4,
                "3": 5,
                "6": 5,
                "9": 6,
                "12": 7,
                "15": 5,
                "18": 4,
                "21": 3,
                "24": 3
            },
            "avg_amplitude": {
                "0": -0.18693166749380952,
                "3": 0.04118471369914922,
                "6": 0.4611579825415955,
                "9": 0.8839160533117663,
                "12": 0.9688294046234223,
                "15": 0.5028043207493827,
                "18": -0.30175135472000997,
                "21": -0.7933805811357152,
                "24": -0.9239728767154461
            }
        },
        "10": {
            "avg": -0.004442698021428571,
            "std": 0.0072236844225739795,
            "words": {
                "3": "[6 6 7]",
                "6": "[7 7 7]",
                "9": "[7 7 7]",
                "12": "[7 7 8]",
                "15": "[8 8 8]",
                "18": "[8 8 8]",
                "21": "[8 7 5]",
                "24": "[4 3 3]",
                "27": "[1 4 4]"
            },
            "symbolic": {
                "0": 6,
                "3": 7,
                "6": 7,
                "9": 7,
                "12": 8,
                "15": 8,
                "18": 6,
                "21": 3,
                "24": 3
            },
            "avg_amplitude": {
                "0": 0.9371350604139241,
                "3": 0.9777714753645377,
                "6": 0.9920410037082376,
                "9": 0.9966538456310935,
                "12": 0.9992365655395701,
                "15": 0.9997561230738756,
                "18": 0.7755188080957076,
                "21": -0.7202186499913855,
                "24": -0.6855305190431409
            }
        },
        "11": {
            "avg": 0.020532385714285718,
            "std": 0.056801531253118945,
            "words": {
                "3": "[1 5 5]",
                "6": "[5 5 5]",
                "9": "[5 5 5]",
                "12": "[5 5 5]",
                "15": "[5 5 5]",
                "18": "[5 8 6]",
                "21": "[5 5 5]",
                "24": "[4 4 4]",
                "27": "[4 4 4]"
            },
            "symbolic": {
                "0": 4,
                "3": 5,
                "6": 5,
                "9": 5,
                "12": 5,
                "15": 6,
                "18": 5,
                "21": 4,
                "24": 4
            },
            "avg_amplitude": {
                "0": -0.010327981538763797,
                "3": 0.2892620415377816,
                "6": 0.331472479992144,
                "9": 0.4973093730053517,
                "12": 0.4942480483134481,
                "15": 0.8224775371925173,
                "18": 0.33547601512250186,
                "21": -0.1824937398733246,
                "24": -0.21301615358177453
            }
        },
        "12": {
            "avg": 0.9180075,
            "std": 0.0018709784031851373,
            "words": {
                "3": "[7 8 6]",
                "6": "[6 5 5]",
                "9": "[4 4 4]",
                "12": "[4 3 3]",
                "15": "[1 2 3]",
                "18": "[3 3 3]",
                "21": "[3 4 4]",
                "24": "[4 5 5]",
                "27": "[5 5 5]"
            },
            "symbolic": {
                "0": 6,
                "3": 5,
                "6": 4,
                "9": 3,
                "12": 2,
                "15": 3,
                "18": 4,
                "21": 5,
                "24": 5
            },
            "avg_amplitude": {
                "0": 0.9537210756722692,
                "3": 0.4784240150093608,
                "6": -0.3045653533458746,
                "9": -0.7285803627267424,
                "12": -0.9749843652282979,
                "15": -0.8624140087555275,
                "18": -0.4796747967480111,
                "21": 0.2920575359599403,
                "24": 0.6210131332082403
            }
        },
        "13": {
            "avg": 0.2679492857142857,
            "std": 0.003990502547550949,
            "words": {
                "3": "[5 5 5]",
                "6": "[5 5 5]",
                "9": "[5 5 5]",
                "12": "[6 6 6]",
                "15": "[8 6 6]",
                "18": "[5 4 4]",
                "21": "[4 3 3]",
                "24": "[3 2 1]",
                "27": "[2 2 3]"
            },
            "symbolic": {
                "0": 5,
                "3": 5,
                "6": 5,
                "9": 6,
                "12": 6,
                "15": 4,
                "18": 3,
                "21": 2,
                "24": 3
            },
            "avg_amplitude": {
                "0": 0.1135070380353423,
                "3": 0.15783168613357654,
                "6": 0.5651392632524704,
                "9": 0.859239293201556,
                "12": 0.8640311470500183,
                "15": -0.22072476789458273,
                "18": -0.701108116202462,
                "21": -0.9826295297993437,
                "24": -0.9490865528601432
            }
        },
        "14": {
            "avg": -0.02665417857142857,
            "std": 0.004065728526157729,
            "words": {
                "3": "[6 5 5]",
                "6": "[5 4 4]",
                "9": "[4 4 4]",
                "12": "[3 3 2]",
                "15": "[1 2 2]",
                "18": "[3 3 3]",
                "21": "[4 4 4]",
                "24": "[5 5 5]",
                "27": "[5 5 6]"
            },
            "symbolic": {
                "0": 5,
                "3": 5,
                "6": 4,
                "9": 3,
                "12": 2,
                "15": 3,
                "18": 4,
                "21": 5,
                "24": 5
            },
            "avg_amplitude": {
                "0": 0.5606264651603572,
                "3": 0.04209686268641825,
                "6": -0.35807272183151334,
                "9": -0.911217517083147,
                "12": -0.9850366601825532,
                "15": -0.8339069280263361,
                "18": -0.4232131278368003,
                "21": 0.031173624619681355,
                "24": 0.4449099705720984
            }
        },
        "15": {
            "avg": 0.017933835714285716,
            "std": 0.006304885782101363,
            "words": {
                "3": "[4 4 1]",
                "6": "[3 3 3]",
                "9": "[4 4 4]",
                "12": "[5 5 5]",
                "15": "[5 5 5]",
                "18": "[6 6 6]",
                "21": "[7 8 7]",
                "24": "[7 7 7]",
                "27": "[8 6 6]"
            },
            "symbolic": {
                "0": 4,
                "3": 3,
                "6": 4,
                "9": 5,
                "12": 5,
                "15": 6,
                "18": 7,
                "21": 7,
                "24": 6
            },
            "avg_amplitude": {
                "0": -0.49982911856585216,
                "3": -0.8831281832440131,
                "6": -0.3433312827561237,
                "9": 0.33051425151160774,
                "12": 0.6079148585563566,
                "15": 0.8160392085141442,
                "18": 0.9838909610187118,
                "21": 0.9860339065712683,
                "24": 0.9278049032811081
            }
        },
        "16": {
            "avg": 0.9292417857142857,
            "std": 0.001746219309911239,
            "words": {
                "3": "[3 4 4]",
                "6": "[4 4 6]",
                "9": "[5 5 6]",
                "12": "[6 6 6]",
                "15": "[7 8 7]",
                "18": "[6 6 6]",
                "21": "[5 5 4]",
                "24": "[4 4 3]",
                "27": "[3 3 3]"
            },
            "symbolic": {
                "0": 3,
                "3": 5,
                "6": 5,
                "9": 6,
                "12": 7,
                "15": 6,
                "18": 5,
                "21": 4,
                "24": 3
            },
            "avg_amplitude": {
                "0": -0.6830135039090625,
                "3": 0.11869225302057673,
                "6": 0.58919687277892,
                "9": 0.9189765458421911,
                "12": 0.9786780383795016,
                "15": 0.828002842928193,
                "18": 0.21961620469078028,
                "21": -0.5095948827292621,
                "24": -0.8265813788202471
            }
        },
        "17": {
            "avg": -0.3476267857142857,
            "std": 0.005600498690474853,
            "words": {
                "3": "[8 6 5]",
                "6": "[5 5 5]",
                "9": "[5 5 5]",
                "12": "[5 5 5]",
                "15": "[5 5 4]",
                "18": "[4 4 2]",
                "21": "[4 3 3]",
                "24": "[2 1 2]",
                "27": "[3 2 3]"
            },
            "symbolic": {
                "0": 6,
                "3": 5,
                "6": 5,
                "9": 5,
                "12": 5,
                "15": 4,
                "18": 3,
                "21": 2,
                "24": 3
            },
            "avg_amplitude": {
                "0": 0.8168498168498167,
                "3": 0.4831094831094815,
                "6": 0.4627594627594657,
                "9": 0.3744403744403726,
                "12": 0.08465608465608683,
                "15": -0.5356125356125345,
                "18": -0.7745217745217726,
                "21": -0.9845339845339849,
                "24": -0.9133089133089124
            }
        },
        "18": {
            "avg": -0.06847142857142856,
            "std": 0.009027799553184971,
            "words": {
                "3": "[6 8 6]",
                "6": "[5 6 5]",
                "9": "[5 5 4]",
                "12": "[4 3 3]",
                "15": "[1 2 1]",
                "18": "[3 3 4]",
                "21": "[4 4 4]",
                "24": "[4 5 5]",
                "27": "[5 5 5]"
            },
            "symbolic": {
                "0": 6,
                "3": 5,
                "6": 4,
                "9": 3,
                "12": 2,
                "15": 3,
                "18": 4,
                "21": 5,
                "24": 5
            },
            "avg_amplitude": {
                "0": 0.9510517359979724,
                "3": 0.6120584579365945,
                "6": -0.03706117326189059,
                "9": -0.7156269987811216,
                "12": -0.9943762596092353,
                "15": -0.7529416024039689,
                "18": -0.3987666389100084,
                "21": 0.13758854977492943,
                "24": 0.3988631838094201
            }
        },
        "19": {
            "avg": -0.02805796428571428,
            "std": 0.005580780281845254,
            "words": {
                "3": "[5 5 4]",
                "6": "[1 3 3]",
                "9": "[3 4 4]",
                "12": "[4 4 4]",
                "15": "[4 4 5]",
                "18": "[5 5 5]",
                "21": "[6 5 5]",
                "24": "[6 6 6]",
                "27": "[6 7 7]"
            },
            "symbolic": {
                "0": 4,
                "3": 3,
                "6": 3,
                "9": 4,
                "12": 4,
                "15": 5,
                "18": 6,
                "21": 6,
                "24": 6
            },
            "avg_amplitude": {
                "0": -0.04379345177966617,
                "3": -0.8540614415592135,
                "6": -0.6993681541783038,
                "9": -0.22879157010715645,
                "12": -0.06688850595202715,
                "15": 0.48236179610592833,
                "18": 0.7029334284073129,
                "21": 0.8367896686275677,
                "24": 0.9434309822330503
            }
        }
    }
}