{
    "W": {
        "0": {
            "avg": 0.04858518148148149,
            "std": 0.052258171999425757,
            "words": {
                "3": "[4 4 4]",
                "6": "[5 5 5]",
                "9": "[5 6 6]",
                "12": "[6 8 7]",
                "15": "[7 6 6]",
                "18": "[6 5 5]",
                "21": "[5 5 4]",
                "24": "[4 4 4]",
                "27": "[3 3 1]"
            },
            "symbolic": {
                "0": 4,
                "3": 5,
                "6": 6,
                "9": 7,
                "12": 6,
                "15": 5,
                "18": 5,
                "21": 4,
                "24": 3
            },
            "avg_amplitude": {
                "0": -0.38545679478308276,
                "3": 0.3612966807154388,
                "6": 0.746534985636703,
                "9": 0.9728669979660731,
                "12": 0.9085949130863265,
                "15": 0.6473674278165692,
                "18": 0.19291270889685685,
                "21": -0.4298337212471955,
                "24": -0.9206600826151684
            }
        },
        "1": {
            "avg": 0.9925496296296293,
            "std": 0.001238601821787146,
            "words": {
                "3": "[8 7 6]",
                "6": "[5 5 5]",
                "9": "[5 5 5]",
                "12": "[5 5 5]",
                "15": "[4 4 4]",
                "18": "[4 3 3]",
                "21": "[1 2 3]",
                "24": "[2 3 4]",
                "27": "[4 5 5]"
            },
            "symbolic": {
                "0": 6,
                "3": 5,
                "6": 5,
                "9": 5,
                "12": 4,
                "15": 3,
                "18": 2,
                "21": 3,
                "24": 5
            },
            "avg_amplitude": {
                "0": 0.926126126126143,
                "3": 0.5531531531532108,
                "6": 0.46846846846851226,
                "9": 0.25765765765770277,
                "12": -0.15855855855849552,
                "15": -0.7747747747746817,
                "18": -0.9603603603603211,
                "21": -0.8486486486485788,
                "24": 0.1459459459460005
            }
        },
        "2": {
            "avg": 0.9892651851851852,
            "std": 0.0037699799737994674,
            "words": {
                "3": "[8 6 6]",
                "6": "[6 5 5]",
                "9": "[5 5 5]",
                "12": "[5 4 4]",
                "15": "[4 4 4]",
                "18": "[4 3 3]",
                "21": "[3 2 1]",
                "24": "[2 3 3]",
                "27": "[4 4 4]"
            },
            "symbolic": {
                "0": 6,
                "3": 5,
                "6": 5,
                "9": 4,
                "12": 4,
                "15": 3,
                "18": 2,
                "21": 3,
                "24": 4
            },
            "avg_amplitude": {
                "0": 0.8874824191279941,
                "3": 0.5634317862166001,
                "6": 0.19268635724332128,
                "9": -0.06216596343179418,
                "12": -0.3817158931082907,
                "15": -0.7637130801687944,
                "18": -0.9769338959212425,
                "21": -0.8970464135021216,
                "24": -0.3237693389592184
            }
        },
        "3": {
            "avg": 0.9970959259259261,
            "std": 0.0006355449464179538,
            "words": {
                "3": "[4 4 4]",
                "6": "[4 4 4]",
                "9": "[4 4 4]",
                "12": "[4 4 4]",
                "15": "[3 3 3]",
                "18": "[1 3 3]",
                "21": "[3 4 4]",
                "24": "[5 5 6]",
                "27": "[6 7 8]"
            },
            "symbolic": {
                "0": 4,
                "3": 4,
                "6": 4,
                "9": 4,
                "12": 3,
                "15": 3,
                "18": 4,
                "21": 5,
                "24": 7
            },
            "avg_amplitude": {
                "0": -0.44660194174752105,
                "3": -0.359223300970827,
                "6": -0.29449838187702093,
                "9": -0.39482200647253357,
                "12": -0.8381877022653949,
                "15": -0.9093851132685925,
                "18": -0.3915857605177481,
                "21": 0.6148867313916254,
                "24": 0.9741100323624344
            }
        },
        "4": {
            "avg": 0.44913,
            "std": 0.0042648617977428215,
            "words": {
                "3": "[6 6 6]",
                "6": "[7 8 6]",
                "9": "[6 6 5]",
                "12": "[5 5 5]",
                "15": "[4 3 4]",
                "18": "[3 2 1]",
                "21": "[2 3 3]",
                "24": "[4 4 4]",
                "27": "[4 4 4]"
            },
            "symbolic": {
                "0": 6,
                "3": 6,
                "6": 6,
                "9": 5,
                "12": 4,
                "15": 3,
                "18": 3,
                "21": 4,
                "24": 4
            },
            "avg_amplitude": {
                "0": 0.9043503313166267,
                "3": 0.9510227600115261,
                "6": 0.6969173148948462,
                "9": 0.40478248343417006,
                "12": -0.5084989916450589,
                "15": -0.9118409680207412,
                "18": -0.9026217228464435,
                "21": -0.45664073753961604,
                "24": -0.3408239700374575
            }
        },
        "5": {
            "avg": 0.8934933333333333,
            "std": 0.002891047188503475,
            "words": {
                "3": "[2 1 3]",
                "6": "[3 3 4]",
                "9": "[4 4 4]",
                "12": "[5 5 5]",
                "15": "[5 5 6]",
                "18": "[5 5 5]",
                "21": "[5 5 5]",
                "24": "[6 7 8]",
                "27": "[7 6 6]"
            },
            "symbolic": {
                "0": 3,
                "3": 3,
                "6": 4,
                "9": 5,
                "12": 6,
                "15": 5,
                "18": 5,
                "21": 6,
                "24": 6
            },
            "avg_amplitude": {
                "0": -0.9493769470404955,
                "3": -0.6900311526479855,
                "6": -0.2842679127725669,
                "9": 0.32242990654206255,
                "12": 0.6869158878504572,
                "15": 0.6152647975078017,
                "18": 0.5077881619937794,
                "21": 0.9174454828660478,
                "24": 0.8995327102803644
            }
        },
        "6": {
            "avg": 0.979747407407407,
            "std": 0.000977609299781832,
            "words": {
                "3": "[8 6 5]",
                "6": "[5 5 4]",
                "9": "[4 4 3]",
                "12": "[3 4 3]",
                "15": "[3 3 1]",
                "18": "[3 4 4]",
                "21": "[5 5 6]",
                "24": "[6 6 6]",
                "27": "[6 5 5]"
            },
            "symbolic": {
                "0": 6,
                "3": 5,
                "6": 4,
                "9": 3,
                "12": 3,
                "15": 4,
                "18": 5,
                "21": 6,
                "24": 5
            },
            "avg_amplitude": {
                "0": 0.8115942028985413,
                "3": 0.20289855072468896,
                "6": -0.5990338164251573,
                "9": -0.7463768115942461,
                "12": -0.9371980676328918,
                "15": -0.3961352657005488,
                "18": 0.5000000000000001,
                "21": 0.7971014492753913,
                "24": 0.676328502415469
            }
        },
        "7": {
            "avg": 0.9965711111111112,
            "std": 0.002797405849564817,
            "words": {
                "3": "[1 4 4]",
                "6": "[4 4 4]",
                "9": "[4 4 3]",
                "12": "[4 5 4]",
                "15": "[5 6 6]",
                "18": "[6 6 6]",
                "21": "[7 6 6]",
                "24": "[6 6 5]",
                "27": "[5 6 8]"
            },
            "symbolic": {
                "0": 4,
                "3": 4,
                "6": 4,
                "9": 4,
                "12": 6,
                "15": 6,
                "18": 6,
                "21": 5,
                "24": 5
            },
            "avg_amplitude": {
                "0": -0.6433021806853393,
                "3": -0.17133956386292218,
                "6": -0.6277258566977933,
                "9": -0.19937694704047704,
                "12": 0.7219626168224419,
                "15": 0.9213395638629406,
                "18": 0.8465732087227568,
                "21": 0.5802180685358344,
                "24": 0.5926791277258693
            }
        },
        "8": {
            "avg": -0.39881148148148154,
            "std": 0.008312820822590258,
            "words": {
                "3": "[1 3 3]",
                "6": "[4 4 5]",
                "9": "[5 6 8]",
                "12": "[5 6 6]",
                "15": "[6 6 6]",
                "18": "[6 6 6]",
                "21": "[6 5 5]",
                "24": "[5 5 5]",
                "27": "[5 4 4]"
            },
            "symbolic": {
                "0": 3,
                "3": 4,
                "6": 5,
                "9": 6,
                "12": 6,
                "15": 6,
                "18": 5,
                "21": 5,
                "24": 4
            },
            "avg_amplitude": {
                "0": -0.9340787328208698,
                "3": -0.15467039366410174,
                "6": 0.636151875145587,
                "9": 0.7335196832052193,
                "12": 0.70184020498486,
                "15": 0.7351502445842085,
                "18": 0.638248311204288,
                "21": 0.44025157232704476,
                "24": -0.03633822501746842
            }
        },
        "9": {
            "avg": 0.8847992592592592,
            "std": 0.06969795642771336,
            "words": {
                "3": "[4 4 4]",
                "6": "[4 4 4]",
                "9": "[3 3 1]",
                "12": "[3 3 3]",
                "15": "[4 5 5]",
                "18": "[5 6 6]",
                "21": "[8 8 7]",
                "24": "[6 6 6]",
                "27": "[6 6 6]"
            },
            "symbolic": {
                "0": 4,
                "3": 4,
                "6": 3,
                "9": 3,
                "12": 4,
                "15": 6,
                "18": 7,
                "21": 6,
                "24": 6
            },
            "avg_amplitude": {
                "0": -0.15063624084737362,
                "3": -0.37545318831307367,
                "6": -0.8909859955925216,
                "9": -0.8442453970285069,
                "12": -0.013151347124476668,
                "15": 0.8062842112746144,
                "18": 0.989656643207507,
                "21": 0.8928698372076488,
                "24": 0.7890452832871263
            }
        },
        "10": {
            "avg": 0.956967037037037,
            "std": 0.02034014764616537,
            "words": {
                "3": "[5 5 5]",
                "6": "[5 6 6]",
                "9": "[6 6 5]",
                "12": "[5 4 4]",
                "15": "[4 3 1]",
                "18": "[2 3 4]",
                "21": "[4 5 6]",
                "24": "[6 6 7]",
                "27": "[7 7 8]"
            },
            "symbolic": {
                "0": 5,
                "3": 5,
                "6": 6,
                "9": 4,
                "12": 3,
                "15": 4,
                "18": 5,
                "21": 6,
                "24": 7
            },
            "avg_amplitude": {
                "0": 0.1568371890952549,
                "3": 0.6453785163462599,
                "6": 0.7332464429238644,
                "9": -0.02867383512544656,
                "12": -0.8040621266427711,
                "15": -0.658520690778755,
                "18": 0.30618008037362815,
                "21": 0.9141957206473346,
                "24": 0.9867492125556666
            }
        },
        "11": {
            "avg": 0.9857174074074075,
            "std": 0.013307570891035785,
            "words": {
                "3": "[5 6 6]",
                "6": "[6 6 6]",
                "9": "[5 5 5]",
                "12": "[5 4 4]",
                "15": "[3 1 4]",
                "18": "[4 5 5]",
                "21": "[5 6 6]",
                "24": "[7 8 7]",
                "27": "[7 6 6]"
            },
            "symbolic": {
                "0": 6,
                "3": 6,
                "6": 5,
                "9": 4,
                "12": 3,
                "15": 5,
                "18": 6,
                "21": 7,
                "24": 6
            },
            "avg_amplitude": {
                "0": 0.7122762148337554,
                "3": 0.791844273941457,
                "6": 0.40934924694514946,
                "9": -0.10912190963342028,
                "12": -0.7588803637396987,
                "15": 0.08979823813583221,
                "18": 0.720943449843703,
                "21": 0.9766979255470276,
                "24": 0.9487070190394983
            }
        },
        "12": {
            "avg": 0.39492925925925926,
            "std": 0.003930435409356383,
            "words": {
                "3": "[4 4 4]",
                "6": "[5 5 5]",
                "9": "[6 8 7]",
                "12": "[6 6 6]",
                "15": "[5 6 5]",
                "18": "[5 5 4]",
                "21": "[4 3 3]",
                "24": "[4 3 3]",
                "27": "[2 2 1]"
            },
            "symbolic": {
                "0": 4,
                "3": 5,
                "6": 6,
                "9": 6,
                "12": 5,
                "15": 5,
                "18": 4,
                "21": 3,
                "24": 2
            },
            "avg_amplitude": {
                "0": -0.4955122253172408,
                "3": 0.301764159702881,
                "6": 0.9133395233673808,
                "9": 0.926957598266796,
                "12": 0.5666976168368901,
                "15": 0.09811203961622199,
                "18": -0.6620241411327802,
                "21": -0.811203961621795,
                "24": -0.9814298978644401
            }
        },
        "13": {
            "avg": 0.9348299999999999,
            "std": 0.0021364744503323814,
            "words": {
                "3": "[1 4 4]",
                "6": "[4 4 5]",
                "9": "[5 5 5]",
                "12": "[5 6 8]",
                "15": "[6 6 6]",
                "18": "[7 6 6]",
                "21": "[6 6 5]",
                "24": "[5 5 5]",
                "27": "[5 5 4]"
            },
            "symbolic": {
                "0": 4,
                "3": 4,
                "6": 5,
                "9": 6,
                "12": 6,
                "15": 6,
                "18": 6,
                "21": 5,
                "24": 5
            },
            "avg_amplitude": {
                "0": -0.6468686868686961,
                "3": -0.07636363636364789,
                "6": 0.3599999999999864,
                "9": 0.8076767676767632,
                "12": 0.8626262626262505,
                "15": 0.9216161616161503,
                "18": 0.7317171717171629,
                "21": 0.3761616161616277,
                "24": 0.12161616161614675
            }
        },
        "14": {
            "avg": 0.9999862962962964,
            "std": 1.5228553178437907e-05,
            "words": {
                "3": "[5 5 5]",
                "6": "[5 5 5]",
                "9": "[5 8 8]",
                "12": "[8 8 8]",
                "15": "[8 8 8]",
                "18": "[8 8 5]",
                "21": "[5 5 5]",
                "24": "[5 4 4]",
                "27": "[1 1 4]"
            },
            "symbolic": {
                "0": 5,
                "3": 5,
                "6": 6,
                "9": 8,
                "12": 8,
                "15": 6,
                "18": 5,
                "21": 4,
                "24": 3
            },
            "avg_amplitude": {
                "0": 0.19999999999911178,
                "3": 0.4666666666645943,
                "6": 0.8666666666657785,
                "9": 1.0,
                "12": 1.0,
                "15": 0.8666666666657785,
                "18": 0.5999999999973356,
                "21": -0.0666666666663706,
                "24": -0.8666666666657785
            }
        },
        "15": {
            "avg": 0.9683459259259258,
            "std": 0.012356310209536718,
            "words": {
                "3": "[5 5 6]",
                "6": "[6 6 6]",
                "9": "[6 7 7]",
                "12": "[5 5 5]",
                "15": "[6 6 6]",
                "18": "[6 6 6]",
                "21": "[7 7 7]",
                "24": "[7 7 7]",
                "27": "[8 4 1]"
            },
            "symbolic": {
                "0": 5,
                "3": 6,
                "6": 7,
                "9": 5,
                "12": 6,
                "15": 6,
                "18": 7,
                "21": 7,
                "24": 4
            },
            "avg_amplitude": {
                "0": 0.6508107461257734,
                "3": 0.851851851851856,
                "6": 0.9638604678992424,
                "9": 0.2980314725064319,
                "12": 0.7953688745288119,
                "15": 0.9214982349069624,
                "18": 0.9709208400646236,
                "21": 0.9770238736313059,
                "24": -0.009034883025188734
            }
        },
        "16": {
            "avg": -0.3776840740740741,
            "std": 0.0032315360235072536,
            "words": {
                "3": "[5 5 5]",
                "6": "[5 5 6]",
                "9": "[6 7 7]",
                "12": "[8 7 6]",
                "15": "[6 6 6]",
                "18": "[6 6 6]",
                "21": "[6 5 4]",
                "24": "[4 4 4]",
                "27": "[3 3 1]"
            },
            "symbolic": {
                "0": 5,
                "3": 5,
                "6": 6,
                "9": 7,
                "12": 6,
                "15": 6,
                "18": 5,
                "21": 4,
                "24": 3
            },
            "avg_amplitude": {
                "0": 0.19932659932660313,
                "3": 0.6087542087542085,
                "6": 0.9474747474747508,
                "9": 0.9649831649831672,
                "12": 0.8996632996633073,
                "15": 0.830976430976437,
                "18": 0.35824915824915715,
                "21": -0.30370370370370386,
                "24": -0.9494949494949512
            }
        },
        "17": {
            "avg": 0.9248077777777778,
            "std": 0.0026106502775735526,
            "words": {
                "3": "[8 6 5]",
                "6": "[5 5 5]",
                "9": "[4 4 4]",
                "12": "[4 3 2]",
                "15": "[3 1 2]",
                "18": "[3 3 3]",
                "21": "[4 4 4]",
                "24": "[4 4 5]",
                "27": "[5 5 5]"
            },
            "symbolic": {
                "0": 6,
                "3": 5,
                "6": 4,
                "9": 3,
                "12": 3,
                "15": 3,
                "18": 4,
                "21": 4,
                "24": 5
            },
            "avg_amplitude": {
                "0": 0.8192862566438696,
                "3": 0.10933940774488556,
                "6": -0.15793470007593,
                "9": -0.7798025816248986,
                "12": -0.9445709946848816,
                "15": -0.8071374335611106,
                "18": -0.45178435839027137,
                "21": -0.01138952164007708,
                "24": 0.4358390280941406
            }
        },
        "18": {
            "avg": 0.9998140740740739,
            "std": 0.0001178414599646639,
            "words": {
                "3": "[4 5 5]",
                "6": "[5 5 6]",
                "9": "[6 6 8]",
                "12": "[6 6 6]",
                "15": "[6 6 6]",
                "18": "[6 6 5]",
                "21": "[5 5 5]",
                "24": "[5 4 4]",
                "27": "[4 3 1]"
            },
            "symbolic": {
                "0": 4,
                "3": 5,
                "6": 6,
                "9": 6,
                "12": 6,
                "15": 6,
                "18": 5,
                "21": 4,
                "24": 3
            },
            "avg_amplitude": {
                "0": -0.016666666666407554,
                "3": 0.40000000000025904,
                "6": 0.9166666666666666,
                "9": 0.9499999999996668,
                "12": 0.8833333333334813,
                "15": 0.7333333333335924,
                "18": 0.3666666666667037,
                "21": -0.14999999999970395,
                "24": -0.75
            }
        },
        "19": {
            "avg": 0.7974614814814814,
            "std": 0.0038489066416558322,
            "words": {
                "3": "[8 6 6]",
                "6": "[5 5 5]",
                "9": "[5 5 4]",
                "12": "[4 4 4]",
                "15": "[3 3 1]",
                "18": "[2 3 3]",
                "21": "[3 3 3]",
                "24": "[3 4 4]",
                "27": "[4 5 5]"
            },
            "symbolic": {
                "0": 6,
                "3": 5,
                "6": 5,
                "9": 4,
                "12": 3,
                "15": 3,
                "18": 3,
                "21": 4,
                "24": 5
            },
            "avg_amplitude": {
                "0": 0.9166666666666675,
                "3": 0.5044742729306455,
                "6": 0.08501118568233368,
                "9": -0.4284116331096151,
                "12": -0.8640939597315417,
                "15": -0.9351230425055902,
                "18": -0.8098434004474241,
                "21": -0.5195749440715783,
                "24": 0.16554809843401108
            }
        }
    },
    "X": {
        "0": {
            "avg": 0.04858518148148149,
            "std": 0.052258171999425757,
            "words": {
                "3": "[4 4 4]",
                "6": "[5 5 5]",
                "9": "[5 6 6]",
                "12": "[6 8 7]",
                "15": "[7 6 6]",
                "18": "[6 5 5]",
                "21": "[5 5 4]",
                "24": "[4 4 4]",
                "27": "[3 3 1]"
            },
            "symbolic": {
                "0": 4,
                "3": 5,
                "6": 6,
                "9": 7,
                "12": 6,
                "15": 5,
                "18": 5,
                "21": 4,
                "24": 3
            },
            "avg_amplitude": {
                "0": -0.38545679478308276,
                "3": 0.3612966807154388,
                "6": 0.746534985636703,
                "9": 0.9728669979660731,
                "12": 0.9085949130863265,
                "15": 0.6473674278165692,
                "18": 0.19291270889685685,
                "21": -0.4298337212471955,
                "24": -0.9206600826151684
            }
        },
        "1": {
            "avg": 0.9925496296296293,
            "std": 0.001238601821787146,
            "words": {
                "3": "[8 7 6]",
                "6": "[5 5 5]",
                "9": "[5 5 5]",
                "12": "[5 5 5]",
                "15": "[4 4 4]",
                "18": "[4 3 3]",
                "21": "[1 2 3]",
                "24": "[2 3 4]",
                "27": "[4 5 5]"
            },
            "symbolic": {
                "0": 6,
                "3": 5,
                "6": 5,
                "9": 5,
                "12": 4,
                "15": 3,
                "18": 2,
                "21": 3,
                "24": 5
            },
            "avg_amplitude": {
                "0": 0.926126126126143,
                "3": 0.5531531531532108,
                "6": 0.46846846846851226,
                "9": 0.25765765765770277,
                "12": -0.15855855855849552,
                "15": -0.7747747747746817,
                "18": -0.9603603603603211,
                "21": -0.8486486486485788,
                "24": 0.1459459459460005
            }
        },
        "2": {
            "avg": 0.9892651851851852,
            "std": 0.0037699799737994674,
            "words": {
                "3": "[8 6 6]",
                "6": "[6 5 5]",
                "9": "[5 5 5]",
                "12": "[5 4 4]",
                "15": "[4 4 4]",
                "18": "[4 3 3]",
                "21": "[3 2 1]",
                "24": "[2 3 3]",
                "27": "[4 4 4]"
            },
            "symbolic": {
                "0": 6,
                "3": 5,
                "6": 5,
                "9": 4,
                "12": 4,
                "15": 3,
                "18": 2,
                "21": 3,
                "24": 4
            },
            "avg_amplitude": {
                "0": 0.8874824191279941,
                "3": 0.5634317862166001,
                "6": 0.19268635724332128,
                "9": -0.06216596343179418,
                "12": -0.3817158931082907,
                "15": -0.7637130801687944,
                "18": -0.9769338959212425,
                "21": -0.8970464135021216,
                "24": -0.3237693389592184
            }
        },
        "3": {
            "avg": 0.9970959259259261,
            "std": 0.0006355449464179538,
            "words": {
                "3": "[4 4 4]",
                "6": "[4 4 4]",
                "9": "[4 4 4]",
                "12": "[4 4 4]",
                "15": "[3 3 3]",
                "18": "[1 3 3]",
                "21": "[3 4 4]",
                "24": "[5 5 6]",
                "27": "[6 7 8]"
            },
            "symbolic": {
                "0": 4,
                "3": 4,
                "6": 4,
                "9": 4,
                "12": 3,
                "15": 3,
                "18": 4,
                "21": 5,
                "24": 7
            },
            "avg_amplitude": {
                "0": -0.44660194174752105,
                "3": -0.359223300970827,
                "6": -0.29449838187702093,
                "9": -0.39482200647253357,
                "12": -0.8381877022653949,
                "15": -0.9093851132685925,
                "18": -0.3915857605177481,
                "21": 0.6148867313916254,
                "24": 0.9741100323624344
            }
        },
        "4": {
            "avg": 0.44913,
            "std": 0.0042648617977428215,
            "words": {
                "3": "[6 6 6]",
                "6": "[7 8 6]",
                "9": "[6 6 5]",
                "12": "[5 5 5]",
                "15": "[4 3 4]",
                "18": "[3 2 1]",
                "21": "[2 3 3]",
                "24": "[4 4 4]",
                "27": "[4 4 4]"
            },
            "symbolic": {
                "0": 6,
                "3": 6,
                "6": 6,
                "9": 5,
                "12": 4,
                "15": 3,
                "18": 3,
                "21": 4,
                "24": 4
            },
            "avg_amplitude": {
                "0": 0.9043503313166267,
                "3": 0.9510227600115261,
                "6": 0.6969173148948462,
                "9": 0.40478248343417006,
                "12": -0.5084989916450589,
                "15": -0.9118409680207412,
                "18": -0.9026217228464435,
                "21": -0.45664073753961604,
                "24": -0.3408239700374575
            }
        },
        "5": {
            "avg": 0.8934933333333333,
            "std": 0.002891047188503475,
            "words": {
                "3": "[2 1 3]",
                "6": "[3 3 4]",
                "9": "[4 4 4]",
                "12": "[5 5 5]",
                "15": "[5 5 6]",
                "18": "[5 5 5]",
                "21": "[5 5 5]",
                "24": "[6 7 8]",
                "27": "[7 6 6]"
            },
            "symbolic": {
                "0": 3,
                "3": 3,
                "6": 4,
                "9": 5,
                "12": 6,
                "15": 5,
                "18": 5,
                "21": 6,
                "24": 6
            },
            "avg_amplitude": {
                "0": -0.9493769470404955,
                "3": -0.6900311526479855,
                "6": -0.2842679127725669,
                "9": 0.32242990654206255,
                "12": 0.6869158878504572,
                "15": 0.6152647975078017,
                "18": 0.5077881619937794,
                "21": 0.9174454828660478,
                "24": 0.8995327102803644
            }
        },
        "6": {
            "avg": 0.979747407407407,
            "std": 0.000977609299781832,
            "words": {
                "3": "[8 6 5]",
                "6": "[5 5 4]",
                "9": "[4 4 3]",
                "12": "[3 4 3]",
                "15": "[3 3 1]",
                "18": "[3 4 4]",
                "21": "[5 5 6]",
                "24": "[6 6 6]",
                "27": "[6 5 5]"
            },
            "symbolic": {
                "0": 6,
                "3": 5,
                "6": 4,
                "9": 3,
                "12": 3,
                "15": 4,
                "18": 5,
                "21": 6,
                "24": 5
            },
            "avg_amplitude": {
                "0": 0.8115942028985413,
                "3": 0.20289855072468896,
                "6": -0.5990338164251573,
                "9": -0.7463768115942461,
                "12": -0.9371980676328918,
                "15": -0.3961352657005488,
                "18": 0.5000000000000001,
                "21": 0.7971014492753913,
                "24": 0.676328502415469
            }
        },
        "7": {
            "avg": 0.9965711111111112,
            "std": 0.002797405849564817,
            "words": {
                "3": "[1 4 4]",
                "6": "[4 4 4]",
                "9": "[4 4 3]",
                "12": "[4 5 4]",
                "15": "[5 6 6]",
                "18": "[6 6 6]",
                "21": "[7 6 6]",
                "24": "[6 6 5]",
                "27": "[5 6 8]"
            },
            "symbolic": {
                "0": 4,
                "3": 4,
                "6": 4,
                "9": 4,
                "12": 6,
                "15": 6,
                "18": 6,
                "21": 5,
                "24": 5
            },
            "avg_amplitude": {
                "0": -0.6433021806853393,
                "3": -0.17133956386292218,
                "6": -0.6277258566977933,
                "9": -0.19937694704047704,
                "12": 0.7219626168224419,
                "15": 0.9213395638629406,
                "18": 0.8465732087227568,
                "21": 0.5802180685358344,
                "24": 0.5926791277258693
            }
        },
        "8": {
            "avg": -0.39881148148148154,
            "std": 0.008312820822590258,
            "words": {
                "3": "[1 3 3]",
                "6": "[4 4 5]",
                "9": "[5 6 8]",
                "12": "[5 6 6]",
                "15": "[6 6 6]",
                "18": "[6 6 6]",
                "21": "[6 5 5]",
                "24": "[5 5 5]",
                "27": "[5 4 4]"
            },
            "symbolic": {
                "0": 3,
                "3": 4,
                "6": 5,
                "9": 6,
                "12": 6,
                "15": 6,
                "18": 5,
                "21": 5,
                "24": 4
            },
            "avg_amplitude": {
                "0": -0.9340787328208698,
                "3": -0.15467039366410174,
                "6": 0.636151875145587,
                "9": 0.7335196832052193,
                "12": 0.70184020498486,
                "15": 0.7351502445842085,
                "18": 0.638248311204288,
                "21": 0.44025157232704476,
                "24": -0.03633822501746842
            }
        },
        "9": {
            "avg": 0.8847992592592592,
            "std": 0.06969795642771336,
            "words": {
                "3": "[4 4 4]",
                "6": "[4 4 4]",
                "9": "[3 3 1]",
                "12": "[3 3 3]",
                "15": "[4 5 5]",
                "18": "[5 6 6]",
                "21": "[8 8 7]",
                "24": "[6 6 6]",
                "27": "[6 6 6]"
            },
            "symbolic": {
                "0": 4,
                "3": 4,
                "6": 3,
                "9": 3,
                "12": 4,
                "15": 6,
                "18": 7,
                "21": 6,
                "24": 6
            },
            "avg_amplitude": {
                "0": -0.15063624084737362,
                "3": -0.37545318831307367,
                "6": -0.8909859955925216,
                "9": -0.8442453970285069,
                "12": -0.013151347124476668,
                "15": 0.8062842112746144,
                "18": 0.989656643207507,
                "21": 0.8928698372076488,
                "24": 0.7890452832871263
            }
        },
        "10": {
            "avg": 0.956967037037037,
            "std": 0.02034014764616537,
            "words": {
                "3": "[5 5 5]",
                "6": "[5 6 6]",
                "9": "[6 6 5]",
                "12": "[5 4 4]",
                "15": "[4 3 1]",
                "18": "[2 3 4]",
                "21": "[4 5 6]",
                "24": "[6 6 7]",
                "27": "[7 7 8]"
            },
            "symbolic": {
                "0": 5,
                "3": 5,
                "6": 6,
                "9": 4,
                "12": 3,
                "15": 4,
                "18": 5,
                "21": 6,
                "24": 7
            },
            "avg_amplitude": {
                "0": 0.1568371890952549,
                "3": 0.6453785163462599,
                "6": 0.7332464429238644,
                "9": -0.02867383512544656,
                "12": -0.8040621266427711,
                "15": -0.658520690778755,
                "18": 0.30618008037362815,
                "21": 0.9141957206473346,
                "24": 0.9867492125556666
            }
        },
        "11": {
            "avg": 0.9857174074074075,
            "std": 0.013307570891035785,
            "words": {
                "3": "[5 6 6]",
                "6": "[6 6 6]",
                "9": "[5 5 5]",
                "12": "[5 4 4]",
                "15": "[3 1 4]",
                "18": "[4 5 5]",
                "21": "[5 6 6]",
                "24": "[7 8 7]",
                "27": "[7 6 6]"
            },
            "symbolic": {
                "0": 6,
                "3": 6,
                "6": 5,
                "9": 4,
                "12": 3,
                "15": 5,
                "18": 6,
                "21": 7,
                "24": 6
            },
            "avg_amplitude": {
                "0": 0.7122762148337554,
                "3": 0.791844273941457,
                "6": 0.40934924694514946,
                "9": -0.10912190963342028,
                "12": -0.7588803637396987,
                "15": 0.08979823813583221,
                "18": 0.720943449843703,
                "21": 0.9766979255470276,
                "24": 0.9487070190394983
            }
        },
        "12": {
            "avg": 0.39492925925925926,
            "std": 0.003930435409356383,
            "words": {
                "3": "[4 4 4]",
                "6": "[5 5 5]",
                "9": "[6 8 7]",
                "12": "[6 6 6]",
                "15": "[5 6 5]",
                "18": "[5 5 4]",
                "21": "[4 3 3]",
                "24": "[4 3 3]",
                "27": "[2 2 1]"
            },
            "symbolic": {
                "0": 4,
                "3": 5,
                "6": 6,
                "9": 6,
                "12": 5,
                "15": 5,
                "18": 4,
                "21": 3,
                "24": 2
            },
            "avg_amplitude": {
                "0": -0.4955122253172408,
                "3": 0.301764159702881,
                "6": 0.9133395233673808,
                "9": 0.926957598266796,
                "12": 0.5666976168368901,
                "15": 0.09811203961622199,
                "18": -0.6620241411327802,
                "21": -0.811203961621795,
                "24": -0.9814298978644401
            }
        },
        "13": {
            "avg": 0.9348299999999999,
            "std": 0.0021364744503323814,
            "words": {
                "3": "[1 4 4]",
                "6": "[4 4 5]",
                "9": "[5 5 5]",
                "12": "[5 6 8]",
                "15": "[6 6 6]",
                "18": "[7 6 6]",
                "21": "[6 6 5]",
                "24": "[5 5 5]",
                "27": "[5 5 4]"
            },
            "symbolic": {
                "0": 4,
                "3": 4,
                "6": 5,
                "9": 6,
                "12": 6,
                "15": 6,
                "18": 6,
                "21": 5,
                "24": 5
            },
            "avg_amplitude": {
                "0": -0.6468686868686961,
                "3": -0.07636363636364789,
                "6": 0.3599999999999864,
                "9": 0.8076767676767632,
                "12": 0.8626262626262505,
                "15": 0.9216161616161503,
                "18": 0.7317171717171629,
                "21": 0.3761616161616277,
                "24": 0.12161616161614675
            }
        },
        "14": {
            "avg": 0.9999862962962964,
            "std": 1.5228553178437907e-05,
            "words": {
                "3": "[5 5 5]",
                "6": "[5 5 5]",
                "9": "[5 8 8]",
                "12": "[8 8 8]",
                "15": "[8 8 8]",
                "18": "[8 8 5]",
                "21": "[5 5 5]",
                "24": "[5 4 4]",
                "27": "[1 1 4]"
            },
            "symbolic": {
                "0": 5,
                "3": 5,
                "6": 6,
                "9": 8,
                "12": 8,
                "15": 6,
                "18": 5,
                "21": 4,
                "24": 3
            },
            "avg_amplitude": {
                "0": 0.19999999999911178,
                "3": 0.4666666666645943,
                "6": 0.8666666666657785,
                "9": 1.0,
                "12": 1.0,
                "15": 0.8666666666657785,
                "18": 0.5999999999973356,
                "21": -0.0666666666663706,
                "24": -0.8666666666657785
            }
        },
        "15": {
            "avg": 0.9683459259259258,
            "std": 0.012356310209536718,
            "words": {
                "3": "[5 5 6]",
                "6": "[6 6 6]",
                "9": "[6 7 7]",
                "12": "[5 5 5]",
                "15": "[6 6 6]",
                "18": "[6 6 6]",
                "21": "[7 7 7]",
                "24": "[7 7 7]",
                "27": "[8 4 1]"
            },
            "symbolic": {
                "0": 5,
                "3": 6,
                "6": 7,
                "9": 5,
                "12": 6,
                "15": 6,
                "18": 7,
                "21": 7,
                "24": 4
            },
            "avg_amplitude": {
                "0": 0.6508107461257734,
                "3": 0.851851851851856,
                "6": 0.9638604678992424,
                "9": 0.2980314725064319,
                "12": 0.7953688745288119,
                "15": 0.9214982349069624,
                "18": 0.9709208400646236,
                "21": 0.9770238736313059,
                "24": -0.009034883025188734
            }
        },
        "16": {
            "avg": -0.3776840740740741,
            "std": 0.0032315360235072536,
            "words": {
                "3": "[5 5 5]",
                "6": "[5 5 6]",
                "9": "[6 7 7]",
                "12": "[8 7 6]",
                "15": "[6 6 6]",
                "18": "[6 6 6]",
                "21": "[6 5 4]",
                "24": "[4 4 4]",
                "27": "[3 3 1]"
            },
            "symbolic": {
                "0": 5,
                "3": 5,
                "6": 6,
                "9": 7,
                "12": 6,
                "15": 6,
                "18": 5,
                "21": 4,
                "24": 3
            },
            "avg_amplitude": {
                "0": 0.19932659932660313,
                "3": 0.6087542087542085,
                "6": 0.9474747474747508,
                "9": 0.9649831649831672,
                "12": 0.8996632996633073,
                "15": 0.830976430976437,
                "18": 0.35824915824915715,
                "21": -0.30370370370370386,
                "24": -0.9494949494949512
            }
        },
        "17": {
            "avg": 0.9248077777777778,
            "std": 0.0026106502775735526,
            "words": {
                "3": "[8 6 5]",
                "6": "[5 5 5]",
                "9": "[4 4 4]",
                "12": "[4 3 2]",
                "15": "[3 1 2]",
                "18": "[3 3 3]",
                "21": "[4 4 4]",
                "24": "[4 4 5]",
                "27": "[5 5 5]"
            },
            "symbolic": {
                "0": 6,
                "3": 5,
                "6": 4,
                "9": 3,
                "12": 3,
                "15": 3,
                "18": 4,
                "21": 4,
                "24": 5
            },
            "avg_amplitude": {
                "0": 0.8192862566438696,
                "3": 0.10933940774488556,
                "6": -0.15793470007593,
                "9": -0.7798025816248986,
                "12": -0.9445709946848816,
                "15": -0.8071374335611106,
                "18": -0.45178435839027137,
                "21": -0.01138952164007708,
                "24": 0.4358390280941406
            }
        },
        "18": {
            "avg": 0.9998140740740739,
            "std": 0.0001178414599646639,
            "words": {
                "3": "[4 5 5]",
                "6": "[5 5 6]",
                "9": "[6 6 8]",
                "12": "[6 6 6]",
                "15": "[6 6 6]",
                "18": "[6 6 5]",
                "21": "[5 5 5]",
                "24": "[5 4 4]",
                "27": "[4 3 1]"
            },
            "symbolic": {
                "0": 4,
                "3": 5,
                "6": 6,
                "9": 6,
                "12": 6,
                "15": 6,
                "18": 5,
                "21": 4,
                "24": 3
            },
            "avg_amplitude": {
                "0": -0.016666666666407554,
                "3": 0.40000000000025904,
                "6": 0.9166666666666666,
                "9": 0.9499999999996668,
                "12": 0.8833333333334813,
                "15": 0.7333333333335924,
                "18": 0.3666666666667037,
                "21": -0.14999999999970395,
                "24": -0.75
            }
        },
        "19": {
            "avg": 0.7974614814814814,
            "std": 0.0038489066416558322,
            "words": {
                "3": "[8 6 6]",
                "6": "[5 5 5]",
                "9": "[5 5 4]",
                "12": "[4 4 4]",
                "15": "[3 3 1]",
                "18": "[2 3 3]",
                "21": "[3 3 3]",
                "24": "[3 4 4]",
                "27": "[4 5 5]"
            },
            "symbolic": {
                "0": 6,
                "3": 5,
                "6": 5,
                "9": 4,
                "12": 3,
                "15": 3,
                "18": 3,
                "21": 4,
                "24": 5
            },
            "avg_amplitude": {
                "0": 0.9166666666666675,
                "3": 0.5044742729306455,
                "6": 0.08501118568233368,
                "9": -0.4284116331096151,
                "12": -0.8640939597315417,
                "15": -0.9351230425055902,
                "18": -0.8098434004474241,
                "21": -0.5195749440715783,
                "24": 0.16554809843401108
            }
        }
    },
    "Y": {
        "0": {
            "avg": 0.04858518148148149,
            "std": 0.052258171999425757,
            "words": {
                "3": "[4 4 4]",
                "6": "[5 5 5]",
                "9": "[5 6 6]",
                "12": "[6 8 7]",
                "15": "[7 6 6]",
                "18": "[6 5 5]",
                "21": "[5 5 4]",
                "24": "[4 4 4]",
                "27": "[3 3 1]"
            },
            "symbolic": {
                "0": 4,
                "3": 5,
                "6": 6,
                "9": 7,
                "12": 6,
                "15": 5,
                "18": 5,
                "21": 4,
                "24": 3
            },
            "avg_amplitude": {
                "0": -0.38545679478308276,
                "3": 0.3612966807154388,
                "6": 0.746534985636703,
                "9": 0.9728669979660731,
                "12": 0.9085949130863265,
                "15": 0.6473674278165692,
                "18": 0.19291270889685685,
                "21": -0.4298337212471955,
                "24": -0.9206600826151684
            }
        },
        "1": {
            "avg": 0.9925496296296293,
            "std": 0.001238601821787146,
            "words": {
                "3": "[8 7 6]",
                "6": "[5 5 5]",
                "9": "[5 5 5]",
                "12": "[5 5 5]",
                "15": "[4 4 4]",
                "18": "[4 3 3]",
                "21": "[1 2 3]",
                "24": "[2 3 4]",
                "27": "[4 5 5]"
            },
            "symbolic": {
                "0": 6,
                "3": 5,
                "6": 5,
                "9": 5,
                "12": 4,
                "15": 3,
                "18": 2,
                "21": 3,
                "24": 5
            },
            "avg_amplitude": {
                "0": 0.926126126126143,
                "3": 0.5531531531532108,
                "6": 0.46846846846851226,
                "9": 0.25765765765770277,
                "12": -0.15855855855849552,
                "15": -0.7747747747746817,
                "18": -0.9603603603603211,
                "21": -0.8486486486485788,
                "24": 0.1459459459460005
            }
        },
        "2": {
            "avg": 0.9892651851851852,
            "std": 0.0037699799737994674,
            "words": {
                "3": "[8 6 6]",
                "6": "[6 5 5]",
                "9": "[5 5 5]",
                "12": "[5 4 4]",
                "15": "[4 4 4]",
                "18": "[4 3 3]",
                "21": "[3 2 1]",
                "24": "[2 3 3]",
                "27": "[4 4 4]"
            },
            "symbolic": {
                "0": 6,
                "3": 5,
                "6": 5,
                "9": 4,
                "12": 4,
                "15": 3,
                "18": 2,
                "21": 3,
                "24": 4
            },
            "avg_amplitude": {
                "0": 0.8874824191279941,
                "3": 0.5634317862166001,
                "6": 0.19268635724332128,
                "9": -0.06216596343179418,
                "12": -0.3817158931082907,
                "15": -0.7637130801687944,
                "18": -0.9769338959212425,
                "21": -0.8970464135021216,
                "24": -0.3237693389592184
            }
        },
        "3": {
            "avg": 0.9970959259259261,
            "std": 0.0006355449464179538,
            "words": {
                "3": "[4 4 4]",
                "6": "[4 4 4]",
                "9": "[4 4 4]",
                "12": "[4 4 4]",
                "15": "[3 3 3]",
                "18": "[1 3 3]",
                "21": "[3 4 4]",
                "24": "[5 5 6]",
                "27": "[6 7 8]"
            },
            "symbolic": {
                "0": 4,
                "3": 4,
                "6": 4,
                "9": 4,
                "12": 3,
                "15": 3,
                "18": 4,
                "21": 5,
                "24": 7
            },
            "avg_amplitude": {
                "0": -0.44660194174752105,
                "3": -0.359223300970827,
                "6": -0.29449838187702093,
                "9": -0.39482200647253357,
                "12": -0.8381877022653949,
                "15": -0.9093851132685925,
                "18": -0.3915857605177481,
                "21": 0.6148867313916254,
                "24": 0.9741100323624344
            }
        },
        "4": {
            "avg": 0.44913,
            "std": 0.0042648617977428215,
            "words": {
                "3": "[6 6 6]",
                "6": "[7 8 6]",
                "9": "[6 6 5]",
                "12": "[5 5 5]",
                "15": "[4 3 4]",
                "18": "[3 2 1]",
                "21": "[2 3 3]",
                "24": "[4 4 4]",
                "27": "[4 4 4]"
            },
            "symbolic": {
                "0": 6,
                "3": 6,
                "6": 6,
                "9": 5,
                "12": 4,
                "15": 3,
                "18": 3,
                "21": 4,
                "24": 4
            },
            "avg_amplitude": {
                "0": 0.9043503313166267,
                "3": 0.9510227600115261,
                "6": 0.6969173148948462,
                "9": 0.40478248343417006,
                "12": -0.5084989916450589,
                "15": -0.9118409680207412,
                "18": -0.9026217228464435,
                "21": -0.45664073753961604,
                "24": -0.3408239700374575
            }
        },
        "5": {
            "avg": 0.8934933333333333,
            "std": 0.002891047188503475,
            "words": {
                "3": "[2 1 3]",
                "6": "[3 3 4]",
                "9": "[4 4 4]",
                "12": "[5 5 5]",
                "15": "[5 5 6]",
                "18": "[5 5 5]",
                "21": "[5 5 5]",
                "24": "[6 7 8]",
                "27": "[7 6 6]"
            },
            "symbolic": {
                "0": 3,
                "3": 3,
                "6": 4,
                "9": 5,
                "12": 6,
                "15": 5,
                "18": 5,
                "21": 6,
                "24": 6
            },
            "avg_amplitude": {
                "0": -0.9493769470404955,
                "3": -0.6900311526479855,
                "6": -0.2842679127725669,
                "9": 0.32242990654206255,
                "12": 0.6869158878504572,
                "15": 0.6152647975078017,
                "18": 0.5077881619937794,
                "21": 0.9174454828660478,
                "24": 0.8995327102803644
            }
        },
        "6": {
            "avg": 0.979747407407407,
            "std": 0.000977609299781832,
            "words": {
                "3": "[8 6 5]",
                "6": "[5 5 4]",
                "9": "[4 4 3]",
                "12": "[3 4 3]",
                "15": "[3 3 1]",
                "18": "[3 4 4]",
                "21": "[5 5 6]",
                "24": "[6 6 6]",
                "27": "[6 5 5]"
            },
            "symbolic": {
                "0": 6,
                "3": 5,
                "6": 4,
                "9": 3,
                "12": 3,
                "15": 4,
                "18": 5,
                "21": 6,
                "24": 5
            },
            "avg_amplitude": {
                "0": 0.8115942028985413,
                "3": 0.20289855072468896,
                "6": -0.5990338164251573,
                "9": -0.7463768115942461,
                "12": -0.9371980676328918,
                "15": -0.3961352657005488,
                "18": 0.5000000000000001,
                "21": 0.7971014492753913,
                "24": 0.676328502415469
            }
        },
        "7": {
            "avg": 0.9965711111111112,
            "std": 0.002797405849564817,
            "words": {
                "3": "[1 4 4]",
                "6": "[4 4 4]",
                "9": "[4 4 3]",
                "12": "[4 5 4]",
                "15": "[5 6 6]",
                "18": "[6 6 6]",
                "21": "[7 6 6]",
                "24": "[6 6 5]",
                "27": "[5 6 8]"
            },
            "symbolic": {
                "0": 4,
                "3": 4,
                "6": 4,
                "9": 4,
                "12": 6,
                "15": 6,
                "18": 6,
                "21": 5,
                "24": 5
            },
            "avg_amplitude": {
                "0": -0.6433021806853393,
                "3": -0.17133956386292218,
                "6": -0.6277258566977933,
                "9": -0.19937694704047704,
                "12": 0.7219626168224419,
                "15": 0.9213395638629406,
                "18": 0.8465732087227568,
                "21": 0.5802180685358344,
                "24": 0.5926791277258693
            }
        },
        "8": {
            "avg": -0.39881148148148154,
            "std": 0.008312820822590258,
            "words": {
                "3": "[1 3 3]",
                "6": "[4 4 5]",
                "9": "[5 6 8]",
                "12": "[5 6 6]",
                "15": "[6 6 6]",
                "18": "[6 6 6]",
                "21": "[6 5 5]",
                "24": "[5 5 5]",
                "27": "[5 4 4]"
            },
            "symbolic": {
                "0": 3,
                "3": 4,
                "6": 5,
                "9": 6,
                "12": 6,
                "15": 6,
                "18": 5,
                "21": 5,
                "24": 4
            },
            "avg_amplitude": {
                "0": -0.9340787328208698,
                "3": -0.15467039366410174,
                "6": 0.636151875145587,
                "9": 0.7335196832052193,
                "12": 0.70184020498486,
                "15": 0.7351502445842085,
                "18": 0.638248311204288,
                "21": 0.44025157232704476,
                "24": -0.03633822501746842
            }
        },
        "9": {
            "avg": 0.8847992592592592,
            "std": 0.06969795642771336,
            "words": {
                "3": "[4 4 4]",
                "6": "[4 4 4]",
                "9": "[3 3 1]",
                "12": "[3 3 3]",
                "15": "[4 5 5]",
                "18": "[5 6 6]",
                "21": "[8 8 7]",
                "24": "[6 6 6]",
                "27": "[6 6 6]"
            },
            "symbolic": {
                "0": 4,
                "3": 4,
                "6": 3,
                "9": 3,
                "12": 4,
                "15": 6,
                "18": 7,
                "21": 6,
                "24": 6
            },
            "avg_amplitude": {
                "0": -0.15063624084737362,
                "3": -0.37545318831307367,
                "6": -0.8909859955925216,
                "9": -0.8442453970285069,
                "12": -0.013151347124476668,
                "15": 0.8062842112746144,
                "18": 0.989656643207507,
                "21": 0.8928698372076488,
                "24": 0.7890452832871263
            }
        },
        "10": {
            "avg": 0.956967037037037,
            "std": 0.02034014764616537,
            "words": {
                "3": "[5 5 5]",
                "6": "[5 6 6]",
                "9": "[6 6 5]",
                "12": "[5 4 4]",
                "15": "[4 3 1]",
                "18": "[2 3 4]",
                "21": "[4 5 6]",
                "24": "[6 6 7]",
                "27": "[7 7 8]"
            },
            "symbolic": {
                "0": 5,
                "3": 5,
                "6": 6,
                "9": 4,
                "12": 3,
                "15": 4,
                "18": 5,
                "21": 6,
                "24": 7
            },
            "avg_amplitude": {
                "0": 0.1568371890952549,
                "3": 0.6453785163462599,
                "6": 0.7332464429238644,
                "9": -0.02867383512544656,
                "12": -0.8040621266427711,
                "15": -0.658520690778755,
                "18": 0.30618008037362815,
                "21": 0.9141957206473346,
                "24": 0.9867492125556666
            }
        },
        "11": {
            "avg": 0.9857174074074075,
            "std": 0.013307570891035785,
            "words": {
                "3": "[5 6 6]",
                "6": "[6 6 6]",
                "9": "[5 5 5]",
                "12": "[5 4 4]",
                "15": "[3 1 4]",
                "18": "[4 5 5]",
                "21": "[5 6 6]",
                "24": "[7 8 7]",
                "27": "[7 6 6]"
            },
            "symbolic": {
                "0": 6,
                "3": 6,
                "6": 5,
                "9": 4,
                "12": 3,
                "15": 5,
                "18": 6,
                "21": 7,
                "24": 6
            },
            "avg_amplitude": {
                "0": 0.7122762148337554,
                "3": 0.791844273941457,
                "6": 0.40934924694514946,
                "9": -0.10912190963342028,
                "12": -0.7588803637396987,
                "15": 0.08979823813583221,
                "18": 0.720943449843703,
                "21": 0.9766979255470276,
                "24": 0.9487070190394983
            }
        },
        "12": {
            "avg": 0.39492925925925926,
            "std": 0.003930435409356383,
            "words": {
                "3": "[4 4 4]",
                "6": "[5 5 5]",
                "9": "[6 8 7]",
                "12": "[6 6 6]",
                "15": "[5 6 5]",
                "18": "[5 5 4]",
                "21": "[4 3 3]",
                "24": "[4 3 3]",
                "27": "[2 2 1]"
            },
            "symbolic": {
                "0": 4,
                "3": 5,
                "6": 6,
                "9": 6,
                "12": 5,
                "15": 5,
                "18": 4,
                "21": 3,
                "24": 2
            },
            "avg_amplitude": {
                "0": -0.4955122253172408,
                "3": 0.301764159702881,
                "6": 0.9133395233673808,
                "9": 0.926957598266796,
                "12": 0.5666976168368901,
                "15": 0.09811203961622199,
                "18": -0.6620241411327802,
                "21": -0.811203961621795,
                "24": -0.9814298978644401
            }
        },
        "13": {
            "avg": 0.9348299999999999,
            "std": 0.0021364744503323814,
            "words": {
                "3": "[1 4 4]",
                "6": "[4 4 5]",
                "9": "[5 5 5]",
                "12": "[5 6 8]",
                "15": "[6 6 6]",
                "18": "[7 6 6]",
                "21": "[6 6 5]",
                "24": "[5 5 5]",
                "27": "[5 5 4]"
            },
            "symbolic": {
                "0": 4,
                "3": 4,
                "6": 5,
                "9": 6,
                "12": 6,
                "15": 6,
                "18": 6,
                "21": 5,
                "24": 5
            },
            "avg_amplitude": {
                "0": -0.6468686868686961,
                "3": -0.07636363636364789,
                "6": 0.3599999999999864,
                "9": 0.8076767676767632,
                "12": 0.8626262626262505,
                "15": 0.9216161616161503,
                "18": 0.7317171717171629,
                "21": 0.3761616161616277,
                "24": 0.12161616161614675
            }
        },
        "14": {
            "avg": 0.9999862962962964,
            "std": 1.5228553178437907e-05,
            "words": {
                "3": "[5 5 5]",
                "6": "[5 5 5]",
                "9": "[5 8 8]",
                "12": "[8 8 8]",
                "15": "[8 8 8]",
                "18": "[8 8 5]",
                "21": "[5 5 5]",
                "24": "[5 4 4]",
                "27": "[1 1 4]"
            },
            "symbolic": {
                "0": 5,
                "3": 5,
                "6": 6,
                "9": 8,
                "12": 8,
                "15": 6,
                "18": 5,
                "21": 4,
                "24": 3
            },
            "avg_amplitude": {
                "0": 0.19999999999911178,
                "3": 0.4666666666645943,
                "6": 0.8666666666657785,
                "9": 1.0,
                "12": 1.0,
                "15": 0.8666666666657785,
                "18": 0.5999999999973356,
                "21": -0.0666666666663706,
                "24": -0.8666666666657785
            }
        },
        "15": {
            "avg": 0.9683459259259258,
            "std": 0.012356310209536718,
            "words": {
                "3": "[5 5 6]",
                "6": "[6 6 6]",
                "9": "[6 7 7]",
                "12": "[5 5 5]",
                "15": "[6 6 6]",
                "18": "[6 6 6]",
                "21": "[7 7 7]",
                "24": "[7 7 7]",
                "27": "[8 4 1]"
            },
            "symbolic": {
                "0": 5,
                "3": 6,
                "6": 7,
                "9": 5,
                "12": 6,
                "15": 6,
                "18": 7,
                "21": 7,
                "24": 4
            },
            "avg_amplitude": {
                "0": 0.6508107461257734,
                "3": 0.851851851851856,
                "6": 0.9638604678992424,
                "9": 0.2980314725064319,
                "12": 0.7953688745288119,
                "15": 0.9214982349069624,
                "18": 0.9709208400646236,
                "21": 0.9770238736313059,
                "24": -0.009034883025188734
            }
        },
        "16": {
            "avg": -0.3776840740740741,
            "std": 0.0032315360235072536,
            "words": {
                "3": "[5 5 5]",
                "6": "[5 5 6]",
                "9": "[6 7 7]",
                "12": "[8 7 6]",
                "15": "[6 6 6]",
                "18": "[6 6 6]",
                "21": "[6 5 4]",
                "24": "[4 4 4]",
                "27": "[3 3 1]"
            },
            "symbolic": {
                "0": 5,
                "3": 5,
                "6": 6,
                "9": 7,
                "12": 6,
                "15": 6,
                "18": 5,
                "21": 4,
                "24": 3
            },
            "avg_amplitude": {
                "0": 0.19932659932660313,
                "3": 0.6087542087542085,
                "6": 0.9474747474747508,
                "9": 0.9649831649831672,
                "12": 0.8996632996633073,
                "15": 0.830976430976437,
                "18": 0.35824915824915715,
                "21": -0.30370370370370386,
                "24": -0.9494949494949512
            }
        },
        "17": {
            "avg": 0.9248077777777778,
            "std": 0.0026106502775735526,
            "words": {
                "3": "[8 6 5]",
                "6": "[5 5 5]",
                "9": "[4 4 4]",
                "12": "[4 3 2]",
                "15": "[3 1 2]",
                "18": "[3 3 3]",
                "21": "[4 4 4]",
                "24": "[4 4 5]",
                "27": "[5 5 5]"
            },
            "symbolic": {
                "0": 6,
                "3": 5,
                "6": 4,
                "9": 3,
                "12": 3,
                "15": 3,
                "18": 4,
                "21": 4,
                "24": 5
            },
            "avg_amplitude": {
                "0": 0.8192862566438696,
                "3": 0.10933940774488556,
                "6": -0.15793470007593,
                "9": -0.7798025816248986,
                "12": -0.9445709946848816,
                "15": -0.8071374335611106,
                "18": -0.45178435839027137,
                "21": -0.01138952164007708,
                "24": 0.4358390280941406
            }
        },
        "18": {
            "avg": 0.9998140740740739,
            "std": 0.0001178414599646639,
            "words": {
                "3": "[4 5 5]",
                "6": "[5 5 6]",
                "9": "[6 6 8]",
                "12": "[6 6 6]",
                "15": "[6 6 6]",
                "18": "[6 6 5]",
                "21": "[5 5 5]",
                "24": "[5 4 4]",
                "27": "[4 3 1]"
            },
            "symbolic": {
                "0": 4,
                "3": 5,
                "6": 6,
                "9": 6,
                "12": 6,
                "15": 6,
                "18": 5,
                "21": 4,
                "24": 3
            },
            "avg_amplitude": {
                "0": -0.016666666666407554,
                "3": 0.40000000000025904,
                "6": 0.9166666666666666,
                "9": 0.9499999999996668,
                "12": 0.8833333333334813,
                "15": 0.7333333333335924,
                "18": 0.3666666666667037,
                "21": -0.14999999999970395,
                "24": -0.75
            }
        },
        "19": {
            "avg": 0.7974614814814814,
            "std": 0.0038489066416558322,
            "words": {
                "3": "[8 6 6]",
                "6": "[5 5 5]",
                "9": "[5 5 4]",
                "12": "[4 4 4]",
                "15": "[3 3 1]",
                "18": "[2 3 3]",
                "21": "[3 3 3]",
                "24": "[3 4 4]",
                "27": "[4 5 5]"
            },
            "symbolic": {
                "0": 6,
                "3": 5,
                "6": 5,
                "9": 4,
                "12": 3,
                "15": 3,
                "18": 3,
                "21": 4,
                "24": 5
            },
            "avg_amplitude": {
                "0": 0.9166666666666675,
                "3": 0.5044742729306455,
                "6": 0.08501118568233368,
                "9": -0.4284116331096151,
                "12": -0.8640939597315417,
                "15": -0.9351230425055902,
                "18": -0.8098434004474241,
                "21": -0.5195749440715783,
                "24": 0.16554809843401108
            }
        }
    },
    "Z": {
        "0": {
            "avg": 0.04858518148148149,
            "std": 0.052258171999425757,
            "words": {
                "3": "[4 4 4]",
                "6": "[5 5 5]",
                "9": "[5 6 6]",
                "12": "[6 8 7]",
                "15": "[7 6 6]",
                "18": "[6 5 5]",
                "21": "[5 5 4]",
                "24": "[4 4 4]",
                "27": "[3 3 1]"
            },
            "symbolic": {
                "0": 4,
                "3": 5,
                "6": 6,
                "9": 7,
                "12": 6,
                "15": 5,
                "18": 5,
                "21": 4,
                "24": 3
            },
            "avg_amplitude": {
                "0": -0.38545679478308276,
                "3": 0.3612966807154388,
                "6": 0.746534985636703,
                "9": 0.9728669979660731,
                "12": 0.9085949130863265,
                "15": 0.6473674278165692,
                "18": 0.19291270889685685,
                "21": -0.4298337212471955,
                "24": -0.9206600826151684
            }
        },
        "1": {
            "avg": 0.9925496296296293,
            "std": 0.001238601821787146,
            "words": {
                "3": "[8 7 6]",
                "6": "[5 5 5]",
                "9": "[5 5 5]",
                "12": "[5 5 5]",
                "15": "[4 4 4]",
                "18": "[4 3 3]",
                "21": "[1 2 3]",
                "24": "[2 3 4]",
                "27": "[4 5 5]"
            },
            "symbolic": {
                "0": 6,
                "3": 5,
                "6": 5,
                "9": 5,
                "12": 4,
                "15": 3,
                "18": 2,
                "21": 3,
                "24": 5
            },
            "avg_amplitude": {
                "0": 0.926126126126143,
                "3": 0.5531531531532108,
                "6": 0.46846846846851226,
                "9": 0.25765765765770277,
                "12": -0.15855855855849552,
                "15": -0.7747747747746817,
                "18": -0.9603603603603211,
                "21": -0.8486486486485788,
                "24": 0.1459459459460005
            }
        },
        "2": {
            "avg": 0.9892651851851852,
            "std": 0.0037699799737994674,
            "words": {
                "3": "[8 6 6]",
                "6": "[6 5 5]",
                "9": "[5 5 5]",
                "12": "[5 4 4]",
                "15": "[4 4 4]",
                "18": "[4 3 3]",
                "21": "[3 2 1]",
                "24": "[2 3 3]",
                "27": "[4 4 4]"
            },
            "symbolic": {
                "0": 6,
                "3": 5,
                "6": 5,
                "9": 4,
                "12": 4,
                "15": 3,
                "18": 2,
                "21": 3,
                "24": 4
            },
            "avg_amplitude": {
                "0": 0.8874824191279941,
                "3": 0.5634317862166001,
                "6": 0.19268635724332128,
                "9": -0.06216596343179418,
                "12": -0.3817158931082907,
                "15": -0.7637130801687944,
                "18": -0.9769338959212425,
                "21": -0.8970464135021216,
                "24": -0.3237693389592184
            }
        },
        "3": {
            "avg": 0.9970959259259261,
            "std": 0.0006355449464179538,
            "words": {
                "3": "[4 4 4]",
                "6": "[4 4 4]",
                "9": "[4 4 4]",
                "12": "[4 4 4]",
                "15": "[3 3 3]",
                "18": "[1 3 3]",
                "21": "[3 4 4]",
                "24": "[5 5 6]",
                "27": "[6 7 8]"
            },
            "symbolic": {
                "0": 4,
                "3": 4,
                "6": 4,
                "9": 4,
                "12": 3,
                "15": 3,
                "18": 4,
                "21": 5,
                "24": 7
            },
            "avg_amplitude": {
                "0": -0.44660194174752105,
                "3": -0.359223300970827,
                "6": -0.29449838187702093,
                "9": -0.39482200647253357,
                "12": -0.8381877022653949,
                "15": -0.9093851132685925,
                "18": -0.3915857605177481,
                "21": 0.6148867313916254,
                "24": 0.9741100323624344
            }
        },
        "4": {
            "avg": 0.44913,
            "std": 0.0042648617977428215,
            "words": {
                "3": "[6 6 6]",
                "6": "[7 8 6]",
                "9": "[6 6 5]",
                "12": "[5 5 5]",
                "15": "[4 3 4]",
                "18": "[3 2 1]",
                "21": "[2 3 3]",
                "24": "[4 4 4]",
                "27": "[4 4 4]"
            },
            "symbolic": {
                "0": 6,
                "3": 6,
                "6": 6,
                "9": 5,
                "12": 4,
                "15": 3,
                "18": 3,
                "21": 4,
                "24": 4
            },
            "avg_amplitude": {
                "0": 0.9043503313166267,
                "3": 0.9510227600115261,
                "6": 0.6969173148948462,
                "9": 0.40478248343417006,
                "12": -0.5084989916450589,
                "15": -0.9118409680207412,
                "18": -0.9026217228464435,
                "21": -0.45664073753961604,
                "24": -0.3408239700374575
            }
        },
        "5": {
            "avg": 0.8934933333333333,
            "std": 0.002891047188503475,
            "words": {
                "3": "[2 1 3]",
                "6": "[3 3 4]",
                "9": "[4 4 4]",
                "12": "[5 5 5]",
                "15": "[5 5 6]",
                "18": "[5 5 5]",
                "21": "[5 5 5]",
                "24": "[6 7 8]",
                "27": "[7 6 6]"
            },
            "symbolic": {
                "0": 3,
                "3": 3,
                "6": 4,
                "9": 5,
                "12": 6,
                "15": 5,
                "18": 5,
                "21": 6,
                "24": 6
            },
            "avg_amplitude": {
                "0": -0.9493769470404955,
                "3": -0.6900311526479855,
                "6": -0.2842679127725669,
                "9": 0.32242990654206255,
                "12": 0.6869158878504572,
                "15": 0.6152647975078017,
                "18": 0.5077881619937794,
                "21": 0.9174454828660478,
                "24": 0.8995327102803644
            }
        },
        "6": {
            "avg": 0.979747407407407,
            "std": 0.000977609299781832,
            "words": {
                "3": "[8 6 5]",
                "6": "[5 5 4]",
                "9": "[4 4 3]",
                "12": "[3 4 3]",
                "15": "[3 3 1]",
                "18": "[3 4 4]",
                "21": "[5 5 6]",
                "24": "[6 6 6]",
                "27": "[6 5 5]"
            },
            "symbolic": {
                "0": 6,
                "3": 5,
                "6": 4,
                "9": 3,
                "12": 3,
                "15": 4,
                "18": 5,
                "21": 6,
                "24": 5
            },
            "avg_amplitude": {
                "0": 0.8115942028985413,
                "3": 0.20289855072468896,
                "6": -0.5990338164251573,
                "9": -0.7463768115942461,
                "12": -0.9371980676328918,
                "15": -0.3961352657005488,
                "18": 0.5000000000000001,
                "21": 0.7971014492753913,
                "24": 0.676328502415469
            }
        },
        "7": {
            "avg": 0.9965711111111112,
            "std": 0.002797405849564817,
            "words": {
                "3": "[1 4 4]",
                "6": "[4 4 4]",
                "9": "[4 4 3]",
                "12": "[4 5 4]",
                "15": "[5 6 6]",
                "18": "[6 6 6]",
                "21": "[7 6 6]",
                "24": "[6 6 5]",
                "27": "[5 6 8]"
            },
            "symbolic": {
                "0": 4,
                "3": 4,
                "6": 4,
                "9": 4,
                "12": 6,
                "15": 6,
                "18": 6,
                "21": 5,
                "24": 5
            },
            "avg_amplitude": {
                "0": -0.6433021806853393,
                "3": -0.17133956386292218,
                "6": -0.6277258566977933,
                "9": -0.19937694704047704,
                "12": 0.7219626168224419,
                "15": 0.9213395638629406,
                "18": 0.8465732087227568,
                "21": 0.5802180685358344,
                "24": 0.5926791277258693
            }
        },
        "8": {
            "avg": -0.39881148148148154,
            "std": 0.008312820822590258,
            "words": {
                "3": "[1 3 3]",
                "6": "[4 4 5]",
                "9": "[5 6 8]",
                "12": "[5 6 6]",
                "15": "[6 6 6]",
                "18": "[6 6 6]",
                "21": "[6 5 5]",
                "24": "[5 5 5]",
                "27": "[5 4 4]"
            },
            "symbolic": {
                "0": 3,
                "3": 4,
                "6": 5,
                "9": 6,
                "12": 6,
                "15": 6,
                "18": 5,
                "21": 5,
                "24": 4
            },
            "avg_amplitude": {
                "0": -0.9340787328208698,
                "3": -0.15467039366410174,
                "6": 0.636151875145587,
                "9": 0.7335196832052193,
                "12": 0.70184020498486,
                "15": 0.7351502445842085,
                "18": 0.638248311204288,
                "21": 0.44025157232704476,
                "24": -0.03633822501746842
            }
        },
        "9": {
            "avg": 0.8847992592592592,
            "std": 0.06969795642771336,
            "words": {
                "3": "[4 4 4]",
                "6": "[4 4 4]",
                "9": "[3 3 1]",
                "12": "[3 3 3]",
                "15": "[4 5 5]",
                "18": "[5 6 6]",
                "21": "[8 8 7]",
                "24": "[6 6 6]",
                "27": "[6 6 6]"
            },
            "symbolic": {
                "0": 4,
                "3": 4,
                "6": 3,
                "9": 3,
                "12": 4,
                "15": 6,
                "18": 7,
                "21": 6,
                "24": 6
            },
            "avg_amplitude": {
                "0": -0.15063624084737362,
                "3": -0.37545318831307367,
                "6": -0.8909859955925216,
                "9": -0.8442453970285069,
                "12": -0.013151347124476668,
                "15": 0.8062842112746144,
                "18": 0.989656643207507,
                "21": 0.8928698372076488,
                "24": 0.7890452832871263
            }
        },
        "10": {
            "avg": 0.956967037037037,
            "std": 0.02034014764616537,
            "words": {
                "3": "[5 5 5]",
                "6": "[5 6 6]",
                "9": "[6 6 5]",
                "12": "[5 4 4]",
                "15": "[4 3 1]",
                "18": "[2 3 4]",
                "21": "[4 5 6]",
                "24": "[6 6 7]",
                "27": "[7 7 8]"
            },
            "symbolic": {
                "0": 5,
                "3": 5,
                "6": 6,
                "9": 4,
                "12": 3,
                "15": 4,
                "18": 5,
                "21": 6,
                "24": 7
            },
            "avg_amplitude": {
                "0": 0.1568371890952549,
                "3": 0.6453785163462599,
                "6": 0.7332464429238644,
                "9": -0.02867383512544656,
                "12": -0.8040621266427711,
                "15": -0.658520690778755,
                "18": 0.30618008037362815,
                "21": 0.9141957206473346,
                "24": 0.9867492125556666
            }
        },
        "11": {
            "avg": 0.9857174074074075,
            "std": 0.013307570891035785,
            "words": {
                "3": "[5 6 6]",
                "6": "[6 6 6]",
                "9": "[5 5 5]",
                "12": "[5 4 4]",
                "15": "[3 1 4]",
                "18": "[4 5 5]",
                "21": "[5 6 6]",
                "24": "[7 8 7]",
                "27": "[7 6 6]"
            },
            "symbolic": {
                "0": 6,
                "3": 6,
                "6": 5,
                "9": 4,
                "12": 3,
                "15": 5,
                "18": 6,
                "21": 7,
                "24": 6
            },
            "avg_amplitude": {
                "0": 0.7122762148337554,
                "3": 0.791844273941457,
                "6": 0.40934924694514946,
                "9": -0.10912190963342028,
                "12": -0.7588803637396987,
                "15": 0.08979823813583221,
                "18": 0.720943449843703,
                "21": 0.9766979255470276,
                "24": 0.9487070190394983
            }
        },
        "12": {
            "avg": 0.39492925925925926,
            "std": 0.003930435409356383,
            "words": {
                "3": "[4 4 4]",
                "6": "[5 5 5]",
                "9": "[6 8 7]",
                "12": "[6 6 6]",
                "15": "[5 6 5]",
                "18": "[5 5 4]",
                "21": "[4 3 3]",
                "24": "[4 3 3]",
                "27": "[2 2 1]"
            },
            "symbolic": {
                "0": 4,
                "3": 5,
                "6": 6,
                "9": 6,
                "12": 5,
                "15": 5,
                "18": 4,
                "21": 3,
                "24": 2
            },
            "avg_amplitude": {
                "0": -0.4955122253172408,
                "3": 0.301764159702881,
                "6": 0.9133395233673808,
                "9": 0.926957598266796,
                "12": 0.5666976168368901,
                "15": 0.09811203961622199,
                "18": -0.6620241411327802,
                "21": -0.811203961621795,
                "24": -0.9814298978644401
            }
        },
        "13": {
            "avg": 0.9348299999999999,
            "std": 0.0021364744503323814,
            "words": {
                "3": "[1 4 4]",
                "6": "[4 4 5]",
                "9": "[5 5 5]",
                "12": "[5 6 8]",
                "15": "[6 6 6]",
                "18": "[7 6 6]",
                "21": "[6 6 5]",
                "24": "[5 5 5]",
                "27": "[5 5 4]"
            },
            "symbolic": {
                "0": 4,
                "3": 4,
                "6": 5,
                "9": 6,
                "12": 6,
                "15": 6,
                "18": 6,
                "21": 5,
                "24": 5
            },
            "avg_amplitude": {
                "0": -0.6468686868686961,
                "3": -0.07636363636364789,
                "6": 0.3599999999999864,
                "9": 0.8076767676767632,
                "12": 0.8626262626262505,
                "15": 0.9216161616161503,
                "18": 0.7317171717171629,
                "21": 0.3761616161616277,
                "24": 0.12161616161614675
            }
        },
        "14": {
            "avg": 0.9999862962962964,
            "std": 1.5228553178437907e-05,
            "words": {
                "3": "[5 5 5]",
                "6": "[5 5 5]",
                "9": "[5 8 8]",
                "12": "[8 8 8]",
                "15": "[8 8 8]",
                "18": "[8 8 5]",
                "21": "[5 5 5]",
                "24": "[5 4 4]",
                "27": "[1 1 4]"
            },
            "symbolic": {
                "0": 5,
                "3": 5,
                "6": 6,
                "9": 8,
                "12": 8,
                "15": 6,
                "18": 5,
                "21": 4,
                "24": 3
            },
            "avg_amplitude": {
                "0": 0.19999999999911178,
                "3": 0.4666666666645943,
                "6": 0.8666666666657785,
                "9": 1.0,
                "12": 1.0,
                "15": 0.8666666666657785,
                "18": 0.5999999999973356,
                "21": -0.0666666666663706,
                "24": -0.8666666666657785
            }
        },
        "15": {
            "avg": 0.9683459259259258,
            "std": 0.012356310209536718,
            "words": {
                "3": "[5 5 6]",
                "6": "[6 6 6]",
                "9": "[6 7 7]",
                "12": "[5 5 5]",
                "15": "[6 6 6]",
                "18": "[6 6 6]",
                "21": "[7 7 7]",
                "24": "[7 7 7]",
                "27": "[8 4 1]"
            },
            "symbolic": {
                "0": 5,
                "3": 6,
                "6": 7,
                "9": 5,
                "12": 6,
                "15": 6,
                "18": 7,
                "21": 7,
                "24": 4
            },
            "avg_amplitude": {
                "0": 0.6508107461257734,
                "3": 0.851851851851856,
                "6": 0.9638604678992424,
                "9": 0.2980314725064319,
                "12": 0.7953688745288119,
                "15": 0.9214982349069624,
                "18": 0.9709208400646236,
                "21": 0.9770238736313059,
                "24": -0.009034883025188734
            }
        },
        "16": {
            "avg": -0.3776840740740741,
            "std": 0.0032315360235072536,
            "words": {
                "3": "[5 5 5]",
                "6": "[5 5 6]",
                "9": "[6 7 7]",
                "12": "[8 7 6]",
                "15": "[6 6 6]",
                "18": "[6 6 6]",
                "21": "[6 5 4]",
                "24": "[4 4 4]",
                "27": "[3 3 1]"
            },
            "symbolic": {
                "0": 5,
                "3": 5,
                "6": 6,
                "9": 7,
                "12": 6,
                "15": 6,
                "18": 5,
                "21": 4,
                "24": 3
            },
            "avg_amplitude": {
                "0": 0.19932659932660313,
                "3": 0.6087542087542085,
                "6": 0.9474747474747508,
                "9": 0.9649831649831672,
                "12": 0.8996632996633073,
                "15": 0.830976430976437,
                "18": 0.35824915824915715,
                "21": -0.30370370370370386,
                "24": -0.9494949494949512
            }
        },
        "17": {
            "avg": 0.9248077777777778,
            "std": 0.0026106502775735526,
            "words": {
                "3": "[8 6 5]",
                "6": "[5 5 5]",
                "9": "[4 4 4]",
                "12": "[4 3 2]",
                "15": "[3 1 2]",
                "18": "[3 3 3]",
                "21": "[4 4 4]",
                "24": "[4 4 5]",
                "27": "[5 5 5]"
            },
            "symbolic": {
                "0": 6,
                "3": 5,
                "6": 4,
                "9": 3,
                "12": 3,
                "15": 3,
                "18": 4,
                "21": 4,
                "24": 5
            },
            "avg_amplitude": {
                "0": 0.8192862566438696,
                "3": 0.10933940774488556,
                "6": -0.15793470007593,
                "9": -0.7798025816248986,
                "12": -0.9445709946848816,
                "15": -0.8071374335611106,
                "18": -0.45178435839027137,
                "21": -0.01138952164007708,
                "24": 0.4358390280941406
            }
        },
        "18": {
            "avg": 0.9998140740740739,
            "std": 0.0001178414599646639,
            "words": {
                "3": "[4 5 5]",
                "6": "[5 5 6]",
                "9": "[6 6 8]",
                "12": "[6 6 6]",
                "15": "[6 6 6]",
                "18": "[6 6 5]",
                "21": "[5 5 5]",
                "24": "[5 4 4]",
                "27": "[4 3 1]"
            },
            "symbolic": {
                "0": 4,
                "3": 5,
                "6": 6,
                "9": 6,
                "12": 6,
                "15": 6,
                "18": 5,
                "21": 4,
                "24": 3
            },
            "avg_amplitude": {
                "0": -0.016666666666407554,
                "3": 0.40000000000025904,
                "6": 0.9166666666666666,
                "9": 0.9499999999996668,
                "12": 0.8833333333334813,
                "15": 0.7333333333335924,
                "18": 0.3666666666667037,
                "21": -0.14999999999970395,
                "24": -0.75
            }
        },
        "19": {
            "avg": 0.7974614814814814,
            "std": 0.0038489066416558322,
            "words": {
                "3": "[8 6 6]",
                "6": "[5 5 5]",
                "9": "[5 5 4]",
                "12": "[4 4 4]",
                "15": "[3 3 1]",
                "18": "[2 3 3]",
                "21": "[3 3 3]",
                "24": "[3 4 4]",
                "27": "[4 5 5]"
            },
            "symbolic": {
                "0": 6,
                "3": 5,
                "6": 5,
                "9": 4,
                "12": 3,
                "15": 3,
                "18": 3,
                "21": 4,
                "24": 5
            },
            "avg_amplitude": {
                "0": 0.9166666666666675,
                "3": 0.5044742729306455,
                "6": 0.08501118568233368,
                "9": -0.4284116331096151,
                "12": -0.8640939597315417,
                "15": -0.9351230425055902,
                "18": -0.8098434004474241,
                "21": -0.5195749440715783,
                "24": 0.16554809843401108
            }
        }
    }
}