{
    "W": {
        "0": {
            "avg": 0.16310149642857139,
            "std": 0.11440708228069554,
            "words": {
                "3": "[1 3 3]",
                "6": "[4 4 4]",
                "9": "[5 5 5]",
                "12": "[5 5 6]",
                "15": "[6 6 7]",
                "18": "[8 6 6]",
                "21": "[6 6 5]",
                "24": "[5 5 5]",
                "27": "[5 4 4]"
            },
            "symbolic": {
                "0": 3,
                "3": 4,
                "6": 5,
                "9": 5,
                "12": 6,
                "15": 6,
                "18": 6,
                "21": 5,
                "24": 4
            },
            "avg_amplitude": {
                "0": -0.8855232590481287,
                "3": -0.41059789303036487,
                "6": 0.09559772084903943,
                "9": 0.5374414914611307,
                "12": 0.8933182166959375,
                "15": 0.9516656115041849,
                "18": 0.7305847895900056,
                "21": 0.33027645257022575,
                "24": -0.11702767351241954
            }
        },
        "1": {
            "avg": 0.9990682142857145,
            "std": 0.0007535449730805862,
            "words": {
                "3": "[6 5 5]",
                "6": "[5 4 4]",
                "9": "[4 1 3]",
                "12": "[3 5 5]",
                "15": "[5 5 5]",
                "18": "[5 6 6]",
                "21": "[6 6 6]",
                "24": "[6 6 6]",
                "27": "[6 6 7]"
            },
            "symbolic": {
                "0": 5,
                "3": 4,
                "6": 3,
                "9": 4,
                "12": 5,
                "15": 6,
                "18": 6,
                "21": 6,
                "24": 6
            },
            "avg_amplitude": {
                "0": 0.530758226037214,
                "3": -0.3361945636623617,
                "6": -0.8512160228898562,
                "9": -0.10729613733904146,
                "12": 0.4964234620886827,
                "15": 0.7596566523604391,
                "18": 0.8168812589413248,
                "21": 0.7625178826894992,
                "24": 0.9055793991415864
            }
        },
        "2": {
            "avg": 0.999584642857143,
            "std": 0.00020927533065597578,
            "words": {
                "3": "[5 5 4]",
                "6": "[4 3 2]",
                "9": "[1 3 3]",
                "12": "[4 4 4]",
                "15": "[5 5 5]",
                "18": "[5 5 6]",
                "21": "[6 6 8]",
                "24": "[8 6 6]",
                "27": "[5 5 4]"
            },
            "symbolic": {
                "0": 5,
                "3": 3,
                "6": 3,
                "9": 4,
                "12": 5,
                "15": 5,
                "18": 6,
                "21": 6,
                "24": 5
            },
            "avg_amplitude": {
                "0": 0.1875000000001048,
                "3": -0.7291666666665474,
                "6": -0.9166666666665945,
                "9": -0.3125000000000976,
                "12": 0.22916666666669191,
                "15": 0.6041666666665546,
                "18": 0.93749999999983,
                "21": 0.927083333333328,
                "24": 0.1979166666667227
            }
        },
        "3": {
            "avg": 0.9900667857142859,
            "std": 0.00693244067628123,
            "words": {
                "3": "[6 6 7]",
                "6": "[7 7 7]",
                "9": "[6 6 5]",
                "12": "[5 5 5]",
                "15": "[4 4 4]",
                "18": "[1 3 3]",
                "21": "[4 4 4]",
                "24": "[4 5 5]",
                "27": "[5 6 6]"
            },
            "symbolic": {
                "0": 6,
                "3": 7,
                "6": 6,
                "9": 5,
                "12": 4,
                "15": 3,
                "18": 4,
                "21": 5,
                "24": 6
            },
            "avg_amplitude": {
                "0": 0.9527093596059185,
                "3": 0.9737274220032942,
                "6": 0.7773399014778394,
                "9": 0.3044334975369569,
                "12": -0.31527093596057854,
                "15": -0.9336617405582842,
                "18": -0.48768472906403354,
                "21": 0.07257799671594023,
                "24": 0.7471264367816186
            }
        },
        "4": {
            "avg": 0.43220607142857137,
            "std": 0.01328891778312143,
            "words": {
                "3": "[5 5 5]",
                "6": "[5 5 5]",
                "9": "[5 4 3]",
                "12": "[1 4 6]",
                "15": "[6 6 8]",
                "18": "[7 5 4]",
                "21": "[4 4 4]",
                "24": "[4 4 4]",
                "27": "[4 4 5]"
            },
            "symbolic": {
                "0": 5,
                "3": 5,
                "6": 4,
                "9": 4,
                "12": 6,
                "15": 5,
                "18": 4,
                "21": 4,
                "24": 4
            },
            "avg_amplitude": {
                "0": 0.449616895241775,
                "3": 0.2840126199214481,
                "6": -0.21061103599253125,
                "9": -0.13064194192260659,
                "12": 0.9318781791256209,
                "15": 0.36526946107784414,
                "18": -0.457343377760609,
                "21": -0.1423604404095041,
                "24": -0.05505118794668765
            }
        },
        "5": {
            "avg": 0.9157142857142857,
            "std": 0.011510176955415303,
            "words": {
                "3": "[7 8 7]",
                "6": "[7 6 5]",
                "9": "[5 5 5]",
                "12": "[5 5 4]",
                "15": "[3 4 5]",
                "18": "[5 5 5]",
                "21": "[5 4 3]",
                "24": "[3 1 3]",
                "27": "[4 5 5]"
            },
            "symbolic": {
                "0": 7,
                "3": 6,
                "6": 5,
                "9": 4,
                "12": 4,
                "15": 5,
                "18": 4,
                "21": 3,
                "24": 5
            },
            "avg_amplitude": {
                "0": 0.9909198220285088,
                "3": 0.829111050576591,
                "6": 0.34495596113683374,
                "9": -0.015345500771818843,
                "12": -0.21165894851539022,
                "15": 0.3022791246708418,
                "18": -0.41868700626532546,
                "21": -0.8972123853627552,
                "24": 0.281757922455279
            }
        },
        "6": {
            "avg": 0.9817499999999999,
            "std": 0.00428981740093135,
            "words": {
                "3": "[7 8 6]",
                "6": "[6 6 5]",
                "9": "[5 4 3]",
                "12": "[1 3 4]",
                "15": "[3 4 5]",
                "18": "[5 5 4]",
                "21": "[4 4 4]",
                "24": "[4 4 5]",
                "27": "[5 5 5]"
            },
            "symbolic": {
                "0": 7,
                "3": 6,
                "6": 4,
                "9": 3,
                "12": 4,
                "15": 5,
                "18": 4,
                "21": 4,
                "24": 5
            },
            "avg_amplitude": {
                "0": 0.9769803656059527,
                "3": 0.7391108102008533,
                "6": -0.23087339201083343,
                "9": -0.7716091175806796,
                "12": -0.2922590837282797,
                "15": 0.03768900925298898,
                "18": -0.3671857368539844,
                "21": -0.10313698939291982,
                "24": 0.2827804107424907
            }
        },
        "7": {
            "avg": 0.9970303571428573,
            "std": 0.0020638896793350064,
            "words": {
                "3": "[6 6 6]",
                "6": "[5 6 6]",
                "9": "[8 6 5]",
                "12": "[4 4 4]",
                "15": "[3 4 4]",
                "18": "[4 4 3]",
                "21": "[4 4 1]",
                "24": "[4 5 6]",
                "27": "[6 6 6]"
            },
            "symbolic": {
                "0": 6,
                "3": 6,
                "6": 6,
                "9": 4,
                "12": 4,
                "15": 4,
                "18": 3,
                "21": 5,
                "24": 6
            },
            "avg_amplitude": {
                "0": 0.7384960718293815,
                "3": 0.7441077441077196,
                "6": 0.7687991021324475,
                "9": -0.3007856341189296,
                "12": -0.570145903479199,
                "15": -0.661054994388285,
                "18": -0.7295173961840554,
                "21": 0.07744107744107787,
                "24": 0.8653198653198465
            }
        },
        "8": {
            "avg": -0.3566814285714286,
            "std": 0.0370002575280613,
            "words": {
                "3": "[1 4 4]",
                "6": "[4 4 4]",
                "9": "[5 5 5]",
                "12": "[5 5 5]",
                "15": "[5 5 6]",
                "18": "[6 6 8]",
                "21": "[6 5 5]",
                "24": "[5 5 5]",
                "27": "[5 5 4]"
            },
            "symbolic": {
                "0": 4,
                "3": 4,
                "6": 5,
                "9": 5,
                "12": 5,
                "15": 6,
                "18": 6,
                "21": 5,
                "24": 4
            },
            "avg_amplitude": {
                "0": -0.665644563689792,
                "3": -0.07171755887739058,
                "6": 0.24794514714024074,
                "9": 0.4447851454367357,
                "12": 0.6339593714066686,
                "15": 0.8507729653762613,
                "18": 0.7056343426600228,
                "21": 0.26842979430177577,
                "24": -0.01690728674247277
            }
        },
        "9": {
            "avg": 0.8900260714285718,
            "std": 0.062248809677108934,
            "words": {
                "3": "[4 4 4]",
                "6": "[4 4 4]",
                "9": "[4 4 4]",
                "12": "[4 3 3]",
                "15": "[3 1 2]",
                "18": "[3 3 4]",
                "21": "[5 5 6]",
                "24": "[7 8 7]",
                "27": "[6 6 6]"
            },
            "symbolic": {
                "0": 4,
                "3": 4,
                "6": 4,
                "9": 3,
                "12": 2,
                "15": 3,
                "18": 5,
                "21": 7,
                "24": 6
            },
            "avg_amplitude": {
                "0": -0.16475365034746758,
                "3": -0.4600609041930192,
                "6": -0.5363082689154371,
                "9": -0.75747638010463,
                "12": -0.9796205200281101,
                "15": -0.7375653939251983,
                "18": 0.4933239634574833,
                "21": 0.9830561411727953,
                "24": 0.8783868197079717
            }
        },
        "10": {
            "avg": 0.9353582142857142,
            "std": 0.04877498440902396,
            "words": {
                "3": "[1 3 4]",
                "6": "[5 5 5]",
                "9": "[5 6 6]",
                "12": "[6 6 6]",
                "15": "[6 6 6]",
                "18": "[5 5 5]",
                "21": "[5 5 5]",
                "24": "[5 6 6]",
                "27": "[7 7 8]"
            },
            "symbolic": {
                "0": 4,
                "3": 5,
                "6": 6,
                "9": 6,
                "12": 6,
                "15": 5,
                "18": 5,
                "21": 6,
                "24": 7
            },
            "avg_amplitude": {
                "0": -0.6348085939512605,
                "3": 0.27033850275645244,
                "6": 0.7008604255757634,
                "9": 0.8730485857076612,
                "12": 0.8230374225015874,
                "15": 0.44050011163206,
                "18": 0.2442337747093267,
                "21": 0.7520737802050594,
                "24": 0.9804901506174112
            }
        },
        "11": {
            "avg": 0.8992499999999998,
            "std": 0.3188960907045846,
            "words": {
                "3": "[6 1 6]",
                "6": "[6 7 7]",
                "9": "[7 7 7]",
                "12": "[7 7 7]",
                "15": "[7 7 7]",
                "18": "[7 6 5]",
                "21": "[6 6 7]",
                "24": "[7 7 7]",
                "27": "[8 8 8]"
            },
            "symbolic": {
                "0": 5,
                "3": 6,
                "6": 7,
                "9": 7,
                "12": 7,
                "15": 6,
                "18": 6,
                "21": 7,
                "24": 8
            },
            "avg_amplitude": {
                "0": 0.2606928128484863,
                "3": 0.9525222785372769,
                "6": 0.9826924627642102,
                "9": 0.9957675204396113,
                "12": 0.9841596698980625,
                "15": 0.8224876044598375,
                "18": 0.9069287185145413,
                "21": 0.9897216830006549,
                "24": 0.9996617163176641
            }
        },
        "12": {
            "avg": 0.40690535714285714,
            "std": 0.011397882676065521,
            "words": {
                "3": "[1 2 3]",
                "6": "[4 4 4]",
                "9": "[4 5 5]",
                "12": "[5 5 8]",
                "15": "[5 5 5]",
                "18": "[4 5 5]",
                "21": "[5 5 5]",
                "24": "[5 4 4]",
                "27": "[4 4 4]"
            },
            "symbolic": {
                "0": 3,
                "3": 4,
                "6": 5,
                "9": 5,
                "12": 5,
                "15": 5,
                "18": 5,
                "21": 4,
                "24": 4
            },
            "avg_amplitude": {
                "0": -0.9176180882023718,
                "3": -0.2006566674128796,
                "6": 0.19513469144093587,
                "9": 0.615252593090068,
                "12": 0.5643608685918949,
                "15": 0.0830535034698896,
                "18": 0.21677486754719824,
                "21": -0.13857174837698852,
                "24": -0.5127229311245424
            }
        },
        "13": {
            "avg": 0.9283546428571429,
            "std": 0.009547474547653697,
            "words": {
                "3": "[6 6 6]",
                "6": "[6 6 6]",
                "9": "[6 6 7]",
                "12": "[8 5 3]",
                "15": "[2 1 4]",
                "18": "[4 5 5]",
                "21": "[5 6 6]",
                "24": "[6 6 6]",
                "27": "[6 6 6]"
            },
            "symbolic": {
                "0": 6,
                "3": 6,
                "6": 6,
                "9": 5,
                "12": 3,
                "15": 5,
                "18": 5,
                "21": 6,
                "24": 6
            },
            "avg_amplitude": {
                "0": 0.8521204130960246,
                "3": 0.8635464733025744,
                "6": 0.9373764007910368,
                "9": 0.19116677653263034,
                "12": -0.8802460997582955,
                "15": 0.14040870138430797,
                "18": 0.6769940672379727,
                "21": 0.8413535486706213,
                "24": 0.9134256207426974
            }
        },
        "14": {
            "avg": 0.9996282142857141,
            "std": 0.00013564806237241326,
            "words": {
                "3": "[8 7 6]",
                "6": "[5 5 5]",
                "9": "[4 2 4]",
                "12": "[4 1 4]",
                "15": "[3 3 3]",
                "18": "[3 4 4]",
                "21": "[4 4 4]",
                "24": "[4 4 4]",
                "27": "[4 5 4]"
            },
            "symbolic": {
                "0": 6,
                "3": 5,
                "6": 4,
                "9": 3,
                "12": 3,
                "15": 4,
                "18": 4,
                "21": 4,
                "24": 4
            },
            "avg_amplitude": {
                "0": 0.9407407407403605,
                "3": 0.34814814814774975,
                "6": -0.5407407407409198,
                "9": -0.7185185185185222,
                "12": -0.8370370370369785,
                "15": -0.629629629629721,
                "18": -0.5999999999999013,
                "21": -0.46666666666653506,
                "24": -0.05185185185234894
            }
        },
        "15": {
            "avg": 0.8207853571428572,
            "std": 0.010919774275968127,
            "words": {
                "3": "[1 3 3]",
                "6": "[3 3 4]",
                "9": "[4 4 4]",
                "12": "[5 5 5]",
                "15": "[6 6 6]",
                "18": "[6 7 8]",
                "21": "[8 7 7]",
                "24": "[6 6 6]",
                "27": "[5 5 5]"
            },
            "symbolic": {
                "0": 3,
                "3": 3,
                "6": 4,
                "9": 5,
                "12": 6,
                "15": 7,
                "18": 7,
                "21": 6,
                "24": 5
            },
            "avg_amplitude": {
                "0": -0.9537783510695501,
                "3": -0.7054713533268826,
                "6": -0.14393206492529076,
                "9": 0.35440180586907405,
                "12": 0.864989788240356,
                "15": 0.974416854778028,
                "18": 0.9840911533913799,
                "21": 0.8497258948726204,
                "24": 0.5046759109964536
            }
        },
        "16": {
            "avg": -0.3996360714285715,
            "std": 0.02407742747106382,
            "words": {
                "3": "[8 7 7]",
                "6": "[7 7 7]",
                "9": "[7 7 6]",
                "12": "[6 5 4]",
                "15": "[3 1 3]",
                "18": "[4 4 5]",
                "21": "[5 5 5]",
                "24": "[5 5 5]",
                "27": "[5 5 5]"
            },
            "symbolic": {
                "0": 7,
                "3": 7,
                "6": 7,
                "9": 5,
                "12": 3,
                "15": 4,
                "18": 5,
                "21": 5,
                "24": 5
            },
            "avg_amplitude": {
                "0": 0.9972014517469064,
                "3": 0.9885434430888974,
                "6": 0.9623070532161444,
                "9": 0.17416590143862973,
                "12": -0.9004766277493546,
                "15": -0.1473173291355099,
                "18": 0.37058900695264474,
                "21": 0.5857274039092234,
                "24": 0.5818794000612192
            }
        },
        "17": {
            "avg": 0.9317864285714285,
            "std": 0.005301604379309067,
            "words": {
                "3": "[8 7 5]",
                "6": "[5 5 5]",
                "9": "[5 5 5]",
                "12": "[4 4 4]",
                "15": "[3 1 2]",
                "18": "[4 5 5]",
                "21": "[5 5 5]",
                "24": "[5 5 5]",
                "27": "[5 5 5]"
            },
            "symbolic": {
                "0": 6,
                "3": 5,
                "6": 5,
                "9": 4,
                "12": 3,
                "15": 4,
                "18": 5,
                "21": 5,
                "24": 5
            },
            "avg_amplitude": {
                "0": 0.879257465698148,
                "3": 0.5422114608555176,
                "6": 0.37594834543987066,
                "9": -0.3772397094431003,
                "12": -0.9128329297820917,
                "15": -0.10928167877321611,
                "18": 0.15706214689265066,
                "21": 0.18870056497174978,
                "24": 0.24261501210653438
            }
        },
        "18": {
            "avg": 0.9990510714285713,
            "std": 0.0005104271216940107,
            "words": {
                "3": "[5 5 6]",
                "6": "[7 7 8]",
                "9": "[6 6 5]",
                "12": "[5 5 5]",
                "15": "[5 5 5]",
                "18": "[4 3 1]",
                "21": "[3 3 3]",
                "24": "[4 4 5]",
                "27": "[5 5 5]"
            },
            "symbolic": {
                "0": 5,
                "3": 7,
                "6": 6,
                "9": 5,
                "12": 5,
                "15": 3,
                "18": 3,
                "21": 4,
                "24": 5
            },
            "avg_amplitude": {
                "0": 0.6097560975610042,
                "3": 0.9878048780487898,
                "6": 0.7073170731706856,
                "9": 0.5121951219512327,
                "12": 0.3130081300813013,
                "15": -0.7235772357723742,
                "18": -0.8455284552847013,
                "21": -0.162601626016346,
                "24": 0.321138211382078
            }
        },
        "19": {
            "avg": 0.7959246428571431,
            "std": 0.007198091044335278,
            "words": {
                "3": "[8 6 6]",
                "6": "[6 5 5]",
                "9": "[5 5 4]",
                "12": "[4 4 4]",
                "15": "[4 4 4]",
                "18": "[4 4 4]",
                "21": "[3 3 3]",
                "24": "[3 2 1]",
                "27": "[2 2 3]"
            },
            "symbolic": {
                "0": 6,
                "3": 5,
                "6": 5,
                "9": 4,
                "12": 4,
                "15": 4,
                "18": 3,
                "21": 2,
                "24": 2
            },
            "avg_amplitude": {
                "0": 0.9039830380130178,
                "3": 0.5632288353778538,
                "6": 0.11767378464333762,
                "9": -0.23973951234287705,
                "12": -0.4881114644858409,
                "15": -0.6277449644101207,
                "18": -0.8418900499772802,
                "21": -0.9769801605330916,
                "24": -0.9703165227926708
            }
        }
    },
    "X": {
        "0": {
            "avg": 0.16310149642857139,
            "std": 0.11440708228069554,
            "words": {
                "3": "[1 3 3]",
                "6": "[4 4 4]",
                "9": "[5 5 5]",
                "12": "[5 5 6]",
                "15": "[6 6 7]",
                "18": "[8 6 6]",
                "21": "[6 6 5]",
                "24": "[5 5 5]",
                "27": "[5 4 4]"
            },
            "symbolic": {
                "0": 3,
                "3": 4,
                "6": 5,
                "9": 5,
                "12": 6,
                "15": 6,
                "18": 6,
                "21": 5,
                "24": 4
            },
            "avg_amplitude": {
                "0": -0.8855232590481287,
                "3": -0.41059789303036487,
                "6": 0.09559772084903943,
                "9": 0.5374414914611307,
                "12": 0.8933182166959375,
                "15": 0.9516656115041849,
                "18": 0.7305847895900056,
                "21": 0.33027645257022575,
                "24": -0.11702767351241954
            }
        },
        "1": {
            "avg": 0.9990682142857145,
            "std": 0.0007535449730805862,
            "words": {
                "3": "[6 5 5]",
                "6": "[5 4 4]",
                "9": "[4 1 3]",
                "12": "[3 5 5]",
                "15": "[5 5 5]",
                "18": "[5 6 6]",
                "21": "[6 6 6]",
                "24": "[6 6 6]",
                "27": "[6 6 7]"
            },
            "symbolic": {
                "0": 5,
                "3": 4,
                "6": 3,
                "9": 4,
                "12": 5,
                "15": 6,
                "18": 6,
                "21": 6,
                "24": 6
            },
            "avg_amplitude": {
                "0": 0.530758226037214,
                "3": -0.3361945636623617,
                "6": -0.8512160228898562,
                "9": -0.10729613733904146,
                "12": 0.4964234620886827,
                "15": 0.7596566523604391,
                "18": 0.8168812589413248,
                "21": 0.7625178826894992,
                "24": 0.9055793991415864
            }
        },
        "2": {
            "avg": 0.999584642857143,
            "std": 0.00020927533065597578,
            "words": {
                "3": "[5 5 4]",
                "6": "[4 3 2]",
                "9": "[1 3 3]",
                "12": "[4 4 4]",
                "15": "[5 5 5]",
                "18": "[5 5 6]",
                "21": "[6 6 8]",
                "24": "[8 6 6]",
                "27": "[5 5 4]"
            },
            "symbolic": {
                "0": 5,
                "3": 3,
                "6": 3,
                "9": 4,
                "12": 5,
                "15": 5,
                "18": 6,
                "21": 6,
                "24": 5
            },
            "avg_amplitude": {
                "0": 0.1875000000001048,
                "3": -0.7291666666665474,
                "6": -0.9166666666665945,
                "9": -0.3125000000000976,
                "12": 0.22916666666669191,
                "15": 0.6041666666665546,
                "18": 0.93749999999983,
                "21": 0.927083333333328,
                "24": 0.1979166666667227
            }
        },
        "3": {
            "avg": 0.9900667857142859,
            "std": 0.00693244067628123,
            "words": {
                "3": "[6 6 7]",
                "6": "[7 7 7]",
                "9": "[6 6 5]",
                "12": "[5 5 5]",
                "15": "[4 4 4]",
                "18": "[1 3 3]",
                "21": "[4 4 4]",
                "24": "[4 5 5]",
                "27": "[5 6 6]"
            },
            "symbolic": {
                "0": 6,
                "3": 7,
                "6": 6,
                "9": 5,
                "12": 4,
                "15": 3,
                "18": 4,
                "21": 5,
                "24": 6
            },
            "avg_amplitude": {
                "0": 0.9527093596059185,
                "3": 0.9737274220032942,
                "6": 0.7773399014778394,
                "9": 0.3044334975369569,
                "12": -0.31527093596057854,
                "15": -0.9336617405582842,
                "18": -0.48768472906403354,
                "21": 0.07257799671594023,
                "24": 0.7471264367816186
            }
        },
        "4": {
            "avg": 0.43220607142857137,
            "std": 0.01328891778312143,
            "words": {
                "3": "[5 5 5]",
                "6": "[5 5 5]",
                "9": "[5 4 3]",
                "12": "[1 4 6]",
                "15": "[6 6 8]",
                "18": "[7 5 4]",
                "21": "[4 4 4]",
                "24": "[4 4 4]",
                "27": "[4 4 5]"
            },
            "symbolic": {
                "0": 5,
                "3": 5,
                "6": 4,
                "9": 4,
                "12": 6,
                "15": 5,
                "18": 4,
                "21": 4,
                "24": 4
            },
            "avg_amplitude": {
                "0": 0.449616895241775,
                "3": 0.2840126199214481,
                "6": -0.21061103599253125,
                "9": -0.13064194192260659,
                "12": 0.9318781791256209,
                "15": 0.36526946107784414,
                "18": -0.457343377760609,
                "21": -0.1423604404095041,
                "24": -0.05505118794668765
            }
        },
        "5": {
            "avg": 0.9157142857142857,
            "std": 0.011510176955415303,
            "words": {
                "3": "[7 8 7]",
                "6": "[7 6 5]",
                "9": "[5 5 5]",
                "12": "[5 5 4]",
                "15": "[3 4 5]",
                "18": "[5 5 5]",
                "21": "[5 4 3]",
                "24": "[3 1 3]",
                "27": "[4 5 5]"
            },
            "symbolic": {
                "0": 7,
                "3": 6,
                "6": 5,
                "9": 4,
                "12": 4,
                "15": 5,
                "18": 4,
                "21": 3,
                "24": 5
            },
            "avg_amplitude": {
                "0": 0.9909198220285088,
                "3": 0.829111050576591,
                "6": 0.34495596113683374,
                "9": -0.015345500771818843,
                "12": -0.21165894851539022,
                "15": 0.3022791246708418,
                "18": -0.41868700626532546,
                "21": -0.8972123853627552,
                "24": 0.281757922455279
            }
        },
        "6": {
            "avg": 0.9817499999999999,
            "std": 0.00428981740093135,
            "words": {
                "3": "[7 8 6]",
                "6": "[6 6 5]",
                "9": "[5 4 3]",
                "12": "[1 3 4]",
                "15": "[3 4 5]",
                "18": "[5 5 4]",
                "21": "[4 4 4]",
                "24": "[4 4 5]",
                "27": "[5 5 5]"
            },
            "symbolic": {
                "0": 7,
                "3": 6,
                "6": 4,
                "9": 3,
                "12": 4,
                "15": 5,
                "18": 4,
                "21": 4,
                "24": 5
            },
            "avg_amplitude": {
                "0": 0.9769803656059527,
                "3": 0.7391108102008533,
                "6": -0.23087339201083343,
                "9": -0.7716091175806796,
                "12": -0.2922590837282797,
                "15": 0.03768900925298898,
                "18": -0.3671857368539844,
                "21": -0.10313698939291982,
                "24": 0.2827804107424907
            }
        },
        "7": {
            "avg": 0.9970303571428573,
            "std": 0.0020638896793350064,
            "words": {
                "3": "[6 6 6]",
                "6": "[5 6 6]",
                "9": "[8 6 5]",
                "12": "[4 4 4]",
                "15": "[3 4 4]",
                "18": "[4 4 3]",
                "21": "[4 4 1]",
                "24": "[4 5 6]",
                "27": "[6 6 6]"
            },
            "symbolic": {
                "0": 6,
                "3": 6,
                "6": 6,
                "9": 4,
                "12": 4,
                "15": 4,
                "18": 3,
                "21": 5,
                "24": 6
            },
            "avg_amplitude": {
                "0": 0.7384960718293815,
                "3": 0.7441077441077196,
                "6": 0.7687991021324475,
                "9": -0.3007856341189296,
                "12": -0.570145903479199,
                "15": -0.661054994388285,
                "18": -0.7295173961840554,
                "21": 0.07744107744107787,
                "24": 0.8653198653198465
            }
        },
        "8": {
            "avg": -0.3566814285714286,
            "std": 0.0370002575280613,
            "words": {
                "3": "[1 4 4]",
                "6": "[4 4 4]",
                "9": "[5 5 5]",
                "12": "[5 5 5]",
                "15": "[5 5 6]",
                "18": "[6 6 8]",
                "21": "[6 5 5]",
                "24": "[5 5 5]",
                "27": "[5 5 4]"
            },
            "symbolic": {
                "0": 4,
                "3": 4,
                "6": 5,
                "9": 5,
                "12": 5,
                "15": 6,
                "18": 6,
                "21": 5,
                "24": 4
            },
            "avg_amplitude": {
                "0": -0.665644563689792,
                "3": -0.07171755887739058,
                "6": 0.24794514714024074,
                "9": 0.4447851454367357,
                "12": 0.6339593714066686,
                "15": 0.8507729653762613,
                "18": 0.7056343426600228,
                "21": 0.26842979430177577,
                "24": -0.01690728674247277
            }
        },
        "9": {
            "avg": 0.8900260714285718,
            "std": 0.062248809677108934,
            "words": {
                "3": "[4 4 4]",
                "6": "[4 4 4]",
                "9": "[4 4 4]",
                "12": "[4 3 3]",
                "15": "[3 1 2]",
                "18": "[3 3 4]",
                "21": "[5 5 6]",
                "24": "[7 8 7]",
                "27": "[6 6 6]"
            },
            "symbolic": {
                "0": 4,
                "3": 4,
                "6": 4,
                "9": 3,
                "12": 2,
                "15": 3,
                "18": 5,
                "21": 7,
                "24": 6
            },
            "avg_amplitude": {
                "0": -0.16475365034746758,
                "3": -0.4600609041930192,
                "6": -0.5363082689154371,
                "9": -0.75747638010463,
                "12": -0.9796205200281101,
                "15": -0.7375653939251983,
                "18": 0.4933239634574833,
                "21": 0.9830561411727953,
                "24": 0.8783868197079717
            }
        },
        "10": {
            "avg": 0.9353582142857142,
            "std": 0.04877498440902396,
            "words": {
                "3": "[1 3 4]",
                "6": "[5 5 5]",
                "9": "[5 6 6]",
                "12": "[6 6 6]",
                "15": "[6 6 6]",
                "18": "[5 5 5]",
                "21": "[5 5 5]",
                "24": "[5 6 6]",
                "27": "[7 7 8]"
            },
            "symbolic": {
                "0": 4,
                "3": 5,
                "6": 6,
                "9": 6,
                "12": 6,
                "15": 5,
                "18": 5,
                "21": 6,
                "24": 7
            },
            "avg_amplitude": {
                "0": -0.6348085939512605,
                "3": 0.27033850275645244,
                "6": 0.7008604255757634,
                "9": 0.8730485857076612,
                "12": 0.8230374225015874,
                "15": 0.44050011163206,
                "18": 0.2442337747093267,
                "21": 0.7520737802050594,
                "24": 0.9804901506174112
            }
        },
        "11": {
            "avg": 0.8992499999999998,
            "std": 0.3188960907045846,
            "words": {
                "3": "[6 1 6]",
                "6": "[6 7 7]",
                "9": "[7 7 7]",
                "12": "[7 7 7]",
                "15": "[7 7 7]",
                "18": "[7 6 5]",
                "21": "[6 6 7]",
                "24": "[7 7 7]",
                "27": "[8 8 8]"
            },
            "symbolic": {
                "0": 5,
                "3": 6,
                "6": 7,
                "9": 7,
                "12": 7,
                "15": 6,
                "18": 6,
                "21": 7,
                "24": 8
            },
            "avg_amplitude": {
                "0": 0.2606928128484863,
                "3": 0.9525222785372769,
                "6": 0.9826924627642102,
                "9": 0.9957675204396113,
                "12": 0.9841596698980625,
                "15": 0.8224876044598375,
                "18": 0.9069287185145413,
                "21": 0.9897216830006549,
                "24": 0.9996617163176641
            }
        },
        "12": {
            "avg": 0.40690535714285714,
            "std": 0.011397882676065521,
            "words": {
                "3": "[1 2 3]",
                "6": "[4 4 4]",
                "9": "[4 5 5]",
                "12": "[5 5 8]",
                "15": "[5 5 5]",
                "18": "[4 5 5]",
                "21": "[5 5 5]",
                "24": "[5 4 4]",
                "27": "[4 4 4]"
            },
            "symbolic": {
                "0": 3,
                "3": 4,
                "6": 5,
                "9": 5,
                "12": 5,
                "15": 5,
                "18": 5,
                "21": 4,
                "24": 4
            },
            "avg_amplitude": {
                "0": -0.9176180882023718,
                "3": -0.2006566674128796,
                "6": 0.19513469144093587,
                "9": 0.615252593090068,
                "12": 0.5643608685918949,
                "15": 0.0830535034698896,
                "18": 0.21677486754719824,
                "21": -0.13857174837698852,
                "24": -0.5127229311245424
            }
        },
        "13": {
            "avg": 0.9283546428571429,
            "std": 0.009547474547653697,
            "words": {
                "3": "[6 6 6]",
                "6": "[6 6 6]",
                "9": "[6 6 7]",
                "12": "[8 5 3]",
                "15": "[2 1 4]",
                "18": "[4 5 5]",
                "21": "[5 6 6]",
                "24": "[6 6 6]",
                "27": "[6 6 6]"
            },
            "symbolic": {
                "0": 6,
                "3": 6,
                "6": 6,
                "9": 5,
                "12": 3,
                "15": 5,
                "18": 5,
                "21": 6,
                "24": 6
            },
            "avg_amplitude": {
                "0": 0.8521204130960246,
                "3": 0.8635464733025744,
                "6": 0.9373764007910368,
                "9": 0.19116677653263034,
                "12": -0.8802460997582955,
                "15": 0.14040870138430797,
                "18": 0.6769940672379727,
                "21": 0.8413535486706213,
                "24": 0.9134256207426974
            }
        },
        "14": {
            "avg": 0.9996282142857141,
            "std": 0.00013564806237241326,
            "words": {
                "3": "[8 7 6]",
                "6": "[5 5 5]",
                "9": "[4 2 4]",
                "12": "[4 1 4]",
                "15": "[3 3 3]",
                "18": "[3 4 4]",
                "21": "[4 4 4]",
                "24": "[4 4 4]",
                "27": "[4 5 4]"
            },
            "symbolic": {
                "0": 6,
                "3": 5,
                "6": 4,
                "9": 3,
                "12": 3,
                "15": 4,
                "18": 4,
                "21": 4,
                "24": 4
            },
            "avg_amplitude": {
                "0": 0.9407407407403605,
                "3": 0.34814814814774975,
                "6": -0.5407407407409198,
                "9": -0.7185185185185222,
                "12": -0.8370370370369785,
                "15": -0.629629629629721,
                "18": -0.5999999999999013,
                "21": -0.46666666666653506,
                "24": -0.05185185185234894
            }
        },
        "15": {
            "avg": 0.8207853571428572,
            "std": 0.010919774275968127,
            "words": {
                "3": "[1 3 3]",
                "6": "[3 3 4]",
                "9": "[4 4 4]",
                "12": "[5 5 5]",
                "15": "[6 6 6]",
                "18": "[6 7 8]",
                "21": "[8 7 7]",
                "24": "[6 6 6]",
                "27": "[5 5 5]"
            },
            "symbolic": {
                "0": 3,
                "3": 3,
                "6": 4,
                "9": 5,
                "12": 6,
                "15": 7,
                "18": 7,
                "21": 6,
                "24": 5
            },
            "avg_amplitude": {
                "0": -0.9537783510695501,
                "3": -0.7054713533268826,
                "6": -0.14393206492529076,
                "9": 0.35440180586907405,
                "12": 0.864989788240356,
                "15": 0.974416854778028,
                "18": 0.9840911533913799,
                "21": 0.8497258948726204,
                "24": 0.5046759109964536
            }
        },
        "16": {
            "avg": -0.3996360714285715,
            "std": 0.02407742747106382,
            "words": {
                "3": "[8 7 7]",
                "6": "[7 7 7]",
                "9": "[7 7 6]",
                "12": "[6 5 4]",
                "15": "[3 1 3]",
                "18": "[4 4 5]",
                "21": "[5 5 5]",
                "24": "[5 5 5]",
                "27": "[5 5 5]"
            },
            "symbolic": {
                "0": 7,
                "3": 7,
                "6": 7,
                "9": 5,
                "12": 3,
                "15": 4,
                "18": 5,
                "21": 5,
                "24": 5
            },
            "avg_amplitude": {
                "0": 0.9972014517469064,
                "3": 0.9885434430888974,
                "6": 0.9623070532161444,
                "9": 0.17416590143862973,
                "12": -0.9004766277493546,
                "15": -0.1473173291355099,
                "18": 0.37058900695264474,
                "21": 0.5857274039092234,
                "24": 0.5818794000612192
            }
        },
        "17": {
            "avg": 0.9317864285714285,
            "std": 0.005301604379309067,
            "words": {
                "3": "[8 7 5]",
                "6": "[5 5 5]",
                "9": "[5 5 5]",
                "12": "[4 4 4]",
                "15": "[3 1 2]",
                "18": "[4 5 5]",
                "21": "[5 5 5]",
                "24": "[5 5 5]",
                "27": "[5 5 5]"
            },
            "symbolic": {
                "0": 6,
                "3": 5,
                "6": 5,
                "9": 4,
                "12": 3,
                "15": 4,
                "18": 5,
                "21": 5,
                "24": 5
            },
            "avg_amplitude": {
                "0": 0.879257465698148,
                "3": 0.5422114608555176,
                "6": 0.37594834543987066,
                "9": -0.3772397094431003,
                "12": -0.9128329297820917,
                "15": -0.10928167877321611,
                "18": 0.15706214689265066,
                "21": 0.18870056497174978,
                "24": 0.24261501210653438
            }
        },
        "18": {
            "avg": 0.9990510714285713,
            "std": 0.0005104271216940107,
            "words": {
                "3": "[5 5 6]",
                "6": "[7 7 8]",
                "9": "[6 6 5]",
                "12": "[5 5 5]",
                "15": "[5 5 5]",
                "18": "[4 3 1]",
                "21": "[3 3 3]",
                "24": "[4 4 5]",
                "27": "[5 5 5]"
            },
            "symbolic": {
                "0": 5,
                "3": 7,
                "6": 6,
                "9": 5,
                "12": 5,
                "15": 3,
                "18": 3,
                "21": 4,
                "24": 5
            },
            "avg_amplitude": {
                "0": 0.6097560975610042,
                "3": 0.9878048780487898,
                "6": 0.7073170731706856,
                "9": 0.5121951219512327,
                "12": 0.3130081300813013,
                "15": -0.7235772357723742,
                "18": -0.8455284552847013,
                "21": -0.162601626016346,
                "24": 0.321138211382078
            }
        },
        "19": {
            "avg": 0.7959246428571431,
            "std": 0.007198091044335278,
            "words": {
                "3": "[8 6 6]",
                "6": "[6 5 5]",
                "9": "[5 5 4]",
                "12": "[4 4 4]",
                "15": "[4 4 4]",
                "18": "[4 4 4]",
                "21": "[3 3 3]",
                "24": "[3 2 1]",
                "27": "[2 2 3]"
            },
            "symbolic": {
                "0": 6,
                "3": 5,
                "6": 5,
                "9": 4,
                "12": 4,
                "15": 4,
                "18": 3,
                "21": 2,
                "24": 2
            },
            "avg_amplitude": {
                "0": 0.9039830380130178,
                "3": 0.5632288353778538,
                "6": 0.11767378464333762,
                "9": -0.23973951234287705,
                "12": -0.4881114644858409,
                "15": -0.6277449644101207,
                "18": -0.8418900499772802,
                "21": -0.9769801605330916,
                "24": -0.9703165227926708
            }
        }
    },
    "Y": {
        "0": {
            "avg": 0.16310149642857139,
            "std": 0.11440708228069554,
            "words": {
                "3": "[1 3 3]",
                "6": "[4 4 4]",
                "9": "[5 5 5]",
                "12": "[5 5 6]",
                "15": "[6 6 7]",
                "18": "[8 6 6]",
                "21": "[6 6 5]",
                "24": "[5 5 5]",
                "27": "[5 4 4]"
            },
            "symbolic": {
                "0": 3,
                "3": 4,
                "6": 5,
                "9": 5,
                "12": 6,
                "15": 6,
                "18": 6,
                "21": 5,
                "24": 4
            },
            "avg_amplitude": {
                "0": -0.8855232590481287,
                "3": -0.41059789303036487,
                "6": 0.09559772084903943,
                "9": 0.5374414914611307,
                "12": 0.8933182166959375,
                "15": 0.9516656115041849,
                "18": 0.7305847895900056,
                "21": 0.33027645257022575,
                "24": -0.11702767351241954
            }
        },
        "1": {
            "avg": 0.9990682142857145,
            "std": 0.0007535449730805862,
            "words": {
                "3": "[6 5 5]",
                "6": "[5 4 4]",
                "9": "[4 1 3]",
                "12": "[3 5 5]",
                "15": "[5 5 5]",
                "18": "[5 6 6]",
                "21": "[6 6 6]",
                "24": "[6 6 6]",
                "27": "[6 6 7]"
            },
            "symbolic": {
                "0": 5,
                "3": 4,
                "6": 3,
                "9": 4,
                "12": 5,
                "15": 6,
                "18": 6,
                "21": 6,
                "24": 6
            },
            "avg_amplitude": {
                "0": 0.530758226037214,
                "3": -0.3361945636623617,
                "6": -0.8512160228898562,
                "9": -0.10729613733904146,
                "12": 0.4964234620886827,
                "15": 0.7596566523604391,
                "18": 0.8168812589413248,
                "21": 0.7625178826894992,
                "24": 0.9055793991415864
            }
        },
        "2": {
            "avg": 0.999584642857143,
            "std": 0.00020927533065597578,
            "words": {
                "3": "[5 5 4]",
                "6": "[4 3 2]",
                "9": "[1 3 3]",
                "12": "[4 4 4]",
                "15": "[5 5 5]",
                "18": "[5 5 6]",
                "21": "[6 6 8]",
                "24": "[8 6 6]",
                "27": "[5 5 4]"
            },
            "symbolic": {
                "0": 5,
                "3": 3,
                "6": 3,
                "9": 4,
                "12": 5,
                "15": 5,
                "18": 6,
                "21": 6,
                "24": 5
            },
            "avg_amplitude": {
                "0": 0.1875000000001048,
                "3": -0.7291666666665474,
                "6": -0.9166666666665945,
                "9": -0.3125000000000976,
                "12": 0.22916666666669191,
                "15": 0.6041666666665546,
                "18": 0.93749999999983,
                "21": 0.927083333333328,
                "24": 0.1979166666667227
            }
        },
        "3": {
            "avg": 0.9900667857142859,
            "std": 0.00693244067628123,
            "words": {
                "3": "[6 6 7]",
                "6": "[7 7 7]",
                "9": "[6 6 5]",
                "12": "[5 5 5]",
                "15": "[4 4 4]",
                "18": "[1 3 3]",
                "21": "[4 4 4]",
                "24": "[4 5 5]",
                "27": "[5 6 6]"
            },
            "symbolic": {
                "0": 6,
                "3": 7,
                "6": 6,
                "9": 5,
                "12": 4,
                "15": 3,
                "18": 4,
                "21": 5,
                "24": 6
            },
            "avg_amplitude": {
                "0": 0.9527093596059185,
                "3": 0.9737274220032942,
                "6": 0.7773399014778394,
                "9": 0.3044334975369569,
                "12": -0.31527093596057854,
                "15": -0.9336617405582842,
                "18": -0.48768472906403354,
                "21": 0.07257799671594023,
                "24": 0.7471264367816186
            }
        },
        "4": {
            "avg": 0.43220607142857137,
            "std": 0.01328891778312143,
            "words": {
                "3": "[5 5 5]",
                "6": "[5 5 5]",
                "9": "[5 4 3]",
                "12": "[1 4 6]",
                "15": "[6 6 8]",
                "18": "[7 5 4]",
                "21": "[4 4 4]",
                "24": "[4 4 4]",
                "27": "[4 4 5]"
            },
            "symbolic": {
                "0": 5,
                "3": 5,
                "6": 4,
                "9": 4,
                "12": 6,
                "15": 5,
                "18": 4,
                "21": 4,
                "24": 4
            },
            "avg_amplitude": {
                "0": 0.449616895241775,
                "3": 0.2840126199214481,
                "6": -0.21061103599253125,
                "9": -0.13064194192260659,
                "12": 0.9318781791256209,
                "15": 0.36526946107784414,
                "18": -0.457343377760609,
                "21": -0.1423604404095041,
                "24": -0.05505118794668765
            }
        },
        "5": {
            "avg": 0.9157142857142857,
            "std": 0.011510176955415303,
            "words": {
                "3": "[7 8 7]",
                "6": "[7 6 5]",
                "9": "[5 5 5]",
                "12": "[5 5 4]",
                "15": "[3 4 5]",
                "18": "[5 5 5]",
                "21": "[5 4 3]",
                "24": "[3 1 3]",
                "27": "[4 5 5]"
            },
            "symbolic": {
                "0": 7,
                "3": 6,
                "6": 5,
                "9": 4,
                "12": 4,
                "15": 5,
                "18": 4,
                "21": 3,
                "24": 5
            },
            "avg_amplitude": {
                "0": 0.9909198220285088,
                "3": 0.829111050576591,
                "6": 0.34495596113683374,
                "9": -0.015345500771818843,
                "12": -0.21165894851539022,
                "15": 0.3022791246708418,
                "18": -0.41868700626532546,
                "21": -0.8972123853627552,
                "24": 0.281757922455279
            }
        },
        "6": {
            "avg": 0.9817499999999999,
            "std": 0.00428981740093135,
            "words": {
                "3": "[7 8 6]",
                "6": "[6 6 5]",
                "9": "[5 4 3]",
                "12": "[1 3 4]",
                "15": "[3 4 5]",
                "18": "[5 5 4]",
                "21": "[4 4 4]",
                "24": "[4 4 5]",
                "27": "[5 5 5]"
            },
            "symbolic": {
                "0": 7,
                "3": 6,
                "6": 4,
                "9": 3,
                "12": 4,
                "15": 5,
                "18": 4,
                "21": 4,
                "24": 5
            },
            "avg_amplitude": {
                "0": 0.9769803656059527,
                "3": 0.7391108102008533,
                "6": -0.23087339201083343,
                "9": -0.7716091175806796,
                "12": -0.2922590837282797,
                "15": 0.03768900925298898,
                "18": -0.3671857368539844,
                "21": -0.10313698939291982,
                "24": 0.2827804107424907
            }
        },
        "7": {
            "avg": 0.9970303571428573,
            "std": 0.0020638896793350064,
            "words": {
                "3": "[6 6 6]",
                "6": "[5 6 6]",
                "9": "[8 6 5]",
                "12": "[4 4 4]",
                "15": "[3 4 4]",
                "18": "[4 4 3]",
                "21": "[4 4 1]",
                "24": "[4 5 6]",
                "27": "[6 6 6]"
            },
            "symbolic": {
                "0": 6,
                "3": 6,
                "6": 6,
                "9": 4,
                "12": 4,
                "15": 4,
                "18": 3,
                "21": 5,
                "24": 6
            },
            "avg_amplitude": {
                "0": 0.7384960718293815,
                "3": 0.7441077441077196,
                "6": 0.7687991021324475,
                "9": -0.3007856341189296,
                "12": -0.570145903479199,
                "15": -0.661054994388285,
                "18": -0.7295173961840554,
                "21": 0.07744107744107787,
                "24": 0.8653198653198465
            }
        },
        "8": {
            "avg": -0.3566814285714286,
            "std": 0.0370002575280613,
            "words": {
                "3": "[1 4 4]",
                "6": "[4 4 4]",
                "9": "[5 5 5]",
                "12": "[5 5 5]",
                "15": "[5 5 6]",
                "18": "[6 6 8]",
                "21": "[6 5 5]",
                "24": "[5 5 5]",
                "27": "[5 5 4]"
            },
            "symbolic": {
                "0": 4,
                "3": 4,
                "6": 5,
                "9": 5,
                "12": 5,
                "15": 6,
                "18": 6,
                "21": 5,
                "24": 4
            },
            "avg_amplitude": {
                "0": -0.665644563689792,
                "3": -0.07171755887739058,
                "6": 0.24794514714024074,
                "9": 0.4447851454367357,
                "12": 0.6339593714066686,
                "15": 0.8507729653762613,
                "18": 0.7056343426600228,
                "21": 0.26842979430177577,
                "24": -0.01690728674247277
            }
        },
        "9": {
            "avg": 0.8900260714285718,
            "std": 0.062248809677108934,
            "words": {
                "3": "[4 4 4]",
                "6": "[4 4 4]",
                "9": "[4 4 4]",
                "12": "[4 3 3]",
                "15": "[3 1 2]",
                "18": "[3 3 4]",
                "21": "[5 5 6]",
                "24": "[7 8 7]",
                "27": "[6 6 6]"
            },
            "symbolic": {
                "0": 4,
                "3": 4,
                "6": 4,
                "9": 3,
                "12": 2,
                "15": 3,
                "18": 5,
                "21": 7,
                "24": 6
            },
            "avg_amplitude": {
                "0": -0.16475365034746758,
                "3": -0.4600609041930192,
                "6": -0.5363082689154371,
                "9": -0.75747638010463,
                "12": -0.9796205200281101,
                "15": -0.7375653939251983,
                "18": 0.4933239634574833,
                "21": 0.9830561411727953,
                "24": 0.8783868197079717
            }
        },
        "10": {
            "avg": 0.9353582142857142,
            "std": 0.04877498440902396,
            "words": {
                "3": "[1 3 4]",
                "6": "[5 5 5]",
                "9": "[5 6 6]",
                "12": "[6 6 6]",
                "15": "[6 6 6]",
                "18": "[5 5 5]",
                "21": "[5 5 5]",
                "24": "[5 6 6]",
                "27": "[7 7 8]"
            },
            "symbolic": {
                "0": 4,
                "3": 5,
                "6": 6,
                "9": 6,
                "12": 6,
                "15": 5,
                "18": 5,
                "21": 6,
                "24": 7
            },
            "avg_amplitude": {
                "0": -0.6348085939512605,
                "3": 0.27033850275645244,
                "6": 0.7008604255757634,
                "9": 0.8730485857076612,
                "12": 0.8230374225015874,
                "15": 0.44050011163206,
                "18": 0.2442337747093267,
                "21": 0.7520737802050594,
                "24": 0.9804901506174112
            }
        },
        "11": {
            "avg": 0.8992499999999998,
            "std": 0.3188960907045846,
            "words": {
                "3": "[6 1 6]",
                "6": "[6 7 7]",
                "9": "[7 7 7]",
                "12": "[7 7 7]",
                "15": "[7 7 7]",
                "18": "[7 6 5]",
                "21": "[6 6 7]",
                "24": "[7 7 7]",
                "27": "[8 8 8]"
            },
            "symbolic": {
                "0": 5,
                "3": 6,
                "6": 7,
                "9": 7,
                "12": 7,
                "15": 6,
                "18": 6,
                "21": 7,
                "24": 8
            },
            "avg_amplitude": {
                "0": 0.2606928128484863,
                "3": 0.9525222785372769,
                "6": 0.9826924627642102,
                "9": 0.9957675204396113,
                "12": 0.9841596698980625,
                "15": 0.8224876044598375,
                "18": 0.9069287185145413,
                "21": 0.9897216830006549,
                "24": 0.9996617163176641
            }
        },
        "12": {
            "avg": 0.40690535714285714,
            "std": 0.011397882676065521,
            "words": {
                "3": "[1 2 3]",
                "6": "[4 4 4]",
                "9": "[4 5 5]",
                "12": "[5 5 8]",
                "15": "[5 5 5]",
                "18": "[4 5 5]",
                "21": "[5 5 5]",
                "24": "[5 4 4]",
                "27": "[4 4 4]"
            },
            "symbolic": {
                "0": 3,
                "3": 4,
                "6": 5,
                "9": 5,
                "12": 5,
                "15": 5,
                "18": 5,
                "21": 4,
                "24": 4
            },
            "avg_amplitude": {
                "0": -0.9176180882023718,
                "3": -0.2006566674128796,
                "6": 0.19513469144093587,
                "9": 0.615252593090068,
                "12": 0.5643608685918949,
                "15": 0.0830535034698896,
                "18": 0.21677486754719824,
                "21": -0.13857174837698852,
                "24": -0.5127229311245424
            }
        },
        "13": {
            "avg": 0.9283546428571429,
            "std": 0.009547474547653697,
            "words": {
                "3": "[6 6 6]",
                "6": "[6 6 6]",
                "9": "[6 6 7]",
                "12": "[8 5 3]",
                "15": "[2 1 4]",
                "18": "[4 5 5]",
                "21": "[5 6 6]",
                "24": "[6 6 6]",
                "27": "[6 6 6]"
            },
            "symbolic": {
                "0": 6,
                "3": 6,
                "6": 6,
                "9": 5,
                "12": 3,
                "15": 5,
                "18": 5,
                "21": 6,
                "24": 6
            },
            "avg_amplitude": {
                "0": 0.8521204130960246,
                "3": 0.8635464733025744,
                "6": 0.9373764007910368,
                "9": 0.19116677653263034,
                "12": -0.8802460997582955,
                "15": 0.14040870138430797,
                "18": 0.6769940672379727,
                "21": 0.8413535486706213,
                "24": 0.9134256207426974
            }
        },
        "14": {
            "avg": 0.9996282142857141,
            "std": 0.00013564806237241326,
            "words": {
                "3": "[8 7 6]",
                "6": "[5 5 5]",
                "9": "[4 2 4]",
                "12": "[4 1 4]",
                "15": "[3 3 3]",
                "18": "[3 4 4]",
                "21": "[4 4 4]",
                "24": "[4 4 4]",
                "27": "[4 5 4]"
            },
            "symbolic": {
                "0": 6,
                "3": 5,
                "6": 4,
                "9": 3,
                "12": 3,
                "15": 4,
                "18": 4,
                "21": 4,
                "24": 4
            },
            "avg_amplitude": {
                "0": 0.9407407407403605,
                "3": 0.34814814814774975,
                "6": -0.5407407407409198,
                "9": -0.7185185185185222,
                "12": -0.8370370370369785,
                "15": -0.629629629629721,
                "18": -0.5999999999999013,
                "21": -0.46666666666653506,
                "24": -0.05185185185234894
            }
        },
        "15": {
            "avg": 0.8207853571428572,
            "std": 0.010919774275968127,
            "words": {
                "3": "[1 3 3]",
                "6": "[3 3 4]",
                "9": "[4 4 4]",
                "12": "[5 5 5]",
                "15": "[6 6 6]",
                "18": "[6 7 8]",
                "21": "[8 7 7]",
                "24": "[6 6 6]",
                "27": "[5 5 5]"
            },
            "symbolic": {
                "0": 3,
                "3": 3,
                "6": 4,
                "9": 5,
                "12": 6,
                "15": 7,
                "18": 7,
                "21": 6,
                "24": 5
            },
            "avg_amplitude": {
                "0": -0.9537783510695501,
                "3": -0.7054713533268826,
                "6": -0.14393206492529076,
                "9": 0.35440180586907405,
                "12": 0.864989788240356,
                "15": 0.974416854778028,
                "18": 0.9840911533913799,
                "21": 0.8497258948726204,
                "24": 0.5046759109964536
            }
        },
        "16": {
            "avg": -0.3996360714285715,
            "std": 0.02407742747106382,
            "words": {
                "3": "[8 7 7]",
                "6": "[7 7 7]",
                "9": "[7 7 6]",
                "12": "[6 5 4]",
                "15": "[3 1 3]",
                "18": "[4 4 5]",
                "21": "[5 5 5]",
                "24": "[5 5 5]",
                "27": "[5 5 5]"
            },
            "symbolic": {
                "0": 7,
                "3": 7,
                "6": 7,
                "9": 5,
                "12": 3,
                "15": 4,
                "18": 5,
                "21": 5,
                "24": 5
            },
            "avg_amplitude": {
                "0": 0.9972014517469064,
                "3": 0.9885434430888974,
                "6": 0.9623070532161444,
                "9": 0.17416590143862973,
                "12": -0.9004766277493546,
                "15": -0.1473173291355099,
                "18": 0.37058900695264474,
                "21": 0.5857274039092234,
                "24": 0.5818794000612192
            }
        },
        "17": {
            "avg": 0.9317864285714285,
            "std": 0.005301604379309067,
            "words": {
                "3": "[8 7 5]",
                "6": "[5 5 5]",
                "9": "[5 5 5]",
                "12": "[4 4 4]",
                "15": "[3 1 2]",
                "18": "[4 5 5]",
                "21": "[5 5 5]",
                "24": "[5 5 5]",
                "27": "[5 5 5]"
            },
            "symbolic": {
                "0": 6,
                "3": 5,
                "6": 5,
                "9": 4,
                "12": 3,
                "15": 4,
                "18": 5,
                "21": 5,
                "24": 5
            },
            "avg_amplitude": {
                "0": 0.879257465698148,
                "3": 0.5422114608555176,
                "6": 0.37594834543987066,
                "9": -0.3772397094431003,
                "12": -0.9128329297820917,
                "15": -0.10928167877321611,
                "18": 0.15706214689265066,
                "21": 0.18870056497174978,
                "24": 0.24261501210653438
            }
        },
        "18": {
            "avg": 0.9990510714285713,
            "std": 0.0005104271216940107,
            "words": {
                "3": "[5 5 6]",
                "6": "[7 7 8]",
                "9": "[6 6 5]",
                "12": "[5 5 5]",
                "15": "[5 5 5]",
                "18": "[4 3 1]",
                "21": "[3 3 3]",
                "24": "[4 4 5]",
                "27": "[5 5 5]"
            },
            "symbolic": {
                "0": 5,
                "3": 7,
                "6": 6,
                "9": 5,
                "12": 5,
                "15": 3,
                "18": 3,
                "21": 4,
                "24": 5
            },
            "avg_amplitude": {
                "0": 0.6097560975610042,
                "3": 0.9878048780487898,
                "6": 0.7073170731706856,
                "9": 0.5121951219512327,
                "12": 0.3130081300813013,
                "15": -0.7235772357723742,
                "18": -0.8455284552847013,
                "21": -0.162601626016346,
                "24": 0.321138211382078
            }
        },
        "19": {
            "avg": 0.7959246428571431,
            "std": 0.007198091044335278,
            "words": {
                "3": "[8 6 6]",
                "6": "[6 5 5]",
                "9": "[5 5 4]",
                "12": "[4 4 4]",
                "15": "[4 4 4]",
                "18": "[4 4 4]",
                "21": "[3 3 3]",
                "24": "[3 2 1]",
                "27": "[2 2 3]"
            },
            "symbolic": {
                "0": 6,
                "3": 5,
                "6": 5,
                "9": 4,
                "12": 4,
                "15": 4,
                "18": 3,
                "21": 2,
                "24": 2
            },
            "avg_amplitude": {
                "0": 0.9039830380130178,
                "3": 0.5632288353778538,
                "6": 0.11767378464333762,
                "9": -0.23973951234287705,
                "12": -0.4881114644858409,
                "15": -0.6277449644101207,
                "18": -0.8418900499772802,
                "21": -0.9769801605330916,
                "24": -0.9703165227926708
            }
        }
    },
    "Z": {
        "0": {
            "avg": 0.16310149642857139,
            "std": 0.11440708228069554,
            "words": {
                "3": "[1 3 3]",
                "6": "[4 4 4]",
                "9": "[5 5 5]",
                "12": "[5 5 6]",
                "15": "[6 6 7]",
                "18": "[8 6 6]",
                "21": "[6 6 5]",
                "24": "[5 5 5]",
                "27": "[5 4 4]"
            },
            "symbolic": {
                "0": 3,
                "3": 4,
                "6": 5,
                "9": 5,
                "12": 6,
                "15": 6,
                "18": 6,
                "21": 5,
                "24": 4
            },
            "avg_amplitude": {
                "0": -0.8855232590481287,
                "3": -0.41059789303036487,
                "6": 0.09559772084903943,
                "9": 0.5374414914611307,
                "12": 0.8933182166959375,
                "15": 0.9516656115041849,
                "18": 0.7305847895900056,
                "21": 0.33027645257022575,
                "24": -0.11702767351241954
            }
        },
        "1": {
            "avg": 0.9990682142857145,
            "std": 0.0007535449730805862,
            "words": {
                "3": "[6 5 5]",
                "6": "[5 4 4]",
                "9": "[4 1 3]",
                "12": "[3 5 5]",
                "15": "[5 5 5]",
                "18": "[5 6 6]",
                "21": "[6 6 6]",
                "24": "[6 6 6]",
                "27": "[6 6 7]"
            },
            "symbolic": {
                "0": 5,
                "3": 4,
                "6": 3,
                "9": 4,
                "12": 5,
                "15": 6,
                "18": 6,
                "21": 6,
                "24": 6
            },
            "avg_amplitude": {
                "0": 0.530758226037214,
                "3": -0.3361945636623617,
                "6": -0.8512160228898562,
                "9": -0.10729613733904146,
                "12": 0.4964234620886827,
                "15": 0.7596566523604391,
                "18": 0.8168812589413248,
                "21": 0.7625178826894992,
                "24": 0.9055793991415864
            }
        },
        "2": {
            "avg": 0.999584642857143,
            "std": 0.00020927533065597578,
            "words": {
                "3": "[5 5 4]",
                "6": "[4 3 2]",
                "9": "[1 3 3]",
                "12": "[4 4 4]",
                "15": "[5 5 5]",
                "18": "[5 5 6]",
                "21": "[6 6 8]",
                "24": "[8 6 6]",
                "27": "[5 5 4]"
            },
            "symbolic": {
                "0": 5,
                "3": 3,
                "6": 3,
                "9": 4,
                "12": 5,
                "15": 5,
                "18": 6,
                "21": 6,
                "24": 5
            },
            "avg_amplitude": {
                "0": 0.1875000000001048,
                "3": -0.7291666666665474,
                "6": -0.9166666666665945,
                "9": -0.3125000000000976,
                "12": 0.22916666666669191,
                "15": 0.6041666666665546,
                "18": 0.93749999999983,
                "21": 0.927083333333328,
                "24": 0.1979166666667227
            }
        },
        "3": {
            "avg": 0.9900667857142859,
            "std": 0.00693244067628123,
            "words": {
                "3": "[6 6 7]",
                "6": "[7 7 7]",
                "9": "[6 6 5]",
                "12": "[5 5 5]",
                "15": "[4 4 4]",
                "18": "[1 3 3]",
                "21": "[4 4 4]",
                "24": "[4 5 5]",
                "27": "[5 6 6]"
            },
            "symbolic": {
                "0": 6,
                "3": 7,
                "6": 6,
                "9": 5,
                "12": 4,
                "15": 3,
                "18": 4,
                "21": 5,
                "24": 6
            },
            "avg_amplitude": {
                "0": 0.9527093596059185,
                "3": 0.9737274220032942,
                "6": 0.7773399014778394,
                "9": 0.3044334975369569,
                "12": -0.31527093596057854,
                "15": -0.9336617405582842,
                "18": -0.48768472906403354,
                "21": 0.07257799671594023,
                "24": 0.7471264367816186
            }
        },
        "4": {
            "avg": 0.43220607142857137,
            "std": 0.01328891778312143,
            "words": {
                "3": "[5 5 5]",
                "6": "[5 5 5]",
                "9": "[5 4 3]",
                "12": "[1 4 6]",
                "15": "[6 6 8]",
                "18": "[7 5 4]",
                "21": "[4 4 4]",
                "24": "[4 4 4]",
                "27": "[4 4 5]"
            },
            "symbolic": {
                "0": 5,
                "3": 5,
                "6": 4,
                "9": 4,
                "12": 6,
                "15": 5,
                "18": 4,
                "21": 4,
                "24": 4
            },
            "avg_amplitude": {
                "0": 0.449616895241775,
                "3": 0.2840126199214481,
                "6": -0.21061103599253125,
                "9": -0.13064194192260659,
                "12": 0.9318781791256209,
                "15": 0.36526946107784414,
                "18": -0.457343377760609,
                "21": -0.1423604404095041,
                "24": -0.05505118794668765
            }
        },
        "5": {
            "avg": 0.9157142857142857,
            "std": 0.011510176955415303,
            "words": {
                "3": "[7 8 7]",
                "6": "[7 6 5]",
                "9": "[5 5 5]",
                "12": "[5 5 4]",
                "15": "[3 4 5]",
                "18": "[5 5 5]",
                "21": "[5 4 3]",
                "24": "[3 1 3]",
                "27": "[4 5 5]"
            },
            "symbolic": {
                "0": 7,
                "3": 6,
                "6": 5,
                "9": 4,
                "12": 4,
                "15": 5,
                "18": 4,
                "21": 3,
                "24": 5
            },
            "avg_amplitude": {
                "0": 0.9909198220285088,
                "3": 0.829111050576591,
                "6": 0.34495596113683374,
                "9": -0.015345500771818843,
                "12": -0.21165894851539022,
                "15": 0.3022791246708418,
                "18": -0.41868700626532546,
                "21": -0.8972123853627552,
                "24": 0.281757922455279
            }
        },
        "6": {
            "avg": 0.9817499999999999,
            "std": 0.00428981740093135,
            "words": {
                "3": "[7 8 6]",
                "6": "[6 6 5]",
                "9": "[5 4 3]",
                "12": "[1 3 4]",
                "15": "[3 4 5]",
                "18": "[5 5 4]",
                "21": "[4 4 4]",
                "24": "[4 4 5]",
                "27": "[5 5 5]"
            },
            "symbolic": {
                "0": 7,
                "3": 6,
                "6": 4,
                "9": 3,
                "12": 4,
                "15": 5,
                "18": 4,
                "21": 4,
                "24": 5
            },
            "avg_amplitude": {
                "0": 0.9769803656059527,
                "3": 0.7391108102008533,
                "6": -0.23087339201083343,
                "9": -0.7716091175806796,
                "12": -0.2922590837282797,
                "15": 0.03768900925298898,
                "18": -0.3671857368539844,
                "21": -0.10313698939291982,
                "24": 0.2827804107424907
            }
        },
        "7": {
            "avg": 0.9970303571428573,
            "std": 0.0020638896793350064,
            "words": {
                "3": "[6 6 6]",
                "6": "[5 6 6]",
                "9": "[8 6 5]",
                "12": "[4 4 4]",
                "15": "[3 4 4]",
                "18": "[4 4 3]",
                "21": "[4 4 1]",
                "24": "[4 5 6]",
                "27": "[6 6 6]"
            },
            "symbolic": {
                "0": 6,
                "3": 6,
                "6": 6,
                "9": 4,
                "12": 4,
                "15": 4,
                "18": 3,
                "21": 5,
                "24": 6
            },
            "avg_amplitude": {
                "0": 0.7384960718293815,
                "3": 0.7441077441077196,
                "6": 0.7687991021324475,
                "9": -0.3007856341189296,
                "12": -0.570145903479199,
                "15": -0.661054994388285,
                "18": -0.7295173961840554,
                "21": 0.07744107744107787,
                "24": 0.8653198653198465
            }
        },
        "8": {
            "avg": -0.3566814285714286,
            "std": 0.0370002575280613,
            "words": {
                "3": "[1 4 4]",
                "6": "[4 4 4]",
                "9": "[5 5 5]",
                "12": "[5 5 5]",
                "15": "[5 5 6]",
                "18": "[6 6 8]",
                "21": "[6 5 5]",
                "24": "[5 5 5]",
                "27": "[5 5 4]"
            },
            "symbolic": {
                "0": 4,
                "3": 4,
                "6": 5,
                "9": 5,
                "12": 5,
                "15": 6,
                "18": 6,
                "21": 5,
                "24": 4
            },
            "avg_amplitude": {
                "0": -0.665644563689792,
                "3": -0.07171755887739058,
                "6": 0.24794514714024074,
                "9": 0.4447851454367357,
                "12": 0.6339593714066686,
                "15": 0.8507729653762613,
                "18": 0.7056343426600228,
                "21": 0.26842979430177577,
                "24": -0.01690728674247277
            }
        },
        "9": {
            "avg": 0.8900260714285718,
            "std": 0.062248809677108934,
            "words": {
                "3": "[4 4 4]",
                "6": "[4 4 4]",
                "9": "[4 4 4]",
                "12": "[4 3 3]",
                "15": "[3 1 2]",
                "18": "[3 3 4]",
                "21": "[5 5 6]",
                "24": "[7 8 7]",
                "27": "[6 6 6]"
            },
            "symbolic": {
                "0": 4,
                "3": 4,
                "6": 4,
                "9": 3,
                "12": 2,
                "15": 3,
                "18": 5,
                "21": 7,
                "24": 6
            },
            "avg_amplitude": {
                "0": -0.16475365034746758,
                "3": -0.4600609041930192,
                "6": -0.5363082689154371,
                "9": -0.75747638010463,
                "12": -0.9796205200281101,
                "15": -0.7375653939251983,
                "18": 0.4933239634574833,
                "21": 0.9830561411727953,
                "24": 0.8783868197079717
            }
        },
        "10": {
            "avg": 0.9353582142857142,
            "std": 0.04877498440902396,
            "words": {
                "3": "[1 3 4]",
                "6": "[5 5 5]",
                "9": "[5 6 6]",
                "12": "[6 6 6]",
                "15": "[6 6 6]",
                "18": "[5 5 5]",
                "21": "[5 5 5]",
                "24": "[5 6 6]",
                "27": "[7 7 8]"
            },
            "symbolic": {
                "0": 4,
                "3": 5,
                "6": 6,
                "9": 6,
                "12": 6,
                "15": 5,
                "18": 5,
                "21": 6,
                "24": 7
            },
            "avg_amplitude": {
                "0": -0.6348085939512605,
                "3": 0.27033850275645244,
                "6": 0.7008604255757634,
                "9": 0.8730485857076612,
                "12": 0.8230374225015874,
                "15": 0.44050011163206,
                "18": 0.2442337747093267,
                "21": 0.7520737802050594,
                "24": 0.9804901506174112
            }
        },
        "11": {
            "avg": 0.8992499999999998,
            "std": 0.3188960907045846,
            "words": {
                "3": "[6 1 6]",
                "6": "[6 7 7]",
                "9": "[7 7 7]",
                "12": "[7 7 7]",
                "15": "[7 7 7]",
                "18": "[7 6 5]",
                "21": "[6 6 7]",
                "24": "[7 7 7]",
                "27": "[8 8 8]"
            },
            "symbolic": {
                "0": 5,
                "3": 6,
                "6": 7,
                "9": 7,
                "12": 7,
                "15": 6,
                "18": 6,
                "21": 7,
                "24": 8
            },
            "avg_amplitude": {
                "0": 0.2606928128484863,
                "3": 0.9525222785372769,
                "6": 0.9826924627642102,
                "9": 0.9957675204396113,
                "12": 0.9841596698980625,
                "15": 0.8224876044598375,
                "18": 0.9069287185145413,
                "21": 0.9897216830006549,
                "24": 0.9996617163176641
            }
        },
        "12": {
            "avg": 0.40690535714285714,
            "std": 0.011397882676065521,
            "words": {
                "3": "[1 2 3]",
                "6": "[4 4 4]",
                "9": "[4 5 5]",
                "12": "[5 5 8]",
                "15": "[5 5 5]",
                "18": "[4 5 5]",
                "21": "[5 5 5]",
                "24": "[5 4 4]",
                "27": "[4 4 4]"
            },
            "symbolic": {
                "0": 3,
                "3": 4,
                "6": 5,
                "9": 5,
                "12": 5,
                "15": 5,
                "18": 5,
                "21": 4,
                "24": 4
            },
            "avg_amplitude": {
                "0": -0.9176180882023718,
                "3": -0.2006566674128796,
                "6": 0.19513469144093587,
                "9": 0.615252593090068,
                "12": 0.5643608685918949,
                "15": 0.0830535034698896,
                "18": 0.21677486754719824,
                "21": -0.13857174837698852,
                "24": -0.5127229311245424
            }
        },
        "13": {
            "avg": 0.9283546428571429,
            "std": 0.009547474547653697,
            "words": {
                "3": "[6 6 6]",
                "6": "[6 6 6]",
                "9": "[6 6 7]",
                "12": "[8 5 3]",
                "15": "[2 1 4]",
                "18": "[4 5 5]",
                "21": "[5 6 6]",
                "24": "[6 6 6]",
                "27": "[6 6 6]"
            },
            "symbolic": {
                "0": 6,
                "3": 6,
                "6": 6,
                "9": 5,
                "12": 3,
                "15": 5,
                "18": 5,
                "21": 6,
                "24": 6
            },
            "avg_amplitude": {
                "0": 0.8521204130960246,
                "3": 0.8635464733025744,
                "6": 0.9373764007910368,
                "9": 0.19116677653263034,
                "12": -0.8802460997582955,
                "15": 0.14040870138430797,
                "18": 0.6769940672379727,
                "21": 0.8413535486706213,
                "24": 0.9134256207426974
            }
        },
        "14": {
            "avg": 0.9996282142857141,
            "std": 0.00013564806237241326,
            "words": {
                "3": "[8 7 6]",
                "6": "[5 5 5]",
                "9": "[4 2 4]",
                "12": "[4 1 4]",
                "15": "[3 3 3]",
                "18": "[3 4 4]",
                "21": "[4 4 4]",
                "24": "[4 4 4]",
                "27": "[4 5 4]"
            },
            "symbolic": {
                "0": 6,
                "3": 5,
                "6": 4,
                "9": 3,
                "12": 3,
                "15": 4,
                "18": 4,
                "21": 4,
                "24": 4
            },
            "avg_amplitude": {
                "0": 0.9407407407403605,
                "3": 0.34814814814774975,
                "6": -0.5407407407409198,
                "9": -0.7185185185185222,
                "12": -0.8370370370369785,
                "15": -0.629629629629721,
                "18": -0.5999999999999013,
                "21": -0.46666666666653506,
                "24": -0.05185185185234894
            }
        },
        "15": {
            "avg": 0.8207853571428572,
            "std": 0.010919774275968127,
            "words": {
                "3": "[1 3 3]",
                "6": "[3 3 4]",
                "9": "[4 4 4]",
                "12": "[5 5 5]",
                "15": "[6 6 6]",
                "18": "[6 7 8]",
                "21": "[8 7 7]",
                "24": "[6 6 6]",
                "27": "[5 5 5]"
            },
            "symbolic": {
                "0": 3,
                "3": 3,
                "6": 4,
                "9": 5,
                "12": 6,
                "15": 7,
                "18": 7,
                "21": 6,
                "24": 5
            },
            "avg_amplitude": {
                "0": -0.9537783510695501,
                "3": -0.7054713533268826,
                "6": -0.14393206492529076,
                "9": 0.35440180586907405,
                "12": 0.864989788240356,
                "15": 0.974416854778028,
                "18": 0.9840911533913799,
                "21": 0.8497258948726204,
                "24": 0.5046759109964536
            }
        },
        "16": {
            "avg": -0.3996360714285715,
            "std": 0.02407742747106382,
            "words": {
                "3": "[8 7 7]",
                "6": "[7 7 7]",
                "9": "[7 7 6]",
                "12": "[6 5 4]",
                "15": "[3 1 3]",
                "18": "[4 4 5]",
                "21": "[5 5 5]",
                "24": "[5 5 5]",
                "27": "[5 5 5]"
            },
            "symbolic": {
                "0": 7,
                "3": 7,
                "6": 7,
                "9": 5,
                "12": 3,
                "15": 4,
                "18": 5,
                "21": 5,
                "24": 5
            },
            "avg_amplitude": {
                "0": 0.9972014517469064,
                "3": 0.9885434430888974,
                "6": 0.9623070532161444,
                "9": 0.17416590143862973,
                "12": -0.9004766277493546,
                "15": -0.1473173291355099,
                "18": 0.37058900695264474,
                "21": 0.5857274039092234,
                "24": 0.5818794000612192
            }
        },
        "17": {
            "avg": 0.9317864285714285,
            "std": 0.005301604379309067,
            "words": {
                "3": "[8 7 5]",
                "6": "[5 5 5]",
                "9": "[5 5 5]",
                "12": "[4 4 4]",
                "15": "[3 1 2]",
                "18": "[4 5 5]",
                "21": "[5 5 5]",
                "24": "[5 5 5]",
                "27": "[5 5 5]"
            },
            "symbolic": {
                "0": 6,
                "3": 5,
                "6": 5,
                "9": 4,
                "12": 3,
                "15": 4,
                "18": 5,
                "21": 5,
                "24": 5
            },
            "avg_amplitude": {
                "0": 0.879257465698148,
                "3": 0.5422114608555176,
                "6": 0.37594834543987066,
                "9": -0.3772397094431003,
                "12": -0.9128329297820917,
                "15": -0.10928167877321611,
                "18": 0.15706214689265066,
                "21": 0.18870056497174978,
                "24": 0.24261501210653438
            }
        },
        "18": {
            "avg": 0.9990510714285713,
            "std": 0.0005104271216940107,
            "words": {
                "3": "[5 5 6]",
                "6": "[7 7 8]",
                "9": "[6 6 5]",
                "12": "[5 5 5]",
                "15": "[5 5 5]",
                "18": "[4 3 1]",
                "21": "[3 3 3]",
                "24": "[4 4 5]",
                "27": "[5 5 5]"
            },
            "symbolic": {
                "0": 5,
                "3": 7,
                "6": 6,
                "9": 5,
                "12": 5,
                "15": 3,
                "18": 3,
                "21": 4,
                "24": 5
            },
            "avg_amplitude": {
                "0": 0.6097560975610042,
                "3": 0.9878048780487898,
                "6": 0.7073170731706856,
                "9": 0.5121951219512327,
                "12": 0.3130081300813013,
                "15": -0.7235772357723742,
                "18": -0.8455284552847013,
                "21": -0.162601626016346,
                "24": 0.321138211382078
            }
        },
        "19": {
            "avg": 0.7959246428571431,
            "std": 0.007198091044335278,
            "words": {
                "3": "[8 6 6]",
                "6": "[6 5 5]",
                "9": "[5 5 4]",
                "12": "[4 4 4]",
                "15": "[4 4 4]",
                "18": "[4 4 4]",
                "21": "[3 3 3]",
                "24": "[3 2 1]",
                "27": "[2 2 3]"
            },
            "symbolic": {
                "0": 6,
                "3": 5,
                "6": 5,
                "9": 4,
                "12": 4,
                "15": 4,
                "18": 3,
                "21": 2,
                "24": 2
            },
            "avg_amplitude": {
                "0": 0.9039830380130178,
                "3": 0.5632288353778538,
                "6": 0.11767378464333762,
                "9": -0.23973951234287705,
                "12": -0.4881114644858409,
                "15": -0.6277449644101207,
                "18": -0.8418900499772802,
                "21": -0.9769801605330916,
                "24": -0.9703165227926708
            }
        }
    }
}