{
    "W": {
        "0": {
            "avg": 0.07984011999999999,
            "std": 0.09597433044570285,
            "words": {
                "3": "[1 3 4]",
                "6": "[4 4 4]",
                "9": "[5 5 5]",
                "12": "[5 6 6]",
                "15": "[6 6 8]",
                "18": "[7 6 6]",
                "21": "[6 6 5]",
                "24": "[5 5 5]",
                "27": "[4 4 4]",
                "30": "[4 4 4]"
            },
            "symbolic": {
                "0": 3,
                "3": 4,
                "6": 5,
                "9": 6,
                "12": 6,
                "15": 6,
                "18": 6,
                "21": 5,
                "24": 4,
                "27": 4
            },
            "avg_amplitude": {
                "0": -0.8584938516927876,
                "3": -0.3780220719421387,
                "6": 0.22081770883411847,
                "9": 0.7047957864598354,
                "12": 0.9502366377146032,
                "15": 0.9483136224266318,
                "18": 0.709047786929906,
                "21": 0.1875239041483713,
                "24": -0.12547461085648967,
                "27": -0.3821980064741515
            }
        },
        "1": {
            "avg": 0.9828626666666669,
            "std": 0.0040153643999477585,
            "words": {
                "3": "[5 5 4]",
                "6": "[4 4 4]",
                "9": "[4 4 3]",
                "12": "[3 3 2]",
                "15": "[1 1 2]",
                "18": "[3 3 3]",
                "21": "[3 4 4]",
                "24": "[4 4 4]",
                "27": "[4 5 5]",
                "30": "[5 6 8]"
            },
            "symbolic": {
                "0": 5,
                "3": 4,
                "6": 4,
                "9": 3,
                "12": 2,
                "15": 3,
                "18": 4,
                "21": 4,
                "24": 5,
                "27": 6
            },
            "avg_amplitude": {
                "0": 0.1943869335173867,
                "3": -0.3903841729928546,
                "6": -0.634690591212325,
                "9": -0.9217851391764466,
                "12": -0.9884978145847723,
                "15": -0.8421900161030513,
                "18": -0.6420519898780687,
                "21": -0.35035656774786633,
                "24": 0.09270761444676041,
                "27": 0.7253278122843408
            }
        },
        "2": {
            "avg": 0.9742016666666665,
            "std": 0.005369975331179027,
            "words": {
                "3": "[6 6 5]",
                "6": "[4 4 4]",
                "9": "[3 4 3]",
                "12": "[3 3 3]",
                "15": "[2 2 1]",
                "18": "[2 3 3]",
                "21": "[3 3 3]",
                "24": "[3 4 4]",
                "27": "[4 4 5]",
                "30": "[5 6 8]"
            },
            "symbolic": {
                "0": 5,
                "3": 4,
                "6": 3,
                "9": 3,
                "12": 2,
                "15": 3,
                "18": 3,
                "21": 4,
                "24": 4,
                "27": 6
            },
            "avg_amplitude": {
                "0": 0.591570881226057,
                "3": -0.31724137931034996,
                "6": -0.7195402298850615,
                "9": -0.8885057471264378,
                "12": -0.9904214559386983,
                "15": -0.9413793103448306,
                "18": -0.8053639846743218,
                "21": -0.6218390804597762,
                "24": -0.11226053639846927,
                "27": 0.7149425287356358
            }
        },
        "3": {
            "avg": 0.988159,
            "std": 0.00630822142812114,
            "words": {
                "3": "[7 6 6]",
                "6": "[6 6 6]",
                "9": "[6 5 5]",
                "12": "[5 4 4]",
                "15": "[3 3 3]",
                "18": "[3 2 1]",
                "21": "[2 3 3]",
                "24": "[4 4 4]",
                "27": "[5 5 6]",
                "30": "[6 8 7]"
            },
            "symbolic": {
                "0": 6,
                "3": 6,
                "6": 5,
                "9": 4,
                "12": 3,
                "15": 2,
                "18": 3,
                "21": 4,
                "24": 5,
                "27": 6
            },
            "avg_amplitude": {
                "0": 0.9386879215205374,
                "3": 0.7956264050684657,
                "6": 0.616595135908444,
                "9": -0.13590844062946214,
                "12": -0.8295524218270911,
                "15": -0.9668914776210832,
                "18": -0.8638871857755822,
                "21": -0.3807480073574423,
                "24": 0.58716533823831,
                "27": 0.9427753934191722
            }
        },
        "4": {
            "avg": 0.4168219999999999,
            "std": 0.006806900859447343,
            "words": {
                "3": "[8 6 6]",
                "6": "[5 5 5]",
                "9": "[4 4 4]",
                "12": "[4 4 4]",
                "15": "[4 4 4]",
                "18": "[4 4 3]",
                "21": "[3 2 1]",
                "24": "[2 3 3]",
                "27": "[4 4 4]",
                "30": "[4 4 4]"
            },
            "symbolic": {
                "0": 6,
                "3": 5,
                "6": 4,
                "9": 4,
                "12": 4,
                "15": 4,
                "18": 3,
                "21": 3,
                "24": 4,
                "27": 4
            },
            "avg_amplitude": {
                "0": 0.8589394528717739,
                "3": 0.22883443536885864,
                "6": -0.10488785167898307,
                "9": -0.40282639699209,
                "12": -0.3548554388694411,
                "15": -0.614676520160766,
                "18": -0.9450278750162062,
                "21": -0.8913522624141056,
                "24": -0.5887462725269011,
                "27": -0.3227019318034482
            }
        },
        "5": {
            "avg": 0.9331729999999998,
            "std": 0.002398900825881277,
            "words": {
                "3": "[4 4 3]",
                "6": "[4 3 2]",
                "9": "[1 4 5]",
                "12": "[5 5 5]",
                "15": "[5 4 4]",
                "18": "[4 4 4]",
                "21": "[5 5 5]",
                "24": "[5 5 5]",
                "27": "[5 5 5]",
                "30": "[6 6 8]"
            },
            "symbolic": {
                "0": 4,
                "3": 3,
                "6": 4,
                "9": 5,
                "12": 4,
                "15": 4,
                "18": 5,
                "21": 5,
                "24": 5,
                "27": 6
            },
            "avg_amplitude": {
                "0": -0.4220283533260701,
                "3": -0.8364231188658712,
                "6": -0.36095965103599803,
                "9": 0.19302071973826362,
                "12": -0.05997818974918682,
                "15": -0.17920756088695952,
                "18": 0.13195201744819163,
                "21": 0.3195201744819727,
                "24": 0.5056343147946086,
                "27": 0.9003998545983224
            }
        },
        "6": {
            "avg": 0.9862776666666667,
            "std": 0.0013119732002449213,
            "words": {
                "3": "[4 4 4]",
                "6": "[3 3 1]",
                "9": "[2 3 4]",
                "12": "[4 4 5]",
                "15": "[5 6 8]",
                "18": "[6 6 5]",
                "21": "[5 5 5]",
                "24": "[5 5 5]",
                "27": "[5 5 4]",
                "30": "[5 5 5]"
            },
            "symbolic": {
                "0": 4,
                "3": 3,
                "6": 3,
                "9": 4,
                "12": 6,
                "15": 6,
                "18": 5,
                "21": 5,
                "24": 5,
                "27": 5
            },
            "avg_amplitude": {
                "0": -0.6267281105990044,
                "3": -0.9062980030721629,
                "6": -0.794162826420839,
                "9": -0.07987711213513697,
                "12": 0.7311827956989548,
                "15": 0.7680491551459793,
                "18": 0.3179723502304676,
                "21": 0.36559139784950306,
                "24": 0.11520737327192765,
                "27": 0.19047619047624406
            }
        },
        "7": {
            "avg": 0.9988766666666666,
            "std": 0.0008873258287893978,
            "words": {
                "3": "[5 5 4]",
                "6": "[1 3 3]",
                "9": "[4 4 5]",
                "12": "[5 6 8]",
                "15": "[6 5 5]",
                "18": "[5 5 5]",
                "21": "[5 5 6]",
                "24": "[6 6 6]",
                "27": "[6 6 5]",
                "30": "[5 4 5]"
            },
            "symbolic": {
                "0": 4,
                "3": 3,
                "6": 4,
                "9": 5,
                "12": 5,
                "15": 5,
                "18": 6,
                "21": 6,
                "24": 6,
                "27": 5
            },
            "avg_amplitude": {
                "0": -0.1397849462365083,
                "3": -0.9118279569892426,
                "6": -0.04086021505373275,
                "9": 0.6344086021505531,
                "12": 0.6559139784946607,
                "15": 0.531182795698956,
                "18": 0.726881720430156,
                "21": 0.9032258064516472,
                "24": 0.7118279569892687,
                "27": 0.06881720430113229
            }
        },
        "8": {
            "avg": -0.2909206666666667,
            "std": 0.32292387904073094,
            "words": {
                "3": "[6 6 6]",
                "6": "[8 1 3]",
                "9": "[3 3 3]",
                "12": "[3 3 3]",
                "15": "[3 3 3]",
                "18": "[3 3 3]",
                "21": "[3 3 3]",
                "24": "[3 3 3]",
                "27": "[3 3 3]",
                "30": "[3 3 3]"
            },
            "symbolic": {
                "0": 6,
                "3": 4,
                "6": 3,
                "9": 3,
                "12": 3,
                "15": 3,
                "18": 3,
                "21": 3,
                "24": 3,
                "27": 3
            },
            "avg_amplitude": {
                "0": 0.8821654754860987,
                "3": -0.31652219102090906,
                "6": -0.8718346059086314,
                "9": -0.8295343908387102,
                "12": -0.8104817628846295,
                "15": -0.7717816993341285,
                "18": -0.7771349681151799,
                "21": -0.8101687062307666,
                "24": -0.844723899684126,
                "27": -0.8716718164486229
            }
        },
        "9": {
            "avg": 0.8983166666666667,
            "std": 0.04366187908298807,
            "words": {
                "3": "[5 4 4]",
                "6": "[1 4 4]",
                "9": "[4 4 4]",
                "12": "[4 4 4]",
                "15": "[4 4 4]",
                "18": "[4 4 4]",
                "21": "[4 5 6]",
                "24": "[7 8 7]",
                "27": "[6 6 6]",
                "30": "[6 6 6]"
            },
            "symbolic": {
                "0": 4,
                "3": 4,
                "6": 4,
                "9": 4,
                "12": 4,
                "15": 4,
                "18": 5,
                "21": 7,
                "24": 6,
                "27": 6
            },
            "avg_amplitude": {
                "0": -0.22913993912409217,
                "3": -0.6169345709757755,
                "6": -0.4045229290871141,
                "9": -0.43405529142454746,
                "12": -0.584886675219482,
                "15": -0.3894800392423228,
                "18": 0.4769199808819457,
                "21": 0.9816869167106897,
                "24": 0.8893165295700962,
                "27": 0.8079138681357397
            }
        },
        "10": {
            "avg": 0.9168363333333336,
            "std": 0.06817062217312725,
            "words": {
                "3": "[2 1 3]",
                "6": "[4 4 5]",
                "9": "[5 5 5]",
                "12": "[5 5 5]",
                "15": "[5 5 5]",
                "18": "[5 5 5]",
                "21": "[5 5 5]",
                "24": "[6 6 6]",
                "27": "[7 8 7]",
                "30": "[7 7 7]"
            },
            "symbolic": {
                "0": 3,
                "3": 4,
                "6": 5,
                "9": 5,
                "12": 5,
                "15": 5,
                "18": 5,
                "21": 6,
                "24": 7,
                "27": 7
            },
            "avg_amplitude": {
                "0": -0.9027019849963486,
                "3": -0.019186085109208533,
                "6": 0.3755294430060412,
                "9": 0.5121556130916814,
                "12": 0.456522605058753,
                "15": 0.4384385580561639,
                "18": 0.6231295226714463,
                "21": 0.8252406559118367,
                "24": 0.9873863108278559,
                "27": 0.9887937329881167
            }
        },
        "11": {
            "avg": 0.9716539999999998,
            "std": 0.03255332999545674,
            "words": {
                "3": "[4 6 6]",
                "6": "[6 5 5]",
                "9": "[5 5 6]",
                "12": "[6 6 6]",
                "15": "[6 5 5]",
                "18": "[5 5 1]",
                "21": "[4 5 5]",
                "24": "[6 6 7]",
                "27": "[8 7 7]",
                "30": "[7 7 7]"
            },
            "symbolic": {
                "0": 5,
                "3": 6,
                "6": 6,
                "9": 6,
                "12": 5,
                "15": 4,
                "18": 5,
                "21": 6,
                "24": 7,
                "27": 7
            },
            "avg_amplitude": {
                "0": 0.40268733850129257,
                "3": 0.6844961240310076,
                "6": 0.6827906976744192,
                "9": 0.8080620155038774,
                "12": 0.6420671834625334,
                "15": -0.2371059431524544,
                "18": 0.03395348837209341,
                "21": 0.8823255813953498,
                "24": 0.9857364341085278,
                "27": 0.9605684754521963
            }
        },
        "12": {
            "avg": 0.3995493333333332,
            "std": 0.004619377427326317,
            "words": {
                "3": "[1 2 2]",
                "6": "[3 3 3]",
                "9": "[3 4 4]",
                "12": "[5 6 5]",
                "15": "[5 5 5]",
                "18": "[6 8 6]",
                "21": "[6 6 6]",
                "24": "[5 5 5]",
                "27": "[4 4 4]",
                "30": "[4 4 4]"
            },
            "symbolic": {
                "0": 2,
                "3": 3,
                "6": 4,
                "9": 5,
                "12": 5,
                "15": 6,
                "18": 6,
                "21": 5,
                "24": 4,
                "27": 4
            },
            "avg_amplitude": {
                "0": -0.9885222381635598,
                "3": -0.9296987087517944,
                "6": -0.3285509325681497,
                "9": 0.5518890483022494,
                "12": 0.38737446197991504,
                "15": 0.8919177427068391,
                "18": 0.8005738880918264,
                "21": 0.4203730272596868,
                "24": -0.1362984218077462,
                "27": -0.23959827833572075
            }
        },
        "13": {
            "avg": 0.9289136666666665,
            "std": 0.0017836991460664353,
            "words": {
                "3": "[1 4 5]",
                "6": "[5 5 6]",
                "9": "[6 8 7]",
                "12": "[7 6 6]",
                "15": "[6 6 6]",
                "18": "[6 6 6]",
                "21": "[6 6 5]",
                "24": "[5 5 5]",
                "27": "[5 5 5]",
                "30": "[5 5 5]"
            },
            "symbolic": {
                "0": 4,
                "3": 5,
                "6": 6,
                "9": 6,
                "12": 6,
                "15": 6,
                "18": 6,
                "21": 5,
                "24": 5,
                "27": 5
            },
            "avg_amplitude": {
                "0": -0.4702970297029722,
                "3": 0.5726072607260869,
                "6": 0.9438943894389601,
                "9": 0.9199669966996847,
                "12": 0.8506600660066,
                "15": 0.8242574257425833,
                "18": 0.7268976897689786,
                "21": 0.5907590759075869,
                "24": 0.48432343234322756,
                "27": 0.25907590759074767
            }
        },
        "14": {
            "avg": 0.9996813333333335,
            "std": 0.00023841044488419856,
            "words": {
                "3": "[6 6 6]",
                "6": "[6 5 5]",
                "9": "[5 5 4]",
                "12": "[4 4 4]",
                "15": "[3 3 3]",
                "18": "[1 3 4]",
                "21": "[4 4 4]",
                "24": "[5 5 5]",
                "27": "[5 6 6]",
                "30": "[7 7 8]"
            },
            "symbolic": {
                "0": 6,
                "3": 5,
                "6": 5,
                "9": 4,
                "12": 3,
                "15": 3,
                "18": 4,
                "21": 5,
                "24": 6,
                "27": 7
            },
            "avg_amplitude": {
                "0": 0.8403755868545586,
                "3": 0.586854460093998,
                "6": 0.13615023474194854,
                "9": -0.4460093896710591,
                "12": -0.821596244131222,
                "15": -0.7840375586853829,
                "18": -0.29577464788718155,
                "21": 0.29577464788759844,
                "24": 0.8122065727702834,
                "27": 0.9812206572770804
            }
        },
        "15": {
            "avg": 0.8020930000000001,
            "std": 0.005959509439427077,
            "words": {
                "3": "[2 1 2]",
                "6": "[3 3 3]",
                "9": "[4 4 4]",
                "12": "[5 5 5]",
                "15": "[5 6 6]",
                "18": "[6 7 6]",
                "21": "[6 8 7]",
                "24": "[7 7 7]",
                "27": "[6 6 6]",
                "30": "[6 6 6]"
            },
            "symbolic": {
                "0": 2,
                "3": 3,
                "6": 4,
                "9": 5,
                "12": 6,
                "15": 6,
                "18": 7,
                "21": 7,
                "24": 6,
                "27": 6
            },
            "avg_amplitude": {
                "0": -0.9767195767195744,
                "3": -0.8399999999999991,
                "6": -0.21608465608465344,
                "9": 0.4103703703703772,
                "12": 0.7561904761904804,
                "15": 0.9542857142857106,
                "18": 0.9665608465608483,
                "21": 0.967830687830693,
                "24": 0.9352380952381031,
                "27": 0.9382010582010619
            }
        },
        "16": {
            "avg": -0.3703640000000001,
            "std": 0.004668797822078862,
            "words": {
                "3": "[5 5 5]",
                "6": "[8 6 5]",
                "9": "[6 6 6]",
                "12": "[6 5 5]",
                "15": "[5 4 4]",
                "18": "[4 4 4]",
                "21": "[4 4 4]",
                "24": "[4 4 4]",
                "27": "[3 3 3]",
                "30": "[3 2 1]"
            },
            "symbolic": {
                "0": 5,
                "3": 6,
                "6": 6,
                "9": 5,
                "12": 4,
                "15": 4,
                "18": 4,
                "21": 4,
                "24": 3,
                "27": 2
            },
            "avg_amplitude": {
                "0": 0.33102172907998173,
                "3": 0.791493296347667,
                "6": 0.9052242256125776,
                "9": 0.6514100785945448,
                "12": -0.09200184928340234,
                "15": -0.19232547387887453,
                "18": -0.2501155802126664,
                "21": -0.46139620896902694,
                "24": -0.8363384188626938,
                "27": -0.9634766527970431
            }
        },
        "17": {
            "avg": 0.9300729999999999,
            "std": 0.005158811778454141,
            "words": {
                "3": "[8 7 7]",
                "6": "[6 5 5]",
                "9": "[5 4 4]",
                "12": "[4 4 3]",
                "15": "[3 3 3]",
                "18": "[1 2 2]",
                "21": "[3 3 3]",
                "24": "[4 4 4]",
                "27": "[4 4 4]",
                "30": "[4 4 4]"
            },
            "symbolic": {
                "0": 7,
                "3": 5,
                "6": 4,
                "9": 4,
                "12": 3,
                "15": 2,
                "18": 3,
                "21": 4,
                "24": 4,
                "27": 4
            },
            "avg_amplitude": {
                "0": 0.9812894041081955,
                "3": 0.5651820215578528,
                "6": -0.14826113483832756,
                "9": -0.660362009355295,
                "12": -0.8576367703884505,
                "15": -0.9873906853772612,
                "18": -0.8340451494813969,
                "21": -0.6127720154565762,
                "24": -0.38661785641651997,
                "27": -0.1612772015456644
            }
        },
        "18": {
            "avg": 0.9993076666666668,
            "std": 0.00030187555478160765,
            "words": {
                "3": "[1 3 3]",
                "6": "[4 4 5]",
                "9": "[5 5 5]",
                "12": "[5 5 5]",
                "15": "[5 5 4]",
                "18": "[4 4 4]",
                "21": "[4 4 5]",
                "24": "[5 5 6]",
                "27": "[7 7 8]",
                "30": "[8 8 7]"
            },
            "symbolic": {
                "0": 3,
                "3": 4,
                "6": 5,
                "9": 5,
                "12": 5,
                "15": 4,
                "18": 4,
                "21": 6,
                "24": 7,
                "27": 7
            },
            "avg_amplitude": {
                "0": -0.817610062893135,
                "3": -0.07547169811318184,
                "6": 0.43396226415104877,
                "9": 0.4025157232703382,
                "12": 0.04402515723275058,
                "15": -0.16981132075468539,
                "18": -0.06918238993703973,
                "21": 0.6855345911949184,
                "24": 0.9811320754717133,
                "27": 0.9937106918239277
            }
        },
        "19": {
            "avg": 0.7842703333333334,
            "std": 0.004029573848721331,
            "words": {
                "3": "[8 6 6]",
                "6": "[6 5 5]",
                "9": "[5 5 4]",
                "12": "[4 4 4]",
                "15": "[3 3 2]",
                "18": "[2 1 2]",
                "21": "[2 3 3]",
                "24": "[3 4 4]",
                "27": "[4 4 5]",
                "30": "[5 5 5]"
            },
            "symbolic": {
                "0": 6,
                "3": 5,
                "6": 5,
                "9": 4,
                "12": 3,
                "15": 2,
                "18": 3,
                "21": 4,
                "24": 4,
                "27": 5
            },
            "avg_amplitude": {
                "0": 0.9338137176407783,
                "3": 0.48065118761675923,
                "6": 0.04456898852416317,
                "9": -0.4811849479583635,
                "12": -0.8110488390712577,
                "15": -0.9834534294101931,
                "18": -0.9322124366159598,
                "21": -0.4977315185481644,
                "24": -0.05524419535628252,
                "27": 0.3728315986122271
            }
        }
    },
    "X": {
        "0": {
            "avg": 0.07984011999999999,
            "std": 0.09597433044570285,
            "words": {
                "3": "[1 3 4]",
                "6": "[4 4 4]",
                "9": "[5 5 5]",
                "12": "[5 6 6]",
                "15": "[6 6 8]",
                "18": "[7 6 6]",
                "21": "[6 6 5]",
                "24": "[5 5 5]",
                "27": "[4 4 4]",
                "30": "[4 4 4]"
            },
            "symbolic": {
                "0": 3,
                "3": 4,
                "6": 5,
                "9": 6,
                "12": 6,
                "15": 6,
                "18": 6,
                "21": 5,
                "24": 4,
                "27": 4
            },
            "avg_amplitude": {
                "0": -0.8584938516927876,
                "3": -0.3780220719421387,
                "6": 0.22081770883411847,
                "9": 0.7047957864598354,
                "12": 0.9502366377146032,
                "15": 0.9483136224266318,
                "18": 0.709047786929906,
                "21": 0.1875239041483713,
                "24": -0.12547461085648967,
                "27": -0.3821980064741515
            }
        },
        "1": {
            "avg": 0.9828626666666669,
            "std": 0.0040153643999477585,
            "words": {
                "3": "[5 5 4]",
                "6": "[4 4 4]",
                "9": "[4 4 3]",
                "12": "[3 3 2]",
                "15": "[1 1 2]",
                "18": "[3 3 3]",
                "21": "[3 4 4]",
                "24": "[4 4 4]",
                "27": "[4 5 5]",
                "30": "[5 6 8]"
            },
            "symbolic": {
                "0": 5,
                "3": 4,
                "6": 4,
                "9": 3,
                "12": 2,
                "15": 3,
                "18": 4,
                "21": 4,
                "24": 5,
                "27": 6
            },
            "avg_amplitude": {
                "0": 0.1943869335173867,
                "3": -0.3903841729928546,
                "6": -0.634690591212325,
                "9": -0.9217851391764466,
                "12": -0.9884978145847723,
                "15": -0.8421900161030513,
                "18": -0.6420519898780687,
                "21": -0.35035656774786633,
                "24": 0.09270761444676041,
                "27": 0.7253278122843408
            }
        },
        "2": {
            "avg": 0.9742016666666665,
            "std": 0.005369975331179027,
            "words": {
                "3": "[6 6 5]",
                "6": "[4 4 4]",
                "9": "[3 4 3]",
                "12": "[3 3 3]",
                "15": "[2 2 1]",
                "18": "[2 3 3]",
                "21": "[3 3 3]",
                "24": "[3 4 4]",
                "27": "[4 4 5]",
                "30": "[5 6 8]"
            },
            "symbolic": {
                "0": 5,
                "3": 4,
                "6": 3,
                "9": 3,
                "12": 2,
                "15": 3,
                "18": 3,
                "21": 4,
                "24": 4,
                "27": 6
            },
            "avg_amplitude": {
                "0": 0.591570881226057,
                "3": -0.31724137931034996,
                "6": -0.7195402298850615,
                "9": -0.8885057471264378,
                "12": -0.9904214559386983,
                "15": -0.9413793103448306,
                "18": -0.8053639846743218,
                "21": -0.6218390804597762,
                "24": -0.11226053639846927,
                "27": 0.7149425287356358
            }
        },
        "3": {
            "avg": 0.988159,
            "std": 0.00630822142812114,
            "words": {
                "3": "[7 6 6]",
                "6": "[6 6 6]",
                "9": "[6 5 5]",
                "12": "[5 4 4]",
                "15": "[3 3 3]",
                "18": "[3 2 1]",
                "21": "[2 3 3]",
                "24": "[4 4 4]",
                "27": "[5 5 6]",
                "30": "[6 8 7]"
            },
            "symbolic": {
                "0": 6,
                "3": 6,
                "6": 5,
                "9": 4,
                "12": 3,
                "15": 2,
                "18": 3,
                "21": 4,
                "24": 5,
                "27": 6
            },
            "avg_amplitude": {
                "0": 0.9386879215205374,
                "3": 0.7956264050684657,
                "6": 0.616595135908444,
                "9": -0.13590844062946214,
                "12": -0.8295524218270911,
                "15": -0.9668914776210832,
                "18": -0.8638871857755822,
                "21": -0.3807480073574423,
                "24": 0.58716533823831,
                "27": 0.9427753934191722
            }
        },
        "4": {
            "avg": 0.4168219999999999,
            "std": 0.006806900859447343,
            "words": {
                "3": "[8 6 6]",
                "6": "[5 5 5]",
                "9": "[4 4 4]",
                "12": "[4 4 4]",
                "15": "[4 4 4]",
                "18": "[4 4 3]",
                "21": "[3 2 1]",
                "24": "[2 3 3]",
                "27": "[4 4 4]",
                "30": "[4 4 4]"
            },
            "symbolic": {
                "0": 6,
                "3": 5,
                "6": 4,
                "9": 4,
                "12": 4,
                "15": 4,
                "18": 3,
                "21": 3,
                "24": 4,
                "27": 4
            },
            "avg_amplitude": {
                "0": 0.8589394528717739,
                "3": 0.22883443536885864,
                "6": -0.10488785167898307,
                "9": -0.40282639699209,
                "12": -0.3548554388694411,
                "15": -0.614676520160766,
                "18": -0.9450278750162062,
                "21": -0.8913522624141056,
                "24": -0.5887462725269011,
                "27": -0.3227019318034482
            }
        },
        "5": {
            "avg": 0.9331729999999998,
            "std": 0.002398900825881277,
            "words": {
                "3": "[4 4 3]",
                "6": "[4 3 2]",
                "9": "[1 4 5]",
                "12": "[5 5 5]",
                "15": "[5 4 4]",
                "18": "[4 4 4]",
                "21": "[5 5 5]",
                "24": "[5 5 5]",
                "27": "[5 5 5]",
                "30": "[6 6 8]"
            },
            "symbolic": {
                "0": 4,
                "3": 3,
                "6": 4,
                "9": 5,
                "12": 4,
                "15": 4,
                "18": 5,
                "21": 5,
                "24": 5,
                "27": 6
            },
            "avg_amplitude": {
                "0": -0.4220283533260701,
                "3": -0.8364231188658712,
                "6": -0.36095965103599803,
                "9": 0.19302071973826362,
                "12": -0.05997818974918682,
                "15": -0.17920756088695952,
                "18": 0.13195201744819163,
                "21": 0.3195201744819727,
                "24": 0.5056343147946086,
                "27": 0.9003998545983224
            }
        },
        "6": {
            "avg": 0.9862776666666667,
            "std": 0.0013119732002449213,
            "words": {
                "3": "[4 4 4]",
                "6": "[3 3 1]",
                "9": "[2 3 4]",
                "12": "[4 4 5]",
                "15": "[5 6 8]",
                "18": "[6 6 5]",
                "21": "[5 5 5]",
                "24": "[5 5 5]",
                "27": "[5 5 4]",
                "30": "[5 5 5]"
            },
            "symbolic": {
                "0": 4,
                "3": 3,
                "6": 3,
                "9": 4,
                "12": 6,
                "15": 6,
                "18": 5,
                "21": 5,
                "24": 5,
                "27": 5
            },
            "avg_amplitude": {
                "0": -0.6267281105990044,
                "3": -0.9062980030721629,
                "6": -0.794162826420839,
                "9": -0.07987711213513697,
                "12": 0.7311827956989548,
                "15": 0.7680491551459793,
                "18": 0.3179723502304676,
                "21": 0.36559139784950306,
                "24": 0.11520737327192765,
                "27": 0.19047619047624406
            }
        },
        "7": {
            "avg": 0.9988766666666666,
            "std": 0.0008873258287893978,
            "words": {
                "3": "[5 5 4]",
                "6": "[1 3 3]",
                "9": "[4 4 5]",
                "12": "[5 6 8]",
                "15": "[6 5 5]",
                "18": "[5 5 5]",
                "21": "[5 5 6]",
                "24": "[6 6 6]",
                "27": "[6 6 5]",
                "30": "[5 4 5]"
            },
            "symbolic": {
                "0": 4,
                "3": 3,
                "6": 4,
                "9": 5,
                "12": 5,
                "15": 5,
                "18": 6,
                "21": 6,
                "24": 6,
                "27": 5
            },
            "avg_amplitude": {
                "0": -0.1397849462365083,
                "3": -0.9118279569892426,
                "6": -0.04086021505373275,
                "9": 0.6344086021505531,
                "12": 0.6559139784946607,
                "15": 0.531182795698956,
                "18": 0.726881720430156,
                "21": 0.9032258064516472,
                "24": 0.7118279569892687,
                "27": 0.06881720430113229
            }
        },
        "8": {
            "avg": -0.2909206666666667,
            "std": 0.32292387904073094,
            "words": {
                "3": "[6 6 6]",
                "6": "[8 1 3]",
                "9": "[3 3 3]",
                "12": "[3 3 3]",
                "15": "[3 3 3]",
                "18": "[3 3 3]",
                "21": "[3 3 3]",
                "24": "[3 3 3]",
                "27": "[3 3 3]",
                "30": "[3 3 3]"
            },
            "symbolic": {
                "0": 6,
                "3": 4,
                "6": 3,
                "9": 3,
                "12": 3,
                "15": 3,
                "18": 3,
                "21": 3,
                "24": 3,
                "27": 3
            },
            "avg_amplitude": {
                "0": 0.8821654754860987,
                "3": -0.31652219102090906,
                "6": -0.8718346059086314,
                "9": -0.8295343908387102,
                "12": -0.8104817628846295,
                "15": -0.7717816993341285,
                "18": -0.7771349681151799,
                "21": -0.8101687062307666,
                "24": -0.844723899684126,
                "27": -0.8716718164486229
            }
        },
        "9": {
            "avg": 0.8983166666666667,
            "std": 0.04366187908298807,
            "words": {
                "3": "[5 4 4]",
                "6": "[1 4 4]",
                "9": "[4 4 4]",
                "12": "[4 4 4]",
                "15": "[4 4 4]",
                "18": "[4 4 4]",
                "21": "[4 5 6]",
                "24": "[7 8 7]",
                "27": "[6 6 6]",
                "30": "[6 6 6]"
            },
            "symbolic": {
                "0": 4,
                "3": 4,
                "6": 4,
                "9": 4,
                "12": 4,
                "15": 4,
                "18": 5,
                "21": 7,
                "24": 6,
                "27": 6
            },
            "avg_amplitude": {
                "0": -0.22913993912409217,
                "3": -0.6169345709757755,
                "6": -0.4045229290871141,
                "9": -0.43405529142454746,
                "12": -0.584886675219482,
                "15": -0.3894800392423228,
                "18": 0.4769199808819457,
                "21": 0.9816869167106897,
                "24": 0.8893165295700962,
                "27": 0.8079138681357397
            }
        },
        "10": {
            "avg": 0.9168363333333336,
            "std": 0.06817062217312725,
            "words": {
                "3": "[2 1 3]",
                "6": "[4 4 5]",
                "9": "[5 5 5]",
                "12": "[5 5 5]",
                "15": "[5 5 5]",
                "18": "[5 5 5]",
                "21": "[5 5 5]",
                "24": "[6 6 6]",
                "27": "[7 8 7]",
                "30": "[7 7 7]"
            },
            "symbolic": {
                "0": 3,
                "3": 4,
                "6": 5,
                "9": 5,
                "12": 5,
                "15": 5,
                "18": 5,
                "21": 6,
                "24": 7,
                "27": 7
            },
            "avg_amplitude": {
                "0": -0.9027019849963486,
                "3": -0.019186085109208533,
                "6": 0.3755294430060412,
                "9": 0.5121556130916814,
                "12": 0.456522605058753,
                "15": 0.4384385580561639,
                "18": 0.6231295226714463,
                "21": 0.8252406559118367,
                "24": 0.9873863108278559,
                "27": 0.9887937329881167
            }
        },
        "11": {
            "avg": 0.9716539999999998,
            "std": 0.03255332999545674,
            "words": {
                "3": "[4 6 6]",
                "6": "[6 5 5]",
                "9": "[5 5 6]",
                "12": "[6 6 6]",
                "15": "[6 5 5]",
                "18": "[5 5 1]",
                "21": "[4 5 5]",
                "24": "[6 6 7]",
                "27": "[8 7 7]",
                "30": "[7 7 7]"
            },
            "symbolic": {
                "0": 5,
                "3": 6,
                "6": 6,
                "9": 6,
                "12": 5,
                "15": 4,
                "18": 5,
                "21": 6,
                "24": 7,
                "27": 7
            },
            "avg_amplitude": {
                "0": 0.40268733850129257,
                "3": 0.6844961240310076,
                "6": 0.6827906976744192,
                "9": 0.8080620155038774,
                "12": 0.6420671834625334,
                "15": -0.2371059431524544,
                "18": 0.03395348837209341,
                "21": 0.8823255813953498,
                "24": 0.9857364341085278,
                "27": 0.9605684754521963
            }
        },
        "12": {
            "avg": 0.3995493333333332,
            "std": 0.004619377427326317,
            "words": {
                "3": "[1 2 2]",
                "6": "[3 3 3]",
                "9": "[3 4 4]",
                "12": "[5 6 5]",
                "15": "[5 5 5]",
                "18": "[6 8 6]",
                "21": "[6 6 6]",
                "24": "[5 5 5]",
                "27": "[4 4 4]",
                "30": "[4 4 4]"
            },
            "symbolic": {
                "0": 2,
                "3": 3,
                "6": 4,
                "9": 5,
                "12": 5,
                "15": 6,
                "18": 6,
                "21": 5,
                "24": 4,
                "27": 4
            },
            "avg_amplitude": {
                "0": -0.9885222381635598,
                "3": -0.9296987087517944,
                "6": -0.3285509325681497,
                "9": 0.5518890483022494,
                "12": 0.38737446197991504,
                "15": 0.8919177427068391,
                "18": 0.8005738880918264,
                "21": 0.4203730272596868,
                "24": -0.1362984218077462,
                "27": -0.23959827833572075
            }
        },
        "13": {
            "avg": 0.9289136666666665,
            "std": 0.0017836991460664353,
            "words": {
                "3": "[1 4 5]",
                "6": "[5 5 6]",
                "9": "[6 8 7]",
                "12": "[7 6 6]",
                "15": "[6 6 6]",
                "18": "[6 6 6]",
                "21": "[6 6 5]",
                "24": "[5 5 5]",
                "27": "[5 5 5]",
                "30": "[5 5 5]"
            },
            "symbolic": {
                "0": 4,
                "3": 5,
                "6": 6,
                "9": 6,
                "12": 6,
                "15": 6,
                "18": 6,
                "21": 5,
                "24": 5,
                "27": 5
            },
            "avg_amplitude": {
                "0": -0.4702970297029722,
                "3": 0.5726072607260869,
                "6": 0.9438943894389601,
                "9": 0.9199669966996847,
                "12": 0.8506600660066,
                "15": 0.8242574257425833,
                "18": 0.7268976897689786,
                "21": 0.5907590759075869,
                "24": 0.48432343234322756,
                "27": 0.25907590759074767
            }
        },
        "14": {
            "avg": 0.9996813333333335,
            "std": 0.00023841044488419856,
            "words": {
                "3": "[6 6 6]",
                "6": "[6 5 5]",
                "9": "[5 5 4]",
                "12": "[4 4 4]",
                "15": "[3 3 3]",
                "18": "[1 3 4]",
                "21": "[4 4 4]",
                "24": "[5 5 5]",
                "27": "[5 6 6]",
                "30": "[7 7 8]"
            },
            "symbolic": {
                "0": 6,
                "3": 5,
                "6": 5,
                "9": 4,
                "12": 3,
                "15": 3,
                "18": 4,
                "21": 5,
                "24": 6,
                "27": 7
            },
            "avg_amplitude": {
                "0": 0.8403755868545586,
                "3": 0.586854460093998,
                "6": 0.13615023474194854,
                "9": -0.4460093896710591,
                "12": -0.821596244131222,
                "15": -0.7840375586853829,
                "18": -0.29577464788718155,
                "21": 0.29577464788759844,
                "24": 0.8122065727702834,
                "27": 0.9812206572770804
            }
        },
        "15": {
            "avg": 0.8020930000000001,
            "std": 0.005959509439427077,
            "words": {
                "3": "[2 1 2]",
                "6": "[3 3 3]",
                "9": "[4 4 4]",
                "12": "[5 5 5]",
                "15": "[5 6 6]",
                "18": "[6 7 6]",
                "21": "[6 8 7]",
                "24": "[7 7 7]",
                "27": "[6 6 6]",
                "30": "[6 6 6]"
            },
            "symbolic": {
                "0": 2,
                "3": 3,
                "6": 4,
                "9": 5,
                "12": 6,
                "15": 6,
                "18": 7,
                "21": 7,
                "24": 6,
                "27": 6
            },
            "avg_amplitude": {
                "0": -0.9767195767195744,
                "3": -0.8399999999999991,
                "6": -0.21608465608465344,
                "9": 0.4103703703703772,
                "12": 0.7561904761904804,
                "15": 0.9542857142857106,
                "18": 0.9665608465608483,
                "21": 0.967830687830693,
                "24": 0.9352380952381031,
                "27": 0.9382010582010619
            }
        },
        "16": {
            "avg": -0.3703640000000001,
            "std": 0.004668797822078862,
            "words": {
                "3": "[5 5 5]",
                "6": "[8 6 5]",
                "9": "[6 6 6]",
                "12": "[6 5 5]",
                "15": "[5 4 4]",
                "18": "[4 4 4]",
                "21": "[4 4 4]",
                "24": "[4 4 4]",
                "27": "[3 3 3]",
                "30": "[3 2 1]"
            },
            "symbolic": {
                "0": 5,
                "3": 6,
                "6": 6,
                "9": 5,
                "12": 4,
                "15": 4,
                "18": 4,
                "21": 4,
                "24": 3,
                "27": 2
            },
            "avg_amplitude": {
                "0": 0.33102172907998173,
                "3": 0.791493296347667,
                "6": 0.9052242256125776,
                "9": 0.6514100785945448,
                "12": -0.09200184928340234,
                "15": -0.19232547387887453,
                "18": -0.2501155802126664,
                "21": -0.46139620896902694,
                "24": -0.8363384188626938,
                "27": -0.9634766527970431
            }
        },
        "17": {
            "avg": 0.9300729999999999,
            "std": 0.005158811778454141,
            "words": {
                "3": "[8 7 7]",
                "6": "[6 5 5]",
                "9": "[5 4 4]",
                "12": "[4 4 3]",
                "15": "[3 3 3]",
                "18": "[1 2 2]",
                "21": "[3 3 3]",
                "24": "[4 4 4]",
                "27": "[4 4 4]",
                "30": "[4 4 4]"
            },
            "symbolic": {
                "0": 7,
                "3": 5,
                "6": 4,
                "9": 4,
                "12": 3,
                "15": 2,
                "18": 3,
                "21": 4,
                "24": 4,
                "27": 4
            },
            "avg_amplitude": {
                "0": 0.9812894041081955,
                "3": 0.5651820215578528,
                "6": -0.14826113483832756,
                "9": -0.660362009355295,
                "12": -0.8576367703884505,
                "15": -0.9873906853772612,
                "18": -0.8340451494813969,
                "21": -0.6127720154565762,
                "24": -0.38661785641651997,
                "27": -0.1612772015456644
            }
        },
        "18": {
            "avg": 0.9993076666666668,
            "std": 0.00030187555478160765,
            "words": {
                "3": "[1 3 3]",
                "6": "[4 4 5]",
                "9": "[5 5 5]",
                "12": "[5 5 5]",
                "15": "[5 5 4]",
                "18": "[4 4 4]",
                "21": "[4 4 5]",
                "24": "[5 5 6]",
                "27": "[7 7 8]",
                "30": "[8 8 7]"
            },
            "symbolic": {
                "0": 3,
                "3": 4,
                "6": 5,
                "9": 5,
                "12": 5,
                "15": 4,
                "18": 4,
                "21": 6,
                "24": 7,
                "27": 7
            },
            "avg_amplitude": {
                "0": -0.817610062893135,
                "3": -0.07547169811318184,
                "6": 0.43396226415104877,
                "9": 0.4025157232703382,
                "12": 0.04402515723275058,
                "15": -0.16981132075468539,
                "18": -0.06918238993703973,
                "21": 0.6855345911949184,
                "24": 0.9811320754717133,
                "27": 0.9937106918239277
            }
        },
        "19": {
            "avg": 0.7842703333333334,
            "std": 0.004029573848721331,
            "words": {
                "3": "[8 6 6]",
                "6": "[6 5 5]",
                "9": "[5 5 4]",
                "12": "[4 4 4]",
                "15": "[3 3 2]",
                "18": "[2 1 2]",
                "21": "[2 3 3]",
                "24": "[3 4 4]",
                "27": "[4 4 5]",
                "30": "[5 5 5]"
            },
            "symbolic": {
                "0": 6,
                "3": 5,
                "6": 5,
                "9": 4,
                "12": 3,
                "15": 2,
                "18": 3,
                "21": 4,
                "24": 4,
                "27": 5
            },
            "avg_amplitude": {
                "0": 0.9338137176407783,
                "3": 0.48065118761675923,
                "6": 0.04456898852416317,
                "9": -0.4811849479583635,
                "12": -0.8110488390712577,
                "15": -0.9834534294101931,
                "18": -0.9322124366159598,
                "21": -0.4977315185481644,
                "24": -0.05524419535628252,
                "27": 0.3728315986122271
            }
        }
    },
    "Y": {
        "0": {
            "avg": 0.07984011999999999,
            "std": 0.09597433044570285,
            "words": {
                "3": "[1 3 4]",
                "6": "[4 4 4]",
                "9": "[5 5 5]",
                "12": "[5 6 6]",
                "15": "[6 6 8]",
                "18": "[7 6 6]",
                "21": "[6 6 5]",
                "24": "[5 5 5]",
                "27": "[4 4 4]",
                "30": "[4 4 4]"
            },
            "symbolic": {
                "0": 3,
                "3": 4,
                "6": 5,
                "9": 6,
                "12": 6,
                "15": 6,
                "18": 6,
                "21": 5,
                "24": 4,
                "27": 4
            },
            "avg_amplitude": {
                "0": -0.8584938516927876,
                "3": -0.3780220719421387,
                "6": 0.22081770883411847,
                "9": 0.7047957864598354,
                "12": 0.9502366377146032,
                "15": 0.9483136224266318,
                "18": 0.709047786929906,
                "21": 0.1875239041483713,
                "24": -0.12547461085648967,
                "27": -0.3821980064741515
            }
        },
        "1": {
            "avg": 0.9828626666666669,
            "std": 0.0040153643999477585,
            "words": {
                "3": "[5 5 4]",
                "6": "[4 4 4]",
                "9": "[4 4 3]",
                "12": "[3 3 2]",
                "15": "[1 1 2]",
                "18": "[3 3 3]",
                "21": "[3 4 4]",
                "24": "[4 4 4]",
                "27": "[4 5 5]",
                "30": "[5 6 8]"
            },
            "symbolic": {
                "0": 5,
                "3": 4,
                "6": 4,
                "9": 3,
                "12": 2,
                "15": 3,
                "18": 4,
                "21": 4,
                "24": 5,
                "27": 6
            },
            "avg_amplitude": {
                "0": 0.1943869335173867,
                "3": -0.3903841729928546,
                "6": -0.634690591212325,
                "9": -0.9217851391764466,
                "12": -0.9884978145847723,
                "15": -0.8421900161030513,
                "18": -0.6420519898780687,
                "21": -0.35035656774786633,
                "24": 0.09270761444676041,
                "27": 0.7253278122843408
            }
        },
        "2": {
            "avg": 0.9742016666666665,
            "std": 0.005369975331179027,
            "words": {
                "3": "[6 6 5]",
                "6": "[4 4 4]",
                "9": "[3 4 3]",
                "12": "[3 3 3]",
                "15": "[2 2 1]",
                "18": "[2 3 3]",
                "21": "[3 3 3]",
                "24": "[3 4 4]",
                "27": "[4 4 5]",
                "30": "[5 6 8]"
            },
            "symbolic": {
                "0": 5,
                "3": 4,
                "6": 3,
                "9": 3,
                "12": 2,
                "15": 3,
                "18": 3,
                "21": 4,
                "24": 4,
                "27": 6
            },
            "avg_amplitude": {
                "0": 0.591570881226057,
                "3": -0.31724137931034996,
                "6": -0.7195402298850615,
                "9": -0.8885057471264378,
                "12": -0.9904214559386983,
                "15": -0.9413793103448306,
                "18": -0.8053639846743218,
                "21": -0.6218390804597762,
                "24": -0.11226053639846927,
                "27": 0.7149425287356358
            }
        },
        "3": {
            "avg": 0.988159,
            "std": 0.00630822142812114,
            "words": {
                "3": "[7 6 6]",
                "6": "[6 6 6]",
                "9": "[6 5 5]",
                "12": "[5 4 4]",
                "15": "[3 3 3]",
                "18": "[3 2 1]",
                "21": "[2 3 3]",
                "24": "[4 4 4]",
                "27": "[5 5 6]",
                "30": "[6 8 7]"
            },
            "symbolic": {
                "0": 6,
                "3": 6,
                "6": 5,
                "9": 4,
                "12": 3,
                "15": 2,
                "18": 3,
                "21": 4,
                "24": 5,
                "27": 6
            },
            "avg_amplitude": {
                "0": 0.9386879215205374,
                "3": 0.7956264050684657,
                "6": 0.616595135908444,
                "9": -0.13590844062946214,
                "12": -0.8295524218270911,
                "15": -0.9668914776210832,
                "18": -0.8638871857755822,
                "21": -0.3807480073574423,
                "24": 0.58716533823831,
                "27": 0.9427753934191722
            }
        },
        "4": {
            "avg": 0.4168219999999999,
            "std": 0.006806900859447343,
            "words": {
                "3": "[8 6 6]",
                "6": "[5 5 5]",
                "9": "[4 4 4]",
                "12": "[4 4 4]",
                "15": "[4 4 4]",
                "18": "[4 4 3]",
                "21": "[3 2 1]",
                "24": "[2 3 3]",
                "27": "[4 4 4]",
                "30": "[4 4 4]"
            },
            "symbolic": {
                "0": 6,
                "3": 5,
                "6": 4,
                "9": 4,
                "12": 4,
                "15": 4,
                "18": 3,
                "21": 3,
                "24": 4,
                "27": 4
            },
            "avg_amplitude": {
                "0": 0.8589394528717739,
                "3": 0.22883443536885864,
                "6": -0.10488785167898307,
                "9": -0.40282639699209,
                "12": -0.3548554388694411,
                "15": -0.614676520160766,
                "18": -0.9450278750162062,
                "21": -0.8913522624141056,
                "24": -0.5887462725269011,
                "27": -0.3227019318034482
            }
        },
        "5": {
            "avg": 0.9331729999999998,
            "std": 0.002398900825881277,
            "words": {
                "3": "[4 4 3]",
                "6": "[4 3 2]",
                "9": "[1 4 5]",
                "12": "[5 5 5]",
                "15": "[5 4 4]",
                "18": "[4 4 4]",
                "21": "[5 5 5]",
                "24": "[5 5 5]",
                "27": "[5 5 5]",
                "30": "[6 6 8]"
            },
            "symbolic": {
                "0": 4,
                "3": 3,
                "6": 4,
                "9": 5,
                "12": 4,
                "15": 4,
                "18": 5,
                "21": 5,
                "24": 5,
                "27": 6
            },
            "avg_amplitude": {
                "0": -0.4220283533260701,
                "3": -0.8364231188658712,
                "6": -0.36095965103599803,
                "9": 0.19302071973826362,
                "12": -0.05997818974918682,
                "15": -0.17920756088695952,
                "18": 0.13195201744819163,
                "21": 0.3195201744819727,
                "24": 0.5056343147946086,
                "27": 0.9003998545983224
            }
        },
        "6": {
            "avg": 0.9862776666666667,
            "std": 0.0013119732002449213,
            "words": {
                "3": "[4 4 4]",
                "6": "[3 3 1]",
                "9": "[2 3 4]",
                "12": "[4 4 5]",
                "15": "[5 6 8]",
                "18": "[6 6 5]",
                "21": "[5 5 5]",
                "24": "[5 5 5]",
                "27": "[5 5 4]",
                "30": "[5 5 5]"
            },
            "symbolic": {
                "0": 4,
                "3": 3,
                "6": 3,
                "9": 4,
                "12": 6,
                "15": 6,
                "18": 5,
                "21": 5,
                "24": 5,
                "27": 5
            },
            "avg_amplitude": {
                "0": -0.6267281105990044,
                "3": -0.9062980030721629,
                "6": -0.794162826420839,
                "9": -0.07987711213513697,
                "12": 0.7311827956989548,
                "15": 0.7680491551459793,
                "18": 0.3179723502304676,
                "21": 0.36559139784950306,
                "24": 0.11520737327192765,
                "27": 0.19047619047624406
            }
        },
        "7": {
            "avg": 0.9988766666666666,
            "std": 0.0008873258287893978,
            "words": {
                "3": "[5 5 4]",
                "6": "[1 3 3]",
                "9": "[4 4 5]",
                "12": "[5 6 8]",
                "15": "[6 5 5]",
                "18": "[5 5 5]",
                "21": "[5 5 6]",
                "24": "[6 6 6]",
                "27": "[6 6 5]",
                "30": "[5 4 5]"
            },
            "symbolic": {
                "0": 4,
                "3": 3,
                "6": 4,
                "9": 5,
                "12": 5,
                "15": 5,
                "18": 6,
                "21": 6,
                "24": 6,
                "27": 5
            },
            "avg_amplitude": {
                "0": -0.1397849462365083,
                "3": -0.9118279569892426,
                "6": -0.04086021505373275,
                "9": 0.6344086021505531,
                "12": 0.6559139784946607,
                "15": 0.531182795698956,
                "18": 0.726881720430156,
                "21": 0.9032258064516472,
                "24": 0.7118279569892687,
                "27": 0.06881720430113229
            }
        },
        "8": {
            "avg": -0.2909206666666667,
            "std": 0.32292387904073094,
            "words": {
                "3": "[6 6 6]",
                "6": "[8 1 3]",
                "9": "[3 3 3]",
                "12": "[3 3 3]",
                "15": "[3 3 3]",
                "18": "[3 3 3]",
                "21": "[3 3 3]",
                "24": "[3 3 3]",
                "27": "[3 3 3]",
                "30": "[3 3 3]"
            },
            "symbolic": {
                "0": 6,
                "3": 4,
                "6": 3,
                "9": 3,
                "12": 3,
                "15": 3,
                "18": 3,
                "21": 3,
                "24": 3,
                "27": 3
            },
            "avg_amplitude": {
                "0": 0.8821654754860987,
                "3": -0.31652219102090906,
                "6": -0.8718346059086314,
                "9": -0.8295343908387102,
                "12": -0.8104817628846295,
                "15": -0.7717816993341285,
                "18": -0.7771349681151799,
                "21": -0.8101687062307666,
                "24": -0.844723899684126,
                "27": -0.8716718164486229
            }
        },
        "9": {
            "avg": 0.8983166666666667,
            "std": 0.04366187908298807,
            "words": {
                "3": "[5 4 4]",
                "6": "[1 4 4]",
                "9": "[4 4 4]",
                "12": "[4 4 4]",
                "15": "[4 4 4]",
                "18": "[4 4 4]",
                "21": "[4 5 6]",
                "24": "[7 8 7]",
                "27": "[6 6 6]",
                "30": "[6 6 6]"
            },
            "symbolic": {
                "0": 4,
                "3": 4,
                "6": 4,
                "9": 4,
                "12": 4,
                "15": 4,
                "18": 5,
                "21": 7,
                "24": 6,
                "27": 6
            },
            "avg_amplitude": {
                "0": -0.22913993912409217,
                "3": -0.6169345709757755,
                "6": -0.4045229290871141,
                "9": -0.43405529142454746,
                "12": -0.584886675219482,
                "15": -0.3894800392423228,
                "18": 0.4769199808819457,
                "21": 0.9816869167106897,
                "24": 0.8893165295700962,
                "27": 0.8079138681357397
            }
        },
        "10": {
            "avg": 0.9168363333333336,
            "std": 0.06817062217312725,
            "words": {
                "3": "[2 1 3]",
                "6": "[4 4 5]",
                "9": "[5 5 5]",
                "12": "[5 5 5]",
                "15": "[5 5 5]",
                "18": "[5 5 5]",
                "21": "[5 5 5]",
                "24": "[6 6 6]",
                "27": "[7 8 7]",
                "30": "[7 7 7]"
            },
            "symbolic": {
                "0": 3,
                "3": 4,
                "6": 5,
                "9": 5,
                "12": 5,
                "15": 5,
                "18": 5,
                "21": 6,
                "24": 7,
                "27": 7
            },
            "avg_amplitude": {
                "0": -0.9027019849963486,
                "3": -0.019186085109208533,
                "6": 0.3755294430060412,
                "9": 0.5121556130916814,
                "12": 0.456522605058753,
                "15": 0.4384385580561639,
                "18": 0.6231295226714463,
                "21": 0.8252406559118367,
                "24": 0.9873863108278559,
                "27": 0.9887937329881167
            }
        },
        "11": {
            "avg": 0.9716539999999998,
            "std": 0.03255332999545674,
            "words": {
                "3": "[4 6 6]",
                "6": "[6 5 5]",
                "9": "[5 5 6]",
                "12": "[6 6 6]",
                "15": "[6 5 5]",
                "18": "[5 5 1]",
                "21": "[4 5 5]",
                "24": "[6 6 7]",
                "27": "[8 7 7]",
                "30": "[7 7 7]"
            },
            "symbolic": {
                "0": 5,
                "3": 6,
                "6": 6,
                "9": 6,
                "12": 5,
                "15": 4,
                "18": 5,
                "21": 6,
                "24": 7,
                "27": 7
            },
            "avg_amplitude": {
                "0": 0.40268733850129257,
                "3": 0.6844961240310076,
                "6": 0.6827906976744192,
                "9": 0.8080620155038774,
                "12": 0.6420671834625334,
                "15": -0.2371059431524544,
                "18": 0.03395348837209341,
                "21": 0.8823255813953498,
                "24": 0.9857364341085278,
                "27": 0.9605684754521963
            }
        },
        "12": {
            "avg": 0.3995493333333332,
            "std": 0.004619377427326317,
            "words": {
                "3": "[1 2 2]",
                "6": "[3 3 3]",
                "9": "[3 4 4]",
                "12": "[5 6 5]",
                "15": "[5 5 5]",
                "18": "[6 8 6]",
                "21": "[6 6 6]",
                "24": "[5 5 5]",
                "27": "[4 4 4]",
                "30": "[4 4 4]"
            },
            "symbolic": {
                "0": 2,
                "3": 3,
                "6": 4,
                "9": 5,
                "12": 5,
                "15": 6,
                "18": 6,
                "21": 5,
                "24": 4,
                "27": 4
            },
            "avg_amplitude": {
                "0": -0.9885222381635598,
                "3": -0.9296987087517944,
                "6": -0.3285509325681497,
                "9": 0.5518890483022494,
                "12": 0.38737446197991504,
                "15": 0.8919177427068391,
                "18": 0.8005738880918264,
                "21": 0.4203730272596868,
                "24": -0.1362984218077462,
                "27": -0.23959827833572075
            }
        },
        "13": {
            "avg": 0.9289136666666665,
            "std": 0.0017836991460664353,
            "words": {
                "3": "[1 4 5]",
                "6": "[5 5 6]",
                "9": "[6 8 7]",
                "12": "[7 6 6]",
                "15": "[6 6 6]",
                "18": "[6 6 6]",
                "21": "[6 6 5]",
                "24": "[5 5 5]",
                "27": "[5 5 5]",
                "30": "[5 5 5]"
            },
            "symbolic": {
                "0": 4,
                "3": 5,
                "6": 6,
                "9": 6,
                "12": 6,
                "15": 6,
                "18": 6,
                "21": 5,
                "24": 5,
                "27": 5
            },
            "avg_amplitude": {
                "0": -0.4702970297029722,
                "3": 0.5726072607260869,
                "6": 0.9438943894389601,
                "9": 0.9199669966996847,
                "12": 0.8506600660066,
                "15": 0.8242574257425833,
                "18": 0.7268976897689786,
                "21": 0.5907590759075869,
                "24": 0.48432343234322756,
                "27": 0.25907590759074767
            }
        },
        "14": {
            "avg": 0.9996813333333335,
            "std": 0.00023841044488419856,
            "words": {
                "3": "[6 6 6]",
                "6": "[6 5 5]",
                "9": "[5 5 4]",
                "12": "[4 4 4]",
                "15": "[3 3 3]",
                "18": "[1 3 4]",
                "21": "[4 4 4]",
                "24": "[5 5 5]",
                "27": "[5 6 6]",
                "30": "[7 7 8]"
            },
            "symbolic": {
                "0": 6,
                "3": 5,
                "6": 5,
                "9": 4,
                "12": 3,
                "15": 3,
                "18": 4,
                "21": 5,
                "24": 6,
                "27": 7
            },
            "avg_amplitude": {
                "0": 0.8403755868545586,
                "3": 0.586854460093998,
                "6": 0.13615023474194854,
                "9": -0.4460093896710591,
                "12": -0.821596244131222,
                "15": -0.7840375586853829,
                "18": -0.29577464788718155,
                "21": 0.29577464788759844,
                "24": 0.8122065727702834,
                "27": 0.9812206572770804
            }
        },
        "15": {
            "avg": 0.8020930000000001,
            "std": 0.005959509439427077,
            "words": {
                "3": "[2 1 2]",
                "6": "[3 3 3]",
                "9": "[4 4 4]",
                "12": "[5 5 5]",
                "15": "[5 6 6]",
                "18": "[6 7 6]",
                "21": "[6 8 7]",
                "24": "[7 7 7]",
                "27": "[6 6 6]",
                "30": "[6 6 6]"
            },
            "symbolic": {
                "0": 2,
                "3": 3,
                "6": 4,
                "9": 5,
                "12": 6,
                "15": 6,
                "18": 7,
                "21": 7,
                "24": 6,
                "27": 6
            },
            "avg_amplitude": {
                "0": -0.9767195767195744,
                "3": -0.8399999999999991,
                "6": -0.21608465608465344,
                "9": 0.4103703703703772,
                "12": 0.7561904761904804,
                "15": 0.9542857142857106,
                "18": 0.9665608465608483,
                "21": 0.967830687830693,
                "24": 0.9352380952381031,
                "27": 0.9382010582010619
            }
        },
        "16": {
            "avg": -0.3703640000000001,
            "std": 0.004668797822078862,
            "words": {
                "3": "[5 5 5]",
                "6": "[8 6 5]",
                "9": "[6 6 6]",
                "12": "[6 5 5]",
                "15": "[5 4 4]",
                "18": "[4 4 4]",
                "21": "[4 4 4]",
                "24": "[4 4 4]",
                "27": "[3 3 3]",
                "30": "[3 2 1]"
            },
            "symbolic": {
                "0": 5,
                "3": 6,
                "6": 6,
                "9": 5,
                "12": 4,
                "15": 4,
                "18": 4,
                "21": 4,
                "24": 3,
                "27": 2
            },
            "avg_amplitude": {
                "0": 0.33102172907998173,
                "3": 0.791493296347667,
                "6": 0.9052242256125776,
                "9": 0.6514100785945448,
                "12": -0.09200184928340234,
                "15": -0.19232547387887453,
                "18": -0.2501155802126664,
                "21": -0.46139620896902694,
                "24": -0.8363384188626938,
                "27": -0.9634766527970431
            }
        },
        "17": {
            "avg": 0.9300729999999999,
            "std": 0.005158811778454141,
            "words": {
                "3": "[8 7 7]",
                "6": "[6 5 5]",
                "9": "[5 4 4]",
                "12": "[4 4 3]",
                "15": "[3 3 3]",
                "18": "[1 2 2]",
                "21": "[3 3 3]",
                "24": "[4 4 4]",
                "27": "[4 4 4]",
                "30": "[4 4 4]"
            },
            "symbolic": {
                "0": 7,
                "3": 5,
                "6": 4,
                "9": 4,
                "12": 3,
                "15": 2,
                "18": 3,
                "21": 4,
                "24": 4,
                "27": 4
            },
            "avg_amplitude": {
                "0": 0.9812894041081955,
                "3": 0.5651820215578528,
                "6": -0.14826113483832756,
                "9": -0.660362009355295,
                "12": -0.8576367703884505,
                "15": -0.9873906853772612,
                "18": -0.8340451494813969,
                "21": -0.6127720154565762,
                "24": -0.38661785641651997,
                "27": -0.1612772015456644
            }
        },
        "18": {
            "avg": 0.9993076666666668,
            "std": 0.00030187555478160765,
            "words": {
                "3": "[1 3 3]",
                "6": "[4 4 5]",
                "9": "[5 5 5]",
                "12": "[5 5 5]",
                "15": "[5 5 4]",
                "18": "[4 4 4]",
                "21": "[4 4 5]",
                "24": "[5 5 6]",
                "27": "[7 7 8]",
                "30": "[8 8 7]"
            },
            "symbolic": {
                "0": 3,
                "3": 4,
                "6": 5,
                "9": 5,
                "12": 5,
                "15": 4,
                "18": 4,
                "21": 6,
                "24": 7,
                "27": 7
            },
            "avg_amplitude": {
                "0": -0.817610062893135,
                "3": -0.07547169811318184,
                "6": 0.43396226415104877,
                "9": 0.4025157232703382,
                "12": 0.04402515723275058,
                "15": -0.16981132075468539,
                "18": -0.06918238993703973,
                "21": 0.6855345911949184,
                "24": 0.9811320754717133,
                "27": 0.9937106918239277
            }
        },
        "19": {
            "avg": 0.7842703333333334,
            "std": 0.004029573848721331,
            "words": {
                "3": "[8 6 6]",
                "6": "[6 5 5]",
                "9": "[5 5 4]",
                "12": "[4 4 4]",
                "15": "[3 3 2]",
                "18": "[2 1 2]",
                "21": "[2 3 3]",
                "24": "[3 4 4]",
                "27": "[4 4 5]",
                "30": "[5 5 5]"
            },
            "symbolic": {
                "0": 6,
                "3": 5,
                "6": 5,
                "9": 4,
                "12": 3,
                "15": 2,
                "18": 3,
                "21": 4,
                "24": 4,
                "27": 5
            },
            "avg_amplitude": {
                "0": 0.9338137176407783,
                "3": 0.48065118761675923,
                "6": 0.04456898852416317,
                "9": -0.4811849479583635,
                "12": -0.8110488390712577,
                "15": -0.9834534294101931,
                "18": -0.9322124366159598,
                "21": -0.4977315185481644,
                "24": -0.05524419535628252,
                "27": 0.3728315986122271
            }
        }
    },
    "Z": {
        "0": {
            "avg": 0.07984011999999999,
            "std": 0.09597433044570285,
            "words": {
                "3": "[1 3 4]",
                "6": "[4 4 4]",
                "9": "[5 5 5]",
                "12": "[5 6 6]",
                "15": "[6 6 8]",
                "18": "[7 6 6]",
                "21": "[6 6 5]",
                "24": "[5 5 5]",
                "27": "[4 4 4]",
                "30": "[4 4 4]"
            },
            "symbolic": {
                "0": 3,
                "3": 4,
                "6": 5,
                "9": 6,
                "12": 6,
                "15": 6,
                "18": 6,
                "21": 5,
                "24": 4,
                "27": 4
            },
            "avg_amplitude": {
                "0": -0.8584938516927876,
                "3": -0.3780220719421387,
                "6": 0.22081770883411847,
                "9": 0.7047957864598354,
                "12": 0.9502366377146032,
                "15": 0.9483136224266318,
                "18": 0.709047786929906,
                "21": 0.1875239041483713,
                "24": -0.12547461085648967,
                "27": -0.3821980064741515
            }
        },
        "1": {
            "avg": 0.9828626666666669,
            "std": 0.0040153643999477585,
            "words": {
                "3": "[5 5 4]",
                "6": "[4 4 4]",
                "9": "[4 4 3]",
                "12": "[3 3 2]",
                "15": "[1 1 2]",
                "18": "[3 3 3]",
                "21": "[3 4 4]",
                "24": "[4 4 4]",
                "27": "[4 5 5]",
                "30": "[5 6 8]"
            },
            "symbolic": {
                "0": 5,
                "3": 4,
                "6": 4,
                "9": 3,
                "12": 2,
                "15": 3,
                "18": 4,
                "21": 4,
                "24": 5,
                "27": 6
            },
            "avg_amplitude": {
                "0": 0.1943869335173867,
                "3": -0.3903841729928546,
                "6": -0.634690591212325,
                "9": -0.9217851391764466,
                "12": -0.9884978145847723,
                "15": -0.8421900161030513,
                "18": -0.6420519898780687,
                "21": -0.35035656774786633,
                "24": 0.09270761444676041,
                "27": 0.7253278122843408
            }
        },
        "2": {
            "avg": 0.9742016666666665,
            "std": 0.005369975331179027,
            "words": {
                "3": "[6 6 5]",
                "6": "[4 4 4]",
                "9": "[3 4 3]",
                "12": "[3 3 3]",
                "15": "[2 2 1]",
                "18": "[2 3 3]",
                "21": "[3 3 3]",
                "24": "[3 4 4]",
                "27": "[4 4 5]",
                "30": "[5 6 8]"
            },
            "symbolic": {
                "0": 5,
                "3": 4,
                "6": 3,
                "9": 3,
                "12": 2,
                "15": 3,
                "18": 3,
                "21": 4,
                "24": 4,
                "27": 6
            },
            "avg_amplitude": {
                "0": 0.591570881226057,
                "3": -0.31724137931034996,
                "6": -0.7195402298850615,
                "9": -0.8885057471264378,
                "12": -0.9904214559386983,
                "15": -0.9413793103448306,
                "18": -0.8053639846743218,
                "21": -0.6218390804597762,
                "24": -0.11226053639846927,
                "27": 0.7149425287356358
            }
        },
        "3": {
            "avg": 0.988159,
            "std": 0.00630822142812114,
            "words": {
                "3": "[7 6 6]",
                "6": "[6 6 6]",
                "9": "[6 5 5]",
                "12": "[5 4 4]",
                "15": "[3 3 3]",
                "18": "[3 2 1]",
                "21": "[2 3 3]",
                "24": "[4 4 4]",
                "27": "[5 5 6]",
                "30": "[6 8 7]"
            },
            "symbolic": {
                "0": 6,
                "3": 6,
                "6": 5,
                "9": 4,
                "12": 3,
                "15": 2,
                "18": 3,
                "21": 4,
                "24": 5,
                "27": 6
            },
            "avg_amplitude": {
                "0": 0.9386879215205374,
                "3": 0.7956264050684657,
                "6": 0.616595135908444,
                "9": -0.13590844062946214,
                "12": -0.8295524218270911,
                "15": -0.9668914776210832,
                "18": -0.8638871857755822,
                "21": -0.3807480073574423,
                "24": 0.58716533823831,
                "27": 0.9427753934191722
            }
        },
        "4": {
            "avg": 0.4168219999999999,
            "std": 0.006806900859447343,
            "words": {
                "3": "[8 6 6]",
                "6": "[5 5 5]",
                "9": "[4 4 4]",
                "12": "[4 4 4]",
                "15": "[4 4 4]",
                "18": "[4 4 3]",
                "21": "[3 2 1]",
                "24": "[2 3 3]",
                "27": "[4 4 4]",
                "30": "[4 4 4]"
            },
            "symbolic": {
                "0": 6,
                "3": 5,
                "6": 4,
                "9": 4,
                "12": 4,
                "15": 4,
                "18": 3,
                "21": 3,
                "24": 4,
                "27": 4
            },
            "avg_amplitude": {
                "0": 0.8589394528717739,
                "3": 0.22883443536885864,
                "6": -0.10488785167898307,
                "9": -0.40282639699209,
                "12": -0.3548554388694411,
                "15": -0.614676520160766,
                "18": -0.9450278750162062,
                "21": -0.8913522624141056,
                "24": -0.5887462725269011,
                "27": -0.3227019318034482
            }
        },
        "5": {
            "avg": 0.9331729999999998,
            "std": 0.002398900825881277,
            "words": {
                "3": "[4 4 3]",
                "6": "[4 3 2]",
                "9": "[1 4 5]",
                "12": "[5 5 5]",
                "15": "[5 4 4]",
                "18": "[4 4 4]",
                "21": "[5 5 5]",
                "24": "[5 5 5]",
                "27": "[5 5 5]",
                "30": "[6 6 8]"
            },
            "symbolic": {
                "0": 4,
                "3": 3,
                "6": 4,
                "9": 5,
                "12": 4,
                "15": 4,
                "18": 5,
                "21": 5,
                "24": 5,
                "27": 6
            },
            "avg_amplitude": {
                "0": -0.4220283533260701,
                "3": -0.8364231188658712,
                "6": -0.36095965103599803,
                "9": 0.19302071973826362,
                "12": -0.05997818974918682,
                "15": -0.17920756088695952,
                "18": 0.13195201744819163,
                "21": 0.3195201744819727,
                "24": 0.5056343147946086,
                "27": 0.9003998545983224
            }
        },
        "6": {
            "avg": 0.9862776666666667,
            "std": 0.0013119732002449213,
            "words": {
                "3": "[4 4 4]",
                "6": "[3 3 1]",
                "9": "[2 3 4]",
                "12": "[4 4 5]",
                "15": "[5 6 8]",
                "18": "[6 6 5]",
                "21": "[5 5 5]",
                "24": "[5 5 5]",
                "27": "[5 5 4]",
                "30": "[5 5 5]"
            },
            "symbolic": {
                "0": 4,
                "3": 3,
                "6": 3,
                "9": 4,
                "12": 6,
                "15": 6,
                "18": 5,
                "21": 5,
                "24": 5,
                "27": 5
            },
            "avg_amplitude": {
                "0": -0.6267281105990044,
                "3": -0.9062980030721629,
                "6": -0.794162826420839,
                "9": -0.07987711213513697,
                "12": 0.7311827956989548,
                "15": 0.7680491551459793,
                "18": 0.3179723502304676,
                "21": 0.36559139784950306,
                "24": 0.11520737327192765,
                "27": 0.19047619047624406
            }
        },
        "7": {
            "avg": 0.9988766666666666,
            "std": 0.0008873258287893978,
            "words": {
                "3": "[5 5 4]",
                "6": "[1 3 3]",
                "9": "[4 4 5]",
                "12": "[5 6 8]",
                "15": "[6 5 5]",
                "18": "[5 5 5]",
                "21": "[5 5 6]",
                "24": "[6 6 6]",
                "27": "[6 6 5]",
                "30": "[5 4 5]"
            },
            "symbolic": {
                "0": 4,
                "3": 3,
                "6": 4,
                "9": 5,
                "12": 5,
                "15": 5,
                "18": 6,
                "21": 6,
                "24": 6,
                "27": 5
            },
            "avg_amplitude": {
                "0": -0.1397849462365083,
                "3": -0.9118279569892426,
                "6": -0.04086021505373275,
                "9": 0.6344086021505531,
                "12": 0.6559139784946607,
                "15": 0.531182795698956,
                "18": 0.726881720430156,
                "21": 0.9032258064516472,
                "24": 0.7118279569892687,
                "27": 0.06881720430113229
            }
        },
        "8": {
            "avg": -0.2909206666666667,
            "std": 0.32292387904073094,
            "words": {
                "3": "[6 6 6]",
                "6": "[8 1 3]",
                "9": "[3 3 3]",
                "12": "[3 3 3]",
                "15": "[3 3 3]",
                "18": "[3 3 3]",
                "21": "[3 3 3]",
                "24": "[3 3 3]",
                "27": "[3 3 3]",
                "30": "[3 3 3]"
            },
            "symbolic": {
                "0": 6,
                "3": 4,
                "6": 3,
                "9": 3,
                "12": 3,
                "15": 3,
                "18": 3,
                "21": 3,
                "24": 3,
                "27": 3
            },
            "avg_amplitude": {
                "0": 0.8821654754860987,
                "3": -0.31652219102090906,
                "6": -0.8718346059086314,
                "9": -0.8295343908387102,
                "12": -0.8104817628846295,
                "15": -0.7717816993341285,
                "18": -0.7771349681151799,
                "21": -0.8101687062307666,
                "24": -0.844723899684126,
                "27": -0.8716718164486229
            }
        },
        "9": {
            "avg": 0.8983166666666667,
            "std": 0.04366187908298807,
            "words": {
                "3": "[5 4 4]",
                "6": "[1 4 4]",
                "9": "[4 4 4]",
                "12": "[4 4 4]",
                "15": "[4 4 4]",
                "18": "[4 4 4]",
                "21": "[4 5 6]",
                "24": "[7 8 7]",
                "27": "[6 6 6]",
                "30": "[6 6 6]"
            },
            "symbolic": {
                "0": 4,
                "3": 4,
                "6": 4,
                "9": 4,
                "12": 4,
                "15": 4,
                "18": 5,
                "21": 7,
                "24": 6,
                "27": 6
            },
            "avg_amplitude": {
                "0": -0.22913993912409217,
                "3": -0.6169345709757755,
                "6": -0.4045229290871141,
                "9": -0.43405529142454746,
                "12": -0.584886675219482,
                "15": -0.3894800392423228,
                "18": 0.4769199808819457,
                "21": 0.9816869167106897,
                "24": 0.8893165295700962,
                "27": 0.8079138681357397
            }
        },
        "10": {
            "avg": 0.9168363333333336,
            "std": 0.06817062217312725,
            "words": {
                "3": "[2 1 3]",
                "6": "[4 4 5]",
                "9": "[5 5 5]",
                "12": "[5 5 5]",
                "15": "[5 5 5]",
                "18": "[5 5 5]",
                "21": "[5 5 5]",
                "24": "[6 6 6]",
                "27": "[7 8 7]",
                "30": "[7 7 7]"
            },
            "symbolic": {
                "0": 3,
                "3": 4,
                "6": 5,
                "9": 5,
                "12": 5,
                "15": 5,
                "18": 5,
                "21": 6,
                "24": 7,
                "27": 7
            },
            "avg_amplitude": {
                "0": -0.9027019849963486,
                "3": -0.019186085109208533,
                "6": 0.3755294430060412,
                "9": 0.5121556130916814,
                "12": 0.456522605058753,
                "15": 0.4384385580561639,
                "18": 0.6231295226714463,
                "21": 0.8252406559118367,
                "24": 0.9873863108278559,
                "27": 0.9887937329881167
            }
        },
        "11": {
            "avg": 0.9716539999999998,
            "std": 0.03255332999545674,
            "words": {
                "3": "[4 6 6]",
                "6": "[6 5 5]",
                "9": "[5 5 6]",
                "12": "[6 6 6]",
                "15": "[6 5 5]",
                "18": "[5 5 1]",
                "21": "[4 5 5]",
                "24": "[6 6 7]",
                "27": "[8 7 7]",
                "30": "[7 7 7]"
            },
            "symbolic": {
                "0": 5,
                "3": 6,
                "6": 6,
                "9": 6,
                "12": 5,
                "15": 4,
                "18": 5,
                "21": 6,
                "24": 7,
                "27": 7
            },
            "avg_amplitude": {
                "0": 0.40268733850129257,
                "3": 0.6844961240310076,
                "6": 0.6827906976744192,
                "9": 0.8080620155038774,
                "12": 0.6420671834625334,
                "15": -0.2371059431524544,
                "18": 0.03395348837209341,
                "21": 0.8823255813953498,
                "24": 0.9857364341085278,
                "27": 0.9605684754521963
            }
        },
        "12": {
            "avg": 0.3995493333333332,
            "std": 0.004619377427326317,
            "words": {
                "3": "[1 2 2]",
                "6": "[3 3 3]",
                "9": "[3 4 4]",
                "12": "[5 6 5]",
                "15": "[5 5 5]",
                "18": "[6 8 6]",
                "21": "[6 6 6]",
                "24": "[5 5 5]",
                "27": "[4 4 4]",
                "30": "[4 4 4]"
            },
            "symbolic": {
                "0": 2,
                "3": 3,
                "6": 4,
                "9": 5,
                "12": 5,
                "15": 6,
                "18": 6,
                "21": 5,
                "24": 4,
                "27": 4
            },
            "avg_amplitude": {
                "0": -0.9885222381635598,
                "3": -0.9296987087517944,
                "6": -0.3285509325681497,
                "9": 0.5518890483022494,
                "12": 0.38737446197991504,
                "15": 0.8919177427068391,
                "18": 0.8005738880918264,
                "21": 0.4203730272596868,
                "24": -0.1362984218077462,
                "27": -0.23959827833572075
            }
        },
        "13": {
            "avg": 0.9289136666666665,
            "std": 0.0017836991460664353,
            "words": {
                "3": "[1 4 5]",
                "6": "[5 5 6]",
                "9": "[6 8 7]",
                "12": "[7 6 6]",
                "15": "[6 6 6]",
                "18": "[6 6 6]",
                "21": "[6 6 5]",
                "24": "[5 5 5]",
                "27": "[5 5 5]",
                "30": "[5 5 5]"
            },
            "symbolic": {
                "0": 4,
                "3": 5,
                "6": 6,
                "9": 6,
                "12": 6,
                "15": 6,
                "18": 6,
                "21": 5,
                "24": 5,
                "27": 5
            },
            "avg_amplitude": {
                "0": -0.4702970297029722,
                "3": 0.5726072607260869,
                "6": 0.9438943894389601,
                "9": 0.9199669966996847,
                "12": 0.8506600660066,
                "15": 0.8242574257425833,
                "18": 0.7268976897689786,
                "21": 0.5907590759075869,
                "24": 0.48432343234322756,
                "27": 0.25907590759074767
            }
        },
        "14": {
            "avg": 0.9996813333333335,
            "std": 0.00023841044488419856,
            "words": {
                "3": "[6 6 6]",
                "6": "[6 5 5]",
                "9": "[5 5 4]",
                "12": "[4 4 4]",
                "15": "[3 3 3]",
                "18": "[1 3 4]",
                "21": "[4 4 4]",
                "24": "[5 5 5]",
                "27": "[5 6 6]",
                "30": "[7 7 8]"
            },
            "symbolic": {
                "0": 6,
                "3": 5,
                "6": 5,
                "9": 4,
                "12": 3,
                "15": 3,
                "18": 4,
                "21": 5,
                "24": 6,
                "27": 7
            },
            "avg_amplitude": {
                "0": 0.8403755868545586,
                "3": 0.586854460093998,
                "6": 0.13615023474194854,
                "9": -0.4460093896710591,
                "12": -0.821596244131222,
                "15": -0.7840375586853829,
                "18": -0.29577464788718155,
                "21": 0.29577464788759844,
                "24": 0.8122065727702834,
                "27": 0.9812206572770804
            }
        },
        "15": {
            "avg": 0.8020930000000001,
            "std": 0.005959509439427077,
            "words": {
                "3": "[2 1 2]",
                "6": "[3 3 3]",
                "9": "[4 4 4]",
                "12": "[5 5 5]",
                "15": "[5 6 6]",
                "18": "[6 7 6]",
                "21": "[6 8 7]",
                "24": "[7 7 7]",
                "27": "[6 6 6]",
                "30": "[6 6 6]"
            },
            "symbolic": {
                "0": 2,
                "3": 3,
                "6": 4,
                "9": 5,
                "12": 6,
                "15": 6,
                "18": 7,
                "21": 7,
                "24": 6,
                "27": 6
            },
            "avg_amplitude": {
                "0": -0.9767195767195744,
                "3": -0.8399999999999991,
                "6": -0.21608465608465344,
                "9": 0.4103703703703772,
                "12": 0.7561904761904804,
                "15": 0.9542857142857106,
                "18": 0.9665608465608483,
                "21": 0.967830687830693,
                "24": 0.9352380952381031,
                "27": 0.9382010582010619
            }
        },
        "16": {
            "avg": -0.3703640000000001,
            "std": 0.004668797822078862,
            "words": {
                "3": "[5 5 5]",
                "6": "[8 6 5]",
                "9": "[6 6 6]",
                "12": "[6 5 5]",
                "15": "[5 4 4]",
                "18": "[4 4 4]",
                "21": "[4 4 4]",
                "24": "[4 4 4]",
                "27": "[3 3 3]",
                "30": "[3 2 1]"
            },
            "symbolic": {
                "0": 5,
                "3": 6,
                "6": 6,
                "9": 5,
                "12": 4,
                "15": 4,
                "18": 4,
                "21": 4,
                "24": 3,
                "27": 2
            },
            "avg_amplitude": {
                "0": 0.33102172907998173,
                "3": 0.791493296347667,
                "6": 0.9052242256125776,
                "9": 0.6514100785945448,
                "12": -0.09200184928340234,
                "15": -0.19232547387887453,
                "18": -0.2501155802126664,
                "21": -0.46139620896902694,
                "24": -0.8363384188626938,
                "27": -0.9634766527970431
            }
        },
        "17": {
            "avg": 0.9300729999999999,
            "std": 0.005158811778454141,
            "words": {
                "3": "[8 7 7]",
                "6": "[6 5 5]",
                "9": "[5 4 4]",
                "12": "[4 4 3]",
                "15": "[3 3 3]",
                "18": "[1 2 2]",
                "21": "[3 3 3]",
                "24": "[4 4 4]",
                "27": "[4 4 4]",
                "30": "[4 4 4]"
            },
            "symbolic": {
                "0": 7,
                "3": 5,
                "6": 4,
                "9": 4,
                "12": 3,
                "15": 2,
                "18": 3,
                "21": 4,
                "24": 4,
                "27": 4
            },
            "avg_amplitude": {
                "0": 0.9812894041081955,
                "3": 0.5651820215578528,
                "6": -0.14826113483832756,
                "9": -0.660362009355295,
                "12": -0.8576367703884505,
                "15": -0.9873906853772612,
                "18": -0.8340451494813969,
                "21": -0.6127720154565762,
                "24": -0.38661785641651997,
                "27": -0.1612772015456644
            }
        },
        "18": {
            "avg": 0.9993076666666668,
            "std": 0.00030187555478160765,
            "words": {
                "3": "[1 3 3]",
                "6": "[4 4 5]",
                "9": "[5 5 5]",
                "12": "[5 5 5]",
                "15": "[5 5 4]",
                "18": "[4 4 4]",
                "21": "[4 4 5]",
                "24": "[5 5 6]",
                "27": "[7 7 8]",
                "30": "[8 8 7]"
            },
            "symbolic": {
                "0": 3,
                "3": 4,
                "6": 5,
                "9": 5,
                "12": 5,
                "15": 4,
                "18": 4,
                "21": 6,
                "24": 7,
                "27": 7
            },
            "avg_amplitude": {
                "0": -0.817610062893135,
                "3": -0.07547169811318184,
                "6": 0.43396226415104877,
                "9": 0.4025157232703382,
                "12": 0.04402515723275058,
                "15": -0.16981132075468539,
                "18": -0.06918238993703973,
                "21": 0.6855345911949184,
                "24": 0.9811320754717133,
                "27": 0.9937106918239277
            }
        },
        "19": {
            "avg": 0.7842703333333334,
            "std": 0.004029573848721331,
            "words": {
                "3": "[8 6 6]",
                "6": "[6 5 5]",
                "9": "[5 5 4]",
                "12": "[4 4 4]",
                "15": "[3 3 2]",
                "18": "[2 1 2]",
                "21": "[2 3 3]",
                "24": "[3 4 4]",
                "27": "[4 4 5]",
                "30": "[5 5 5]"
            },
            "symbolic": {
                "0": 6,
                "3": 5,
                "6": 5,
                "9": 4,
                "12": 3,
                "15": 2,
                "18": 3,
                "21": 4,
                "24": 4,
                "27": 5
            },
            "avg_amplitude": {
                "0": 0.9338137176407783,
                "3": 0.48065118761675923,
                "6": 0.04456898852416317,
                "9": -0.4811849479583635,
                "12": -0.8110488390712577,
                "15": -0.9834534294101931,
                "18": -0.9322124366159598,
                "21": -0.4977315185481644,
                "24": -0.05524419535628252,
                "27": 0.3728315986122271
            }
        }
    }
}