{
    "W": {
        "0": {
            "avg": -0.016939369999999995,
            "std": 0.03115954255711048,
            "words": {
                "3": "[1 1 1]",
                "6": "[2 3 3]",
                "9": "[3 4 4]",
                "12": "[4 5 5]",
                "15": "[5 6 6]",
                "18": "[6 6 8]",
                "21": "[7 7 6]",
                "24": "[6 6 6]",
                "27": "[5 5 5]",
                "30": "[4 4 4]"
            },
            "symbolic": {
                "0": 1,
                "3": 3,
                "6": 4,
                "9": 5,
                "12": 5,
                "15": 6,
                "18": 7,
                "21": 6,
                "24": 5,
                "27": 4
            },
            "avg_amplitude": {
                "0": -0.9993034778616771,
                "3": -0.9412863497490936,
                "6": -0.5496430324041094,
                "9": 0.14353500815247502,
                "12": 0.6671843092558295,
                "15": 0.8855408336103592,
                "18": 0.969297620743696,
                "21": 0.8267915657501069,
                "24": 0.30590381662471716,
                "27": -0.2452786880055721
            }
        },
        "1": {
            "avg": 0.9868140000000002,
            "std": 0.006971618127116902,
            "words": {
                "3": "[8 7 7]",
                "6": "[7 6 6]",
                "9": "[5 5 5]",
                "12": "[5 5 4]",
                "15": "[4 4 4]",
                "18": "[4 4 4]",
                "21": "[4 3 3]",
                "24": "[2 3 3]",
                "27": "[1 2 2]",
                "30": "[3 3 3]"
            },
            "symbolic": {
                "0": 7,
                "3": 6,
                "6": 5,
                "9": 4,
                "12": 4,
                "15": 4,
                "18": 3,
                "21": 3,
                "24": 2,
                "27": 3
            },
            "avg_amplitude": {
                "0": 0.9861830742659811,
                "3": 0.8673575129533694,
                "6": 0.4117443868739243,
                "9": -0.03316062176165857,
                "12": -0.21899827288428575,
                "15": -0.4860103626942999,
                "18": -0.7899827288428294,
                "21": -0.9506044905008659,
                "24": -0.9841105354058755,
                "27": -0.8500863557858372
            }
        },
        "2": {
            "avg": 0.9806876666666666,
            "std": 0.01064393940662733,
            "words": {
                "3": "[8 7 7]",
                "6": "[7 6 6]",
                "9": "[5 5 5]",
                "12": "[5 5 5]",
                "15": "[5 4 4]",
                "18": "[4 4 4]",
                "21": "[4 4 3]",
                "24": "[3 3 2]",
                "27": "[1 3 3]",
                "30": "[3 3 4]"
            },
            "symbolic": {
                "0": 7,
                "3": 6,
                "6": 5,
                "9": 5,
                "12": 4,
                "15": 4,
                "18": 4,
                "21": 3,
                "24": 2,
                "27": 3
            },
            "avg_amplitude": {
                "0": 0.9937548790007892,
                "3": 0.8933868629419052,
                "6": 0.5989740158358472,
                "9": 0.2385413181666188,
                "12": -0.03022192483550294,
                "15": -0.32017397122783336,
                "18": -0.6393442622950762,
                "21": -0.8614921378387383,
                "24": -0.9658748745399742,
                "27": -0.7087097133935498
            }
        },
        "3": {
            "avg": 0.9967456666666668,
            "std": 0.0007598442822929893,
            "words": {
                "3": "[7 8 6]",
                "6": "[5 5 5]",
                "9": "[4 4 4]",
                "12": "[4 4 4]",
                "15": "[4 4 4]",
                "18": "[4 4 4]",
                "21": "[3 3 1]",
                "24": "[2 3 3]",
                "27": "[4 4 5]",
                "30": "[5 6 6]"
            },
            "symbolic": {
                "0": 7,
                "3": 5,
                "6": 4,
                "9": 4,
                "12": 4,
                "15": 4,
                "18": 2,
                "21": 3,
                "24": 4,
                "27": 6
            },
            "avg_amplitude": {
                "0": 0.9771101573677399,
                "3": 0.3218884120171557,
                "6": -0.1759656652360968,
                "9": -0.3991416309012756,
                "12": -0.4535050071531037,
                "15": -0.5479256080114899,
                "18": -0.9570815450644131,
                "21": -0.8969957081545598,
                "24": -0.09585121602288478,
                "27": 0.7739628040057293
            }
        },
        "4": {
            "avg": 0.42884366666666657,
            "std": 0.004049060753866983,
            "words": {
                "3": "[5 5 5]",
                "6": "[5 6 6]",
                "9": "[6 8 6]",
                "12": "[5 5 4]",
                "15": "[4 4 3]",
                "18": "[3 1 2]",
                "21": "[3 3 3]",
                "24": "[4 4 4]",
                "27": "[4 4 5]",
                "30": "[5 5 5]"
            },
            "symbolic": {
                "0": 5,
                "3": 6,
                "6": 6,
                "9": 5,
                "12": 4,
                "15": 3,
                "18": 3,
                "21": 4,
                "24": 4,
                "27": 5
            },
            "avg_amplitude": {
                "0": 0.4999999999999993,
                "3": 0.7401960784313685,
                "6": 0.9101307189542438,
                "9": 0.24891067538126743,
                "12": -0.6383442265795183,
                "15": -0.9411764705882314,
                "18": -0.8235294117647,
                "21": -0.5234204793028335,
                "24": -0.13235294117646745,
                "27": 0.3387799564270177
            }
        },
        "5": {
            "avg": 0.9320499999999998,
            "std": 0.002366149206826473,
            "words": {
                "3": "[5 5 5]",
                "6": "[5 4 4]",
                "9": "[4 4 4]",
                "12": "[4 3 4]",
                "15": "[3 3 4]",
                "18": "[3 3 1]",
                "21": "[5 6 8]",
                "24": "[7 6 6]",
                "27": "[5 5 5]",
                "30": "[5 5 5]"
            },
            "symbolic": {
                "0": 5,
                "3": 4,
                "6": 4,
                "9": 4,
                "12": 3,
                "15": 3,
                "18": 5,
                "21": 6,
                "24": 5,
                "27": 5
            },
            "avg_amplitude": {
                "0": 0.12806782686301274,
                "3": -0.11825078090137382,
                "6": -0.22802320392680345,
                "9": -0.6537260151717632,
                "12": -0.7179830432842271,
                "15": -0.822400713966967,
                "18": 0.6376617581436943,
                "21": 0.8679161088799825,
                "24": 0.6439089692101837,
                "27": 0.6242748772869257
            }
        },
        "6": {
            "avg": 0.9851829999999999,
            "std": 0.001039920918743994,
            "words": {
                "3": "[5 5 5]",
                "6": "[6 8 7]",
                "9": "[6 5 5]",
                "12": "[5 4 4]",
                "15": "[4 3 3]",
                "18": "[2 1 3]",
                "21": "[4 4 4]",
                "24": "[5 5 5]",
                "27": "[5 5 5]",
                "30": "[5 5 5]"
            },
            "symbolic": {
                "0": 5,
                "3": 6,
                "6": 5,
                "9": 4,
                "12": 3,
                "15": 3,
                "18": 4,
                "21": 5,
                "24": 5,
                "27": 5
            },
            "avg_amplitude": {
                "0": 0.649546827794573,
                "3": 0.933534743202407,
                "6": 0.6475327291037687,
                "9": -0.15005035246723486,
                "12": -0.8006042296071989,
                "15": -0.9234642497481843,
                "18": -0.23867069486403292,
                "21": 0.26686807653574035,
                "24": 0.50453172205436,
                "27": 0.48841893252774665
            }
        },
        "7": {
            "avg": 0.9978540000000001,
            "std": 0.000626107845728478,
            "words": {
                "3": "[1 3 3]",
                "6": "[3 3 3]",
                "9": "[3 3 4]",
                "12": "[4 4 4]",
                "15": "[5 5 5]",
                "18": "[5 5 5]",
                "21": "[5 6 6]",
                "24": "[6 6 6]",
                "27": "[6 6 6]",
                "30": "[7 7 8]"
            },
            "symbolic": {
                "0": 3,
                "3": 3,
                "6": 3,
                "9": 4,
                "12": 5,
                "15": 5,
                "18": 6,
                "21": 6,
                "24": 6,
                "27": 7
            },
            "avg_amplitude": {
                "0": -0.9277108433735552,
                "3": -0.775100401606423,
                "6": -0.7550200803213737,
                "9": -0.3574297188756153,
                "12": 0.164658634538028,
                "15": 0.42168674698790665,
                "18": 0.7951807228914722,
                "21": 0.8955823293172088,
                "24": 0.9317269076304758,
                "27": 0.979919678714817
            }
        },
        "8": {
            "avg": 0.4449496666666668,
            "std": 0.00790195544691677,
            "words": {
                "3": "[8 7 7]",
                "6": "[6 5 5]",
                "9": "[4 4 4]",
                "12": "[4 4 4]",
                "15": "[4 4 4]",
                "18": "[4 5 4]",
                "21": "[5 5 5]",
                "24": "[4 4 4]",
                "27": "[4 3 3]",
                "30": "[3 2 1]"
            },
            "symbolic": {
                "0": 7,
                "3": 5,
                "6": 4,
                "9": 4,
                "12": 4,
                "15": 4,
                "18": 5,
                "21": 4,
                "24": 3,
                "27": 2
            },
            "avg_amplitude": {
                "0": 0.9839154963389736,
                "3": 0.524426839515063,
                "6": -0.26035289881166507,
                "9": -0.4848157484095538,
                "12": -0.26995558756451615,
                "15": -0.06613851878525985,
                "18": 0.04813347737366532,
                "21": -0.29084143560196746,
                "24": -0.7431280758612395,
                "27": -0.97191213539791
            }
        },
        "9": {
            "avg": 0.8824576666666668,
            "std": 0.04838782574754432,
            "words": {
                "3": "[5 5 5]",
                "6": "[5 5 5]",
                "9": "[6 5 5]",
                "12": "[4 3 3]",
                "15": "[2 1 2]",
                "18": "[3 3 4]",
                "21": "[4 5 5]",
                "24": "[5 6 7]",
                "27": "[8 7 6]",
                "30": "[6 6 6]"
            },
            "symbolic": {
                "0": 5,
                "3": 5,
                "6": 5,
                "9": 4,
                "12": 2,
                "15": 3,
                "18": 5,
                "21": 6,
                "24": 7,
                "27": 6
            },
            "avg_amplitude": {
                "0": 0.296740579183328,
                "3": 0.4573609596510367,
                "6": 0.32877741427359836,
                "9": -0.670713679873986,
                "12": -0.9853144311159584,
                "15": -0.7388101296498251,
                "18": 0.08552041681812754,
                "21": 0.8145159335999054,
                "24": 0.976929601357084,
                "27": 0.8603174603174614
            }
        },
        "10": {
            "avg": 0.91497,
            "std": 0.06890489762884333,
            "words": {
                "3": "[1 3 3]",
                "6": "[4 4 4]",
                "9": "[4 5 5]",
                "12": "[5 5 5]",
                "15": "[5 5 5]",
                "18": "[5 5 5]",
                "21": "[5 5 5]",
                "24": "[6 6 6]",
                "27": "[6 6 7]",
                "30": "[7 8 8]"
            },
            "symbolic": {
                "0": 3,
                "3": 4,
                "6": 5,
                "9": 5,
                "12": 5,
                "15": 5,
                "18": 5,
                "21": 6,
                "24": 6,
                "27": 8
            },
            "avg_amplitude": {
                "0": -0.8865534443136593,
                "3": -0.38078022532369254,
                "6": 0.27994507034359023,
                "9": 0.5897371223586111,
                "12": 0.49770192253797396,
                "15": 0.39568970349195576,
                "18": 0.5155820862059293,
                "21": 0.8052239224258724,
                "24": 0.9421276834258162,
                "27": 0.9986828092595704
            }
        },
        "11": {
            "avg": 0.9734846666666664,
            "std": 0.026664153870115496,
            "words": {
                "3": "[3 2 1]",
                "6": "[4 5 5]",
                "9": "[6 6 6]",
                "12": "[6 5 5]",
                "15": "[5 4 4]",
                "18": "[4 4 4]",
                "21": "[4 5 5]",
                "24": "[6 6 6]",
                "27": "[8 7 7]",
                "30": "[6 6 6]"
            },
            "symbolic": {
                "0": 2,
                "3": 5,
                "6": 6,
                "9": 5,
                "12": 4,
                "15": 4,
                "18": 5,
                "21": 6,
                "24": 7,
                "27": 6
            },
            "avg_amplitude": {
                "0": -0.9603354397678935,
                "3": 0.2545606295457267,
                "6": 0.8921346528357365,
                "9": 0.6477882437105043,
                "12": -0.02221692301577564,
                "15": -0.17491355669488426,
                "18": 0.29716624935415975,
                "21": 0.8540598545367821,
                "24": 0.9837844282818654,
                "27": 0.9288581534915137
            }
        },
        "12": {
            "avg": 0.3901466666666666,
            "std": 0.004012674173539203,
            "words": {
                "3": "[2 3 3]",
                "6": "[3 2 1]",
                "9": "[2 3 3]",
                "12": "[3 4 4]",
                "15": "[4 4 5]",
                "18": "[5 6 7]",
                "21": "[7 8 7]",
                "24": "[6 6 6]",
                "27": "[5 5 5]",
                "30": "[5 5 5]"
            },
            "symbolic": {
                "0": 3,
                "3": 2,
                "6": 3,
                "9": 4,
                "12": 4,
                "15": 6,
                "18": 7,
                "21": 6,
                "24": 5,
                "27": 5
            },
            "avg_amplitude": {
                "0": -0.9466666666666662,
                "3": -0.9638095238095264,
                "6": -0.9403174603174606,
                "9": -0.5511111111111067,
                "12": -0.08190476190476088,
                "15": 0.7803174603174594,
                "18": 0.9828571428571434,
                "21": 0.8869841269841269,
                "24": 0.38539682539682457,
                "27": 0.06095238095238013
            }
        },
        "13": {
            "avg": 0.936982,
            "std": 0.0012964976694528102,
            "words": {
                "3": "[1 2 2]",
                "6": "[2 2 2]",
                "9": "[3 4 5]",
                "12": "[4 5 5]",
                "15": "[6 5 6]",
                "18": "[6 7 7]",
                "21": "[8 7 7]",
                "24": "[6 6 5]",
                "27": "[5 5 5]",
                "30": "[5 4 4]"
            },
            "symbolic": {
                "0": 2,
                "3": 2,
                "6": 4,
                "9": 5,
                "12": 6,
                "15": 6,
                "18": 7,
                "21": 6,
                "24": 5,
                "27": 4
            },
            "avg_amplitude": {
                "0": -0.9810066476732962,
                "3": -0.9658119658119327,
                "6": -0.2269705603039386,
                "9": 0.1585944919278043,
                "12": 0.821462488129109,
                "15": 0.9335232668565676,
                "18": 0.9753086419752742,
                "21": 0.791073124406446,
                "24": 0.3903133903133609,
                "27": -0.033238366571726706
            }
        },
        "14": {
            "avg": 0.9997030000000001,
            "std": 0.0001091392656670596,
            "words": {
                "3": "[6 6 8]",
                "6": "[8 6 6]",
                "9": "[6 5 5]",
                "12": "[5 5 5]",
                "15": "[5 5 4]",
                "18": "[4 3 3]",
                "21": "[3 1 1]",
                "24": "[3 3 3]",
                "27": "[4 4 4]",
                "30": "[5 5 5]"
            },
            "symbolic": {
                "0": 7,
                "3": 6,
                "6": 5,
                "9": 5,
                "12": 4,
                "15": 3,
                "18": 2,
                "21": 3,
                "24": 4,
                "27": 5
            },
            "avg_amplitude": {
                "0": 0.9569892473115508,
                "3": 0.935483870967326,
                "6": 0.6129032258058663,
                "9": 0.1182795698920418,
                "12": -0.05376344086056162,
                "15": -0.6989247311832424,
                "18": -0.9569892473117895,
                "21": -0.8924731182800705,
                "24": -0.419354838710232,
                "27": 0.2688172043004206
            }
        },
        "15": {
            "avg": 0.857622,
            "std": 0.0003869545103800463,
            "words": {
                "3": "[1 2 3]",
                "6": "[3 4 4]",
                "9": "[5 5 5]",
                "12": "[5 5 4]",
                "15": "[4 4 4]",
                "18": "[4 4 4]",
                "21": "[5 5 5]",
                "24": "[5 8 5]",
                "27": "[6 6 6]",
                "30": "[6 5 5]"
            },
            "symbolic": {
                "0": 2,
                "3": 4,
                "6": 5,
                "9": 5,
                "12": 4,
                "15": 4,
                "18": 5,
                "21": 6,
                "24": 6,
                "27": 5
            },
            "avg_amplitude": {
                "0": -0.9760191846522295,
                "3": -0.49160671462836286,
                "6": 0.19904076738602097,
                "9": 0.026378896882478336,
                "12": -0.24220623501203986,
                "15": -0.17026378896888814,
                "18": 0.18465227817740137,
                "21": 0.7218225419663843,
                "24": 0.793764988009536,
                "27": 0.6306954436449843
            }
        },
        "16": {
            "avg": -0.36598366666666665,
            "std": 0.002576635715268147,
            "words": {
                "3": "[4 5 5]",
                "6": "[5 5 5]",
                "9": "[5 5 5]",
                "12": "[5 5 6]",
                "15": "[7 6 7]",
                "18": "[8 8 7]",
                "21": "[7 6 6]",
                "24": "[6 6 6]",
                "27": "[5 5 4]",
                "30": "[4 3 1]"
            },
            "symbolic": {
                "0": 5,
                "3": 5,
                "6": 5,
                "9": 5,
                "12": 7,
                "15": 7,
                "18": 6,
                "21": 6,
                "24": 5,
                "27": 3
            },
            "avg_amplitude": {
                "0": 0.034385964912276266,
                "3": 0.29894736842104913,
                "6": 0.3649122807017511,
                "9": 0.6505263157894731,
                "12": 0.967017543859651,
                "15": 0.9943859649122828,
                "18": 0.9136842105263149,
                "21": 0.8133333333333327,
                "24": 0.3038596491228046,
                "27": -0.7592982456140426
            }
        },
        "17": {
            "avg": 0.9395926666666665,
            "std": 0.0031194362149033626,
            "words": {
                "3": "[6 6 7]",
                "6": "[7 8 7]",
                "9": "[6 6 5]",
                "12": "[5 5 5]",
                "15": "[4 4 4]",
                "18": "[4 1 3]",
                "21": "[4 3 3]",
                "24": "[3 3 3]",
                "27": "[3 3 3]",
                "30": "[3 4 4]"
            },
            "symbolic": {
                "0": 6,
                "3": 7,
                "6": 6,
                "9": 5,
                "12": 4,
                "15": 3,
                "18": 3,
                "21": 3,
                "24": 3,
                "27": 3
            },
            "avg_amplitude": {
                "0": 0.9253792537925323,
                "3": 0.9778597785977777,
                "6": 0.6916769167691538,
                "9": 0.21853218532183974,
                "12": -0.36859368593685327,
                "15": -0.80565805658056,
                "18": -0.8318983189831828,
                "21": -0.913899138991373,
                "24": -0.8376383763837579,
                "27": -0.6851168511685276
            }
        },
        "18": {
            "avg": 0.9995463333333333,
            "std": 8.29824798015867e-05,
            "words": {
                "3": "[4 4 4]",
                "6": "[4 4 4]",
                "9": "[4 4 5]",
                "12": "[5 6 6]",
                "15": "[6 8 8]",
                "18": "[6 6 6]",
                "21": "[6 6 6]",
                "24": "[6 5 6]",
                "27": "[6 5 5]",
                "30": "[4 4 1]"
            },
            "symbolic": {
                "0": 4,
                "3": 4,
                "6": 5,
                "9": 5,
                "12": 7,
                "15": 6,
                "18": 6,
                "21": 6,
                "24": 5,
                "27": 4
            },
            "avg_amplitude": {
                "0": -0.4074074074081994,
                "3": -0.3827160493833354,
                "6": 0.012345679012020735,
                "9": 0.6543209876546459,
                "12": 0.9753086419751361,
                "15": 0.9259259259254082,
                "18": 0.8765432098767767,
                "21": 0.7283950617284155,
                "24": 0.3333333333333333,
                "27": -0.6543209876543717
            }
        },
        "19": {
            "avg": 0.859517,
            "std": 0.002129014909003389,
            "words": {
                "3": "[1 2 2]",
                "6": "[3 3 4]",
                "9": "[4 4 5]",
                "12": "[5 5 5]",
                "15": "[5 5 5]",
                "18": "[5 5 5]",
                "21": "[6 6 6]",
                "24": "[6 8 7]",
                "27": "[7 7 6]",
                "30": "[6 6 5]"
            },
            "symbolic": {
                "0": 2,
                "3": 3,
                "6": 4,
                "9": 5,
                "12": 5,
                "15": 5,
                "18": 6,
                "21": 7,
                "24": 7,
                "27": 6
            },
            "avg_amplitude": {
                "0": -0.9914392723381402,
                "3": -0.7731407169609431,
                "6": -0.11610486891386258,
                "9": 0.21348314606741595,
                "12": 0.34938469769929065,
                "15": 0.5794542536115628,
                "18": 0.7891920813269003,
                "21": 0.9604066345639404,
                "24": 0.9700374531835266,
                "27": 0.7859818084537208
            }
        }
    },
    "X": {
        "0": {
            "avg": -0.016939369999999995,
            "std": 0.03115954255711048,
            "words": {
                "3": "[1 1 1]",
                "6": "[2 3 3]",
                "9": "[3 4 4]",
                "12": "[4 5 5]",
                "15": "[5 6 6]",
                "18": "[6 6 8]",
                "21": "[7 7 6]",
                "24": "[6 6 6]",
                "27": "[5 5 5]",
                "30": "[4 4 4]"
            },
            "symbolic": {
                "0": 1,
                "3": 3,
                "6": 4,
                "9": 5,
                "12": 5,
                "15": 6,
                "18": 7,
                "21": 6,
                "24": 5,
                "27": 4
            },
            "avg_amplitude": {
                "0": -0.9993034778616771,
                "3": -0.9412863497490936,
                "6": -0.5496430324041094,
                "9": 0.14353500815247502,
                "12": 0.6671843092558295,
                "15": 0.8855408336103592,
                "18": 0.969297620743696,
                "21": 0.8267915657501069,
                "24": 0.30590381662471716,
                "27": -0.2452786880055721
            }
        },
        "1": {
            "avg": 0.9868140000000002,
            "std": 0.006971618127116902,
            "words": {
                "3": "[8 7 7]",
                "6": "[7 6 6]",
                "9": "[5 5 5]",
                "12": "[5 5 4]",
                "15": "[4 4 4]",
                "18": "[4 4 4]",
                "21": "[4 3 3]",
                "24": "[2 3 3]",
                "27": "[1 2 2]",
                "30": "[3 3 3]"
            },
            "symbolic": {
                "0": 7,
                "3": 6,
                "6": 5,
                "9": 4,
                "12": 4,
                "15": 4,
                "18": 3,
                "21": 3,
                "24": 2,
                "27": 3
            },
            "avg_amplitude": {
                "0": 0.9861830742659811,
                "3": 0.8673575129533694,
                "6": 0.4117443868739243,
                "9": -0.03316062176165857,
                "12": -0.21899827288428575,
                "15": -0.4860103626942999,
                "18": -0.7899827288428294,
                "21": -0.9506044905008659,
                "24": -0.9841105354058755,
                "27": -0.8500863557858372
            }
        },
        "2": {
            "avg": 0.9806876666666666,
            "std": 0.01064393940662733,
            "words": {
                "3": "[8 7 7]",
                "6": "[7 6 6]",
                "9": "[5 5 5]",
                "12": "[5 5 5]",
                "15": "[5 4 4]",
                "18": "[4 4 4]",
                "21": "[4 4 3]",
                "24": "[3 3 2]",
                "27": "[1 3 3]",
                "30": "[3 3 4]"
            },
            "symbolic": {
                "0": 7,
                "3": 6,
                "6": 5,
                "9": 5,
                "12": 4,
                "15": 4,
                "18": 4,
                "21": 3,
                "24": 2,
                "27": 3
            },
            "avg_amplitude": {
                "0": 0.9937548790007892,
                "3": 0.8933868629419052,
                "6": 0.5989740158358472,
                "9": 0.2385413181666188,
                "12": -0.03022192483550294,
                "15": -0.32017397122783336,
                "18": -0.6393442622950762,
                "21": -0.8614921378387383,
                "24": -0.9658748745399742,
                "27": -0.7087097133935498
            }
        },
        "3": {
            "avg": 0.9967456666666668,
            "std": 0.0007598442822929893,
            "words": {
                "3": "[7 8 6]",
                "6": "[5 5 5]",
                "9": "[4 4 4]",
                "12": "[4 4 4]",
                "15": "[4 4 4]",
                "18": "[4 4 4]",
                "21": "[3 3 1]",
                "24": "[2 3 3]",
                "27": "[4 4 5]",
                "30": "[5 6 6]"
            },
            "symbolic": {
                "0": 7,
                "3": 5,
                "6": 4,
                "9": 4,
                "12": 4,
                "15": 4,
                "18": 2,
                "21": 3,
                "24": 4,
                "27": 6
            },
            "avg_amplitude": {
                "0": 0.9771101573677399,
                "3": 0.3218884120171557,
                "6": -0.1759656652360968,
                "9": -0.3991416309012756,
                "12": -0.4535050071531037,
                "15": -0.5479256080114899,
                "18": -0.9570815450644131,
                "21": -0.8969957081545598,
                "24": -0.09585121602288478,
                "27": 0.7739628040057293
            }
        },
        "4": {
            "avg": 0.42884366666666657,
            "std": 0.004049060753866983,
            "words": {
                "3": "[5 5 5]",
                "6": "[5 6 6]",
                "9": "[6 8 6]",
                "12": "[5 5 4]",
                "15": "[4 4 3]",
                "18": "[3 1 2]",
                "21": "[3 3 3]",
                "24": "[4 4 4]",
                "27": "[4 4 5]",
                "30": "[5 5 5]"
            },
            "symbolic": {
                "0": 5,
                "3": 6,
                "6": 6,
                "9": 5,
                "12": 4,
                "15": 3,
                "18": 3,
                "21": 4,
                "24": 4,
                "27": 5
            },
            "avg_amplitude": {
                "0": 0.4999999999999993,
                "3": 0.7401960784313685,
                "6": 0.9101307189542438,
                "9": 0.24891067538126743,
                "12": -0.6383442265795183,
                "15": -0.9411764705882314,
                "18": -0.8235294117647,
                "21": -0.5234204793028335,
                "24": -0.13235294117646745,
                "27": 0.3387799564270177
            }
        },
        "5": {
            "avg": 0.9320499999999998,
            "std": 0.002366149206826473,
            "words": {
                "3": "[5 5 5]",
                "6": "[5 4 4]",
                "9": "[4 4 4]",
                "12": "[4 3 4]",
                "15": "[3 3 4]",
                "18": "[3 3 1]",
                "21": "[5 6 8]",
                "24": "[7 6 6]",
                "27": "[5 5 5]",
                "30": "[5 5 5]"
            },
            "symbolic": {
                "0": 5,
                "3": 4,
                "6": 4,
                "9": 4,
                "12": 3,
                "15": 3,
                "18": 5,
                "21": 6,
                "24": 5,
                "27": 5
            },
            "avg_amplitude": {
                "0": 0.12806782686301274,
                "3": -0.11825078090137382,
                "6": -0.22802320392680345,
                "9": -0.6537260151717632,
                "12": -0.7179830432842271,
                "15": -0.822400713966967,
                "18": 0.6376617581436943,
                "21": 0.8679161088799825,
                "24": 0.6439089692101837,
                "27": 0.6242748772869257
            }
        },
        "6": {
            "avg": 0.9851829999999999,
            "std": 0.001039920918743994,
            "words": {
                "3": "[5 5 5]",
                "6": "[6 8 7]",
                "9": "[6 5 5]",
                "12": "[5 4 4]",
                "15": "[4 3 3]",
                "18": "[2 1 3]",
                "21": "[4 4 4]",
                "24": "[5 5 5]",
                "27": "[5 5 5]",
                "30": "[5 5 5]"
            },
            "symbolic": {
                "0": 5,
                "3": 6,
                "6": 5,
                "9": 4,
                "12": 3,
                "15": 3,
                "18": 4,
                "21": 5,
                "24": 5,
                "27": 5
            },
            "avg_amplitude": {
                "0": 0.649546827794573,
                "3": 0.933534743202407,
                "6": 0.6475327291037687,
                "9": -0.15005035246723486,
                "12": -0.8006042296071989,
                "15": -0.9234642497481843,
                "18": -0.23867069486403292,
                "21": 0.26686807653574035,
                "24": 0.50453172205436,
                "27": 0.48841893252774665
            }
        },
        "7": {
            "avg": 0.9978540000000001,
            "std": 0.000626107845728478,
            "words": {
                "3": "[1 3 3]",
                "6": "[3 3 3]",
                "9": "[3 3 4]",
                "12": "[4 4 4]",
                "15": "[5 5 5]",
                "18": "[5 5 5]",
                "21": "[5 6 6]",
                "24": "[6 6 6]",
                "27": "[6 6 6]",
                "30": "[7 7 8]"
            },
            "symbolic": {
                "0": 3,
                "3": 3,
                "6": 3,
                "9": 4,
                "12": 5,
                "15": 5,
                "18": 6,
                "21": 6,
                "24": 6,
                "27": 7
            },
            "avg_amplitude": {
                "0": -0.9277108433735552,
                "3": -0.775100401606423,
                "6": -0.7550200803213737,
                "9": -0.3574297188756153,
                "12": 0.164658634538028,
                "15": 0.42168674698790665,
                "18": 0.7951807228914722,
                "21": 0.8955823293172088,
                "24": 0.9317269076304758,
                "27": 0.979919678714817
            }
        },
        "8": {
            "avg": 0.4449496666666668,
            "std": 0.00790195544691677,
            "words": {
                "3": "[8 7 7]",
                "6": "[6 5 5]",
                "9": "[4 4 4]",
                "12": "[4 4 4]",
                "15": "[4 4 4]",
                "18": "[4 5 4]",
                "21": "[5 5 5]",
                "24": "[4 4 4]",
                "27": "[4 3 3]",
                "30": "[3 2 1]"
            },
            "symbolic": {
                "0": 7,
                "3": 5,
                "6": 4,
                "9": 4,
                "12": 4,
                "15": 4,
                "18": 5,
                "21": 4,
                "24": 3,
                "27": 2
            },
            "avg_amplitude": {
                "0": 0.9839154963389736,
                "3": 0.524426839515063,
                "6": -0.26035289881166507,
                "9": -0.4848157484095538,
                "12": -0.26995558756451615,
                "15": -0.06613851878525985,
                "18": 0.04813347737366532,
                "21": -0.29084143560196746,
                "24": -0.7431280758612395,
                "27": -0.97191213539791
            }
        },
        "9": {
            "avg": 0.8824576666666668,
            "std": 0.04838782574754432,
            "words": {
                "3": "[5 5 5]",
                "6": "[5 5 5]",
                "9": "[6 5 5]",
                "12": "[4 3 3]",
                "15": "[2 1 2]",
                "18": "[3 3 4]",
                "21": "[4 5 5]",
                "24": "[5 6 7]",
                "27": "[8 7 6]",
                "30": "[6 6 6]"
            },
            "symbolic": {
                "0": 5,
                "3": 5,
                "6": 5,
                "9": 4,
                "12": 2,
                "15": 3,
                "18": 5,
                "21": 6,
                "24": 7,
                "27": 6
            },
            "avg_amplitude": {
                "0": 0.296740579183328,
                "3": 0.4573609596510367,
                "6": 0.32877741427359836,
                "9": -0.670713679873986,
                "12": -0.9853144311159584,
                "15": -0.7388101296498251,
                "18": 0.08552041681812754,
                "21": 0.8145159335999054,
                "24": 0.976929601357084,
                "27": 0.8603174603174614
            }
        },
        "10": {
            "avg": 0.91497,
            "std": 0.06890489762884333,
            "words": {
                "3": "[1 3 3]",
                "6": "[4 4 4]",
                "9": "[4 5 5]",
                "12": "[5 5 5]",
                "15": "[5 5 5]",
                "18": "[5 5 5]",
                "21": "[5 5 5]",
                "24": "[6 6 6]",
                "27": "[6 6 7]",
                "30": "[7 8 8]"
            },
            "symbolic": {
                "0": 3,
                "3": 4,
                "6": 5,
                "9": 5,
                "12": 5,
                "15": 5,
                "18": 5,
                "21": 6,
                "24": 6,
                "27": 8
            },
            "avg_amplitude": {
                "0": -0.8865534443136593,
                "3": -0.38078022532369254,
                "6": 0.27994507034359023,
                "9": 0.5897371223586111,
                "12": 0.49770192253797396,
                "15": 0.39568970349195576,
                "18": 0.5155820862059293,
                "21": 0.8052239224258724,
                "24": 0.9421276834258162,
                "27": 0.9986828092595704
            }
        },
        "11": {
            "avg": 0.9734846666666664,
            "std": 0.026664153870115496,
            "words": {
                "3": "[3 2 1]",
                "6": "[4 5 5]",
                "9": "[6 6 6]",
                "12": "[6 5 5]",
                "15": "[5 4 4]",
                "18": "[4 4 4]",
                "21": "[4 5 5]",
                "24": "[6 6 6]",
                "27": "[8 7 7]",
                "30": "[6 6 6]"
            },
            "symbolic": {
                "0": 2,
                "3": 5,
                "6": 6,
                "9": 5,
                "12": 4,
                "15": 4,
                "18": 5,
                "21": 6,
                "24": 7,
                "27": 6
            },
            "avg_amplitude": {
                "0": -0.9603354397678935,
                "3": 0.2545606295457267,
                "6": 0.8921346528357365,
                "9": 0.6477882437105043,
                "12": -0.02221692301577564,
                "15": -0.17491355669488426,
                "18": 0.29716624935415975,
                "21": 0.8540598545367821,
                "24": 0.9837844282818654,
                "27": 0.9288581534915137
            }
        },
        "12": {
            "avg": 0.3901466666666666,
            "std": 0.004012674173539203,
            "words": {
                "3": "[2 3 3]",
                "6": "[3 2 1]",
                "9": "[2 3 3]",
                "12": "[3 4 4]",
                "15": "[4 4 5]",
                "18": "[5 6 7]",
                "21": "[7 8 7]",
                "24": "[6 6 6]",
                "27": "[5 5 5]",
                "30": "[5 5 5]"
            },
            "symbolic": {
                "0": 3,
                "3": 2,
                "6": 3,
                "9": 4,
                "12": 4,
                "15": 6,
                "18": 7,
                "21": 6,
                "24": 5,
                "27": 5
            },
            "avg_amplitude": {
                "0": -0.9466666666666662,
                "3": -0.9638095238095264,
                "6": -0.9403174603174606,
                "9": -0.5511111111111067,
                "12": -0.08190476190476088,
                "15": 0.7803174603174594,
                "18": 0.9828571428571434,
                "21": 0.8869841269841269,
                "24": 0.38539682539682457,
                "27": 0.06095238095238013
            }
        },
        "13": {
            "avg": 0.936982,
            "std": 0.0012964976694528102,
            "words": {
                "3": "[1 2 2]",
                "6": "[2 2 2]",
                "9": "[3 4 5]",
                "12": "[4 5 5]",
                "15": "[6 5 6]",
                "18": "[6 7 7]",
                "21": "[8 7 7]",
                "24": "[6 6 5]",
                "27": "[5 5 5]",
                "30": "[5 4 4]"
            },
            "symbolic": {
                "0": 2,
                "3": 2,
                "6": 4,
                "9": 5,
                "12": 6,
                "15": 6,
                "18": 7,
                "21": 6,
                "24": 5,
                "27": 4
            },
            "avg_amplitude": {
                "0": -0.9810066476732962,
                "3": -0.9658119658119327,
                "6": -0.2269705603039386,
                "9": 0.1585944919278043,
                "12": 0.821462488129109,
                "15": 0.9335232668565676,
                "18": 0.9753086419752742,
                "21": 0.791073124406446,
                "24": 0.3903133903133609,
                "27": -0.033238366571726706
            }
        },
        "14": {
            "avg": 0.9997030000000001,
            "std": 0.0001091392656670596,
            "words": {
                "3": "[6 6 8]",
                "6": "[8 6 6]",
                "9": "[6 5 5]",
                "12": "[5 5 5]",
                "15": "[5 5 4]",
                "18": "[4 3 3]",
                "21": "[3 1 1]",
                "24": "[3 3 3]",
                "27": "[4 4 4]",
                "30": "[5 5 5]"
            },
            "symbolic": {
                "0": 7,
                "3": 6,
                "6": 5,
                "9": 5,
                "12": 4,
                "15": 3,
                "18": 2,
                "21": 3,
                "24": 4,
                "27": 5
            },
            "avg_amplitude": {
                "0": 0.9569892473115508,
                "3": 0.935483870967326,
                "6": 0.6129032258058663,
                "9": 0.1182795698920418,
                "12": -0.05376344086056162,
                "15": -0.6989247311832424,
                "18": -0.9569892473117895,
                "21": -0.8924731182800705,
                "24": -0.419354838710232,
                "27": 0.2688172043004206
            }
        },
        "15": {
            "avg": 0.857622,
            "std": 0.0003869545103800463,
            "words": {
                "3": "[1 2 3]",
                "6": "[3 4 4]",
                "9": "[5 5 5]",
                "12": "[5 5 4]",
                "15": "[4 4 4]",
                "18": "[4 4 4]",
                "21": "[5 5 5]",
                "24": "[5 8 5]",
                "27": "[6 6 6]",
                "30": "[6 5 5]"
            },
            "symbolic": {
                "0": 2,
                "3": 4,
                "6": 5,
                "9": 5,
                "12": 4,
                "15": 4,
                "18": 5,
                "21": 6,
                "24": 6,
                "27": 5
            },
            "avg_amplitude": {
                "0": -0.9760191846522295,
                "3": -0.49160671462836286,
                "6": 0.19904076738602097,
                "9": 0.026378896882478336,
                "12": -0.24220623501203986,
                "15": -0.17026378896888814,
                "18": 0.18465227817740137,
                "21": 0.7218225419663843,
                "24": 0.793764988009536,
                "27": 0.6306954436449843
            }
        },
        "16": {
            "avg": -0.36598366666666665,
            "std": 0.002576635715268147,
            "words": {
                "3": "[4 5 5]",
                "6": "[5 5 5]",
                "9": "[5 5 5]",
                "12": "[5 5 6]",
                "15": "[7 6 7]",
                "18": "[8 8 7]",
                "21": "[7 6 6]",
                "24": "[6 6 6]",
                "27": "[5 5 4]",
                "30": "[4 3 1]"
            },
            "symbolic": {
                "0": 5,
                "3": 5,
                "6": 5,
                "9": 5,
                "12": 7,
                "15": 7,
                "18": 6,
                "21": 6,
                "24": 5,
                "27": 3
            },
            "avg_amplitude": {
                "0": 0.034385964912276266,
                "3": 0.29894736842104913,
                "6": 0.3649122807017511,
                "9": 0.6505263157894731,
                "12": 0.967017543859651,
                "15": 0.9943859649122828,
                "18": 0.9136842105263149,
                "21": 0.8133333333333327,
                "24": 0.3038596491228046,
                "27": -0.7592982456140426
            }
        },
        "17": {
            "avg": 0.9395926666666665,
            "std": 0.0031194362149033626,
            "words": {
                "3": "[6 6 7]",
                "6": "[7 8 7]",
                "9": "[6 6 5]",
                "12": "[5 5 5]",
                "15": "[4 4 4]",
                "18": "[4 1 3]",
                "21": "[4 3 3]",
                "24": "[3 3 3]",
                "27": "[3 3 3]",
                "30": "[3 4 4]"
            },
            "symbolic": {
                "0": 6,
                "3": 7,
                "6": 6,
                "9": 5,
                "12": 4,
                "15": 3,
                "18": 3,
                "21": 3,
                "24": 3,
                "27": 3
            },
            "avg_amplitude": {
                "0": 0.9253792537925323,
                "3": 0.9778597785977777,
                "6": 0.6916769167691538,
                "9": 0.21853218532183974,
                "12": -0.36859368593685327,
                "15": -0.80565805658056,
                "18": -0.8318983189831828,
                "21": -0.913899138991373,
                "24": -0.8376383763837579,
                "27": -0.6851168511685276
            }
        },
        "18": {
            "avg": 0.9995463333333333,
            "std": 8.29824798015867e-05,
            "words": {
                "3": "[4 4 4]",
                "6": "[4 4 4]",
                "9": "[4 4 5]",
                "12": "[5 6 6]",
                "15": "[6 8 8]",
                "18": "[6 6 6]",
                "21": "[6 6 6]",
                "24": "[6 5 6]",
                "27": "[6 5 5]",
                "30": "[4 4 1]"
            },
            "symbolic": {
                "0": 4,
                "3": 4,
                "6": 5,
                "9": 5,
                "12": 7,
                "15": 6,
                "18": 6,
                "21": 6,
                "24": 5,
                "27": 4
            },
            "avg_amplitude": {
                "0": -0.4074074074081994,
                "3": -0.3827160493833354,
                "6": 0.012345679012020735,
                "9": 0.6543209876546459,
                "12": 0.9753086419751361,
                "15": 0.9259259259254082,
                "18": 0.8765432098767767,
                "21": 0.7283950617284155,
                "24": 0.3333333333333333,
                "27": -0.6543209876543717
            }
        },
        "19": {
            "avg": 0.859517,
            "std": 0.002129014909003389,
            "words": {
                "3": "[1 2 2]",
                "6": "[3 3 4]",
                "9": "[4 4 5]",
                "12": "[5 5 5]",
                "15": "[5 5 5]",
                "18": "[5 5 5]",
                "21": "[6 6 6]",
                "24": "[6 8 7]",
                "27": "[7 7 6]",
                "30": "[6 6 5]"
            },
            "symbolic": {
                "0": 2,
                "3": 3,
                "6": 4,
                "9": 5,
                "12": 5,
                "15": 5,
                "18": 6,
                "21": 7,
                "24": 7,
                "27": 6
            },
            "avg_amplitude": {
                "0": -0.9914392723381402,
                "3": -0.7731407169609431,
                "6": -0.11610486891386258,
                "9": 0.21348314606741595,
                "12": 0.34938469769929065,
                "15": 0.5794542536115628,
                "18": 0.7891920813269003,
                "21": 0.9604066345639404,
                "24": 0.9700374531835266,
                "27": 0.7859818084537208
            }
        }
    },
    "Y": {
        "0": {
            "avg": -0.016939369999999995,
            "std": 0.03115954255711048,
            "words": {
                "3": "[1 1 1]",
                "6": "[2 3 3]",
                "9": "[3 4 4]",
                "12": "[4 5 5]",
                "15": "[5 6 6]",
                "18": "[6 6 8]",
                "21": "[7 7 6]",
                "24": "[6 6 6]",
                "27": "[5 5 5]",
                "30": "[4 4 4]"
            },
            "symbolic": {
                "0": 1,
                "3": 3,
                "6": 4,
                "9": 5,
                "12": 5,
                "15": 6,
                "18": 7,
                "21": 6,
                "24": 5,
                "27": 4
            },
            "avg_amplitude": {
                "0": -0.9993034778616771,
                "3": -0.9412863497490936,
                "6": -0.5496430324041094,
                "9": 0.14353500815247502,
                "12": 0.6671843092558295,
                "15": 0.8855408336103592,
                "18": 0.969297620743696,
                "21": 0.8267915657501069,
                "24": 0.30590381662471716,
                "27": -0.2452786880055721
            }
        },
        "1": {
            "avg": 0.9868140000000002,
            "std": 0.006971618127116902,
            "words": {
                "3": "[8 7 7]",
                "6": "[7 6 6]",
                "9": "[5 5 5]",
                "12": "[5 5 4]",
                "15": "[4 4 4]",
                "18": "[4 4 4]",
                "21": "[4 3 3]",
                "24": "[2 3 3]",
                "27": "[1 2 2]",
                "30": "[3 3 3]"
            },
            "symbolic": {
                "0": 7,
                "3": 6,
                "6": 5,
                "9": 4,
                "12": 4,
                "15": 4,
                "18": 3,
                "21": 3,
                "24": 2,
                "27": 3
            },
            "avg_amplitude": {
                "0": 0.9861830742659811,
                "3": 0.8673575129533694,
                "6": 0.4117443868739243,
                "9": -0.03316062176165857,
                "12": -0.21899827288428575,
                "15": -0.4860103626942999,
                "18": -0.7899827288428294,
                "21": -0.9506044905008659,
                "24": -0.9841105354058755,
                "27": -0.8500863557858372
            }
        },
        "2": {
            "avg": 0.9806876666666666,
            "std": 0.01064393940662733,
            "words": {
                "3": "[8 7 7]",
                "6": "[7 6 6]",
                "9": "[5 5 5]",
                "12": "[5 5 5]",
                "15": "[5 4 4]",
                "18": "[4 4 4]",
                "21": "[4 4 3]",
                "24": "[3 3 2]",
                "27": "[1 3 3]",
                "30": "[3 3 4]"
            },
            "symbolic": {
                "0": 7,
                "3": 6,
                "6": 5,
                "9": 5,
                "12": 4,
                "15": 4,
                "18": 4,
                "21": 3,
                "24": 2,
                "27": 3
            },
            "avg_amplitude": {
                "0": 0.9937548790007892,
                "3": 0.8933868629419052,
                "6": 0.5989740158358472,
                "9": 0.2385413181666188,
                "12": -0.03022192483550294,
                "15": -0.32017397122783336,
                "18": -0.6393442622950762,
                "21": -0.8614921378387383,
                "24": -0.9658748745399742,
                "27": -0.7087097133935498
            }
        },
        "3": {
            "avg": 0.9967456666666668,
            "std": 0.0007598442822929893,
            "words": {
                "3": "[7 8 6]",
                "6": "[5 5 5]",
                "9": "[4 4 4]",
                "12": "[4 4 4]",
                "15": "[4 4 4]",
                "18": "[4 4 4]",
                "21": "[3 3 1]",
                "24": "[2 3 3]",
                "27": "[4 4 5]",
                "30": "[5 6 6]"
            },
            "symbolic": {
                "0": 7,
                "3": 5,
                "6": 4,
                "9": 4,
                "12": 4,
                "15": 4,
                "18": 2,
                "21": 3,
                "24": 4,
                "27": 6
            },
            "avg_amplitude": {
                "0": 0.9771101573677399,
                "3": 0.3218884120171557,
                "6": -0.1759656652360968,
                "9": -0.3991416309012756,
                "12": -0.4535050071531037,
                "15": -0.5479256080114899,
                "18": -0.9570815450644131,
                "21": -0.8969957081545598,
                "24": -0.09585121602288478,
                "27": 0.7739628040057293
            }
        },
        "4": {
            "avg": 0.42884366666666657,
            "std": 0.004049060753866983,
            "words": {
                "3": "[5 5 5]",
                "6": "[5 6 6]",
                "9": "[6 8 6]",
                "12": "[5 5 4]",
                "15": "[4 4 3]",
                "18": "[3 1 2]",
                "21": "[3 3 3]",
                "24": "[4 4 4]",
                "27": "[4 4 5]",
                "30": "[5 5 5]"
            },
            "symbolic": {
                "0": 5,
                "3": 6,
                "6": 6,
                "9": 5,
                "12": 4,
                "15": 3,
                "18": 3,
                "21": 4,
                "24": 4,
                "27": 5
            },
            "avg_amplitude": {
                "0": 0.4999999999999993,
                "3": 0.7401960784313685,
                "6": 0.9101307189542438,
                "9": 0.24891067538126743,
                "12": -0.6383442265795183,
                "15": -0.9411764705882314,
                "18": -0.8235294117647,
                "21": -0.5234204793028335,
                "24": -0.13235294117646745,
                "27": 0.3387799564270177
            }
        },
        "5": {
            "avg": 0.9320499999999998,
            "std": 0.002366149206826473,
            "words": {
                "3": "[5 5 5]",
                "6": "[5 4 4]",
                "9": "[4 4 4]",
                "12": "[4 3 4]",
                "15": "[3 3 4]",
                "18": "[3 3 1]",
                "21": "[5 6 8]",
                "24": "[7 6 6]",
                "27": "[5 5 5]",
                "30": "[5 5 5]"
            },
            "symbolic": {
                "0": 5,
                "3": 4,
                "6": 4,
                "9": 4,
                "12": 3,
                "15": 3,
                "18": 5,
                "21": 6,
                "24": 5,
                "27": 5
            },
            "avg_amplitude": {
                "0": 0.12806782686301274,
                "3": -0.11825078090137382,
                "6": -0.22802320392680345,
                "9": -0.6537260151717632,
                "12": -0.7179830432842271,
                "15": -0.822400713966967,
                "18": 0.6376617581436943,
                "21": 0.8679161088799825,
                "24": 0.6439089692101837,
                "27": 0.6242748772869257
            }
        },
        "6": {
            "avg": 0.9851829999999999,
            "std": 0.001039920918743994,
            "words": {
                "3": "[5 5 5]",
                "6": "[6 8 7]",
                "9": "[6 5 5]",
                "12": "[5 4 4]",
                "15": "[4 3 3]",
                "18": "[2 1 3]",
                "21": "[4 4 4]",
                "24": "[5 5 5]",
                "27": "[5 5 5]",
                "30": "[5 5 5]"
            },
            "symbolic": {
                "0": 5,
                "3": 6,
                "6": 5,
                "9": 4,
                "12": 3,
                "15": 3,
                "18": 4,
                "21": 5,
                "24": 5,
                "27": 5
            },
            "avg_amplitude": {
                "0": 0.649546827794573,
                "3": 0.933534743202407,
                "6": 0.6475327291037687,
                "9": -0.15005035246723486,
                "12": -0.8006042296071989,
                "15": -0.9234642497481843,
                "18": -0.23867069486403292,
                "21": 0.26686807653574035,
                "24": 0.50453172205436,
                "27": 0.48841893252774665
            }
        },
        "7": {
            "avg": 0.9978540000000001,
            "std": 0.000626107845728478,
            "words": {
                "3": "[1 3 3]",
                "6": "[3 3 3]",
                "9": "[3 3 4]",
                "12": "[4 4 4]",
                "15": "[5 5 5]",
                "18": "[5 5 5]",
                "21": "[5 6 6]",
                "24": "[6 6 6]",
                "27": "[6 6 6]",
                "30": "[7 7 8]"
            },
            "symbolic": {
                "0": 3,
                "3": 3,
                "6": 3,
                "9": 4,
                "12": 5,
                "15": 5,
                "18": 6,
                "21": 6,
                "24": 6,
                "27": 7
            },
            "avg_amplitude": {
                "0": -0.9277108433735552,
                "3": -0.775100401606423,
                "6": -0.7550200803213737,
                "9": -0.3574297188756153,
                "12": 0.164658634538028,
                "15": 0.42168674698790665,
                "18": 0.7951807228914722,
                "21": 0.8955823293172088,
                "24": 0.9317269076304758,
                "27": 0.979919678714817
            }
        },
        "8": {
            "avg": 0.4449496666666668,
            "std": 0.00790195544691677,
            "words": {
                "3": "[8 7 7]",
                "6": "[6 5 5]",
                "9": "[4 4 4]",
                "12": "[4 4 4]",
                "15": "[4 4 4]",
                "18": "[4 5 4]",
                "21": "[5 5 5]",
                "24": "[4 4 4]",
                "27": "[4 3 3]",
                "30": "[3 2 1]"
            },
            "symbolic": {
                "0": 7,
                "3": 5,
                "6": 4,
                "9": 4,
                "12": 4,
                "15": 4,
                "18": 5,
                "21": 4,
                "24": 3,
                "27": 2
            },
            "avg_amplitude": {
                "0": 0.9839154963389736,
                "3": 0.524426839515063,
                "6": -0.26035289881166507,
                "9": -0.4848157484095538,
                "12": -0.26995558756451615,
                "15": -0.06613851878525985,
                "18": 0.04813347737366532,
                "21": -0.29084143560196746,
                "24": -0.7431280758612395,
                "27": -0.97191213539791
            }
        },
        "9": {
            "avg": 0.8824576666666668,
            "std": 0.04838782574754432,
            "words": {
                "3": "[5 5 5]",
                "6": "[5 5 5]",
                "9": "[6 5 5]",
                "12": "[4 3 3]",
                "15": "[2 1 2]",
                "18": "[3 3 4]",
                "21": "[4 5 5]",
                "24": "[5 6 7]",
                "27": "[8 7 6]",
                "30": "[6 6 6]"
            },
            "symbolic": {
                "0": 5,
                "3": 5,
                "6": 5,
                "9": 4,
                "12": 2,
                "15": 3,
                "18": 5,
                "21": 6,
                "24": 7,
                "27": 6
            },
            "avg_amplitude": {
                "0": 0.296740579183328,
                "3": 0.4573609596510367,
                "6": 0.32877741427359836,
                "9": -0.670713679873986,
                "12": -0.9853144311159584,
                "15": -0.7388101296498251,
                "18": 0.08552041681812754,
                "21": 0.8145159335999054,
                "24": 0.976929601357084,
                "27": 0.8603174603174614
            }
        },
        "10": {
            "avg": 0.91497,
            "std": 0.06890489762884333,
            "words": {
                "3": "[1 3 3]",
                "6": "[4 4 4]",
                "9": "[4 5 5]",
                "12": "[5 5 5]",
                "15": "[5 5 5]",
                "18": "[5 5 5]",
                "21": "[5 5 5]",
                "24": "[6 6 6]",
                "27": "[6 6 7]",
                "30": "[7 8 8]"
            },
            "symbolic": {
                "0": 3,
                "3": 4,
                "6": 5,
                "9": 5,
                "12": 5,
                "15": 5,
                "18": 5,
                "21": 6,
                "24": 6,
                "27": 8
            },
            "avg_amplitude": {
                "0": -0.8865534443136593,
                "3": -0.38078022532369254,
                "6": 0.27994507034359023,
                "9": 0.5897371223586111,
                "12": 0.49770192253797396,
                "15": 0.39568970349195576,
                "18": 0.5155820862059293,
                "21": 0.8052239224258724,
                "24": 0.9421276834258162,
                "27": 0.9986828092595704
            }
        },
        "11": {
            "avg": 0.9734846666666664,
            "std": 0.026664153870115496,
            "words": {
                "3": "[3 2 1]",
                "6": "[4 5 5]",
                "9": "[6 6 6]",
                "12": "[6 5 5]",
                "15": "[5 4 4]",
                "18": "[4 4 4]",
                "21": "[4 5 5]",
                "24": "[6 6 6]",
                "27": "[8 7 7]",
                "30": "[6 6 6]"
            },
            "symbolic": {
                "0": 2,
                "3": 5,
                "6": 6,
                "9": 5,
                "12": 4,
                "15": 4,
                "18": 5,
                "21": 6,
                "24": 7,
                "27": 6
            },
            "avg_amplitude": {
                "0": -0.9603354397678935,
                "3": 0.2545606295457267,
                "6": 0.8921346528357365,
                "9": 0.6477882437105043,
                "12": -0.02221692301577564,
                "15": -0.17491355669488426,
                "18": 0.29716624935415975,
                "21": 0.8540598545367821,
                "24": 0.9837844282818654,
                "27": 0.9288581534915137
            }
        },
        "12": {
            "avg": 0.3901466666666666,
            "std": 0.004012674173539203,
            "words": {
                "3": "[2 3 3]",
                "6": "[3 2 1]",
                "9": "[2 3 3]",
                "12": "[3 4 4]",
                "15": "[4 4 5]",
                "18": "[5 6 7]",
                "21": "[7 8 7]",
                "24": "[6 6 6]",
                "27": "[5 5 5]",
                "30": "[5 5 5]"
            },
            "symbolic": {
                "0": 3,
                "3": 2,
                "6": 3,
                "9": 4,
                "12": 4,
                "15": 6,
                "18": 7,
                "21": 6,
                "24": 5,
                "27": 5
            },
            "avg_amplitude": {
                "0": -0.9466666666666662,
                "3": -0.9638095238095264,
                "6": -0.9403174603174606,
                "9": -0.5511111111111067,
                "12": -0.08190476190476088,
                "15": 0.7803174603174594,
                "18": 0.9828571428571434,
                "21": 0.8869841269841269,
                "24": 0.38539682539682457,
                "27": 0.06095238095238013
            }
        },
        "13": {
            "avg": 0.936982,
            "std": 0.0012964976694528102,
            "words": {
                "3": "[1 2 2]",
                "6": "[2 2 2]",
                "9": "[3 4 5]",
                "12": "[4 5 5]",
                "15": "[6 5 6]",
                "18": "[6 7 7]",
                "21": "[8 7 7]",
                "24": "[6 6 5]",
                "27": "[5 5 5]",
                "30": "[5 4 4]"
            },
            "symbolic": {
                "0": 2,
                "3": 2,
                "6": 4,
                "9": 5,
                "12": 6,
                "15": 6,
                "18": 7,
                "21": 6,
                "24": 5,
                "27": 4
            },
            "avg_amplitude": {
                "0": -0.9810066476732962,
                "3": -0.9658119658119327,
                "6": -0.2269705603039386,
                "9": 0.1585944919278043,
                "12": 0.821462488129109,
                "15": 0.9335232668565676,
                "18": 0.9753086419752742,
                "21": 0.791073124406446,
                "24": 0.3903133903133609,
                "27": -0.033238366571726706
            }
        },
        "14": {
            "avg": 0.9997030000000001,
            "std": 0.0001091392656670596,
            "words": {
                "3": "[6 6 8]",
                "6": "[8 6 6]",
                "9": "[6 5 5]",
                "12": "[5 5 5]",
                "15": "[5 5 4]",
                "18": "[4 3 3]",
                "21": "[3 1 1]",
                "24": "[3 3 3]",
                "27": "[4 4 4]",
                "30": "[5 5 5]"
            },
            "symbolic": {
                "0": 7,
                "3": 6,
                "6": 5,
                "9": 5,
                "12": 4,
                "15": 3,
                "18": 2,
                "21": 3,
                "24": 4,
                "27": 5
            },
            "avg_amplitude": {
                "0": 0.9569892473115508,
                "3": 0.935483870967326,
                "6": 0.6129032258058663,
                "9": 0.1182795698920418,
                "12": -0.05376344086056162,
                "15": -0.6989247311832424,
                "18": -0.9569892473117895,
                "21": -0.8924731182800705,
                "24": -0.419354838710232,
                "27": 0.2688172043004206
            }
        },
        "15": {
            "avg": 0.857622,
            "std": 0.0003869545103800463,
            "words": {
                "3": "[1 2 3]",
                "6": "[3 4 4]",
                "9": "[5 5 5]",
                "12": "[5 5 4]",
                "15": "[4 4 4]",
                "18": "[4 4 4]",
                "21": "[5 5 5]",
                "24": "[5 8 5]",
                "27": "[6 6 6]",
                "30": "[6 5 5]"
            },
            "symbolic": {
                "0": 2,
                "3": 4,
                "6": 5,
                "9": 5,
                "12": 4,
                "15": 4,
                "18": 5,
                "21": 6,
                "24": 6,
                "27": 5
            },
            "avg_amplitude": {
                "0": -0.9760191846522295,
                "3": -0.49160671462836286,
                "6": 0.19904076738602097,
                "9": 0.026378896882478336,
                "12": -0.24220623501203986,
                "15": -0.17026378896888814,
                "18": 0.18465227817740137,
                "21": 0.7218225419663843,
                "24": 0.793764988009536,
                "27": 0.6306954436449843
            }
        },
        "16": {
            "avg": -0.36598366666666665,
            "std": 0.002576635715268147,
            "words": {
                "3": "[4 5 5]",
                "6": "[5 5 5]",
                "9": "[5 5 5]",
                "12": "[5 5 6]",
                "15": "[7 6 7]",
                "18": "[8 8 7]",
                "21": "[7 6 6]",
                "24": "[6 6 6]",
                "27": "[5 5 4]",
                "30": "[4 3 1]"
            },
            "symbolic": {
                "0": 5,
                "3": 5,
                "6": 5,
                "9": 5,
                "12": 7,
                "15": 7,
                "18": 6,
                "21": 6,
                "24": 5,
                "27": 3
            },
            "avg_amplitude": {
                "0": 0.034385964912276266,
                "3": 0.29894736842104913,
                "6": 0.3649122807017511,
                "9": 0.6505263157894731,
                "12": 0.967017543859651,
                "15": 0.9943859649122828,
                "18": 0.9136842105263149,
                "21": 0.8133333333333327,
                "24": 0.3038596491228046,
                "27": -0.7592982456140426
            }
        },
        "17": {
            "avg": 0.9395926666666665,
            "std": 0.0031194362149033626,
            "words": {
                "3": "[6 6 7]",
                "6": "[7 8 7]",
                "9": "[6 6 5]",
                "12": "[5 5 5]",
                "15": "[4 4 4]",
                "18": "[4 1 3]",
                "21": "[4 3 3]",
                "24": "[3 3 3]",
                "27": "[3 3 3]",
                "30": "[3 4 4]"
            },
            "symbolic": {
                "0": 6,
                "3": 7,
                "6": 6,
                "9": 5,
                "12": 4,
                "15": 3,
                "18": 3,
                "21": 3,
                "24": 3,
                "27": 3
            },
            "avg_amplitude": {
                "0": 0.9253792537925323,
                "3": 0.9778597785977777,
                "6": 0.6916769167691538,
                "9": 0.21853218532183974,
                "12": -0.36859368593685327,
                "15": -0.80565805658056,
                "18": -0.8318983189831828,
                "21": -0.913899138991373,
                "24": -0.8376383763837579,
                "27": -0.6851168511685276
            }
        },
        "18": {
            "avg": 0.9995463333333333,
            "std": 8.29824798015867e-05,
            "words": {
                "3": "[4 4 4]",
                "6": "[4 4 4]",
                "9": "[4 4 5]",
                "12": "[5 6 6]",
                "15": "[6 8 8]",
                "18": "[6 6 6]",
                "21": "[6 6 6]",
                "24": "[6 5 6]",
                "27": "[6 5 5]",
                "30": "[4 4 1]"
            },
            "symbolic": {
                "0": 4,
                "3": 4,
                "6": 5,
                "9": 5,
                "12": 7,
                "15": 6,
                "18": 6,
                "21": 6,
                "24": 5,
                "27": 4
            },
            "avg_amplitude": {
                "0": -0.4074074074081994,
                "3": -0.3827160493833354,
                "6": 0.012345679012020735,
                "9": 0.6543209876546459,
                "12": 0.9753086419751361,
                "15": 0.9259259259254082,
                "18": 0.8765432098767767,
                "21": 0.7283950617284155,
                "24": 0.3333333333333333,
                "27": -0.6543209876543717
            }
        },
        "19": {
            "avg": 0.859517,
            "std": 0.002129014909003389,
            "words": {
                "3": "[1 2 2]",
                "6": "[3 3 4]",
                "9": "[4 4 5]",
                "12": "[5 5 5]",
                "15": "[5 5 5]",
                "18": "[5 5 5]",
                "21": "[6 6 6]",
                "24": "[6 8 7]",
                "27": "[7 7 6]",
                "30": "[6 6 5]"
            },
            "symbolic": {
                "0": 2,
                "3": 3,
                "6": 4,
                "9": 5,
                "12": 5,
                "15": 5,
                "18": 6,
                "21": 7,
                "24": 7,
                "27": 6
            },
            "avg_amplitude": {
                "0": -0.9914392723381402,
                "3": -0.7731407169609431,
                "6": -0.11610486891386258,
                "9": 0.21348314606741595,
                "12": 0.34938469769929065,
                "15": 0.5794542536115628,
                "18": 0.7891920813269003,
                "21": 0.9604066345639404,
                "24": 0.9700374531835266,
                "27": 0.7859818084537208
            }
        }
    },
    "Z": {
        "0": {
            "avg": -0.016939369999999995,
            "std": 0.03115954255711048,
            "words": {
                "3": "[1 1 1]",
                "6": "[2 3 3]",
                "9": "[3 4 4]",
                "12": "[4 5 5]",
                "15": "[5 6 6]",
                "18": "[6 6 8]",
                "21": "[7 7 6]",
                "24": "[6 6 6]",
                "27": "[5 5 5]",
                "30": "[4 4 4]"
            },
            "symbolic": {
                "0": 1,
                "3": 3,
                "6": 4,
                "9": 5,
                "12": 5,
                "15": 6,
                "18": 7,
                "21": 6,
                "24": 5,
                "27": 4
            },
            "avg_amplitude": {
                "0": -0.9993034778616771,
                "3": -0.9412863497490936,
                "6": -0.5496430324041094,
                "9": 0.14353500815247502,
                "12": 0.6671843092558295,
                "15": 0.8855408336103592,
                "18": 0.969297620743696,
                "21": 0.8267915657501069,
                "24": 0.30590381662471716,
                "27": -0.2452786880055721
            }
        },
        "1": {
            "avg": 0.9868140000000002,
            "std": 0.006971618127116902,
            "words": {
                "3": "[8 7 7]",
                "6": "[7 6 6]",
                "9": "[5 5 5]",
                "12": "[5 5 4]",
                "15": "[4 4 4]",
                "18": "[4 4 4]",
                "21": "[4 3 3]",
                "24": "[2 3 3]",
                "27": "[1 2 2]",
                "30": "[3 3 3]"
            },
            "symbolic": {
                "0": 7,
                "3": 6,
                "6": 5,
                "9": 4,
                "12": 4,
                "15": 4,
                "18": 3,
                "21": 3,
                "24": 2,
                "27": 3
            },
            "avg_amplitude": {
                "0": 0.9861830742659811,
                "3": 0.8673575129533694,
                "6": 0.4117443868739243,
                "9": -0.03316062176165857,
                "12": -0.21899827288428575,
                "15": -0.4860103626942999,
                "18": -0.7899827288428294,
                "21": -0.9506044905008659,
                "24": -0.9841105354058755,
                "27": -0.8500863557858372
            }
        },
        "2": {
            "avg": 0.9806876666666666,
            "std": 0.01064393940662733,
            "words": {
                "3": "[8 7 7]",
                "6": "[7 6 6]",
                "9": "[5 5 5]",
                "12": "[5 5 5]",
                "15": "[5 4 4]",
                "18": "[4 4 4]",
                "21": "[4 4 3]",
                "24": "[3 3 2]",
                "27": "[1 3 3]",
                "30": "[3 3 4]"
            },
            "symbolic": {
                "0": 7,
                "3": 6,
                "6": 5,
                "9": 5,
                "12": 4,
                "15": 4,
                "18": 4,
                "21": 3,
                "24": 2,
                "27": 3
            },
            "avg_amplitude": {
                "0": 0.9937548790007892,
                "3": 0.8933868629419052,
                "6": 0.5989740158358472,
                "9": 0.2385413181666188,
                "12": -0.03022192483550294,
                "15": -0.32017397122783336,
                "18": -0.6393442622950762,
                "21": -0.8614921378387383,
                "24": -0.9658748745399742,
                "27": -0.7087097133935498
            }
        },
        "3": {
            "avg": 0.9967456666666668,
            "std": 0.0007598442822929893,
            "words": {
                "3": "[7 8 6]",
                "6": "[5 5 5]",
                "9": "[4 4 4]",
                "12": "[4 4 4]",
                "15": "[4 4 4]",
                "18": "[4 4 4]",
                "21": "[3 3 1]",
                "24": "[2 3 3]",
                "27": "[4 4 5]",
                "30": "[5 6 6]"
            },
            "symbolic": {
                "0": 7,
                "3": 5,
                "6": 4,
                "9": 4,
                "12": 4,
                "15": 4,
                "18": 2,
                "21": 3,
                "24": 4,
                "27": 6
            },
            "avg_amplitude": {
                "0": 0.9771101573677399,
                "3": 0.3218884120171557,
                "6": -0.1759656652360968,
                "9": -0.3991416309012756,
                "12": -0.4535050071531037,
                "15": -0.5479256080114899,
                "18": -0.9570815450644131,
                "21": -0.8969957081545598,
                "24": -0.09585121602288478,
                "27": 0.7739628040057293
            }
        },
        "4": {
            "avg": 0.42884366666666657,
            "std": 0.004049060753866983,
            "words": {
                "3": "[5 5 5]",
                "6": "[5 6 6]",
                "9": "[6 8 6]",
                "12": "[5 5 4]",
                "15": "[4 4 3]",
                "18": "[3 1 2]",
                "21": "[3 3 3]",
                "24": "[4 4 4]",
                "27": "[4 4 5]",
                "30": "[5 5 5]"
            },
            "symbolic": {
                "0": 5,
                "3": 6,
                "6": 6,
                "9": 5,
                "12": 4,
                "15": 3,
                "18": 3,
                "21": 4,
                "24": 4,
                "27": 5
            },
            "avg_amplitude": {
                "0": 0.4999999999999993,
                "3": 0.7401960784313685,
                "6": 0.9101307189542438,
                "9": 0.24891067538126743,
                "12": -0.6383442265795183,
                "15": -0.9411764705882314,
                "18": -0.8235294117647,
                "21": -0.5234204793028335,
                "24": -0.13235294117646745,
                "27": 0.3387799564270177
            }
        },
        "5": {
            "avg": 0.9320499999999998,
            "std": 0.002366149206826473,
            "words": {
                "3": "[5 5 5]",
                "6": "[5 4 4]",
                "9": "[4 4 4]",
                "12": "[4 3 4]",
                "15": "[3 3 4]",
                "18": "[3 3 1]",
                "21": "[5 6 8]",
                "24": "[7 6 6]",
                "27": "[5 5 5]",
                "30": "[5 5 5]"
            },
            "symbolic": {
                "0": 5,
                "3": 4,
                "6": 4,
                "9": 4,
                "12": 3,
                "15": 3,
                "18": 5,
                "21": 6,
                "24": 5,
                "27": 5
            },
            "avg_amplitude": {
                "0": 0.12806782686301274,
                "3": -0.11825078090137382,
                "6": -0.22802320392680345,
                "9": -0.6537260151717632,
                "12": -0.7179830432842271,
                "15": -0.822400713966967,
                "18": 0.6376617581436943,
                "21": 0.8679161088799825,
                "24": 0.6439089692101837,
                "27": 0.6242748772869257
            }
        },
        "6": {
            "avg": 0.9851829999999999,
            "std": 0.001039920918743994,
            "words": {
                "3": "[5 5 5]",
                "6": "[6 8 7]",
                "9": "[6 5 5]",
                "12": "[5 4 4]",
                "15": "[4 3 3]",
                "18": "[2 1 3]",
                "21": "[4 4 4]",
                "24": "[5 5 5]",
                "27": "[5 5 5]",
                "30": "[5 5 5]"
            },
            "symbolic": {
                "0": 5,
                "3": 6,
                "6": 5,
                "9": 4,
                "12": 3,
                "15": 3,
                "18": 4,
                "21": 5,
                "24": 5,
                "27": 5
            },
            "avg_amplitude": {
                "0": 0.649546827794573,
                "3": 0.933534743202407,
                "6": 0.6475327291037687,
                "9": -0.15005035246723486,
                "12": -0.8006042296071989,
                "15": -0.9234642497481843,
                "18": -0.23867069486403292,
                "21": 0.26686807653574035,
                "24": 0.50453172205436,
                "27": 0.48841893252774665
            }
        },
        "7": {
            "avg": 0.9978540000000001,
            "std": 0.000626107845728478,
            "words": {
                "3": "[1 3 3]",
                "6": "[3 3 3]",
                "9": "[3 3 4]",
                "12": "[4 4 4]",
                "15": "[5 5 5]",
                "18": "[5 5 5]",
                "21": "[5 6 6]",
                "24": "[6 6 6]",
                "27": "[6 6 6]",
                "30": "[7 7 8]"
            },
            "symbolic": {
                "0": 3,
                "3": 3,
                "6": 3,
                "9": 4,
                "12": 5,
                "15": 5,
                "18": 6,
                "21": 6,
                "24": 6,
                "27": 7
            },
            "avg_amplitude": {
                "0": -0.9277108433735552,
                "3": -0.775100401606423,
                "6": -0.7550200803213737,
                "9": -0.3574297188756153,
                "12": 0.164658634538028,
                "15": 0.42168674698790665,
                "18": 0.7951807228914722,
                "21": 0.8955823293172088,
                "24": 0.9317269076304758,
                "27": 0.979919678714817
            }
        },
        "8": {
            "avg": 0.4449496666666668,
            "std": 0.00790195544691677,
            "words": {
                "3": "[8 7 7]",
                "6": "[6 5 5]",
                "9": "[4 4 4]",
                "12": "[4 4 4]",
                "15": "[4 4 4]",
                "18": "[4 5 4]",
                "21": "[5 5 5]",
                "24": "[4 4 4]",
                "27": "[4 3 3]",
                "30": "[3 2 1]"
            },
            "symbolic": {
                "0": 7,
                "3": 5,
                "6": 4,
                "9": 4,
                "12": 4,
                "15": 4,
                "18": 5,
                "21": 4,
                "24": 3,
                "27": 2
            },
            "avg_amplitude": {
                "0": 0.9839154963389736,
                "3": 0.524426839515063,
                "6": -0.26035289881166507,
                "9": -0.4848157484095538,
                "12": -0.26995558756451615,
                "15": -0.06613851878525985,
                "18": 0.04813347737366532,
                "21": -0.29084143560196746,
                "24": -0.7431280758612395,
                "27": -0.97191213539791
            }
        },
        "9": {
            "avg": 0.8824576666666668,
            "std": 0.04838782574754432,
            "words": {
                "3": "[5 5 5]",
                "6": "[5 5 5]",
                "9": "[6 5 5]",
                "12": "[4 3 3]",
                "15": "[2 1 2]",
                "18": "[3 3 4]",
                "21": "[4 5 5]",
                "24": "[5 6 7]",
                "27": "[8 7 6]",
                "30": "[6 6 6]"
            },
            "symbolic": {
                "0": 5,
                "3": 5,
                "6": 5,
                "9": 4,
                "12": 2,
                "15": 3,
                "18": 5,
                "21": 6,
                "24": 7,
                "27": 6
            },
            "avg_amplitude": {
                "0": 0.296740579183328,
                "3": 0.4573609596510367,
                "6": 0.32877741427359836,
                "9": -0.670713679873986,
                "12": -0.9853144311159584,
                "15": -0.7388101296498251,
                "18": 0.08552041681812754,
                "21": 0.8145159335999054,
                "24": 0.976929601357084,
                "27": 0.8603174603174614
            }
        },
        "10": {
            "avg": 0.91497,
            "std": 0.06890489762884333,
            "words": {
                "3": "[1 3 3]",
                "6": "[4 4 4]",
                "9": "[4 5 5]",
                "12": "[5 5 5]",
                "15": "[5 5 5]",
                "18": "[5 5 5]",
                "21": "[5 5 5]",
                "24": "[6 6 6]",
                "27": "[6 6 7]",
                "30": "[7 8 8]"
            },
            "symbolic": {
                "0": 3,
                "3": 4,
                "6": 5,
                "9": 5,
                "12": 5,
                "15": 5,
                "18": 5,
                "21": 6,
                "24": 6,
                "27": 8
            },
            "avg_amplitude": {
                "0": -0.8865534443136593,
                "3": -0.38078022532369254,
                "6": 0.27994507034359023,
                "9": 0.5897371223586111,
                "12": 0.49770192253797396,
                "15": 0.39568970349195576,
                "18": 0.5155820862059293,
                "21": 0.8052239224258724,
                "24": 0.9421276834258162,
                "27": 0.9986828092595704
            }
        },
        "11": {
            "avg": 0.9734846666666664,
            "std": 0.026664153870115496,
            "words": {
                "3": "[3 2 1]",
                "6": "[4 5 5]",
                "9": "[6 6 6]",
                "12": "[6 5 5]",
                "15": "[5 4 4]",
                "18": "[4 4 4]",
                "21": "[4 5 5]",
                "24": "[6 6 6]",
                "27": "[8 7 7]",
                "30": "[6 6 6]"
            },
            "symbolic": {
                "0": 2,
                "3": 5,
                "6": 6,
                "9": 5,
                "12": 4,
                "15": 4,
                "18": 5,
                "21": 6,
                "24": 7,
                "27": 6
            },
            "avg_amplitude": {
                "0": -0.9603354397678935,
                "3": 0.2545606295457267,
                "6": 0.8921346528357365,
                "9": 0.6477882437105043,
                "12": -0.02221692301577564,
                "15": -0.17491355669488426,
                "18": 0.29716624935415975,
                "21": 0.8540598545367821,
                "24": 0.9837844282818654,
                "27": 0.9288581534915137
            }
        },
        "12": {
            "avg": 0.3901466666666666,
            "std": 0.004012674173539203,
            "words": {
                "3": "[2 3 3]",
                "6": "[3 2 1]",
                "9": "[2 3 3]",
                "12": "[3 4 4]",
                "15": "[4 4 5]",
                "18": "[5 6 7]",
                "21": "[7 8 7]",
                "24": "[6 6 6]",
                "27": "[5 5 5]",
                "30": "[5 5 5]"
            },
            "symbolic": {
                "0": 3,
                "3": 2,
                "6": 3,
                "9": 4,
                "12": 4,
                "15": 6,
                "18": 7,
                "21": 6,
                "24": 5,
                "27": 5
            },
            "avg_amplitude": {
                "0": -0.9466666666666662,
                "3": -0.9638095238095264,
                "6": -0.9403174603174606,
                "9": -0.5511111111111067,
                "12": -0.08190476190476088,
                "15": 0.7803174603174594,
                "18": 0.9828571428571434,
                "21": 0.8869841269841269,
                "24": 0.38539682539682457,
                "27": 0.06095238095238013
            }
        },
        "13": {
            "avg": 0.936982,
            "std": 0.0012964976694528102,
            "words": {
                "3": "[1 2 2]",
                "6": "[2 2 2]",
                "9": "[3 4 5]",
                "12": "[4 5 5]",
                "15": "[6 5 6]",
                "18": "[6 7 7]",
                "21": "[8 7 7]",
                "24": "[6 6 5]",
                "27": "[5 5 5]",
                "30": "[5 4 4]"
            },
            "symbolic": {
                "0": 2,
                "3": 2,
                "6": 4,
                "9": 5,
                "12": 6,
                "15": 6,
                "18": 7,
                "21": 6,
                "24": 5,
                "27": 4
            },
            "avg_amplitude": {
                "0": -0.9810066476732962,
                "3": -0.9658119658119327,
                "6": -0.2269705603039386,
                "9": 0.1585944919278043,
                "12": 0.821462488129109,
                "15": 0.9335232668565676,
                "18": 0.9753086419752742,
                "21": 0.791073124406446,
                "24": 0.3903133903133609,
                "27": -0.033238366571726706
            }
        },
        "14": {
            "avg": 0.9997030000000001,
            "std": 0.0001091392656670596,
            "words": {
                "3": "[6 6 8]",
                "6": "[8 6 6]",
                "9": "[6 5 5]",
                "12": "[5 5 5]",
                "15": "[5 5 4]",
                "18": "[4 3 3]",
                "21": "[3 1 1]",
                "24": "[3 3 3]",
                "27": "[4 4 4]",
                "30": "[5 5 5]"
            },
            "symbolic": {
                "0": 7,
                "3": 6,
                "6": 5,
                "9": 5,
                "12": 4,
                "15": 3,
                "18": 2,
                "21": 3,
                "24": 4,
                "27": 5
            },
            "avg_amplitude": {
                "0": 0.9569892473115508,
                "3": 0.935483870967326,
                "6": 0.6129032258058663,
                "9": 0.1182795698920418,
                "12": -0.05376344086056162,
                "15": -0.6989247311832424,
                "18": -0.9569892473117895,
                "21": -0.8924731182800705,
                "24": -0.419354838710232,
                "27": 0.2688172043004206
            }
        },
        "15": {
            "avg": 0.857622,
            "std": 0.0003869545103800463,
            "words": {
                "3": "[1 2 3]",
                "6": "[3 4 4]",
                "9": "[5 5 5]",
                "12": "[5 5 4]",
                "15": "[4 4 4]",
                "18": "[4 4 4]",
                "21": "[5 5 5]",
                "24": "[5 8 5]",
                "27": "[6 6 6]",
                "30": "[6 5 5]"
            },
            "symbolic": {
                "0": 2,
                "3": 4,
                "6": 5,
                "9": 5,
                "12": 4,
                "15": 4,
                "18": 5,
                "21": 6,
                "24": 6,
                "27": 5
            },
            "avg_amplitude": {
                "0": -0.9760191846522295,
                "3": -0.49160671462836286,
                "6": 0.19904076738602097,
                "9": 0.026378896882478336,
                "12": -0.24220623501203986,
                "15": -0.17026378896888814,
                "18": 0.18465227817740137,
                "21": 0.7218225419663843,
                "24": 0.793764988009536,
                "27": 0.6306954436449843
            }
        },
        "16": {
            "avg": -0.36598366666666665,
            "std": 0.002576635715268147,
            "words": {
                "3": "[4 5 5]",
                "6": "[5 5 5]",
                "9": "[5 5 5]",
                "12": "[5 5 6]",
                "15": "[7 6 7]",
                "18": "[8 8 7]",
                "21": "[7 6 6]",
                "24": "[6 6 6]",
                "27": "[5 5 4]",
                "30": "[4 3 1]"
            },
            "symbolic": {
                "0": 5,
                "3": 5,
                "6": 5,
                "9": 5,
                "12": 7,
                "15": 7,
                "18": 6,
                "21": 6,
                "24": 5,
                "27": 3
            },
            "avg_amplitude": {
                "0": 0.034385964912276266,
                "3": 0.29894736842104913,
                "6": 0.3649122807017511,
                "9": 0.6505263157894731,
                "12": 0.967017543859651,
                "15": 0.9943859649122828,
                "18": 0.9136842105263149,
                "21": 0.8133333333333327,
                "24": 0.3038596491228046,
                "27": -0.7592982456140426
            }
        },
        "17": {
            "avg": 0.9395926666666665,
            "std": 0.0031194362149033626,
            "words": {
                "3": "[6 6 7]",
                "6": "[7 8 7]",
                "9": "[6 6 5]",
                "12": "[5 5 5]",
                "15": "[4 4 4]",
                "18": "[4 1 3]",
                "21": "[4 3 3]",
                "24": "[3 3 3]",
                "27": "[3 3 3]",
                "30": "[3 4 4]"
            },
            "symbolic": {
                "0": 6,
                "3": 7,
                "6": 6,
                "9": 5,
                "12": 4,
                "15": 3,
                "18": 3,
                "21": 3,
                "24": 3,
                "27": 3
            },
            "avg_amplitude": {
                "0": 0.9253792537925323,
                "3": 0.9778597785977777,
                "6": 0.6916769167691538,
                "9": 0.21853218532183974,
                "12": -0.36859368593685327,
                "15": -0.80565805658056,
                "18": -0.8318983189831828,
                "21": -0.913899138991373,
                "24": -0.8376383763837579,
                "27": -0.6851168511685276
            }
        },
        "18": {
            "avg": 0.9995463333333333,
            "std": 8.29824798015867e-05,
            "words": {
                "3": "[4 4 4]",
                "6": "[4 4 4]",
                "9": "[4 4 5]",
                "12": "[5 6 6]",
                "15": "[6 8 8]",
                "18": "[6 6 6]",
                "21": "[6 6 6]",
                "24": "[6 5 6]",
                "27": "[6 5 5]",
                "30": "[4 4 1]"
            },
            "symbolic": {
                "0": 4,
                "3": 4,
                "6": 5,
                "9": 5,
                "12": 7,
                "15": 6,
                "18": 6,
                "21": 6,
                "24": 5,
                "27": 4
            },
            "avg_amplitude": {
                "0": -0.4074074074081994,
                "3": -0.3827160493833354,
                "6": 0.012345679012020735,
                "9": 0.6543209876546459,
                "12": 0.9753086419751361,
                "15": 0.9259259259254082,
                "18": 0.8765432098767767,
                "21": 0.7283950617284155,
                "24": 0.3333333333333333,
                "27": -0.6543209876543717
            }
        },
        "19": {
            "avg": 0.859517,
            "std": 0.002129014909003389,
            "words": {
                "3": "[1 2 2]",
                "6": "[3 3 4]",
                "9": "[4 4 5]",
                "12": "[5 5 5]",
                "15": "[5 5 5]",
                "18": "[5 5 5]",
                "21": "[6 6 6]",
                "24": "[6 8 7]",
                "27": "[7 7 6]",
                "30": "[6 6 5]"
            },
            "symbolic": {
                "0": 2,
                "3": 3,
                "6": 4,
                "9": 5,
                "12": 5,
                "15": 5,
                "18": 6,
                "21": 7,
                "24": 7,
                "27": 6
            },
            "avg_amplitude": {
                "0": -0.9914392723381402,
                "3": -0.7731407169609431,
                "6": -0.11610486891386258,
                "9": 0.21348314606741595,
                "12": 0.34938469769929065,
                "15": 0.5794542536115628,
                "18": 0.7891920813269003,
                "21": 0.9604066345639404,
                "24": 0.9700374531835266,
                "27": 0.7859818084537208
            }
        }
    }
}