{
    "W": {
        "0": {
            "avg": 0.0667932892857143,
            "std": 0.07886648575194492,
            "words": {
                "3": "[4 4 4]",
                "6": "[5 5 5]",
                "9": "[6 6 6]",
                "12": "[7 8 7]",
                "15": "[7 6 6]",
                "18": "[6 5 5]",
                "21": "[5 5 5]",
                "24": "[5 4 4]",
                "27": "[4 4 3]"
            },
            "symbolic": {
                "0": 4,
                "3": 5,
                "6": 6,
                "9": 7,
                "12": 6,
                "15": 5,
                "18": 5,
                "21": 4,
                "24": 4
            },
            "avg_amplitude": {
                "0": -0.30837052328057946,
                "3": 0.35382155378616575,
                "6": 0.8507945869786034,
                "9": 0.991821488253219,
                "12": 0.9176906189586812,
                "15": 0.6192614436908154,
                "18": 0.2945168583505355,
                "21": -0.11967993708837132,
                "24": -0.682526950424326
            }
        },
        "1": {
            "avg": 0.9732771428571431,
            "std": 0.005057722996048884,
            "words": {
                "3": "[8 6 6]",
                "6": "[6 5 5]",
                "9": "[5 5 5]",
                "12": "[5 5 5]",
                "15": "[4 4 4]",
                "18": "[4 4 3]",
                "21": "[3 3 3]",
                "24": "[1 3 3]",
                "27": "[4 5 5]"
            },
            "symbolic": {
                "0": 6,
                "3": 5,
                "6": 5,
                "9": 5,
                "12": 4,
                "15": 4,
                "18": 3,
                "21": 3,
                "24": 4
            },
            "avg_amplitude": {
                "0": 0.9304196564470466,
                "3": 0.6647097195042345,
                "6": 0.40639269406392775,
                "9": 0.19417264622743632,
                "12": -0.18286584040009538,
                "15": -0.6164383561643899,
                "18": -0.8573602957164619,
                "21": -0.9343335507719109,
                "24": -0.10154381387257778
            }
        },
        "2": {
            "avg": 0.959605357142857,
            "std": 0.005915577353334188,
            "words": {
                "3": "[6 6 5]",
                "6": "[5 5 5]",
                "9": "[5 4 4]",
                "12": "[4 4 4]",
                "15": "[4 4 4]",
                "18": "[4 3 3]",
                "21": "[3 3 2]",
                "24": "[1 3 3]",
                "27": "[4 4 5]"
            },
            "symbolic": {
                "0": 6,
                "3": 5,
                "6": 4,
                "9": 4,
                "12": 4,
                "15": 3,
                "18": 3,
                "21": 3,
                "24": 4
            },
            "avg_amplitude": {
                "0": 0.7627410468319505,
                "3": 0.3044077134986167,
                "6": -0.014807162534440513,
                "9": -0.25206611570248233,
                "12": -0.5299586776859497,
                "15": -0.7351928374655624,
                "18": -0.9252754820936638,
                "21": -0.9125344352617087,
                "24": -0.021349862258951562
            }
        },
        "3": {
            "avg": 0.9954517857142857,
            "std": 0.0023198356480282024,
            "words": {
                "3": "[5 4 4]",
                "6": "[3 3 2]",
                "9": "[1 2 3]",
                "12": "[3 3 4]",
                "15": "[4 4 4]",
                "18": "[4 4 4]",
                "21": "[4 4 4]",
                "24": "[5 5 5]",
                "27": "[6 6 7]"
            },
            "symbolic": {
                "0": 4,
                "3": 3,
                "6": 2,
                "9": 3,
                "12": 4,
                "15": 4,
                "18": 4,
                "21": 5,
                "24": 6
            },
            "avg_amplitude": {
                "0": -0.10748299319724175,
                "3": -0.890249433106553,
                "6": -0.9709750566893338,
                "9": -0.703401360544191,
                "12": -0.5147392290249114,
                "15": -0.34965986394555415,
                "18": -0.21814058956915275,
                "21": 0.35238095238096623,
                "24": 0.9020408163265244
            }
        },
        "4": {
            "avg": 0.39658428571428556,
            "std": 0.012253699193114856,
            "words": {
                "3": "[6 5 6]",
                "6": "[6 7 8]",
                "9": "[6 5 4]",
                "12": "[4 3 2]",
                "15": "[1 3 3]",
                "18": "[3 3 3]",
                "21": "[3 4 4]",
                "24": "[4 4 4]",
                "27": "[4 4 4]"
            },
            "symbolic": {
                "0": 6,
                "3": 6,
                "6": 5,
                "9": 3,
                "12": 3,
                "15": 3,
                "18": 4,
                "21": 4,
                "24": 4
            },
            "avg_amplitude": {
                "0": 0.7412742382271444,
                "3": 0.9405355493998133,
                "6": 0.28494921514311977,
                "9": -0.7530932594644498,
                "12": -0.9410895660203145,
                "15": -0.8474607571560474,
                "18": -0.6288088642659281,
                "21": -0.27885503231763714,
                "24": -0.07423822714681479
            }
        },
        "5": {
            "avg": 0.9451278571428573,
            "std": 0.005813751486708595,
            "words": {
                "3": "[5 5 4]",
                "6": "[4 3 1]",
                "9": "[3 4 5]",
                "12": "[5 5 6]",
                "15": "[7 6 6]",
                "18": "[7 8 6]",
                "21": "[6 6 5]",
                "24": "[5 5 5]",
                "27": "[5 6 6]"
            },
            "symbolic": {
                "0": 4,
                "3": 3,
                "6": 4,
                "9": 5,
                "12": 6,
                "15": 7,
                "18": 6,
                "21": 5,
                "24": 6
            },
            "avg_amplitude": {
                "0": -0.0120953397367487,
                "3": -0.841337602276773,
                "6": -0.3194592671647061,
                "9": 0.6250444681608006,
                "12": 0.913553895410888,
                "15": 0.972963358235504,
                "18": 0.7666310921380285,
                "21": 0.6463891853432956,
                "24": 0.6926360725720427
            }
        },
        "6": {
            "avg": 0.9868789285714287,
            "std": 0.0018711262983397493,
            "words": {
                "3": "[5 5 6]",
                "6": "[6 7 8]",
                "9": "[6 5 5]",
                "12": "[4 4 4]",
                "15": "[3 3 1]",
                "18": "[3 3 3]",
                "21": "[4 4 4]",
                "24": "[4 4 4]",
                "27": "[4 4 4]"
            },
            "symbolic": {
                "0": 5,
                "3": 6,
                "6": 5,
                "9": 4,
                "12": 3,
                "15": 3,
                "18": 4,
                "21": 4,
                "24": 4
            },
            "avg_amplitude": {
                "0": 0.5945485519591087,
                "3": 0.9522998296422518,
                "6": 0.5831913685405978,
                "9": -0.44690516751845477,
                "12": -0.879613855763752,
                "15": -0.8727995457126504,
                "18": -0.36286201022146924,
                "21": -0.1550255536626722,
                "24": -0.13003975014194577
            }
        },
        "7": {
            "avg": 0.9820425,
            "std": 0.0034434345741812394,
            "words": {
                "3": "[4 4 4]",
                "6": "[4 5 4]",
                "9": "[4 5 5]",
                "12": "[6 6 6]",
                "15": "[6 6 6]",
                "18": "[6 6 5]",
                "21": "[5 5 5]",
                "24": "[5 6 8]",
                "27": "[6 5 4]"
            },
            "symbolic": {
                "0": 4,
                "3": 4,
                "6": 5,
                "9": 6,
                "12": 6,
                "15": 6,
                "18": 5,
                "21": 6,
                "24": 5
            },
            "avg_amplitude": {
                "0": -0.40859394863972803,
                "3": -0.02873124841089821,
                "6": 0.10653445207220402,
                "9": 0.7299771167047938,
                "12": 0.8947368421052572,
                "15": 0.6989575387744552,
                "18": 0.5469107551487394,
                "21": 0.8133740147470047,
                "24": 0.4365624205440953
            }
        },
        "8": {
            "avg": -0.4196467857142857,
            "std": 0.012990168377311343,
            "words": {
                "3": "[1 3 4]",
                "6": "[4 4 5]",
                "9": "[5 5 6]",
                "12": "[6 7 8]",
                "15": "[7 7 6]",
                "18": "[5 5 5]",
                "21": "[5 5 5]",
                "24": "[5 5 5]",
                "27": "[5 4 4]"
            },
            "symbolic": {
                "0": 3,
                "3": 4,
                "6": 5,
                "9": 7,
                "12": 6,
                "15": 5,
                "18": 5,
                "21": 5,
                "24": 4
            },
            "avg_amplitude": {
                "0": -0.7268075639599559,
                "3": -0.16351501668520488,
                "6": 0.5620318872821649,
                "9": 0.9568409343715228,
                "12": 0.9123470522803112,
                "15": 0.5584723767148669,
                "18": 0.5080459770114942,
                "21": 0.2364849833147921,
                "24": -0.2376714868372265
            }
        },
        "9": {
            "avg": 0.8925792857142858,
            "std": 0.0457747293155879,
            "words": {
                "3": "[5 5 4]",
                "6": "[4 4 4]",
                "9": "[4 4 4]",
                "12": "[3 3 1]",
                "15": "[3 3 4]",
                "18": "[4 4 4]",
                "21": "[5 5 6]",
                "24": "[7 8 7]",
                "27": "[6 6 6]"
            },
            "symbolic": {
                "0": 5,
                "3": 4,
                "6": 4,
                "9": 3,
                "12": 3,
                "15": 4,
                "18": 5,
                "21": 7,
                "24": 6
            },
            "avg_amplitude": {
                "0": 0.011623602576441535,
                "3": -0.1271192714888584,
                "6": -0.4760741343994481,
                "9": -0.9140198909207565,
                "12": -0.8068655758742386,
                "15": -0.29088620715184804,
                "18": 0.6005034426593626,
                "21": 0.9878087905036895,
                "24": 0.8376150637940828
            }
        },
        "10": {
            "avg": 0.9712825000000003,
            "std": 0.02121551557058952,
            "words": {
                "3": "[4 4 4]",
                "6": "[4 4 4]",
                "9": "[3 3 3]",
                "12": "[3 1 2]",
                "15": "[3 3 4]",
                "18": "[4 5 5]",
                "21": "[5 6 6]",
                "24": "[6 7 7]",
                "27": "[7 8 7]"
            },
            "symbolic": {
                "0": 4,
                "3": 4,
                "6": 3,
                "9": 2,
                "12": 3,
                "15": 5,
                "18": 6,
                "21": 6,
                "24": 7
            },
            "avg_amplitude": {
                "0": -0.2863937914632589,
                "3": -0.615095756665412,
                "6": -0.8575541369382883,
                "9": -0.9692076605332289,
                "12": -0.8061083990486894,
                "15": 0.2379521842533504,
                "18": 0.7343847790712245,
                "21": 0.9500563274502435,
                "24": 0.9943672549755934
            }
        },
        "11": {
            "avg": 0.9898471428571428,
            "std": 0.010118951364621574,
            "words": {
                "3": "[7 6 6]",
                "6": "[5 5 6]",
                "9": "[6 5 5]",
                "12": "[4 4 3]",
                "15": "[1 5 5]",
                "18": "[4 4 4]",
                "21": "[5 6 6]",
                "24": "[6 7 7]",
                "27": "[7 8 7]"
            },
            "symbolic": {
                "0": 6,
                "3": 5,
                "6": 5,
                "9": 4,
                "12": 4,
                "15": 4,
                "18": 6,
                "21": 6,
                "24": 7
            },
            "avg_amplitude": {
                "0": 0.8447309417040406,
                "3": 0.4801943198804251,
                "6": 0.5792227204783303,
                "9": -0.3641629297458923,
                "12": -0.2656950672645744,
                "15": -0.12014200298953914,
                "18": 0.7621449925261651,
                "21": 0.954409566517198,
                "24": 0.9904708520179412
            }
        },
        "12": {
            "avg": 0.39488678571428576,
            "std": 0.0020160541835227254,
            "words": {
                "3": "[5 1 4]",
                "6": "[5 6 5]",
                "9": "[6 6 7]",
                "12": "[8 7 6]",
                "15": "[6 6 6]",
                "18": "[6 6 6]",
                "21": "[5 5 5]",
                "24": "[5 5 5]",
                "27": "[5 5 5]"
            },
            "symbolic": {
                "0": 4,
                "3": 5,
                "6": 6,
                "9": 7,
                "12": 6,
                "15": 6,
                "18": 5,
                "21": 5,
                "24": 5
            },
            "avg_amplitude": {
                "0": -0.3740219092331783,
                "3": 0.46635367762128116,
                "6": 0.8920187793427196,
                "9": 0.969483568075113,
                "12": 0.8309859154929544,
                "15": 0.7464788732394315,
                "18": 0.27151799687010447,
                "21": 0.14397496087636732,
                "24": 0.11111111111110679
            }
        },
        "13": {
            "avg": 0.9576092857142856,
            "std": 0.002051221729119141,
            "words": {
                "3": "[5 4 4]",
                "6": "[4 4 4]",
                "9": "[3 3 3]",
                "12": "[2 2 1]",
                "15": "[2 3 3]",
                "18": "[3 3 3]",
                "21": "[3 3 4]",
                "24": "[4 4 5]",
                "27": "[5 5 6]"
            },
            "symbolic": {
                "0": 4,
                "3": 4,
                "6": 3,
                "9": 2,
                "12": 3,
                "15": 3,
                "18": 4,
                "21": 4,
                "24": 5
            },
            "avg_amplitude": {
                "0": -0.1077348066298462,
                "3": -0.5690607734806766,
                "6": -0.8278084714548952,
                "9": -0.9760589318600331,
                "12": -0.9318600368324255,
                "15": -0.8130755064456823,
                "18": -0.6620626151012998,
                "21": -0.21362799263352925,
                "24": 0.5893186003683276
            }
        },
        "14": {
            "avg": 0.9952332142857145,
            "std": 0.0003136175256279029,
            "words": {
                "3": "[6 8 6]",
                "6": "[5 5 5]",
                "9": "[4 4 4]",
                "12": "[4 3 3]",
                "15": "[3 3 3]",
                "18": "[3 1 2]",
                "21": "[1 2 3]",
                "24": "[3 4 4]",
                "27": "[4 4 5]"
            },
            "symbolic": {
                "0": 6,
                "3": 5,
                "6": 4,
                "9": 3,
                "12": 3,
                "15": 2,
                "18": 3,
                "21": 4,
                "24": 4
            },
            "avg_amplitude": {
                "0": 0.8300653594771212,
                "3": 0.3790849673201924,
                "6": -0.29411764705878934,
                "9": -0.7843137254901897,
                "12": -0.8235294117645884,
                "15": -0.9738562091502314,
                "18": -0.9411764705881477,
                "21": -0.45751633986920776,
                "24": -0.032679738561974814
            }
        },
        "15": {
            "avg": 0.8578032142857144,
            "std": 0.0005366773882395426,
            "words": {
                "3": "[8 6 5]",
                "6": "[5 5 5]",
                "9": "[5 4 4]",
                "12": "[4 4 3]",
                "15": "[3 1 2]",
                "18": "[1 2 2]",
                "21": "[3 3 3]",
                "24": "[3 3 3]",
                "27": "[3 3 3]"
            },
            "symbolic": {
                "0": 6,
                "3": 5,
                "6": 4,
                "9": 4,
                "12": 3,
                "15": 2,
                "18": 3,
                "21": 3,
                "24": 3
            },
            "avg_amplitude": {
                "0": 0.759036144578323,
                "3": 0.40963855421679307,
                "6": -0.020080321285072866,
                "9": -0.6144578313253791,
                "12": -0.9317269076306497,
                "15": -0.9879518072290142,
                "18": -0.9357429718876151,
                "21": -0.9116465863454654,
                "24": -0.9196787148595748
            }
        },
        "16": {
            "avg": -0.37167392857142856,
            "std": 0.008270742874640266,
            "words": {
                "3": "[5 5 5]",
                "6": "[5 6 6]",
                "9": "[8 7 6]",
                "12": "[6 6 6]",
                "15": "[5 5 5]",
                "18": "[5 5 5]",
                "21": "[5 4 4]",
                "24": "[4 3 3]",
                "27": "[3 1 1]"
            },
            "symbolic": {
                "0": 5,
                "3": 6,
                "6": 7,
                "9": 6,
                "12": 5,
                "15": 5,
                "18": 4,
                "21": 3,
                "24": 2
            },
            "avg_amplitude": {
                "0": 0.5819063926940655,
                "3": 0.814497716894977,
                "6": 0.9768835616438363,
                "9": 0.8010844748858453,
                "12": 0.42865296803653,
                "15": 0.22745433789954358,
                "18": -0.1013127853881286,
                "21": -0.7671232876712328,
                "24": -0.9731735159817353
            }
        },
        "17": {
            "avg": 0.929484642857143,
            "std": 0.0032167334272206875,
            "words": {
                "3": "[8 6 5]",
                "6": "[5 5 4]",
                "9": "[4 3 3]",
                "12": "[3 3 2]",
                "15": "[1 2 3]",
                "18": "[3 3 3]",
                "21": "[3 4 4]",
                "24": "[4 4 4]",
                "27": "[4 4 4]"
            },
            "symbolic": {
                "0": 6,
                "3": 5,
                "6": 3,
                "9": 3,
                "12": 2,
                "15": 3,
                "18": 4,
                "21": 4,
                "24": 4
            },
            "avg_amplitude": {
                "0": 0.6955337690631825,
                "3": 0.050108932461875234,
                "6": -0.7096949891067513,
                "9": -0.9150326797385498,
                "12": -0.9635076252723341,
                "15": -0.8349673202614335,
                "18": -0.6541394335512009,
                "21": -0.34967320261438334,
                "24": -0.3692810457516214
            }
        },
        "18": {
            "avg": 0.9970850000000002,
            "std": 0.00035373666706977323,
            "words": {
                "3": "[8 6 5]",
                "6": "[5 4 5]",
                "9": "[4 4 4]",
                "12": "[4 4 2]",
                "15": "[2 1 2]",
                "18": "[3 4 4]",
                "21": "[4 4 4]",
                "24": "[5 5 5]",
                "27": "[5 5 5]"
            },
            "symbolic": {
                "0": 6,
                "3": 5,
                "6": 4,
                "9": 4,
                "12": 2,
                "15": 4,
                "18": 4,
                "21": 5,
                "24": 5
            },
            "avg_amplitude": {
                "0": 0.8511904761906113,
                "3": 0.13690476190484513,
                "6": -0.27976190476181334,
                "9": -0.6726190476189219,
                "12": -0.9761904761905824,
                "15": -0.6666666666666997,
                "18": -0.22619047619042545,
                "21": 0.4523809523811482,
                "24": 0.5773809523810532
            }
        },
        "19": {
            "avg": 0.8641835714285715,
            "std": 0.0013967162926365616,
            "words": {
                "3": "[5 5 5]",
                "6": "[5 5 5]",
                "9": "[5 6 6]",
                "12": "[6 6 6]",
                "15": "[6 7 7]",
                "18": "[8 7 7]",
                "21": "[6 6 6]",
                "24": "[6 5 5]",
                "27": "[5 4 3]"
            },
            "symbolic": {
                "0": 5,
                "3": 5,
                "6": 6,
                "9": 6,
                "12": 7,
                "15": 7,
                "18": 6,
                "21": 5,
                "24": 4
            },
            "avg_amplitude": {
                "0": 0.33974358974358904,
                "3": 0.498717948717951,
                "6": 0.7256410256410207,
                "9": 0.8846153846153969,
                "12": 0.9615384615384515,
                "15": 0.9820512820512924,
                "18": 0.9115384615384795,
                "21": 0.5205128205128233,
                "24": -0.38076923076924274
            }
        }
    },
    "X": {
        "0": {
            "avg": 0.0667932892857143,
            "std": 0.07886648575194492,
            "words": {
                "3": "[4 4 4]",
                "6": "[5 5 5]",
                "9": "[6 6 6]",
                "12": "[7 8 7]",
                "15": "[7 6 6]",
                "18": "[6 5 5]",
                "21": "[5 5 5]",
                "24": "[5 4 4]",
                "27": "[4 4 3]"
            },
            "symbolic": {
                "0": 4,
                "3": 5,
                "6": 6,
                "9": 7,
                "12": 6,
                "15": 5,
                "18": 5,
                "21": 4,
                "24": 4
            },
            "avg_amplitude": {
                "0": -0.30837052328057946,
                "3": 0.35382155378616575,
                "6": 0.8507945869786034,
                "9": 0.991821488253219,
                "12": 0.9176906189586812,
                "15": 0.6192614436908154,
                "18": 0.2945168583505355,
                "21": -0.11967993708837132,
                "24": -0.682526950424326
            }
        },
        "1": {
            "avg": 0.9732771428571431,
            "std": 0.005057722996048884,
            "words": {
                "3": "[8 6 6]",
                "6": "[6 5 5]",
                "9": "[5 5 5]",
                "12": "[5 5 5]",
                "15": "[4 4 4]",
                "18": "[4 4 3]",
                "21": "[3 3 3]",
                "24": "[1 3 3]",
                "27": "[4 5 5]"
            },
            "symbolic": {
                "0": 6,
                "3": 5,
                "6": 5,
                "9": 5,
                "12": 4,
                "15": 4,
                "18": 3,
                "21": 3,
                "24": 4
            },
            "avg_amplitude": {
                "0": 0.9304196564470466,
                "3": 0.6647097195042345,
                "6": 0.40639269406392775,
                "9": 0.19417264622743632,
                "12": -0.18286584040009538,
                "15": -0.6164383561643899,
                "18": -0.8573602957164619,
                "21": -0.9343335507719109,
                "24": -0.10154381387257778
            }
        },
        "2": {
            "avg": 0.959605357142857,
            "std": 0.005915577353334188,
            "words": {
                "3": "[6 6 5]",
                "6": "[5 5 5]",
                "9": "[5 4 4]",
                "12": "[4 4 4]",
                "15": "[4 4 4]",
                "18": "[4 3 3]",
                "21": "[3 3 2]",
                "24": "[1 3 3]",
                "27": "[4 4 5]"
            },
            "symbolic": {
                "0": 6,
                "3": 5,
                "6": 4,
                "9": 4,
                "12": 4,
                "15": 3,
                "18": 3,
                "21": 3,
                "24": 4
            },
            "avg_amplitude": {
                "0": 0.7627410468319505,
                "3": 0.3044077134986167,
                "6": -0.014807162534440513,
                "9": -0.25206611570248233,
                "12": -0.5299586776859497,
                "15": -0.7351928374655624,
                "18": -0.9252754820936638,
                "21": -0.9125344352617087,
                "24": -0.021349862258951562
            }
        },
        "3": {
            "avg": 0.9954517857142857,
            "std": 0.0023198356480282024,
            "words": {
                "3": "[5 4 4]",
                "6": "[3 3 2]",
                "9": "[1 2 3]",
                "12": "[3 3 4]",
                "15": "[4 4 4]",
                "18": "[4 4 4]",
                "21": "[4 4 4]",
                "24": "[5 5 5]",
                "27": "[6 6 7]"
            },
            "symbolic": {
                "0": 4,
                "3": 3,
                "6": 2,
                "9": 3,
                "12": 4,
                "15": 4,
                "18": 4,
                "21": 5,
                "24": 6
            },
            "avg_amplitude": {
                "0": -0.10748299319724175,
                "3": -0.890249433106553,
                "6": -0.9709750566893338,
                "9": -0.703401360544191,
                "12": -0.5147392290249114,
                "15": -0.34965986394555415,
                "18": -0.21814058956915275,
                "21": 0.35238095238096623,
                "24": 0.9020408163265244
            }
        },
        "4": {
            "avg": 0.39658428571428556,
            "std": 0.012253699193114856,
            "words": {
                "3": "[6 5 6]",
                "6": "[6 7 8]",
                "9": "[6 5 4]",
                "12": "[4 3 2]",
                "15": "[1 3 3]",
                "18": "[3 3 3]",
                "21": "[3 4 4]",
                "24": "[4 4 4]",
                "27": "[4 4 4]"
            },
            "symbolic": {
                "0": 6,
                "3": 6,
                "6": 5,
                "9": 3,
                "12": 3,
                "15": 3,
                "18": 4,
                "21": 4,
                "24": 4
            },
            "avg_amplitude": {
                "0": 0.7412742382271444,
                "3": 0.9405355493998133,
                "6": 0.28494921514311977,
                "9": -0.7530932594644498,
                "12": -0.9410895660203145,
                "15": -0.8474607571560474,
                "18": -0.6288088642659281,
                "21": -0.27885503231763714,
                "24": -0.07423822714681479
            }
        },
        "5": {
            "avg": 0.9451278571428573,
            "std": 0.005813751486708595,
            "words": {
                "3": "[5 5 4]",
                "6": "[4 3 1]",
                "9": "[3 4 5]",
                "12": "[5 5 6]",
                "15": "[7 6 6]",
                "18": "[7 8 6]",
                "21": "[6 6 5]",
                "24": "[5 5 5]",
                "27": "[5 6 6]"
            },
            "symbolic": {
                "0": 4,
                "3": 3,
                "6": 4,
                "9": 5,
                "12": 6,
                "15": 7,
                "18": 6,
                "21": 5,
                "24": 6
            },
            "avg_amplitude": {
                "0": -0.0120953397367487,
                "3": -0.841337602276773,
                "6": -0.3194592671647061,
                "9": 0.6250444681608006,
                "12": 0.913553895410888,
                "15": 0.972963358235504,
                "18": 0.7666310921380285,
                "21": 0.6463891853432956,
                "24": 0.6926360725720427
            }
        },
        "6": {
            "avg": 0.9868789285714287,
            "std": 0.0018711262983397493,
            "words": {
                "3": "[5 5 6]",
                "6": "[6 7 8]",
                "9": "[6 5 5]",
                "12": "[4 4 4]",
                "15": "[3 3 1]",
                "18": "[3 3 3]",
                "21": "[4 4 4]",
                "24": "[4 4 4]",
                "27": "[4 4 4]"
            },
            "symbolic": {
                "0": 5,
                "3": 6,
                "6": 5,
                "9": 4,
                "12": 3,
                "15": 3,
                "18": 4,
                "21": 4,
                "24": 4
            },
            "avg_amplitude": {
                "0": 0.5945485519591087,
                "3": 0.9522998296422518,
                "6": 0.5831913685405978,
                "9": -0.44690516751845477,
                "12": -0.879613855763752,
                "15": -0.8727995457126504,
                "18": -0.36286201022146924,
                "21": -0.1550255536626722,
                "24": -0.13003975014194577
            }
        },
        "7": {
            "avg": 0.9820425,
            "std": 0.0034434345741812394,
            "words": {
                "3": "[4 4 4]",
                "6": "[4 5 4]",
                "9": "[4 5 5]",
                "12": "[6 6 6]",
                "15": "[6 6 6]",
                "18": "[6 6 5]",
                "21": "[5 5 5]",
                "24": "[5 6 8]",
                "27": "[6 5 4]"
            },
            "symbolic": {
                "0": 4,
                "3": 4,
                "6": 5,
                "9": 6,
                "12": 6,
                "15": 6,
                "18": 5,
                "21": 6,
                "24": 5
            },
            "avg_amplitude": {
                "0": -0.40859394863972803,
                "3": -0.02873124841089821,
                "6": 0.10653445207220402,
                "9": 0.7299771167047938,
                "12": 0.8947368421052572,
                "15": 0.6989575387744552,
                "18": 0.5469107551487394,
                "21": 0.8133740147470047,
                "24": 0.4365624205440953
            }
        },
        "8": {
            "avg": -0.4196467857142857,
            "std": 0.012990168377311343,
            "words": {
                "3": "[1 3 4]",
                "6": "[4 4 5]",
                "9": "[5 5 6]",
                "12": "[6 7 8]",
                "15": "[7 7 6]",
                "18": "[5 5 5]",
                "21": "[5 5 5]",
                "24": "[5 5 5]",
                "27": "[5 4 4]"
            },
            "symbolic": {
                "0": 3,
                "3": 4,
                "6": 5,
                "9": 7,
                "12": 6,
                "15": 5,
                "18": 5,
                "21": 5,
                "24": 4
            },
            "avg_amplitude": {
                "0": -0.7268075639599559,
                "3": -0.16351501668520488,
                "6": 0.5620318872821649,
                "9": 0.9568409343715228,
                "12": 0.9123470522803112,
                "15": 0.5584723767148669,
                "18": 0.5080459770114942,
                "21": 0.2364849833147921,
                "24": -0.2376714868372265
            }
        },
        "9": {
            "avg": 0.8925792857142858,
            "std": 0.0457747293155879,
            "words": {
                "3": "[5 5 4]",
                "6": "[4 4 4]",
                "9": "[4 4 4]",
                "12": "[3 3 1]",
                "15": "[3 3 4]",
                "18": "[4 4 4]",
                "21": "[5 5 6]",
                "24": "[7 8 7]",
                "27": "[6 6 6]"
            },
            "symbolic": {
                "0": 5,
                "3": 4,
                "6": 4,
                "9": 3,
                "12": 3,
                "15": 4,
                "18": 5,
                "21": 7,
                "24": 6
            },
            "avg_amplitude": {
                "0": 0.011623602576441535,
                "3": -0.1271192714888584,
                "6": -0.4760741343994481,
                "9": -0.9140198909207565,
                "12": -0.8068655758742386,
                "15": -0.29088620715184804,
                "18": 0.6005034426593626,
                "21": 0.9878087905036895,
                "24": 0.8376150637940828
            }
        },
        "10": {
            "avg": 0.9712825000000003,
            "std": 0.02121551557058952,
            "words": {
                "3": "[4 4 4]",
                "6": "[4 4 4]",
                "9": "[3 3 3]",
                "12": "[3 1 2]",
                "15": "[3 3 4]",
                "18": "[4 5 5]",
                "21": "[5 6 6]",
                "24": "[6 7 7]",
                "27": "[7 8 7]"
            },
            "symbolic": {
                "0": 4,
                "3": 4,
                "6": 3,
                "9": 2,
                "12": 3,
                "15": 5,
                "18": 6,
                "21": 6,
                "24": 7
            },
            "avg_amplitude": {
                "0": -0.2863937914632589,
                "3": -0.615095756665412,
                "6": -0.8575541369382883,
                "9": -0.9692076605332289,
                "12": -0.8061083990486894,
                "15": 0.2379521842533504,
                "18": 0.7343847790712245,
                "21": 0.9500563274502435,
                "24": 0.9943672549755934
            }
        },
        "11": {
            "avg": 0.9898471428571428,
            "std": 0.010118951364621574,
            "words": {
                "3": "[7 6 6]",
                "6": "[5 5 6]",
                "9": "[6 5 5]",
                "12": "[4 4 3]",
                "15": "[1 5 5]",
                "18": "[4 4 4]",
                "21": "[5 6 6]",
                "24": "[6 7 7]",
                "27": "[7 8 7]"
            },
            "symbolic": {
                "0": 6,
                "3": 5,
                "6": 5,
                "9": 4,
                "12": 4,
                "15": 4,
                "18": 6,
                "21": 6,
                "24": 7
            },
            "avg_amplitude": {
                "0": 0.8447309417040406,
                "3": 0.4801943198804251,
                "6": 0.5792227204783303,
                "9": -0.3641629297458923,
                "12": -0.2656950672645744,
                "15": -0.12014200298953914,
                "18": 0.7621449925261651,
                "21": 0.954409566517198,
                "24": 0.9904708520179412
            }
        },
        "12": {
            "avg": 0.39488678571428576,
            "std": 0.0020160541835227254,
            "words": {
                "3": "[5 1 4]",
                "6": "[5 6 5]",
                "9": "[6 6 7]",
                "12": "[8 7 6]",
                "15": "[6 6 6]",
                "18": "[6 6 6]",
                "21": "[5 5 5]",
                "24": "[5 5 5]",
                "27": "[5 5 5]"
            },
            "symbolic": {
                "0": 4,
                "3": 5,
                "6": 6,
                "9": 7,
                "12": 6,
                "15": 6,
                "18": 5,
                "21": 5,
                "24": 5
            },
            "avg_amplitude": {
                "0": -0.3740219092331783,
                "3": 0.46635367762128116,
                "6": 0.8920187793427196,
                "9": 0.969483568075113,
                "12": 0.8309859154929544,
                "15": 0.7464788732394315,
                "18": 0.27151799687010447,
                "21": 0.14397496087636732,
                "24": 0.11111111111110679
            }
        },
        "13": {
            "avg": 0.9576092857142856,
            "std": 0.002051221729119141,
            "words": {
                "3": "[5 4 4]",
                "6": "[4 4 4]",
                "9": "[3 3 3]",
                "12": "[2 2 1]",
                "15": "[2 3 3]",
                "18": "[3 3 3]",
                "21": "[3 3 4]",
                "24": "[4 4 5]",
                "27": "[5 5 6]"
            },
            "symbolic": {
                "0": 4,
                "3": 4,
                "6": 3,
                "9": 2,
                "12": 3,
                "15": 3,
                "18": 4,
                "21": 4,
                "24": 5
            },
            "avg_amplitude": {
                "0": -0.1077348066298462,
                "3": -0.5690607734806766,
                "6": -0.8278084714548952,
                "9": -0.9760589318600331,
                "12": -0.9318600368324255,
                "15": -0.8130755064456823,
                "18": -0.6620626151012998,
                "21": -0.21362799263352925,
                "24": 0.5893186003683276
            }
        },
        "14": {
            "avg": 0.9952332142857145,
            "std": 0.0003136175256279029,
            "words": {
                "3": "[6 8 6]",
                "6": "[5 5 5]",
                "9": "[4 4 4]",
                "12": "[4 3 3]",
                "15": "[3 3 3]",
                "18": "[3 1 2]",
                "21": "[1 2 3]",
                "24": "[3 4 4]",
                "27": "[4 4 5]"
            },
            "symbolic": {
                "0": 6,
                "3": 5,
                "6": 4,
                "9": 3,
                "12": 3,
                "15": 2,
                "18": 3,
                "21": 4,
                "24": 4
            },
            "avg_amplitude": {
                "0": 0.8300653594771212,
                "3": 0.3790849673201924,
                "6": -0.29411764705878934,
                "9": -0.7843137254901897,
                "12": -0.8235294117645884,
                "15": -0.9738562091502314,
                "18": -0.9411764705881477,
                "21": -0.45751633986920776,
                "24": -0.032679738561974814
            }
        },
        "15": {
            "avg": 0.8578032142857144,
            "std": 0.0005366773882395426,
            "words": {
                "3": "[8 6 5]",
                "6": "[5 5 5]",
                "9": "[5 4 4]",
                "12": "[4 4 3]",
                "15": "[3 1 2]",
                "18": "[1 2 2]",
                "21": "[3 3 3]",
                "24": "[3 3 3]",
                "27": "[3 3 3]"
            },
            "symbolic": {
                "0": 6,
                "3": 5,
                "6": 4,
                "9": 4,
                "12": 3,
                "15": 2,
                "18": 3,
                "21": 3,
                "24": 3
            },
            "avg_amplitude": {
                "0": 0.759036144578323,
                "3": 0.40963855421679307,
                "6": -0.020080321285072866,
                "9": -0.6144578313253791,
                "12": -0.9317269076306497,
                "15": -0.9879518072290142,
                "18": -0.9357429718876151,
                "21": -0.9116465863454654,
                "24": -0.9196787148595748
            }
        },
        "16": {
            "avg": -0.37167392857142856,
            "std": 0.008270742874640266,
            "words": {
                "3": "[5 5 5]",
                "6": "[5 6 6]",
                "9": "[8 7 6]",
                "12": "[6 6 6]",
                "15": "[5 5 5]",
                "18": "[5 5 5]",
                "21": "[5 4 4]",
                "24": "[4 3 3]",
                "27": "[3 1 1]"
            },
            "symbolic": {
                "0": 5,
                "3": 6,
                "6": 7,
                "9": 6,
                "12": 5,
                "15": 5,
                "18": 4,
                "21": 3,
                "24": 2
            },
            "avg_amplitude": {
                "0": 0.5819063926940655,
                "3": 0.814497716894977,
                "6": 0.9768835616438363,
                "9": 0.8010844748858453,
                "12": 0.42865296803653,
                "15": 0.22745433789954358,
                "18": -0.1013127853881286,
                "21": -0.7671232876712328,
                "24": -0.9731735159817353
            }
        },
        "17": {
            "avg": 0.929484642857143,
            "std": 0.0032167334272206875,
            "words": {
                "3": "[8 6 5]",
                "6": "[5 5 4]",
                "9": "[4 3 3]",
                "12": "[3 3 2]",
                "15": "[1 2 3]",
                "18": "[3 3 3]",
                "21": "[3 4 4]",
                "24": "[4 4 4]",
                "27": "[4 4 4]"
            },
            "symbolic": {
                "0": 6,
                "3": 5,
                "6": 3,
                "9": 3,
                "12": 2,
                "15": 3,
                "18": 4,
                "21": 4,
                "24": 4
            },
            "avg_amplitude": {
                "0": 0.6955337690631825,
                "3": 0.050108932461875234,
                "6": -0.7096949891067513,
                "9": -0.9150326797385498,
                "12": -0.9635076252723341,
                "15": -0.8349673202614335,
                "18": -0.6541394335512009,
                "21": -0.34967320261438334,
                "24": -0.3692810457516214
            }
        },
        "18": {
            "avg": 0.9970850000000002,
            "std": 0.00035373666706977323,
            "words": {
                "3": "[8 6 5]",
                "6": "[5 4 5]",
                "9": "[4 4 4]",
                "12": "[4 4 2]",
                "15": "[2 1 2]",
                "18": "[3 4 4]",
                "21": "[4 4 4]",
                "24": "[5 5 5]",
                "27": "[5 5 5]"
            },
            "symbolic": {
                "0": 6,
                "3": 5,
                "6": 4,
                "9": 4,
                "12": 2,
                "15": 4,
                "18": 4,
                "21": 5,
                "24": 5
            },
            "avg_amplitude": {
                "0": 0.8511904761906113,
                "3": 0.13690476190484513,
                "6": -0.27976190476181334,
                "9": -0.6726190476189219,
                "12": -0.9761904761905824,
                "15": -0.6666666666666997,
                "18": -0.22619047619042545,
                "21": 0.4523809523811482,
                "24": 0.5773809523810532
            }
        },
        "19": {
            "avg": 0.8641835714285715,
            "std": 0.0013967162926365616,
            "words": {
                "3": "[5 5 5]",
                "6": "[5 5 5]",
                "9": "[5 6 6]",
                "12": "[6 6 6]",
                "15": "[6 7 7]",
                "18": "[8 7 7]",
                "21": "[6 6 6]",
                "24": "[6 5 5]",
                "27": "[5 4 3]"
            },
            "symbolic": {
                "0": 5,
                "3": 5,
                "6": 6,
                "9": 6,
                "12": 7,
                "15": 7,
                "18": 6,
                "21": 5,
                "24": 4
            },
            "avg_amplitude": {
                "0": 0.33974358974358904,
                "3": 0.498717948717951,
                "6": 0.7256410256410207,
                "9": 0.8846153846153969,
                "12": 0.9615384615384515,
                "15": 0.9820512820512924,
                "18": 0.9115384615384795,
                "21": 0.5205128205128233,
                "24": -0.38076923076924274
            }
        }
    },
    "Y": {
        "0": {
            "avg": 0.0667932892857143,
            "std": 0.07886648575194492,
            "words": {
                "3": "[4 4 4]",
                "6": "[5 5 5]",
                "9": "[6 6 6]",
                "12": "[7 8 7]",
                "15": "[7 6 6]",
                "18": "[6 5 5]",
                "21": "[5 5 5]",
                "24": "[5 4 4]",
                "27": "[4 4 3]"
            },
            "symbolic": {
                "0": 4,
                "3": 5,
                "6": 6,
                "9": 7,
                "12": 6,
                "15": 5,
                "18": 5,
                "21": 4,
                "24": 4
            },
            "avg_amplitude": {
                "0": -0.30837052328057946,
                "3": 0.35382155378616575,
                "6": 0.8507945869786034,
                "9": 0.991821488253219,
                "12": 0.9176906189586812,
                "15": 0.6192614436908154,
                "18": 0.2945168583505355,
                "21": -0.11967993708837132,
                "24": -0.682526950424326
            }
        },
        "1": {
            "avg": 0.9732771428571431,
            "std": 0.005057722996048884,
            "words": {
                "3": "[8 6 6]",
                "6": "[6 5 5]",
                "9": "[5 5 5]",
                "12": "[5 5 5]",
                "15": "[4 4 4]",
                "18": "[4 4 3]",
                "21": "[3 3 3]",
                "24": "[1 3 3]",
                "27": "[4 5 5]"
            },
            "symbolic": {
                "0": 6,
                "3": 5,
                "6": 5,
                "9": 5,
                "12": 4,
                "15": 4,
                "18": 3,
                "21": 3,
                "24": 4
            },
            "avg_amplitude": {
                "0": 0.9304196564470466,
                "3": 0.6647097195042345,
                "6": 0.40639269406392775,
                "9": 0.19417264622743632,
                "12": -0.18286584040009538,
                "15": -0.6164383561643899,
                "18": -0.8573602957164619,
                "21": -0.9343335507719109,
                "24": -0.10154381387257778
            }
        },
        "2": {
            "avg": 0.959605357142857,
            "std": 0.005915577353334188,
            "words": {
                "3": "[6 6 5]",
                "6": "[5 5 5]",
                "9": "[5 4 4]",
                "12": "[4 4 4]",
                "15": "[4 4 4]",
                "18": "[4 3 3]",
                "21": "[3 3 2]",
                "24": "[1 3 3]",
                "27": "[4 4 5]"
            },
            "symbolic": {
                "0": 6,
                "3": 5,
                "6": 4,
                "9": 4,
                "12": 4,
                "15": 3,
                "18": 3,
                "21": 3,
                "24": 4
            },
            "avg_amplitude": {
                "0": 0.7627410468319505,
                "3": 0.3044077134986167,
                "6": -0.014807162534440513,
                "9": -0.25206611570248233,
                "12": -0.5299586776859497,
                "15": -0.7351928374655624,
                "18": -0.9252754820936638,
                "21": -0.9125344352617087,
                "24": -0.021349862258951562
            }
        },
        "3": {
            "avg": 0.9954517857142857,
            "std": 0.0023198356480282024,
            "words": {
                "3": "[5 4 4]",
                "6": "[3 3 2]",
                "9": "[1 2 3]",
                "12": "[3 3 4]",
                "15": "[4 4 4]",
                "18": "[4 4 4]",
                "21": "[4 4 4]",
                "24": "[5 5 5]",
                "27": "[6 6 7]"
            },
            "symbolic": {
                "0": 4,
                "3": 3,
                "6": 2,
                "9": 3,
                "12": 4,
                "15": 4,
                "18": 4,
                "21": 5,
                "24": 6
            },
            "avg_amplitude": {
                "0": -0.10748299319724175,
                "3": -0.890249433106553,
                "6": -0.9709750566893338,
                "9": -0.703401360544191,
                "12": -0.5147392290249114,
                "15": -0.34965986394555415,
                "18": -0.21814058956915275,
                "21": 0.35238095238096623,
                "24": 0.9020408163265244
            }
        },
        "4": {
            "avg": 0.39658428571428556,
            "std": 0.012253699193114856,
            "words": {
                "3": "[6 5 6]",
                "6": "[6 7 8]",
                "9": "[6 5 4]",
                "12": "[4 3 2]",
                "15": "[1 3 3]",
                "18": "[3 3 3]",
                "21": "[3 4 4]",
                "24": "[4 4 4]",
                "27": "[4 4 4]"
            },
            "symbolic": {
                "0": 6,
                "3": 6,
                "6": 5,
                "9": 3,
                "12": 3,
                "15": 3,
                "18": 4,
                "21": 4,
                "24": 4
            },
            "avg_amplitude": {
                "0": 0.7412742382271444,
                "3": 0.9405355493998133,
                "6": 0.28494921514311977,
                "9": -0.7530932594644498,
                "12": -0.9410895660203145,
                "15": -0.8474607571560474,
                "18": -0.6288088642659281,
                "21": -0.27885503231763714,
                "24": -0.07423822714681479
            }
        },
        "5": {
            "avg": 0.9451278571428573,
            "std": 0.005813751486708595,
            "words": {
                "3": "[5 5 4]",
                "6": "[4 3 1]",
                "9": "[3 4 5]",
                "12": "[5 5 6]",
                "15": "[7 6 6]",
                "18": "[7 8 6]",
                "21": "[6 6 5]",
                "24": "[5 5 5]",
                "27": "[5 6 6]"
            },
            "symbolic": {
                "0": 4,
                "3": 3,
                "6": 4,
                "9": 5,
                "12": 6,
                "15": 7,
                "18": 6,
                "21": 5,
                "24": 6
            },
            "avg_amplitude": {
                "0": -0.0120953397367487,
                "3": -0.841337602276773,
                "6": -0.3194592671647061,
                "9": 0.6250444681608006,
                "12": 0.913553895410888,
                "15": 0.972963358235504,
                "18": 0.7666310921380285,
                "21": 0.6463891853432956,
                "24": 0.6926360725720427
            }
        },
        "6": {
            "avg": 0.9868789285714287,
            "std": 0.0018711262983397493,
            "words": {
                "3": "[5 5 6]",
                "6": "[6 7 8]",
                "9": "[6 5 5]",
                "12": "[4 4 4]",
                "15": "[3 3 1]",
                "18": "[3 3 3]",
                "21": "[4 4 4]",
                "24": "[4 4 4]",
                "27": "[4 4 4]"
            },
            "symbolic": {
                "0": 5,
                "3": 6,
                "6": 5,
                "9": 4,
                "12": 3,
                "15": 3,
                "18": 4,
                "21": 4,
                "24": 4
            },
            "avg_amplitude": {
                "0": 0.5945485519591087,
                "3": 0.9522998296422518,
                "6": 0.5831913685405978,
                "9": -0.44690516751845477,
                "12": -0.879613855763752,
                "15": -0.8727995457126504,
                "18": -0.36286201022146924,
                "21": -0.1550255536626722,
                "24": -0.13003975014194577
            }
        },
        "7": {
            "avg": 0.9820425,
            "std": 0.0034434345741812394,
            "words": {
                "3": "[4 4 4]",
                "6": "[4 5 4]",
                "9": "[4 5 5]",
                "12": "[6 6 6]",
                "15": "[6 6 6]",
                "18": "[6 6 5]",
                "21": "[5 5 5]",
                "24": "[5 6 8]",
                "27": "[6 5 4]"
            },
            "symbolic": {
                "0": 4,
                "3": 4,
                "6": 5,
                "9": 6,
                "12": 6,
                "15": 6,
                "18": 5,
                "21": 6,
                "24": 5
            },
            "avg_amplitude": {
                "0": -0.40859394863972803,
                "3": -0.02873124841089821,
                "6": 0.10653445207220402,
                "9": 0.7299771167047938,
                "12": 0.8947368421052572,
                "15": 0.6989575387744552,
                "18": 0.5469107551487394,
                "21": 0.8133740147470047,
                "24": 0.4365624205440953
            }
        },
        "8": {
            "avg": -0.4196467857142857,
            "std": 0.012990168377311343,
            "words": {
                "3": "[1 3 4]",
                "6": "[4 4 5]",
                "9": "[5 5 6]",
                "12": "[6 7 8]",
                "15": "[7 7 6]",
                "18": "[5 5 5]",
                "21": "[5 5 5]",
                "24": "[5 5 5]",
                "27": "[5 4 4]"
            },
            "symbolic": {
                "0": 3,
                "3": 4,
                "6": 5,
                "9": 7,
                "12": 6,
                "15": 5,
                "18": 5,
                "21": 5,
                "24": 4
            },
            "avg_amplitude": {
                "0": -0.7268075639599559,
                "3": -0.16351501668520488,
                "6": 0.5620318872821649,
                "9": 0.9568409343715228,
                "12": 0.9123470522803112,
                "15": 0.5584723767148669,
                "18": 0.5080459770114942,
                "21": 0.2364849833147921,
                "24": -0.2376714868372265
            }
        },
        "9": {
            "avg": 0.8925792857142858,
            "std": 0.0457747293155879,
            "words": {
                "3": "[5 5 4]",
                "6": "[4 4 4]",
                "9": "[4 4 4]",
                "12": "[3 3 1]",
                "15": "[3 3 4]",
                "18": "[4 4 4]",
                "21": "[5 5 6]",
                "24": "[7 8 7]",
                "27": "[6 6 6]"
            },
            "symbolic": {
                "0": 5,
                "3": 4,
                "6": 4,
                "9": 3,
                "12": 3,
                "15": 4,
                "18": 5,
                "21": 7,
                "24": 6
            },
            "avg_amplitude": {
                "0": 0.011623602576441535,
                "3": -0.1271192714888584,
                "6": -0.4760741343994481,
                "9": -0.9140198909207565,
                "12": -0.8068655758742386,
                "15": -0.29088620715184804,
                "18": 0.6005034426593626,
                "21": 0.9878087905036895,
                "24": 0.8376150637940828
            }
        },
        "10": {
            "avg": 0.9712825000000003,
            "std": 0.02121551557058952,
            "words": {
                "3": "[4 4 4]",
                "6": "[4 4 4]",
                "9": "[3 3 3]",
                "12": "[3 1 2]",
                "15": "[3 3 4]",
                "18": "[4 5 5]",
                "21": "[5 6 6]",
                "24": "[6 7 7]",
                "27": "[7 8 7]"
            },
            "symbolic": {
                "0": 4,
                "3": 4,
                "6": 3,
                "9": 2,
                "12": 3,
                "15": 5,
                "18": 6,
                "21": 6,
                "24": 7
            },
            "avg_amplitude": {
                "0": -0.2863937914632589,
                "3": -0.615095756665412,
                "6": -0.8575541369382883,
                "9": -0.9692076605332289,
                "12": -0.8061083990486894,
                "15": 0.2379521842533504,
                "18": 0.7343847790712245,
                "21": 0.9500563274502435,
                "24": 0.9943672549755934
            }
        },
        "11": {
            "avg": 0.9898471428571428,
            "std": 0.010118951364621574,
            "words": {
                "3": "[7 6 6]",
                "6": "[5 5 6]",
                "9": "[6 5 5]",
                "12": "[4 4 3]",
                "15": "[1 5 5]",
                "18": "[4 4 4]",
                "21": "[5 6 6]",
                "24": "[6 7 7]",
                "27": "[7 8 7]"
            },
            "symbolic": {
                "0": 6,
                "3": 5,
                "6": 5,
                "9": 4,
                "12": 4,
                "15": 4,
                "18": 6,
                "21": 6,
                "24": 7
            },
            "avg_amplitude": {
                "0": 0.8447309417040406,
                "3": 0.4801943198804251,
                "6": 0.5792227204783303,
                "9": -0.3641629297458923,
                "12": -0.2656950672645744,
                "15": -0.12014200298953914,
                "18": 0.7621449925261651,
                "21": 0.954409566517198,
                "24": 0.9904708520179412
            }
        },
        "12": {
            "avg": 0.39488678571428576,
            "std": 0.0020160541835227254,
            "words": {
                "3": "[5 1 4]",
                "6": "[5 6 5]",
                "9": "[6 6 7]",
                "12": "[8 7 6]",
                "15": "[6 6 6]",
                "18": "[6 6 6]",
                "21": "[5 5 5]",
                "24": "[5 5 5]",
                "27": "[5 5 5]"
            },
            "symbolic": {
                "0": 4,
                "3": 5,
                "6": 6,
                "9": 7,
                "12": 6,
                "15": 6,
                "18": 5,
                "21": 5,
                "24": 5
            },
            "avg_amplitude": {
                "0": -0.3740219092331783,
                "3": 0.46635367762128116,
                "6": 0.8920187793427196,
                "9": 0.969483568075113,
                "12": 0.8309859154929544,
                "15": 0.7464788732394315,
                "18": 0.27151799687010447,
                "21": 0.14397496087636732,
                "24": 0.11111111111110679
            }
        },
        "13": {
            "avg": 0.9576092857142856,
            "std": 0.002051221729119141,
            "words": {
                "3": "[5 4 4]",
                "6": "[4 4 4]",
                "9": "[3 3 3]",
                "12": "[2 2 1]",
                "15": "[2 3 3]",
                "18": "[3 3 3]",
                "21": "[3 3 4]",
                "24": "[4 4 5]",
                "27": "[5 5 6]"
            },
            "symbolic": {
                "0": 4,
                "3": 4,
                "6": 3,
                "9": 2,
                "12": 3,
                "15": 3,
                "18": 4,
                "21": 4,
                "24": 5
            },
            "avg_amplitude": {
                "0": -0.1077348066298462,
                "3": -0.5690607734806766,
                "6": -0.8278084714548952,
                "9": -0.9760589318600331,
                "12": -0.9318600368324255,
                "15": -0.8130755064456823,
                "18": -0.6620626151012998,
                "21": -0.21362799263352925,
                "24": 0.5893186003683276
            }
        },
        "14": {
            "avg": 0.9952332142857145,
            "std": 0.0003136175256279029,
            "words": {
                "3": "[6 8 6]",
                "6": "[5 5 5]",
                "9": "[4 4 4]",
                "12": "[4 3 3]",
                "15": "[3 3 3]",
                "18": "[3 1 2]",
                "21": "[1 2 3]",
                "24": "[3 4 4]",
                "27": "[4 4 5]"
            },
            "symbolic": {
                "0": 6,
                "3": 5,
                "6": 4,
                "9": 3,
                "12": 3,
                "15": 2,
                "18": 3,
                "21": 4,
                "24": 4
            },
            "avg_amplitude": {
                "0": 0.8300653594771212,
                "3": 0.3790849673201924,
                "6": -0.29411764705878934,
                "9": -0.7843137254901897,
                "12": -0.8235294117645884,
                "15": -0.9738562091502314,
                "18": -0.9411764705881477,
                "21": -0.45751633986920776,
                "24": -0.032679738561974814
            }
        },
        "15": {
            "avg": 0.8578032142857144,
            "std": 0.0005366773882395426,
            "words": {
                "3": "[8 6 5]",
                "6": "[5 5 5]",
                "9": "[5 4 4]",
                "12": "[4 4 3]",
                "15": "[3 1 2]",
                "18": "[1 2 2]",
                "21": "[3 3 3]",
                "24": "[3 3 3]",
                "27": "[3 3 3]"
            },
            "symbolic": {
                "0": 6,
                "3": 5,
                "6": 4,
                "9": 4,
                "12": 3,
                "15": 2,
                "18": 3,
                "21": 3,
                "24": 3
            },
            "avg_amplitude": {
                "0": 0.759036144578323,
                "3": 0.40963855421679307,
                "6": -0.020080321285072866,
                "9": -0.6144578313253791,
                "12": -0.9317269076306497,
                "15": -0.9879518072290142,
                "18": -0.9357429718876151,
                "21": -0.9116465863454654,
                "24": -0.9196787148595748
            }
        },
        "16": {
            "avg": -0.37167392857142856,
            "std": 0.008270742874640266,
            "words": {
                "3": "[5 5 5]",
                "6": "[5 6 6]",
                "9": "[8 7 6]",
                "12": "[6 6 6]",
                "15": "[5 5 5]",
                "18": "[5 5 5]",
                "21": "[5 4 4]",
                "24": "[4 3 3]",
                "27": "[3 1 1]"
            },
            "symbolic": {
                "0": 5,
                "3": 6,
                "6": 7,
                "9": 6,
                "12": 5,
                "15": 5,
                "18": 4,
                "21": 3,
                "24": 2
            },
            "avg_amplitude": {
                "0": 0.5819063926940655,
                "3": 0.814497716894977,
                "6": 0.9768835616438363,
                "9": 0.8010844748858453,
                "12": 0.42865296803653,
                "15": 0.22745433789954358,
                "18": -0.1013127853881286,
                "21": -0.7671232876712328,
                "24": -0.9731735159817353
            }
        },
        "17": {
            "avg": 0.929484642857143,
            "std": 0.0032167334272206875,
            "words": {
                "3": "[8 6 5]",
                "6": "[5 5 4]",
                "9": "[4 3 3]",
                "12": "[3 3 2]",
                "15": "[1 2 3]",
                "18": "[3 3 3]",
                "21": "[3 4 4]",
                "24": "[4 4 4]",
                "27": "[4 4 4]"
            },
            "symbolic": {
                "0": 6,
                "3": 5,
                "6": 3,
                "9": 3,
                "12": 2,
                "15": 3,
                "18": 4,
                "21": 4,
                "24": 4
            },
            "avg_amplitude": {
                "0": 0.6955337690631825,
                "3": 0.050108932461875234,
                "6": -0.7096949891067513,
                "9": -0.9150326797385498,
                "12": -0.9635076252723341,
                "15": -0.8349673202614335,
                "18": -0.6541394335512009,
                "21": -0.34967320261438334,
                "24": -0.3692810457516214
            }
        },
        "18": {
            "avg": 0.9970850000000002,
            "std": 0.00035373666706977323,
            "words": {
                "3": "[8 6 5]",
                "6": "[5 4 5]",
                "9": "[4 4 4]",
                "12": "[4 4 2]",
                "15": "[2 1 2]",
                "18": "[3 4 4]",
                "21": "[4 4 4]",
                "24": "[5 5 5]",
                "27": "[5 5 5]"
            },
            "symbolic": {
                "0": 6,
                "3": 5,
                "6": 4,
                "9": 4,
                "12": 2,
                "15": 4,
                "18": 4,
                "21": 5,
                "24": 5
            },
            "avg_amplitude": {
                "0": 0.8511904761906113,
                "3": 0.13690476190484513,
                "6": -0.27976190476181334,
                "9": -0.6726190476189219,
                "12": -0.9761904761905824,
                "15": -0.6666666666666997,
                "18": -0.22619047619042545,
                "21": 0.4523809523811482,
                "24": 0.5773809523810532
            }
        },
        "19": {
            "avg": 0.8641835714285715,
            "std": 0.0013967162926365616,
            "words": {
                "3": "[5 5 5]",
                "6": "[5 5 5]",
                "9": "[5 6 6]",
                "12": "[6 6 6]",
                "15": "[6 7 7]",
                "18": "[8 7 7]",
                "21": "[6 6 6]",
                "24": "[6 5 5]",
                "27": "[5 4 3]"
            },
            "symbolic": {
                "0": 5,
                "3": 5,
                "6": 6,
                "9": 6,
                "12": 7,
                "15": 7,
                "18": 6,
                "21": 5,
                "24": 4
            },
            "avg_amplitude": {
                "0": 0.33974358974358904,
                "3": 0.498717948717951,
                "6": 0.7256410256410207,
                "9": 0.8846153846153969,
                "12": 0.9615384615384515,
                "15": 0.9820512820512924,
                "18": 0.9115384615384795,
                "21": 0.5205128205128233,
                "24": -0.38076923076924274
            }
        }
    },
    "Z": {
        "0": {
            "avg": 0.0667932892857143,
            "std": 0.07886648575194492,
            "words": {
                "3": "[4 4 4]",
                "6": "[5 5 5]",
                "9": "[6 6 6]",
                "12": "[7 8 7]",
                "15": "[7 6 6]",
                "18": "[6 5 5]",
                "21": "[5 5 5]",
                "24": "[5 4 4]",
                "27": "[4 4 3]"
            },
            "symbolic": {
                "0": 4,
                "3": 5,
                "6": 6,
                "9": 7,
                "12": 6,
                "15": 5,
                "18": 5,
                "21": 4,
                "24": 4
            },
            "avg_amplitude": {
                "0": -0.30837052328057946,
                "3": 0.35382155378616575,
                "6": 0.8507945869786034,
                "9": 0.991821488253219,
                "12": 0.9176906189586812,
                "15": 0.6192614436908154,
                "18": 0.2945168583505355,
                "21": -0.11967993708837132,
                "24": -0.682526950424326
            }
        },
        "1": {
            "avg": 0.9732771428571431,
            "std": 0.005057722996048884,
            "words": {
                "3": "[8 6 6]",
                "6": "[6 5 5]",
                "9": "[5 5 5]",
                "12": "[5 5 5]",
                "15": "[4 4 4]",
                "18": "[4 4 3]",
                "21": "[3 3 3]",
                "24": "[1 3 3]",
                "27": "[4 5 5]"
            },
            "symbolic": {
                "0": 6,
                "3": 5,
                "6": 5,
                "9": 5,
                "12": 4,
                "15": 4,
                "18": 3,
                "21": 3,
                "24": 4
            },
            "avg_amplitude": {
                "0": 0.9304196564470466,
                "3": 0.6647097195042345,
                "6": 0.40639269406392775,
                "9": 0.19417264622743632,
                "12": -0.18286584040009538,
                "15": -0.6164383561643899,
                "18": -0.8573602957164619,
                "21": -0.9343335507719109,
                "24": -0.10154381387257778
            }
        },
        "2": {
            "avg": 0.959605357142857,
            "std": 0.005915577353334188,
            "words": {
                "3": "[6 6 5]",
                "6": "[5 5 5]",
                "9": "[5 4 4]",
                "12": "[4 4 4]",
                "15": "[4 4 4]",
                "18": "[4 3 3]",
                "21": "[3 3 2]",
                "24": "[1 3 3]",
                "27": "[4 4 5]"
            },
            "symbolic": {
                "0": 6,
                "3": 5,
                "6": 4,
                "9": 4,
                "12": 4,
                "15": 3,
                "18": 3,
                "21": 3,
                "24": 4
            },
            "avg_amplitude": {
                "0": 0.7627410468319505,
                "3": 0.3044077134986167,
                "6": -0.014807162534440513,
                "9": -0.25206611570248233,
                "12": -0.5299586776859497,
                "15": -0.7351928374655624,
                "18": -0.9252754820936638,
                "21": -0.9125344352617087,
                "24": -0.021349862258951562
            }
        },
        "3": {
            "avg": 0.9954517857142857,
            "std": 0.0023198356480282024,
            "words": {
                "3": "[5 4 4]",
                "6": "[3 3 2]",
                "9": "[1 2 3]",
                "12": "[3 3 4]",
                "15": "[4 4 4]",
                "18": "[4 4 4]",
                "21": "[4 4 4]",
                "24": "[5 5 5]",
                "27": "[6 6 7]"
            },
            "symbolic": {
                "0": 4,
                "3": 3,
                "6": 2,
                "9": 3,
                "12": 4,
                "15": 4,
                "18": 4,
                "21": 5,
                "24": 6
            },
            "avg_amplitude": {
                "0": -0.10748299319724175,
                "3": -0.890249433106553,
                "6": -0.9709750566893338,
                "9": -0.703401360544191,
                "12": -0.5147392290249114,
                "15": -0.34965986394555415,
                "18": -0.21814058956915275,
                "21": 0.35238095238096623,
                "24": 0.9020408163265244
            }
        },
        "4": {
            "avg": 0.39658428571428556,
            "std": 0.012253699193114856,
            "words": {
                "3": "[6 5 6]",
                "6": "[6 7 8]",
                "9": "[6 5 4]",
                "12": "[4 3 2]",
                "15": "[1 3 3]",
                "18": "[3 3 3]",
                "21": "[3 4 4]",
                "24": "[4 4 4]",
                "27": "[4 4 4]"
            },
            "symbolic": {
                "0": 6,
                "3": 6,
                "6": 5,
                "9": 3,
                "12": 3,
                "15": 3,
                "18": 4,
                "21": 4,
                "24": 4
            },
            "avg_amplitude": {
                "0": 0.7412742382271444,
                "3": 0.9405355493998133,
                "6": 0.28494921514311977,
                "9": -0.7530932594644498,
                "12": -0.9410895660203145,
                "15": -0.8474607571560474,
                "18": -0.6288088642659281,
                "21": -0.27885503231763714,
                "24": -0.07423822714681479
            }
        },
        "5": {
            "avg": 0.9451278571428573,
            "std": 0.005813751486708595,
            "words": {
                "3": "[5 5 4]",
                "6": "[4 3 1]",
                "9": "[3 4 5]",
                "12": "[5 5 6]",
                "15": "[7 6 6]",
                "18": "[7 8 6]",
                "21": "[6 6 5]",
                "24": "[5 5 5]",
                "27": "[5 6 6]"
            },
            "symbolic": {
                "0": 4,
                "3": 3,
                "6": 4,
                "9": 5,
                "12": 6,
                "15": 7,
                "18": 6,
                "21": 5,
                "24": 6
            },
            "avg_amplitude": {
                "0": -0.0120953397367487,
                "3": -0.841337602276773,
                "6": -0.3194592671647061,
                "9": 0.6250444681608006,
                "12": 0.913553895410888,
                "15": 0.972963358235504,
                "18": 0.7666310921380285,
                "21": 0.6463891853432956,
                "24": 0.6926360725720427
            }
        },
        "6": {
            "avg": 0.9868789285714287,
            "std": 0.0018711262983397493,
            "words": {
                "3": "[5 5 6]",
                "6": "[6 7 8]",
                "9": "[6 5 5]",
                "12": "[4 4 4]",
                "15": "[3 3 1]",
                "18": "[3 3 3]",
                "21": "[4 4 4]",
                "24": "[4 4 4]",
                "27": "[4 4 4]"
            },
            "symbolic": {
                "0": 5,
                "3": 6,
                "6": 5,
                "9": 4,
                "12": 3,
                "15": 3,
                "18": 4,
                "21": 4,
                "24": 4
            },
            "avg_amplitude": {
                "0": 0.5945485519591087,
                "3": 0.9522998296422518,
                "6": 0.5831913685405978,
                "9": -0.44690516751845477,
                "12": -0.879613855763752,
                "15": -0.8727995457126504,
                "18": -0.36286201022146924,
                "21": -0.1550255536626722,
                "24": -0.13003975014194577
            }
        },
        "7": {
            "avg": 0.9820425,
            "std": 0.0034434345741812394,
            "words": {
                "3": "[4 4 4]",
                "6": "[4 5 4]",
                "9": "[4 5 5]",
                "12": "[6 6 6]",
                "15": "[6 6 6]",
                "18": "[6 6 5]",
                "21": "[5 5 5]",
                "24": "[5 6 8]",
                "27": "[6 5 4]"
            },
            "symbolic": {
                "0": 4,
                "3": 4,
                "6": 5,
                "9": 6,
                "12": 6,
                "15": 6,
                "18": 5,
                "21": 6,
                "24": 5
            },
            "avg_amplitude": {
                "0": -0.40859394863972803,
                "3": -0.02873124841089821,
                "6": 0.10653445207220402,
                "9": 0.7299771167047938,
                "12": 0.8947368421052572,
                "15": 0.6989575387744552,
                "18": 0.5469107551487394,
                "21": 0.8133740147470047,
                "24": 0.4365624205440953
            }
        },
        "8": {
            "avg": -0.4196467857142857,
            "std": 0.012990168377311343,
            "words": {
                "3": "[1 3 4]",
                "6": "[4 4 5]",
                "9": "[5 5 6]",
                "12": "[6 7 8]",
                "15": "[7 7 6]",
                "18": "[5 5 5]",
                "21": "[5 5 5]",
                "24": "[5 5 5]",
                "27": "[5 4 4]"
            },
            "symbolic": {
                "0": 3,
                "3": 4,
                "6": 5,
                "9": 7,
                "12": 6,
                "15": 5,
                "18": 5,
                "21": 5,
                "24": 4
            },
            "avg_amplitude": {
                "0": -0.7268075639599559,
                "3": -0.16351501668520488,
                "6": 0.5620318872821649,
                "9": 0.9568409343715228,
                "12": 0.9123470522803112,
                "15": 0.5584723767148669,
                "18": 0.5080459770114942,
                "21": 0.2364849833147921,
                "24": -0.2376714868372265
            }
        },
        "9": {
            "avg": 0.8925792857142858,
            "std": 0.0457747293155879,
            "words": {
                "3": "[5 5 4]",
                "6": "[4 4 4]",
                "9": "[4 4 4]",
                "12": "[3 3 1]",
                "15": "[3 3 4]",
                "18": "[4 4 4]",
                "21": "[5 5 6]",
                "24": "[7 8 7]",
                "27": "[6 6 6]"
            },
            "symbolic": {
                "0": 5,
                "3": 4,
                "6": 4,
                "9": 3,
                "12": 3,
                "15": 4,
                "18": 5,
                "21": 7,
                "24": 6
            },
            "avg_amplitude": {
                "0": 0.011623602576441535,
                "3": -0.1271192714888584,
                "6": -0.4760741343994481,
                "9": -0.9140198909207565,
                "12": -0.8068655758742386,
                "15": -0.29088620715184804,
                "18": 0.6005034426593626,
                "21": 0.9878087905036895,
                "24": 0.8376150637940828
            }
        },
        "10": {
            "avg": 0.9712825000000003,
            "std": 0.02121551557058952,
            "words": {
                "3": "[4 4 4]",
                "6": "[4 4 4]",
                "9": "[3 3 3]",
                "12": "[3 1 2]",
                "15": "[3 3 4]",
                "18": "[4 5 5]",
                "21": "[5 6 6]",
                "24": "[6 7 7]",
                "27": "[7 8 7]"
            },
            "symbolic": {
                "0": 4,
                "3": 4,
                "6": 3,
                "9": 2,
                "12": 3,
                "15": 5,
                "18": 6,
                "21": 6,
                "24": 7
            },
            "avg_amplitude": {
                "0": -0.2863937914632589,
                "3": -0.615095756665412,
                "6": -0.8575541369382883,
                "9": -0.9692076605332289,
                "12": -0.8061083990486894,
                "15": 0.2379521842533504,
                "18": 0.7343847790712245,
                "21": 0.9500563274502435,
                "24": 0.9943672549755934
            }
        },
        "11": {
            "avg": 0.9898471428571428,
            "std": 0.010118951364621574,
            "words": {
                "3": "[7 6 6]",
                "6": "[5 5 6]",
                "9": "[6 5 5]",
                "12": "[4 4 3]",
                "15": "[1 5 5]",
                "18": "[4 4 4]",
                "21": "[5 6 6]",
                "24": "[6 7 7]",
                "27": "[7 8 7]"
            },
            "symbolic": {
                "0": 6,
                "3": 5,
                "6": 5,
                "9": 4,
                "12": 4,
                "15": 4,
                "18": 6,
                "21": 6,
                "24": 7
            },
            "avg_amplitude": {
                "0": 0.8447309417040406,
                "3": 0.4801943198804251,
                "6": 0.5792227204783303,
                "9": -0.3641629297458923,
                "12": -0.2656950672645744,
                "15": -0.12014200298953914,
                "18": 0.7621449925261651,
                "21": 0.954409566517198,
                "24": 0.9904708520179412
            }
        },
        "12": {
            "avg": 0.39488678571428576,
            "std": 0.0020160541835227254,
            "words": {
                "3": "[5 1 4]",
                "6": "[5 6 5]",
                "9": "[6 6 7]",
                "12": "[8 7 6]",
                "15": "[6 6 6]",
                "18": "[6 6 6]",
                "21": "[5 5 5]",
                "24": "[5 5 5]",
                "27": "[5 5 5]"
            },
            "symbolic": {
                "0": 4,
                "3": 5,
                "6": 6,
                "9": 7,
                "12": 6,
                "15": 6,
                "18": 5,
                "21": 5,
                "24": 5
            },
            "avg_amplitude": {
                "0": -0.3740219092331783,
                "3": 0.46635367762128116,
                "6": 0.8920187793427196,
                "9": 0.969483568075113,
                "12": 0.8309859154929544,
                "15": 0.7464788732394315,
                "18": 0.27151799687010447,
                "21": 0.14397496087636732,
                "24": 0.11111111111110679
            }
        },
        "13": {
            "avg": 0.9576092857142856,
            "std": 0.002051221729119141,
            "words": {
                "3": "[5 4 4]",
                "6": "[4 4 4]",
                "9": "[3 3 3]",
                "12": "[2 2 1]",
                "15": "[2 3 3]",
                "18": "[3 3 3]",
                "21": "[3 3 4]",
                "24": "[4 4 5]",
                "27": "[5 5 6]"
            },
            "symbolic": {
                "0": 4,
                "3": 4,
                "6": 3,
                "9": 2,
                "12": 3,
                "15": 3,
                "18": 4,
                "21": 4,
                "24": 5
            },
            "avg_amplitude": {
                "0": -0.1077348066298462,
                "3": -0.5690607734806766,
                "6": -0.8278084714548952,
                "9": -0.9760589318600331,
                "12": -0.9318600368324255,
                "15": -0.8130755064456823,
                "18": -0.6620626151012998,
                "21": -0.21362799263352925,
                "24": 0.5893186003683276
            }
        },
        "14": {
            "avg": 0.9952332142857145,
            "std": 0.0003136175256279029,
            "words": {
                "3": "[6 8 6]",
                "6": "[5 5 5]",
                "9": "[4 4 4]",
                "12": "[4 3 3]",
                "15": "[3 3 3]",
                "18": "[3 1 2]",
                "21": "[1 2 3]",
                "24": "[3 4 4]",
                "27": "[4 4 5]"
            },
            "symbolic": {
                "0": 6,
                "3": 5,
                "6": 4,
                "9": 3,
                "12": 3,
                "15": 2,
                "18": 3,
                "21": 4,
                "24": 4
            },
            "avg_amplitude": {
                "0": 0.8300653594771212,
                "3": 0.3790849673201924,
                "6": -0.29411764705878934,
                "9": -0.7843137254901897,
                "12": -0.8235294117645884,
                "15": -0.9738562091502314,
                "18": -0.9411764705881477,
                "21": -0.45751633986920776,
                "24": -0.032679738561974814
            }
        },
        "15": {
            "avg": 0.8578032142857144,
            "std": 0.0005366773882395426,
            "words": {
                "3": "[8 6 5]",
                "6": "[5 5 5]",
                "9": "[5 4 4]",
                "12": "[4 4 3]",
                "15": "[3 1 2]",
                "18": "[1 2 2]",
                "21": "[3 3 3]",
                "24": "[3 3 3]",
                "27": "[3 3 3]"
            },
            "symbolic": {
                "0": 6,
                "3": 5,
                "6": 4,
                "9": 4,
                "12": 3,
                "15": 2,
                "18": 3,
                "21": 3,
                "24": 3
            },
            "avg_amplitude": {
                "0": 0.759036144578323,
                "3": 0.40963855421679307,
                "6": -0.020080321285072866,
                "9": -0.6144578313253791,
                "12": -0.9317269076306497,
                "15": -0.9879518072290142,
                "18": -0.9357429718876151,
                "21": -0.9116465863454654,
                "24": -0.9196787148595748
            }
        },
        "16": {
            "avg": -0.37167392857142856,
            "std": 0.008270742874640266,
            "words": {
                "3": "[5 5 5]",
                "6": "[5 6 6]",
                "9": "[8 7 6]",
                "12": "[6 6 6]",
                "15": "[5 5 5]",
                "18": "[5 5 5]",
                "21": "[5 4 4]",
                "24": "[4 3 3]",
                "27": "[3 1 1]"
            },
            "symbolic": {
                "0": 5,
                "3": 6,
                "6": 7,
                "9": 6,
                "12": 5,
                "15": 5,
                "18": 4,
                "21": 3,
                "24": 2
            },
            "avg_amplitude": {
                "0": 0.5819063926940655,
                "3": 0.814497716894977,
                "6": 0.9768835616438363,
                "9": 0.8010844748858453,
                "12": 0.42865296803653,
                "15": 0.22745433789954358,
                "18": -0.1013127853881286,
                "21": -0.7671232876712328,
                "24": -0.9731735159817353
            }
        },
        "17": {
            "avg": 0.929484642857143,
            "std": 0.0032167334272206875,
            "words": {
                "3": "[8 6 5]",
                "6": "[5 5 4]",
                "9": "[4 3 3]",
                "12": "[3 3 2]",
                "15": "[1 2 3]",
                "18": "[3 3 3]",
                "21": "[3 4 4]",
                "24": "[4 4 4]",
                "27": "[4 4 4]"
            },
            "symbolic": {
                "0": 6,
                "3": 5,
                "6": 3,
                "9": 3,
                "12": 2,
                "15": 3,
                "18": 4,
                "21": 4,
                "24": 4
            },
            "avg_amplitude": {
                "0": 0.6955337690631825,
                "3": 0.050108932461875234,
                "6": -0.7096949891067513,
                "9": -0.9150326797385498,
                "12": -0.9635076252723341,
                "15": -0.8349673202614335,
                "18": -0.6541394335512009,
                "21": -0.34967320261438334,
                "24": -0.3692810457516214
            }
        },
        "18": {
            "avg": 0.9970850000000002,
            "std": 0.00035373666706977323,
            "words": {
                "3": "[8 6 5]",
                "6": "[5 4 5]",
                "9": "[4 4 4]",
                "12": "[4 4 2]",
                "15": "[2 1 2]",
                "18": "[3 4 4]",
                "21": "[4 4 4]",
                "24": "[5 5 5]",
                "27": "[5 5 5]"
            },
            "symbolic": {
                "0": 6,
                "3": 5,
                "6": 4,
                "9": 4,
                "12": 2,
                "15": 4,
                "18": 4,
                "21": 5,
                "24": 5
            },
            "avg_amplitude": {
                "0": 0.8511904761906113,
                "3": 0.13690476190484513,
                "6": -0.27976190476181334,
                "9": -0.6726190476189219,
                "12": -0.9761904761905824,
                "15": -0.6666666666666997,
                "18": -0.22619047619042545,
                "21": 0.4523809523811482,
                "24": 0.5773809523810532
            }
        },
        "19": {
            "avg": 0.8641835714285715,
            "std": 0.0013967162926365616,
            "words": {
                "3": "[5 5 5]",
                "6": "[5 5 5]",
                "9": "[5 6 6]",
                "12": "[6 6 6]",
                "15": "[6 7 7]",
                "18": "[8 7 7]",
                "21": "[6 6 6]",
                "24": "[6 5 5]",
                "27": "[5 4 3]"
            },
            "symbolic": {
                "0": 5,
                "3": 5,
                "6": 6,
                "9": 6,
                "12": 7,
                "15": 7,
                "18": 6,
                "21": 5,
                "24": 4
            },
            "avg_amplitude": {
                "0": 0.33974358974358904,
                "3": 0.498717948717951,
                "6": 0.7256410256410207,
                "9": 0.8846153846153969,
                "12": 0.9615384615384515,
                "15": 0.9820512820512924,
                "18": 0.9115384615384795,
                "21": 0.5205128205128233,
                "24": -0.38076923076924274
            }
        }
    }
}