{
    "W": {
        "0": {
            "avg": 0.083937412,
            "std": 0.042535834419074624,
            "words": {
                "3": "[4 5 5]",
                "6": "[6 6 6]",
                "9": "[6 7 7]",
                "12": "[8 7 6]",
                "15": "[6 6 5]",
                "18": "[5 5 5]",
                "21": "[4 4 4]",
                "24": "[4 4 3]"
            },
            "symbolic": {
                "0": 5,
                "3": 6,
                "6": 7,
                "9": 7,
                "12": 5,
                "15": 5,
                "18": 4,
                "21": 4
            },
            "avg_amplitude": {
                "0": 0.046955886575433925,
                "3": 0.8116238194952526,
                "6": 0.9622286536028746,
                "9": 0.9667938926712295,
                "12": 0.6286105935171201,
                "15": 0.2485472328043663,
                "18": -0.19023471335704858,
                "21": -0.5579680841733974
            }
        },
        "1": {
            "avg": 0.9780400000000001,
            "std": 0.00536540150718781,
            "words": {
                "3": "[8 6 5]",
                "6": "[5 5 5]",
                "9": "[4 4 4]",
                "12": "[4 3 3]",
                "15": "[3 3 1]",
                "18": "[2 2 2]",
                "21": "[2 3 3]",
                "24": "[3 4 4]"
            },
            "symbolic": {
                "0": 6,
                "3": 5,
                "6": 4,
                "9": 3,
                "12": 2,
                "15": 2,
                "18": 3,
                "21": 4
            },
            "avg_amplitude": {
                "0": 0.7374517374517424,
                "3": 0.18404118404118072,
                "6": -0.3193601765030359,
                "9": -0.7289943004228784,
                "12": -0.9569773855488178,
                "15": -0.9867622724765653,
                "18": -0.8746093031807382,
                "21": -0.6646442360728207
            }
        },
        "2": {
            "avg": 0.9666364000000001,
            "std": 0.006697566647671377,
            "words": {
                "3": "[8 5 5]",
                "6": "[5 5 4]",
                "9": "[4 4 4]",
                "12": "[4 4 3]",
                "15": "[3 2 1]",
                "18": "[2 2 2]",
                "21": "[2 3 3]",
                "24": "[3 3 3]"
            },
            "symbolic": {
                "0": 6,
                "3": 4,
                "6": 4,
                "9": 3,
                "12": 2,
                "15": 2,
                "18": 3,
                "21": 3
            },
            "avg_amplitude": {
                "0": 0.6837391547719051,
                "3": -0.003638399104394637,
                "6": -0.4696333613210208,
                "9": -0.7072488105233764,
                "12": -0.9582983487265665,
                "15": -0.9812482507696688,
                "18": -0.93730758466276,
                "21": -0.7822558074447258
            }
        },
        "3": {
            "avg": 0.9913763999999999,
            "std": 0.0011885736549887465,
            "words": {
                "3": "[6 5 4]",
                "6": "[4 3 3]",
                "9": "[3 2 2]",
                "12": "[1 2 3]",
                "15": "[3 3 3]",
                "18": "[3 3 4]",
                "21": "[4 4 4]",
                "24": "[5 5 6]"
            },
            "symbolic": {
                "0": 5,
                "3": 4,
                "6": 3,
                "9": 2,
                "12": 3,
                "15": 3,
                "18": 4,
                "21": 5
            },
            "avg_amplitude": {
                "0": 0.24531835205993083,
                "3": -0.6198501872659229,
                "6": -0.9194756554306832,
                "9": -0.9775280898876387,
                "12": -0.9082397003745338,
                "15": -0.7340823970037293,
                "18": -0.2715355805243765,
                "21": 0.6048689138576682
            }
        },
        "4": {
            "avg": 0.43167919999999993,
            "std": 0.0022046124375953258,
            "words": {
                "3": "[6 6 8]",
                "6": "[7 6 5]",
                "9": "[1 2 3]",
                "12": "[4 4 4]",
                "15": "[4 4 4]",
                "18": "[4 4 4]",
                "21": "[4 4 4]",
                "24": "[3 3 3]"
            },
            "symbolic": {
                "0": 6,
                "3": 6,
                "6": 3,
                "9": 4,
                "12": 4,
                "15": 4,
                "18": 4,
                "21": 3
            },
            "avg_amplitude": {
                "0": 0.930966469427994,
                "3": 0.7514792899408169,
                "6": -0.9250493096646909,
                "9": -0.3964497041420198,
                "12": -0.20414201183431704,
                "15": -0.1627218934911354,
                "18": -0.2603550295858084,
                "21": -0.7593688362919261
            }
        },
        "5": {
            "avg": 0.927926,
            "std": 0.0029007628307050537,
            "words": {
                "3": "[5 5 5]",
                "6": "[4 3 1]",
                "9": "[3 3 2]",
                "12": "[2 5 8]",
                "15": "[7 5 5]",
                "18": "[5 5 5]",
                "21": "[5 5 5]",
                "24": "[5 6 6]"
            },
            "symbolic": {
                "0": 5,
                "3": 4,
                "6": 3,
                "9": 5,
                "12": 6,
                "15": 5,
                "18": 5,
                "21": 6
            },
            "avg_amplitude": {
                "0": 0.3286384976526034,
                "3": -0.6517996870109611,
                "6": -0.9029733959311393,
                "9": 0.06651017214396875,
                "12": 0.6917057902973651,
                "15": 0.45305164319250135,
                "18": 0.506259780907692,
                "21": 0.7543035993740501
            }
        },
        "6": {
            "avg": 0.9864744000000001,
            "std": 0.0012575507942027533,
            "words": {
                "3": "[6 8 6]",
                "6": "[5 5 4]",
                "9": "[4 3 3]",
                "12": "[1 3 4]",
                "15": "[4 4 4]",
                "18": "[4 4 5]",
                "21": "[5 5 5]",
                "24": "[5 5 5]"
            },
            "symbolic": {
                "0": 6,
                "3": 4,
                "6": 3,
                "9": 3,
                "12": 4,
                "15": 4,
                "18": 5,
                "21": 5
            },
            "avg_amplitude": {
                "0": 0.874242424242393,
                "3": -0.013636363636377066,
                "6": -0.77121212121214,
                "9": -0.7954545454545375,
                "12": -0.3242424242424489,
                "15": -0.04242424242425891,
                "18": 0.29393939393935514,
                "21": 0.48787878787872135
            }
        },
        "7": {
            "avg": 0.9984884000000003,
            "std": 0.00023577319610166086,
            "words": {
                "3": "[5 8 6]",
                "6": "[6 6 5]",
                "9": "[5 5 5]",
                "12": "[5 5 5]",
                "15": "[5 4 4]",
                "18": "[4 4 4]",
                "21": "[4 4 4]",
                "24": "[4 4 4]"
            },
            "symbolic": {
                "0": 6,
                "3": 6,
                "6": 5,
                "9": 5,
                "12": 4,
                "15": 4,
                "18": 4,
                "21": 4
            },
            "avg_amplitude": {
                "0": 0.8484848484850129,
                "3": 0.7196969696972824,
                "6": 0.5000000000002733,
                "9": 0.3333333333335857,
                "12": -0.16666666666647745,
                "15": -0.3333333333332492,
                "18": -0.21969696969679864,
                "21": -0.4318181818179152
            }
        },
        "8": {
            "avg": 0.4367568,
            "std": 0.006724137937312108,
            "words": {
                "3": "[4 4 4]",
                "6": "[3 3 1]",
                "9": "[3 3 4]",
                "12": "[4 5 5]",
                "15": "[5 6 6]",
                "18": "[6 6 6]",
                "21": "[8 8 6]",
                "24": "[6 6 6]"
            },
            "symbolic": {
                "0": 4,
                "3": 2,
                "6": 3,
                "9": 5,
                "12": 6,
                "15": 6,
                "18": 7,
                "21": 6
            },
            "avg_amplitude": {
                "0": -0.4867325198528,
                "3": -0.9585512299050932,
                "6": -0.7702885919039337,
                "9": 0.0013558008909551427,
                "12": 0.7028859190393213,
                "15": 0.8601588223900872,
                "18": 0.9697850087158648,
                "21": 0.8919233004067415
            }
        },
        "9": {
            "avg": 0.8768443999999999,
            "std": 0.040374291642908934,
            "words": {
                "3": "[5 5 5]",
                "6": "[4 4 4]",
                "9": "[3 3 3]",
                "12": "[2 1 2]",
                "15": "[3 3 4]",
                "18": "[4 4 5]",
                "21": "[5 6 6]",
                "24": "[7 7 8]"
            },
            "symbolic": {
                "0": 5,
                "3": 4,
                "6": 3,
                "9": 2,
                "12": 3,
                "15": 4,
                "18": 6,
                "21": 7
            },
            "avg_amplitude": {
                "0": 0.2015155681852904,
                "3": -0.3819781831515261,
                "6": -0.8077428423014631,
                "9": -0.9862498854157119,
                "12": -0.7712592049378196,
                "15": -0.023864087756287195,
                "18": 0.754453509334802,
                "21": 0.9900388058789383
            }
        },
        "10": {
            "avg": 0.8835280000000002,
            "std": 0.06083537142704617,
            "words": {
                "3": "[5 5 5]",
                "6": "[5 5 5]",
                "9": "[4 4 4]",
                "12": "[3 3 2]",
                "15": "[2 1 2]",
                "18": "[3 4 4]",
                "21": "[5 5 5]",
                "24": "[5 6 6]"
            },
            "symbolic": {
                "0": 5,
                "3": 5,
                "6": 4,
                "9": 3,
                "12": 2,
                "15": 4,
                "18": 5,
                "21": 6
            },
            "avg_amplitude": {
                "0": 0.4917070228655555,
                "3": 0.18648998634097871,
                "6": -0.24687350327284338,
                "9": -0.8210845617582883,
                "12": -0.9873343621946677,
                "15": -0.5289234207865467,
                "18": 0.26447057988753503,
                "21": 0.7612332144821098
            }
        },
        "11": {
            "avg": 0.9009491999999999,
            "std": 0.3670872917068455,
            "words": {
                "3": "[7 7 7]",
                "6": "[7 7 7]",
                "9": "[7 7 7]",
                "12": "[7 7 7]",
                "15": "[6 6 6]",
                "18": "[1 6 6]",
                "21": "[7 8 8]",
                "24": "[8 7 7]"
            },
            "symbolic": {
                "0": 7,
                "3": 7,
                "6": 7,
                "9": 7,
                "12": 6,
                "15": 5,
                "18": 7,
                "21": 7
            },
            "avg_amplitude": {
                "0": 0.9748263795423956,
                "3": 0.9794849708389414,
                "6": 0.9824136384028713,
                "9": 0.9626594885598925,
                "12": 0.9418250336473757,
                "15": 0.29481202332884715,
                "18": 0.9942323912068195,
                "21": 0.9948317631224767
            }
        },
        "12": {
            "avg": 0.3984439999999999,
            "std": 0.003148287894501812,
            "words": {
                "3": "[3 3 5]",
                "6": "[4 5 5]",
                "9": "[5 6 6]",
                "12": "[6 6 7]",
                "15": "[8 7 6]",
                "18": "[6 5 5]",
                "21": "[5 5 4]",
                "24": "[4 1 3]"
            },
            "symbolic": {
                "0": 4,
                "3": 5,
                "6": 6,
                "9": 6,
                "12": 7,
                "15": 5,
                "18": 5,
                "21": 3
            },
            "avg_amplitude": {
                "0": -0.46113602391629654,
                "3": 0.14125560538117263,
                "6": 0.6988041853512716,
                "9": 0.9387144992526167,
                "12": 0.955904334828103,
                "15": 0.6808669656203327,
                "18": 0.2130044843049325,
                "21": -0.807922272047831
            }
        },
        "13": {
            "avg": 0.9348599999999999,
            "std": 0.0012693666399691745,
            "words": {
                "3": "[1 4 4]",
                "6": "[4 5 5]",
                "9": "[5 6 6]",
                "12": "[6 7 8]",
                "15": "[7 6 7]",
                "18": "[7 7 7]",
                "21": "[7 7 7]",
                "24": "[7 6 6]"
            },
            "symbolic": {
                "0": 4,
                "3": 5,
                "6": 5,
                "9": 6,
                "12": 6,
                "15": 7,
                "18": 7,
                "21": 6
            },
            "avg_amplitude": {
                "0": -0.5437100213219423,
                "3": 0.2636815920398052,
                "6": 0.6261549395877405,
                "9": 0.9516702203269061,
                "12": 0.9459843638947598,
                "15": 0.9843638948115858,
                "18": 0.9815209665955203,
                "21": 0.9445628997867351
            }
        },
        "14": {
            "avg": 0.99921,
            "std": 0.00010364201207360462,
            "words": {
                "3": "[5 5 5]",
                "6": "[4 4 4]",
                "9": "[4 4 3]",
                "12": "[3 3 3]",
                "15": "[1 3 1]",
                "18": "[3 3 3]",
                "21": "[3 4 4]",
                "24": "[5 5 6]"
            },
            "symbolic": {
                "0": 5,
                "3": 4,
                "6": 4,
                "9": 3,
                "12": 2,
                "15": 3,
                "18": 4,
                "21": 5
            },
            "avg_amplitude": {
                "0": 0.23529411764707167,
                "3": -0.19607843137230574,
                "6": -0.6470588235290661,
                "9": -0.8627450980391901,
                "12": -0.9803921568626169,
                "15": -0.8823529411761376,
                "18": -0.5098039215684738,
                "21": 0.568627450980405
            }
        },
        "15": {
            "avg": 0.7957968000000001,
            "std": 0.002211586383873206,
            "words": {
                "3": "[1 4 4]",
                "6": "[4 4 5]",
                "9": "[5 5 6]",
                "12": "[8 6 6]",
                "15": "[6 6 6]",
                "18": "[6 6 6]",
                "21": "[6 6 6]",
                "24": "[6 6 6]"
            },
            "symbolic": {
                "0": 3,
                "3": 4,
                "6": 5,
                "9": 6,
                "12": 6,
                "15": 6,
                "18": 6,
                "21": 6
            },
            "avg_amplitude": {
                "0": -0.7352430555555469,
                "3": -0.05729166666668047,
                "6": 0.5399305555555592,
                "9": 0.9453124999999986,
                "12": 0.8385416666666695,
                "15": 0.8906249999999969,
                "18": 0.8802083333333391,
                "21": 0.8185763888888958
            }
        },
        "16": {
            "avg": -0.3658872,
            "std": 0.00355612912214016,
            "words": {
                "3": "[5 5 5]",
                "6": "[6 6 7]",
                "9": "[8 7 6]",
                "12": "[6 6 6]",
                "15": "[5 5 5]",
                "18": "[4 4 4]",
                "21": "[4 4 4]",
                "24": "[3 3 1]"
            },
            "symbolic": {
                "0": 5,
                "3": 6,
                "6": 7,
                "9": 6,
                "12": 5,
                "15": 4,
                "18": 4,
                "21": 3
            },
            "avg_amplitude": {
                "0": 0.29182879377432064,
                "3": 0.9124513618677099,
                "6": 0.9785992217898869,
                "9": 0.807392996108954,
                "12": 0.23022049286640459,
                "15": -0.27042801556420754,
                "18": -0.5376134889753602,
                "21": -0.8197146562905343
            }
        },
        "17": {
            "avg": 0.9336563999999999,
            "std": 0.001355402400273328,
            "words": {
                "3": "[8 5 5]",
                "6": "[4 3 4]",
                "9": "[3 3 3]",
                "12": "[1 3 3]",
                "15": "[4 4 4]",
                "18": "[4 4 5]",
                "21": "[5 5 5]",
                "24": "[5 5 5]"
            },
            "symbolic": {
                "0": 5,
                "3": 4,
                "6": 3,
                "9": 3,
                "12": 4,
                "15": 4,
                "18": 5,
                "21": 5
            },
            "avg_amplitude": {
                "0": 0.6006144393240934,
                "3": -0.4915514592934247,
                "6": -0.8279569892473618,
                "9": -0.9170506912442421,
                "12": -0.405529953917063,
                "15": -0.039938556067594035,
                "18": 0.3963133640552856,
                "21": 0.5775729646697182
            }
        },
        "18": {
            "avg": 0.9991940000000001,
            "std": 0.0001913983629327441,
            "words": {
                "3": "[8 6 6]",
                "6": "[5 5 5]",
                "9": "[5 4 4]",
                "12": "[3 3 3]",
                "15": "[3 1 3]",
                "18": "[3 3 3]",
                "21": "[4 4 4]",
                "24": "[4 5 5]"
            },
            "symbolic": {
                "0": 6,
                "3": 5,
                "6": 4,
                "9": 3,
                "12": 3,
                "15": 3,
                "18": 4,
                "21": 5
            },
            "avg_amplitude": {
                "0": 0.8201058201056187,
                "3": 0.39682539682532975,
                "6": -0.08994708994707316,
                "9": -0.7989417989415807,
                "12": -0.9259259259258084,
                "15": -0.7777777777776604,
                "18": -0.4391534391534056,
                "21": 0.15343915343906958
            }
        },
        "19": {
            "avg": 0.7878820000000001,
            "std": 0.003176598023042887,
            "words": {
                "3": "[8 6 5]",
                "6": "[5 4 4]",
                "9": "[4 3 3]",
                "12": "[3 3 2]",
                "15": "[1 1 2]",
                "18": "[3 3 3]",
                "21": "[3 3 4]",
                "24": "[4 4 5]"
            },
            "symbolic": {
                "0": 6,
                "3": 4,
                "6": 4,
                "9": 3,
                "12": 2,
                "15": 3,
                "18": 4,
                "21": 4
            },
            "avg_amplitude": {
                "0": 0.6865718799368095,
                "3": -0.10205371248025885,
                "6": -0.6770932069510426,
                "9": -0.9045813586098004,
                "12": -0.9911532385466085,
                "15": -0.9165876777251328,
                "18": -0.6682464454976372,
                "21": -0.07235387045815067
            }
        }
    },
    "X": {
        "0": {
            "avg": 0.083937412,
            "std": 0.042535834419074624,
            "words": {
                "3": "[4 5 5]",
                "6": "[6 6 6]",
                "9": "[6 7 7]",
                "12": "[8 7 6]",
                "15": "[6 6 5]",
                "18": "[5 5 5]",
                "21": "[4 4 4]",
                "24": "[4 4 3]"
            },
            "symbolic": {
                "0": 5,
                "3": 6,
                "6": 7,
                "9": 7,
                "12": 5,
                "15": 5,
                "18": 4,
                "21": 4
            },
            "avg_amplitude": {
                "0": 0.046955886575433925,
                "3": 0.8116238194952526,
                "6": 0.9622286536028746,
                "9": 0.9667938926712295,
                "12": 0.6286105935171201,
                "15": 0.2485472328043663,
                "18": -0.19023471335704858,
                "21": -0.5579680841733974
            }
        },
        "1": {
            "avg": 0.9780400000000001,
            "std": 0.00536540150718781,
            "words": {
                "3": "[8 6 5]",
                "6": "[5 5 5]",
                "9": "[4 4 4]",
                "12": "[4 3 3]",
                "15": "[3 3 1]",
                "18": "[2 2 2]",
                "21": "[2 3 3]",
                "24": "[3 4 4]"
            },
            "symbolic": {
                "0": 6,
                "3": 5,
                "6": 4,
                "9": 3,
                "12": 2,
                "15": 2,
                "18": 3,
                "21": 4
            },
            "avg_amplitude": {
                "0": 0.7374517374517424,
                "3": 0.18404118404118072,
                "6": -0.3193601765030359,
                "9": -0.7289943004228784,
                "12": -0.9569773855488178,
                "15": -0.9867622724765653,
                "18": -0.8746093031807382,
                "21": -0.6646442360728207
            }
        },
        "2": {
            "avg": 0.9666364000000001,
            "std": 0.006697566647671377,
            "words": {
                "3": "[8 5 5]",
                "6": "[5 5 4]",
                "9": "[4 4 4]",
                "12": "[4 4 3]",
                "15": "[3 2 1]",
                "18": "[2 2 2]",
                "21": "[2 3 3]",
                "24": "[3 3 3]"
            },
            "symbolic": {
                "0": 6,
                "3": 4,
                "6": 4,
                "9": 3,
                "12": 2,
                "15": 2,
                "18": 3,
                "21": 3
            },
            "avg_amplitude": {
                "0": 0.6837391547719051,
                "3": -0.003638399104394637,
                "6": -0.4696333613210208,
                "9": -0.7072488105233764,
                "12": -0.9582983487265665,
                "15": -0.9812482507696688,
                "18": -0.93730758466276,
                "21": -0.7822558074447258
            }
        },
        "3": {
            "avg": 0.9913763999999999,
            "std": 0.0011885736549887465,
            "words": {
                "3": "[6 5 4]",
                "6": "[4 3 3]",
                "9": "[3 2 2]",
                "12": "[1 2 3]",
                "15": "[3 3 3]",
                "18": "[3 3 4]",
                "21": "[4 4 4]",
                "24": "[5 5 6]"
            },
            "symbolic": {
                "0": 5,
                "3": 4,
                "6": 3,
                "9": 2,
                "12": 3,
                "15": 3,
                "18": 4,
                "21": 5
            },
            "avg_amplitude": {
                "0": 0.24531835205993083,
                "3": -0.6198501872659229,
                "6": -0.9194756554306832,
                "9": -0.9775280898876387,
                "12": -0.9082397003745338,
                "15": -0.7340823970037293,
                "18": -0.2715355805243765,
                "21": 0.6048689138576682
            }
        },
        "4": {
            "avg": 0.43167919999999993,
            "std": 0.0022046124375953258,
            "words": {
                "3": "[6 6 8]",
                "6": "[7 6 5]",
                "9": "[1 2 3]",
                "12": "[4 4 4]",
                "15": "[4 4 4]",
                "18": "[4 4 4]",
                "21": "[4 4 4]",
                "24": "[3 3 3]"
            },
            "symbolic": {
                "0": 6,
                "3": 6,
                "6": 3,
                "9": 4,
                "12": 4,
                "15": 4,
                "18": 4,
                "21": 3
            },
            "avg_amplitude": {
                "0": 0.930966469427994,
                "3": 0.7514792899408169,
                "6": -0.9250493096646909,
                "9": -0.3964497041420198,
                "12": -0.20414201183431704,
                "15": -0.1627218934911354,
                "18": -0.2603550295858084,
                "21": -0.7593688362919261
            }
        },
        "5": {
            "avg": 0.927926,
            "std": 0.0029007628307050537,
            "words": {
                "3": "[5 5 5]",
                "6": "[4 3 1]",
                "9": "[3 3 2]",
                "12": "[2 5 8]",
                "15": "[7 5 5]",
                "18": "[5 5 5]",
                "21": "[5 5 5]",
                "24": "[5 6 6]"
            },
            "symbolic": {
                "0": 5,
                "3": 4,
                "6": 3,
                "9": 5,
                "12": 6,
                "15": 5,
                "18": 5,
                "21": 6
            },
            "avg_amplitude": {
                "0": 0.3286384976526034,
                "3": -0.6517996870109611,
                "6": -0.9029733959311393,
                "9": 0.06651017214396875,
                "12": 0.6917057902973651,
                "15": 0.45305164319250135,
                "18": 0.506259780907692,
                "21": 0.7543035993740501
            }
        },
        "6": {
            "avg": 0.9864744000000001,
            "std": 0.0012575507942027533,
            "words": {
                "3": "[6 8 6]",
                "6": "[5 5 4]",
                "9": "[4 3 3]",
                "12": "[1 3 4]",
                "15": "[4 4 4]",
                "18": "[4 4 5]",
                "21": "[5 5 5]",
                "24": "[5 5 5]"
            },
            "symbolic": {
                "0": 6,
                "3": 4,
                "6": 3,
                "9": 3,
                "12": 4,
                "15": 4,
                "18": 5,
                "21": 5
            },
            "avg_amplitude": {
                "0": 0.874242424242393,
                "3": -0.013636363636377066,
                "6": -0.77121212121214,
                "9": -0.7954545454545375,
                "12": -0.3242424242424489,
                "15": -0.04242424242425891,
                "18": 0.29393939393935514,
                "21": 0.48787878787872135
            }
        },
        "7": {
            "avg": 0.9984884000000003,
            "std": 0.00023577319610166086,
            "words": {
                "3": "[5 8 6]",
                "6": "[6 6 5]",
                "9": "[5 5 5]",
                "12": "[5 5 5]",
                "15": "[5 4 4]",
                "18": "[4 4 4]",
                "21": "[4 4 4]",
                "24": "[4 4 4]"
            },
            "symbolic": {
                "0": 6,
                "3": 6,
                "6": 5,
                "9": 5,
                "12": 4,
                "15": 4,
                "18": 4,
                "21": 4
            },
            "avg_amplitude": {
                "0": 0.8484848484850129,
                "3": 0.7196969696972824,
                "6": 0.5000000000002733,
                "9": 0.3333333333335857,
                "12": -0.16666666666647745,
                "15": -0.3333333333332492,
                "18": -0.21969696969679864,
                "21": -0.4318181818179152
            }
        },
        "8": {
            "avg": 0.4367568,
            "std": 0.006724137937312108,
            "words": {
                "3": "[4 4 4]",
                "6": "[3 3 1]",
                "9": "[3 3 4]",
                "12": "[4 5 5]",
                "15": "[5 6 6]",
                "18": "[6 6 6]",
                "21": "[8 8 6]",
                "24": "[6 6 6]"
            },
            "symbolic": {
                "0": 4,
                "3": 2,
                "6": 3,
                "9": 5,
                "12": 6,
                "15": 6,
                "18": 7,
                "21": 6
            },
            "avg_amplitude": {
                "0": -0.4867325198528,
                "3": -0.9585512299050932,
                "6": -0.7702885919039337,
                "9": 0.0013558008909551427,
                "12": 0.7028859190393213,
                "15": 0.8601588223900872,
                "18": 0.9697850087158648,
                "21": 0.8919233004067415
            }
        },
        "9": {
            "avg": 0.8768443999999999,
            "std": 0.040374291642908934,
            "words": {
                "3": "[5 5 5]",
                "6": "[4 4 4]",
                "9": "[3 3 3]",
                "12": "[2 1 2]",
                "15": "[3 3 4]",
                "18": "[4 4 5]",
                "21": "[5 6 6]",
                "24": "[7 7 8]"
            },
            "symbolic": {
                "0": 5,
                "3": 4,
                "6": 3,
                "9": 2,
                "12": 3,
                "15": 4,
                "18": 6,
                "21": 7
            },
            "avg_amplitude": {
                "0": 0.2015155681852904,
                "3": -0.3819781831515261,
                "6": -0.8077428423014631,
                "9": -0.9862498854157119,
                "12": -0.7712592049378196,
                "15": -0.023864087756287195,
                "18": 0.754453509334802,
                "21": 0.9900388058789383
            }
        },
        "10": {
            "avg": 0.8835280000000002,
            "std": 0.06083537142704617,
            "words": {
                "3": "[5 5 5]",
                "6": "[5 5 5]",
                "9": "[4 4 4]",
                "12": "[3 3 2]",
                "15": "[2 1 2]",
                "18": "[3 4 4]",
                "21": "[5 5 5]",
                "24": "[5 6 6]"
            },
            "symbolic": {
                "0": 5,
                "3": 5,
                "6": 4,
                "9": 3,
                "12": 2,
                "15": 4,
                "18": 5,
                "21": 6
            },
            "avg_amplitude": {
                "0": 0.4917070228655555,
                "3": 0.18648998634097871,
                "6": -0.24687350327284338,
                "9": -0.8210845617582883,
                "12": -0.9873343621946677,
                "15": -0.5289234207865467,
                "18": 0.26447057988753503,
                "21": 0.7612332144821098
            }
        },
        "11": {
            "avg": 0.9009491999999999,
            "std": 0.3670872917068455,
            "words": {
                "3": "[7 7 7]",
                "6": "[7 7 7]",
                "9": "[7 7 7]",
                "12": "[7 7 7]",
                "15": "[6 6 6]",
                "18": "[1 6 6]",
                "21": "[7 8 8]",
                "24": "[8 7 7]"
            },
            "symbolic": {
                "0": 7,
                "3": 7,
                "6": 7,
                "9": 7,
                "12": 6,
                "15": 5,
                "18": 7,
                "21": 7
            },
            "avg_amplitude": {
                "0": 0.9748263795423956,
                "3": 0.9794849708389414,
                "6": 0.9824136384028713,
                "9": 0.9626594885598925,
                "12": 0.9418250336473757,
                "15": 0.29481202332884715,
                "18": 0.9942323912068195,
                "21": 0.9948317631224767
            }
        },
        "12": {
            "avg": 0.3984439999999999,
            "std": 0.003148287894501812,
            "words": {
                "3": "[3 3 5]",
                "6": "[4 5 5]",
                "9": "[5 6 6]",
                "12": "[6 6 7]",
                "15": "[8 7 6]",
                "18": "[6 5 5]",
                "21": "[5 5 4]",
                "24": "[4 1 3]"
            },
            "symbolic": {
                "0": 4,
                "3": 5,
                "6": 6,
                "9": 6,
                "12": 7,
                "15": 5,
                "18": 5,
                "21": 3
            },
            "avg_amplitude": {
                "0": -0.46113602391629654,
                "3": 0.14125560538117263,
                "6": 0.6988041853512716,
                "9": 0.9387144992526167,
                "12": 0.955904334828103,
                "15": 0.6808669656203327,
                "18": 0.2130044843049325,
                "21": -0.807922272047831
            }
        },
        "13": {
            "avg": 0.9348599999999999,
            "std": 0.0012693666399691745,
            "words": {
                "3": "[1 4 4]",
                "6": "[4 5 5]",
                "9": "[5 6 6]",
                "12": "[6 7 8]",
                "15": "[7 6 7]",
                "18": "[7 7 7]",
                "21": "[7 7 7]",
                "24": "[7 6 6]"
            },
            "symbolic": {
                "0": 4,
                "3": 5,
                "6": 5,
                "9": 6,
                "12": 6,
                "15": 7,
                "18": 7,
                "21": 6
            },
            "avg_amplitude": {
                "0": -0.5437100213219423,
                "3": 0.2636815920398052,
                "6": 0.6261549395877405,
                "9": 0.9516702203269061,
                "12": 0.9459843638947598,
                "15": 0.9843638948115858,
                "18": 0.9815209665955203,
                "21": 0.9445628997867351
            }
        },
        "14": {
            "avg": 0.99921,
            "std": 0.00010364201207360462,
            "words": {
                "3": "[5 5 5]",
                "6": "[4 4 4]",
                "9": "[4 4 3]",
                "12": "[3 3 3]",
                "15": "[1 3 1]",
                "18": "[3 3 3]",
                "21": "[3 4 4]",
                "24": "[5 5 6]"
            },
            "symbolic": {
                "0": 5,
                "3": 4,
                "6": 4,
                "9": 3,
                "12": 2,
                "15": 3,
                "18": 4,
                "21": 5
            },
            "avg_amplitude": {
                "0": 0.23529411764707167,
                "3": -0.19607843137230574,
                "6": -0.6470588235290661,
                "9": -0.8627450980391901,
                "12": -0.9803921568626169,
                "15": -0.8823529411761376,
                "18": -0.5098039215684738,
                "21": 0.568627450980405
            }
        },
        "15": {
            "avg": 0.7957968000000001,
            "std": 0.002211586383873206,
            "words": {
                "3": "[1 4 4]",
                "6": "[4 4 5]",
                "9": "[5 5 6]",
                "12": "[8 6 6]",
                "15": "[6 6 6]",
                "18": "[6 6 6]",
                "21": "[6 6 6]",
                "24": "[6 6 6]"
            },
            "symbolic": {
                "0": 3,
                "3": 4,
                "6": 5,
                "9": 6,
                "12": 6,
                "15": 6,
                "18": 6,
                "21": 6
            },
            "avg_amplitude": {
                "0": -0.7352430555555469,
                "3": -0.05729166666668047,
                "6": 0.5399305555555592,
                "9": 0.9453124999999986,
                "12": 0.8385416666666695,
                "15": 0.8906249999999969,
                "18": 0.8802083333333391,
                "21": 0.8185763888888958
            }
        },
        "16": {
            "avg": -0.3658872,
            "std": 0.00355612912214016,
            "words": {
                "3": "[5 5 5]",
                "6": "[6 6 7]",
                "9": "[8 7 6]",
                "12": "[6 6 6]",
                "15": "[5 5 5]",
                "18": "[4 4 4]",
                "21": "[4 4 4]",
                "24": "[3 3 1]"
            },
            "symbolic": {
                "0": 5,
                "3": 6,
                "6": 7,
                "9": 6,
                "12": 5,
                "15": 4,
                "18": 4,
                "21": 3
            },
            "avg_amplitude": {
                "0": 0.29182879377432064,
                "3": 0.9124513618677099,
                "6": 0.9785992217898869,
                "9": 0.807392996108954,
                "12": 0.23022049286640459,
                "15": -0.27042801556420754,
                "18": -0.5376134889753602,
                "21": -0.8197146562905343
            }
        },
        "17": {
            "avg": 0.9336563999999999,
            "std": 0.001355402400273328,
            "words": {
                "3": "[8 5 5]",
                "6": "[4 3 4]",
                "9": "[3 3 3]",
                "12": "[1 3 3]",
                "15": "[4 4 4]",
                "18": "[4 4 5]",
                "21": "[5 5 5]",
                "24": "[5 5 5]"
            },
            "symbolic": {
                "0": 5,
                "3": 4,
                "6": 3,
                "9": 3,
                "12": 4,
                "15": 4,
                "18": 5,
                "21": 5
            },
            "avg_amplitude": {
                "0": 0.6006144393240934,
                "3": -0.4915514592934247,
                "6": -0.8279569892473618,
                "9": -0.9170506912442421,
                "12": -0.405529953917063,
                "15": -0.039938556067594035,
                "18": 0.3963133640552856,
                "21": 0.5775729646697182
            }
        },
        "18": {
            "avg": 0.9991940000000001,
            "std": 0.0001913983629327441,
            "words": {
                "3": "[8 6 6]",
                "6": "[5 5 5]",
                "9": "[5 4 4]",
                "12": "[3 3 3]",
                "15": "[3 1 3]",
                "18": "[3 3 3]",
                "21": "[4 4 4]",
                "24": "[4 5 5]"
            },
            "symbolic": {
                "0": 6,
                "3": 5,
                "6": 4,
                "9": 3,
                "12": 3,
                "15": 3,
                "18": 4,
                "21": 5
            },
            "avg_amplitude": {
                "0": 0.8201058201056187,
                "3": 0.39682539682532975,
                "6": -0.08994708994707316,
                "9": -0.7989417989415807,
                "12": -0.9259259259258084,
                "15": -0.7777777777776604,
                "18": -0.4391534391534056,
                "21": 0.15343915343906958
            }
        },
        "19": {
            "avg": 0.7878820000000001,
            "std": 0.003176598023042887,
            "words": {
                "3": "[8 6 5]",
                "6": "[5 4 4]",
                "9": "[4 3 3]",
                "12": "[3 3 2]",
                "15": "[1 1 2]",
                "18": "[3 3 3]",
                "21": "[3 3 4]",
                "24": "[4 4 5]"
            },
            "symbolic": {
                "0": 6,
                "3": 4,
                "6": 4,
                "9": 3,
                "12": 2,
                "15": 3,
                "18": 4,
                "21": 4
            },
            "avg_amplitude": {
                "0": 0.6865718799368095,
                "3": -0.10205371248025885,
                "6": -0.6770932069510426,
                "9": -0.9045813586098004,
                "12": -0.9911532385466085,
                "15": -0.9165876777251328,
                "18": -0.6682464454976372,
                "21": -0.07235387045815067
            }
        }
    },
    "Y": {
        "0": {
            "avg": 0.083937412,
            "std": 0.042535834419074624,
            "words": {
                "3": "[4 5 5]",
                "6": "[6 6 6]",
                "9": "[6 7 7]",
                "12": "[8 7 6]",
                "15": "[6 6 5]",
                "18": "[5 5 5]",
                "21": "[4 4 4]",
                "24": "[4 4 3]"
            },
            "symbolic": {
                "0": 5,
                "3": 6,
                "6": 7,
                "9": 7,
                "12": 5,
                "15": 5,
                "18": 4,
                "21": 4
            },
            "avg_amplitude": {
                "0": 0.046955886575433925,
                "3": 0.8116238194952526,
                "6": 0.9622286536028746,
                "9": 0.9667938926712295,
                "12": 0.6286105935171201,
                "15": 0.2485472328043663,
                "18": -0.19023471335704858,
                "21": -0.5579680841733974
            }
        },
        "1": {
            "avg": 0.9780400000000001,
            "std": 0.00536540150718781,
            "words": {
                "3": "[8 6 5]",
                "6": "[5 5 5]",
                "9": "[4 4 4]",
                "12": "[4 3 3]",
                "15": "[3 3 1]",
                "18": "[2 2 2]",
                "21": "[2 3 3]",
                "24": "[3 4 4]"
            },
            "symbolic": {
                "0": 6,
                "3": 5,
                "6": 4,
                "9": 3,
                "12": 2,
                "15": 2,
                "18": 3,
                "21": 4
            },
            "avg_amplitude": {
                "0": 0.7374517374517424,
                "3": 0.18404118404118072,
                "6": -0.3193601765030359,
                "9": -0.7289943004228784,
                "12": -0.9569773855488178,
                "15": -0.9867622724765653,
                "18": -0.8746093031807382,
                "21": -0.6646442360728207
            }
        },
        "2": {
            "avg": 0.9666364000000001,
            "std": 0.006697566647671377,
            "words": {
                "3": "[8 5 5]",
                "6": "[5 5 4]",
                "9": "[4 4 4]",
                "12": "[4 4 3]",
                "15": "[3 2 1]",
                "18": "[2 2 2]",
                "21": "[2 3 3]",
                "24": "[3 3 3]"
            },
            "symbolic": {
                "0": 6,
                "3": 4,
                "6": 4,
                "9": 3,
                "12": 2,
                "15": 2,
                "18": 3,
                "21": 3
            },
            "avg_amplitude": {
                "0": 0.6837391547719051,
                "3": -0.003638399104394637,
                "6": -0.4696333613210208,
                "9": -0.7072488105233764,
                "12": -0.9582983487265665,
                "15": -0.9812482507696688,
                "18": -0.93730758466276,
                "21": -0.7822558074447258
            }
        },
        "3": {
            "avg": 0.9913763999999999,
            "std": 0.0011885736549887465,
            "words": {
                "3": "[6 5 4]",
                "6": "[4 3 3]",
                "9": "[3 2 2]",
                "12": "[1 2 3]",
                "15": "[3 3 3]",
                "18": "[3 3 4]",
                "21": "[4 4 4]",
                "24": "[5 5 6]"
            },
            "symbolic": {
                "0": 5,
                "3": 4,
                "6": 3,
                "9": 2,
                "12": 3,
                "15": 3,
                "18": 4,
                "21": 5
            },
            "avg_amplitude": {
                "0": 0.24531835205993083,
                "3": -0.6198501872659229,
                "6": -0.9194756554306832,
                "9": -0.9775280898876387,
                "12": -0.9082397003745338,
                "15": -0.7340823970037293,
                "18": -0.2715355805243765,
                "21": 0.6048689138576682
            }
        },
        "4": {
            "avg": 0.43167919999999993,
            "std": 0.0022046124375953258,
            "words": {
                "3": "[6 6 8]",
                "6": "[7 6 5]",
                "9": "[1 2 3]",
                "12": "[4 4 4]",
                "15": "[4 4 4]",
                "18": "[4 4 4]",
                "21": "[4 4 4]",
                "24": "[3 3 3]"
            },
            "symbolic": {
                "0": 6,
                "3": 6,
                "6": 3,
                "9": 4,
                "12": 4,
                "15": 4,
                "18": 4,
                "21": 3
            },
            "avg_amplitude": {
                "0": 0.930966469427994,
                "3": 0.7514792899408169,
                "6": -0.9250493096646909,
                "9": -0.3964497041420198,
                "12": -0.20414201183431704,
                "15": -0.1627218934911354,
                "18": -0.2603550295858084,
                "21": -0.7593688362919261
            }
        },
        "5": {
            "avg": 0.927926,
            "std": 0.0029007628307050537,
            "words": {
                "3": "[5 5 5]",
                "6": "[4 3 1]",
                "9": "[3 3 2]",
                "12": "[2 5 8]",
                "15": "[7 5 5]",
                "18": "[5 5 5]",
                "21": "[5 5 5]",
                "24": "[5 6 6]"
            },
            "symbolic": {
                "0": 5,
                "3": 4,
                "6": 3,
                "9": 5,
                "12": 6,
                "15": 5,
                "18": 5,
                "21": 6
            },
            "avg_amplitude": {
                "0": 0.3286384976526034,
                "3": -0.6517996870109611,
                "6": -0.9029733959311393,
                "9": 0.06651017214396875,
                "12": 0.6917057902973651,
                "15": 0.45305164319250135,
                "18": 0.506259780907692,
                "21": 0.7543035993740501
            }
        },
        "6": {
            "avg": 0.9864744000000001,
            "std": 0.0012575507942027533,
            "words": {
                "3": "[6 8 6]",
                "6": "[5 5 4]",
                "9": "[4 3 3]",
                "12": "[1 3 4]",
                "15": "[4 4 4]",
                "18": "[4 4 5]",
                "21": "[5 5 5]",
                "24": "[5 5 5]"
            },
            "symbolic": {
                "0": 6,
                "3": 4,
                "6": 3,
                "9": 3,
                "12": 4,
                "15": 4,
                "18": 5,
                "21": 5
            },
            "avg_amplitude": {
                "0": 0.874242424242393,
                "3": -0.013636363636377066,
                "6": -0.77121212121214,
                "9": -0.7954545454545375,
                "12": -0.3242424242424489,
                "15": -0.04242424242425891,
                "18": 0.29393939393935514,
                "21": 0.48787878787872135
            }
        },
        "7": {
            "avg": 0.9984884000000003,
            "std": 0.00023577319610166086,
            "words": {
                "3": "[5 8 6]",
                "6": "[6 6 5]",
                "9": "[5 5 5]",
                "12": "[5 5 5]",
                "15": "[5 4 4]",
                "18": "[4 4 4]",
                "21": "[4 4 4]",
                "24": "[4 4 4]"
            },
            "symbolic": {
                "0": 6,
                "3": 6,
                "6": 5,
                "9": 5,
                "12": 4,
                "15": 4,
                "18": 4,
                "21": 4
            },
            "avg_amplitude": {
                "0": 0.8484848484850129,
                "3": 0.7196969696972824,
                "6": 0.5000000000002733,
                "9": 0.3333333333335857,
                "12": -0.16666666666647745,
                "15": -0.3333333333332492,
                "18": -0.21969696969679864,
                "21": -0.4318181818179152
            }
        },
        "8": {
            "avg": 0.4367568,
            "std": 0.006724137937312108,
            "words": {
                "3": "[4 4 4]",
                "6": "[3 3 1]",
                "9": "[3 3 4]",
                "12": "[4 5 5]",
                "15": "[5 6 6]",
                "18": "[6 6 6]",
                "21": "[8 8 6]",
                "24": "[6 6 6]"
            },
            "symbolic": {
                "0": 4,
                "3": 2,
                "6": 3,
                "9": 5,
                "12": 6,
                "15": 6,
                "18": 7,
                "21": 6
            },
            "avg_amplitude": {
                "0": -0.4867325198528,
                "3": -0.9585512299050932,
                "6": -0.7702885919039337,
                "9": 0.0013558008909551427,
                "12": 0.7028859190393213,
                "15": 0.8601588223900872,
                "18": 0.9697850087158648,
                "21": 0.8919233004067415
            }
        },
        "9": {
            "avg": 0.8768443999999999,
            "std": 0.040374291642908934,
            "words": {
                "3": "[5 5 5]",
                "6": "[4 4 4]",
                "9": "[3 3 3]",
                "12": "[2 1 2]",
                "15": "[3 3 4]",
                "18": "[4 4 5]",
                "21": "[5 6 6]",
                "24": "[7 7 8]"
            },
            "symbolic": {
                "0": 5,
                "3": 4,
                "6": 3,
                "9": 2,
                "12": 3,
                "15": 4,
                "18": 6,
                "21": 7
            },
            "avg_amplitude": {
                "0": 0.2015155681852904,
                "3": -0.3819781831515261,
                "6": -0.8077428423014631,
                "9": -0.9862498854157119,
                "12": -0.7712592049378196,
                "15": -0.023864087756287195,
                "18": 0.754453509334802,
                "21": 0.9900388058789383
            }
        },
        "10": {
            "avg": 0.8835280000000002,
            "std": 0.06083537142704617,
            "words": {
                "3": "[5 5 5]",
                "6": "[5 5 5]",
                "9": "[4 4 4]",
                "12": "[3 3 2]",
                "15": "[2 1 2]",
                "18": "[3 4 4]",
                "21": "[5 5 5]",
                "24": "[5 6 6]"
            },
            "symbolic": {
                "0": 5,
                "3": 5,
                "6": 4,
                "9": 3,
                "12": 2,
                "15": 4,
                "18": 5,
                "21": 6
            },
            "avg_amplitude": {
                "0": 0.4917070228655555,
                "3": 0.18648998634097871,
                "6": -0.24687350327284338,
                "9": -0.8210845617582883,
                "12": -0.9873343621946677,
                "15": -0.5289234207865467,
                "18": 0.26447057988753503,
                "21": 0.7612332144821098
            }
        },
        "11": {
            "avg": 0.9009491999999999,
            "std": 0.3670872917068455,
            "words": {
                "3": "[7 7 7]",
                "6": "[7 7 7]",
                "9": "[7 7 7]",
                "12": "[7 7 7]",
                "15": "[6 6 6]",
                "18": "[1 6 6]",
                "21": "[7 8 8]",
                "24": "[8 7 7]"
            },
            "symbolic": {
                "0": 7,
                "3": 7,
                "6": 7,
                "9": 7,
                "12": 6,
                "15": 5,
                "18": 7,
                "21": 7
            },
            "avg_amplitude": {
                "0": 0.9748263795423956,
                "3": 0.9794849708389414,
                "6": 0.9824136384028713,
                "9": 0.9626594885598925,
                "12": 0.9418250336473757,
                "15": 0.29481202332884715,
                "18": 0.9942323912068195,
                "21": 0.9948317631224767
            }
        },
        "12": {
            "avg": 0.3984439999999999,
            "std": 0.003148287894501812,
            "words": {
                "3": "[3 3 5]",
                "6": "[4 5 5]",
                "9": "[5 6 6]",
                "12": "[6 6 7]",
                "15": "[8 7 6]",
                "18": "[6 5 5]",
                "21": "[5 5 4]",
                "24": "[4 1 3]"
            },
            "symbolic": {
                "0": 4,
                "3": 5,
                "6": 6,
                "9": 6,
                "12": 7,
                "15": 5,
                "18": 5,
                "21": 3
            },
            "avg_amplitude": {
                "0": -0.46113602391629654,
                "3": 0.14125560538117263,
                "6": 0.6988041853512716,
                "9": 0.9387144992526167,
                "12": 0.955904334828103,
                "15": 0.6808669656203327,
                "18": 0.2130044843049325,
                "21": -0.807922272047831
            }
        },
        "13": {
            "avg": 0.9348599999999999,
            "std": 0.0012693666399691745,
            "words": {
                "3": "[1 4 4]",
                "6": "[4 5 5]",
                "9": "[5 6 6]",
                "12": "[6 7 8]",
                "15": "[7 6 7]",
                "18": "[7 7 7]",
                "21": "[7 7 7]",
                "24": "[7 6 6]"
            },
            "symbolic": {
                "0": 4,
                "3": 5,
                "6": 5,
                "9": 6,
                "12": 6,
                "15": 7,
                "18": 7,
                "21": 6
            },
            "avg_amplitude": {
                "0": -0.5437100213219423,
                "3": 0.2636815920398052,
                "6": 0.6261549395877405,
                "9": 0.9516702203269061,
                "12": 0.9459843638947598,
                "15": 0.9843638948115858,
                "18": 0.9815209665955203,
                "21": 0.9445628997867351
            }
        },
        "14": {
            "avg": 0.99921,
            "std": 0.00010364201207360462,
            "words": {
                "3": "[5 5 5]",
                "6": "[4 4 4]",
                "9": "[4 4 3]",
                "12": "[3 3 3]",
                "15": "[1 3 1]",
                "18": "[3 3 3]",
                "21": "[3 4 4]",
                "24": "[5 5 6]"
            },
            "symbolic": {
                "0": 5,
                "3": 4,
                "6": 4,
                "9": 3,
                "12": 2,
                "15": 3,
                "18": 4,
                "21": 5
            },
            "avg_amplitude": {
                "0": 0.23529411764707167,
                "3": -0.19607843137230574,
                "6": -0.6470588235290661,
                "9": -0.8627450980391901,
                "12": -0.9803921568626169,
                "15": -0.8823529411761376,
                "18": -0.5098039215684738,
                "21": 0.568627450980405
            }
        },
        "15": {
            "avg": 0.7957968000000001,
            "std": 0.002211586383873206,
            "words": {
                "3": "[1 4 4]",
                "6": "[4 4 5]",
                "9": "[5 5 6]",
                "12": "[8 6 6]",
                "15": "[6 6 6]",
                "18": "[6 6 6]",
                "21": "[6 6 6]",
                "24": "[6 6 6]"
            },
            "symbolic": {
                "0": 3,
                "3": 4,
                "6": 5,
                "9": 6,
                "12": 6,
                "15": 6,
                "18": 6,
                "21": 6
            },
            "avg_amplitude": {
                "0": -0.7352430555555469,
                "3": -0.05729166666668047,
                "6": 0.5399305555555592,
                "9": 0.9453124999999986,
                "12": 0.8385416666666695,
                "15": 0.8906249999999969,
                "18": 0.8802083333333391,
                "21": 0.8185763888888958
            }
        },
        "16": {
            "avg": -0.3658872,
            "std": 0.00355612912214016,
            "words": {
                "3": "[5 5 5]",
                "6": "[6 6 7]",
                "9": "[8 7 6]",
                "12": "[6 6 6]",
                "15": "[5 5 5]",
                "18": "[4 4 4]",
                "21": "[4 4 4]",
                "24": "[3 3 1]"
            },
            "symbolic": {
                "0": 5,
                "3": 6,
                "6": 7,
                "9": 6,
                "12": 5,
                "15": 4,
                "18": 4,
                "21": 3
            },
            "avg_amplitude": {
                "0": 0.29182879377432064,
                "3": 0.9124513618677099,
                "6": 0.9785992217898869,
                "9": 0.807392996108954,
                "12": 0.23022049286640459,
                "15": -0.27042801556420754,
                "18": -0.5376134889753602,
                "21": -0.8197146562905343
            }
        },
        "17": {
            "avg": 0.9336563999999999,
            "std": 0.001355402400273328,
            "words": {
                "3": "[8 5 5]",
                "6": "[4 3 4]",
                "9": "[3 3 3]",
                "12": "[1 3 3]",
                "15": "[4 4 4]",
                "18": "[4 4 5]",
                "21": "[5 5 5]",
                "24": "[5 5 5]"
            },
            "symbolic": {
                "0": 5,
                "3": 4,
                "6": 3,
                "9": 3,
                "12": 4,
                "15": 4,
                "18": 5,
                "21": 5
            },
            "avg_amplitude": {
                "0": 0.6006144393240934,
                "3": -0.4915514592934247,
                "6": -0.8279569892473618,
                "9": -0.9170506912442421,
                "12": -0.405529953917063,
                "15": -0.039938556067594035,
                "18": 0.3963133640552856,
                "21": 0.5775729646697182
            }
        },
        "18": {
            "avg": 0.9991940000000001,
            "std": 0.0001913983629327441,
            "words": {
                "3": "[8 6 6]",
                "6": "[5 5 5]",
                "9": "[5 4 4]",
                "12": "[3 3 3]",
                "15": "[3 1 3]",
                "18": "[3 3 3]",
                "21": "[4 4 4]",
                "24": "[4 5 5]"
            },
            "symbolic": {
                "0": 6,
                "3": 5,
                "6": 4,
                "9": 3,
                "12": 3,
                "15": 3,
                "18": 4,
                "21": 5
            },
            "avg_amplitude": {
                "0": 0.8201058201056187,
                "3": 0.39682539682532975,
                "6": -0.08994708994707316,
                "9": -0.7989417989415807,
                "12": -0.9259259259258084,
                "15": -0.7777777777776604,
                "18": -0.4391534391534056,
                "21": 0.15343915343906958
            }
        },
        "19": {
            "avg": 0.7878820000000001,
            "std": 0.003176598023042887,
            "words": {
                "3": "[8 6 5]",
                "6": "[5 4 4]",
                "9": "[4 3 3]",
                "12": "[3 3 2]",
                "15": "[1 1 2]",
                "18": "[3 3 3]",
                "21": "[3 3 4]",
                "24": "[4 4 5]"
            },
            "symbolic": {
                "0": 6,
                "3": 4,
                "6": 4,
                "9": 3,
                "12": 2,
                "15": 3,
                "18": 4,
                "21": 4
            },
            "avg_amplitude": {
                "0": 0.6865718799368095,
                "3": -0.10205371248025885,
                "6": -0.6770932069510426,
                "9": -0.9045813586098004,
                "12": -0.9911532385466085,
                "15": -0.9165876777251328,
                "18": -0.6682464454976372,
                "21": -0.07235387045815067
            }
        }
    },
    "Z": {
        "0": {
            "avg": 0.083937412,
            "std": 0.042535834419074624,
            "words": {
                "3": "[4 5 5]",
                "6": "[6 6 6]",
                "9": "[6 7 7]",
                "12": "[8 7 6]",
                "15": "[6 6 5]",
                "18": "[5 5 5]",
                "21": "[4 4 4]",
                "24": "[4 4 3]"
            },
            "symbolic": {
                "0": 5,
                "3": 6,
                "6": 7,
                "9": 7,
                "12": 5,
                "15": 5,
                "18": 4,
                "21": 4
            },
            "avg_amplitude": {
                "0": 0.046955886575433925,
                "3": 0.8116238194952526,
                "6": 0.9622286536028746,
                "9": 0.9667938926712295,
                "12": 0.6286105935171201,
                "15": 0.2485472328043663,
                "18": -0.19023471335704858,
                "21": -0.5579680841733974
            }
        },
        "1": {
            "avg": 0.9780400000000001,
            "std": 0.00536540150718781,
            "words": {
                "3": "[8 6 5]",
                "6": "[5 5 5]",
                "9": "[4 4 4]",
                "12": "[4 3 3]",
                "15": "[3 3 1]",
                "18": "[2 2 2]",
                "21": "[2 3 3]",
                "24": "[3 4 4]"
            },
            "symbolic": {
                "0": 6,
                "3": 5,
                "6": 4,
                "9": 3,
                "12": 2,
                "15": 2,
                "18": 3,
                "21": 4
            },
            "avg_amplitude": {
                "0": 0.7374517374517424,
                "3": 0.18404118404118072,
                "6": -0.3193601765030359,
                "9": -0.7289943004228784,
                "12": -0.9569773855488178,
                "15": -0.9867622724765653,
                "18": -0.8746093031807382,
                "21": -0.6646442360728207
            }
        },
        "2": {
            "avg": 0.9666364000000001,
            "std": 0.006697566647671377,
            "words": {
                "3": "[8 5 5]",
                "6": "[5 5 4]",
                "9": "[4 4 4]",
                "12": "[4 4 3]",
                "15": "[3 2 1]",
                "18": "[2 2 2]",
                "21": "[2 3 3]",
                "24": "[3 3 3]"
            },
            "symbolic": {
                "0": 6,
                "3": 4,
                "6": 4,
                "9": 3,
                "12": 2,
                "15": 2,
                "18": 3,
                "21": 3
            },
            "avg_amplitude": {
                "0": 0.6837391547719051,
                "3": -0.003638399104394637,
                "6": -0.4696333613210208,
                "9": -0.7072488105233764,
                "12": -0.9582983487265665,
                "15": -0.9812482507696688,
                "18": -0.93730758466276,
                "21": -0.7822558074447258
            }
        },
        "3": {
            "avg": 0.9913763999999999,
            "std": 0.0011885736549887465,
            "words": {
                "3": "[6 5 4]",
                "6": "[4 3 3]",
                "9": "[3 2 2]",
                "12": "[1 2 3]",
                "15": "[3 3 3]",
                "18": "[3 3 4]",
                "21": "[4 4 4]",
                "24": "[5 5 6]"
            },
            "symbolic": {
                "0": 5,
                "3": 4,
                "6": 3,
                "9": 2,
                "12": 3,
                "15": 3,
                "18": 4,
                "21": 5
            },
            "avg_amplitude": {
                "0": 0.24531835205993083,
                "3": -0.6198501872659229,
                "6": -0.9194756554306832,
                "9": -0.9775280898876387,
                "12": -0.9082397003745338,
                "15": -0.7340823970037293,
                "18": -0.2715355805243765,
                "21": 0.6048689138576682
            }
        },
        "4": {
            "avg": 0.43167919999999993,
            "std": 0.0022046124375953258,
            "words": {
                "3": "[6 6 8]",
                "6": "[7 6 5]",
                "9": "[1 2 3]",
                "12": "[4 4 4]",
                "15": "[4 4 4]",
                "18": "[4 4 4]",
                "21": "[4 4 4]",
                "24": "[3 3 3]"
            },
            "symbolic": {
                "0": 6,
                "3": 6,
                "6": 3,
                "9": 4,
                "12": 4,
                "15": 4,
                "18": 4,
                "21": 3
            },
            "avg_amplitude": {
                "0": 0.930966469427994,
                "3": 0.7514792899408169,
                "6": -0.9250493096646909,
                "9": -0.3964497041420198,
                "12": -0.20414201183431704,
                "15": -0.1627218934911354,
                "18": -0.2603550295858084,
                "21": -0.7593688362919261
            }
        },
        "5": {
            "avg": 0.927926,
            "std": 0.0029007628307050537,
            "words": {
                "3": "[5 5 5]",
                "6": "[4 3 1]",
                "9": "[3 3 2]",
                "12": "[2 5 8]",
                "15": "[7 5 5]",
                "18": "[5 5 5]",
                "21": "[5 5 5]",
                "24": "[5 6 6]"
            },
            "symbolic": {
                "0": 5,
                "3": 4,
                "6": 3,
                "9": 5,
                "12": 6,
                "15": 5,
                "18": 5,
                "21": 6
            },
            "avg_amplitude": {
                "0": 0.3286384976526034,
                "3": -0.6517996870109611,
                "6": -0.9029733959311393,
                "9": 0.06651017214396875,
                "12": 0.6917057902973651,
                "15": 0.45305164319250135,
                "18": 0.506259780907692,
                "21": 0.7543035993740501
            }
        },
        "6": {
            "avg": 0.9864744000000001,
            "std": 0.0012575507942027533,
            "words": {
                "3": "[6 8 6]",
                "6": "[5 5 4]",
                "9": "[4 3 3]",
                "12": "[1 3 4]",
                "15": "[4 4 4]",
                "18": "[4 4 5]",
                "21": "[5 5 5]",
                "24": "[5 5 5]"
            },
            "symbolic": {
                "0": 6,
                "3": 4,
                "6": 3,
                "9": 3,
                "12": 4,
                "15": 4,
                "18": 5,
                "21": 5
            },
            "avg_amplitude": {
                "0": 0.874242424242393,
                "3": -0.013636363636377066,
                "6": -0.77121212121214,
                "9": -0.7954545454545375,
                "12": -0.3242424242424489,
                "15": -0.04242424242425891,
                "18": 0.29393939393935514,
                "21": 0.48787878787872135
            }
        },
        "7": {
            "avg": 0.9984884000000003,
            "std": 0.00023577319610166086,
            "words": {
                "3": "[5 8 6]",
                "6": "[6 6 5]",
                "9": "[5 5 5]",
                "12": "[5 5 5]",
                "15": "[5 4 4]",
                "18": "[4 4 4]",
                "21": "[4 4 4]",
                "24": "[4 4 4]"
            },
            "symbolic": {
                "0": 6,
                "3": 6,
                "6": 5,
                "9": 5,
                "12": 4,
                "15": 4,
                "18": 4,
                "21": 4
            },
            "avg_amplitude": {
                "0": 0.8484848484850129,
                "3": 0.7196969696972824,
                "6": 0.5000000000002733,
                "9": 0.3333333333335857,
                "12": -0.16666666666647745,
                "15": -0.3333333333332492,
                "18": -0.21969696969679864,
                "21": -0.4318181818179152
            }
        },
        "8": {
            "avg": 0.4367568,
            "std": 0.006724137937312108,
            "words": {
                "3": "[4 4 4]",
                "6": "[3 3 1]",
                "9": "[3 3 4]",
                "12": "[4 5 5]",
                "15": "[5 6 6]",
                "18": "[6 6 6]",
                "21": "[8 8 6]",
                "24": "[6 6 6]"
            },
            "symbolic": {
                "0": 4,
                "3": 2,
                "6": 3,
                "9": 5,
                "12": 6,
                "15": 6,
                "18": 7,
                "21": 6
            },
            "avg_amplitude": {
                "0": -0.4867325198528,
                "3": -0.9585512299050932,
                "6": -0.7702885919039337,
                "9": 0.0013558008909551427,
                "12": 0.7028859190393213,
                "15": 0.8601588223900872,
                "18": 0.9697850087158648,
                "21": 0.8919233004067415
            }
        },
        "9": {
            "avg": 0.8768443999999999,
            "std": 0.040374291642908934,
            "words": {
                "3": "[5 5 5]",
                "6": "[4 4 4]",
                "9": "[3 3 3]",
                "12": "[2 1 2]",
                "15": "[3 3 4]",
                "18": "[4 4 5]",
                "21": "[5 6 6]",
                "24": "[7 7 8]"
            },
            "symbolic": {
                "0": 5,
                "3": 4,
                "6": 3,
                "9": 2,
                "12": 3,
                "15": 4,
                "18": 6,
                "21": 7
            },
            "avg_amplitude": {
                "0": 0.2015155681852904,
                "3": -0.3819781831515261,
                "6": -0.8077428423014631,
                "9": -0.9862498854157119,
                "12": -0.7712592049378196,
                "15": -0.023864087756287195,
                "18": 0.754453509334802,
                "21": 0.9900388058789383
            }
        },
        "10": {
            "avg": 0.8835280000000002,
            "std": 0.06083537142704617,
            "words": {
                "3": "[5 5 5]",
                "6": "[5 5 5]",
                "9": "[4 4 4]",
                "12": "[3 3 2]",
                "15": "[2 1 2]",
                "18": "[3 4 4]",
                "21": "[5 5 5]",
                "24": "[5 6 6]"
            },
            "symbolic": {
                "0": 5,
                "3": 5,
                "6": 4,
                "9": 3,
                "12": 2,
                "15": 4,
                "18": 5,
                "21": 6
            },
            "avg_amplitude": {
                "0": 0.4917070228655555,
                "3": 0.18648998634097871,
                "6": -0.24687350327284338,
                "9": -0.8210845617582883,
                "12": -0.9873343621946677,
                "15": -0.5289234207865467,
                "18": 0.26447057988753503,
                "21": 0.7612332144821098
            }
        },
        "11": {
            "avg": 0.9009491999999999,
            "std": 0.3670872917068455,
            "words": {
                "3": "[7 7 7]",
                "6": "[7 7 7]",
                "9": "[7 7 7]",
                "12": "[7 7 7]",
                "15": "[6 6 6]",
                "18": "[1 6 6]",
                "21": "[7 8 8]",
                "24": "[8 7 7]"
            },
            "symbolic": {
                "0": 7,
                "3": 7,
                "6": 7,
                "9": 7,
                "12": 6,
                "15": 5,
                "18": 7,
                "21": 7
            },
            "avg_amplitude": {
                "0": 0.9748263795423956,
                "3": 0.9794849708389414,
                "6": 0.9824136384028713,
                "9": 0.9626594885598925,
                "12": 0.9418250336473757,
                "15": 0.29481202332884715,
                "18": 0.9942323912068195,
                "21": 0.9948317631224767
            }
        },
        "12": {
            "avg": 0.3984439999999999,
            "std": 0.003148287894501812,
            "words": {
                "3": "[3 3 5]",
                "6": "[4 5 5]",
                "9": "[5 6 6]",
                "12": "[6 6 7]",
                "15": "[8 7 6]",
                "18": "[6 5 5]",
                "21": "[5 5 4]",
                "24": "[4 1 3]"
            },
            "symbolic": {
                "0": 4,
                "3": 5,
                "6": 6,
                "9": 6,
                "12": 7,
                "15": 5,
                "18": 5,
                "21": 3
            },
            "avg_amplitude": {
                "0": -0.46113602391629654,
                "3": 0.14125560538117263,
                "6": 0.6988041853512716,
                "9": 0.9387144992526167,
                "12": 0.955904334828103,
                "15": 0.6808669656203327,
                "18": 0.2130044843049325,
                "21": -0.807922272047831
            }
        },
        "13": {
            "avg": 0.9348599999999999,
            "std": 0.0012693666399691745,
            "words": {
                "3": "[1 4 4]",
                "6": "[4 5 5]",
                "9": "[5 6 6]",
                "12": "[6 7 8]",
                "15": "[7 6 7]",
                "18": "[7 7 7]",
                "21": "[7 7 7]",
                "24": "[7 6 6]"
            },
            "symbolic": {
                "0": 4,
                "3": 5,
                "6": 5,
                "9": 6,
                "12": 6,
                "15": 7,
                "18": 7,
                "21": 6
            },
            "avg_amplitude": {
                "0": -0.5437100213219423,
                "3": 0.2636815920398052,
                "6": 0.6261549395877405,
                "9": 0.9516702203269061,
                "12": 0.9459843638947598,
                "15": 0.9843638948115858,
                "18": 0.9815209665955203,
                "21": 0.9445628997867351
            }
        },
        "14": {
            "avg": 0.99921,
            "std": 0.00010364201207360462,
            "words": {
                "3": "[5 5 5]",
                "6": "[4 4 4]",
                "9": "[4 4 3]",
                "12": "[3 3 3]",
                "15": "[1 3 1]",
                "18": "[3 3 3]",
                "21": "[3 4 4]",
                "24": "[5 5 6]"
            },
            "symbolic": {
                "0": 5,
                "3": 4,
                "6": 4,
                "9": 3,
                "12": 2,
                "15": 3,
                "18": 4,
                "21": 5
            },
            "avg_amplitude": {
                "0": 0.23529411764707167,
                "3": -0.19607843137230574,
                "6": -0.6470588235290661,
                "9": -0.8627450980391901,
                "12": -0.9803921568626169,
                "15": -0.8823529411761376,
                "18": -0.5098039215684738,
                "21": 0.568627450980405
            }
        },
        "15": {
            "avg": 0.7957968000000001,
            "std": 0.002211586383873206,
            "words": {
                "3": "[1 4 4]",
                "6": "[4 4 5]",
                "9": "[5 5 6]",
                "12": "[8 6 6]",
                "15": "[6 6 6]",
                "18": "[6 6 6]",
                "21": "[6 6 6]",
                "24": "[6 6 6]"
            },
            "symbolic": {
                "0": 3,
                "3": 4,
                "6": 5,
                "9": 6,
                "12": 6,
                "15": 6,
                "18": 6,
                "21": 6
            },
            "avg_amplitude": {
                "0": -0.7352430555555469,
                "3": -0.05729166666668047,
                "6": 0.5399305555555592,
                "9": 0.9453124999999986,
                "12": 0.8385416666666695,
                "15": 0.8906249999999969,
                "18": 0.8802083333333391,
                "21": 0.8185763888888958
            }
        },
        "16": {
            "avg": -0.3658872,
            "std": 0.00355612912214016,
            "words": {
                "3": "[5 5 5]",
                "6": "[6 6 7]",
                "9": "[8 7 6]",
                "12": "[6 6 6]",
                "15": "[5 5 5]",
                "18": "[4 4 4]",
                "21": "[4 4 4]",
                "24": "[3 3 1]"
            },
            "symbolic": {
                "0": 5,
                "3": 6,
                "6": 7,
                "9": 6,
                "12": 5,
                "15": 4,
                "18": 4,
                "21": 3
            },
            "avg_amplitude": {
                "0": 0.29182879377432064,
                "3": 0.9124513618677099,
                "6": 0.9785992217898869,
                "9": 0.807392996108954,
                "12": 0.23022049286640459,
                "15": -0.27042801556420754,
                "18": -0.5376134889753602,
                "21": -0.8197146562905343
            }
        },
        "17": {
            "avg": 0.9336563999999999,
            "std": 0.001355402400273328,
            "words": {
                "3": "[8 5 5]",
                "6": "[4 3 4]",
                "9": "[3 3 3]",
                "12": "[1 3 3]",
                "15": "[4 4 4]",
                "18": "[4 4 5]",
                "21": "[5 5 5]",
                "24": "[5 5 5]"
            },
            "symbolic": {
                "0": 5,
                "3": 4,
                "6": 3,
                "9": 3,
                "12": 4,
                "15": 4,
                "18": 5,
                "21": 5
            },
            "avg_amplitude": {
                "0": 0.6006144393240934,
                "3": -0.4915514592934247,
                "6": -0.8279569892473618,
                "9": -0.9170506912442421,
                "12": -0.405529953917063,
                "15": -0.039938556067594035,
                "18": 0.3963133640552856,
                "21": 0.5775729646697182
            }
        },
        "18": {
            "avg": 0.9991940000000001,
            "std": 0.0001913983629327441,
            "words": {
                "3": "[8 6 6]",
                "6": "[5 5 5]",
                "9": "[5 4 4]",
                "12": "[3 3 3]",
                "15": "[3 1 3]",
                "18": "[3 3 3]",
                "21": "[4 4 4]",
                "24": "[4 5 5]"
            },
            "symbolic": {
                "0": 6,
                "3": 5,
                "6": 4,
                "9": 3,
                "12": 3,
                "15": 3,
                "18": 4,
                "21": 5
            },
            "avg_amplitude": {
                "0": 0.8201058201056187,
                "3": 0.39682539682532975,
                "6": -0.08994708994707316,
                "9": -0.7989417989415807,
                "12": -0.9259259259258084,
                "15": -0.7777777777776604,
                "18": -0.4391534391534056,
                "21": 0.15343915343906958
            }
        },
        "19": {
            "avg": 0.7878820000000001,
            "std": 0.003176598023042887,
            "words": {
                "3": "[8 6 5]",
                "6": "[5 4 4]",
                "9": "[4 3 3]",
                "12": "[3 3 2]",
                "15": "[1 1 2]",
                "18": "[3 3 3]",
                "21": "[3 3 4]",
                "24": "[4 4 5]"
            },
            "symbolic": {
                "0": 6,
                "3": 4,
                "6": 4,
                "9": 3,
                "12": 2,
                "15": 3,
                "18": 4,
                "21": 4
            },
            "avg_amplitude": {
                "0": 0.6865718799368095,
                "3": -0.10205371248025885,
                "6": -0.6770932069510426,
                "9": -0.9045813586098004,
                "12": -0.9911532385466085,
                "15": -0.9165876777251328,
                "18": -0.6682464454976372,
                "21": -0.07235387045815067
            }
        }
    }
}