{
    "W": {
        "0": {
            "avg": 0.021175807142857144,
            "std": 0.03256383013642623,
            "words": {
                "3": "[1 3 4]",
                "6": "[5 5 5]",
                "9": "[5 6 6]",
                "12": "[6 6 6]",
                "15": "[7 8 6]",
                "18": "[6 5 5]",
                "21": "[5 5 5]",
                "24": "[5 5 5]",
                "27": "[5 4 4]"
            },
            "symbolic": {
                "0": 4,
                "3": 5,
                "6": 6,
                "9": 6,
                "12": 7,
                "15": 6,
                "18": 5,
                "21": 5,
                "24": 4
            },
            "avg_amplitude": {
                "0": -0.6621098472469106,
                "3": 0.39204854939034256,
                "6": 0.7813098663775809,
                "9": 0.9187637335629013,
                "12": 0.9574395723232337,
                "15": 0.6839188115602388,
                "18": 0.5165573295709679,
                "21": 0.2972135647081642,
                "24": -0.0365603054530382
            }
        },
        "1": {
            "avg": 0.9942114285714284,
            "std": 0.003256362108226615,
            "words": {
                "3": "[8 7 6]",
                "6": "[6 6 6]",
                "9": "[6 5 5]",
                "12": "[5 5 4]",
                "15": "[4 4 4]",
                "18": "[3 2 2]",
                "21": "[1 2 2]",
                "24": "[3 3 3]",
                "27": "[4 4 4]"
            },
            "symbolic": {
                "0": 7,
                "3": 6,
                "6": 5,
                "9": 5,
                "12": 4,
                "15": 3,
                "18": 2,
                "21": 3,
                "24": 4
            },
            "avg_amplitude": {
                "0": 0.9664429530201137,
                "3": 0.8493661446681345,
                "6": 0.4906785980611248,
                "9": 0.08575689783743194,
                "12": -0.5928411633109516,
                "15": -0.9015659955257133,
                "18": -0.9903057419835722,
                "21": -0.8113348247576283,
                "24": -0.4168530947054346
            }
        },
        "2": {
            "avg": 0.9903610714285712,
            "std": 0.005178193120646327,
            "words": {
                "3": "[8 6 6]",
                "6": "[6 5 5]",
                "9": "[5 5 5]",
                "12": "[4 4 4]",
                "15": "[4 3 3]",
                "18": "[3 3 2]",
                "21": "[1 2 2]",
                "24": "[3 3 3]",
                "27": "[4 4 4]"
            },
            "symbolic": {
                "0": 6,
                "3": 6,
                "6": 5,
                "9": 4,
                "12": 3,
                "15": 3,
                "18": 2,
                "21": 3,
                "24": 4
            },
            "avg_amplitude": {
                "0": 0.9529885829415665,
                "3": 0.7004701141705847,
                "6": 0.2800537273337798,
                "9": -0.39198567271098844,
                "12": -0.7443474367584604,
                "15": -0.9413476606223449,
                "18": -0.9870158943362529,
                "21": -0.8209088873964672,
                "24": -0.37362883366912486
            }
        },
        "3": {
            "avg": 0.9932778571428572,
            "std": 0.0011017372044752132,
            "words": {
                "3": "[7 6 5]",
                "6": "[5 5 4]",
                "9": "[4 4 4]",
                "12": "[3 3 1]",
                "15": "[2 2 3]",
                "18": "[3 3 3]",
                "21": "[3 3 4]",
                "24": "[4 4 4]",
                "27": "[5 5 5]"
            },
            "symbolic": {
                "0": 6,
                "3": 5,
                "6": 4,
                "9": 3,
                "12": 3,
                "15": 3,
                "18": 3,
                "21": 4,
                "24": 5
            },
            "avg_amplitude": {
                "0": 0.7764102564102245,
                "3": 0.17128205128205878,
                "6": -0.52205128205129,
                "9": -0.8892307692308169,
                "12": -0.9507692307692723,
                "15": -0.92615384615384,
                "18": -0.7805128205128611,
                "21": -0.3189743589743787,
                "24": 0.4810256410256077
            }
        },
        "4": {
            "avg": 0.4359146428571428,
            "std": 0.0016997918873548742,
            "words": {
                "3": "[3 1 3]",
                "6": "[4 4 4]",
                "9": "[4 4 5]",
                "12": "[5 5 6]",
                "15": "[6 6 6]",
                "18": "[6 6 6]",
                "21": "[7 7 7]",
                "24": "[7 8 7]",
                "27": "[6 6 5]"
            },
            "symbolic": {
                "0": 3,
                "3": 4,
                "6": 4,
                "9": 5,
                "12": 6,
                "15": 6,
                "18": 7,
                "21": 7,
                "24": 5
            },
            "avg_amplitude": {
                "0": -0.8237243207422257,
                "3": -0.5573227302849783,
                "6": -0.24585818422797967,
                "9": 0.5957587806494309,
                "12": 0.7919151756129909,
                "15": 0.8807157057654189,
                "18": 0.9721669980119296,
                "21": 0.9946984758118053,
                "24": 0.6315440689198083
            }
        },
        "5": {
            "avg": 0.9276925000000001,
            "std": 0.0012403005161533804,
            "words": {
                "3": "[3 6 8]",
                "6": "[7 5 6]",
                "9": "[5 5 5]",
                "12": "[5 4 4]",
                "15": "[4 4 4]",
                "18": "[4 4 4]",
                "21": "[4 4 5]",
                "24": "[5 5 5]",
                "27": "[5 5 4]"
            },
            "symbolic": {
                "0": 5,
                "3": 6,
                "6": 5,
                "9": 4,
                "12": 4,
                "15": 4,
                "18": 4,
                "21": 5,
                "24": 5
            },
            "avg_amplitude": {
                "0": 0.30013280212483706,
                "3": 0.7622841965471462,
                "6": 0.42363877822046964,
                "9": -0.06374501992031727,
                "12": -0.29747675962816916,
                "15": -0.22443559096946267,
                "18": -0.07304116865871386,
                "21": 0.1859229747675716,
                "24": 0.11022576361219723
            }
        },
        "6": {
            "avg": 0.9864064285714287,
            "std": 0.0016870601523573288,
            "words": {
                "3": "[1 4 5]",
                "6": "[5 6 6]",
                "9": "[7 7 7]",
                "12": "[7 8 7]",
                "15": "[7 6 6]",
                "18": "[6 6 6]",
                "21": "[6 5 5]",
                "24": "[5 5 5]",
                "27": "[5 5 5]"
            },
            "symbolic": {
                "0": 4,
                "3": 6,
                "6": 7,
                "9": 7,
                "12": 7,
                "15": 6,
                "18": 6,
                "21": 5,
                "24": 5
            },
            "avg_amplitude": {
                "0": -0.3995525727069212,
                "3": 0.8228187919463021,
                "6": 0.9686800894854425,
                "9": 0.9946308724832162,
                "12": 0.9570469798657492,
                "15": 0.8666666666666686,
                "18": 0.7270693512304277,
                "21": 0.5919463087248352,
                "24": 0.4487695749440617
            }
        },
        "7": {
            "avg": 0.9980960714285715,
            "std": 0.0006388087251295216,
            "words": {
                "3": "[4 4 4]",
                "6": "[5 6 7]",
                "9": "[8 6 6]",
                "12": "[6 5 5]",
                "15": "[3 4 4]",
                "18": "[4 3 1]",
                "21": "[3 3 3]",
                "24": "[3 4 4]",
                "27": "[4 4 5]"
            },
            "symbolic": {
                "0": 4,
                "3": 6,
                "6": 6,
                "9": 5,
                "12": 4,
                "15": 3,
                "18": 3,
                "21": 4,
                "24": 4
            },
            "avg_amplitude": {
                "0": -0.24196277495767024,
                "3": 0.7191201353637732,
                "6": 0.8883248730964368,
                "9": 0.5465313028764721,
                "12": -0.39086294416243367,
                "15": -0.7664974619288484,
                "18": -0.874788494077774,
                "21": -0.6006768189508223,
                "24": -0.05922165820638151
            }
        },
        "8": {
            "avg": -0.4399246428571429,
            "std": 0.0026234589580860475,
            "words": {
                "3": "[5 5 6]",
                "6": "[6 7 7]",
                "9": "[8 6 6]",
                "12": "[6 5 5]",
                "15": "[4 4 4]",
                "18": "[3 3 3]",
                "21": "[1 1 3]",
                "24": "[5 5 5]",
                "27": "[5 5 4]"
            },
            "symbolic": {
                "0": 5,
                "3": 6,
                "6": 6,
                "9": 5,
                "12": 4,
                "15": 3,
                "18": 3,
                "21": 5,
                "24": 5
            },
            "avg_amplitude": {
                "0": 0.5627425614488996,
                "3": 0.9344545062526967,
                "6": 0.9370418283743035,
                "9": 0.49547218628719664,
                "12": -0.24018973695557752,
                "15": -0.8430357912893501,
                "18": -0.9180681328158685,
                "21": 0.5515308322552801,
                "24": 0.14963346269943315
            }
        },
        "9": {
            "avg": 0.8810749999999999,
            "std": 0.04471581454441336,
            "words": {
                "3": "[6 5 5]",
                "6": "[5 4 4]",
                "9": "[4 4 3]",
                "12": "[3 2 1]",
                "15": "[3 3 3]",
                "18": "[4 4 5]",
                "21": "[5 5 5]",
                "24": "[6 6 7]",
                "27": "[8 7 7]"
            },
            "symbolic": {
                "0": 5,
                "3": 4,
                "6": 4,
                "9": 2,
                "12": 3,
                "15": 4,
                "18": 5,
                "21": 6,
                "24": 7
            },
            "avg_amplitude": {
                "0": 0.5383536897732486,
                "3": -0.03674944053492838,
                "6": -0.5643991479953624,
                "9": -0.9590174984496754,
                "12": -0.8420016716546684,
                "15": -0.11418479872738589,
                "18": 0.5234705707891839,
                "21": 0.8876755911456238,
                "24": 0.9873277791258871
            }
        },
        "10": {
            "avg": 0.8945971428571431,
            "std": 0.06785078999278858,
            "words": {
                "3": "[5 5 5]",
                "6": "[5 4 4]",
                "9": "[4 4 4]",
                "12": "[4 3 3]",
                "15": "[1 2 3]",
                "18": "[4 4 4]",
                "21": "[5 5 5]",
                "24": "[6 6 6]",
                "27": "[6 7 7]"
            },
            "symbolic": {
                "0": 5,
                "3": 4,
                "6": 4,
                "9": 3,
                "12": 3,
                "15": 4,
                "18": 5,
                "21": 6,
                "24": 7
            },
            "avg_amplitude": {
                "0": 0.24277693201722098,
                "3": -0.0880845978817788,
                "6": -0.4292262109381397,
                "9": -0.7718083452012636,
                "12": -0.937304588387435,
                "15": -0.3390954181603889,
                "18": 0.3859450964985522,
                "21": 0.8076576797786842,
                "24": 0.9545908428686021
            }
        },
        "11": {
            "avg": 0.9671928571428571,
            "std": 0.039700413455925475,
            "words": {
                "3": "[7 8 7]",
                "6": "[6 5 5]",
                "9": "[6 6 6]",
                "12": "[6 6 6]",
                "15": "[5 5 1]",
                "18": "[5 5 5]",
                "21": "[6 7 7]",
                "24": "[8 7 6]",
                "27": "[6 6 7]"
            },
            "symbolic": {
                "0": 7,
                "3": 5,
                "6": 6,
                "9": 6,
                "12": 5,
                "15": 5,
                "18": 6,
                "21": 6,
                "24": 6
            },
            "avg_amplitude": {
                "0": 0.9876864632968192,
                "3": 0.6561051890422639,
                "6": 0.7671235119778629,
                "9": 0.7440356306593969,
                "12": 0.029261024053970575,
                "15": 0.49321281786772886,
                "18": 0.9412814592850954,
                "21": 0.9479622079219285,
                "24": 0.9200930065006312
            }
        },
        "12": {
            "avg": 0.3920692857142857,
            "std": 0.0037893114087365503,
            "words": {
                "3": "[1 4 4]",
                "6": "[5 4 5]",
                "9": "[5 6 6]",
                "12": "[6 6 6]",
                "15": "[7 8 7]",
                "18": "[7 6 6]",
                "21": "[6 6 6]",
                "24": "[6 5 5]",
                "27": "[4 4 4]"
            },
            "symbolic": {
                "0": 4,
                "3": 5,
                "6": 6,
                "9": 6,
                "12": 7,
                "15": 6,
                "18": 6,
                "21": 5,
                "24": 4
            },
            "avg_amplitude": {
                "0": -0.6278086174993384,
                "3": 0.2344699973566017,
                "6": 0.7377742532381776,
                "9": 0.8683584456780421,
                "12": 0.9767380385937147,
                "15": 0.922283901665352,
                "18": 0.8112609040444164,
                "21": 0.4115781126090427,
                "24": -0.3084853291038873
            }
        },
        "13": {
            "avg": 0.9378367857142855,
            "std": 0.0016950102230029842,
            "words": {
                "3": "[1 3 3]",
                "6": "[4 4 4]",
                "9": "[4 5 5]",
                "12": "[5 5 5]",
                "15": "[5 6 6]",
                "18": "[6 6 6]",
                "21": "[6 6 6]",
                "24": "[6 6 6]",
                "27": "[6 6 6]"
            },
            "symbolic": {
                "0": 3,
                "3": 4,
                "6": 5,
                "9": 5,
                "12": 6,
                "15": 6,
                "18": 6,
                "21": 6,
                "24": 6
            },
            "avg_amplitude": {
                "0": -0.8819188191881963,
                "3": -0.42681426814270695,
                "6": 0.16605166051658748,
                "9": 0.5756457564575688,
                "12": 0.7626076260762341,
                "15": 0.8339483394833852,
                "18": 0.8388683886838685,
                "21": 0.8105781057810315,
                "24": 0.8683886838868228
            }
        },
        "14": {
            "avg": 0.9995221428571428,
            "std": 9.417702569795933e-05,
            "words": {
                "3": "[8 6 6]",
                "6": "[6 5 5]",
                "9": "[5 5 4]",
                "12": "[4 4 4]",
                "15": "[4 3 3]",
                "18": "[3 3 3]",
                "21": "[3 3 3]",
                "24": "[3 1 3]",
                "27": "[3 3 3]"
            },
            "symbolic": {
                "0": 6,
                "3": 5,
                "6": 5,
                "9": 4,
                "12": 4,
                "15": 3,
                "18": 3,
                "21": 3,
                "24": 3
            },
            "avg_amplitude": {
                "0": 0.928571428571504,
                "3": 0.5952380952384351,
                "6": 0.02380952380993917,
                "9": -0.2857142857134549,
                "12": -0.6428571428561988,
                "15": -0.7619047619040443,
                "18": -0.8571428571427439,
                "21": -0.9523809523806502,
                "24": -0.9047619047615649
            }
        },
        "15": {
            "avg": 0.8137796428571429,
            "std": 0.000757170572019456,
            "words": {
                "3": "[1 3 3]",
                "6": "[4 4 5]",
                "9": "[5 5 5]",
                "12": "[5 5 5]",
                "15": "[5 6 6]",
                "18": "[6 6 6]",
                "21": "[6 7 7]",
                "24": "[7 7 7]",
                "27": "[7 8 7]"
            },
            "symbolic": {
                "0": 3,
                "3": 4,
                "6": 5,
                "9": 5,
                "12": 6,
                "15": 6,
                "18": 7,
                "21": 7,
                "24": 7
            },
            "avg_amplitude": {
                "0": -0.8406374501992439,
                "3": -0.12084993359895262,
                "6": 0.4023904382470542,
                "9": 0.4156706507304236,
                "12": 0.7822045152722833,
                "15": 0.8725099601593774,
                "18": 0.9681274900398664,
                "21": 0.9893758300132985,
                "24": 0.9946879150066641
            }
        },
        "16": {
            "avg": -0.37297714285714284,
            "std": 0.003196389000966968,
            "words": {
                "3": "[3 4 4]",
                "6": "[4 5 5]",
                "9": "[8 5 5]",
                "12": "[6 6 5]",
                "15": "[5 5 5]",
                "18": "[5 5 5]",
                "21": "[5 4 4]",
                "24": "[4 4 4]",
                "27": "[4 3 1]"
            },
            "symbolic": {
                "0": 4,
                "3": 5,
                "6": 5,
                "9": 6,
                "12": 5,
                "15": 5,
                "18": 5,
                "21": 4,
                "24": 4
            },
            "avg_amplitude": {
                "0": -0.6253164556961986,
                "3": 0.1184247538677919,
                "6": 0.6731364275668108,
                "9": 0.7057665260196924,
                "12": 0.5172995780590751,
                "15": 0.3265822784810153,
                "18": 0.028973277074550108,
                "21": -0.23319268635723975,
                "24": -0.6652601969057682
            }
        },
        "17": {
            "avg": 0.9334778571428571,
            "std": 0.002599709894275037,
            "words": {
                "3": "[8 6 5]",
                "6": "[5 4 4]",
                "9": "[4 4 4]",
                "12": "[4 3 3]",
                "15": "[2 1 2]",
                "18": "[3 3 4]",
                "21": "[4 4 4]",
                "24": "[4 4 4]",
                "27": "[4 5 4]"
            },
            "symbolic": {
                "0": 6,
                "3": 5,
                "6": 4,
                "9": 3,
                "12": 2,
                "15": 3,
                "18": 4,
                "21": 4,
                "24": 4
            },
            "avg_amplitude": {
                "0": 0.7163398692810302,
                "3": 0.024836601307185385,
                "6": -0.41895424836602263,
                "9": -0.7483660130719011,
                "12": -0.9745098039215829,
                "15": -0.7875816993464211,
                "18": -0.5032679738562197,
                "21": -0.23464052287581613,
                "24": -0.0411764705882511
            }
        },
        "18": {
            "avg": 0.9991717857142858,
            "std": 0.00011841714000776064,
            "words": {
                "3": "[4 4 4]",
                "6": "[4 4 4]",
                "9": "[4 4 4]",
                "12": "[4 3 1]",
                "15": "[3 3 1]",
                "18": "[1 3 3]",
                "21": "[3 4 4]",
                "24": "[5 4 6]",
                "27": "[6 8 6]"
            },
            "symbolic": {
                "0": 4,
                "3": 4,
                "6": 4,
                "9": 3,
                "12": 3,
                "15": 3,
                "18": 4,
                "21": 5,
                "24": 6
            },
            "avg_amplitude": {
                "0": -0.4954954954953171,
                "3": -0.09909909909882335,
                "6": -0.24324324324307567,
                "9": -0.76576576576569,
                "12": -0.9459459459456053,
                "15": -0.9279279279274738,
                "18": -0.6756756756752322,
                "21": 0.3693693693691964,
                "24": 0.9099099099097424
            }
        },
        "19": {
            "avg": 0.7917464285714286,
            "std": 0.004569147107612674,
            "words": {
                "3": "[8 6 6]",
                "6": "[5 5 5]",
                "9": "[4 4 4]",
                "12": "[4 3 1]",
                "15": "[2 3 3]",
                "18": "[3 3 3]",
                "21": "[3 3 3]",
                "24": "[3 4 4]",
                "27": "[4 4 4]"
            },
            "symbolic": {
                "0": 6,
                "3": 5,
                "6": 4,
                "9": 3,
                "12": 3,
                "15": 3,
                "18": 3,
                "21": 4,
                "24": 4
            },
            "avg_amplitude": {
                "0": 0.8526727509778357,
                "3": 0.34072142546718837,
                "6": -0.15471534115602167,
                "9": -0.7718383311603616,
                "12": -0.8904823989569719,
                "15": -0.9300304215558454,
                "18": -0.8661451542807441,
                "21": -0.583659278574527,
                "24": -0.47414167753151365
            }
        }
    },
    "X": {
        "0": {
            "avg": 0.021175807142857144,
            "std": 0.03256383013642623,
            "words": {
                "3": "[1 3 4]",
                "6": "[5 5 5]",
                "9": "[5 6 6]",
                "12": "[6 6 6]",
                "15": "[7 8 6]",
                "18": "[6 5 5]",
                "21": "[5 5 5]",
                "24": "[5 5 5]",
                "27": "[5 4 4]"
            },
            "symbolic": {
                "0": 4,
                "3": 5,
                "6": 6,
                "9": 6,
                "12": 7,
                "15": 6,
                "18": 5,
                "21": 5,
                "24": 4
            },
            "avg_amplitude": {
                "0": -0.6621098472469106,
                "3": 0.39204854939034256,
                "6": 0.7813098663775809,
                "9": 0.9187637335629013,
                "12": 0.9574395723232337,
                "15": 0.6839188115602388,
                "18": 0.5165573295709679,
                "21": 0.2972135647081642,
                "24": -0.0365603054530382
            }
        },
        "1": {
            "avg": 0.9942114285714284,
            "std": 0.003256362108226615,
            "words": {
                "3": "[8 7 6]",
                "6": "[6 6 6]",
                "9": "[6 5 5]",
                "12": "[5 5 4]",
                "15": "[4 4 4]",
                "18": "[3 2 2]",
                "21": "[1 2 2]",
                "24": "[3 3 3]",
                "27": "[4 4 4]"
            },
            "symbolic": {
                "0": 7,
                "3": 6,
                "6": 5,
                "9": 5,
                "12": 4,
                "15": 3,
                "18": 2,
                "21": 3,
                "24": 4
            },
            "avg_amplitude": {
                "0": 0.9664429530201137,
                "3": 0.8493661446681345,
                "6": 0.4906785980611248,
                "9": 0.08575689783743194,
                "12": -0.5928411633109516,
                "15": -0.9015659955257133,
                "18": -0.9903057419835722,
                "21": -0.8113348247576283,
                "24": -0.4168530947054346
            }
        },
        "2": {
            "avg": 0.9903610714285712,
            "std": 0.005178193120646327,
            "words": {
                "3": "[8 6 6]",
                "6": "[6 5 5]",
                "9": "[5 5 5]",
                "12": "[4 4 4]",
                "15": "[4 3 3]",
                "18": "[3 3 2]",
                "21": "[1 2 2]",
                "24": "[3 3 3]",
                "27": "[4 4 4]"
            },
            "symbolic": {
                "0": 6,
                "3": 6,
                "6": 5,
                "9": 4,
                "12": 3,
                "15": 3,
                "18": 2,
                "21": 3,
                "24": 4
            },
            "avg_amplitude": {
                "0": 0.9529885829415665,
                "3": 0.7004701141705847,
                "6": 0.2800537273337798,
                "9": -0.39198567271098844,
                "12": -0.7443474367584604,
                "15": -0.9413476606223449,
                "18": -0.9870158943362529,
                "21": -0.8209088873964672,
                "24": -0.37362883366912486
            }
        },
        "3": {
            "avg": 0.9932778571428572,
            "std": 0.0011017372044752132,
            "words": {
                "3": "[7 6 5]",
                "6": "[5 5 4]",
                "9": "[4 4 4]",
                "12": "[3 3 1]",
                "15": "[2 2 3]",
                "18": "[3 3 3]",
                "21": "[3 3 4]",
                "24": "[4 4 4]",
                "27": "[5 5 5]"
            },
            "symbolic": {
                "0": 6,
                "3": 5,
                "6": 4,
                "9": 3,
                "12": 3,
                "15": 3,
                "18": 3,
                "21": 4,
                "24": 5
            },
            "avg_amplitude": {
                "0": 0.7764102564102245,
                "3": 0.17128205128205878,
                "6": -0.52205128205129,
                "9": -0.8892307692308169,
                "12": -0.9507692307692723,
                "15": -0.92615384615384,
                "18": -0.7805128205128611,
                "21": -0.3189743589743787,
                "24": 0.4810256410256077
            }
        },
        "4": {
            "avg": 0.4359146428571428,
            "std": 0.0016997918873548742,
            "words": {
                "3": "[3 1 3]",
                "6": "[4 4 4]",
                "9": "[4 4 5]",
                "12": "[5 5 6]",
                "15": "[6 6 6]",
                "18": "[6 6 6]",
                "21": "[7 7 7]",
                "24": "[7 8 7]",
                "27": "[6 6 5]"
            },
            "symbolic": {
                "0": 3,
                "3": 4,
                "6": 4,
                "9": 5,
                "12": 6,
                "15": 6,
                "18": 7,
                "21": 7,
                "24": 5
            },
            "avg_amplitude": {
                "0": -0.8237243207422257,
                "3": -0.5573227302849783,
                "6": -0.24585818422797967,
                "9": 0.5957587806494309,
                "12": 0.7919151756129909,
                "15": 0.8807157057654189,
                "18": 0.9721669980119296,
                "21": 0.9946984758118053,
                "24": 0.6315440689198083
            }
        },
        "5": {
            "avg": 0.9276925000000001,
            "std": 0.0012403005161533804,
            "words": {
                "3": "[3 6 8]",
                "6": "[7 5 6]",
                "9": "[5 5 5]",
                "12": "[5 4 4]",
                "15": "[4 4 4]",
                "18": "[4 4 4]",
                "21": "[4 4 5]",
                "24": "[5 5 5]",
                "27": "[5 5 4]"
            },
            "symbolic": {
                "0": 5,
                "3": 6,
                "6": 5,
                "9": 4,
                "12": 4,
                "15": 4,
                "18": 4,
                "21": 5,
                "24": 5
            },
            "avg_amplitude": {
                "0": 0.30013280212483706,
                "3": 0.7622841965471462,
                "6": 0.42363877822046964,
                "9": -0.06374501992031727,
                "12": -0.29747675962816916,
                "15": -0.22443559096946267,
                "18": -0.07304116865871386,
                "21": 0.1859229747675716,
                "24": 0.11022576361219723
            }
        },
        "6": {
            "avg": 0.9864064285714287,
            "std": 0.0016870601523573288,
            "words": {
                "3": "[1 4 5]",
                "6": "[5 6 6]",
                "9": "[7 7 7]",
                "12": "[7 8 7]",
                "15": "[7 6 6]",
                "18": "[6 6 6]",
                "21": "[6 5 5]",
                "24": "[5 5 5]",
                "27": "[5 5 5]"
            },
            "symbolic": {
                "0": 4,
                "3": 6,
                "6": 7,
                "9": 7,
                "12": 7,
                "15": 6,
                "18": 6,
                "21": 5,
                "24": 5
            },
            "avg_amplitude": {
                "0": -0.3995525727069212,
                "3": 0.8228187919463021,
                "6": 0.9686800894854425,
                "9": 0.9946308724832162,
                "12": 0.9570469798657492,
                "15": 0.8666666666666686,
                "18": 0.7270693512304277,
                "21": 0.5919463087248352,
                "24": 0.4487695749440617
            }
        },
        "7": {
            "avg": 0.9980960714285715,
            "std": 0.0006388087251295216,
            "words": {
                "3": "[4 4 4]",
                "6": "[5 6 7]",
                "9": "[8 6 6]",
                "12": "[6 5 5]",
                "15": "[3 4 4]",
                "18": "[4 3 1]",
                "21": "[3 3 3]",
                "24": "[3 4 4]",
                "27": "[4 4 5]"
            },
            "symbolic": {
                "0": 4,
                "3": 6,
                "6": 6,
                "9": 5,
                "12": 4,
                "15": 3,
                "18": 3,
                "21": 4,
                "24": 4
            },
            "avg_amplitude": {
                "0": -0.24196277495767024,
                "3": 0.7191201353637732,
                "6": 0.8883248730964368,
                "9": 0.5465313028764721,
                "12": -0.39086294416243367,
                "15": -0.7664974619288484,
                "18": -0.874788494077774,
                "21": -0.6006768189508223,
                "24": -0.05922165820638151
            }
        },
        "8": {
            "avg": -0.4399246428571429,
            "std": 0.0026234589580860475,
            "words": {
                "3": "[5 5 6]",
                "6": "[6 7 7]",
                "9": "[8 6 6]",
                "12": "[6 5 5]",
                "15": "[4 4 4]",
                "18": "[3 3 3]",
                "21": "[1 1 3]",
                "24": "[5 5 5]",
                "27": "[5 5 4]"
            },
            "symbolic": {
                "0": 5,
                "3": 6,
                "6": 6,
                "9": 5,
                "12": 4,
                "15": 3,
                "18": 3,
                "21": 5,
                "24": 5
            },
            "avg_amplitude": {
                "0": 0.5627425614488996,
                "3": 0.9344545062526967,
                "6": 0.9370418283743035,
                "9": 0.49547218628719664,
                "12": -0.24018973695557752,
                "15": -0.8430357912893501,
                "18": -0.9180681328158685,
                "21": 0.5515308322552801,
                "24": 0.14963346269943315
            }
        },
        "9": {
            "avg": 0.8810749999999999,
            "std": 0.04471581454441336,
            "words": {
                "3": "[6 5 5]",
                "6": "[5 4 4]",
                "9": "[4 4 3]",
                "12": "[3 2 1]",
                "15": "[3 3 3]",
                "18": "[4 4 5]",
                "21": "[5 5 5]",
                "24": "[6 6 7]",
                "27": "[8 7 7]"
            },
            "symbolic": {
                "0": 5,
                "3": 4,
                "6": 4,
                "9": 2,
                "12": 3,
                "15": 4,
                "18": 5,
                "21": 6,
                "24": 7
            },
            "avg_amplitude": {
                "0": 0.5383536897732486,
                "3": -0.03674944053492838,
                "6": -0.5643991479953624,
                "9": -0.9590174984496754,
                "12": -0.8420016716546684,
                "15": -0.11418479872738589,
                "18": 0.5234705707891839,
                "21": 0.8876755911456238,
                "24": 0.9873277791258871
            }
        },
        "10": {
            "avg": 0.8945971428571431,
            "std": 0.06785078999278858,
            "words": {
                "3": "[5 5 5]",
                "6": "[5 4 4]",
                "9": "[4 4 4]",
                "12": "[4 3 3]",
                "15": "[1 2 3]",
                "18": "[4 4 4]",
                "21": "[5 5 5]",
                "24": "[6 6 6]",
                "27": "[6 7 7]"
            },
            "symbolic": {
                "0": 5,
                "3": 4,
                "6": 4,
                "9": 3,
                "12": 3,
                "15": 4,
                "18": 5,
                "21": 6,
                "24": 7
            },
            "avg_amplitude": {
                "0": 0.24277693201722098,
                "3": -0.0880845978817788,
                "6": -0.4292262109381397,
                "9": -0.7718083452012636,
                "12": -0.937304588387435,
                "15": -0.3390954181603889,
                "18": 0.3859450964985522,
                "21": 0.8076576797786842,
                "24": 0.9545908428686021
            }
        },
        "11": {
            "avg": 0.9671928571428571,
            "std": 0.039700413455925475,
            "words": {
                "3": "[7 8 7]",
                "6": "[6 5 5]",
                "9": "[6 6 6]",
                "12": "[6 6 6]",
                "15": "[5 5 1]",
                "18": "[5 5 5]",
                "21": "[6 7 7]",
                "24": "[8 7 6]",
                "27": "[6 6 7]"
            },
            "symbolic": {
                "0": 7,
                "3": 5,
                "6": 6,
                "9": 6,
                "12": 5,
                "15": 5,
                "18": 6,
                "21": 6,
                "24": 6
            },
            "avg_amplitude": {
                "0": 0.9876864632968192,
                "3": 0.6561051890422639,
                "6": 0.7671235119778629,
                "9": 0.7440356306593969,
                "12": 0.029261024053970575,
                "15": 0.49321281786772886,
                "18": 0.9412814592850954,
                "21": 0.9479622079219285,
                "24": 0.9200930065006312
            }
        },
        "12": {
            "avg": 0.3920692857142857,
            "std": 0.0037893114087365503,
            "words": {
                "3": "[1 4 4]",
                "6": "[5 4 5]",
                "9": "[5 6 6]",
                "12": "[6 6 6]",
                "15": "[7 8 7]",
                "18": "[7 6 6]",
                "21": "[6 6 6]",
                "24": "[6 5 5]",
                "27": "[4 4 4]"
            },
            "symbolic": {
                "0": 4,
                "3": 5,
                "6": 6,
                "9": 6,
                "12": 7,
                "15": 6,
                "18": 6,
                "21": 5,
                "24": 4
            },
            "avg_amplitude": {
                "0": -0.6278086174993384,
                "3": 0.2344699973566017,
                "6": 0.7377742532381776,
                "9": 0.8683584456780421,
                "12": 0.9767380385937147,
                "15": 0.922283901665352,
                "18": 0.8112609040444164,
                "21": 0.4115781126090427,
                "24": -0.3084853291038873
            }
        },
        "13": {
            "avg": 0.9378367857142855,
            "std": 0.0016950102230029842,
            "words": {
                "3": "[1 3 3]",
                "6": "[4 4 4]",
                "9": "[4 5 5]",
                "12": "[5 5 5]",
                "15": "[5 6 6]",
                "18": "[6 6 6]",
                "21": "[6 6 6]",
                "24": "[6 6 6]",
                "27": "[6 6 6]"
            },
            "symbolic": {
                "0": 3,
                "3": 4,
                "6": 5,
                "9": 5,
                "12": 6,
                "15": 6,
                "18": 6,
                "21": 6,
                "24": 6
            },
            "avg_amplitude": {
                "0": -0.8819188191881963,
                "3": -0.42681426814270695,
                "6": 0.16605166051658748,
                "9": 0.5756457564575688,
                "12": 0.7626076260762341,
                "15": 0.8339483394833852,
                "18": 0.8388683886838685,
                "21": 0.8105781057810315,
                "24": 0.8683886838868228
            }
        },
        "14": {
            "avg": 0.9995221428571428,
            "std": 9.417702569795933e-05,
            "words": {
                "3": "[8 6 6]",
                "6": "[6 5 5]",
                "9": "[5 5 4]",
                "12": "[4 4 4]",
                "15": "[4 3 3]",
                "18": "[3 3 3]",
                "21": "[3 3 3]",
                "24": "[3 1 3]",
                "27": "[3 3 3]"
            },
            "symbolic": {
                "0": 6,
                "3": 5,
                "6": 5,
                "9": 4,
                "12": 4,
                "15": 3,
                "18": 3,
                "21": 3,
                "24": 3
            },
            "avg_amplitude": {
                "0": 0.928571428571504,
                "3": 0.5952380952384351,
                "6": 0.02380952380993917,
                "9": -0.2857142857134549,
                "12": -0.6428571428561988,
                "15": -0.7619047619040443,
                "18": -0.8571428571427439,
                "21": -0.9523809523806502,
                "24": -0.9047619047615649
            }
        },
        "15": {
            "avg": 0.8137796428571429,
            "std": 0.000757170572019456,
            "words": {
                "3": "[1 3 3]",
                "6": "[4 4 5]",
                "9": "[5 5 5]",
                "12": "[5 5 5]",
                "15": "[5 6 6]",
                "18": "[6 6 6]",
                "21": "[6 7 7]",
                "24": "[7 7 7]",
                "27": "[7 8 7]"
            },
            "symbolic": {
                "0": 3,
                "3": 4,
                "6": 5,
                "9": 5,
                "12": 6,
                "15": 6,
                "18": 7,
                "21": 7,
                "24": 7
            },
            "avg_amplitude": {
                "0": -0.8406374501992439,
                "3": -0.12084993359895262,
                "6": 0.4023904382470542,
                "9": 0.4156706507304236,
                "12": 0.7822045152722833,
                "15": 0.8725099601593774,
                "18": 0.9681274900398664,
                "21": 0.9893758300132985,
                "24": 0.9946879150066641
            }
        },
        "16": {
            "avg": -0.37297714285714284,
            "std": 0.003196389000966968,
            "words": {
                "3": "[3 4 4]",
                "6": "[4 5 5]",
                "9": "[8 5 5]",
                "12": "[6 6 5]",
                "15": "[5 5 5]",
                "18": "[5 5 5]",
                "21": "[5 4 4]",
                "24": "[4 4 4]",
                "27": "[4 3 1]"
            },
            "symbolic": {
                "0": 4,
                "3": 5,
                "6": 5,
                "9": 6,
                "12": 5,
                "15": 5,
                "18": 5,
                "21": 4,
                "24": 4
            },
            "avg_amplitude": {
                "0": -0.6253164556961986,
                "3": 0.1184247538677919,
                "6": 0.6731364275668108,
                "9": 0.7057665260196924,
                "12": 0.5172995780590751,
                "15": 0.3265822784810153,
                "18": 0.028973277074550108,
                "21": -0.23319268635723975,
                "24": -0.6652601969057682
            }
        },
        "17": {
            "avg": 0.9334778571428571,
            "std": 0.002599709894275037,
            "words": {
                "3": "[8 6 5]",
                "6": "[5 4 4]",
                "9": "[4 4 4]",
                "12": "[4 3 3]",
                "15": "[2 1 2]",
                "18": "[3 3 4]",
                "21": "[4 4 4]",
                "24": "[4 4 4]",
                "27": "[4 5 4]"
            },
            "symbolic": {
                "0": 6,
                "3": 5,
                "6": 4,
                "9": 3,
                "12": 2,
                "15": 3,
                "18": 4,
                "21": 4,
                "24": 4
            },
            "avg_amplitude": {
                "0": 0.7163398692810302,
                "3": 0.024836601307185385,
                "6": -0.41895424836602263,
                "9": -0.7483660130719011,
                "12": -0.9745098039215829,
                "15": -0.7875816993464211,
                "18": -0.5032679738562197,
                "21": -0.23464052287581613,
                "24": -0.0411764705882511
            }
        },
        "18": {
            "avg": 0.9991717857142858,
            "std": 0.00011841714000776064,
            "words": {
                "3": "[4 4 4]",
                "6": "[4 4 4]",
                "9": "[4 4 4]",
                "12": "[4 3 1]",
                "15": "[3 3 1]",
                "18": "[1 3 3]",
                "21": "[3 4 4]",
                "24": "[5 4 6]",
                "27": "[6 8 6]"
            },
            "symbolic": {
                "0": 4,
                "3": 4,
                "6": 4,
                "9": 3,
                "12": 3,
                "15": 3,
                "18": 4,
                "21": 5,
                "24": 6
            },
            "avg_amplitude": {
                "0": -0.4954954954953171,
                "3": -0.09909909909882335,
                "6": -0.24324324324307567,
                "9": -0.76576576576569,
                "12": -0.9459459459456053,
                "15": -0.9279279279274738,
                "18": -0.6756756756752322,
                "21": 0.3693693693691964,
                "24": 0.9099099099097424
            }
        },
        "19": {
            "avg": 0.7917464285714286,
            "std": 0.004569147107612674,
            "words": {
                "3": "[8 6 6]",
                "6": "[5 5 5]",
                "9": "[4 4 4]",
                "12": "[4 3 1]",
                "15": "[2 3 3]",
                "18": "[3 3 3]",
                "21": "[3 3 3]",
                "24": "[3 4 4]",
                "27": "[4 4 4]"
            },
            "symbolic": {
                "0": 6,
                "3": 5,
                "6": 4,
                "9": 3,
                "12": 3,
                "15": 3,
                "18": 3,
                "21": 4,
                "24": 4
            },
            "avg_amplitude": {
                "0": 0.8526727509778357,
                "3": 0.34072142546718837,
                "6": -0.15471534115602167,
                "9": -0.7718383311603616,
                "12": -0.8904823989569719,
                "15": -0.9300304215558454,
                "18": -0.8661451542807441,
                "21": -0.583659278574527,
                "24": -0.47414167753151365
            }
        }
    },
    "Y": {
        "0": {
            "avg": 0.021175807142857144,
            "std": 0.03256383013642623,
            "words": {
                "3": "[1 3 4]",
                "6": "[5 5 5]",
                "9": "[5 6 6]",
                "12": "[6 6 6]",
                "15": "[7 8 6]",
                "18": "[6 5 5]",
                "21": "[5 5 5]",
                "24": "[5 5 5]",
                "27": "[5 4 4]"
            },
            "symbolic": {
                "0": 4,
                "3": 5,
                "6": 6,
                "9": 6,
                "12": 7,
                "15": 6,
                "18": 5,
                "21": 5,
                "24": 4
            },
            "avg_amplitude": {
                "0": -0.6621098472469106,
                "3": 0.39204854939034256,
                "6": 0.7813098663775809,
                "9": 0.9187637335629013,
                "12": 0.9574395723232337,
                "15": 0.6839188115602388,
                "18": 0.5165573295709679,
                "21": 0.2972135647081642,
                "24": -0.0365603054530382
            }
        },
        "1": {
            "avg": 0.9942114285714284,
            "std": 0.003256362108226615,
            "words": {
                "3": "[8 7 6]",
                "6": "[6 6 6]",
                "9": "[6 5 5]",
                "12": "[5 5 4]",
                "15": "[4 4 4]",
                "18": "[3 2 2]",
                "21": "[1 2 2]",
                "24": "[3 3 3]",
                "27": "[4 4 4]"
            },
            "symbolic": {
                "0": 7,
                "3": 6,
                "6": 5,
                "9": 5,
                "12": 4,
                "15": 3,
                "18": 2,
                "21": 3,
                "24": 4
            },
            "avg_amplitude": {
                "0": 0.9664429530201137,
                "3": 0.8493661446681345,
                "6": 0.4906785980611248,
                "9": 0.08575689783743194,
                "12": -0.5928411633109516,
                "15": -0.9015659955257133,
                "18": -0.9903057419835722,
                "21": -0.8113348247576283,
                "24": -0.4168530947054346
            }
        },
        "2": {
            "avg": 0.9903610714285712,
            "std": 0.005178193120646327,
            "words": {
                "3": "[8 6 6]",
                "6": "[6 5 5]",
                "9": "[5 5 5]",
                "12": "[4 4 4]",
                "15": "[4 3 3]",
                "18": "[3 3 2]",
                "21": "[1 2 2]",
                "24": "[3 3 3]",
                "27": "[4 4 4]"
            },
            "symbolic": {
                "0": 6,
                "3": 6,
                "6": 5,
                "9": 4,
                "12": 3,
                "15": 3,
                "18": 2,
                "21": 3,
                "24": 4
            },
            "avg_amplitude": {
                "0": 0.9529885829415665,
                "3": 0.7004701141705847,
                "6": 0.2800537273337798,
                "9": -0.39198567271098844,
                "12": -0.7443474367584604,
                "15": -0.9413476606223449,
                "18": -0.9870158943362529,
                "21": -0.8209088873964672,
                "24": -0.37362883366912486
            }
        },
        "3": {
            "avg": 0.9932778571428572,
            "std": 0.0011017372044752132,
            "words": {
                "3": "[7 6 5]",
                "6": "[5 5 4]",
                "9": "[4 4 4]",
                "12": "[3 3 1]",
                "15": "[2 2 3]",
                "18": "[3 3 3]",
                "21": "[3 3 4]",
                "24": "[4 4 4]",
                "27": "[5 5 5]"
            },
            "symbolic": {
                "0": 6,
                "3": 5,
                "6": 4,
                "9": 3,
                "12": 3,
                "15": 3,
                "18": 3,
                "21": 4,
                "24": 5
            },
            "avg_amplitude": {
                "0": 0.7764102564102245,
                "3": 0.17128205128205878,
                "6": -0.52205128205129,
                "9": -0.8892307692308169,
                "12": -0.9507692307692723,
                "15": -0.92615384615384,
                "18": -0.7805128205128611,
                "21": -0.3189743589743787,
                "24": 0.4810256410256077
            }
        },
        "4": {
            "avg": 0.4359146428571428,
            "std": 0.0016997918873548742,
            "words": {
                "3": "[3 1 3]",
                "6": "[4 4 4]",
                "9": "[4 4 5]",
                "12": "[5 5 6]",
                "15": "[6 6 6]",
                "18": "[6 6 6]",
                "21": "[7 7 7]",
                "24": "[7 8 7]",
                "27": "[6 6 5]"
            },
            "symbolic": {
                "0": 3,
                "3": 4,
                "6": 4,
                "9": 5,
                "12": 6,
                "15": 6,
                "18": 7,
                "21": 7,
                "24": 5
            },
            "avg_amplitude": {
                "0": -0.8237243207422257,
                "3": -0.5573227302849783,
                "6": -0.24585818422797967,
                "9": 0.5957587806494309,
                "12": 0.7919151756129909,
                "15": 0.8807157057654189,
                "18": 0.9721669980119296,
                "21": 0.9946984758118053,
                "24": 0.6315440689198083
            }
        },
        "5": {
            "avg": 0.9276925000000001,
            "std": 0.0012403005161533804,
            "words": {
                "3": "[3 6 8]",
                "6": "[7 5 6]",
                "9": "[5 5 5]",
                "12": "[5 4 4]",
                "15": "[4 4 4]",
                "18": "[4 4 4]",
                "21": "[4 4 5]",
                "24": "[5 5 5]",
                "27": "[5 5 4]"
            },
            "symbolic": {
                "0": 5,
                "3": 6,
                "6": 5,
                "9": 4,
                "12": 4,
                "15": 4,
                "18": 4,
                "21": 5,
                "24": 5
            },
            "avg_amplitude": {
                "0": 0.30013280212483706,
                "3": 0.7622841965471462,
                "6": 0.42363877822046964,
                "9": -0.06374501992031727,
                "12": -0.29747675962816916,
                "15": -0.22443559096946267,
                "18": -0.07304116865871386,
                "21": 0.1859229747675716,
                "24": 0.11022576361219723
            }
        },
        "6": {
            "avg": 0.9864064285714287,
            "std": 0.0016870601523573288,
            "words": {
                "3": "[1 4 5]",
                "6": "[5 6 6]",
                "9": "[7 7 7]",
                "12": "[7 8 7]",
                "15": "[7 6 6]",
                "18": "[6 6 6]",
                "21": "[6 5 5]",
                "24": "[5 5 5]",
                "27": "[5 5 5]"
            },
            "symbolic": {
                "0": 4,
                "3": 6,
                "6": 7,
                "9": 7,
                "12": 7,
                "15": 6,
                "18": 6,
                "21": 5,
                "24": 5
            },
            "avg_amplitude": {
                "0": -0.3995525727069212,
                "3": 0.8228187919463021,
                "6": 0.9686800894854425,
                "9": 0.9946308724832162,
                "12": 0.9570469798657492,
                "15": 0.8666666666666686,
                "18": 0.7270693512304277,
                "21": 0.5919463087248352,
                "24": 0.4487695749440617
            }
        },
        "7": {
            "avg": 0.9980960714285715,
            "std": 0.0006388087251295216,
            "words": {
                "3": "[4 4 4]",
                "6": "[5 6 7]",
                "9": "[8 6 6]",
                "12": "[6 5 5]",
                "15": "[3 4 4]",
                "18": "[4 3 1]",
                "21": "[3 3 3]",
                "24": "[3 4 4]",
                "27": "[4 4 5]"
            },
            "symbolic": {
                "0": 4,
                "3": 6,
                "6": 6,
                "9": 5,
                "12": 4,
                "15": 3,
                "18": 3,
                "21": 4,
                "24": 4
            },
            "avg_amplitude": {
                "0": -0.24196277495767024,
                "3": 0.7191201353637732,
                "6": 0.8883248730964368,
                "9": 0.5465313028764721,
                "12": -0.39086294416243367,
                "15": -0.7664974619288484,
                "18": -0.874788494077774,
                "21": -0.6006768189508223,
                "24": -0.05922165820638151
            }
        },
        "8": {
            "avg": -0.4399246428571429,
            "std": 0.0026234589580860475,
            "words": {
                "3": "[5 5 6]",
                "6": "[6 7 7]",
                "9": "[8 6 6]",
                "12": "[6 5 5]",
                "15": "[4 4 4]",
                "18": "[3 3 3]",
                "21": "[1 1 3]",
                "24": "[5 5 5]",
                "27": "[5 5 4]"
            },
            "symbolic": {
                "0": 5,
                "3": 6,
                "6": 6,
                "9": 5,
                "12": 4,
                "15": 3,
                "18": 3,
                "21": 5,
                "24": 5
            },
            "avg_amplitude": {
                "0": 0.5627425614488996,
                "3": 0.9344545062526967,
                "6": 0.9370418283743035,
                "9": 0.49547218628719664,
                "12": -0.24018973695557752,
                "15": -0.8430357912893501,
                "18": -0.9180681328158685,
                "21": 0.5515308322552801,
                "24": 0.14963346269943315
            }
        },
        "9": {
            "avg": 0.8810749999999999,
            "std": 0.04471581454441336,
            "words": {
                "3": "[6 5 5]",
                "6": "[5 4 4]",
                "9": "[4 4 3]",
                "12": "[3 2 1]",
                "15": "[3 3 3]",
                "18": "[4 4 5]",
                "21": "[5 5 5]",
                "24": "[6 6 7]",
                "27": "[8 7 7]"
            },
            "symbolic": {
                "0": 5,
                "3": 4,
                "6": 4,
                "9": 2,
                "12": 3,
                "15": 4,
                "18": 5,
                "21": 6,
                "24": 7
            },
            "avg_amplitude": {
                "0": 0.5383536897732486,
                "3": -0.03674944053492838,
                "6": -0.5643991479953624,
                "9": -0.9590174984496754,
                "12": -0.8420016716546684,
                "15": -0.11418479872738589,
                "18": 0.5234705707891839,
                "21": 0.8876755911456238,
                "24": 0.9873277791258871
            }
        },
        "10": {
            "avg": 0.8945971428571431,
            "std": 0.06785078999278858,
            "words": {
                "3": "[5 5 5]",
                "6": "[5 4 4]",
                "9": "[4 4 4]",
                "12": "[4 3 3]",
                "15": "[1 2 3]",
                "18": "[4 4 4]",
                "21": "[5 5 5]",
                "24": "[6 6 6]",
                "27": "[6 7 7]"
            },
            "symbolic": {
                "0": 5,
                "3": 4,
                "6": 4,
                "9": 3,
                "12": 3,
                "15": 4,
                "18": 5,
                "21": 6,
                "24": 7
            },
            "avg_amplitude": {
                "0": 0.24277693201722098,
                "3": -0.0880845978817788,
                "6": -0.4292262109381397,
                "9": -0.7718083452012636,
                "12": -0.937304588387435,
                "15": -0.3390954181603889,
                "18": 0.3859450964985522,
                "21": 0.8076576797786842,
                "24": 0.9545908428686021
            }
        },
        "11": {
            "avg": 0.9671928571428571,
            "std": 0.039700413455925475,
            "words": {
                "3": "[7 8 7]",
                "6": "[6 5 5]",
                "9": "[6 6 6]",
                "12": "[6 6 6]",
                "15": "[5 5 1]",
                "18": "[5 5 5]",
                "21": "[6 7 7]",
                "24": "[8 7 6]",
                "27": "[6 6 7]"
            },
            "symbolic": {
                "0": 7,
                "3": 5,
                "6": 6,
                "9": 6,
                "12": 5,
                "15": 5,
                "18": 6,
                "21": 6,
                "24": 6
            },
            "avg_amplitude": {
                "0": 0.9876864632968192,
                "3": 0.6561051890422639,
                "6": 0.7671235119778629,
                "9": 0.7440356306593969,
                "12": 0.029261024053970575,
                "15": 0.49321281786772886,
                "18": 0.9412814592850954,
                "21": 0.9479622079219285,
                "24": 0.9200930065006312
            }
        },
        "12": {
            "avg": 0.3920692857142857,
            "std": 0.0037893114087365503,
            "words": {
                "3": "[1 4 4]",
                "6": "[5 4 5]",
                "9": "[5 6 6]",
                "12": "[6 6 6]",
                "15": "[7 8 7]",
                "18": "[7 6 6]",
                "21": "[6 6 6]",
                "24": "[6 5 5]",
                "27": "[4 4 4]"
            },
            "symbolic": {
                "0": 4,
                "3": 5,
                "6": 6,
                "9": 6,
                "12": 7,
                "15": 6,
                "18": 6,
                "21": 5,
                "24": 4
            },
            "avg_amplitude": {
                "0": -0.6278086174993384,
                "3": 0.2344699973566017,
                "6": 0.7377742532381776,
                "9": 0.8683584456780421,
                "12": 0.9767380385937147,
                "15": 0.922283901665352,
                "18": 0.8112609040444164,
                "21": 0.4115781126090427,
                "24": -0.3084853291038873
            }
        },
        "13": {
            "avg": 0.9378367857142855,
            "std": 0.0016950102230029842,
            "words": {
                "3": "[1 3 3]",
                "6": "[4 4 4]",
                "9": "[4 5 5]",
                "12": "[5 5 5]",
                "15": "[5 6 6]",
                "18": "[6 6 6]",
                "21": "[6 6 6]",
                "24": "[6 6 6]",
                "27": "[6 6 6]"
            },
            "symbolic": {
                "0": 3,
                "3": 4,
                "6": 5,
                "9": 5,
                "12": 6,
                "15": 6,
                "18": 6,
                "21": 6,
                "24": 6
            },
            "avg_amplitude": {
                "0": -0.8819188191881963,
                "3": -0.42681426814270695,
                "6": 0.16605166051658748,
                "9": 0.5756457564575688,
                "12": 0.7626076260762341,
                "15": 0.8339483394833852,
                "18": 0.8388683886838685,
                "21": 0.8105781057810315,
                "24": 0.8683886838868228
            }
        },
        "14": {
            "avg": 0.9995221428571428,
            "std": 9.417702569795933e-05,
            "words": {
                "3": "[8 6 6]",
                "6": "[6 5 5]",
                "9": "[5 5 4]",
                "12": "[4 4 4]",
                "15": "[4 3 3]",
                "18": "[3 3 3]",
                "21": "[3 3 3]",
                "24": "[3 1 3]",
                "27": "[3 3 3]"
            },
            "symbolic": {
                "0": 6,
                "3": 5,
                "6": 5,
                "9": 4,
                "12": 4,
                "15": 3,
                "18": 3,
                "21": 3,
                "24": 3
            },
            "avg_amplitude": {
                "0": 0.928571428571504,
                "3": 0.5952380952384351,
                "6": 0.02380952380993917,
                "9": -0.2857142857134549,
                "12": -0.6428571428561988,
                "15": -0.7619047619040443,
                "18": -0.8571428571427439,
                "21": -0.9523809523806502,
                "24": -0.9047619047615649
            }
        },
        "15": {
            "avg": 0.8137796428571429,
            "std": 0.000757170572019456,
            "words": {
                "3": "[1 3 3]",
                "6": "[4 4 5]",
                "9": "[5 5 5]",
                "12": "[5 5 5]",
                "15": "[5 6 6]",
                "18": "[6 6 6]",
                "21": "[6 7 7]",
                "24": "[7 7 7]",
                "27": "[7 8 7]"
            },
            "symbolic": {
                "0": 3,
                "3": 4,
                "6": 5,
                "9": 5,
                "12": 6,
                "15": 6,
                "18": 7,
                "21": 7,
                "24": 7
            },
            "avg_amplitude": {
                "0": -0.8406374501992439,
                "3": -0.12084993359895262,
                "6": 0.4023904382470542,
                "9": 0.4156706507304236,
                "12": 0.7822045152722833,
                "15": 0.8725099601593774,
                "18": 0.9681274900398664,
                "21": 0.9893758300132985,
                "24": 0.9946879150066641
            }
        },
        "16": {
            "avg": -0.37297714285714284,
            "std": 0.003196389000966968,
            "words": {
                "3": "[3 4 4]",
                "6": "[4 5 5]",
                "9": "[8 5 5]",
                "12": "[6 6 5]",
                "15": "[5 5 5]",
                "18": "[5 5 5]",
                "21": "[5 4 4]",
                "24": "[4 4 4]",
                "27": "[4 3 1]"
            },
            "symbolic": {
                "0": 4,
                "3": 5,
                "6": 5,
                "9": 6,
                "12": 5,
                "15": 5,
                "18": 5,
                "21": 4,
                "24": 4
            },
            "avg_amplitude": {
                "0": -0.6253164556961986,
                "3": 0.1184247538677919,
                "6": 0.6731364275668108,
                "9": 0.7057665260196924,
                "12": 0.5172995780590751,
                "15": 0.3265822784810153,
                "18": 0.028973277074550108,
                "21": -0.23319268635723975,
                "24": -0.6652601969057682
            }
        },
        "17": {
            "avg": 0.9334778571428571,
            "std": 0.002599709894275037,
            "words": {
                "3": "[8 6 5]",
                "6": "[5 4 4]",
                "9": "[4 4 4]",
                "12": "[4 3 3]",
                "15": "[2 1 2]",
                "18": "[3 3 4]",
                "21": "[4 4 4]",
                "24": "[4 4 4]",
                "27": "[4 5 4]"
            },
            "symbolic": {
                "0": 6,
                "3": 5,
                "6": 4,
                "9": 3,
                "12": 2,
                "15": 3,
                "18": 4,
                "21": 4,
                "24": 4
            },
            "avg_amplitude": {
                "0": 0.7163398692810302,
                "3": 0.024836601307185385,
                "6": -0.41895424836602263,
                "9": -0.7483660130719011,
                "12": -0.9745098039215829,
                "15": -0.7875816993464211,
                "18": -0.5032679738562197,
                "21": -0.23464052287581613,
                "24": -0.0411764705882511
            }
        },
        "18": {
            "avg": 0.9991717857142858,
            "std": 0.00011841714000776064,
            "words": {
                "3": "[4 4 4]",
                "6": "[4 4 4]",
                "9": "[4 4 4]",
                "12": "[4 3 1]",
                "15": "[3 3 1]",
                "18": "[1 3 3]",
                "21": "[3 4 4]",
                "24": "[5 4 6]",
                "27": "[6 8 6]"
            },
            "symbolic": {
                "0": 4,
                "3": 4,
                "6": 4,
                "9": 3,
                "12": 3,
                "15": 3,
                "18": 4,
                "21": 5,
                "24": 6
            },
            "avg_amplitude": {
                "0": -0.4954954954953171,
                "3": -0.09909909909882335,
                "6": -0.24324324324307567,
                "9": -0.76576576576569,
                "12": -0.9459459459456053,
                "15": -0.9279279279274738,
                "18": -0.6756756756752322,
                "21": 0.3693693693691964,
                "24": 0.9099099099097424
            }
        },
        "19": {
            "avg": 0.7917464285714286,
            "std": 0.004569147107612674,
            "words": {
                "3": "[8 6 6]",
                "6": "[5 5 5]",
                "9": "[4 4 4]",
                "12": "[4 3 1]",
                "15": "[2 3 3]",
                "18": "[3 3 3]",
                "21": "[3 3 3]",
                "24": "[3 4 4]",
                "27": "[4 4 4]"
            },
            "symbolic": {
                "0": 6,
                "3": 5,
                "6": 4,
                "9": 3,
                "12": 3,
                "15": 3,
                "18": 3,
                "21": 4,
                "24": 4
            },
            "avg_amplitude": {
                "0": 0.8526727509778357,
                "3": 0.34072142546718837,
                "6": -0.15471534115602167,
                "9": -0.7718383311603616,
                "12": -0.8904823989569719,
                "15": -0.9300304215558454,
                "18": -0.8661451542807441,
                "21": -0.583659278574527,
                "24": -0.47414167753151365
            }
        }
    },
    "Z": {
        "0": {
            "avg": 0.021175807142857144,
            "std": 0.03256383013642623,
            "words": {
                "3": "[1 3 4]",
                "6": "[5 5 5]",
                "9": "[5 6 6]",
                "12": "[6 6 6]",
                "15": "[7 8 6]",
                "18": "[6 5 5]",
                "21": "[5 5 5]",
                "24": "[5 5 5]",
                "27": "[5 4 4]"
            },
            "symbolic": {
                "0": 4,
                "3": 5,
                "6": 6,
                "9": 6,
                "12": 7,
                "15": 6,
                "18": 5,
                "21": 5,
                "24": 4
            },
            "avg_amplitude": {
                "0": -0.6621098472469106,
                "3": 0.39204854939034256,
                "6": 0.7813098663775809,
                "9": 0.9187637335629013,
                "12": 0.9574395723232337,
                "15": 0.6839188115602388,
                "18": 0.5165573295709679,
                "21": 0.2972135647081642,
                "24": -0.0365603054530382
            }
        },
        "1": {
            "avg": 0.9942114285714284,
            "std": 0.003256362108226615,
            "words": {
                "3": "[8 7 6]",
                "6": "[6 6 6]",
                "9": "[6 5 5]",
                "12": "[5 5 4]",
                "15": "[4 4 4]",
                "18": "[3 2 2]",
                "21": "[1 2 2]",
                "24": "[3 3 3]",
                "27": "[4 4 4]"
            },
            "symbolic": {
                "0": 7,
                "3": 6,
                "6": 5,
                "9": 5,
                "12": 4,
                "15": 3,
                "18": 2,
                "21": 3,
                "24": 4
            },
            "avg_amplitude": {
                "0": 0.9664429530201137,
                "3": 0.8493661446681345,
                "6": 0.4906785980611248,
                "9": 0.08575689783743194,
                "12": -0.5928411633109516,
                "15": -0.9015659955257133,
                "18": -0.9903057419835722,
                "21": -0.8113348247576283,
                "24": -0.4168530947054346
            }
        },
        "2": {
            "avg": 0.9903610714285712,
            "std": 0.005178193120646327,
            "words": {
                "3": "[8 6 6]",
                "6": "[6 5 5]",
                "9": "[5 5 5]",
                "12": "[4 4 4]",
                "15": "[4 3 3]",
                "18": "[3 3 2]",
                "21": "[1 2 2]",
                "24": "[3 3 3]",
                "27": "[4 4 4]"
            },
            "symbolic": {
                "0": 6,
                "3": 6,
                "6": 5,
                "9": 4,
                "12": 3,
                "15": 3,
                "18": 2,
                "21": 3,
                "24": 4
            },
            "avg_amplitude": {
                "0": 0.9529885829415665,
                "3": 0.7004701141705847,
                "6": 0.2800537273337798,
                "9": -0.39198567271098844,
                "12": -0.7443474367584604,
                "15": -0.9413476606223449,
                "18": -0.9870158943362529,
                "21": -0.8209088873964672,
                "24": -0.37362883366912486
            }
        },
        "3": {
            "avg": 0.9932778571428572,
            "std": 0.0011017372044752132,
            "words": {
                "3": "[7 6 5]",
                "6": "[5 5 4]",
                "9": "[4 4 4]",
                "12": "[3 3 1]",
                "15": "[2 2 3]",
                "18": "[3 3 3]",
                "21": "[3 3 4]",
                "24": "[4 4 4]",
                "27": "[5 5 5]"
            },
            "symbolic": {
                "0": 6,
                "3": 5,
                "6": 4,
                "9": 3,
                "12": 3,
                "15": 3,
                "18": 3,
                "21": 4,
                "24": 5
            },
            "avg_amplitude": {
                "0": 0.7764102564102245,
                "3": 0.17128205128205878,
                "6": -0.52205128205129,
                "9": -0.8892307692308169,
                "12": -0.9507692307692723,
                "15": -0.92615384615384,
                "18": -0.7805128205128611,
                "21": -0.3189743589743787,
                "24": 0.4810256410256077
            }
        },
        "4": {
            "avg": 0.4359146428571428,
            "std": 0.0016997918873548742,
            "words": {
                "3": "[3 1 3]",
                "6": "[4 4 4]",
                "9": "[4 4 5]",
                "12": "[5 5 6]",
                "15": "[6 6 6]",
                "18": "[6 6 6]",
                "21": "[7 7 7]",
                "24": "[7 8 7]",
                "27": "[6 6 5]"
            },
            "symbolic": {
                "0": 3,
                "3": 4,
                "6": 4,
                "9": 5,
                "12": 6,
                "15": 6,
                "18": 7,
                "21": 7,
                "24": 5
            },
            "avg_amplitude": {
                "0": -0.8237243207422257,
                "3": -0.5573227302849783,
                "6": -0.24585818422797967,
                "9": 0.5957587806494309,
                "12": 0.7919151756129909,
                "15": 0.8807157057654189,
                "18": 0.9721669980119296,
                "21": 0.9946984758118053,
                "24": 0.6315440689198083
            }
        },
        "5": {
            "avg": 0.9276925000000001,
            "std": 0.0012403005161533804,
            "words": {
                "3": "[3 6 8]",
                "6": "[7 5 6]",
                "9": "[5 5 5]",
                "12": "[5 4 4]",
                "15": "[4 4 4]",
                "18": "[4 4 4]",
                "21": "[4 4 5]",
                "24": "[5 5 5]",
                "27": "[5 5 4]"
            },
            "symbolic": {
                "0": 5,
                "3": 6,
                "6": 5,
                "9": 4,
                "12": 4,
                "15": 4,
                "18": 4,
                "21": 5,
                "24": 5
            },
            "avg_amplitude": {
                "0": 0.30013280212483706,
                "3": 0.7622841965471462,
                "6": 0.42363877822046964,
                "9": -0.06374501992031727,
                "12": -0.29747675962816916,
                "15": -0.22443559096946267,
                "18": -0.07304116865871386,
                "21": 0.1859229747675716,
                "24": 0.11022576361219723
            }
        },
        "6": {
            "avg": 0.9864064285714287,
            "std": 0.0016870601523573288,
            "words": {
                "3": "[1 4 5]",
                "6": "[5 6 6]",
                "9": "[7 7 7]",
                "12": "[7 8 7]",
                "15": "[7 6 6]",
                "18": "[6 6 6]",
                "21": "[6 5 5]",
                "24": "[5 5 5]",
                "27": "[5 5 5]"
            },
            "symbolic": {
                "0": 4,
                "3": 6,
                "6": 7,
                "9": 7,
                "12": 7,
                "15": 6,
                "18": 6,
                "21": 5,
                "24": 5
            },
            "avg_amplitude": {
                "0": -0.3995525727069212,
                "3": 0.8228187919463021,
                "6": 0.9686800894854425,
                "9": 0.9946308724832162,
                "12": 0.9570469798657492,
                "15": 0.8666666666666686,
                "18": 0.7270693512304277,
                "21": 0.5919463087248352,
                "24": 0.4487695749440617
            }
        },
        "7": {
            "avg": 0.9980960714285715,
            "std": 0.0006388087251295216,
            "words": {
                "3": "[4 4 4]",
                "6": "[5 6 7]",
                "9": "[8 6 6]",
                "12": "[6 5 5]",
                "15": "[3 4 4]",
                "18": "[4 3 1]",
                "21": "[3 3 3]",
                "24": "[3 4 4]",
                "27": "[4 4 5]"
            },
            "symbolic": {
                "0": 4,
                "3": 6,
                "6": 6,
                "9": 5,
                "12": 4,
                "15": 3,
                "18": 3,
                "21": 4,
                "24": 4
            },
            "avg_amplitude": {
                "0": -0.24196277495767024,
                "3": 0.7191201353637732,
                "6": 0.8883248730964368,
                "9": 0.5465313028764721,
                "12": -0.39086294416243367,
                "15": -0.7664974619288484,
                "18": -0.874788494077774,
                "21": -0.6006768189508223,
                "24": -0.05922165820638151
            }
        },
        "8": {
            "avg": -0.4399246428571429,
            "std": 0.0026234589580860475,
            "words": {
                "3": "[5 5 6]",
                "6": "[6 7 7]",
                "9": "[8 6 6]",
                "12": "[6 5 5]",
                "15": "[4 4 4]",
                "18": "[3 3 3]",
                "21": "[1 1 3]",
                "24": "[5 5 5]",
                "27": "[5 5 4]"
            },
            "symbolic": {
                "0": 5,
                "3": 6,
                "6": 6,
                "9": 5,
                "12": 4,
                "15": 3,
                "18": 3,
                "21": 5,
                "24": 5
            },
            "avg_amplitude": {
                "0": 0.5627425614488996,
                "3": 0.9344545062526967,
                "6": 0.9370418283743035,
                "9": 0.49547218628719664,
                "12": -0.24018973695557752,
                "15": -0.8430357912893501,
                "18": -0.9180681328158685,
                "21": 0.5515308322552801,
                "24": 0.14963346269943315
            }
        },
        "9": {
            "avg": 0.8810749999999999,
            "std": 0.04471581454441336,
            "words": {
                "3": "[6 5 5]",
                "6": "[5 4 4]",
                "9": "[4 4 3]",
                "12": "[3 2 1]",
                "15": "[3 3 3]",
                "18": "[4 4 5]",
                "21": "[5 5 5]",
                "24": "[6 6 7]",
                "27": "[8 7 7]"
            },
            "symbolic": {
                "0": 5,
                "3": 4,
                "6": 4,
                "9": 2,
                "12": 3,
                "15": 4,
                "18": 5,
                "21": 6,
                "24": 7
            },
            "avg_amplitude": {
                "0": 0.5383536897732486,
                "3": -0.03674944053492838,
                "6": -0.5643991479953624,
                "9": -0.9590174984496754,
                "12": -0.8420016716546684,
                "15": -0.11418479872738589,
                "18": 0.5234705707891839,
                "21": 0.8876755911456238,
                "24": 0.9873277791258871
            }
        },
        "10": {
            "avg": 0.8945971428571431,
            "std": 0.06785078999278858,
            "words": {
                "3": "[5 5 5]",
                "6": "[5 4 4]",
                "9": "[4 4 4]",
                "12": "[4 3 3]",
                "15": "[1 2 3]",
                "18": "[4 4 4]",
                "21": "[5 5 5]",
                "24": "[6 6 6]",
                "27": "[6 7 7]"
            },
            "symbolic": {
                "0": 5,
                "3": 4,
                "6": 4,
                "9": 3,
                "12": 3,
                "15": 4,
                "18": 5,
                "21": 6,
                "24": 7
            },
            "avg_amplitude": {
                "0": 0.24277693201722098,
                "3": -0.0880845978817788,
                "6": -0.4292262109381397,
                "9": -0.7718083452012636,
                "12": -0.937304588387435,
                "15": -0.3390954181603889,
                "18": 0.3859450964985522,
                "21": 0.8076576797786842,
                "24": 0.9545908428686021
            }
        },
        "11": {
            "avg": 0.9671928571428571,
            "std": 0.039700413455925475,
            "words": {
                "3": "[7 8 7]",
                "6": "[6 5 5]",
                "9": "[6 6 6]",
                "12": "[6 6 6]",
                "15": "[5 5 1]",
                "18": "[5 5 5]",
                "21": "[6 7 7]",
                "24": "[8 7 6]",
                "27": "[6 6 7]"
            },
            "symbolic": {
                "0": 7,
                "3": 5,
                "6": 6,
                "9": 6,
                "12": 5,
                "15": 5,
                "18": 6,
                "21": 6,
                "24": 6
            },
            "avg_amplitude": {
                "0": 0.9876864632968192,
                "3": 0.6561051890422639,
                "6": 0.7671235119778629,
                "9": 0.7440356306593969,
                "12": 0.029261024053970575,
                "15": 0.49321281786772886,
                "18": 0.9412814592850954,
                "21": 0.9479622079219285,
                "24": 0.9200930065006312
            }
        },
        "12": {
            "avg": 0.3920692857142857,
            "std": 0.0037893114087365503,
            "words": {
                "3": "[1 4 4]",
                "6": "[5 4 5]",
                "9": "[5 6 6]",
                "12": "[6 6 6]",
                "15": "[7 8 7]",
                "18": "[7 6 6]",
                "21": "[6 6 6]",
                "24": "[6 5 5]",
                "27": "[4 4 4]"
            },
            "symbolic": {
                "0": 4,
                "3": 5,
                "6": 6,
                "9": 6,
                "12": 7,
                "15": 6,
                "18": 6,
                "21": 5,
                "24": 4
            },
            "avg_amplitude": {
                "0": -0.6278086174993384,
                "3": 0.2344699973566017,
                "6": 0.7377742532381776,
                "9": 0.8683584456780421,
                "12": 0.9767380385937147,
                "15": 0.922283901665352,
                "18": 0.8112609040444164,
                "21": 0.4115781126090427,
                "24": -0.3084853291038873
            }
        },
        "13": {
            "avg": 0.9378367857142855,
            "std": 0.0016950102230029842,
            "words": {
                "3": "[1 3 3]",
                "6": "[4 4 4]",
                "9": "[4 5 5]",
                "12": "[5 5 5]",
                "15": "[5 6 6]",
                "18": "[6 6 6]",
                "21": "[6 6 6]",
                "24": "[6 6 6]",
                "27": "[6 6 6]"
            },
            "symbolic": {
                "0": 3,
                "3": 4,
                "6": 5,
                "9": 5,
                "12": 6,
                "15": 6,
                "18": 6,
                "21": 6,
                "24": 6
            },
            "avg_amplitude": {
                "0": -0.8819188191881963,
                "3": -0.42681426814270695,
                "6": 0.16605166051658748,
                "9": 0.5756457564575688,
                "12": 0.7626076260762341,
                "15": 0.8339483394833852,
                "18": 0.8388683886838685,
                "21": 0.8105781057810315,
                "24": 0.8683886838868228
            }
        },
        "14": {
            "avg": 0.9995221428571428,
            "std": 9.417702569795933e-05,
            "words": {
                "3": "[8 6 6]",
                "6": "[6 5 5]",
                "9": "[5 5 4]",
                "12": "[4 4 4]",
                "15": "[4 3 3]",
                "18": "[3 3 3]",
                "21": "[3 3 3]",
                "24": "[3 1 3]",
                "27": "[3 3 3]"
            },
            "symbolic": {
                "0": 6,
                "3": 5,
                "6": 5,
                "9": 4,
                "12": 4,
                "15": 3,
                "18": 3,
                "21": 3,
                "24": 3
            },
            "avg_amplitude": {
                "0": 0.928571428571504,
                "3": 0.5952380952384351,
                "6": 0.02380952380993917,
                "9": -0.2857142857134549,
                "12": -0.6428571428561988,
                "15": -0.7619047619040443,
                "18": -0.8571428571427439,
                "21": -0.9523809523806502,
                "24": -0.9047619047615649
            }
        },
        "15": {
            "avg": 0.8137796428571429,
            "std": 0.000757170572019456,
            "words": {
                "3": "[1 3 3]",
                "6": "[4 4 5]",
                "9": "[5 5 5]",
                "12": "[5 5 5]",
                "15": "[5 6 6]",
                "18": "[6 6 6]",
                "21": "[6 7 7]",
                "24": "[7 7 7]",
                "27": "[7 8 7]"
            },
            "symbolic": {
                "0": 3,
                "3": 4,
                "6": 5,
                "9": 5,
                "12": 6,
                "15": 6,
                "18": 7,
                "21": 7,
                "24": 7
            },
            "avg_amplitude": {
                "0": -0.8406374501992439,
                "3": -0.12084993359895262,
                "6": 0.4023904382470542,
                "9": 0.4156706507304236,
                "12": 0.7822045152722833,
                "15": 0.8725099601593774,
                "18": 0.9681274900398664,
                "21": 0.9893758300132985,
                "24": 0.9946879150066641
            }
        },
        "16": {
            "avg": -0.37297714285714284,
            "std": 0.003196389000966968,
            "words": {
                "3": "[3 4 4]",
                "6": "[4 5 5]",
                "9": "[8 5 5]",
                "12": "[6 6 5]",
                "15": "[5 5 5]",
                "18": "[5 5 5]",
                "21": "[5 4 4]",
                "24": "[4 4 4]",
                "27": "[4 3 1]"
            },
            "symbolic": {
                "0": 4,
                "3": 5,
                "6": 5,
                "9": 6,
                "12": 5,
                "15": 5,
                "18": 5,
                "21": 4,
                "24": 4
            },
            "avg_amplitude": {
                "0": -0.6253164556961986,
                "3": 0.1184247538677919,
                "6": 0.6731364275668108,
                "9": 0.7057665260196924,
                "12": 0.5172995780590751,
                "15": 0.3265822784810153,
                "18": 0.028973277074550108,
                "21": -0.23319268635723975,
                "24": -0.6652601969057682
            }
        },
        "17": {
            "avg": 0.9334778571428571,
            "std": 0.002599709894275037,
            "words": {
                "3": "[8 6 5]",
                "6": "[5 4 4]",
                "9": "[4 4 4]",
                "12": "[4 3 3]",
                "15": "[2 1 2]",
                "18": "[3 3 4]",
                "21": "[4 4 4]",
                "24": "[4 4 4]",
                "27": "[4 5 4]"
            },
            "symbolic": {
                "0": 6,
                "3": 5,
                "6": 4,
                "9": 3,
                "12": 2,
                "15": 3,
                "18": 4,
                "21": 4,
                "24": 4
            },
            "avg_amplitude": {
                "0": 0.7163398692810302,
                "3": 0.024836601307185385,
                "6": -0.41895424836602263,
                "9": -0.7483660130719011,
                "12": -0.9745098039215829,
                "15": -0.7875816993464211,
                "18": -0.5032679738562197,
                "21": -0.23464052287581613,
                "24": -0.0411764705882511
            }
        },
        "18": {
            "avg": 0.9991717857142858,
            "std": 0.00011841714000776064,
            "words": {
                "3": "[4 4 4]",
                "6": "[4 4 4]",
                "9": "[4 4 4]",
                "12": "[4 3 1]",
                "15": "[3 3 1]",
                "18": "[1 3 3]",
                "21": "[3 4 4]",
                "24": "[5 4 6]",
                "27": "[6 8 6]"
            },
            "symbolic": {
                "0": 4,
                "3": 4,
                "6": 4,
                "9": 3,
                "12": 3,
                "15": 3,
                "18": 4,
                "21": 5,
                "24": 6
            },
            "avg_amplitude": {
                "0": -0.4954954954953171,
                "3": -0.09909909909882335,
                "6": -0.24324324324307567,
                "9": -0.76576576576569,
                "12": -0.9459459459456053,
                "15": -0.9279279279274738,
                "18": -0.6756756756752322,
                "21": 0.3693693693691964,
                "24": 0.9099099099097424
            }
        },
        "19": {
            "avg": 0.7917464285714286,
            "std": 0.004569147107612674,
            "words": {
                "3": "[8 6 6]",
                "6": "[5 5 5]",
                "9": "[4 4 4]",
                "12": "[4 3 1]",
                "15": "[2 3 3]",
                "18": "[3 3 3]",
                "21": "[3 3 3]",
                "24": "[3 4 4]",
                "27": "[4 4 4]"
            },
            "symbolic": {
                "0": 6,
                "3": 5,
                "6": 4,
                "9": 3,
                "12": 3,
                "15": 3,
                "18": 3,
                "21": 4,
                "24": 4
            },
            "avg_amplitude": {
                "0": 0.8526727509778357,
                "3": 0.34072142546718837,
                "6": -0.15471534115602167,
                "9": -0.7718383311603616,
                "12": -0.8904823989569719,
                "15": -0.9300304215558454,
                "18": -0.8661451542807441,
                "21": -0.583659278574527,
                "24": -0.47414167753151365
            }
        }
    }
}