{
    "W": {
        "0": {
            "avg": 0.04044832774193548,
            "std": 0.027992359951003142,
            "words": {
                "3": "[2 2 1]",
                "6": "[3 3 3]",
                "9": "[4 4 4]",
                "12": "[5 5 6]",
                "15": "[6 6 6]",
                "18": "[7 8 7]",
                "21": "[7 7 6]",
                "24": "[6 6 5]",
                "27": "[5 5 5]",
                "30": "[5 4 4]"
            },
            "symbolic": {
                "0": 2,
                "3": 3,
                "6": 4,
                "9": 5,
                "12": 6,
                "15": 7,
                "18": 6,
                "21": 5,
                "24": 5,
                "27": 4
            },
            "avg_amplitude": {
                "0": -0.9867576247385591,
                "3": -0.8605044269938441,
                "6": -0.3755541696894104,
                "9": 0.4471751664099983,
                "12": 0.80842804597116,
                "15": 0.9799417087729569,
                "18": 0.9368723829402704,
                "21": 0.672109726659115,
                "24": 0.28617428822339025,
                "27": -0.12924615952450655
            }
        },
        "1": {
            "avg": 0.9885277419354837,
            "std": 0.0022580739723304447,
            "words": {
                "3": "[6 6 6]",
                "6": "[7 8 6]",
                "9": "[6 6 6]",
                "12": "[5 5 5]",
                "15": "[5 5 4]",
                "18": "[5 5 4]",
                "21": "[4 4 4]",
                "24": "[4 3 1]",
                "27": "[2 2 4]",
                "30": "[4 4 5]"
            },
            "symbolic": {
                "0": 6,
                "3": 7,
                "6": 6,
                "9": 5,
                "12": 5,
                "15": 5,
                "18": 4,
                "21": 3,
                "24": 3,
                "27": 4
            },
            "avg_amplitude": {
                "0": 0.9105077928607189,
                "3": 0.9688285570638486,
                "6": 0.8793363499245563,
                "9": 0.5263951734539739,
                "12": 0.18250377073905108,
                "15": 0.10809451985921718,
                "18": -0.4228255404725921,
                "21": -0.8300653594771196,
                "24": -0.8381096028154884,
                "27": -0.1392659627953687
            }
        },
        "2": {
            "avg": 0.9807600000000002,
            "std": 0.003476153046112895,
            "words": {
                "3": "[5 5 6]",
                "6": "[5 6 6]",
                "9": "[6 5 5]",
                "12": "[5 5 5]",
                "15": "[5 4 4]",
                "18": "[4 4 4]",
                "21": "[3 3 3]",
                "24": "[3 3 1]",
                "27": "[2 3 3]",
                "30": "[4 4 5]"
            },
            "symbolic": {
                "0": 5,
                "3": 6,
                "6": 5,
                "9": 5,
                "12": 4,
                "15": 4,
                "18": 3,
                "21": 3,
                "24": 3,
                "27": 4
            },
            "avg_amplitude": {
                "0": 0.5653563438798224,
                "3": 0.6848833493128712,
                "6": 0.5883668903803035,
                "9": 0.275167785234894,
                "12": -0.08788750399489516,
                "15": -0.38510706295942504,
                "18": -0.8293384467881205,
                "21": -0.951422179610114,
                "24": -0.934164269734762,
                "27": -0.20038350910836367
            }
        },
        "3": {
            "avg": 0.9958051612903226,
            "std": 0.0016937391986720867,
            "words": {
                "3": "[8 6 6]",
                "6": "[6 6 5]",
                "9": "[5 5 5]",
                "12": "[4 4 4]",
                "15": "[4 4 4]",
                "18": "[4 3 3]",
                "21": "[3 2 1]",
                "24": "[1 2 3]",
                "27": "[3 4 4]",
                "30": "[4 5 5]"
            },
            "symbolic": {
                "0": 7,
                "3": 6,
                "6": 5,
                "9": 4,
                "12": 4,
                "15": 3,
                "18": 2,
                "21": 3,
                "24": 4,
                "27": 5
            },
            "avg_amplitude": {
                "0": 0.957671957671946,
                "3": 0.7314814814814635,
                "6": 0.2341269841269981,
                "9": -0.2619047619047367,
                "12": -0.5343915343915236,
                "15": -0.8373015873015691,
                "18": -0.9589947089946765,
                "21": -0.9404761904761841,
                "24": -0.4708994708994574,
                "27": 0.1494708994709049
            }
        },
        "4": {
            "avg": 0.42445096774193547,
            "std": 0.004568569692174787,
            "words": {
                "3": "[4 4 4]",
                "6": "[4 4 4]",
                "9": "[4 4 4]",
                "12": "[4 3 4]",
                "15": "[4 1 4]",
                "18": "[3 3 3]",
                "21": "[3 3 3]",
                "24": "[3 4 4]",
                "27": "[4 5 5]",
                "30": "[5 6 6]"
            },
            "symbolic": {
                "0": 4,
                "3": 4,
                "6": 4,
                "9": 4,
                "12": 3,
                "15": 3,
                "18": 3,
                "21": 4,
                "24": 5,
                "27": 5
            },
            "avg_amplitude": {
                "0": -0.15151515151515774,
                "3": -0.05192047867207598,
                "6": -0.10017371163868383,
                "9": -0.45840571318278656,
                "12": -0.7440648523451098,
                "15": -0.8957730167921277,
                "18": -0.8899826288361353,
                "21": -0.3974136267129919,
                "24": 0.00019301293186450388,
                "27": 0.6703339123721305
            }
        },
        "5": {
            "avg": 0.9186158064516131,
            "std": 0.004408233791587108,
            "words": {
                "3": "[8 6 5]",
                "6": "[5 4 4]",
                "9": "[5 5 4]",
                "12": "[4 4 3]",
                "15": "[3 3 3]",
                "18": "[3 3 3]",
                "21": "[4 4 4]",
                "24": "[4 4 4]",
                "27": "[3 3 3]",
                "30": "[1 2 4]"
            },
            "symbolic": {
                "0": 6,
                "3": 4,
                "6": 4,
                "9": 4,
                "12": 3,
                "15": 3,
                "18": 4,
                "21": 4,
                "24": 3,
                "27": 3
            },
            "avg_amplitude": {
                "0": 0.7157772621809745,
                "3": -0.08004640371230225,
                "6": -0.02629543696829569,
                "9": -0.6094354215003936,
                "12": -0.8023975251353539,
                "15": -0.7641144624903403,
                "18": -0.614462490332574,
                "21": -0.6001546790410005,
                "24": -0.8259860788863208,
                "27": -0.7888631090487307
            }
        },
        "6": {
            "avg": 0.9838883870967742,
            "std": 0.000765781068688223,
            "words": {
                "3": "[6 6 5]",
                "6": "[5 5 5]",
                "9": "[6 8 6]",
                "12": "[5 5 5]",
                "15": "[5 4 4]",
                "18": "[4 3 4]",
                "21": "[3 3 3]",
                "24": "[3 3 2]",
                "27": "[2 1 2]",
                "30": "[3 3 4]"
            },
            "symbolic": {
                "0": 5,
                "3": 5,
                "6": 6,
                "9": 5,
                "12": 4,
                "15": 4,
                "18": 3,
                "21": 3,
                "24": 2,
                "27": 3
            },
            "avg_amplitude": {
                "0": 0.6434108527131807,
                "3": 0.5813953488372526,
                "6": 0.9038759689922718,
                "9": 0.3085271317829208,
                "12": -0.0387596899224422,
                "15": -0.6341085271317244,
                "18": -0.820155038759681,
                "21": -0.9534883720929938,
                "24": -0.9875968992247937,
                "27": -0.6961240310077558
            }
        },
        "7": {
            "avg": 0.9984706451612904,
            "std": 0.0003417497669725562,
            "words": {
                "3": "[5 5 5]",
                "6": "[4 4 5]",
                "9": "[5 6 6]",
                "12": "[8 7 6]",
                "15": "[6 6 5]",
                "18": "[5 4 4]",
                "21": "[3 2 1]",
                "24": "[3 3 4]",
                "27": "[4 4 4]",
                "30": "[4 4 4]"
            },
            "symbolic": {
                "0": 5,
                "3": 5,
                "6": 6,
                "9": 6,
                "12": 5,
                "15": 4,
                "18": 3,
                "21": 3,
                "24": 4,
                "27": 4
            },
            "avg_amplitude": {
                "0": 0.1526479750777885,
                "3": 0.03426791277253649,
                "6": 0.7632398753892885,
                "9": 0.9003115264797805,
                "12": 0.6448598130841748,
                "15": -0.15264797507799607,
                "18": -0.9314641744548577,
                "21": -0.8255451713397889,
                "24": -0.5638629283489187,
                "27": -0.4143302180685203
            }
        },
        "8": {
            "avg": -0.41200354838709674,
            "std": 0.0165556585590118,
            "words": {
                "3": "[6 6 6]",
                "6": "[8 7 5]",
                "9": "[5 5 4]",
                "12": "[4 4 4]",
                "15": "[4 4 4]",
                "18": "[4 3 3]",
                "21": "[3 3 3]",
                "24": "[3 2 2]",
                "27": "[1 3 3]",
                "30": "[3 3 3]"
            },
            "symbolic": {
                "0": 6,
                "3": 6,
                "6": 5,
                "9": 4,
                "12": 4,
                "15": 3,
                "18": 3,
                "21": 2,
                "24": 3,
                "27": 3
            },
            "avg_amplitude": {
                "0": 0.832011389058369,
                "3": 0.8505864009219711,
                "6": 0.1277879465798937,
                "9": -0.22174767812351617,
                "12": -0.41753101484644944,
                "15": -0.6872076469391896,
                "18": -0.8768897023930563,
                "21": -0.9571554470883323,
                "24": -0.9415632838451611,
                "27": -0.8226560911124644
            }
        },
        "9": {
            "avg": 0.8879945161290324,
            "std": 0.06558669828751913,
            "words": {
                "3": "[8 7 6]",
                "6": "[6 6 5]",
                "9": "[5 5 4]",
                "12": "[4 4 3]",
                "15": "[1 2 2]",
                "18": "[2 3 3]",
                "21": "[3 4 4]",
                "24": "[4 5 5]",
                "27": "[5 6 6]",
                "30": "[6 6 6]"
            },
            "symbolic": {
                "0": 7,
                "3": 6,
                "6": 5,
                "9": 4,
                "12": 2,
                "15": 3,
                "18": 4,
                "21": 5,
                "24": 5,
                "27": 6
            },
            "avg_amplitude": {
                "0": 0.9634093438201407,
                "3": 0.7689130311775033,
                "6": 0.2398196872819183,
                "9": -0.5278673683019299,
                "12": -0.9880797449970767,
                "15": -0.9363247137818522,
                "18": -0.6148550519625045,
                "21": 0.20843471208434763,
                "24": 0.6749089948886245,
                "27": 0.7837379052792399
            }
        },
        "10": {
            "avg": 0.8456654838709678,
            "std": 0.09877495036154021,
            "words": {
                "3": "[3 3 1]",
                "6": "[3 3 4]",
                "9": "[4 5 5]",
                "12": "[5 5 5]",
                "15": "[5 5 5]",
                "18": "[5 5 5]",
                "21": "[5 5 5]",
                "24": "[5 5 5]",
                "27": "[6 6 6]",
                "30": "[6 6 7]"
            },
            "symbolic": {
                "0": 3,
                "3": 4,
                "6": 5,
                "9": 5,
                "12": 5,
                "15": 5,
                "18": 5,
                "21": 5,
                "24": 6,
                "27": 6
            },
            "avg_amplitude": {
                "0": -0.9041733424887464,
                "3": -0.6301976043335623,
                "6": 0.09361409933623259,
                "9": 0.1278133821622034,
                "12": 0.13059815365835017,
                "15": 0.1362058442053864,
                "18": 0.24093995574883667,
                "21": 0.5086976424811168,
                "24": 0.759079118028534,
                "27": 0.9374761577782861
            }
        },
        "11": {
            "avg": 0.8026561290322581,
            "std": 0.4500004536714559,
            "words": {
                "3": "[6 1 3]",
                "6": "[3 5 6]",
                "9": "[6 6 6]",
                "12": "[7 7 7]",
                "15": "[7 7 7]",
                "18": "[7 7 7]",
                "21": "[7 7 6]",
                "24": "[6 7 7]",
                "27": "[7 7 7]",
                "30": "[7 8 8]"
            },
            "symbolic": {
                "0": 4,
                "3": 5,
                "6": 6,
                "9": 7,
                "12": 7,
                "15": 7,
                "18": 7,
                "21": 7,
                "24": 7,
                "27": 8
            },
            "avg_amplitude": {
                "0": -0.3916767920960793,
                "3": 0.12858770720405932,
                "6": 0.9026993450473535,
                "9": 0.9679889533139009,
                "12": 0.9676573848481604,
                "15": 0.963871628441859,
                "18": 0.9577774839829347,
                "21": 0.9622473626666498,
                "24": 0.9872493038111486,
                "27": 0.9975531086642198
            }
        },
        "12": {
            "avg": 0.3924648387096776,
            "std": 0.0019733640836023104,
            "words": {
                "3": "[2 2 1]",
                "6": "[2 3 3]",
                "9": "[4 4 4]",
                "12": "[5 5 6]",
                "15": "[5 5 6]",
                "18": "[8 7 6]",
                "21": "[6 6 6]",
                "24": "[6 6 6]",
                "27": "[6 5 5]",
                "30": "[5 4 4]"
            },
            "symbolic": {
                "0": 2,
                "3": 3,
                "6": 4,
                "9": 5,
                "12": 5,
                "15": 7,
                "18": 6,
                "21": 6,
                "24": 5,
                "27": 4
            },
            "avg_amplitude": {
                "0": -0.9714993804213125,
                "3": -0.8389095415117689,
                "6": -0.40520446096653906,
                "9": 0.3568773234200773,
                "12": 0.6232961586121382,
                "15": 0.9615861214374185,
                "18": 0.8884758364312253,
                "21": 0.8550185873605874,
                "24": 0.6456009913259013,
                "27": -0.10037174721189661
            }
        },
        "13": {
            "avg": 0.9360019354838711,
            "std": 0.0014755641166569597,
            "words": {
                "3": "[3 3 1]",
                "6": "[2 2 3]",
                "9": "[3 3 3]",
                "12": "[3 3 3]",
                "15": "[4 4 4]",
                "18": "[4 4 4]",
                "21": "[4 5 5]",
                "24": "[5 5 5]",
                "27": "[5 5 5]",
                "30": "[5 5 6]"
            },
            "symbolic": {
                "0": 3,
                "3": 2,
                "6": 3,
                "9": 3,
                "12": 4,
                "15": 4,
                "18": 5,
                "21": 5,
                "24": 5,
                "27": 5
            },
            "avg_amplitude": {
                "0": -0.9076923076923059,
                "3": -0.9545787545787503,
                "6": -0.8886446886446762,
                "9": -0.8212454212454235,
                "12": -0.5692307692307502,
                "15": -0.3655677655677649,
                "18": 0.13553113553114346,
                "21": 0.38021978021977776,
                "24": 0.48864468864469573,
                "27": 0.6117216117216103
            }
        },
        "14": {
            "avg": 0.999375806451613,
            "std": 5.719989472882371e-05,
            "words": {
                "3": "[8 8 6]",
                "6": "[8 8 8]",
                "9": "[5 5 5]",
                "12": "[5 5 5]",
                "15": "[6 5 5]",
                "18": "[5 5 5]",
                "21": "[4 4 4]",
                "24": "[4 3 3]",
                "27": "[1 1 1]",
                "30": "[3 3 4]"
            },
            "symbolic": {
                "0": 7,
                "3": 8,
                "6": 5,
                "9": 5,
                "12": 5,
                "15": 5,
                "18": 4,
                "21": 3,
                "24": 1,
                "27": 3
            },
            "avg_amplitude": {
                "0": 0.9583333333335068,
                "3": 1.0,
                "6": 0.5416666666676496,
                "9": 0.5416666666676496,
                "12": 0.5000000000002313,
                "15": 0.16666666666736063,
                "18": -0.3750000000002891,
                "21": -0.7083333333336225,
                "24": -1.0,
                "27": -0.749999999999653
            }
        },
        "15": {
            "avg": 0.7995054838709678,
            "std": 0.0004895701428101884,
            "words": {
                "3": "[8 4 5]",
                "6": "[1 4 3]",
                "9": "[3 3 3]",
                "12": "[4 4 4]",
                "15": "[4 4 4]",
                "18": "[5 5 5]",
                "21": "[5 4 4]",
                "24": "[4 4 4]",
                "27": "[4 4 4]",
                "30": "[4 4 4]"
            },
            "symbolic": {
                "0": 5,
                "3": 3,
                "6": 3,
                "9": 4,
                "12": 4,
                "15": 5,
                "18": 4,
                "21": 4,
                "24": 4,
                "27": 4
            },
            "avg_amplitude": {
                "0": 0.36559139784943445,
                "3": -0.7365591397849554,
                "6": -0.8763440860215029,
                "9": -0.6102150537634599,
                "12": -0.24731182795699405,
                "15": 0.008064516129025293,
                "18": -0.016129032258080378,
                "21": -0.12096774193549853,
                "24": -0.28494623655915186,
                "27": -0.3037634408602605
            }
        },
        "16": {
            "avg": -0.3694841935483871,
            "std": 0.001220573018964317,
            "words": {
                "3": "[5 4 4]",
                "6": "[5 5 6]",
                "9": "[8 5 5]",
                "12": "[6 6 6]",
                "15": "[6 6 6]",
                "18": "[6 6 6]",
                "21": "[5 5 5]",
                "24": "[4 4 4]",
                "27": "[4 4 4]",
                "30": "[4 3 3]"
            },
            "symbolic": {
                "0": 4,
                "3": 5,
                "6": 6,
                "9": 6,
                "12": 6,
                "15": 6,
                "18": 5,
                "21": 4,
                "24": 4,
                "27": 3
            },
            "avg_amplitude": {
                "0": -0.13978494623655083,
                "3": 0.3813068651778346,
                "6": 0.7237386269644349,
                "9": 0.7700578990901586,
                "12": 0.8064516129032357,
                "15": 0.887510339123241,
                "18": 0.36807278742763305,
                "21": -0.1513647642679841,
                "24": -0.40612076095945104,
                "27": -0.6972704714640136
            }
        },
        "17": {
            "avg": 0.9341496774193547,
            "std": 0.0013636775862130388,
            "words": {
                "3": "[6 6 6]",
                "6": "[7 8 7]",
                "9": "[7 6 6]",
                "12": "[5 5 5]",
                "15": "[5 4 4]",
                "18": "[4 4 4]",
                "21": "[1 3 2]",
                "24": "[3 3 4]",
                "27": "[4 4 4]",
                "30": "[4 4 5]"
            },
            "symbolic": {
                "0": 6,
                "3": 7,
                "6": 6,
                "9": 5,
                "12": 4,
                "15": 4,
                "18": 2,
                "21": 3,
                "24": 4,
                "27": 5
            },
            "avg_amplitude": {
                "0": 0.8724778046811679,
                "3": 0.9935431799838336,
                "6": 0.8934624697336053,
                "9": 0.3317191283292515,
                "12": -0.037933817594876205,
                "15": -0.4269572235674312,
                "18": -0.9741727199354244,
                "21": -0.6868442292171438,
                "24": -0.11057304277646492,
                "27": 0.005649717514080573
            }
        },
        "18": {
            "avg": 0.9984764516129029,
            "std": 5.594928579209447e-05,
            "words": {
                "3": "[8 6 6]",
                "6": "[6 6 6]",
                "9": "[6 5 6]",
                "12": "[6 5 5]",
                "15": "[5 5 5]",
                "18": "[5 5 5]",
                "21": "[5 4 4]",
                "24": "[4 4 4]",
                "27": "[4 4 4]",
                "30": "[5 5 4]"
            },
            "symbolic": {
                "0": 6,
                "3": 6,
                "6": 6,
                "9": 5,
                "12": 5,
                "15": 5,
                "18": 4,
                "21": 4,
                "24": 4,
                "27": 4
            },
            "avg_amplitude": {
                "0": 0.9420289855075262,
                "3": 0.8550724637681718,
                "6": 0.7101449275360222,
                "9": 0.5072463768117201,
                "12": 0.3333333333333333,
                "15": 0.21739130434870746,
                "18": -0.014492753623118452,
                "21": -0.10144927536247272,
                "24": -0.24637681159333547,
                "27": -0.043478260869677175
            }
        },
        "19": {
            "avg": 0.7737070967741935,
            "std": 0.0006876830352635173,
            "words": {
                "3": "[5 5 5]",
                "6": "[5 5 5]",
                "9": "[5 5 5]",
                "12": "[5 5 5]",
                "15": "[4 4 4]",
                "18": "[1 4 4]",
                "21": "[3 3 3]",
                "24": "[3 3 3]",
                "27": "[4 4 4]",
                "30": "[4 5 5]"
            },
            "symbolic": {
                "0": 5,
                "3": 5,
                "6": 5,
                "9": 5,
                "12": 4,
                "15": 3,
                "18": 3,
                "21": 3,
                "24": 4,
                "27": 5
            },
            "avg_amplitude": {
                "0": 0.35327635327632567,
                "3": 0.5612535612535668,
                "6": 0.5042735042735165,
                "9": 0.21652421652421086,
                "12": -0.207977207977178,
                "15": -0.7037037037036932,
                "18": -0.849002849002841,
                "21": -0.8319088319088067,
                "24": -0.5242165242165405,
                "27": 0.23931623931625634
            }
        }
    },
    "X": {
        "0": {
            "avg": 0.04044832774193548,
            "std": 0.027992359951003142,
            "words": {
                "3": "[2 2 1]",
                "6": "[3 3 3]",
                "9": "[4 4 4]",
                "12": "[5 5 6]",
                "15": "[6 6 6]",
                "18": "[7 8 7]",
                "21": "[7 7 6]",
                "24": "[6 6 5]",
                "27": "[5 5 5]",
                "30": "[5 4 4]"
            },
            "symbolic": {
                "0": 2,
                "3": 3,
                "6": 4,
                "9": 5,
                "12": 6,
                "15": 7,
                "18": 6,
                "21": 5,
                "24": 5,
                "27": 4
            },
            "avg_amplitude": {
                "0": -0.9867576247385591,
                "3": -0.8605044269938441,
                "6": -0.3755541696894104,
                "9": 0.4471751664099983,
                "12": 0.80842804597116,
                "15": 0.9799417087729569,
                "18": 0.9368723829402704,
                "21": 0.672109726659115,
                "24": 0.28617428822339025,
                "27": -0.12924615952450655
            }
        },
        "1": {
            "avg": 0.9885277419354837,
            "std": 0.0022580739723304447,
            "words": {
                "3": "[6 6 6]",
                "6": "[7 8 6]",
                "9": "[6 6 6]",
                "12": "[5 5 5]",
                "15": "[5 5 4]",
                "18": "[5 5 4]",
                "21": "[4 4 4]",
                "24": "[4 3 1]",
                "27": "[2 2 4]",
                "30": "[4 4 5]"
            },
            "symbolic": {
                "0": 6,
                "3": 7,
                "6": 6,
                "9": 5,
                "12": 5,
                "15": 5,
                "18": 4,
                "21": 3,
                "24": 3,
                "27": 4
            },
            "avg_amplitude": {
                "0": 0.9105077928607189,
                "3": 0.9688285570638486,
                "6": 0.8793363499245563,
                "9": 0.5263951734539739,
                "12": 0.18250377073905108,
                "15": 0.10809451985921718,
                "18": -0.4228255404725921,
                "21": -0.8300653594771196,
                "24": -0.8381096028154884,
                "27": -0.1392659627953687
            }
        },
        "2": {
            "avg": 0.9807600000000002,
            "std": 0.003476153046112895,
            "words": {
                "3": "[5 5 6]",
                "6": "[5 6 6]",
                "9": "[6 5 5]",
                "12": "[5 5 5]",
                "15": "[5 4 4]",
                "18": "[4 4 4]",
                "21": "[3 3 3]",
                "24": "[3 3 1]",
                "27": "[2 3 3]",
                "30": "[4 4 5]"
            },
            "symbolic": {
                "0": 5,
                "3": 6,
                "6": 5,
                "9": 5,
                "12": 4,
                "15": 4,
                "18": 3,
                "21": 3,
                "24": 3,
                "27": 4
            },
            "avg_amplitude": {
                "0": 0.5653563438798224,
                "3": 0.6848833493128712,
                "6": 0.5883668903803035,
                "9": 0.275167785234894,
                "12": -0.08788750399489516,
                "15": -0.38510706295942504,
                "18": -0.8293384467881205,
                "21": -0.951422179610114,
                "24": -0.934164269734762,
                "27": -0.20038350910836367
            }
        },
        "3": {
            "avg": 0.9958051612903226,
            "std": 0.0016937391986720867,
            "words": {
                "3": "[8 6 6]",
                "6": "[6 6 5]",
                "9": "[5 5 5]",
                "12": "[4 4 4]",
                "15": "[4 4 4]",
                "18": "[4 3 3]",
                "21": "[3 2 1]",
                "24": "[1 2 3]",
                "27": "[3 4 4]",
                "30": "[4 5 5]"
            },
            "symbolic": {
                "0": 7,
                "3": 6,
                "6": 5,
                "9": 4,
                "12": 4,
                "15": 3,
                "18": 2,
                "21": 3,
                "24": 4,
                "27": 5
            },
            "avg_amplitude": {
                "0": 0.957671957671946,
                "3": 0.7314814814814635,
                "6": 0.2341269841269981,
                "9": -0.2619047619047367,
                "12": -0.5343915343915236,
                "15": -0.8373015873015691,
                "18": -0.9589947089946765,
                "21": -0.9404761904761841,
                "24": -0.4708994708994574,
                "27": 0.1494708994709049
            }
        },
        "4": {
            "avg": 0.42445096774193547,
            "std": 0.004568569692174787,
            "words": {
                "3": "[4 4 4]",
                "6": "[4 4 4]",
                "9": "[4 4 4]",
                "12": "[4 3 4]",
                "15": "[4 1 4]",
                "18": "[3 3 3]",
                "21": "[3 3 3]",
                "24": "[3 4 4]",
                "27": "[4 5 5]",
                "30": "[5 6 6]"
            },
            "symbolic": {
                "0": 4,
                "3": 4,
                "6": 4,
                "9": 4,
                "12": 3,
                "15": 3,
                "18": 3,
                "21": 4,
                "24": 5,
                "27": 5
            },
            "avg_amplitude": {
                "0": -0.15151515151515774,
                "3": -0.05192047867207598,
                "6": -0.10017371163868383,
                "9": -0.45840571318278656,
                "12": -0.7440648523451098,
                "15": -0.8957730167921277,
                "18": -0.8899826288361353,
                "21": -0.3974136267129919,
                "24": 0.00019301293186450388,
                "27": 0.6703339123721305
            }
        },
        "5": {
            "avg": 0.9186158064516131,
            "std": 0.004408233791587108,
            "words": {
                "3": "[8 6 5]",
                "6": "[5 4 4]",
                "9": "[5 5 4]",
                "12": "[4 4 3]",
                "15": "[3 3 3]",
                "18": "[3 3 3]",
                "21": "[4 4 4]",
                "24": "[4 4 4]",
                "27": "[3 3 3]",
                "30": "[1 2 4]"
            },
            "symbolic": {
                "0": 6,
                "3": 4,
                "6": 4,
                "9": 4,
                "12": 3,
                "15": 3,
                "18": 4,
                "21": 4,
                "24": 3,
                "27": 3
            },
            "avg_amplitude": {
                "0": 0.7157772621809745,
                "3": -0.08004640371230225,
                "6": -0.02629543696829569,
                "9": -0.6094354215003936,
                "12": -0.8023975251353539,
                "15": -0.7641144624903403,
                "18": -0.614462490332574,
                "21": -0.6001546790410005,
                "24": -0.8259860788863208,
                "27": -0.7888631090487307
            }
        },
        "6": {
            "avg": 0.9838883870967742,
            "std": 0.000765781068688223,
            "words": {
                "3": "[6 6 5]",
                "6": "[5 5 5]",
                "9": "[6 8 6]",
                "12": "[5 5 5]",
                "15": "[5 4 4]",
                "18": "[4 3 4]",
                "21": "[3 3 3]",
                "24": "[3 3 2]",
                "27": "[2 1 2]",
                "30": "[3 3 4]"
            },
            "symbolic": {
                "0": 5,
                "3": 5,
                "6": 6,
                "9": 5,
                "12": 4,
                "15": 4,
                "18": 3,
                "21": 3,
                "24": 2,
                "27": 3
            },
            "avg_amplitude": {
                "0": 0.6434108527131807,
                "3": 0.5813953488372526,
                "6": 0.9038759689922718,
                "9": 0.3085271317829208,
                "12": -0.0387596899224422,
                "15": -0.6341085271317244,
                "18": -0.820155038759681,
                "21": -0.9534883720929938,
                "24": -0.9875968992247937,
                "27": -0.6961240310077558
            }
        },
        "7": {
            "avg": 0.9984706451612904,
            "std": 0.0003417497669725562,
            "words": {
                "3": "[5 5 5]",
                "6": "[4 4 5]",
                "9": "[5 6 6]",
                "12": "[8 7 6]",
                "15": "[6 6 5]",
                "18": "[5 4 4]",
                "21": "[3 2 1]",
                "24": "[3 3 4]",
                "27": "[4 4 4]",
                "30": "[4 4 4]"
            },
            "symbolic": {
                "0": 5,
                "3": 5,
                "6": 6,
                "9": 6,
                "12": 5,
                "15": 4,
                "18": 3,
                "21": 3,
                "24": 4,
                "27": 4
            },
            "avg_amplitude": {
                "0": 0.1526479750777885,
                "3": 0.03426791277253649,
                "6": 0.7632398753892885,
                "9": 0.9003115264797805,
                "12": 0.6448598130841748,
                "15": -0.15264797507799607,
                "18": -0.9314641744548577,
                "21": -0.8255451713397889,
                "24": -0.5638629283489187,
                "27": -0.4143302180685203
            }
        },
        "8": {
            "avg": -0.41200354838709674,
            "std": 0.0165556585590118,
            "words": {
                "3": "[6 6 6]",
                "6": "[8 7 5]",
                "9": "[5 5 4]",
                "12": "[4 4 4]",
                "15": "[4 4 4]",
                "18": "[4 3 3]",
                "21": "[3 3 3]",
                "24": "[3 2 2]",
                "27": "[1 3 3]",
                "30": "[3 3 3]"
            },
            "symbolic": {
                "0": 6,
                "3": 6,
                "6": 5,
                "9": 4,
                "12": 4,
                "15": 3,
                "18": 3,
                "21": 2,
                "24": 3,
                "27": 3
            },
            "avg_amplitude": {
                "0": 0.832011389058369,
                "3": 0.8505864009219711,
                "6": 0.1277879465798937,
                "9": -0.22174767812351617,
                "12": -0.41753101484644944,
                "15": -0.6872076469391896,
                "18": -0.8768897023930563,
                "21": -0.9571554470883323,
                "24": -0.9415632838451611,
                "27": -0.8226560911124644
            }
        },
        "9": {
            "avg": 0.8879945161290324,
            "std": 0.06558669828751913,
            "words": {
                "3": "[8 7 6]",
                "6": "[6 6 5]",
                "9": "[5 5 4]",
                "12": "[4 4 3]",
                "15": "[1 2 2]",
                "18": "[2 3 3]",
                "21": "[3 4 4]",
                "24": "[4 5 5]",
                "27": "[5 6 6]",
                "30": "[6 6 6]"
            },
            "symbolic": {
                "0": 7,
                "3": 6,
                "6": 5,
                "9": 4,
                "12": 2,
                "15": 3,
                "18": 4,
                "21": 5,
                "24": 5,
                "27": 6
            },
            "avg_amplitude": {
                "0": 0.9634093438201407,
                "3": 0.7689130311775033,
                "6": 0.2398196872819183,
                "9": -0.5278673683019299,
                "12": -0.9880797449970767,
                "15": -0.9363247137818522,
                "18": -0.6148550519625045,
                "21": 0.20843471208434763,
                "24": 0.6749089948886245,
                "27": 0.7837379052792399
            }
        },
        "10": {
            "avg": 0.8456654838709678,
            "std": 0.09877495036154021,
            "words": {
                "3": "[3 3 1]",
                "6": "[3 3 4]",
                "9": "[4 5 5]",
                "12": "[5 5 5]",
                "15": "[5 5 5]",
                "18": "[5 5 5]",
                "21": "[5 5 5]",
                "24": "[5 5 5]",
                "27": "[6 6 6]",
                "30": "[6 6 7]"
            },
            "symbolic": {
                "0": 3,
                "3": 4,
                "6": 5,
                "9": 5,
                "12": 5,
                "15": 5,
                "18": 5,
                "21": 5,
                "24": 6,
                "27": 6
            },
            "avg_amplitude": {
                "0": -0.9041733424887464,
                "3": -0.6301976043335623,
                "6": 0.09361409933623259,
                "9": 0.1278133821622034,
                "12": 0.13059815365835017,
                "15": 0.1362058442053864,
                "18": 0.24093995574883667,
                "21": 0.5086976424811168,
                "24": 0.759079118028534,
                "27": 0.9374761577782861
            }
        },
        "11": {
            "avg": 0.8026561290322581,
            "std": 0.4500004536714559,
            "words": {
                "3": "[6 1 3]",
                "6": "[3 5 6]",
                "9": "[6 6 6]",
                "12": "[7 7 7]",
                "15": "[7 7 7]",
                "18": "[7 7 7]",
                "21": "[7 7 6]",
                "24": "[6 7 7]",
                "27": "[7 7 7]",
                "30": "[7 8 8]"
            },
            "symbolic": {
                "0": 4,
                "3": 5,
                "6": 6,
                "9": 7,
                "12": 7,
                "15": 7,
                "18": 7,
                "21": 7,
                "24": 7,
                "27": 8
            },
            "avg_amplitude": {
                "0": -0.3916767920960793,
                "3": 0.12858770720405932,
                "6": 0.9026993450473535,
                "9": 0.9679889533139009,
                "12": 0.9676573848481604,
                "15": 0.963871628441859,
                "18": 0.9577774839829347,
                "21": 0.9622473626666498,
                "24": 0.9872493038111486,
                "27": 0.9975531086642198
            }
        },
        "12": {
            "avg": 0.3924648387096776,
            "std": 0.0019733640836023104,
            "words": {
                "3": "[2 2 1]",
                "6": "[2 3 3]",
                "9": "[4 4 4]",
                "12": "[5 5 6]",
                "15": "[5 5 6]",
                "18": "[8 7 6]",
                "21": "[6 6 6]",
                "24": "[6 6 6]",
                "27": "[6 5 5]",
                "30": "[5 4 4]"
            },
            "symbolic": {
                "0": 2,
                "3": 3,
                "6": 4,
                "9": 5,
                "12": 5,
                "15": 7,
                "18": 6,
                "21": 6,
                "24": 5,
                "27": 4
            },
            "avg_amplitude": {
                "0": -0.9714993804213125,
                "3": -0.8389095415117689,
                "6": -0.40520446096653906,
                "9": 0.3568773234200773,
                "12": 0.6232961586121382,
                "15": 0.9615861214374185,
                "18": 0.8884758364312253,
                "21": 0.8550185873605874,
                "24": 0.6456009913259013,
                "27": -0.10037174721189661
            }
        },
        "13": {
            "avg": 0.9360019354838711,
            "std": 0.0014755641166569597,
            "words": {
                "3": "[3 3 1]",
                "6": "[2 2 3]",
                "9": "[3 3 3]",
                "12": "[3 3 3]",
                "15": "[4 4 4]",
                "18": "[4 4 4]",
                "21": "[4 5 5]",
                "24": "[5 5 5]",
                "27": "[5 5 5]",
                "30": "[5 5 6]"
            },
            "symbolic": {
                "0": 3,
                "3": 2,
                "6": 3,
                "9": 3,
                "12": 4,
                "15": 4,
                "18": 5,
                "21": 5,
                "24": 5,
                "27": 5
            },
            "avg_amplitude": {
                "0": -0.9076923076923059,
                "3": -0.9545787545787503,
                "6": -0.8886446886446762,
                "9": -0.8212454212454235,
                "12": -0.5692307692307502,
                "15": -0.3655677655677649,
                "18": 0.13553113553114346,
                "21": 0.38021978021977776,
                "24": 0.48864468864469573,
                "27": 0.6117216117216103
            }
        },
        "14": {
            "avg": 0.999375806451613,
            "std": 5.719989472882371e-05,
            "words": {
                "3": "[8 8 6]",
                "6": "[8 8 8]",
                "9": "[5 5 5]",
                "12": "[5 5 5]",
                "15": "[6 5 5]",
                "18": "[5 5 5]",
                "21": "[4 4 4]",
                "24": "[4 3 3]",
                "27": "[1 1 1]",
                "30": "[3 3 4]"
            },
            "symbolic": {
                "0": 7,
                "3": 8,
                "6": 5,
                "9": 5,
                "12": 5,
                "15": 5,
                "18": 4,
                "21": 3,
                "24": 1,
                "27": 3
            },
            "avg_amplitude": {
                "0": 0.9583333333335068,
                "3": 1.0,
                "6": 0.5416666666676496,
                "9": 0.5416666666676496,
                "12": 0.5000000000002313,
                "15": 0.16666666666736063,
                "18": -0.3750000000002891,
                "21": -0.7083333333336225,
                "24": -1.0,
                "27": -0.749999999999653
            }
        },
        "15": {
            "avg": 0.7995054838709678,
            "std": 0.0004895701428101884,
            "words": {
                "3": "[8 4 5]",
                "6": "[1 4 3]",
                "9": "[3 3 3]",
                "12": "[4 4 4]",
                "15": "[4 4 4]",
                "18": "[5 5 5]",
                "21": "[5 4 4]",
                "24": "[4 4 4]",
                "27": "[4 4 4]",
                "30": "[4 4 4]"
            },
            "symbolic": {
                "0": 5,
                "3": 3,
                "6": 3,
                "9": 4,
                "12": 4,
                "15": 5,
                "18": 4,
                "21": 4,
                "24": 4,
                "27": 4
            },
            "avg_amplitude": {
                "0": 0.36559139784943445,
                "3": -0.7365591397849554,
                "6": -0.8763440860215029,
                "9": -0.6102150537634599,
                "12": -0.24731182795699405,
                "15": 0.008064516129025293,
                "18": -0.016129032258080378,
                "21": -0.12096774193549853,
                "24": -0.28494623655915186,
                "27": -0.3037634408602605
            }
        },
        "16": {
            "avg": -0.3694841935483871,
            "std": 0.001220573018964317,
            "words": {
                "3": "[5 4 4]",
                "6": "[5 5 6]",
                "9": "[8 5 5]",
                "12": "[6 6 6]",
                "15": "[6 6 6]",
                "18": "[6 6 6]",
                "21": "[5 5 5]",
                "24": "[4 4 4]",
                "27": "[4 4 4]",
                "30": "[4 3 3]"
            },
            "symbolic": {
                "0": 4,
                "3": 5,
                "6": 6,
                "9": 6,
                "12": 6,
                "15": 6,
                "18": 5,
                "21": 4,
                "24": 4,
                "27": 3
            },
            "avg_amplitude": {
                "0": -0.13978494623655083,
                "3": 0.3813068651778346,
                "6": 0.7237386269644349,
                "9": 0.7700578990901586,
                "12": 0.8064516129032357,
                "15": 0.887510339123241,
                "18": 0.36807278742763305,
                "21": -0.1513647642679841,
                "24": -0.40612076095945104,
                "27": -0.6972704714640136
            }
        },
        "17": {
            "avg": 0.9341496774193547,
            "std": 0.0013636775862130388,
            "words": {
                "3": "[6 6 6]",
                "6": "[7 8 7]",
                "9": "[7 6 6]",
                "12": "[5 5 5]",
                "15": "[5 4 4]",
                "18": "[4 4 4]",
                "21": "[1 3 2]",
                "24": "[3 3 4]",
                "27": "[4 4 4]",
                "30": "[4 4 5]"
            },
            "symbolic": {
                "0": 6,
                "3": 7,
                "6": 6,
                "9": 5,
                "12": 4,
                "15": 4,
                "18": 2,
                "21": 3,
                "24": 4,
                "27": 5
            },
            "avg_amplitude": {
                "0": 0.8724778046811679,
                "3": 0.9935431799838336,
                "6": 0.8934624697336053,
                "9": 0.3317191283292515,
                "12": -0.037933817594876205,
                "15": -0.4269572235674312,
                "18": -0.9741727199354244,
                "21": -0.6868442292171438,
                "24": -0.11057304277646492,
                "27": 0.005649717514080573
            }
        },
        "18": {
            "avg": 0.9984764516129029,
            "std": 5.594928579209447e-05,
            "words": {
                "3": "[8 6 6]",
                "6": "[6 6 6]",
                "9": "[6 5 6]",
                "12": "[6 5 5]",
                "15": "[5 5 5]",
                "18": "[5 5 5]",
                "21": "[5 4 4]",
                "24": "[4 4 4]",
                "27": "[4 4 4]",
                "30": "[5 5 4]"
            },
            "symbolic": {
                "0": 6,
                "3": 6,
                "6": 6,
                "9": 5,
                "12": 5,
                "15": 5,
                "18": 4,
                "21": 4,
                "24": 4,
                "27": 4
            },
            "avg_amplitude": {
                "0": 0.9420289855075262,
                "3": 0.8550724637681718,
                "6": 0.7101449275360222,
                "9": 0.5072463768117201,
                "12": 0.3333333333333333,
                "15": 0.21739130434870746,
                "18": -0.014492753623118452,
                "21": -0.10144927536247272,
                "24": -0.24637681159333547,
                "27": -0.043478260869677175
            }
        },
        "19": {
            "avg": 0.7737070967741935,
            "std": 0.0006876830352635173,
            "words": {
                "3": "[5 5 5]",
                "6": "[5 5 5]",
                "9": "[5 5 5]",
                "12": "[5 5 5]",
                "15": "[4 4 4]",
                "18": "[1 4 4]",
                "21": "[3 3 3]",
                "24": "[3 3 3]",
                "27": "[4 4 4]",
                "30": "[4 5 5]"
            },
            "symbolic": {
                "0": 5,
                "3": 5,
                "6": 5,
                "9": 5,
                "12": 4,
                "15": 3,
                "18": 3,
                "21": 3,
                "24": 4,
                "27": 5
            },
            "avg_amplitude": {
                "0": 0.35327635327632567,
                "3": 0.5612535612535668,
                "6": 0.5042735042735165,
                "9": 0.21652421652421086,
                "12": -0.207977207977178,
                "15": -0.7037037037036932,
                "18": -0.849002849002841,
                "21": -0.8319088319088067,
                "24": -0.5242165242165405,
                "27": 0.23931623931625634
            }
        }
    },
    "Y": {
        "0": {
            "avg": 0.04044832774193548,
            "std": 0.027992359951003142,
            "words": {
                "3": "[2 2 1]",
                "6": "[3 3 3]",
                "9": "[4 4 4]",
                "12": "[5 5 6]",
                "15": "[6 6 6]",
                "18": "[7 8 7]",
                "21": "[7 7 6]",
                "24": "[6 6 5]",
                "27": "[5 5 5]",
                "30": "[5 4 4]"
            },
            "symbolic": {
                "0": 2,
                "3": 3,
                "6": 4,
                "9": 5,
                "12": 6,
                "15": 7,
                "18": 6,
                "21": 5,
                "24": 5,
                "27": 4
            },
            "avg_amplitude": {
                "0": -0.9867576247385591,
                "3": -0.8605044269938441,
                "6": -0.3755541696894104,
                "9": 0.4471751664099983,
                "12": 0.80842804597116,
                "15": 0.9799417087729569,
                "18": 0.9368723829402704,
                "21": 0.672109726659115,
                "24": 0.28617428822339025,
                "27": -0.12924615952450655
            }
        },
        "1": {
            "avg": 0.9885277419354837,
            "std": 0.0022580739723304447,
            "words": {
                "3": "[6 6 6]",
                "6": "[7 8 6]",
                "9": "[6 6 6]",
                "12": "[5 5 5]",
                "15": "[5 5 4]",
                "18": "[5 5 4]",
                "21": "[4 4 4]",
                "24": "[4 3 1]",
                "27": "[2 2 4]",
                "30": "[4 4 5]"
            },
            "symbolic": {
                "0": 6,
                "3": 7,
                "6": 6,
                "9": 5,
                "12": 5,
                "15": 5,
                "18": 4,
                "21": 3,
                "24": 3,
                "27": 4
            },
            "avg_amplitude": {
                "0": 0.9105077928607189,
                "3": 0.9688285570638486,
                "6": 0.8793363499245563,
                "9": 0.5263951734539739,
                "12": 0.18250377073905108,
                "15": 0.10809451985921718,
                "18": -0.4228255404725921,
                "21": -0.8300653594771196,
                "24": -0.8381096028154884,
                "27": -0.1392659627953687
            }
        },
        "2": {
            "avg": 0.9807600000000002,
            "std": 0.003476153046112895,
            "words": {
                "3": "[5 5 6]",
                "6": "[5 6 6]",
                "9": "[6 5 5]",
                "12": "[5 5 5]",
                "15": "[5 4 4]",
                "18": "[4 4 4]",
                "21": "[3 3 3]",
                "24": "[3 3 1]",
                "27": "[2 3 3]",
                "30": "[4 4 5]"
            },
            "symbolic": {
                "0": 5,
                "3": 6,
                "6": 5,
                "9": 5,
                "12": 4,
                "15": 4,
                "18": 3,
                "21": 3,
                "24": 3,
                "27": 4
            },
            "avg_amplitude": {
                "0": 0.5653563438798224,
                "3": 0.6848833493128712,
                "6": 0.5883668903803035,
                "9": 0.275167785234894,
                "12": -0.08788750399489516,
                "15": -0.38510706295942504,
                "18": -0.8293384467881205,
                "21": -0.951422179610114,
                "24": -0.934164269734762,
                "27": -0.20038350910836367
            }
        },
        "3": {
            "avg": 0.9958051612903226,
            "std": 0.0016937391986720867,
            "words": {
                "3": "[8 6 6]",
                "6": "[6 6 5]",
                "9": "[5 5 5]",
                "12": "[4 4 4]",
                "15": "[4 4 4]",
                "18": "[4 3 3]",
                "21": "[3 2 1]",
                "24": "[1 2 3]",
                "27": "[3 4 4]",
                "30": "[4 5 5]"
            },
            "symbolic": {
                "0": 7,
                "3": 6,
                "6": 5,
                "9": 4,
                "12": 4,
                "15": 3,
                "18": 2,
                "21": 3,
                "24": 4,
                "27": 5
            },
            "avg_amplitude": {
                "0": 0.957671957671946,
                "3": 0.7314814814814635,
                "6": 0.2341269841269981,
                "9": -0.2619047619047367,
                "12": -0.5343915343915236,
                "15": -0.8373015873015691,
                "18": -0.9589947089946765,
                "21": -0.9404761904761841,
                "24": -0.4708994708994574,
                "27": 0.1494708994709049
            }
        },
        "4": {
            "avg": 0.42445096774193547,
            "std": 0.004568569692174787,
            "words": {
                "3": "[4 4 4]",
                "6": "[4 4 4]",
                "9": "[4 4 4]",
                "12": "[4 3 4]",
                "15": "[4 1 4]",
                "18": "[3 3 3]",
                "21": "[3 3 3]",
                "24": "[3 4 4]",
                "27": "[4 5 5]",
                "30": "[5 6 6]"
            },
            "symbolic": {
                "0": 4,
                "3": 4,
                "6": 4,
                "9": 4,
                "12": 3,
                "15": 3,
                "18": 3,
                "21": 4,
                "24": 5,
                "27": 5
            },
            "avg_amplitude": {
                "0": -0.15151515151515774,
                "3": -0.05192047867207598,
                "6": -0.10017371163868383,
                "9": -0.45840571318278656,
                "12": -0.7440648523451098,
                "15": -0.8957730167921277,
                "18": -0.8899826288361353,
                "21": -0.3974136267129919,
                "24": 0.00019301293186450388,
                "27": 0.6703339123721305
            }
        },
        "5": {
            "avg": 0.9186158064516131,
            "std": 0.004408233791587108,
            "words": {
                "3": "[8 6 5]",
                "6": "[5 4 4]",
                "9": "[5 5 4]",
                "12": "[4 4 3]",
                "15": "[3 3 3]",
                "18": "[3 3 3]",
                "21": "[4 4 4]",
                "24": "[4 4 4]",
                "27": "[3 3 3]",
                "30": "[1 2 4]"
            },
            "symbolic": {
                "0": 6,
                "3": 4,
                "6": 4,
                "9": 4,
                "12": 3,
                "15": 3,
                "18": 4,
                "21": 4,
                "24": 3,
                "27": 3
            },
            "avg_amplitude": {
                "0": 0.7157772621809745,
                "3": -0.08004640371230225,
                "6": -0.02629543696829569,
                "9": -0.6094354215003936,
                "12": -0.8023975251353539,
                "15": -0.7641144624903403,
                "18": -0.614462490332574,
                "21": -0.6001546790410005,
                "24": -0.8259860788863208,
                "27": -0.7888631090487307
            }
        },
        "6": {
            "avg": 0.9838883870967742,
            "std": 0.000765781068688223,
            "words": {
                "3": "[6 6 5]",
                "6": "[5 5 5]",
                "9": "[6 8 6]",
                "12": "[5 5 5]",
                "15": "[5 4 4]",
                "18": "[4 3 4]",
                "21": "[3 3 3]",
                "24": "[3 3 2]",
                "27": "[2 1 2]",
                "30": "[3 3 4]"
            },
            "symbolic": {
                "0": 5,
                "3": 5,
                "6": 6,
                "9": 5,
                "12": 4,
                "15": 4,
                "18": 3,
                "21": 3,
                "24": 2,
                "27": 3
            },
            "avg_amplitude": {
                "0": 0.6434108527131807,
                "3": 0.5813953488372526,
                "6": 0.9038759689922718,
                "9": 0.3085271317829208,
                "12": -0.0387596899224422,
                "15": -0.6341085271317244,
                "18": -0.820155038759681,
                "21": -0.9534883720929938,
                "24": -0.9875968992247937,
                "27": -0.6961240310077558
            }
        },
        "7": {
            "avg": 0.9984706451612904,
            "std": 0.0003417497669725562,
            "words": {
                "3": "[5 5 5]",
                "6": "[4 4 5]",
                "9": "[5 6 6]",
                "12": "[8 7 6]",
                "15": "[6 6 5]",
                "18": "[5 4 4]",
                "21": "[3 2 1]",
                "24": "[3 3 4]",
                "27": "[4 4 4]",
                "30": "[4 4 4]"
            },
            "symbolic": {
                "0": 5,
                "3": 5,
                "6": 6,
                "9": 6,
                "12": 5,
                "15": 4,
                "18": 3,
                "21": 3,
                "24": 4,
                "27": 4
            },
            "avg_amplitude": {
                "0": 0.1526479750777885,
                "3": 0.03426791277253649,
                "6": 0.7632398753892885,
                "9": 0.9003115264797805,
                "12": 0.6448598130841748,
                "15": -0.15264797507799607,
                "18": -0.9314641744548577,
                "21": -0.8255451713397889,
                "24": -0.5638629283489187,
                "27": -0.4143302180685203
            }
        },
        "8": {
            "avg": -0.41200354838709674,
            "std": 0.0165556585590118,
            "words": {
                "3": "[6 6 6]",
                "6": "[8 7 5]",
                "9": "[5 5 4]",
                "12": "[4 4 4]",
                "15": "[4 4 4]",
                "18": "[4 3 3]",
                "21": "[3 3 3]",
                "24": "[3 2 2]",
                "27": "[1 3 3]",
                "30": "[3 3 3]"
            },
            "symbolic": {
                "0": 6,
                "3": 6,
                "6": 5,
                "9": 4,
                "12": 4,
                "15": 3,
                "18": 3,
                "21": 2,
                "24": 3,
                "27": 3
            },
            "avg_amplitude": {
                "0": 0.832011389058369,
                "3": 0.8505864009219711,
                "6": 0.1277879465798937,
                "9": -0.22174767812351617,
                "12": -0.41753101484644944,
                "15": -0.6872076469391896,
                "18": -0.8768897023930563,
                "21": -0.9571554470883323,
                "24": -0.9415632838451611,
                "27": -0.8226560911124644
            }
        },
        "9": {
            "avg": 0.8879945161290324,
            "std": 0.06558669828751913,
            "words": {
                "3": "[8 7 6]",
                "6": "[6 6 5]",
                "9": "[5 5 4]",
                "12": "[4 4 3]",
                "15": "[1 2 2]",
                "18": "[2 3 3]",
                "21": "[3 4 4]",
                "24": "[4 5 5]",
                "27": "[5 6 6]",
                "30": "[6 6 6]"
            },
            "symbolic": {
                "0": 7,
                "3": 6,
                "6": 5,
                "9": 4,
                "12": 2,
                "15": 3,
                "18": 4,
                "21": 5,
                "24": 5,
                "27": 6
            },
            "avg_amplitude": {
                "0": 0.9634093438201407,
                "3": 0.7689130311775033,
                "6": 0.2398196872819183,
                "9": -0.5278673683019299,
                "12": -0.9880797449970767,
                "15": -0.9363247137818522,
                "18": -0.6148550519625045,
                "21": 0.20843471208434763,
                "24": 0.6749089948886245,
                "27": 0.7837379052792399
            }
        },
        "10": {
            "avg": 0.8456654838709678,
            "std": 0.09877495036154021,
            "words": {
                "3": "[3 3 1]",
                "6": "[3 3 4]",
                "9": "[4 5 5]",
                "12": "[5 5 5]",
                "15": "[5 5 5]",
                "18": "[5 5 5]",
                "21": "[5 5 5]",
                "24": "[5 5 5]",
                "27": "[6 6 6]",
                "30": "[6 6 7]"
            },
            "symbolic": {
                "0": 3,
                "3": 4,
                "6": 5,
                "9": 5,
                "12": 5,
                "15": 5,
                "18": 5,
                "21": 5,
                "24": 6,
                "27": 6
            },
            "avg_amplitude": {
                "0": -0.9041733424887464,
                "3": -0.6301976043335623,
                "6": 0.09361409933623259,
                "9": 0.1278133821622034,
                "12": 0.13059815365835017,
                "15": 0.1362058442053864,
                "18": 0.24093995574883667,
                "21": 0.5086976424811168,
                "24": 0.759079118028534,
                "27": 0.9374761577782861
            }
        },
        "11": {
            "avg": 0.8026561290322581,
            "std": 0.4500004536714559,
            "words": {
                "3": "[6 1 3]",
                "6": "[3 5 6]",
                "9": "[6 6 6]",
                "12": "[7 7 7]",
                "15": "[7 7 7]",
                "18": "[7 7 7]",
                "21": "[7 7 6]",
                "24": "[6 7 7]",
                "27": "[7 7 7]",
                "30": "[7 8 8]"
            },
            "symbolic": {
                "0": 4,
                "3": 5,
                "6": 6,
                "9": 7,
                "12": 7,
                "15": 7,
                "18": 7,
                "21": 7,
                "24": 7,
                "27": 8
            },
            "avg_amplitude": {
                "0": -0.3916767920960793,
                "3": 0.12858770720405932,
                "6": 0.9026993450473535,
                "9": 0.9679889533139009,
                "12": 0.9676573848481604,
                "15": 0.963871628441859,
                "18": 0.9577774839829347,
                "21": 0.9622473626666498,
                "24": 0.9872493038111486,
                "27": 0.9975531086642198
            }
        },
        "12": {
            "avg": 0.3924648387096776,
            "std": 0.0019733640836023104,
            "words": {
                "3": "[2 2 1]",
                "6": "[2 3 3]",
                "9": "[4 4 4]",
                "12": "[5 5 6]",
                "15": "[5 5 6]",
                "18": "[8 7 6]",
                "21": "[6 6 6]",
                "24": "[6 6 6]",
                "27": "[6 5 5]",
                "30": "[5 4 4]"
            },
            "symbolic": {
                "0": 2,
                "3": 3,
                "6": 4,
                "9": 5,
                "12": 5,
                "15": 7,
                "18": 6,
                "21": 6,
                "24": 5,
                "27": 4
            },
            "avg_amplitude": {
                "0": -0.9714993804213125,
                "3": -0.8389095415117689,
                "6": -0.40520446096653906,
                "9": 0.3568773234200773,
                "12": 0.6232961586121382,
                "15": 0.9615861214374185,
                "18": 0.8884758364312253,
                "21": 0.8550185873605874,
                "24": 0.6456009913259013,
                "27": -0.10037174721189661
            }
        },
        "13": {
            "avg": 0.9360019354838711,
            "std": 0.0014755641166569597,
            "words": {
                "3": "[3 3 1]",
                "6": "[2 2 3]",
                "9": "[3 3 3]",
                "12": "[3 3 3]",
                "15": "[4 4 4]",
                "18": "[4 4 4]",
                "21": "[4 5 5]",
                "24": "[5 5 5]",
                "27": "[5 5 5]",
                "30": "[5 5 6]"
            },
            "symbolic": {
                "0": 3,
                "3": 2,
                "6": 3,
                "9": 3,
                "12": 4,
                "15": 4,
                "18": 5,
                "21": 5,
                "24": 5,
                "27": 5
            },
            "avg_amplitude": {
                "0": -0.9076923076923059,
                "3": -0.9545787545787503,
                "6": -0.8886446886446762,
                "9": -0.8212454212454235,
                "12": -0.5692307692307502,
                "15": -0.3655677655677649,
                "18": 0.13553113553114346,
                "21": 0.38021978021977776,
                "24": 0.48864468864469573,
                "27": 0.6117216117216103
            }
        },
        "14": {
            "avg": 0.999375806451613,
            "std": 5.719989472882371e-05,
            "words": {
                "3": "[8 8 6]",
                "6": "[8 8 8]",
                "9": "[5 5 5]",
                "12": "[5 5 5]",
                "15": "[6 5 5]",
                "18": "[5 5 5]",
                "21": "[4 4 4]",
                "24": "[4 3 3]",
                "27": "[1 1 1]",
                "30": "[3 3 4]"
            },
            "symbolic": {
                "0": 7,
                "3": 8,
                "6": 5,
                "9": 5,
                "12": 5,
                "15": 5,
                "18": 4,
                "21": 3,
                "24": 1,
                "27": 3
            },
            "avg_amplitude": {
                "0": 0.9583333333335068,
                "3": 1.0,
                "6": 0.5416666666676496,
                "9": 0.5416666666676496,
                "12": 0.5000000000002313,
                "15": 0.16666666666736063,
                "18": -0.3750000000002891,
                "21": -0.7083333333336225,
                "24": -1.0,
                "27": -0.749999999999653
            }
        },
        "15": {
            "avg": 0.7995054838709678,
            "std": 0.0004895701428101884,
            "words": {
                "3": "[8 4 5]",
                "6": "[1 4 3]",
                "9": "[3 3 3]",
                "12": "[4 4 4]",
                "15": "[4 4 4]",
                "18": "[5 5 5]",
                "21": "[5 4 4]",
                "24": "[4 4 4]",
                "27": "[4 4 4]",
                "30": "[4 4 4]"
            },
            "symbolic": {
                "0": 5,
                "3": 3,
                "6": 3,
                "9": 4,
                "12": 4,
                "15": 5,
                "18": 4,
                "21": 4,
                "24": 4,
                "27": 4
            },
            "avg_amplitude": {
                "0": 0.36559139784943445,
                "3": -0.7365591397849554,
                "6": -0.8763440860215029,
                "9": -0.6102150537634599,
                "12": -0.24731182795699405,
                "15": 0.008064516129025293,
                "18": -0.016129032258080378,
                "21": -0.12096774193549853,
                "24": -0.28494623655915186,
                "27": -0.3037634408602605
            }
        },
        "16": {
            "avg": -0.3694841935483871,
            "std": 0.001220573018964317,
            "words": {
                "3": "[5 4 4]",
                "6": "[5 5 6]",
                "9": "[8 5 5]",
                "12": "[6 6 6]",
                "15": "[6 6 6]",
                "18": "[6 6 6]",
                "21": "[5 5 5]",
                "24": "[4 4 4]",
                "27": "[4 4 4]",
                "30": "[4 3 3]"
            },
            "symbolic": {
                "0": 4,
                "3": 5,
                "6": 6,
                "9": 6,
                "12": 6,
                "15": 6,
                "18": 5,
                "21": 4,
                "24": 4,
                "27": 3
            },
            "avg_amplitude": {
                "0": -0.13978494623655083,
                "3": 0.3813068651778346,
                "6": 0.7237386269644349,
                "9": 0.7700578990901586,
                "12": 0.8064516129032357,
                "15": 0.887510339123241,
                "18": 0.36807278742763305,
                "21": -0.1513647642679841,
                "24": -0.40612076095945104,
                "27": -0.6972704714640136
            }
        },
        "17": {
            "avg": 0.9341496774193547,
            "std": 0.0013636775862130388,
            "words": {
                "3": "[6 6 6]",
                "6": "[7 8 7]",
                "9": "[7 6 6]",
                "12": "[5 5 5]",
                "15": "[5 4 4]",
                "18": "[4 4 4]",
                "21": "[1 3 2]",
                "24": "[3 3 4]",
                "27": "[4 4 4]",
                "30": "[4 4 5]"
            },
            "symbolic": {
                "0": 6,
                "3": 7,
                "6": 6,
                "9": 5,
                "12": 4,
                "15": 4,
                "18": 2,
                "21": 3,
                "24": 4,
                "27": 5
            },
            "avg_amplitude": {
                "0": 0.8724778046811679,
                "3": 0.9935431799838336,
                "6": 0.8934624697336053,
                "9": 0.3317191283292515,
                "12": -0.037933817594876205,
                "15": -0.4269572235674312,
                "18": -0.9741727199354244,
                "21": -0.6868442292171438,
                "24": -0.11057304277646492,
                "27": 0.005649717514080573
            }
        },
        "18": {
            "avg": 0.9984764516129029,
            "std": 5.594928579209447e-05,
            "words": {
                "3": "[8 6 6]",
                "6": "[6 6 6]",
                "9": "[6 5 6]",
                "12": "[6 5 5]",
                "15": "[5 5 5]",
                "18": "[5 5 5]",
                "21": "[5 4 4]",
                "24": "[4 4 4]",
                "27": "[4 4 4]",
                "30": "[5 5 4]"
            },
            "symbolic": {
                "0": 6,
                "3": 6,
                "6": 6,
                "9": 5,
                "12": 5,
                "15": 5,
                "18": 4,
                "21": 4,
                "24": 4,
                "27": 4
            },
            "avg_amplitude": {
                "0": 0.9420289855075262,
                "3": 0.8550724637681718,
                "6": 0.7101449275360222,
                "9": 0.5072463768117201,
                "12": 0.3333333333333333,
                "15": 0.21739130434870746,
                "18": -0.014492753623118452,
                "21": -0.10144927536247272,
                "24": -0.24637681159333547,
                "27": -0.043478260869677175
            }
        },
        "19": {
            "avg": 0.7737070967741935,
            "std": 0.0006876830352635173,
            "words": {
                "3": "[5 5 5]",
                "6": "[5 5 5]",
                "9": "[5 5 5]",
                "12": "[5 5 5]",
                "15": "[4 4 4]",
                "18": "[1 4 4]",
                "21": "[3 3 3]",
                "24": "[3 3 3]",
                "27": "[4 4 4]",
                "30": "[4 5 5]"
            },
            "symbolic": {
                "0": 5,
                "3": 5,
                "6": 5,
                "9": 5,
                "12": 4,
                "15": 3,
                "18": 3,
                "21": 3,
                "24": 4,
                "27": 5
            },
            "avg_amplitude": {
                "0": 0.35327635327632567,
                "3": 0.5612535612535668,
                "6": 0.5042735042735165,
                "9": 0.21652421652421086,
                "12": -0.207977207977178,
                "15": -0.7037037037036932,
                "18": -0.849002849002841,
                "21": -0.8319088319088067,
                "24": -0.5242165242165405,
                "27": 0.23931623931625634
            }
        }
    },
    "Z": {
        "0": {
            "avg": 0.04044832774193548,
            "std": 0.027992359951003142,
            "words": {
                "3": "[2 2 1]",
                "6": "[3 3 3]",
                "9": "[4 4 4]",
                "12": "[5 5 6]",
                "15": "[6 6 6]",
                "18": "[7 8 7]",
                "21": "[7 7 6]",
                "24": "[6 6 5]",
                "27": "[5 5 5]",
                "30": "[5 4 4]"
            },
            "symbolic": {
                "0": 2,
                "3": 3,
                "6": 4,
                "9": 5,
                "12": 6,
                "15": 7,
                "18": 6,
                "21": 5,
                "24": 5,
                "27": 4
            },
            "avg_amplitude": {
                "0": -0.9867576247385591,
                "3": -0.8605044269938441,
                "6": -0.3755541696894104,
                "9": 0.4471751664099983,
                "12": 0.80842804597116,
                "15": 0.9799417087729569,
                "18": 0.9368723829402704,
                "21": 0.672109726659115,
                "24": 0.28617428822339025,
                "27": -0.12924615952450655
            }
        },
        "1": {
            "avg": 0.9885277419354837,
            "std": 0.0022580739723304447,
            "words": {
                "3": "[6 6 6]",
                "6": "[7 8 6]",
                "9": "[6 6 6]",
                "12": "[5 5 5]",
                "15": "[5 5 4]",
                "18": "[5 5 4]",
                "21": "[4 4 4]",
                "24": "[4 3 1]",
                "27": "[2 2 4]",
                "30": "[4 4 5]"
            },
            "symbolic": {
                "0": 6,
                "3": 7,
                "6": 6,
                "9": 5,
                "12": 5,
                "15": 5,
                "18": 4,
                "21": 3,
                "24": 3,
                "27": 4
            },
            "avg_amplitude": {
                "0": 0.9105077928607189,
                "3": 0.9688285570638486,
                "6": 0.8793363499245563,
                "9": 0.5263951734539739,
                "12": 0.18250377073905108,
                "15": 0.10809451985921718,
                "18": -0.4228255404725921,
                "21": -0.8300653594771196,
                "24": -0.8381096028154884,
                "27": -0.1392659627953687
            }
        },
        "2": {
            "avg": 0.9807600000000002,
            "std": 0.003476153046112895,
            "words": {
                "3": "[5 5 6]",
                "6": "[5 6 6]",
                "9": "[6 5 5]",
                "12": "[5 5 5]",
                "15": "[5 4 4]",
                "18": "[4 4 4]",
                "21": "[3 3 3]",
                "24": "[3 3 1]",
                "27": "[2 3 3]",
                "30": "[4 4 5]"
            },
            "symbolic": {
                "0": 5,
                "3": 6,
                "6": 5,
                "9": 5,
                "12": 4,
                "15": 4,
                "18": 3,
                "21": 3,
                "24": 3,
                "27": 4
            },
            "avg_amplitude": {
                "0": 0.5653563438798224,
                "3": 0.6848833493128712,
                "6": 0.5883668903803035,
                "9": 0.275167785234894,
                "12": -0.08788750399489516,
                "15": -0.38510706295942504,
                "18": -0.8293384467881205,
                "21": -0.951422179610114,
                "24": -0.934164269734762,
                "27": -0.20038350910836367
            }
        },
        "3": {
            "avg": 0.9958051612903226,
            "std": 0.0016937391986720867,
            "words": {
                "3": "[8 6 6]",
                "6": "[6 6 5]",
                "9": "[5 5 5]",
                "12": "[4 4 4]",
                "15": "[4 4 4]",
                "18": "[4 3 3]",
                "21": "[3 2 1]",
                "24": "[1 2 3]",
                "27": "[3 4 4]",
                "30": "[4 5 5]"
            },
            "symbolic": {
                "0": 7,
                "3": 6,
                "6": 5,
                "9": 4,
                "12": 4,
                "15": 3,
                "18": 2,
                "21": 3,
                "24": 4,
                "27": 5
            },
            "avg_amplitude": {
                "0": 0.957671957671946,
                "3": 0.7314814814814635,
                "6": 0.2341269841269981,
                "9": -0.2619047619047367,
                "12": -0.5343915343915236,
                "15": -0.8373015873015691,
                "18": -0.9589947089946765,
                "21": -0.9404761904761841,
                "24": -0.4708994708994574,
                "27": 0.1494708994709049
            }
        },
        "4": {
            "avg": 0.42445096774193547,
            "std": 0.004568569692174787,
            "words": {
                "3": "[4 4 4]",
                "6": "[4 4 4]",
                "9": "[4 4 4]",
                "12": "[4 3 4]",
                "15": "[4 1 4]",
                "18": "[3 3 3]",
                "21": "[3 3 3]",
                "24": "[3 4 4]",
                "27": "[4 5 5]",
                "30": "[5 6 6]"
            },
            "symbolic": {
                "0": 4,
                "3": 4,
                "6": 4,
                "9": 4,
                "12": 3,
                "15": 3,
                "18": 3,
                "21": 4,
                "24": 5,
                "27": 5
            },
            "avg_amplitude": {
                "0": -0.15151515151515774,
                "3": -0.05192047867207598,
                "6": -0.10017371163868383,
                "9": -0.45840571318278656,
                "12": -0.7440648523451098,
                "15": -0.8957730167921277,
                "18": -0.8899826288361353,
                "21": -0.3974136267129919,
                "24": 0.00019301293186450388,
                "27": 0.6703339123721305
            }
        },
        "5": {
            "avg": 0.9186158064516131,
            "std": 0.004408233791587108,
            "words": {
                "3": "[8 6 5]",
                "6": "[5 4 4]",
                "9": "[5 5 4]",
                "12": "[4 4 3]",
                "15": "[3 3 3]",
                "18": "[3 3 3]",
                "21": "[4 4 4]",
                "24": "[4 4 4]",
                "27": "[3 3 3]",
                "30": "[1 2 4]"
            },
            "symbolic": {
                "0": 6,
                "3": 4,
                "6": 4,
                "9": 4,
                "12": 3,
                "15": 3,
                "18": 4,
                "21": 4,
                "24": 3,
                "27": 3
            },
            "avg_amplitude": {
                "0": 0.7157772621809745,
                "3": -0.08004640371230225,
                "6": -0.02629543696829569,
                "9": -0.6094354215003936,
                "12": -0.8023975251353539,
                "15": -0.7641144624903403,
                "18": -0.614462490332574,
                "21": -0.6001546790410005,
                "24": -0.8259860788863208,
                "27": -0.7888631090487307
            }
        },
        "6": {
            "avg": 0.9838883870967742,
            "std": 0.000765781068688223,
            "words": {
                "3": "[6 6 5]",
                "6": "[5 5 5]",
                "9": "[6 8 6]",
                "12": "[5 5 5]",
                "15": "[5 4 4]",
                "18": "[4 3 4]",
                "21": "[3 3 3]",
                "24": "[3 3 2]",
                "27": "[2 1 2]",
                "30": "[3 3 4]"
            },
            "symbolic": {
                "0": 5,
                "3": 5,
                "6": 6,
                "9": 5,
                "12": 4,
                "15": 4,
                "18": 3,
                "21": 3,
                "24": 2,
                "27": 3
            },
            "avg_amplitude": {
                "0": 0.6434108527131807,
                "3": 0.5813953488372526,
                "6": 0.9038759689922718,
                "9": 0.3085271317829208,
                "12": -0.0387596899224422,
                "15": -0.6341085271317244,
                "18": -0.820155038759681,
                "21": -0.9534883720929938,
                "24": -0.9875968992247937,
                "27": -0.6961240310077558
            }
        },
        "7": {
            "avg": 0.9984706451612904,
            "std": 0.0003417497669725562,
            "words": {
                "3": "[5 5 5]",
                "6": "[4 4 5]",
                "9": "[5 6 6]",
                "12": "[8 7 6]",
                "15": "[6 6 5]",
                "18": "[5 4 4]",
                "21": "[3 2 1]",
                "24": "[3 3 4]",
                "27": "[4 4 4]",
                "30": "[4 4 4]"
            },
            "symbolic": {
                "0": 5,
                "3": 5,
                "6": 6,
                "9": 6,
                "12": 5,
                "15": 4,
                "18": 3,
                "21": 3,
                "24": 4,
                "27": 4
            },
            "avg_amplitude": {
                "0": 0.1526479750777885,
                "3": 0.03426791277253649,
                "6": 0.7632398753892885,
                "9": 0.9003115264797805,
                "12": 0.6448598130841748,
                "15": -0.15264797507799607,
                "18": -0.9314641744548577,
                "21": -0.8255451713397889,
                "24": -0.5638629283489187,
                "27": -0.4143302180685203
            }
        },
        "8": {
            "avg": -0.41200354838709674,
            "std": 0.0165556585590118,
            "words": {
                "3": "[6 6 6]",
                "6": "[8 7 5]",
                "9": "[5 5 4]",
                "12": "[4 4 4]",
                "15": "[4 4 4]",
                "18": "[4 3 3]",
                "21": "[3 3 3]",
                "24": "[3 2 2]",
                "27": "[1 3 3]",
                "30": "[3 3 3]"
            },
            "symbolic": {
                "0": 6,
                "3": 6,
                "6": 5,
                "9": 4,
                "12": 4,
                "15": 3,
                "18": 3,
                "21": 2,
                "24": 3,
                "27": 3
            },
            "avg_amplitude": {
                "0": 0.832011389058369,
                "3": 0.8505864009219711,
                "6": 0.1277879465798937,
                "9": -0.22174767812351617,
                "12": -0.41753101484644944,
                "15": -0.6872076469391896,
                "18": -0.8768897023930563,
                "21": -0.9571554470883323,
                "24": -0.9415632838451611,
                "27": -0.8226560911124644
            }
        },
        "9": {
            "avg": 0.8879945161290324,
            "std": 0.06558669828751913,
            "words": {
                "3": "[8 7 6]",
                "6": "[6 6 5]",
                "9": "[5 5 4]",
                "12": "[4 4 3]",
                "15": "[1 2 2]",
                "18": "[2 3 3]",
                "21": "[3 4 4]",
                "24": "[4 5 5]",
                "27": "[5 6 6]",
                "30": "[6 6 6]"
            },
            "symbolic": {
                "0": 7,
                "3": 6,
                "6": 5,
                "9": 4,
                "12": 2,
                "15": 3,
                "18": 4,
                "21": 5,
                "24": 5,
                "27": 6
            },
            "avg_amplitude": {
                "0": 0.9634093438201407,
                "3": 0.7689130311775033,
                "6": 0.2398196872819183,
                "9": -0.5278673683019299,
                "12": -0.9880797449970767,
                "15": -0.9363247137818522,
                "18": -0.6148550519625045,
                "21": 0.20843471208434763,
                "24": 0.6749089948886245,
                "27": 0.7837379052792399
            }
        },
        "10": {
            "avg": 0.8456654838709678,
            "std": 0.09877495036154021,
            "words": {
                "3": "[3 3 1]",
                "6": "[3 3 4]",
                "9": "[4 5 5]",
                "12": "[5 5 5]",
                "15": "[5 5 5]",
                "18": "[5 5 5]",
                "21": "[5 5 5]",
                "24": "[5 5 5]",
                "27": "[6 6 6]",
                "30": "[6 6 7]"
            },
            "symbolic": {
                "0": 3,
                "3": 4,
                "6": 5,
                "9": 5,
                "12": 5,
                "15": 5,
                "18": 5,
                "21": 5,
                "24": 6,
                "27": 6
            },
            "avg_amplitude": {
                "0": -0.9041733424887464,
                "3": -0.6301976043335623,
                "6": 0.09361409933623259,
                "9": 0.1278133821622034,
                "12": 0.13059815365835017,
                "15": 0.1362058442053864,
                "18": 0.24093995574883667,
                "21": 0.5086976424811168,
                "24": 0.759079118028534,
                "27": 0.9374761577782861
            }
        },
        "11": {
            "avg": 0.8026561290322581,
            "std": 0.4500004536714559,
            "words": {
                "3": "[6 1 3]",
                "6": "[3 5 6]",
                "9": "[6 6 6]",
                "12": "[7 7 7]",
                "15": "[7 7 7]",
                "18": "[7 7 7]",
                "21": "[7 7 6]",
                "24": "[6 7 7]",
                "27": "[7 7 7]",
                "30": "[7 8 8]"
            },
            "symbolic": {
                "0": 4,
                "3": 5,
                "6": 6,
                "9": 7,
                "12": 7,
                "15": 7,
                "18": 7,
                "21": 7,
                "24": 7,
                "27": 8
            },
            "avg_amplitude": {
                "0": -0.3916767920960793,
                "3": 0.12858770720405932,
                "6": 0.9026993450473535,
                "9": 0.9679889533139009,
                "12": 0.9676573848481604,
                "15": 0.963871628441859,
                "18": 0.9577774839829347,
                "21": 0.9622473626666498,
                "24": 0.9872493038111486,
                "27": 0.9975531086642198
            }
        },
        "12": {
            "avg": 0.3924648387096776,
            "std": 0.0019733640836023104,
            "words": {
                "3": "[2 2 1]",
                "6": "[2 3 3]",
                "9": "[4 4 4]",
                "12": "[5 5 6]",
                "15": "[5 5 6]",
                "18": "[8 7 6]",
                "21": "[6 6 6]",
                "24": "[6 6 6]",
                "27": "[6 5 5]",
                "30": "[5 4 4]"
            },
            "symbolic": {
                "0": 2,
                "3": 3,
                "6": 4,
                "9": 5,
                "12": 5,
                "15": 7,
                "18": 6,
                "21": 6,
                "24": 5,
                "27": 4
            },
            "avg_amplitude": {
                "0": -0.9714993804213125,
                "3": -0.8389095415117689,
                "6": -0.40520446096653906,
                "9": 0.3568773234200773,
                "12": 0.6232961586121382,
                "15": 0.9615861214374185,
                "18": 0.8884758364312253,
                "21": 0.8550185873605874,
                "24": 0.6456009913259013,
                "27": -0.10037174721189661
            }
        },
        "13": {
            "avg": 0.9360019354838711,
            "std": 0.0014755641166569597,
            "words": {
                "3": "[3 3 1]",
                "6": "[2 2 3]",
                "9": "[3 3 3]",
                "12": "[3 3 3]",
                "15": "[4 4 4]",
                "18": "[4 4 4]",
                "21": "[4 5 5]",
                "24": "[5 5 5]",
                "27": "[5 5 5]",
                "30": "[5 5 6]"
            },
            "symbolic": {
                "0": 3,
                "3": 2,
                "6": 3,
                "9": 3,
                "12": 4,
                "15": 4,
                "18": 5,
                "21": 5,
                "24": 5,
                "27": 5
            },
            "avg_amplitude": {
                "0": -0.9076923076923059,
                "3": -0.9545787545787503,
                "6": -0.8886446886446762,
                "9": -0.8212454212454235,
                "12": -0.5692307692307502,
                "15": -0.3655677655677649,
                "18": 0.13553113553114346,
                "21": 0.38021978021977776,
                "24": 0.48864468864469573,
                "27": 0.6117216117216103
            }
        },
        "14": {
            "avg": 0.999375806451613,
            "std": 5.719989472882371e-05,
            "words": {
                "3": "[8 8 6]",
                "6": "[8 8 8]",
                "9": "[5 5 5]",
                "12": "[5 5 5]",
                "15": "[6 5 5]",
                "18": "[5 5 5]",
                "21": "[4 4 4]",
                "24": "[4 3 3]",
                "27": "[1 1 1]",
                "30": "[3 3 4]"
            },
            "symbolic": {
                "0": 7,
                "3": 8,
                "6": 5,
                "9": 5,
                "12": 5,
                "15": 5,
                "18": 4,
                "21": 3,
                "24": 1,
                "27": 3
            },
            "avg_amplitude": {
                "0": 0.9583333333335068,
                "3": 1.0,
                "6": 0.5416666666676496,
                "9": 0.5416666666676496,
                "12": 0.5000000000002313,
                "15": 0.16666666666736063,
                "18": -0.3750000000002891,
                "21": -0.7083333333336225,
                "24": -1.0,
                "27": -0.749999999999653
            }
        },
        "15": {
            "avg": 0.7995054838709678,
            "std": 0.0004895701428101884,
            "words": {
                "3": "[8 4 5]",
                "6": "[1 4 3]",
                "9": "[3 3 3]",
                "12": "[4 4 4]",
                "15": "[4 4 4]",
                "18": "[5 5 5]",
                "21": "[5 4 4]",
                "24": "[4 4 4]",
                "27": "[4 4 4]",
                "30": "[4 4 4]"
            },
            "symbolic": {
                "0": 5,
                "3": 3,
                "6": 3,
                "9": 4,
                "12": 4,
                "15": 5,
                "18": 4,
                "21": 4,
                "24": 4,
                "27": 4
            },
            "avg_amplitude": {
                "0": 0.36559139784943445,
                "3": -0.7365591397849554,
                "6": -0.8763440860215029,
                "9": -0.6102150537634599,
                "12": -0.24731182795699405,
                "15": 0.008064516129025293,
                "18": -0.016129032258080378,
                "21": -0.12096774193549853,
                "24": -0.28494623655915186,
                "27": -0.3037634408602605
            }
        },
        "16": {
            "avg": -0.3694841935483871,
            "std": 0.001220573018964317,
            "words": {
                "3": "[5 4 4]",
                "6": "[5 5 6]",
                "9": "[8 5 5]",
                "12": "[6 6 6]",
                "15": "[6 6 6]",
                "18": "[6 6 6]",
                "21": "[5 5 5]",
                "24": "[4 4 4]",
                "27": "[4 4 4]",
                "30": "[4 3 3]"
            },
            "symbolic": {
                "0": 4,
                "3": 5,
                "6": 6,
                "9": 6,
                "12": 6,
                "15": 6,
                "18": 5,
                "21": 4,
                "24": 4,
                "27": 3
            },
            "avg_amplitude": {
                "0": -0.13978494623655083,
                "3": 0.3813068651778346,
                "6": 0.7237386269644349,
                "9": 0.7700578990901586,
                "12": 0.8064516129032357,
                "15": 0.887510339123241,
                "18": 0.36807278742763305,
                "21": -0.1513647642679841,
                "24": -0.40612076095945104,
                "27": -0.6972704714640136
            }
        },
        "17": {
            "avg": 0.9341496774193547,
            "std": 0.0013636775862130388,
            "words": {
                "3": "[6 6 6]",
                "6": "[7 8 7]",
                "9": "[7 6 6]",
                "12": "[5 5 5]",
                "15": "[5 4 4]",
                "18": "[4 4 4]",
                "21": "[1 3 2]",
                "24": "[3 3 4]",
                "27": "[4 4 4]",
                "30": "[4 4 5]"
            },
            "symbolic": {
                "0": 6,
                "3": 7,
                "6": 6,
                "9": 5,
                "12": 4,
                "15": 4,
                "18": 2,
                "21": 3,
                "24": 4,
                "27": 5
            },
            "avg_amplitude": {
                "0": 0.8724778046811679,
                "3": 0.9935431799838336,
                "6": 0.8934624697336053,
                "9": 0.3317191283292515,
                "12": -0.037933817594876205,
                "15": -0.4269572235674312,
                "18": -0.9741727199354244,
                "21": -0.6868442292171438,
                "24": -0.11057304277646492,
                "27": 0.005649717514080573
            }
        },
        "18": {
            "avg": 0.9984764516129029,
            "std": 5.594928579209447e-05,
            "words": {
                "3": "[8 6 6]",
                "6": "[6 6 6]",
                "9": "[6 5 6]",
                "12": "[6 5 5]",
                "15": "[5 5 5]",
                "18": "[5 5 5]",
                "21": "[5 4 4]",
                "24": "[4 4 4]",
                "27": "[4 4 4]",
                "30": "[5 5 4]"
            },
            "symbolic": {
                "0": 6,
                "3": 6,
                "6": 6,
                "9": 5,
                "12": 5,
                "15": 5,
                "18": 4,
                "21": 4,
                "24": 4,
                "27": 4
            },
            "avg_amplitude": {
                "0": 0.9420289855075262,
                "3": 0.8550724637681718,
                "6": 0.7101449275360222,
                "9": 0.5072463768117201,
                "12": 0.3333333333333333,
                "15": 0.21739130434870746,
                "18": -0.014492753623118452,
                "21": -0.10144927536247272,
                "24": -0.24637681159333547,
                "27": -0.043478260869677175
            }
        },
        "19": {
            "avg": 0.7737070967741935,
            "std": 0.0006876830352635173,
            "words": {
                "3": "[5 5 5]",
                "6": "[5 5 5]",
                "9": "[5 5 5]",
                "12": "[5 5 5]",
                "15": "[4 4 4]",
                "18": "[1 4 4]",
                "21": "[3 3 3]",
                "24": "[3 3 3]",
                "27": "[4 4 4]",
                "30": "[4 5 5]"
            },
            "symbolic": {
                "0": 5,
                "3": 5,
                "6": 5,
                "9": 5,
                "12": 4,
                "15": 3,
                "18": 3,
                "21": 3,
                "24": 4,
                "27": 5
            },
            "avg_amplitude": {
                "0": 0.35327635327632567,
                "3": 0.5612535612535668,
                "6": 0.5042735042735165,
                "9": 0.21652421652421086,
                "12": -0.207977207977178,
                "15": -0.7037037037036932,
                "18": -0.849002849002841,
                "21": -0.8319088319088067,
                "24": -0.5242165242165405,
                "27": 0.23931623931625634
            }
        }
    }
}