{
    "W": {
        "0": {
            "avg": 0.014438880000000001,
            "std": 0.0044605923992459265,
            "words": {
                "3": "[5 5 6]",
                "6": "[6 8 7]",
                "9": "[6 6 6]",
                "12": "[6 5 6]",
                "15": "[6 6 5]",
                "18": "[5 4 4]"
            },
            "symbolic": {
                "0": 5,
                "3": 7,
                "6": 6,
                "9": 6,
                "12": 6,
                "15": 4
            },
            "avg_amplitude": {
                "0": 0.5753084342361421,
                "3": 0.9620460542152488,
                "6": 0.8657122090645432,
                "9": 0.7449326574539543,
                "12": 0.7587213446540796,
                "15": -0.020881681378494592
            }
        },
        "1": {
            "avg": 0.21414099999999997,
            "std": 0.04864043908865177,
            "words": {
                "3": "[1 3 4]",
                "6": "[4 4 4]",
                "9": "[5 5 5]",
                "12": "[5 5 5]",
                "15": "[6 6 6]",
                "18": "[6 7 7]"
            },
            "symbolic": {
                "0": 3,
                "3": 4,
                "6": 5,
                "9": 5,
                "12": 6,
                "15": 6
            },
            "avg_amplitude": {
                "0": -0.7859503251252532,
                "3": -0.16844686067583406,
                "6": 0.25875706214689287,
                "9": 0.5310094872614862,
                "12": 0.7611768468180369,
                "15": 0.9375759513911103
            }
        },
        "2": {
            "avg": -0.279113,
            "std": 0.05048659249845709,
            "words": {
                "3": "[8 6 5]",
                "6": "[5 5 4]",
                "9": "[4 4 4]",
                "12": "[4 4 4]",
                "15": "[4 3 3]",
                "18": "[3 3 2]"
            },
            "symbolic": {
                "0": 5,
                "3": 5,
                "6": 4,
                "9": 4,
                "12": 3,
                "15": 3
            },
            "avg_amplitude": {
                "0": 0.6794354063305258,
                "3": 0.07745855928618128,
                "6": -0.332987192800277,
                "9": -0.5239798469289645,
                "12": -0.7545479020037691,
                "15": -0.9336948578900812
            }
        },
        "3": {
            "avg": -0.06127475000000001,
            "std": 0.016860023480894555,
            "words": {
                "3": "[2 1 3]",
                "6": "[3 3 4]",
                "9": "[4 4 4]",
                "12": "[4 4 4]",
                "15": "[4 4 5]",
                "18": "[6 8 8]"
            },
            "symbolic": {
                "0": 3,
                "3": 4,
                "6": 4,
                "9": 4,
                "12": 4,
                "15": 6
            },
            "avg_amplitude": {
                "0": -0.9387317183353098,
                "3": -0.6748828279405951,
                "6": -0.60799593427071,
                "9": -0.5627646959173306,
                "12": -0.19533852843187105,
                "15": 0.8952933536619797
            }
        },
        "4": {
            "avg": -0.013332179999999996,
            "std": 0.0012071642610942217,
            "words": {
                "3": "[5 4 3]",
                "6": "[3 3 3]",
                "9": "[4 4 4]",
                "12": "[4 4 4]",
                "15": "[4 3 1]",
                "18": "[3 4 4]"
            },
            "symbolic": {
                "0": 4,
                "3": 3,
                "6": 4,
                "9": 4,
                "12": 3,
                "15": 4
            },
            "avg_amplitude": {
                "0": -0.282546105361451,
                "3": -0.7423028039322498,
                "6": -0.4846056078644983,
                "9": -0.3604907529893917,
                "12": -0.7965138899696527,
                "15": -0.404974969522476
            }
        },
        "5": {
            "avg": 0.015521724999999997,
            "std": 0.011365393945930086,
            "words": {
                "3": "[5 5 6]",
                "6": "[6 6 6]",
                "9": "[8 6 6]",
                "12": "[5 5 5]",
                "15": "[5 5 4]",
                "18": "[4 3 1]"
            },
            "symbolic": {
                "0": 5,
                "3": 6,
                "6": 6,
                "9": 5,
                "12": 5,
                "15": 3
            },
            "avg_amplitude": {
                "0": 0.5990607044307671,
                "3": 0.8885404713250983,
                "6": 0.9136797190295312,
                "9": 0.4088901707382431,
                "12": 0.07742233731593033,
                "15": -0.7719794549549274
            }
        },
        "6": {
            "avg": -0.08881635,
            "std": 0.009338147327100359,
            "words": {
                "3": "[8 5 6]",
                "6": "[6 5 4]",
                "9": "[3 3 1]",
                "12": "[3 4 4]",
                "15": "[5 5 5]",
                "18": "[5 5 6]"
            },
            "symbolic": {
                "0": 6,
                "3": 5,
                "6": 3,
                "9": 4,
                "12": 5,
                "15": 5
            },
            "avg_amplitude": {
                "0": 0.8067408669591171,
                "3": 0.40676020254021195,
                "6": -0.9301502132956289,
                "9": -0.5768891466966369,
                "12": 0.3262275072810546,
                "15": 0.6353309405551727
            }
        },
        "7": {
            "avg": -0.11650799999999999,
            "std": 0.08889859395430633,
            "words": {
                "3": "[6 6 7]",
                "6": "[7 8 6]",
                "9": "[6 6 5]",
                "12": "[5 5 5]",
                "15": "[5 4 4]",
                "18": "[4 4 3]"
            },
            "symbolic": {
                "0": 6,
                "3": 7,
                "6": 6,
                "9": 5,
                "12": 4,
                "15": 4
            },
            "avg_amplitude": {
                "0": 0.9330416159070755,
                "3": 0.9667548397135451,
                "6": 0.7386788717392102,
                "9": 0.40135181804726416,
                "12": -0.031285618685095794,
                "15": -0.49019027414606886
            }
        },
        "8": {
            "avg": 0.011822999999999998,
            "std": 0.0008691178225497877,
            "words": {
                "3": "[1 3 4]",
                "6": "[4 4 4]",
                "9": "[4 4 4]",
                "12": "[4 4 5]",
                "15": "[5 8 7]",
                "18": "[5 5 4]"
            },
            "symbolic": {
                "0": 4,
                "3": 4,
                "6": 4,
                "9": 4,
                "12": 6,
                "15": 5
            },
            "avg_amplitude": {
                "0": -0.6667754924366093,
                "3": -0.15747088910654003,
                "6": -0.33507454565241074,
                "9": -0.24300794428120606,
                "12": 0.8515616497986732,
                "15": 0.3487865926651434
            }
        },
        "9": {
            "avg": -0.20924309999999996,
            "std": 0.1994881712142615,
            "words": {
                "3": "[4 4 3]",
                "6": "[3 3 2]",
                "9": "[1 8 6]",
                "12": "[4 4 4]",
                "15": "[4 5 5]",
                "18": "[5 5 5]"
            },
            "symbolic": {
                "0": 4,
                "3": 3,
                "6": 5,
                "9": 4,
                "12": 5,
                "15": 5
            },
            "avg_amplitude": {
                "0": -0.6537284983013851,
                "3": -0.8971812727058449,
                "6": 0.28999431232994644,
                "9": -0.21890356068641478,
                "12": 0.03161012302789009,
                "15": 0.32745095025082116
            }
        },
        "10": {
            "avg": -0.4513514999999999,
            "std": 0.15446184114957257,
            "words": {
                "3": "[4 4 4]",
                "6": "[4 4 4]",
                "9": "[4 3 1]",
                "12": "[4 4 4]",
                "15": "[5 5 5]",
                "18": "[6 6 6]"
            },
            "symbolic": {
                "0": 4,
                "3": 4,
                "6": 3,
                "9": 4,
                "12": 5,
                "15": 6
            },
            "avg_amplitude": {
                "0": -0.13085902752117798,
                "3": -0.43977775040713823,
                "6": -0.7870427392536027,
                "9": -0.37635997865090093,
                "12": 0.3189363769484475,
                "15": 0.8152071273145297
            }
        },
        "11": {
            "avg": -0.049224000000000004,
            "std": 0.028889216390968628,
            "words": {
                "3": "[1 4 4]",
                "6": "[5 5 5]",
                "9": "[5 5 5]",
                "12": "[3 5 5]",
                "15": "[6 6 6]",
                "18": "[8 6 6]"
            },
            "symbolic": {
                "0": 4,
                "3": 5,
                "6": 5,
                "9": 5,
                "12": 6,
                "15": 6
            },
            "avg_amplitude": {
                "0": -0.5022294517271075,
                "3": 0.3640098236213441,
                "6": 0.6291965681115045,
                "9": 0.015009727936720544,
                "12": 0.8451695212579339,
                "15": 0.8680062513954007
            }
        },
        "12": {
            "avg": -1.5730014999999997e-09,
            "std": 8.453551223397494e-10,
            "words": {
                "3": "[5 6 6]",
                "6": "[7 5 6]",
                "9": "[8 5 5]",
                "12": "[4 5 4]",
                "15": "[4 1 3]",
                "18": "[4 3 4]"
            },
            "symbolic": {
                "0": 6,
                "3": 6,
                "6": 5,
                "9": 4,
                "12": 3,
                "15": 4
            },
            "avg_amplitude": {
                "0": 0.7130382738405818,
                "3": 0.8049860348055614,
                "6": 0.6193691619860247,
                "9": -0.09494797581412491,
                "12": -0.7785519167613026,
                "15": -0.5464125308206217
            }
        },
        "13": {
            "avg": 0.08489879999999998,
            "std": 0.005207048164696931,
            "words": {
                "3": "[1 4 4]",
                "6": "[5 5 5]",
                "9": "[5 5 5]",
                "12": "[5 5 6]",
                "15": "[6 8 7]",
                "18": "[6 5 5]"
            },
            "symbolic": {
                "0": 4,
                "3": 5,
                "6": 5,
                "9": 5,
                "12": 7,
                "15": 5
            },
            "avg_amplitude": {
                "0": -0.5220008200081997,
                "3": 0.19688396883968898,
                "6": 0.530332103321033,
                "9": 0.659434194341943,
                "12": 0.9586387863878635,
                "15": 0.626174661746617
            }
        },
        "14": {
            "avg": 0.04683174999999999,
            "std": 0.005662046485847209,
            "words": {
                "3": "[4 4 5]",
                "6": "[5 5 5]",
                "9": "[6 5 6]",
                "12": "[6 6 6]",
                "15": "[8 7 6]",
                "18": "[5 4 4]"
            },
            "symbolic": {
                "0": 5,
                "3": 5,
                "6": 6,
                "9": 6,
                "12": 6,
                "15": 4
            },
            "avg_amplitude": {
                "0": 0.023207088194037606,
                "3": 0.14476464425859828,
                "6": 0.7683552619897375,
                "9": 0.8236474369218202,
                "12": 0.9054315595092243,
                "15": -0.28507253324810433
            }
        },
        "15": {
            "avg": -0.387035,
            "std": 0.09670869135817384,
            "words": {
                "3": "[4 3 3]",
                "6": "[3 3 3]",
                "9": "[2 2 1]",
                "12": "[5 5 5]",
                "15": "[4 5 8]",
                "18": "[5 4 4]"
            },
            "symbolic": {
                "0": 4,
                "3": 3,
                "6": 2,
                "9": 5,
                "12": 5,
                "15": 5
            },
            "avg_amplitude": {
                "0": -0.6672122561215136,
                "3": -0.937279036270787,
                "6": -0.993409279385448,
                "9": 0.2894242940072455,
                "12": 0.45657107939417757,
                "15": 0.042599624634454845
            }
        },
        "16": {
            "avg": -2.316766e-09,
            "std": 1.0903677241448602e-09,
            "words": {
                "3": "[8 5 5]",
                "6": "[6 4 5]",
                "9": "[5 5 5]",
                "12": "[5 5 5]",
                "15": "[4 3 3]",
                "18": "[3 1 3]"
            },
            "symbolic": {
                "0": 6,
                "3": 5,
                "6": 5,
                "9": 5,
                "12": 3,
                "15": 3
            },
            "avg_amplitude": {
                "0": 0.7739969883385669,
                "3": 0.2205205427216236,
                "6": 0.2554036754720799,
                "9": 0.28896385617176584,
                "12": -0.6941646141454699,
                "15": -0.927879658055805
            }
        },
        "17": {
            "avg": 0.15119925,
            "std": 0.02467528127472597,
            "words": {
                "3": "[4 5 5]",
                "6": "[6 6 6]",
                "9": "[8 8 7]",
                "12": "[6 6 6]",
                "15": "[6 6 5]",
                "18": "[5 4 4]"
            },
            "symbolic": {
                "0": 5,
                "3": 6,
                "6": 7,
                "9": 6,
                "12": 6,
                "15": 4
            },
            "avg_amplitude": {
                "0": 0.33642108730109727,
                "3": 0.8480001646802116,
                "6": 0.9955536342864203,
                "9": 0.8795364252043063,
                "12": 0.7012700961320735,
                "15": -0.060952263323658516
            }
        },
        "18": {
            "avg": 0.04494189999999999,
            "std": 0.0013616869143204607,
            "words": {
                "3": "[5 5 4]",
                "6": "[4 4 4]",
                "9": "[4 4 4]",
                "12": "[4 5 4]",
                "15": "[3 4 1]",
                "18": "[4 4 5]"
            },
            "symbolic": {
                "0": 5,
                "3": 4,
                "6": 4,
                "9": 4,
                "12": 3,
                "15": 4
            },
            "avg_amplitude": {
                "0": 0.030888697152717654,
                "3": -0.16663790624101396,
                "6": -0.2883520276100099,
                "9": -0.08150704630428547,
                "12": -0.7624388840954855,
                "15": -0.16065573770491917
            }
        },
        "19": {
            "avg": -0.3622065,
            "std": 0.10533916442040668,
            "words": {
                "3": "[1 4 5]",
                "6": "[5 5 8]",
                "9": "[7 5 5]",
                "12": "[4 4 4]",
                "15": "[4 4 3]",
                "18": "[3 3 3]"
            },
            "symbolic": {
                "0": 4,
                "3": 5,
                "6": 5,
                "9": 4,
                "12": 3,
                "15": 3
            },
            "avg_amplitude": {
                "0": -0.44376069466143747,
                "3": 0.6797500239135287,
                "6": 0.5592896087746707,
                "9": -0.3244056159593575,
                "12": -0.6868284284028952,
                "15": -0.8510559151441718
            }
        }
    },
    "X": {
        "0": {
            "avg": 0.014438880000000001,
            "std": 0.0044605923992459265,
            "words": {
                "3": "[5 5 6]",
                "6": "[6 8 7]",
                "9": "[6 6 6]",
                "12": "[6 5 6]",
                "15": "[6 6 5]",
                "18": "[5 4 4]"
            },
            "symbolic": {
                "0": 5,
                "3": 7,
                "6": 6,
                "9": 6,
                "12": 6,
                "15": 4
            },
            "avg_amplitude": {
                "0": 0.5753084342361421,
                "3": 0.9620460542152488,
                "6": 0.8657122090645432,
                "9": 0.7449326574539543,
                "12": 0.7587213446540796,
                "15": -0.020881681378494592
            }
        },
        "1": {
            "avg": 0.21414099999999997,
            "std": 0.04864043908865177,
            "words": {
                "3": "[1 3 4]",
                "6": "[4 4 4]",
                "9": "[5 5 5]",
                "12": "[5 5 5]",
                "15": "[6 6 6]",
                "18": "[6 7 7]"
            },
            "symbolic": {
                "0": 3,
                "3": 4,
                "6": 5,
                "9": 5,
                "12": 6,
                "15": 6
            },
            "avg_amplitude": {
                "0": -0.7859503251252532,
                "3": -0.16844686067583406,
                "6": 0.25875706214689287,
                "9": 0.5310094872614862,
                "12": 0.7611768468180369,
                "15": 0.9375759513911103
            }
        },
        "2": {
            "avg": -0.279113,
            "std": 0.05048659249845709,
            "words": {
                "3": "[8 6 5]",
                "6": "[5 5 4]",
                "9": "[4 4 4]",
                "12": "[4 4 4]",
                "15": "[4 3 3]",
                "18": "[3 3 2]"
            },
            "symbolic": {
                "0": 5,
                "3": 5,
                "6": 4,
                "9": 4,
                "12": 3,
                "15": 3
            },
            "avg_amplitude": {
                "0": 0.6794354063305258,
                "3": 0.07745855928618128,
                "6": -0.332987192800277,
                "9": -0.5239798469289645,
                "12": -0.7545479020037691,
                "15": -0.9336948578900812
            }
        },
        "3": {
            "avg": -0.06127475000000001,
            "std": 0.016860023480894555,
            "words": {
                "3": "[2 1 3]",
                "6": "[3 3 4]",
                "9": "[4 4 4]",
                "12": "[4 4 4]",
                "15": "[4 4 5]",
                "18": "[6 8 8]"
            },
            "symbolic": {
                "0": 3,
                "3": 4,
                "6": 4,
                "9": 4,
                "12": 4,
                "15": 6
            },
            "avg_amplitude": {
                "0": -0.9387317183353098,
                "3": -0.6748828279405951,
                "6": -0.60799593427071,
                "9": -0.5627646959173306,
                "12": -0.19533852843187105,
                "15": 0.8952933536619797
            }
        },
        "4": {
            "avg": -0.013332179999999996,
            "std": 0.0012071642610942217,
            "words": {
                "3": "[5 4 3]",
                "6": "[3 3 3]",
                "9": "[4 4 4]",
                "12": "[4 4 4]",
                "15": "[4 3 1]",
                "18": "[3 4 4]"
            },
            "symbolic": {
                "0": 4,
                "3": 3,
                "6": 4,
                "9": 4,
                "12": 3,
                "15": 4
            },
            "avg_amplitude": {
                "0": -0.282546105361451,
                "3": -0.7423028039322498,
                "6": -0.4846056078644983,
                "9": -0.3604907529893917,
                "12": -0.7965138899696527,
                "15": -0.404974969522476
            }
        },
        "5": {
            "avg": 0.015521724999999997,
            "std": 0.011365393945930086,
            "words": {
                "3": "[5 5 6]",
                "6": "[6 6 6]",
                "9": "[8 6 6]",
                "12": "[5 5 5]",
                "15": "[5 5 4]",
                "18": "[4 3 1]"
            },
            "symbolic": {
                "0": 5,
                "3": 6,
                "6": 6,
                "9": 5,
                "12": 5,
                "15": 3
            },
            "avg_amplitude": {
                "0": 0.5990607044307671,
                "3": 0.8885404713250983,
                "6": 0.9136797190295312,
                "9": 0.4088901707382431,
                "12": 0.07742233731593033,
                "15": -0.7719794549549274
            }
        },
        "6": {
            "avg": -0.08881635,
            "std": 0.009338147327100359,
            "words": {
                "3": "[8 5 6]",
                "6": "[6 5 4]",
                "9": "[3 3 1]",
                "12": "[3 4 4]",
                "15": "[5 5 5]",
                "18": "[5 5 6]"
            },
            "symbolic": {
                "0": 6,
                "3": 5,
                "6": 3,
                "9": 4,
                "12": 5,
                "15": 5
            },
            "avg_amplitude": {
                "0": 0.8067408669591171,
                "3": 0.40676020254021195,
                "6": -0.9301502132956289,
                "9": -0.5768891466966369,
                "12": 0.3262275072810546,
                "15": 0.6353309405551727
            }
        },
        "7": {
            "avg": -0.11650799999999999,
            "std": 0.08889859395430633,
            "words": {
                "3": "[6 6 7]",
                "6": "[7 8 6]",
                "9": "[6 6 5]",
                "12": "[5 5 5]",
                "15": "[5 4 4]",
                "18": "[4 4 3]"
            },
            "symbolic": {
                "0": 6,
                "3": 7,
                "6": 6,
                "9": 5,
                "12": 4,
                "15": 4
            },
            "avg_amplitude": {
                "0": 0.9330416159070755,
                "3": 0.9667548397135451,
                "6": 0.7386788717392102,
                "9": 0.40135181804726416,
                "12": -0.031285618685095794,
                "15": -0.49019027414606886
            }
        },
        "8": {
            "avg": 0.011822999999999998,
            "std": 0.0008691178225497877,
            "words": {
                "3": "[1 3 4]",
                "6": "[4 4 4]",
                "9": "[4 4 4]",
                "12": "[4 4 5]",
                "15": "[5 8 7]",
                "18": "[5 5 4]"
            },
            "symbolic": {
                "0": 4,
                "3": 4,
                "6": 4,
                "9": 4,
                "12": 6,
                "15": 5
            },
            "avg_amplitude": {
                "0": -0.6667754924366093,
                "3": -0.15747088910654003,
                "6": -0.33507454565241074,
                "9": -0.24300794428120606,
                "12": 0.8515616497986732,
                "15": 0.3487865926651434
            }
        },
        "9": {
            "avg": -0.20924309999999996,
            "std": 0.1994881712142615,
            "words": {
                "3": "[4 4 3]",
                "6": "[3 3 2]",
                "9": "[1 8 6]",
                "12": "[4 4 4]",
                "15": "[4 5 5]",
                "18": "[5 5 5]"
            },
            "symbolic": {
                "0": 4,
                "3": 3,
                "6": 5,
                "9": 4,
                "12": 5,
                "15": 5
            },
            "avg_amplitude": {
                "0": -0.6537284983013851,
                "3": -0.8971812727058449,
                "6": 0.28999431232994644,
                "9": -0.21890356068641478,
                "12": 0.03161012302789009,
                "15": 0.32745095025082116
            }
        },
        "10": {
            "avg": -0.4513514999999999,
            "std": 0.15446184114957257,
            "words": {
                "3": "[4 4 4]",
                "6": "[4 4 4]",
                "9": "[4 3 1]",
                "12": "[4 4 4]",
                "15": "[5 5 5]",
                "18": "[6 6 6]"
            },
            "symbolic": {
                "0": 4,
                "3": 4,
                "6": 3,
                "9": 4,
                "12": 5,
                "15": 6
            },
            "avg_amplitude": {
                "0": -0.13085902752117798,
                "3": -0.43977775040713823,
                "6": -0.7870427392536027,
                "9": -0.37635997865090093,
                "12": 0.3189363769484475,
                "15": 0.8152071273145297
            }
        },
        "11": {
            "avg": -0.049224000000000004,
            "std": 0.028889216390968628,
            "words": {
                "3": "[1 4 4]",
                "6": "[5 5 5]",
                "9": "[5 5 5]",
                "12": "[3 5 5]",
                "15": "[6 6 6]",
                "18": "[8 6 6]"
            },
            "symbolic": {
                "0": 4,
                "3": 5,
                "6": 5,
                "9": 5,
                "12": 6,
                "15": 6
            },
            "avg_amplitude": {
                "0": -0.5022294517271075,
                "3": 0.3640098236213441,
                "6": 0.6291965681115045,
                "9": 0.015009727936720544,
                "12": 0.8451695212579339,
                "15": 0.8680062513954007
            }
        },
        "12": {
            "avg": -1.5730014999999997e-09,
            "std": 8.453551223397494e-10,
            "words": {
                "3": "[5 6 6]",
                "6": "[7 5 6]",
                "9": "[8 5 5]",
                "12": "[4 5 4]",
                "15": "[4 1 3]",
                "18": "[4 3 4]"
            },
            "symbolic": {
                "0": 6,
                "3": 6,
                "6": 5,
                "9": 4,
                "12": 3,
                "15": 4
            },
            "avg_amplitude": {
                "0": 0.7130382738405818,
                "3": 0.8049860348055614,
                "6": 0.6193691619860247,
                "9": -0.09494797581412491,
                "12": -0.7785519167613026,
                "15": -0.5464125308206217
            }
        },
        "13": {
            "avg": 0.08489879999999998,
            "std": 0.005207048164696931,
            "words": {
                "3": "[1 4 4]",
                "6": "[5 5 5]",
                "9": "[5 5 5]",
                "12": "[5 5 6]",
                "15": "[6 8 7]",
                "18": "[6 5 5]"
            },
            "symbolic": {
                "0": 4,
                "3": 5,
                "6": 5,
                "9": 5,
                "12": 7,
                "15": 5
            },
            "avg_amplitude": {
                "0": -0.5220008200081997,
                "3": 0.19688396883968898,
                "6": 0.530332103321033,
                "9": 0.659434194341943,
                "12": 0.9586387863878635,
                "15": 0.626174661746617
            }
        },
        "14": {
            "avg": 0.04683174999999999,
            "std": 0.005662046485847209,
            "words": {
                "3": "[4 4 5]",
                "6": "[5 5 5]",
                "9": "[6 5 6]",
                "12": "[6 6 6]",
                "15": "[8 7 6]",
                "18": "[5 4 4]"
            },
            "symbolic": {
                "0": 5,
                "3": 5,
                "6": 6,
                "9": 6,
                "12": 6,
                "15": 4
            },
            "avg_amplitude": {
                "0": 0.023207088194037606,
                "3": 0.14476464425859828,
                "6": 0.7683552619897375,
                "9": 0.8236474369218202,
                "12": 0.9054315595092243,
                "15": -0.28507253324810433
            }
        },
        "15": {
            "avg": -0.387035,
            "std": 0.09670869135817384,
            "words": {
                "3": "[4 3 3]",
                "6": "[3 3 3]",
                "9": "[2 2 1]",
                "12": "[5 5 5]",
                "15": "[4 5 8]",
                "18": "[5 4 4]"
            },
            "symbolic": {
                "0": 4,
                "3": 3,
                "6": 2,
                "9": 5,
                "12": 5,
                "15": 5
            },
            "avg_amplitude": {
                "0": -0.6672122561215136,
                "3": -0.937279036270787,
                "6": -0.993409279385448,
                "9": 0.2894242940072455,
                "12": 0.45657107939417757,
                "15": 0.042599624634454845
            }
        },
        "16": {
            "avg": -2.316766e-09,
            "std": 1.0903677241448602e-09,
            "words": {
                "3": "[8 5 5]",
                "6": "[6 4 5]",
                "9": "[5 5 5]",
                "12": "[5 5 5]",
                "15": "[4 3 3]",
                "18": "[3 1 3]"
            },
            "symbolic": {
                "0": 6,
                "3": 5,
                "6": 5,
                "9": 5,
                "12": 3,
                "15": 3
            },
            "avg_amplitude": {
                "0": 0.7739969883385669,
                "3": 0.2205205427216236,
                "6": 0.2554036754720799,
                "9": 0.28896385617176584,
                "12": -0.6941646141454699,
                "15": -0.927879658055805
            }
        },
        "17": {
            "avg": 0.15119925,
            "std": 0.02467528127472597,
            "words": {
                "3": "[4 5 5]",
                "6": "[6 6 6]",
                "9": "[8 8 7]",
                "12": "[6 6 6]",
                "15": "[6 6 5]",
                "18": "[5 4 4]"
            },
            "symbolic": {
                "0": 5,
                "3": 6,
                "6": 7,
                "9": 6,
                "12": 6,
                "15": 4
            },
            "avg_amplitude": {
                "0": 0.33642108730109727,
                "3": 0.8480001646802116,
                "6": 0.9955536342864203,
                "9": 0.8795364252043063,
                "12": 0.7012700961320735,
                "15": -0.060952263323658516
            }
        },
        "18": {
            "avg": 0.04494189999999999,
            "std": 0.0013616869143204607,
            "words": {
                "3": "[5 5 4]",
                "6": "[4 4 4]",
                "9": "[4 4 4]",
                "12": "[4 5 4]",
                "15": "[3 4 1]",
                "18": "[4 4 5]"
            },
            "symbolic": {
                "0": 5,
                "3": 4,
                "6": 4,
                "9": 4,
                "12": 3,
                "15": 4
            },
            "avg_amplitude": {
                "0": 0.030888697152717654,
                "3": -0.16663790624101396,
                "6": -0.2883520276100099,
                "9": -0.08150704630428547,
                "12": -0.7624388840954855,
                "15": -0.16065573770491917
            }
        },
        "19": {
            "avg": -0.3622065,
            "std": 0.10533916442040668,
            "words": {
                "3": "[1 4 5]",
                "6": "[5 5 8]",
                "9": "[7 5 5]",
                "12": "[4 4 4]",
                "15": "[4 4 3]",
                "18": "[3 3 3]"
            },
            "symbolic": {
                "0": 4,
                "3": 5,
                "6": 5,
                "9": 4,
                "12": 3,
                "15": 3
            },
            "avg_amplitude": {
                "0": -0.44376069466143747,
                "3": 0.6797500239135287,
                "6": 0.5592896087746707,
                "9": -0.3244056159593575,
                "12": -0.6868284284028952,
                "15": -0.8510559151441718
            }
        }
    },
    "Y": {
        "0": {
            "avg": 0.014438880000000001,
            "std": 0.0044605923992459265,
            "words": {
                "3": "[5 5 6]",
                "6": "[6 8 7]",
                "9": "[6 6 6]",
                "12": "[6 5 6]",
                "15": "[6 6 5]",
                "18": "[5 4 4]"
            },
            "symbolic": {
                "0": 5,
                "3": 7,
                "6": 6,
                "9": 6,
                "12": 6,
                "15": 4
            },
            "avg_amplitude": {
                "0": 0.5753084342361421,
                "3": 0.9620460542152488,
                "6": 0.8657122090645432,
                "9": 0.7449326574539543,
                "12": 0.7587213446540796,
                "15": -0.020881681378494592
            }
        },
        "1": {
            "avg": 0.21414099999999997,
            "std": 0.04864043908865177,
            "words": {
                "3": "[1 3 4]",
                "6": "[4 4 4]",
                "9": "[5 5 5]",
                "12": "[5 5 5]",
                "15": "[6 6 6]",
                "18": "[6 7 7]"
            },
            "symbolic": {
                "0": 3,
                "3": 4,
                "6": 5,
                "9": 5,
                "12": 6,
                "15": 6
            },
            "avg_amplitude": {
                "0": -0.7859503251252532,
                "3": -0.16844686067583406,
                "6": 0.25875706214689287,
                "9": 0.5310094872614862,
                "12": 0.7611768468180369,
                "15": 0.9375759513911103
            }
        },
        "2": {
            "avg": -0.279113,
            "std": 0.05048659249845709,
            "words": {
                "3": "[8 6 5]",
                "6": "[5 5 4]",
                "9": "[4 4 4]",
                "12": "[4 4 4]",
                "15": "[4 3 3]",
                "18": "[3 3 2]"
            },
            "symbolic": {
                "0": 5,
                "3": 5,
                "6": 4,
                "9": 4,
                "12": 3,
                "15": 3
            },
            "avg_amplitude": {
                "0": 0.6794354063305258,
                "3": 0.07745855928618128,
                "6": -0.332987192800277,
                "9": -0.5239798469289645,
                "12": -0.7545479020037691,
                "15": -0.9336948578900812
            }
        },
        "3": {
            "avg": -0.06127475000000001,
            "std": 0.016860023480894555,
            "words": {
                "3": "[2 1 3]",
                "6": "[3 3 4]",
                "9": "[4 4 4]",
                "12": "[4 4 4]",
                "15": "[4 4 5]",
                "18": "[6 8 8]"
            },
            "symbolic": {
                "0": 3,
                "3": 4,
                "6": 4,
                "9": 4,
                "12": 4,
                "15": 6
            },
            "avg_amplitude": {
                "0": -0.9387317183353098,
                "3": -0.6748828279405951,
                "6": -0.60799593427071,
                "9": -0.5627646959173306,
                "12": -0.19533852843187105,
                "15": 0.8952933536619797
            }
        },
        "4": {
            "avg": -0.013332179999999996,
            "std": 0.0012071642610942217,
            "words": {
                "3": "[5 4 3]",
                "6": "[3 3 3]",
                "9": "[4 4 4]",
                "12": "[4 4 4]",
                "15": "[4 3 1]",
                "18": "[3 4 4]"
            },
            "symbolic": {
                "0": 4,
                "3": 3,
                "6": 4,
                "9": 4,
                "12": 3,
                "15": 4
            },
            "avg_amplitude": {
                "0": -0.282546105361451,
                "3": -0.7423028039322498,
                "6": -0.4846056078644983,
                "9": -0.3604907529893917,
                "12": -0.7965138899696527,
                "15": -0.404974969522476
            }
        },
        "5": {
            "avg": 0.015521724999999997,
            "std": 0.011365393945930086,
            "words": {
                "3": "[5 5 6]",
                "6": "[6 6 6]",
                "9": "[8 6 6]",
                "12": "[5 5 5]",
                "15": "[5 5 4]",
                "18": "[4 3 1]"
            },
            "symbolic": {
                "0": 5,
                "3": 6,
                "6": 6,
                "9": 5,
                "12": 5,
                "15": 3
            },
            "avg_amplitude": {
                "0": 0.5990607044307671,
                "3": 0.8885404713250983,
                "6": 0.9136797190295312,
                "9": 0.4088901707382431,
                "12": 0.07742233731593033,
                "15": -0.7719794549549274
            }
        },
        "6": {
            "avg": -0.08881635,
            "std": 0.009338147327100359,
            "words": {
                "3": "[8 5 6]",
                "6": "[6 5 4]",
                "9": "[3 3 1]",
                "12": "[3 4 4]",
                "15": "[5 5 5]",
                "18": "[5 5 6]"
            },
            "symbolic": {
                "0": 6,
                "3": 5,
                "6": 3,
                "9": 4,
                "12": 5,
                "15": 5
            },
            "avg_amplitude": {
                "0": 0.8067408669591171,
                "3": 0.40676020254021195,
                "6": -0.9301502132956289,
                "9": -0.5768891466966369,
                "12": 0.3262275072810546,
                "15": 0.6353309405551727
            }
        },
        "7": {
            "avg": -0.11650799999999999,
            "std": 0.08889859395430633,
            "words": {
                "3": "[6 6 7]",
                "6": "[7 8 6]",
                "9": "[6 6 5]",
                "12": "[5 5 5]",
                "15": "[5 4 4]",
                "18": "[4 4 3]"
            },
            "symbolic": {
                "0": 6,
                "3": 7,
                "6": 6,
                "9": 5,
                "12": 4,
                "15": 4
            },
            "avg_amplitude": {
                "0": 0.9330416159070755,
                "3": 0.9667548397135451,
                "6": 0.7386788717392102,
                "9": 0.40135181804726416,
                "12": -0.031285618685095794,
                "15": -0.49019027414606886
            }
        },
        "8": {
            "avg": 0.011822999999999998,
            "std": 0.0008691178225497877,
            "words": {
                "3": "[1 3 4]",
                "6": "[4 4 4]",
                "9": "[4 4 4]",
                "12": "[4 4 5]",
                "15": "[5 8 7]",
                "18": "[5 5 4]"
            },
            "symbolic": {
                "0": 4,
                "3": 4,
                "6": 4,
                "9": 4,
                "12": 6,
                "15": 5
            },
            "avg_amplitude": {
                "0": -0.6667754924366093,
                "3": -0.15747088910654003,
                "6": -0.33507454565241074,
                "9": -0.24300794428120606,
                "12": 0.8515616497986732,
                "15": 0.3487865926651434
            }
        },
        "9": {
            "avg": -0.20924309999999996,
            "std": 0.1994881712142615,
            "words": {
                "3": "[4 4 3]",
                "6": "[3 3 2]",
                "9": "[1 8 6]",
                "12": "[4 4 4]",
                "15": "[4 5 5]",
                "18": "[5 5 5]"
            },
            "symbolic": {
                "0": 4,
                "3": 3,
                "6": 5,
                "9": 4,
                "12": 5,
                "15": 5
            },
            "avg_amplitude": {
                "0": -0.6537284983013851,
                "3": -0.8971812727058449,
                "6": 0.28999431232994644,
                "9": -0.21890356068641478,
                "12": 0.03161012302789009,
                "15": 0.32745095025082116
            }
        },
        "10": {
            "avg": -0.4513514999999999,
            "std": 0.15446184114957257,
            "words": {
                "3": "[4 4 4]",
                "6": "[4 4 4]",
                "9": "[4 3 1]",
                "12": "[4 4 4]",
                "15": "[5 5 5]",
                "18": "[6 6 6]"
            },
            "symbolic": {
                "0": 4,
                "3": 4,
                "6": 3,
                "9": 4,
                "12": 5,
                "15": 6
            },
            "avg_amplitude": {
                "0": -0.13085902752117798,
                "3": -0.43977775040713823,
                "6": -0.7870427392536027,
                "9": -0.37635997865090093,
                "12": 0.3189363769484475,
                "15": 0.8152071273145297
            }
        },
        "11": {
            "avg": -0.049224000000000004,
            "std": 0.028889216390968628,
            "words": {
                "3": "[1 4 4]",
                "6": "[5 5 5]",
                "9": "[5 5 5]",
                "12": "[3 5 5]",
                "15": "[6 6 6]",
                "18": "[8 6 6]"
            },
            "symbolic": {
                "0": 4,
                "3": 5,
                "6": 5,
                "9": 5,
                "12": 6,
                "15": 6
            },
            "avg_amplitude": {
                "0": -0.5022294517271075,
                "3": 0.3640098236213441,
                "6": 0.6291965681115045,
                "9": 0.015009727936720544,
                "12": 0.8451695212579339,
                "15": 0.8680062513954007
            }
        },
        "12": {
            "avg": -1.5730014999999997e-09,
            "std": 8.453551223397494e-10,
            "words": {
                "3": "[5 6 6]",
                "6": "[7 5 6]",
                "9": "[8 5 5]",
                "12": "[4 5 4]",
                "15": "[4 1 3]",
                "18": "[4 3 4]"
            },
            "symbolic": {
                "0": 6,
                "3": 6,
                "6": 5,
                "9": 4,
                "12": 3,
                "15": 4
            },
            "avg_amplitude": {
                "0": 0.7130382738405818,
                "3": 0.8049860348055614,
                "6": 0.6193691619860247,
                "9": -0.09494797581412491,
                "12": -0.7785519167613026,
                "15": -0.5464125308206217
            }
        },
        "13": {
            "avg": 0.08489879999999998,
            "std": 0.005207048164696931,
            "words": {
                "3": "[1 4 4]",
                "6": "[5 5 5]",
                "9": "[5 5 5]",
                "12": "[5 5 6]",
                "15": "[6 8 7]",
                "18": "[6 5 5]"
            },
            "symbolic": {
                "0": 4,
                "3": 5,
                "6": 5,
                "9": 5,
                "12": 7,
                "15": 5
            },
            "avg_amplitude": {
                "0": -0.5220008200081997,
                "3": 0.19688396883968898,
                "6": 0.530332103321033,
                "9": 0.659434194341943,
                "12": 0.9586387863878635,
                "15": 0.626174661746617
            }
        },
        "14": {
            "avg": 0.04683174999999999,
            "std": 0.005662046485847209,
            "words": {
                "3": "[4 4 5]",
                "6": "[5 5 5]",
                "9": "[6 5 6]",
                "12": "[6 6 6]",
                "15": "[8 7 6]",
                "18": "[5 4 4]"
            },
            "symbolic": {
                "0": 5,
                "3": 5,
                "6": 6,
                "9": 6,
                "12": 6,
                "15": 4
            },
            "avg_amplitude": {
                "0": 0.023207088194037606,
                "3": 0.14476464425859828,
                "6": 0.7683552619897375,
                "9": 0.8236474369218202,
                "12": 0.9054315595092243,
                "15": -0.28507253324810433
            }
        },
        "15": {
            "avg": -0.387035,
            "std": 0.09670869135817384,
            "words": {
                "3": "[4 3 3]",
                "6": "[3 3 3]",
                "9": "[2 2 1]",
                "12": "[5 5 5]",
                "15": "[4 5 8]",
                "18": "[5 4 4]"
            },
            "symbolic": {
                "0": 4,
                "3": 3,
                "6": 2,
                "9": 5,
                "12": 5,
                "15": 5
            },
            "avg_amplitude": {
                "0": -0.6672122561215136,
                "3": -0.937279036270787,
                "6": -0.993409279385448,
                "9": 0.2894242940072455,
                "12": 0.45657107939417757,
                "15": 0.042599624634454845
            }
        },
        "16": {
            "avg": -2.316766e-09,
            "std": 1.0903677241448602e-09,
            "words": {
                "3": "[8 5 5]",
                "6": "[6 4 5]",
                "9": "[5 5 5]",
                "12": "[5 5 5]",
                "15": "[4 3 3]",
                "18": "[3 1 3]"
            },
            "symbolic": {
                "0": 6,
                "3": 5,
                "6": 5,
                "9": 5,
                "12": 3,
                "15": 3
            },
            "avg_amplitude": {
                "0": 0.7739969883385669,
                "3": 0.2205205427216236,
                "6": 0.2554036754720799,
                "9": 0.28896385617176584,
                "12": -0.6941646141454699,
                "15": -0.927879658055805
            }
        },
        "17": {
            "avg": 0.15119925,
            "std": 0.02467528127472597,
            "words": {
                "3": "[4 5 5]",
                "6": "[6 6 6]",
                "9": "[8 8 7]",
                "12": "[6 6 6]",
                "15": "[6 6 5]",
                "18": "[5 4 4]"
            },
            "symbolic": {
                "0": 5,
                "3": 6,
                "6": 7,
                "9": 6,
                "12": 6,
                "15": 4
            },
            "avg_amplitude": {
                "0": 0.33642108730109727,
                "3": 0.8480001646802116,
                "6": 0.9955536342864203,
                "9": 0.8795364252043063,
                "12": 0.7012700961320735,
                "15": -0.060952263323658516
            }
        },
        "18": {
            "avg": 0.04494189999999999,
            "std": 0.0013616869143204607,
            "words": {
                "3": "[5 5 4]",
                "6": "[4 4 4]",
                "9": "[4 4 4]",
                "12": "[4 5 4]",
                "15": "[3 4 1]",
                "18": "[4 4 5]"
            },
            "symbolic": {
                "0": 5,
                "3": 4,
                "6": 4,
                "9": 4,
                "12": 3,
                "15": 4
            },
            "avg_amplitude": {
                "0": 0.030888697152717654,
                "3": -0.16663790624101396,
                "6": -0.2883520276100099,
                "9": -0.08150704630428547,
                "12": -0.7624388840954855,
                "15": -0.16065573770491917
            }
        },
        "19": {
            "avg": -0.3622065,
            "std": 0.10533916442040668,
            "words": {
                "3": "[1 4 5]",
                "6": "[5 5 8]",
                "9": "[7 5 5]",
                "12": "[4 4 4]",
                "15": "[4 4 3]",
                "18": "[3 3 3]"
            },
            "symbolic": {
                "0": 4,
                "3": 5,
                "6": 5,
                "9": 4,
                "12": 3,
                "15": 3
            },
            "avg_amplitude": {
                "0": -0.44376069466143747,
                "3": 0.6797500239135287,
                "6": 0.5592896087746707,
                "9": -0.3244056159593575,
                "12": -0.6868284284028952,
                "15": -0.8510559151441718
            }
        }
    },
    "Z": {
        "0": {
            "avg": 0.014438880000000001,
            "std": 0.0044605923992459265,
            "words": {
                "3": "[5 5 6]",
                "6": "[6 8 7]",
                "9": "[6 6 6]",
                "12": "[6 5 6]",
                "15": "[6 6 5]",
                "18": "[5 4 4]"
            },
            "symbolic": {
                "0": 5,
                "3": 7,
                "6": 6,
                "9": 6,
                "12": 6,
                "15": 4
            },
            "avg_amplitude": {
                "0": 0.5753084342361421,
                "3": 0.9620460542152488,
                "6": 0.8657122090645432,
                "9": 0.7449326574539543,
                "12": 0.7587213446540796,
                "15": -0.020881681378494592
            }
        },
        "1": {
            "avg": 0.21414099999999997,
            "std": 0.04864043908865177,
            "words": {
                "3": "[1 3 4]",
                "6": "[4 4 4]",
                "9": "[5 5 5]",
                "12": "[5 5 5]",
                "15": "[6 6 6]",
                "18": "[6 7 7]"
            },
            "symbolic": {
                "0": 3,
                "3": 4,
                "6": 5,
                "9": 5,
                "12": 6,
                "15": 6
            },
            "avg_amplitude": {
                "0": -0.7859503251252532,
                "3": -0.16844686067583406,
                "6": 0.25875706214689287,
                "9": 0.5310094872614862,
                "12": 0.7611768468180369,
                "15": 0.9375759513911103
            }
        },
        "2": {
            "avg": -0.279113,
            "std": 0.05048659249845709,
            "words": {
                "3": "[8 6 5]",
                "6": "[5 5 4]",
                "9": "[4 4 4]",
                "12": "[4 4 4]",
                "15": "[4 3 3]",
                "18": "[3 3 2]"
            },
            "symbolic": {
                "0": 5,
                "3": 5,
                "6": 4,
                "9": 4,
                "12": 3,
                "15": 3
            },
            "avg_amplitude": {
                "0": 0.6794354063305258,
                "3": 0.07745855928618128,
                "6": -0.332987192800277,
                "9": -0.5239798469289645,
                "12": -0.7545479020037691,
                "15": -0.9336948578900812
            }
        },
        "3": {
            "avg": -0.06127475000000001,
            "std": 0.016860023480894555,
            "words": {
                "3": "[2 1 3]",
                "6": "[3 3 4]",
                "9": "[4 4 4]",
                "12": "[4 4 4]",
                "15": "[4 4 5]",
                "18": "[6 8 8]"
            },
            "symbolic": {
                "0": 3,
                "3": 4,
                "6": 4,
                "9": 4,
                "12": 4,
                "15": 6
            },
            "avg_amplitude": {
                "0": -0.9387317183353098,
                "3": -0.6748828279405951,
                "6": -0.60799593427071,
                "9": -0.5627646959173306,
                "12": -0.19533852843187105,
                "15": 0.8952933536619797
            }
        },
        "4": {
            "avg": -0.013332179999999996,
            "std": 0.0012071642610942217,
            "words": {
                "3": "[5 4 3]",
                "6": "[3 3 3]",
                "9": "[4 4 4]",
                "12": "[4 4 4]",
                "15": "[4 3 1]",
                "18": "[3 4 4]"
            },
            "symbolic": {
                "0": 4,
                "3": 3,
                "6": 4,
                "9": 4,
                "12": 3,
                "15": 4
            },
            "avg_amplitude": {
                "0": -0.282546105361451,
                "3": -0.7423028039322498,
                "6": -0.4846056078644983,
                "9": -0.3604907529893917,
                "12": -0.7965138899696527,
                "15": -0.404974969522476
            }
        },
        "5": {
            "avg": 0.015521724999999997,
            "std": 0.011365393945930086,
            "words": {
                "3": "[5 5 6]",
                "6": "[6 6 6]",
                "9": "[8 6 6]",
                "12": "[5 5 5]",
                "15": "[5 5 4]",
                "18": "[4 3 1]"
            },
            "symbolic": {
                "0": 5,
                "3": 6,
                "6": 6,
                "9": 5,
                "12": 5,
                "15": 3
            },
            "avg_amplitude": {
                "0": 0.5990607044307671,
                "3": 0.8885404713250983,
                "6": 0.9136797190295312,
                "9": 0.4088901707382431,
                "12": 0.07742233731593033,
                "15": -0.7719794549549274
            }
        },
        "6": {
            "avg": -0.08881635,
            "std": 0.009338147327100359,
            "words": {
                "3": "[8 5 6]",
                "6": "[6 5 4]",
                "9": "[3 3 1]",
                "12": "[3 4 4]",
                "15": "[5 5 5]",
                "18": "[5 5 6]"
            },
            "symbolic": {
                "0": 6,
                "3": 5,
                "6": 3,
                "9": 4,
                "12": 5,
                "15": 5
            },
            "avg_amplitude": {
                "0": 0.8067408669591171,
                "3": 0.40676020254021195,
                "6": -0.9301502132956289,
                "9": -0.5768891466966369,
                "12": 0.3262275072810546,
                "15": 0.6353309405551727
            }
        },
        "7": {
            "avg": -0.11650799999999999,
            "std": 0.08889859395430633,
            "words": {
                "3": "[6 6 7]",
                "6": "[7 8 6]",
                "9": "[6 6 5]",
                "12": "[5 5 5]",
                "15": "[5 4 4]",
                "18": "[4 4 3]"
            },
            "symbolic": {
                "0": 6,
                "3": 7,
                "6": 6,
                "9": 5,
                "12": 4,
                "15": 4
            },
            "avg_amplitude": {
                "0": 0.9330416159070755,
                "3": 0.9667548397135451,
                "6": 0.7386788717392102,
                "9": 0.40135181804726416,
                "12": -0.031285618685095794,
                "15": -0.49019027414606886
            }
        },
        "8": {
            "avg": 0.011822999999999998,
            "std": 0.0008691178225497877,
            "words": {
                "3": "[1 3 4]",
                "6": "[4 4 4]",
                "9": "[4 4 4]",
                "12": "[4 4 5]",
                "15": "[5 8 7]",
                "18": "[5 5 4]"
            },
            "symbolic": {
                "0": 4,
                "3": 4,
                "6": 4,
                "9": 4,
                "12": 6,
                "15": 5
            },
            "avg_amplitude": {
                "0": -0.6667754924366093,
                "3": -0.15747088910654003,
                "6": -0.33507454565241074,
                "9": -0.24300794428120606,
                "12": 0.8515616497986732,
                "15": 0.3487865926651434
            }
        },
        "9": {
            "avg": -0.20924309999999996,
            "std": 0.1994881712142615,
            "words": {
                "3": "[4 4 3]",
                "6": "[3 3 2]",
                "9": "[1 8 6]",
                "12": "[4 4 4]",
                "15": "[4 5 5]",
                "18": "[5 5 5]"
            },
            "symbolic": {
                "0": 4,
                "3": 3,
                "6": 5,
                "9": 4,
                "12": 5,
                "15": 5
            },
            "avg_amplitude": {
                "0": -0.6537284983013851,
                "3": -0.8971812727058449,
                "6": 0.28999431232994644,
                "9": -0.21890356068641478,
                "12": 0.03161012302789009,
                "15": 0.32745095025082116
            }
        },
        "10": {
            "avg": -0.4513514999999999,
            "std": 0.15446184114957257,
            "words": {
                "3": "[4 4 4]",
                "6": "[4 4 4]",
                "9": "[4 3 1]",
                "12": "[4 4 4]",
                "15": "[5 5 5]",
                "18": "[6 6 6]"
            },
            "symbolic": {
                "0": 4,
                "3": 4,
                "6": 3,
                "9": 4,
                "12": 5,
                "15": 6
            },
            "avg_amplitude": {
                "0": -0.13085902752117798,
                "3": -0.43977775040713823,
                "6": -0.7870427392536027,
                "9": -0.37635997865090093,
                "12": 0.3189363769484475,
                "15": 0.8152071273145297
            }
        },
        "11": {
            "avg": -0.049224000000000004,
            "std": 0.028889216390968628,
            "words": {
                "3": "[1 4 4]",
                "6": "[5 5 5]",
                "9": "[5 5 5]",
                "12": "[3 5 5]",
                "15": "[6 6 6]",
                "18": "[8 6 6]"
            },
            "symbolic": {
                "0": 4,
                "3": 5,
                "6": 5,
                "9": 5,
                "12": 6,
                "15": 6
            },
            "avg_amplitude": {
                "0": -0.5022294517271075,
                "3": 0.3640098236213441,
                "6": 0.6291965681115045,
                "9": 0.015009727936720544,
                "12": 0.8451695212579339,
                "15": 0.8680062513954007
            }
        },
        "12": {
            "avg": -1.5730014999999997e-09,
            "std": 8.453551223397494e-10,
            "words": {
                "3": "[5 6 6]",
                "6": "[7 5 6]",
                "9": "[8 5 5]",
                "12": "[4 5 4]",
                "15": "[4 1 3]",
                "18": "[4 3 4]"
            },
            "symbolic": {
                "0": 6,
                "3": 6,
                "6": 5,
                "9": 4,
                "12": 3,
                "15": 4
            },
            "avg_amplitude": {
                "0": 0.7130382738405818,
                "3": 0.8049860348055614,
                "6": 0.6193691619860247,
                "9": -0.09494797581412491,
                "12": -0.7785519167613026,
                "15": -0.5464125308206217
            }
        },
        "13": {
            "avg": 0.08489879999999998,
            "std": 0.005207048164696931,
            "words": {
                "3": "[1 4 4]",
                "6": "[5 5 5]",
                "9": "[5 5 5]",
                "12": "[5 5 6]",
                "15": "[6 8 7]",
                "18": "[6 5 5]"
            },
            "symbolic": {
                "0": 4,
                "3": 5,
                "6": 5,
                "9": 5,
                "12": 7,
                "15": 5
            },
            "avg_amplitude": {
                "0": -0.5220008200081997,
                "3": 0.19688396883968898,
                "6": 0.530332103321033,
                "9": 0.659434194341943,
                "12": 0.9586387863878635,
                "15": 0.626174661746617
            }
        },
        "14": {
            "avg": 0.04683174999999999,
            "std": 0.005662046485847209,
            "words": {
                "3": "[4 4 5]",
                "6": "[5 5 5]",
                "9": "[6 5 6]",
                "12": "[6 6 6]",
                "15": "[8 7 6]",
                "18": "[5 4 4]"
            },
            "symbolic": {
                "0": 5,
                "3": 5,
                "6": 6,
                "9": 6,
                "12": 6,
                "15": 4
            },
            "avg_amplitude": {
                "0": 0.023207088194037606,
                "3": 0.14476464425859828,
                "6": 0.7683552619897375,
                "9": 0.8236474369218202,
                "12": 0.9054315595092243,
                "15": -0.28507253324810433
            }
        },
        "15": {
            "avg": -0.387035,
            "std": 0.09670869135817384,
            "words": {
                "3": "[4 3 3]",
                "6": "[3 3 3]",
                "9": "[2 2 1]",
                "12": "[5 5 5]",
                "15": "[4 5 8]",
                "18": "[5 4 4]"
            },
            "symbolic": {
                "0": 4,
                "3": 3,
                "6": 2,
                "9": 5,
                "12": 5,
                "15": 5
            },
            "avg_amplitude": {
                "0": -0.6672122561215136,
                "3": -0.937279036270787,
                "6": -0.993409279385448,
                "9": 0.2894242940072455,
                "12": 0.45657107939417757,
                "15": 0.042599624634454845
            }
        },
        "16": {
            "avg": -2.316766e-09,
            "std": 1.0903677241448602e-09,
            "words": {
                "3": "[8 5 5]",
                "6": "[6 4 5]",
                "9": "[5 5 5]",
                "12": "[5 5 5]",
                "15": "[4 3 3]",
                "18": "[3 1 3]"
            },
            "symbolic": {
                "0": 6,
                "3": 5,
                "6": 5,
                "9": 5,
                "12": 3,
                "15": 3
            },
            "avg_amplitude": {
                "0": 0.7739969883385669,
                "3": 0.2205205427216236,
                "6": 0.2554036754720799,
                "9": 0.28896385617176584,
                "12": -0.6941646141454699,
                "15": -0.927879658055805
            }
        },
        "17": {
            "avg": 0.15119925,
            "std": 0.02467528127472597,
            "words": {
                "3": "[4 5 5]",
                "6": "[6 6 6]",
                "9": "[8 8 7]",
                "12": "[6 6 6]",
                "15": "[6 6 5]",
                "18": "[5 4 4]"
            },
            "symbolic": {
                "0": 5,
                "3": 6,
                "6": 7,
                "9": 6,
                "12": 6,
                "15": 4
            },
            "avg_amplitude": {
                "0": 0.33642108730109727,
                "3": 0.8480001646802116,
                "6": 0.9955536342864203,
                "9": 0.8795364252043063,
                "12": 0.7012700961320735,
                "15": -0.060952263323658516
            }
        },
        "18": {
            "avg": 0.04494189999999999,
            "std": 0.0013616869143204607,
            "words": {
                "3": "[5 5 4]",
                "6": "[4 4 4]",
                "9": "[4 4 4]",
                "12": "[4 5 4]",
                "15": "[3 4 1]",
                "18": "[4 4 5]"
            },
            "symbolic": {
                "0": 5,
                "3": 4,
                "6": 4,
                "9": 4,
                "12": 3,
                "15": 4
            },
            "avg_amplitude": {
                "0": 0.030888697152717654,
                "3": -0.16663790624101396,
                "6": -0.2883520276100099,
                "9": -0.08150704630428547,
                "12": -0.7624388840954855,
                "15": -0.16065573770491917
            }
        },
        "19": {
            "avg": -0.3622065,
            "std": 0.10533916442040668,
            "words": {
                "3": "[1 4 5]",
                "6": "[5 5 8]",
                "9": "[7 5 5]",
                "12": "[4 4 4]",
                "15": "[4 4 3]",
                "18": "[3 3 3]"
            },
            "symbolic": {
                "0": 4,
                "3": 5,
                "6": 5,
                "9": 4,
                "12": 3,
                "15": 3
            },
            "avg_amplitude": {
                "0": -0.44376069466143747,
                "3": 0.6797500239135287,
                "6": 0.5592896087746707,
                "9": -0.3244056159593575,
                "12": -0.6868284284028952,
                "15": -0.8510559151441718
            }
        }
    }
}