{
    "W": {
        "0": {
            "avg": 0.010626464999999998,
            "std": 0.003805787119675702,
            "words": {
                "3": "[1 4 5]",
                "6": "[5 5 6]",
                "9": "[6 8 7]",
                "12": "[6 5 5]",
                "15": "[4 4 4]",
                "18": "[4 5 5]"
            },
            "symbolic": {
                "0": 4,
                "3": 5,
                "6": 6,
                "9": 5,
                "12": 4,
                "15": 4
            },
            "avg_amplitude": {
                "0": -0.4294367299847543,
                "3": 0.5319589233635958,
                "6": 0.9451517940124802,
                "9": 0.5669876065030375,
                "12": -0.09817279474043254,
                "15": -0.009999038553985354
            }
        },
        "1": {
            "avg": 0.23040499999999997,
            "std": 0.045566130715928174,
            "words": {
                "3": "[8 7 6]",
                "6": "[6 6 5]",
                "9": "[5 5 5]",
                "12": "[5 5 5]",
                "15": "[5 5 4]",
                "18": "[4 4 4]"
            },
            "symbolic": {
                "0": 7,
                "3": 5,
                "6": 5,
                "9": 5,
                "12": 5,
                "15": 4
            },
            "avg_amplitude": {
                "0": 0.9576054041462845,
                "3": 0.6748618258052218,
                "6": 0.3761938038667596,
                "9": 0.25260995701247285,
                "12": 0.017555004976388622,
                "15": -0.4529784215318808
            }
        },
        "2": {
            "avg": -0.29133800000000004,
            "std": 0.05060242698569017,
            "words": {
                "3": "[1 2 3]",
                "6": "[3 3 4]",
                "9": "[4 4 4]",
                "12": "[4 4 4]",
                "15": "[4 4 5]",
                "18": "[5 5 5]"
            },
            "symbolic": {
                "0": 2,
                "3": 3,
                "6": 4,
                "9": 4,
                "12": 5,
                "15": 5
            },
            "avg_amplitude": {
                "0": -0.9669063635660714,
                "3": -0.7085363024820227,
                "6": -0.3472125570246655,
                "9": -0.15642155725663065,
                "12": 0.007577514884404168,
                "15": 0.4263898554086443
            }
        },
        "3": {
            "avg": -0.26571200000000006,
            "std": 0.0410027929215611,
            "words": {
                "3": "[4 3 3]",
                "6": "[3 3 3]",
                "9": "[3 2 1]",
                "12": "[2 2 3]",
                "15": "[3 4 4]",
                "18": "[5 6 6]"
            },
            "symbolic": {
                "0": 4,
                "3": 3,
                "6": 2,
                "9": 3,
                "12": 4,
                "15": 5
            },
            "avg_amplitude": {
                "0": -0.6401618787049705,
                "3": -0.7996466028271776,
                "6": -0.960556315549476,
                "9": -0.922765617875057,
                "12": -0.42287961696306436,
                "15": 0.6095531235750111
            }
        },
        "4": {
            "avg": -0.0022942090000000006,
            "std": 0.004799414573020887,
            "words": {
                "3": "[1 3 3]",
                "6": "[4 4 4]",
                "9": "[4 4 4]",
                "12": "[4 4 4]",
                "15": "[4 4 4]",
                "18": "[5 5 5]"
            },
            "symbolic": {
                "0": 3,
                "3": 4,
                "6": 4,
                "9": 4,
                "12": 4,
                "15": 5
            },
            "avg_amplitude": {
                "0": -0.9176942526589075,
                "3": -0.3091912417632917,
                "6": -0.12375156312078539,
                "9": -0.4127719097811538,
                "12": -0.29238002647464306,
                "15": 0.33613532460732043
            }
        },
        "5": {
            "avg": -0.28148624999999994,
            "std": 0.112407254622539,
            "words": {
                "3": "[4 4 3]",
                "6": "[3 3 2]",
                "9": "[3 2 2]",
                "12": "[1 2 4]",
                "15": "[4 4 5]",
                "18": "[5 5 5]"
            },
            "symbolic": {
                "0": 4,
                "3": 3,
                "6": 2,
                "9": 3,
                "12": 4,
                "15": 5
            },
            "avg_amplitude": {
                "0": -0.5159867100504014,
                "3": -0.8440737523495431,
                "6": -0.965960454056919,
                "9": -0.8341799050858104,
                "12": -0.21475439603853494,
                "15": 0.4600099134779132
            }
        },
        "6": {
            "avg": -0.22514539999999994,
            "std": 0.16402386725022353,
            "words": {
                "3": "[4 3 3]",
                "6": "[3 2 1]",
                "9": "[3 3 3]",
                "12": "[4 4 4]",
                "15": "[5 5 6]",
                "18": "[6 7 8]"
            },
            "symbolic": {
                "0": 3,
                "3": 2,
                "6": 3,
                "9": 4,
                "12": 5,
                "15": 6
            },
            "avg_amplitude": {
                "0": -0.7520681721670043,
                "3": -0.9611690791931421,
                "6": -0.8461005537498852,
                "9": -0.4330390892479275,
                "12": 0.46385204698868826,
                "15": 0.9496181898962991
            }
        },
        "7": {
            "avg": -0.05450029999999999,
            "std": 0.08125820555494365,
            "words": {
                "3": "[4 4 4]",
                "6": "[4 4 4]",
                "9": "[3 1 3]",
                "12": "[4 4 5]",
                "15": "[5 5 5]",
                "18": "[6 8 6]"
            },
            "symbolic": {
                "0": 4,
                "3": 4,
                "6": 3,
                "9": 4,
                "12": 5,
                "15": 6
            },
            "avg_amplitude": {
                "0": -0.35817866509205604,
                "3": -0.446066931584239,
                "6": -0.8245054074038611,
                "9": -0.25928408419910304,
                "12": 0.49484261874744,
                "15": 0.9384252831373049
            }
        },
        "8": {
            "avg": 0.0014141254999999998,
            "std": 0.004172254215138603,
            "words": {
                "3": "[7 6 8]",
                "6": "[6 5 5]",
                "9": "[5 5 5]",
                "12": "[6 6 6]",
                "15": "[6 6 5]",
                "18": "[5 5 4]"
            },
            "symbolic": {
                "0": 6,
                "3": 5,
                "6": 5,
                "9": 6,
                "12": 6,
                "15": 5
            },
            "avg_amplitude": {
                "0": 0.9259804144940554,
                "3": 0.6499779755278821,
                "6": 0.4980073819954824,
                "9": 0.7736274848052842,
                "12": 0.6838327355262329,
                "15": 0.0707061501439729
            }
        },
        "9": {
            "avg": -0.10914300000000002,
            "std": 0.030557510874449592,
            "words": {
                "3": "[6 8 5]",
                "6": "[4 4 3]",
                "9": "[3 3 3]",
                "12": "[3 3 2]",
                "15": "[2 1 2]",
                "18": "[3 3 3]"
            },
            "symbolic": {
                "0": 6,
                "3": 4,
                "6": 3,
                "9": 3,
                "12": 2,
                "15": 3
            },
            "avg_amplitude": {
                "0": 0.8202076992447301,
                "3": -0.4298345733288242,
                "6": -0.9223593732386428,
                "9": -0.9523729004621798,
                "12": -0.9863318678841165,
                "15": -0.880298162552136
            }
        },
        "10": {
            "avg": -0.1781535,
            "std": 0.00962244157384732,
            "words": {
                "3": "[6 8 6]",
                "6": "[5 5 5]",
                "9": "[4 4 4]",
                "12": "[4 4 4]",
                "15": "[3 3 3]",
                "18": "[3 3 3]"
            },
            "symbolic": {
                "0": 6,
                "3": 5,
                "6": 4,
                "9": 4,
                "12": 3,
                "15": 3
            },
            "avg_amplitude": {
                "0": 0.8537290207847065,
                "3": 0.2124041347115717,
                "6": -0.26353228854062455,
                "9": -0.5574080248971881,
                "12": -0.7734800489051904,
                "15": -0.9006335445148382
            }
        },
        "11": {
            "avg": -0.0639507,
            "std": 0.0287031472913961,
            "words": {
                "3": "[8 6 5]",
                "6": "[5 5 5]",
                "9": "[5 5 5]",
                "12": "[5 5 5]",
                "15": "[5 5 5]",
                "18": "[5 5 4]"
            },
            "symbolic": {
                "0": 6,
                "3": 5,
                "6": 5,
                "9": 5,
                "12": 5,
                "15": 5
            },
            "avg_amplitude": {
                "0": 0.8336571517799776,
                "3": 0.5043248321391729,
                "6": 0.29608269273597143,
                "9": 0.21352818756383582,
                "12": 0.2616734630143018,
                "15": 0.01382052010618177
            }
        },
        "12": {
            "avg": 1.9496085000000003e-10,
            "std": 1.2036887645214987e-09,
            "words": {
                "3": "[1 6 5]",
                "6": "[5 5 5]",
                "9": "[5 5 6]",
                "12": "[8 7 7]",
                "15": "[7 6 6]",
                "18": "[5 5 6]"
            },
            "symbolic": {
                "0": 5,
                "3": 5,
                "6": 5,
                "9": 7,
                "12": 6,
                "15": 5
            },
            "avg_amplitude": {
                "0": 0.02024686831652911,
                "3": 0.41873266116712493,
                "6": 0.5216118545676748,
                "9": 0.9759364497402995,
                "12": 0.9245988389856401,
                "15": 0.6091607699358386
            }
        },
        "13": {
            "avg": 0.10194240000000002,
            "std": 0.004207090798814981,
            "words": {
                "3": "[5 4 5]",
                "6": "[5 5 5]",
                "9": "[5 5 6]",
                "12": "[6 6 8]",
                "15": "[7 7 7]",
                "18": "[6 5 5]"
            },
            "symbolic": {
                "0": 5,
                "3": 5,
                "6": 5,
                "9": 6,
                "12": 7,
                "15": 5
            },
            "avg_amplitude": {
                "0": 0.1932026143790849,
                "3": 0.42041226747109106,
                "6": 0.6183006535947723,
                "9": 0.8354952237305174,
                "12": 0.9863247863247872,
                "15": 0.5529813976872794
            }
        },
        "14": {
            "avg": 0.03499844999999999,
            "std": 0.003574125693236407,
            "words": {
                "3": "[8 5 5]",
                "6": "[5 5 5]",
                "9": "[4 4 4]",
                "12": "[4 3 3]",
                "15": "[3 3 3]",
                "18": "[2 1 3]"
            },
            "symbolic": {
                "0": 5,
                "3": 5,
                "6": 4,
                "9": 3,
                "12": 3,
                "15": 2
            },
            "avg_amplitude": {
                "0": 0.5754377796746079,
                "3": 0.09666071751894749,
                "6": -0.4894079304725685,
                "9": -0.6992835156876435,
                "12": -0.8764646543027848,
                "15": -0.9565970875042029
            }
        },
        "15": {
            "avg": -0.5019744999999999,
            "std": 0.0046216338817394705,
            "words": {
                "3": "[8 6 5]",
                "6": "[5 5 5]",
                "9": "[4 4 4]",
                "12": "[4 4 4]",
                "15": "[4 4 4]",
                "18": "[4 3 3]"
            },
            "symbolic": {
                "0": 6,
                "3": 5,
                "6": 4,
                "9": 4,
                "12": 4,
                "15": 3
            },
            "avg_amplitude": {
                "0": 0.7850373059084491,
                "3": 0.1393426093970543,
                "6": -0.08610606977213482,
                "9": -0.3377697116354148,
                "12": -0.5144182294817569,
                "15": -0.7313974591651586
            }
        },
        "16": {
            "avg": -1.3535100000000002e-09,
            "std": 1.3478143583672986e-09,
            "words": {
                "3": "[8 5 5]",
                "6": "[6 5 5]",
                "9": "[4 4 3]",
                "12": "[2 1 3]",
                "15": "[3 3 3]",
                "18": "[2 4 3]"
            },
            "symbolic": {
                "0": 6,
                "3": 5,
                "6": 4,
                "9": 3,
                "12": 3,
                "15": 3
            },
            "avg_amplitude": {
                "0": 0.7031638689048761,
                "3": 0.35899440447641884,
                "6": -0.5532374100719424,
                "9": -0.9272581934452436,
                "12": -0.7929176658673059,
                "15": -0.813796962430056
            }
        },
        "17": {
            "avg": 0.007182039999999998,
            "std": 0.009511172509179319,
            "words": {
                "3": "[8 5 5]",
                "6": "[4 4 4]",
                "9": "[4 4 3]",
                "12": "[4 4 4]",
                "15": "[4 4 4]",
                "18": "[4 4 3]"
            },
            "symbolic": {
                "0": 5,
                "3": 4,
                "6": 4,
                "9": 4,
                "12": 4,
                "15": 4
            },
            "avg_amplitude": {
                "0": 0.5314130274304671,
                "3": -0.21805724296463816,
                "6": -0.6021943053964374,
                "9": -0.6430467885890181,
                "12": -0.5298590989359219,
                "15": -0.6103911957248821
            }
        },
        "18": {
            "avg": 0.05851150000000001,
            "std": 0.007334004983994976,
            "words": {
                "3": "[7 8 5]",
                "6": "[5 5 5]",
                "9": "[5 5 5]",
                "12": "[5 5 5]",
                "15": "[5 4 4]",
                "18": "[1 3 3]"
            },
            "symbolic": {
                "0": 6,
                "3": 5,
                "6": 5,
                "9": 5,
                "12": 4,
                "15": 3
            },
            "avg_amplitude": {
                "0": 0.8904416533993754,
                "3": 0.5337578866678461,
                "6": 0.421310218762899,
                "9": 0.4256147178489303,
                "12": -0.32431157497493956,
                "15": -0.9361990683412938
            }
        },
        "19": {
            "avg": -0.42506069999999996,
            "std": 0.12416912645899332,
            "words": {
                "3": "[8 5 5]",
                "6": "[4 4 4]",
                "9": "[3 3 3]",
                "12": "[3 3 3]",
                "15": "[2 2 2]",
                "18": "[2 2 2]"
            },
            "symbolic": {
                "0": 5,
                "3": 4,
                "6": 3,
                "9": 3,
                "12": 2,
                "15": 2
            },
            "avg_amplitude": {
                "0": 0.43466306760139206,
                "3": -0.48452559534299305,
                "6": -0.836852881043156,
                "9": -0.9236631378060892,
                "12": -0.9629920955242358,
                "15": -0.982678065617035
            }
        }
    },
    "X": {
        "0": {
            "avg": 0.010626464999999998,
            "std": 0.003805787119675702,
            "words": {
                "3": "[1 4 5]",
                "6": "[5 5 6]",
                "9": "[6 8 7]",
                "12": "[6 5 5]",
                "15": "[4 4 4]",
                "18": "[4 5 5]"
            },
            "symbolic": {
                "0": 4,
                "3": 5,
                "6": 6,
                "9": 5,
                "12": 4,
                "15": 4
            },
            "avg_amplitude": {
                "0": -0.4294367299847543,
                "3": 0.5319589233635958,
                "6": 0.9451517940124802,
                "9": 0.5669876065030375,
                "12": -0.09817279474043254,
                "15": -0.009999038553985354
            }
        },
        "1": {
            "avg": 0.23040499999999997,
            "std": 0.045566130715928174,
            "words": {
                "3": "[8 7 6]",
                "6": "[6 6 5]",
                "9": "[5 5 5]",
                "12": "[5 5 5]",
                "15": "[5 5 4]",
                "18": "[4 4 4]"
            },
            "symbolic": {
                "0": 7,
                "3": 5,
                "6": 5,
                "9": 5,
                "12": 5,
                "15": 4
            },
            "avg_amplitude": {
                "0": 0.9576054041462845,
                "3": 0.6748618258052218,
                "6": 0.3761938038667596,
                "9": 0.25260995701247285,
                "12": 0.017555004976388622,
                "15": -0.4529784215318808
            }
        },
        "2": {
            "avg": -0.29133800000000004,
            "std": 0.05060242698569017,
            "words": {
                "3": "[1 2 3]",
                "6": "[3 3 4]",
                "9": "[4 4 4]",
                "12": "[4 4 4]",
                "15": "[4 4 5]",
                "18": "[5 5 5]"
            },
            "symbolic": {
                "0": 2,
                "3": 3,
                "6": 4,
                "9": 4,
                "12": 5,
                "15": 5
            },
            "avg_amplitude": {
                "0": -0.9669063635660714,
                "3": -0.7085363024820227,
                "6": -0.3472125570246655,
                "9": -0.15642155725663065,
                "12": 0.007577514884404168,
                "15": 0.4263898554086443
            }
        },
        "3": {
            "avg": -0.26571200000000006,
            "std": 0.0410027929215611,
            "words": {
                "3": "[4 3 3]",
                "6": "[3 3 3]",
                "9": "[3 2 1]",
                "12": "[2 2 3]",
                "15": "[3 4 4]",
                "18": "[5 6 6]"
            },
            "symbolic": {
                "0": 4,
                "3": 3,
                "6": 2,
                "9": 3,
                "12": 4,
                "15": 5
            },
            "avg_amplitude": {
                "0": -0.6401618787049705,
                "3": -0.7996466028271776,
                "6": -0.960556315549476,
                "9": -0.922765617875057,
                "12": -0.42287961696306436,
                "15": 0.6095531235750111
            }
        },
        "4": {
            "avg": -0.0022942090000000006,
            "std": 0.004799414573020887,
            "words": {
                "3": "[1 3 3]",
                "6": "[4 4 4]",
                "9": "[4 4 4]",
                "12": "[4 4 4]",
                "15": "[4 4 4]",
                "18": "[5 5 5]"
            },
            "symbolic": {
                "0": 3,
                "3": 4,
                "6": 4,
                "9": 4,
                "12": 4,
                "15": 5
            },
            "avg_amplitude": {
                "0": -0.9176942526589075,
                "3": -0.3091912417632917,
                "6": -0.12375156312078539,
                "9": -0.4127719097811538,
                "12": -0.29238002647464306,
                "15": 0.33613532460732043
            }
        },
        "5": {
            "avg": -0.28148624999999994,
            "std": 0.112407254622539,
            "words": {
                "3": "[4 4 3]",
                "6": "[3 3 2]",
                "9": "[3 2 2]",
                "12": "[1 2 4]",
                "15": "[4 4 5]",
                "18": "[5 5 5]"
            },
            "symbolic": {
                "0": 4,
                "3": 3,
                "6": 2,
                "9": 3,
                "12": 4,
                "15": 5
            },
            "avg_amplitude": {
                "0": -0.5159867100504014,
                "3": -0.8440737523495431,
                "6": -0.965960454056919,
                "9": -0.8341799050858104,
                "12": -0.21475439603853494,
                "15": 0.4600099134779132
            }
        },
        "6": {
            "avg": -0.22514539999999994,
            "std": 0.16402386725022353,
            "words": {
                "3": "[4 3 3]",
                "6": "[3 2 1]",
                "9": "[3 3 3]",
                "12": "[4 4 4]",
                "15": "[5 5 6]",
                "18": "[6 7 8]"
            },
            "symbolic": {
                "0": 3,
                "3": 2,
                "6": 3,
                "9": 4,
                "12": 5,
                "15": 6
            },
            "avg_amplitude": {
                "0": -0.7520681721670043,
                "3": -0.9611690791931421,
                "6": -0.8461005537498852,
                "9": -0.4330390892479275,
                "12": 0.46385204698868826,
                "15": 0.9496181898962991
            }
        },
        "7": {
            "avg": -0.05450029999999999,
            "std": 0.08125820555494365,
            "words": {
                "3": "[4 4 4]",
                "6": "[4 4 4]",
                "9": "[3 1 3]",
                "12": "[4 4 5]",
                "15": "[5 5 5]",
                "18": "[6 8 6]"
            },
            "symbolic": {
                "0": 4,
                "3": 4,
                "6": 3,
                "9": 4,
                "12": 5,
                "15": 6
            },
            "avg_amplitude": {
                "0": -0.35817866509205604,
                "3": -0.446066931584239,
                "6": -0.8245054074038611,
                "9": -0.25928408419910304,
                "12": 0.49484261874744,
                "15": 0.9384252831373049
            }
        },
        "8": {
            "avg": 0.0014141254999999998,
            "std": 0.004172254215138603,
            "words": {
                "3": "[7 6 8]",
                "6": "[6 5 5]",
                "9": "[5 5 5]",
                "12": "[6 6 6]",
                "15": "[6 6 5]",
                "18": "[5 5 4]"
            },
            "symbolic": {
                "0": 6,
                "3": 5,
                "6": 5,
                "9": 6,
                "12": 6,
                "15": 5
            },
            "avg_amplitude": {
                "0": 0.9259804144940554,
                "3": 0.6499779755278821,
                "6": 0.4980073819954824,
                "9": 0.7736274848052842,
                "12": 0.6838327355262329,
                "15": 0.0707061501439729
            }
        },
        "9": {
            "avg": -0.10914300000000002,
            "std": 0.030557510874449592,
            "words": {
                "3": "[6 8 5]",
                "6": "[4 4 3]",
                "9": "[3 3 3]",
                "12": "[3 3 2]",
                "15": "[2 1 2]",
                "18": "[3 3 3]"
            },
            "symbolic": {
                "0": 6,
                "3": 4,
                "6": 3,
                "9": 3,
                "12": 2,
                "15": 3
            },
            "avg_amplitude": {
                "0": 0.8202076992447301,
                "3": -0.4298345733288242,
                "6": -0.9223593732386428,
                "9": -0.9523729004621798,
                "12": -0.9863318678841165,
                "15": -0.880298162552136
            }
        },
        "10": {
            "avg": -0.1781535,
            "std": 0.00962244157384732,
            "words": {
                "3": "[6 8 6]",
                "6": "[5 5 5]",
                "9": "[4 4 4]",
                "12": "[4 4 4]",
                "15": "[3 3 3]",
                "18": "[3 3 3]"
            },
            "symbolic": {
                "0": 6,
                "3": 5,
                "6": 4,
                "9": 4,
                "12": 3,
                "15": 3
            },
            "avg_amplitude": {
                "0": 0.8537290207847065,
                "3": 0.2124041347115717,
                "6": -0.26353228854062455,
                "9": -0.5574080248971881,
                "12": -0.7734800489051904,
                "15": -0.9006335445148382
            }
        },
        "11": {
            "avg": -0.0639507,
            "std": 0.0287031472913961,
            "words": {
                "3": "[8 6 5]",
                "6": "[5 5 5]",
                "9": "[5 5 5]",
                "12": "[5 5 5]",
                "15": "[5 5 5]",
                "18": "[5 5 4]"
            },
            "symbolic": {
                "0": 6,
                "3": 5,
                "6": 5,
                "9": 5,
                "12": 5,
                "15": 5
            },
            "avg_amplitude": {
                "0": 0.8336571517799776,
                "3": 0.5043248321391729,
                "6": 0.29608269273597143,
                "9": 0.21352818756383582,
                "12": 0.2616734630143018,
                "15": 0.01382052010618177
            }
        },
        "12": {
            "avg": 1.9496085000000003e-10,
            "std": 1.2036887645214987e-09,
            "words": {
                "3": "[1 6 5]",
                "6": "[5 5 5]",
                "9": "[5 5 6]",
                "12": "[8 7 7]",
                "15": "[7 6 6]",
                "18": "[5 5 6]"
            },
            "symbolic": {
                "0": 5,
                "3": 5,
                "6": 5,
                "9": 7,
                "12": 6,
                "15": 5
            },
            "avg_amplitude": {
                "0": 0.02024686831652911,
                "3": 0.41873266116712493,
                "6": 0.5216118545676748,
                "9": 0.9759364497402995,
                "12": 0.9245988389856401,
                "15": 0.6091607699358386
            }
        },
        "13": {
            "avg": 0.10194240000000002,
            "std": 0.004207090798814981,
            "words": {
                "3": "[5 4 5]",
                "6": "[5 5 5]",
                "9": "[5 5 6]",
                "12": "[6 6 8]",
                "15": "[7 7 7]",
                "18": "[6 5 5]"
            },
            "symbolic": {
                "0": 5,
                "3": 5,
                "6": 5,
                "9": 6,
                "12": 7,
                "15": 5
            },
            "avg_amplitude": {
                "0": 0.1932026143790849,
                "3": 0.42041226747109106,
                "6": 0.6183006535947723,
                "9": 0.8354952237305174,
                "12": 0.9863247863247872,
                "15": 0.5529813976872794
            }
        },
        "14": {
            "avg": 0.03499844999999999,
            "std": 0.003574125693236407,
            "words": {
                "3": "[8 5 5]",
                "6": "[5 5 5]",
                "9": "[4 4 4]",
                "12": "[4 3 3]",
                "15": "[3 3 3]",
                "18": "[2 1 3]"
            },
            "symbolic": {
                "0": 5,
                "3": 5,
                "6": 4,
                "9": 3,
                "12": 3,
                "15": 2
            },
            "avg_amplitude": {
                "0": 0.5754377796746079,
                "3": 0.09666071751894749,
                "6": -0.4894079304725685,
                "9": -0.6992835156876435,
                "12": -0.8764646543027848,
                "15": -0.9565970875042029
            }
        },
        "15": {
            "avg": -0.5019744999999999,
            "std": 0.0046216338817394705,
            "words": {
                "3": "[8 6 5]",
                "6": "[5 5 5]",
                "9": "[4 4 4]",
                "12": "[4 4 4]",
                "15": "[4 4 4]",
                "18": "[4 3 3]"
            },
            "symbolic": {
                "0": 6,
                "3": 5,
                "6": 4,
                "9": 4,
                "12": 4,
                "15": 3
            },
            "avg_amplitude": {
                "0": 0.7850373059084491,
                "3": 0.1393426093970543,
                "6": -0.08610606977213482,
                "9": -0.3377697116354148,
                "12": -0.5144182294817569,
                "15": -0.7313974591651586
            }
        },
        "16": {
            "avg": -1.3535100000000002e-09,
            "std": 1.3478143583672986e-09,
            "words": {
                "3": "[8 5 5]",
                "6": "[6 5 5]",
                "9": "[4 4 3]",
                "12": "[2 1 3]",
                "15": "[3 3 3]",
                "18": "[2 4 3]"
            },
            "symbolic": {
                "0": 6,
                "3": 5,
                "6": 4,
                "9": 3,
                "12": 3,
                "15": 3
            },
            "avg_amplitude": {
                "0": 0.7031638689048761,
                "3": 0.35899440447641884,
                "6": -0.5532374100719424,
                "9": -0.9272581934452436,
                "12": -0.7929176658673059,
                "15": -0.813796962430056
            }
        },
        "17": {
            "avg": 0.007182039999999998,
            "std": 0.009511172509179319,
            "words": {
                "3": "[8 5 5]",
                "6": "[4 4 4]",
                "9": "[4 4 3]",
                "12": "[4 4 4]",
                "15": "[4 4 4]",
                "18": "[4 4 3]"
            },
            "symbolic": {
                "0": 5,
                "3": 4,
                "6": 4,
                "9": 4,
                "12": 4,
                "15": 4
            },
            "avg_amplitude": {
                "0": 0.5314130274304671,
                "3": -0.21805724296463816,
                "6": -0.6021943053964374,
                "9": -0.6430467885890181,
                "12": -0.5298590989359219,
                "15": -0.6103911957248821
            }
        },
        "18": {
            "avg": 0.05851150000000001,
            "std": 0.007334004983994976,
            "words": {
                "3": "[7 8 5]",
                "6": "[5 5 5]",
                "9": "[5 5 5]",
                "12": "[5 5 5]",
                "15": "[5 4 4]",
                "18": "[1 3 3]"
            },
            "symbolic": {
                "0": 6,
                "3": 5,
                "6": 5,
                "9": 5,
                "12": 4,
                "15": 3
            },
            "avg_amplitude": {
                "0": 0.8904416533993754,
                "3": 0.5337578866678461,
                "6": 0.421310218762899,
                "9": 0.4256147178489303,
                "12": -0.32431157497493956,
                "15": -0.9361990683412938
            }
        },
        "19": {
            "avg": -0.42506069999999996,
            "std": 0.12416912645899332,
            "words": {
                "3": "[8 5 5]",
                "6": "[4 4 4]",
                "9": "[3 3 3]",
                "12": "[3 3 3]",
                "15": "[2 2 2]",
                "18": "[2 2 2]"
            },
            "symbolic": {
                "0": 5,
                "3": 4,
                "6": 3,
                "9": 3,
                "12": 2,
                "15": 2
            },
            "avg_amplitude": {
                "0": 0.43466306760139206,
                "3": -0.48452559534299305,
                "6": -0.836852881043156,
                "9": -0.9236631378060892,
                "12": -0.9629920955242358,
                "15": -0.982678065617035
            }
        }
    },
    "Y": {
        "0": {
            "avg": 0.010626464999999998,
            "std": 0.003805787119675702,
            "words": {
                "3": "[1 4 5]",
                "6": "[5 5 6]",
                "9": "[6 8 7]",
                "12": "[6 5 5]",
                "15": "[4 4 4]",
                "18": "[4 5 5]"
            },
            "symbolic": {
                "0": 4,
                "3": 5,
                "6": 6,
                "9": 5,
                "12": 4,
                "15": 4
            },
            "avg_amplitude": {
                "0": -0.4294367299847543,
                "3": 0.5319589233635958,
                "6": 0.9451517940124802,
                "9": 0.5669876065030375,
                "12": -0.09817279474043254,
                "15": -0.009999038553985354
            }
        },
        "1": {
            "avg": 0.23040499999999997,
            "std": 0.045566130715928174,
            "words": {
                "3": "[8 7 6]",
                "6": "[6 6 5]",
                "9": "[5 5 5]",
                "12": "[5 5 5]",
                "15": "[5 5 4]",
                "18": "[4 4 4]"
            },
            "symbolic": {
                "0": 7,
                "3": 5,
                "6": 5,
                "9": 5,
                "12": 5,
                "15": 4
            },
            "avg_amplitude": {
                "0": 0.9576054041462845,
                "3": 0.6748618258052218,
                "6": 0.3761938038667596,
                "9": 0.25260995701247285,
                "12": 0.017555004976388622,
                "15": -0.4529784215318808
            }
        },
        "2": {
            "avg": -0.29133800000000004,
            "std": 0.05060242698569017,
            "words": {
                "3": "[1 2 3]",
                "6": "[3 3 4]",
                "9": "[4 4 4]",
                "12": "[4 4 4]",
                "15": "[4 4 5]",
                "18": "[5 5 5]"
            },
            "symbolic": {
                "0": 2,
                "3": 3,
                "6": 4,
                "9": 4,
                "12": 5,
                "15": 5
            },
            "avg_amplitude": {
                "0": -0.9669063635660714,
                "3": -0.7085363024820227,
                "6": -0.3472125570246655,
                "9": -0.15642155725663065,
                "12": 0.007577514884404168,
                "15": 0.4263898554086443
            }
        },
        "3": {
            "avg": -0.26571200000000006,
            "std": 0.0410027929215611,
            "words": {
                "3": "[4 3 3]",
                "6": "[3 3 3]",
                "9": "[3 2 1]",
                "12": "[2 2 3]",
                "15": "[3 4 4]",
                "18": "[5 6 6]"
            },
            "symbolic": {
                "0": 4,
                "3": 3,
                "6": 2,
                "9": 3,
                "12": 4,
                "15": 5
            },
            "avg_amplitude": {
                "0": -0.6401618787049705,
                "3": -0.7996466028271776,
                "6": -0.960556315549476,
                "9": -0.922765617875057,
                "12": -0.42287961696306436,
                "15": 0.6095531235750111
            }
        },
        "4": {
            "avg": -0.0022942090000000006,
            "std": 0.004799414573020887,
            "words": {
                "3": "[1 3 3]",
                "6": "[4 4 4]",
                "9": "[4 4 4]",
                "12": "[4 4 4]",
                "15": "[4 4 4]",
                "18": "[5 5 5]"
            },
            "symbolic": {
                "0": 3,
                "3": 4,
                "6": 4,
                "9": 4,
                "12": 4,
                "15": 5
            },
            "avg_amplitude": {
                "0": -0.9176942526589075,
                "3": -0.3091912417632917,
                "6": -0.12375156312078539,
                "9": -0.4127719097811538,
                "12": -0.29238002647464306,
                "15": 0.33613532460732043
            }
        },
        "5": {
            "avg": -0.28148624999999994,
            "std": 0.112407254622539,
            "words": {
                "3": "[4 4 3]",
                "6": "[3 3 2]",
                "9": "[3 2 2]",
                "12": "[1 2 4]",
                "15": "[4 4 5]",
                "18": "[5 5 5]"
            },
            "symbolic": {
                "0": 4,
                "3": 3,
                "6": 2,
                "9": 3,
                "12": 4,
                "15": 5
            },
            "avg_amplitude": {
                "0": -0.5159867100504014,
                "3": -0.8440737523495431,
                "6": -0.965960454056919,
                "9": -0.8341799050858104,
                "12": -0.21475439603853494,
                "15": 0.4600099134779132
            }
        },
        "6": {
            "avg": -0.22514539999999994,
            "std": 0.16402386725022353,
            "words": {
                "3": "[4 3 3]",
                "6": "[3 2 1]",
                "9": "[3 3 3]",
                "12": "[4 4 4]",
                "15": "[5 5 6]",
                "18": "[6 7 8]"
            },
            "symbolic": {
                "0": 3,
                "3": 2,
                "6": 3,
                "9": 4,
                "12": 5,
                "15": 6
            },
            "avg_amplitude": {
                "0": -0.7520681721670043,
                "3": -0.9611690791931421,
                "6": -0.8461005537498852,
                "9": -0.4330390892479275,
                "12": 0.46385204698868826,
                "15": 0.9496181898962991
            }
        },
        "7": {
            "avg": -0.05450029999999999,
            "std": 0.08125820555494365,
            "words": {
                "3": "[4 4 4]",
                "6": "[4 4 4]",
                "9": "[3 1 3]",
                "12": "[4 4 5]",
                "15": "[5 5 5]",
                "18": "[6 8 6]"
            },
            "symbolic": {
                "0": 4,
                "3": 4,
                "6": 3,
                "9": 4,
                "12": 5,
                "15": 6
            },
            "avg_amplitude": {
                "0": -0.35817866509205604,
                "3": -0.446066931584239,
                "6": -0.8245054074038611,
                "9": -0.25928408419910304,
                "12": 0.49484261874744,
                "15": 0.9384252831373049
            }
        },
        "8": {
            "avg": 0.0014141254999999998,
            "std": 0.004172254215138603,
            "words": {
                "3": "[7 6 8]",
                "6": "[6 5 5]",
                "9": "[5 5 5]",
                "12": "[6 6 6]",
                "15": "[6 6 5]",
                "18": "[5 5 4]"
            },
            "symbolic": {
                "0": 6,
                "3": 5,
                "6": 5,
                "9": 6,
                "12": 6,
                "15": 5
            },
            "avg_amplitude": {
                "0": 0.9259804144940554,
                "3": 0.6499779755278821,
                "6": 0.4980073819954824,
                "9": 0.7736274848052842,
                "12": 0.6838327355262329,
                "15": 0.0707061501439729
            }
        },
        "9": {
            "avg": -0.10914300000000002,
            "std": 0.030557510874449592,
            "words": {
                "3": "[6 8 5]",
                "6": "[4 4 3]",
                "9": "[3 3 3]",
                "12": "[3 3 2]",
                "15": "[2 1 2]",
                "18": "[3 3 3]"
            },
            "symbolic": {
                "0": 6,
                "3": 4,
                "6": 3,
                "9": 3,
                "12": 2,
                "15": 3
            },
            "avg_amplitude": {
                "0": 0.8202076992447301,
                "3": -0.4298345733288242,
                "6": -0.9223593732386428,
                "9": -0.9523729004621798,
                "12": -0.9863318678841165,
                "15": -0.880298162552136
            }
        },
        "10": {
            "avg": -0.1781535,
            "std": 0.00962244157384732,
            "words": {
                "3": "[6 8 6]",
                "6": "[5 5 5]",
                "9": "[4 4 4]",
                "12": "[4 4 4]",
                "15": "[3 3 3]",
                "18": "[3 3 3]"
            },
            "symbolic": {
                "0": 6,
                "3": 5,
                "6": 4,
                "9": 4,
                "12": 3,
                "15": 3
            },
            "avg_amplitude": {
                "0": 0.8537290207847065,
                "3": 0.2124041347115717,
                "6": -0.26353228854062455,
                "9": -0.5574080248971881,
                "12": -0.7734800489051904,
                "15": -0.9006335445148382
            }
        },
        "11": {
            "avg": -0.0639507,
            "std": 0.0287031472913961,
            "words": {
                "3": "[8 6 5]",
                "6": "[5 5 5]",
                "9": "[5 5 5]",
                "12": "[5 5 5]",
                "15": "[5 5 5]",
                "18": "[5 5 4]"
            },
            "symbolic": {
                "0": 6,
                "3": 5,
                "6": 5,
                "9": 5,
                "12": 5,
                "15": 5
            },
            "avg_amplitude": {
                "0": 0.8336571517799776,
                "3": 0.5043248321391729,
                "6": 0.29608269273597143,
                "9": 0.21352818756383582,
                "12": 0.2616734630143018,
                "15": 0.01382052010618177
            }
        },
        "12": {
            "avg": 1.9496085000000003e-10,
            "std": 1.2036887645214987e-09,
            "words": {
                "3": "[1 6 5]",
                "6": "[5 5 5]",
                "9": "[5 5 6]",
                "12": "[8 7 7]",
                "15": "[7 6 6]",
                "18": "[5 5 6]"
            },
            "symbolic": {
                "0": 5,
                "3": 5,
                "6": 5,
                "9": 7,
                "12": 6,
                "15": 5
            },
            "avg_amplitude": {
                "0": 0.02024686831652911,
                "3": 0.41873266116712493,
                "6": 0.5216118545676748,
                "9": 0.9759364497402995,
                "12": 0.9245988389856401,
                "15": 0.6091607699358386
            }
        },
        "13": {
            "avg": 0.10194240000000002,
            "std": 0.004207090798814981,
            "words": {
                "3": "[5 4 5]",
                "6": "[5 5 5]",
                "9": "[5 5 6]",
                "12": "[6 6 8]",
                "15": "[7 7 7]",
                "18": "[6 5 5]"
            },
            "symbolic": {
                "0": 5,
                "3": 5,
                "6": 5,
                "9": 6,
                "12": 7,
                "15": 5
            },
            "avg_amplitude": {
                "0": 0.1932026143790849,
                "3": 0.42041226747109106,
                "6": 0.6183006535947723,
                "9": 0.8354952237305174,
                "12": 0.9863247863247872,
                "15": 0.5529813976872794
            }
        },
        "14": {
            "avg": 0.03499844999999999,
            "std": 0.003574125693236407,
            "words": {
                "3": "[8 5 5]",
                "6": "[5 5 5]",
                "9": "[4 4 4]",
                "12": "[4 3 3]",
                "15": "[3 3 3]",
                "18": "[2 1 3]"
            },
            "symbolic": {
                "0": 5,
                "3": 5,
                "6": 4,
                "9": 3,
                "12": 3,
                "15": 2
            },
            "avg_amplitude": {
                "0": 0.5754377796746079,
                "3": 0.09666071751894749,
                "6": -0.4894079304725685,
                "9": -0.6992835156876435,
                "12": -0.8764646543027848,
                "15": -0.9565970875042029
            }
        },
        "15": {
            "avg": -0.5019744999999999,
            "std": 0.0046216338817394705,
            "words": {
                "3": "[8 6 5]",
                "6": "[5 5 5]",
                "9": "[4 4 4]",
                "12": "[4 4 4]",
                "15": "[4 4 4]",
                "18": "[4 3 3]"
            },
            "symbolic": {
                "0": 6,
                "3": 5,
                "6": 4,
                "9": 4,
                "12": 4,
                "15": 3
            },
            "avg_amplitude": {
                "0": 0.7850373059084491,
                "3": 0.1393426093970543,
                "6": -0.08610606977213482,
                "9": -0.3377697116354148,
                "12": -0.5144182294817569,
                "15": -0.7313974591651586
            }
        },
        "16": {
            "avg": -1.3535100000000002e-09,
            "std": 1.3478143583672986e-09,
            "words": {
                "3": "[8 5 5]",
                "6": "[6 5 5]",
                "9": "[4 4 3]",
                "12": "[2 1 3]",
                "15": "[3 3 3]",
                "18": "[2 4 3]"
            },
            "symbolic": {
                "0": 6,
                "3": 5,
                "6": 4,
                "9": 3,
                "12": 3,
                "15": 3
            },
            "avg_amplitude": {
                "0": 0.7031638689048761,
                "3": 0.35899440447641884,
                "6": -0.5532374100719424,
                "9": -0.9272581934452436,
                "12": -0.7929176658673059,
                "15": -0.813796962430056
            }
        },
        "17": {
            "avg": 0.007182039999999998,
            "std": 0.009511172509179319,
            "words": {
                "3": "[8 5 5]",
                "6": "[4 4 4]",
                "9": "[4 4 3]",
                "12": "[4 4 4]",
                "15": "[4 4 4]",
                "18": "[4 4 3]"
            },
            "symbolic": {
                "0": 5,
                "3": 4,
                "6": 4,
                "9": 4,
                "12": 4,
                "15": 4
            },
            "avg_amplitude": {
                "0": 0.5314130274304671,
                "3": -0.21805724296463816,
                "6": -0.6021943053964374,
                "9": -0.6430467885890181,
                "12": -0.5298590989359219,
                "15": -0.6103911957248821
            }
        },
        "18": {
            "avg": 0.05851150000000001,
            "std": 0.007334004983994976,
            "words": {
                "3": "[7 8 5]",
                "6": "[5 5 5]",
                "9": "[5 5 5]",
                "12": "[5 5 5]",
                "15": "[5 4 4]",
                "18": "[1 3 3]"
            },
            "symbolic": {
                "0": 6,
                "3": 5,
                "6": 5,
                "9": 5,
                "12": 4,
                "15": 3
            },
            "avg_amplitude": {
                "0": 0.8904416533993754,
                "3": 0.5337578866678461,
                "6": 0.421310218762899,
                "9": 0.4256147178489303,
                "12": -0.32431157497493956,
                "15": -0.9361990683412938
            }
        },
        "19": {
            "avg": -0.42506069999999996,
            "std": 0.12416912645899332,
            "words": {
                "3": "[8 5 5]",
                "6": "[4 4 4]",
                "9": "[3 3 3]",
                "12": "[3 3 3]",
                "15": "[2 2 2]",
                "18": "[2 2 2]"
            },
            "symbolic": {
                "0": 5,
                "3": 4,
                "6": 3,
                "9": 3,
                "12": 2,
                "15": 2
            },
            "avg_amplitude": {
                "0": 0.43466306760139206,
                "3": -0.48452559534299305,
                "6": -0.836852881043156,
                "9": -0.9236631378060892,
                "12": -0.9629920955242358,
                "15": -0.982678065617035
            }
        }
    },
    "Z": {
        "0": {
            "avg": 0.010626464999999998,
            "std": 0.003805787119675702,
            "words": {
                "3": "[1 4 5]",
                "6": "[5 5 6]",
                "9": "[6 8 7]",
                "12": "[6 5 5]",
                "15": "[4 4 4]",
                "18": "[4 5 5]"
            },
            "symbolic": {
                "0": 4,
                "3": 5,
                "6": 6,
                "9": 5,
                "12": 4,
                "15": 4
            },
            "avg_amplitude": {
                "0": -0.4294367299847543,
                "3": 0.5319589233635958,
                "6": 0.9451517940124802,
                "9": 0.5669876065030375,
                "12": -0.09817279474043254,
                "15": -0.009999038553985354
            }
        },
        "1": {
            "avg": 0.23040499999999997,
            "std": 0.045566130715928174,
            "words": {
                "3": "[8 7 6]",
                "6": "[6 6 5]",
                "9": "[5 5 5]",
                "12": "[5 5 5]",
                "15": "[5 5 4]",
                "18": "[4 4 4]"
            },
            "symbolic": {
                "0": 7,
                "3": 5,
                "6": 5,
                "9": 5,
                "12": 5,
                "15": 4
            },
            "avg_amplitude": {
                "0": 0.9576054041462845,
                "3": 0.6748618258052218,
                "6": 0.3761938038667596,
                "9": 0.25260995701247285,
                "12": 0.017555004976388622,
                "15": -0.4529784215318808
            }
        },
        "2": {
            "avg": -0.29133800000000004,
            "std": 0.05060242698569017,
            "words": {
                "3": "[1 2 3]",
                "6": "[3 3 4]",
                "9": "[4 4 4]",
                "12": "[4 4 4]",
                "15": "[4 4 5]",
                "18": "[5 5 5]"
            },
            "symbolic": {
                "0": 2,
                "3": 3,
                "6": 4,
                "9": 4,
                "12": 5,
                "15": 5
            },
            "avg_amplitude": {
                "0": -0.9669063635660714,
                "3": -0.7085363024820227,
                "6": -0.3472125570246655,
                "9": -0.15642155725663065,
                "12": 0.007577514884404168,
                "15": 0.4263898554086443
            }
        },
        "3": {
            "avg": -0.26571200000000006,
            "std": 0.0410027929215611,
            "words": {
                "3": "[4 3 3]",
                "6": "[3 3 3]",
                "9": "[3 2 1]",
                "12": "[2 2 3]",
                "15": "[3 4 4]",
                "18": "[5 6 6]"
            },
            "symbolic": {
                "0": 4,
                "3": 3,
                "6": 2,
                "9": 3,
                "12": 4,
                "15": 5
            },
            "avg_amplitude": {
                "0": -0.6401618787049705,
                "3": -0.7996466028271776,
                "6": -0.960556315549476,
                "9": -0.922765617875057,
                "12": -0.42287961696306436,
                "15": 0.6095531235750111
            }
        },
        "4": {
            "avg": -0.0022942090000000006,
            "std": 0.004799414573020887,
            "words": {
                "3": "[1 3 3]",
                "6": "[4 4 4]",
                "9": "[4 4 4]",
                "12": "[4 4 4]",
                "15": "[4 4 4]",
                "18": "[5 5 5]"
            },
            "symbolic": {
                "0": 3,
                "3": 4,
                "6": 4,
                "9": 4,
                "12": 4,
                "15": 5
            },
            "avg_amplitude": {
                "0": -0.9176942526589075,
                "3": -0.3091912417632917,
                "6": -0.12375156312078539,
                "9": -0.4127719097811538,
                "12": -0.29238002647464306,
                "15": 0.33613532460732043
            }
        },
        "5": {
            "avg": -0.28148624999999994,
            "std": 0.112407254622539,
            "words": {
                "3": "[4 4 3]",
                "6": "[3 3 2]",
                "9": "[3 2 2]",
                "12": "[1 2 4]",
                "15": "[4 4 5]",
                "18": "[5 5 5]"
            },
            "symbolic": {
                "0": 4,
                "3": 3,
                "6": 2,
                "9": 3,
                "12": 4,
                "15": 5
            },
            "avg_amplitude": {
                "0": -0.5159867100504014,
                "3": -0.8440737523495431,
                "6": -0.965960454056919,
                "9": -0.8341799050858104,
                "12": -0.21475439603853494,
                "15": 0.4600099134779132
            }
        },
        "6": {
            "avg": -0.22514539999999994,
            "std": 0.16402386725022353,
            "words": {
                "3": "[4 3 3]",
                "6": "[3 2 1]",
                "9": "[3 3 3]",
                "12": "[4 4 4]",
                "15": "[5 5 6]",
                "18": "[6 7 8]"
            },
            "symbolic": {
                "0": 3,
                "3": 2,
                "6": 3,
                "9": 4,
                "12": 5,
                "15": 6
            },
            "avg_amplitude": {
                "0": -0.7520681721670043,
                "3": -0.9611690791931421,
                "6": -0.8461005537498852,
                "9": -0.4330390892479275,
                "12": 0.46385204698868826,
                "15": 0.9496181898962991
            }
        },
        "7": {
            "avg": -0.05450029999999999,
            "std": 0.08125820555494365,
            "words": {
                "3": "[4 4 4]",
                "6": "[4 4 4]",
                "9": "[3 1 3]",
                "12": "[4 4 5]",
                "15": "[5 5 5]",
                "18": "[6 8 6]"
            },
            "symbolic": {
                "0": 4,
                "3": 4,
                "6": 3,
                "9": 4,
                "12": 5,
                "15": 6
            },
            "avg_amplitude": {
                "0": -0.35817866509205604,
                "3": -0.446066931584239,
                "6": -0.8245054074038611,
                "9": -0.25928408419910304,
                "12": 0.49484261874744,
                "15": 0.9384252831373049
            }
        },
        "8": {
            "avg": 0.0014141254999999998,
            "std": 0.004172254215138603,
            "words": {
                "3": "[7 6 8]",
                "6": "[6 5 5]",
                "9": "[5 5 5]",
                "12": "[6 6 6]",
                "15": "[6 6 5]",
                "18": "[5 5 4]"
            },
            "symbolic": {
                "0": 6,
                "3": 5,
                "6": 5,
                "9": 6,
                "12": 6,
                "15": 5
            },
            "avg_amplitude": {
                "0": 0.9259804144940554,
                "3": 0.6499779755278821,
                "6": 0.4980073819954824,
                "9": 0.7736274848052842,
                "12": 0.6838327355262329,
                "15": 0.0707061501439729
            }
        },
        "9": {
            "avg": -0.10914300000000002,
            "std": 0.030557510874449592,
            "words": {
                "3": "[6 8 5]",
                "6": "[4 4 3]",
                "9": "[3 3 3]",
                "12": "[3 3 2]",
                "15": "[2 1 2]",
                "18": "[3 3 3]"
            },
            "symbolic": {
                "0": 6,
                "3": 4,
                "6": 3,
                "9": 3,
                "12": 2,
                "15": 3
            },
            "avg_amplitude": {
                "0": 0.8202076992447301,
                "3": -0.4298345733288242,
                "6": -0.9223593732386428,
                "9": -0.9523729004621798,
                "12": -0.9863318678841165,
                "15": -0.880298162552136
            }
        },
        "10": {
            "avg": -0.1781535,
            "std": 0.00962244157384732,
            "words": {
                "3": "[6 8 6]",
                "6": "[5 5 5]",
                "9": "[4 4 4]",
                "12": "[4 4 4]",
                "15": "[3 3 3]",
                "18": "[3 3 3]"
            },
            "symbolic": {
                "0": 6,
                "3": 5,
                "6": 4,
                "9": 4,
                "12": 3,
                "15": 3
            },
            "avg_amplitude": {
                "0": 0.8537290207847065,
                "3": 0.2124041347115717,
                "6": -0.26353228854062455,
                "9": -0.5574080248971881,
                "12": -0.7734800489051904,
                "15": -0.9006335445148382
            }
        },
        "11": {
            "avg": -0.0639507,
            "std": 0.0287031472913961,
            "words": {
                "3": "[8 6 5]",
                "6": "[5 5 5]",
                "9": "[5 5 5]",
                "12": "[5 5 5]",
                "15": "[5 5 5]",
                "18": "[5 5 4]"
            },
            "symbolic": {
                "0": 6,
                "3": 5,
                "6": 5,
                "9": 5,
                "12": 5,
                "15": 5
            },
            "avg_amplitude": {
                "0": 0.8336571517799776,
                "3": 0.5043248321391729,
                "6": 0.29608269273597143,
                "9": 0.21352818756383582,
                "12": 0.2616734630143018,
                "15": 0.01382052010618177
            }
        },
        "12": {
            "avg": 1.9496085000000003e-10,
            "std": 1.2036887645214987e-09,
            "words": {
                "3": "[1 6 5]",
                "6": "[5 5 5]",
                "9": "[5 5 6]",
                "12": "[8 7 7]",
                "15": "[7 6 6]",
                "18": "[5 5 6]"
            },
            "symbolic": {
                "0": 5,
                "3": 5,
                "6": 5,
                "9": 7,
                "12": 6,
                "15": 5
            },
            "avg_amplitude": {
                "0": 0.02024686831652911,
                "3": 0.41873266116712493,
                "6": 0.5216118545676748,
                "9": 0.9759364497402995,
                "12": 0.9245988389856401,
                "15": 0.6091607699358386
            }
        },
        "13": {
            "avg": 0.10194240000000002,
            "std": 0.004207090798814981,
            "words": {
                "3": "[5 4 5]",
                "6": "[5 5 5]",
                "9": "[5 5 6]",
                "12": "[6 6 8]",
                "15": "[7 7 7]",
                "18": "[6 5 5]"
            },
            "symbolic": {
                "0": 5,
                "3": 5,
                "6": 5,
                "9": 6,
                "12": 7,
                "15": 5
            },
            "avg_amplitude": {
                "0": 0.1932026143790849,
                "3": 0.42041226747109106,
                "6": 0.6183006535947723,
                "9": 0.8354952237305174,
                "12": 0.9863247863247872,
                "15": 0.5529813976872794
            }
        },
        "14": {
            "avg": 0.03499844999999999,
            "std": 0.003574125693236407,
            "words": {
                "3": "[8 5 5]",
                "6": "[5 5 5]",
                "9": "[4 4 4]",
                "12": "[4 3 3]",
                "15": "[3 3 3]",
                "18": "[2 1 3]"
            },
            "symbolic": {
                "0": 5,
                "3": 5,
                "6": 4,
                "9": 3,
                "12": 3,
                "15": 2
            },
            "avg_amplitude": {
                "0": 0.5754377796746079,
                "3": 0.09666071751894749,
                "6": -0.4894079304725685,
                "9": -0.6992835156876435,
                "12": -0.8764646543027848,
                "15": -0.9565970875042029
            }
        },
        "15": {
            "avg": -0.5019744999999999,
            "std": 0.0046216338817394705,
            "words": {
                "3": "[8 6 5]",
                "6": "[5 5 5]",
                "9": "[4 4 4]",
                "12": "[4 4 4]",
                "15": "[4 4 4]",
                "18": "[4 3 3]"
            },
            "symbolic": {
                "0": 6,
                "3": 5,
                "6": 4,
                "9": 4,
                "12": 4,
                "15": 3
            },
            "avg_amplitude": {
                "0": 0.7850373059084491,
                "3": 0.1393426093970543,
                "6": -0.08610606977213482,
                "9": -0.3377697116354148,
                "12": -0.5144182294817569,
                "15": -0.7313974591651586
            }
        },
        "16": {
            "avg": -1.3535100000000002e-09,
            "std": 1.3478143583672986e-09,
            "words": {
                "3": "[8 5 5]",
                "6": "[6 5 5]",
                "9": "[4 4 3]",
                "12": "[2 1 3]",
                "15": "[3 3 3]",
                "18": "[2 4 3]"
            },
            "symbolic": {
                "0": 6,
                "3": 5,
                "6": 4,
                "9": 3,
                "12": 3,
                "15": 3
            },
            "avg_amplitude": {
                "0": 0.7031638689048761,
                "3": 0.35899440447641884,
                "6": -0.5532374100719424,
                "9": -0.9272581934452436,
                "12": -0.7929176658673059,
                "15": -0.813796962430056
            }
        },
        "17": {
            "avg": 0.007182039999999998,
            "std": 0.009511172509179319,
            "words": {
                "3": "[8 5 5]",
                "6": "[4 4 4]",
                "9": "[4 4 3]",
                "12": "[4 4 4]",
                "15": "[4 4 4]",
                "18": "[4 4 3]"
            },
            "symbolic": {
                "0": 5,
                "3": 4,
                "6": 4,
                "9": 4,
                "12": 4,
                "15": 4
            },
            "avg_amplitude": {
                "0": 0.5314130274304671,
                "3": -0.21805724296463816,
                "6": -0.6021943053964374,
                "9": -0.6430467885890181,
                "12": -0.5298590989359219,
                "15": -0.6103911957248821
            }
        },
        "18": {
            "avg": 0.05851150000000001,
            "std": 0.007334004983994976,
            "words": {
                "3": "[7 8 5]",
                "6": "[5 5 5]",
                "9": "[5 5 5]",
                "12": "[5 5 5]",
                "15": "[5 4 4]",
                "18": "[1 3 3]"
            },
            "symbolic": {
                "0": 6,
                "3": 5,
                "6": 5,
                "9": 5,
                "12": 4,
                "15": 3
            },
            "avg_amplitude": {
                "0": 0.8904416533993754,
                "3": 0.5337578866678461,
                "6": 0.421310218762899,
                "9": 0.4256147178489303,
                "12": -0.32431157497493956,
                "15": -0.9361990683412938
            }
        },
        "19": {
            "avg": -0.42506069999999996,
            "std": 0.12416912645899332,
            "words": {
                "3": "[8 5 5]",
                "6": "[4 4 4]",
                "9": "[3 3 3]",
                "12": "[3 3 3]",
                "15": "[2 2 2]",
                "18": "[2 2 2]"
            },
            "symbolic": {
                "0": 5,
                "3": 4,
                "6": 3,
                "9": 3,
                "12": 2,
                "15": 2
            },
            "avg_amplitude": {
                "0": 0.43466306760139206,
                "3": -0.48452559534299305,
                "6": -0.836852881043156,
                "9": -0.9236631378060892,
                "12": -0.9629920955242358,
                "15": -0.982678065617035
            }
        }
    }
}