{
    "W": {
        "0": {
            "avg": -0.01660045,
            "std": 0.004701802389062037,
            "words": {
                "3": "[8 6 6]",
                "6": "[5 5 5]",
                "9": "[5 5 5]",
                "12": "[4 4 3]",
                "15": "[4 3 3]",
                "18": "[2 1 2]"
            },
            "symbolic": {
                "0": 6,
                "3": 5,
                "6": 5,
                "9": 4,
                "12": 3,
                "15": 2
            },
            "avg_amplitude": {
                "0": 0.8968570332487316,
                "3": 0.4672936848496858,
                "6": 0.07731276469796167,
                "9": -0.4649512587364617,
                "12": -0.8232255868133095,
                "15": -0.9931912125993053
            }
        },
        "1": {
            "avg": 0.2788325,
            "std": 0.00353454512073708,
            "words": {
                "3": "[3 4 4]",
                "6": "[5 6 6]",
                "9": "[6 5 5]",
                "12": "[8 6 6]",
                "15": "[6 6 6]",
                "18": "[5 5 5]"
            },
            "symbolic": {
                "0": 4,
                "3": 5,
                "6": 5,
                "9": 6,
                "12": 6,
                "15": 5
            },
            "avg_amplitude": {
                "0": -0.3952546296296274,
                "3": 0.6736111111111116,
                "6": 0.6603009259259293,
                "9": 0.9045138888888896,
                "12": 0.8692129629629637,
                "15": 0.18344907407407485
            }
        },
        "2": {
            "avg": -0.34502150000000004,
            "std": 0.0014484193744252842,
            "words": {
                "3": "[8 6 5]",
                "6": "[5 5 5]",
                "9": "[5 5 5]",
                "12": "[4 4 4]",
                "15": "[4 4 2]",
                "18": "[4 3 1]"
            },
            "symbolic": {
                "0": 6,
                "3": 5,
                "6": 5,
                "9": 4,
                "12": 4,
                "15": 3
            },
            "avg_amplitude": {
                "0": 0.6941323345817724,
                "3": 0.22971285892634255,
                "6": 0.07240948813982125,
                "9": -0.13857677902620993,
                "12": -0.49188514357053564,
                "15": -0.8576779026217264
            }
        },
        "3": {
            "avg": -0.07061315,
            "std": 0.019522023369773947,
            "words": {
                "3": "[5 4 4]",
                "6": "[4 4 4]",
                "9": "[4 4 3]",
                "12": "[3 3 1]",
                "15": "[2 3 4]",
                "18": "[4 5 7]"
            },
            "symbolic": {
                "0": 4,
                "3": 4,
                "6": 4,
                "9": 3,
                "12": 3,
                "15": 5
            },
            "avg_amplitude": {
                "0": -0.1349933733180583,
                "3": -0.39445605049756277,
                "6": -0.5928072421771456,
                "9": -0.9187276770671876,
                "12": -0.8417346182357303,
                "15": 0.4559606442482648
            }
        },
        "4": {
            "avg": -0.010717550000000001,
            "std": 0.001283849230162745,
            "words": {
                "3": "[4 1 4]",
                "6": "[4 4 4]",
                "9": "[4 4 4]",
                "12": "[4 4 4]",
                "15": "[4 4 4]",
                "18": "[4 5 5]"
            },
            "symbolic": {
                "0": 4,
                "3": 4,
                "6": 4,
                "9": 4,
                "12": 4,
                "15": 5
            },
            "avg_amplitude": {
                "0": -0.5178415342691142,
                "3": -0.4029256002879325,
                "6": -0.5531903953930791,
                "9": -0.5699007661062263,
                "12": -0.5501054038768062,
                "15": 0.09666306750989755
            }
        },
        "5": {
            "avg": -0.21673036000000004,
            "std": 0.11167640768267839,
            "words": {
                "3": "[4 3 3]",
                "6": "[2 1 2]",
                "9": "[3 3 3]",
                "12": "[4 3 4]",
                "15": "[4 4 5]",
                "18": "[5 5 6]"
            },
            "symbolic": {
                "0": 3,
                "3": 2,
                "6": 3,
                "9": 4,
                "12": 4,
                "15": 5
            },
            "avg_amplitude": {
                "0": -0.7518031519037205,
                "3": -0.9833587557876385,
                "6": -0.7977618227429136,
                "9": -0.5855909654264635,
                "12": -0.11284746106880043,
                "15": 0.5322801087868773
            }
        },
        "6": {
            "avg": -0.257974615,
            "std": 0.21156629064090496,
            "words": {
                "3": "[5 5 5]",
                "6": "[4 4 3]",
                "9": "[3 1 3]",
                "12": "[3 4 5]",
                "15": "[5 5 6]",
                "18": "[6 7 8]"
            },
            "symbolic": {
                "0": 5,
                "3": 4,
                "6": 2,
                "9": 4,
                "12": 5,
                "15": 7
            },
            "avg_amplitude": {
                "0": 0.29943436061572853,
                "3": -0.5075031834154681,
                "6": -0.956059195330634,
                "9": -0.38402916954524796,
                "12": 0.6172979321189233,
                "15": 0.9778555746765273
            }
        },
        "7": {
            "avg": -0.06450726999999999,
            "std": 0.0985503607554886,
            "words": {
                "3": "[5 5 4]",
                "6": "[4 4 4]",
                "9": "[3 3 1]",
                "12": "[3 4 4]",
                "15": "[5 5 6]",
                "18": "[8 7 6]"
            },
            "symbolic": {
                "0": 5,
                "3": 4,
                "6": 3,
                "9": 4,
                "12": 5,
                "15": 7
            },
            "avg_amplitude": {
                "0": 0.21451744928925084,
                "3": -0.5609976441463026,
                "6": -0.888720851301709,
                "9": -0.45926419501677057,
                "12": 0.5780591159559175,
                "15": 0.9726880689985625
            }
        },
        "8": {
            "avg": 0.012005709999999998,
            "std": 0.0012178672786128167,
            "words": {
                "3": "[4 4 4]",
                "6": "[4 5 8]",
                "9": "[6 6 6]",
                "12": "[6 6 6]",
                "15": "[6 6 6]",
                "18": "[5 5 4]"
            },
            "symbolic": {
                "0": 4,
                "3": 5,
                "6": 6,
                "9": 6,
                "12": 6,
                "15": 5
            },
            "avg_amplitude": {
                "0": -0.3702667909619568,
                "3": 0.4598481821813823,
                "6": 0.8455187108802774,
                "9": 0.7883428774359661,
                "12": 0.8446308873795899,
                "15": 0.07524304168331375
            }
        },
        "9": {
            "avg": -0.040628770999999994,
            "std": 0.04269686232800003,
            "words": {
                "3": "[6 6 8]",
                "6": "[5 6 6]",
                "9": "[6 5 6]",
                "12": "[5 5 5]",
                "15": "[4 4 4]",
                "18": "[4 3 3]"
            },
            "symbolic": {
                "0": 6,
                "3": 5,
                "6": 6,
                "9": 5,
                "12": 4,
                "15": 3
            },
            "avg_amplitude": {
                "0": 0.9449909809345854,
                "3": 0.6383136369886838,
                "6": 0.6868471558262623,
                "9": 0.20298424562056297,
                "12": -0.16843407993399498,
                "15": -0.7082244709219401
            }
        },
        "10": {
            "avg": -0.1472305,
            "std": 0.029809534235136746,
            "words": {
                "3": "[8 7 6]",
                "6": "[5 5 6]",
                "9": "[6 5 5]",
                "12": "[5 4 5]",
                "15": "[4 4 4]",
                "18": "[3 1 3]"
            },
            "symbolic": {
                "0": 6,
                "3": 5,
                "6": 5,
                "9": 5,
                "12": 4,
                "15": 3
            },
            "avg_amplitude": {
                "0": 0.9479571984435795,
                "3": 0.6566958495460442,
                "6": 0.5440985732814526,
                "9": 0.04077496757457847,
                "12": -0.37273022049286636,
                "15": -0.9373378728923472
            }
        },
        "11": {
            "avg": -0.04632495,
            "std": 0.013119518847383166,
            "words": {
                "3": "[8 6 7]",
                "6": "[5 5 5]",
                "9": "[5 4 4]",
                "12": "[4 1 3]",
                "15": "[3 4 5]",
                "18": "[5 6 6]"
            },
            "symbolic": {
                "0": 7,
                "3": 5,
                "6": 4,
                "9": 3,
                "12": 4,
                "15": 6
            },
            "avg_amplitude": {
                "0": 0.9655160129671191,
                "3": 0.34906130882405306,
                "6": -0.14078586441523308,
                "9": -0.8058138292187668,
                "12": -0.19696483915784987,
                "15": 0.7778846496384165
            }
        },
        "12": {
            "avg": 1.6191911999999998e-10,
            "std": 3.900570037714104e-10,
            "words": {
                "3": "[4 5 5]",
                "6": "[5 5 6]",
                "9": "[8 5 1]",
                "12": "[4 4 4]",
                "15": "[4 4 4]",
                "18": "[5 5 5]"
            },
            "symbolic": {
                "0": 5,
                "3": 6,
                "6": 5,
                "9": 4,
                "12": 4,
                "15": 5
            },
            "avg_amplitude": {
                "0": 0.19742347543544067,
                "3": 0.694160724993675,
                "6": 0.18407930464994435,
                "9": -0.2264186802612941,
                "12": -0.20463540141404837,
                "15": 0.1910945627466567
            }
        },
        "13": {
            "avg": 0.1143895,
            "std": 0.0024870834218755963,
            "words": {
                "3": "[3 4 5]",
                "6": "[5 8 5]",
                "9": "[5 5 4]",
                "12": "[4 5 5]",
                "15": "[5 5 4]",
                "18": "[4 4 4]"
            },
            "symbolic": {
                "0": 4,
                "3": 5,
                "6": 5,
                "9": 5,
                "12": 5,
                "15": 4
            },
            "avg_amplitude": {
                "0": -0.2225538971807642,
                "3": 0.5184079601990053,
                "6": 0.1502487562189054,
                "9": 0.09585406301824011,
                "12": 0.02421227197346491,
                "15": -0.3505804311774477
            }
        },
        "14": {
            "avg": 0.0386888,
            "std": 0.001734900440037441,
            "words": {
                "3": "[4 4 4]",
                "6": "[3 2 1]",
                "9": "[3 4 4]",
                "12": "[6 8 5]",
                "15": "[5 5 5]",
                "18": "[5 5 5]"
            },
            "symbolic": {
                "0": 4,
                "3": 3,
                "6": 4,
                "9": 6,
                "12": 5,
                "15": 5
            },
            "avg_amplitude": {
                "0": -0.350192837465564,
                "3": -0.9058953168044077,
                "6": -0.4482644628099169,
                "9": 0.7706887052341607,
                "12": 0.396914600550965,
                "15": 0.12253443526170815
            }
        },
        "15": {
            "avg": -0.49256599999999995,
            "std": 0.0014545623324379617,
            "words": {
                "3": "[3 4 5]",
                "6": "[5 5 5]",
                "9": "[5 5 6]",
                "12": "[6 8 7]",
                "15": "[6 6 5]",
                "18": "[5 4 3]"
            },
            "symbolic": {
                "0": 4,
                "3": 5,
                "6": 5,
                "9": 7,
                "12": 6,
                "15": 4
            },
            "avg_amplitude": {
                "0": -0.35058823529413474,
                "3": 0.2721568627450721,
                "6": 0.5905882352940856,
                "9": 0.9576470588235134,
                "12": 0.8070588235293771,
                "15": -0.2078431372549341
            }
        },
        "16": {
            "avg": 1.0372326e-09,
            "std": 7.488274370668768e-10,
            "words": {
                "3": "[1 3 3]",
                "6": "[3 4 5]",
                "9": "[6 5 5]",
                "12": "[4 6 5]",
                "15": "[5 5 5]",
                "18": "[6 8 6]"
            },
            "symbolic": {
                "0": 3,
                "3": 4,
                "6": 5,
                "9": 5,
                "12": 5,
                "15": 6
            },
            "avg_amplitude": {
                "0": -0.9392385210290062,
                "3": -0.27971011880081487,
                "6": 0.4024505297062129,
                "9": 0.43040808109943357,
                "12": 0.44833035880610317,
                "15": 0.859175665362682
            }
        },
        "17": {
            "avg": 0.07299930000000002,
            "std": 0.0035575743673108744,
            "words": {
                "3": "[8 6 5]",
                "6": "[4 4 2]",
                "9": "[3 1 2]",
                "12": "[3 3 3]",
                "15": "[4 4 4]",
                "18": "[4 4 4]"
            },
            "symbolic": {
                "0": 6,
                "3": 4,
                "6": 2,
                "9": 3,
                "12": 4,
                "15": 4
            },
            "avg_amplitude": {
                "0": 0.7152681883410494,
                "3": -0.4698508109278962,
                "6": -0.981155064576395,
                "9": -0.8938077058457203,
                "12": -0.5348333468713617,
                "15": -0.2821595862778552
            }
        },
        "18": {
            "avg": 0.05058965,
            "std": 0.0032443235979006074,
            "words": {
                "3": "[5 5 5]",
                "6": "[5 7 8]",
                "9": "[6 7 6]",
                "12": "[6 5 5]",
                "15": "[5 4 4]",
                "18": "[4 4 3]"
            },
            "symbolic": {
                "0": 5,
                "3": 6,
                "6": 6,
                "9": 5,
                "12": 4,
                "15": 4
            },
            "avg_amplitude": {
                "0": 0.2677336086732058,
                "3": 0.8491137497848916,
                "6": 0.8758905524006195,
                "9": 0.5635863018413355,
                "12": -0.20881087592496952,
                "15": -0.5816210635002586
            }
        },
        "19": {
            "avg": -0.4996709999999999,
            "std": 0.003913060318041551,
            "words": {
                "3": "[8 6 5]",
                "6": "[5 5 5]",
                "9": "[5 4 4]",
                "12": "[4 4 4]",
                "15": "[4 4 4]",
                "18": "[4 4 4]"
            },
            "symbolic": {
                "0": 6,
                "3": 5,
                "6": 5,
                "9": 4,
                "12": 4,
                "15": 4
            },
            "avg_amplitude": {
                "0": 0.824490709648536,
                "3": 0.36646518916498866,
                "6": 0.0199238862771437,
                "9": -0.09693306469666507,
                "12": -0.3140810387284536,
                "15": -0.5348108350123141
            }
        }
    },
    "X": {
        "0": {
            "avg": -0.01660045,
            "std": 0.004701802389062037,
            "words": {
                "3": "[8 6 6]",
                "6": "[5 5 5]",
                "9": "[5 5 5]",
                "12": "[4 4 3]",
                "15": "[4 3 3]",
                "18": "[2 1 2]"
            },
            "symbolic": {
                "0": 6,
                "3": 5,
                "6": 5,
                "9": 4,
                "12": 3,
                "15": 2
            },
            "avg_amplitude": {
                "0": 0.8968570332487316,
                "3": 0.4672936848496858,
                "6": 0.07731276469796167,
                "9": -0.4649512587364617,
                "12": -0.8232255868133095,
                "15": -0.9931912125993053
            }
        },
        "1": {
            "avg": 0.2788325,
            "std": 0.00353454512073708,
            "words": {
                "3": "[3 4 4]",
                "6": "[5 6 6]",
                "9": "[6 5 5]",
                "12": "[8 6 6]",
                "15": "[6 6 6]",
                "18": "[5 5 5]"
            },
            "symbolic": {
                "0": 4,
                "3": 5,
                "6": 5,
                "9": 6,
                "12": 6,
                "15": 5
            },
            "avg_amplitude": {
                "0": -0.3952546296296274,
                "3": 0.6736111111111116,
                "6": 0.6603009259259293,
                "9": 0.9045138888888896,
                "12": 0.8692129629629637,
                "15": 0.18344907407407485
            }
        },
        "2": {
            "avg": -0.34502150000000004,
            "std": 0.0014484193744252842,
            "words": {
                "3": "[8 6 5]",
                "6": "[5 5 5]",
                "9": "[5 5 5]",
                "12": "[4 4 4]",
                "15": "[4 4 2]",
                "18": "[4 3 1]"
            },
            "symbolic": {
                "0": 6,
                "3": 5,
                "6": 5,
                "9": 4,
                "12": 4,
                "15": 3
            },
            "avg_amplitude": {
                "0": 0.6941323345817724,
                "3": 0.22971285892634255,
                "6": 0.07240948813982125,
                "9": -0.13857677902620993,
                "12": -0.49188514357053564,
                "15": -0.8576779026217264
            }
        },
        "3": {
            "avg": -0.07061315,
            "std": 0.019522023369773947,
            "words": {
                "3": "[5 4 4]",
                "6": "[4 4 4]",
                "9": "[4 4 3]",
                "12": "[3 3 1]",
                "15": "[2 3 4]",
                "18": "[4 5 7]"
            },
            "symbolic": {
                "0": 4,
                "3": 4,
                "6": 4,
                "9": 3,
                "12": 3,
                "15": 5
            },
            "avg_amplitude": {
                "0": -0.1349933733180583,
                "3": -0.39445605049756277,
                "6": -0.5928072421771456,
                "9": -0.9187276770671876,
                "12": -0.8417346182357303,
                "15": 0.4559606442482648
            }
        },
        "4": {
            "avg": -0.010717550000000001,
            "std": 0.001283849230162745,
            "words": {
                "3": "[4 1 4]",
                "6": "[4 4 4]",
                "9": "[4 4 4]",
                "12": "[4 4 4]",
                "15": "[4 4 4]",
                "18": "[4 5 5]"
            },
            "symbolic": {
                "0": 4,
                "3": 4,
                "6": 4,
                "9": 4,
                "12": 4,
                "15": 5
            },
            "avg_amplitude": {
                "0": -0.5178415342691142,
                "3": -0.4029256002879325,
                "6": -0.5531903953930791,
                "9": -0.5699007661062263,
                "12": -0.5501054038768062,
                "15": 0.09666306750989755
            }
        },
        "5": {
            "avg": -0.21673036000000004,
            "std": 0.11167640768267839,
            "words": {
                "3": "[4 3 3]",
                "6": "[2 1 2]",
                "9": "[3 3 3]",
                "12": "[4 3 4]",
                "15": "[4 4 5]",
                "18": "[5 5 6]"
            },
            "symbolic": {
                "0": 3,
                "3": 2,
                "6": 3,
                "9": 4,
                "12": 4,
                "15": 5
            },
            "avg_amplitude": {
                "0": -0.7518031519037205,
                "3": -0.9833587557876385,
                "6": -0.7977618227429136,
                "9": -0.5855909654264635,
                "12": -0.11284746106880043,
                "15": 0.5322801087868773
            }
        },
        "6": {
            "avg": -0.257974615,
            "std": 0.21156629064090496,
            "words": {
                "3": "[5 5 5]",
                "6": "[4 4 3]",
                "9": "[3 1 3]",
                "12": "[3 4 5]",
                "15": "[5 5 6]",
                "18": "[6 7 8]"
            },
            "symbolic": {
                "0": 5,
                "3": 4,
                "6": 2,
                "9": 4,
                "12": 5,
                "15": 7
            },
            "avg_amplitude": {
                "0": 0.29943436061572853,
                "3": -0.5075031834154681,
                "6": -0.956059195330634,
                "9": -0.38402916954524796,
                "12": 0.6172979321189233,
                "15": 0.9778555746765273
            }
        },
        "7": {
            "avg": -0.06450726999999999,
            "std": 0.0985503607554886,
            "words": {
                "3": "[5 5 4]",
                "6": "[4 4 4]",
                "9": "[3 3 1]",
                "12": "[3 4 4]",
                "15": "[5 5 6]",
                "18": "[8 7 6]"
            },
            "symbolic": {
                "0": 5,
                "3": 4,
                "6": 3,
                "9": 4,
                "12": 5,
                "15": 7
            },
            "avg_amplitude": {
                "0": 0.21451744928925084,
                "3": -0.5609976441463026,
                "6": -0.888720851301709,
                "9": -0.45926419501677057,
                "12": 0.5780591159559175,
                "15": 0.9726880689985625
            }
        },
        "8": {
            "avg": 0.012005709999999998,
            "std": 0.0012178672786128167,
            "words": {
                "3": "[4 4 4]",
                "6": "[4 5 8]",
                "9": "[6 6 6]",
                "12": "[6 6 6]",
                "15": "[6 6 6]",
                "18": "[5 5 4]"
            },
            "symbolic": {
                "0": 4,
                "3": 5,
                "6": 6,
                "9": 6,
                "12": 6,
                "15": 5
            },
            "avg_amplitude": {
                "0": -0.3702667909619568,
                "3": 0.4598481821813823,
                "6": 0.8455187108802774,
                "9": 0.7883428774359661,
                "12": 0.8446308873795899,
                "15": 0.07524304168331375
            }
        },
        "9": {
            "avg": -0.040628770999999994,
            "std": 0.04269686232800003,
            "words": {
                "3": "[6 6 8]",
                "6": "[5 6 6]",
                "9": "[6 5 6]",
                "12": "[5 5 5]",
                "15": "[4 4 4]",
                "18": "[4 3 3]"
            },
            "symbolic": {
                "0": 6,
                "3": 5,
                "6": 6,
                "9": 5,
                "12": 4,
                "15": 3
            },
            "avg_amplitude": {
                "0": 0.9449909809345854,
                "3": 0.6383136369886838,
                "6": 0.6868471558262623,
                "9": 0.20298424562056297,
                "12": -0.16843407993399498,
                "15": -0.7082244709219401
            }
        },
        "10": {
            "avg": -0.1472305,
            "std": 0.029809534235136746,
            "words": {
                "3": "[8 7 6]",
                "6": "[5 5 6]",
                "9": "[6 5 5]",
                "12": "[5 4 5]",
                "15": "[4 4 4]",
                "18": "[3 1 3]"
            },
            "symbolic": {
                "0": 6,
                "3": 5,
                "6": 5,
                "9": 5,
                "12": 4,
                "15": 3
            },
            "avg_amplitude": {
                "0": 0.9479571984435795,
                "3": 0.6566958495460442,
                "6": 0.5440985732814526,
                "9": 0.04077496757457847,
                "12": -0.37273022049286636,
                "15": -0.9373378728923472
            }
        },
        "11": {
            "avg": -0.04632495,
            "std": 0.013119518847383166,
            "words": {
                "3": "[8 6 7]",
                "6": "[5 5 5]",
                "9": "[5 4 4]",
                "12": "[4 1 3]",
                "15": "[3 4 5]",
                "18": "[5 6 6]"
            },
            "symbolic": {
                "0": 7,
                "3": 5,
                "6": 4,
                "9": 3,
                "12": 4,
                "15": 6
            },
            "avg_amplitude": {
                "0": 0.9655160129671191,
                "3": 0.34906130882405306,
                "6": -0.14078586441523308,
                "9": -0.8058138292187668,
                "12": -0.19696483915784987,
                "15": 0.7778846496384165
            }
        },
        "12": {
            "avg": 1.6191911999999998e-10,
            "std": 3.900570037714104e-10,
            "words": {
                "3": "[4 5 5]",
                "6": "[5 5 6]",
                "9": "[8 5 1]",
                "12": "[4 4 4]",
                "15": "[4 4 4]",
                "18": "[5 5 5]"
            },
            "symbolic": {
                "0": 5,
                "3": 6,
                "6": 5,
                "9": 4,
                "12": 4,
                "15": 5
            },
            "avg_amplitude": {
                "0": 0.19742347543544067,
                "3": 0.694160724993675,
                "6": 0.18407930464994435,
                "9": -0.2264186802612941,
                "12": -0.20463540141404837,
                "15": 0.1910945627466567
            }
        },
        "13": {
            "avg": 0.1143895,
            "std": 0.0024870834218755963,
            "words": {
                "3": "[3 4 5]",
                "6": "[5 8 5]",
                "9": "[5 5 4]",
                "12": "[4 5 5]",
                "15": "[5 5 4]",
                "18": "[4 4 4]"
            },
            "symbolic": {
                "0": 4,
                "3": 5,
                "6": 5,
                "9": 5,
                "12": 5,
                "15": 4
            },
            "avg_amplitude": {
                "0": -0.2225538971807642,
                "3": 0.5184079601990053,
                "6": 0.1502487562189054,
                "9": 0.09585406301824011,
                "12": 0.02421227197346491,
                "15": -0.3505804311774477
            }
        },
        "14": {
            "avg": 0.0386888,
            "std": 0.001734900440037441,
            "words": {
                "3": "[4 4 4]",
                "6": "[3 2 1]",
                "9": "[3 4 4]",
                "12": "[6 8 5]",
                "15": "[5 5 5]",
                "18": "[5 5 5]"
            },
            "symbolic": {
                "0": 4,
                "3": 3,
                "6": 4,
                "9": 6,
                "12": 5,
                "15": 5
            },
            "avg_amplitude": {
                "0": -0.350192837465564,
                "3": -0.9058953168044077,
                "6": -0.4482644628099169,
                "9": 0.7706887052341607,
                "12": 0.396914600550965,
                "15": 0.12253443526170815
            }
        },
        "15": {
            "avg": -0.49256599999999995,
            "std": 0.0014545623324379617,
            "words": {
                "3": "[3 4 5]",
                "6": "[5 5 5]",
                "9": "[5 5 6]",
                "12": "[6 8 7]",
                "15": "[6 6 5]",
                "18": "[5 4 3]"
            },
            "symbolic": {
                "0": 4,
                "3": 5,
                "6": 5,
                "9": 7,
                "12": 6,
                "15": 4
            },
            "avg_amplitude": {
                "0": -0.35058823529413474,
                "3": 0.2721568627450721,
                "6": 0.5905882352940856,
                "9": 0.9576470588235134,
                "12": 0.8070588235293771,
                "15": -0.2078431372549341
            }
        },
        "16": {
            "avg": 1.0372326e-09,
            "std": 7.488274370668768e-10,
            "words": {
                "3": "[1 3 3]",
                "6": "[3 4 5]",
                "9": "[6 5 5]",
                "12": "[4 6 5]",
                "15": "[5 5 5]",
                "18": "[6 8 6]"
            },
            "symbolic": {
                "0": 3,
                "3": 4,
                "6": 5,
                "9": 5,
                "12": 5,
                "15": 6
            },
            "avg_amplitude": {
                "0": -0.9392385210290062,
                "3": -0.27971011880081487,
                "6": 0.4024505297062129,
                "9": 0.43040808109943357,
                "12": 0.44833035880610317,
                "15": 0.859175665362682
            }
        },
        "17": {
            "avg": 0.07299930000000002,
            "std": 0.0035575743673108744,
            "words": {
                "3": "[8 6 5]",
                "6": "[4 4 2]",
                "9": "[3 1 2]",
                "12": "[3 3 3]",
                "15": "[4 4 4]",
                "18": "[4 4 4]"
            },
            "symbolic": {
                "0": 6,
                "3": 4,
                "6": 2,
                "9": 3,
                "12": 4,
                "15": 4
            },
            "avg_amplitude": {
                "0": 0.7152681883410494,
                "3": -0.4698508109278962,
                "6": -0.981155064576395,
                "9": -0.8938077058457203,
                "12": -0.5348333468713617,
                "15": -0.2821595862778552
            }
        },
        "18": {
            "avg": 0.05058965,
            "std": 0.0032443235979006074,
            "words": {
                "3": "[5 5 5]",
                "6": "[5 7 8]",
                "9": "[6 7 6]",
                "12": "[6 5 5]",
                "15": "[5 4 4]",
                "18": "[4 4 3]"
            },
            "symbolic": {
                "0": 5,
                "3": 6,
                "6": 6,
                "9": 5,
                "12": 4,
                "15": 4
            },
            "avg_amplitude": {
                "0": 0.2677336086732058,
                "3": 0.8491137497848916,
                "6": 0.8758905524006195,
                "9": 0.5635863018413355,
                "12": -0.20881087592496952,
                "15": -0.5816210635002586
            }
        },
        "19": {
            "avg": -0.4996709999999999,
            "std": 0.003913060318041551,
            "words": {
                "3": "[8 6 5]",
                "6": "[5 5 5]",
                "9": "[5 4 4]",
                "12": "[4 4 4]",
                "15": "[4 4 4]",
                "18": "[4 4 4]"
            },
            "symbolic": {
                "0": 6,
                "3": 5,
                "6": 5,
                "9": 4,
                "12": 4,
                "15": 4
            },
            "avg_amplitude": {
                "0": 0.824490709648536,
                "3": 0.36646518916498866,
                "6": 0.0199238862771437,
                "9": -0.09693306469666507,
                "12": -0.3140810387284536,
                "15": -0.5348108350123141
            }
        }
    },
    "Y": {
        "0": {
            "avg": -0.01660045,
            "std": 0.004701802389062037,
            "words": {
                "3": "[8 6 6]",
                "6": "[5 5 5]",
                "9": "[5 5 5]",
                "12": "[4 4 3]",
                "15": "[4 3 3]",
                "18": "[2 1 2]"
            },
            "symbolic": {
                "0": 6,
                "3": 5,
                "6": 5,
                "9": 4,
                "12": 3,
                "15": 2
            },
            "avg_amplitude": {
                "0": 0.8968570332487316,
                "3": 0.4672936848496858,
                "6": 0.07731276469796167,
                "9": -0.4649512587364617,
                "12": -0.8232255868133095,
                "15": -0.9931912125993053
            }
        },
        "1": {
            "avg": 0.2788325,
            "std": 0.00353454512073708,
            "words": {
                "3": "[3 4 4]",
                "6": "[5 6 6]",
                "9": "[6 5 5]",
                "12": "[8 6 6]",
                "15": "[6 6 6]",
                "18": "[5 5 5]"
            },
            "symbolic": {
                "0": 4,
                "3": 5,
                "6": 5,
                "9": 6,
                "12": 6,
                "15": 5
            },
            "avg_amplitude": {
                "0": -0.3952546296296274,
                "3": 0.6736111111111116,
                "6": 0.6603009259259293,
                "9": 0.9045138888888896,
                "12": 0.8692129629629637,
                "15": 0.18344907407407485
            }
        },
        "2": {
            "avg": -0.34502150000000004,
            "std": 0.0014484193744252842,
            "words": {
                "3": "[8 6 5]",
                "6": "[5 5 5]",
                "9": "[5 5 5]",
                "12": "[4 4 4]",
                "15": "[4 4 2]",
                "18": "[4 3 1]"
            },
            "symbolic": {
                "0": 6,
                "3": 5,
                "6": 5,
                "9": 4,
                "12": 4,
                "15": 3
            },
            "avg_amplitude": {
                "0": 0.6941323345817724,
                "3": 0.22971285892634255,
                "6": 0.07240948813982125,
                "9": -0.13857677902620993,
                "12": -0.49188514357053564,
                "15": -0.8576779026217264
            }
        },
        "3": {
            "avg": -0.07061315,
            "std": 0.019522023369773947,
            "words": {
                "3": "[5 4 4]",
                "6": "[4 4 4]",
                "9": "[4 4 3]",
                "12": "[3 3 1]",
                "15": "[2 3 4]",
                "18": "[4 5 7]"
            },
            "symbolic": {
                "0": 4,
                "3": 4,
                "6": 4,
                "9": 3,
                "12": 3,
                "15": 5
            },
            "avg_amplitude": {
                "0": -0.1349933733180583,
                "3": -0.39445605049756277,
                "6": -0.5928072421771456,
                "9": -0.9187276770671876,
                "12": -0.8417346182357303,
                "15": 0.4559606442482648
            }
        },
        "4": {
            "avg": -0.010717550000000001,
            "std": 0.001283849230162745,
            "words": {
                "3": "[4 1 4]",
                "6": "[4 4 4]",
                "9": "[4 4 4]",
                "12": "[4 4 4]",
                "15": "[4 4 4]",
                "18": "[4 5 5]"
            },
            "symbolic": {
                "0": 4,
                "3": 4,
                "6": 4,
                "9": 4,
                "12": 4,
                "15": 5
            },
            "avg_amplitude": {
                "0": -0.5178415342691142,
                "3": -0.4029256002879325,
                "6": -0.5531903953930791,
                "9": -0.5699007661062263,
                "12": -0.5501054038768062,
                "15": 0.09666306750989755
            }
        },
        "5": {
            "avg": -0.21673036000000004,
            "std": 0.11167640768267839,
            "words": {
                "3": "[4 3 3]",
                "6": "[2 1 2]",
                "9": "[3 3 3]",
                "12": "[4 3 4]",
                "15": "[4 4 5]",
                "18": "[5 5 6]"
            },
            "symbolic": {
                "0": 3,
                "3": 2,
                "6": 3,
                "9": 4,
                "12": 4,
                "15": 5
            },
            "avg_amplitude": {
                "0": -0.7518031519037205,
                "3": -0.9833587557876385,
                "6": -0.7977618227429136,
                "9": -0.5855909654264635,
                "12": -0.11284746106880043,
                "15": 0.5322801087868773
            }
        },
        "6": {
            "avg": -0.257974615,
            "std": 0.21156629064090496,
            "words": {
                "3": "[5 5 5]",
                "6": "[4 4 3]",
                "9": "[3 1 3]",
                "12": "[3 4 5]",
                "15": "[5 5 6]",
                "18": "[6 7 8]"
            },
            "symbolic": {
                "0": 5,
                "3": 4,
                "6": 2,
                "9": 4,
                "12": 5,
                "15": 7
            },
            "avg_amplitude": {
                "0": 0.29943436061572853,
                "3": -0.5075031834154681,
                "6": -0.956059195330634,
                "9": -0.38402916954524796,
                "12": 0.6172979321189233,
                "15": 0.9778555746765273
            }
        },
        "7": {
            "avg": -0.06450726999999999,
            "std": 0.0985503607554886,
            "words": {
                "3": "[5 5 4]",
                "6": "[4 4 4]",
                "9": "[3 3 1]",
                "12": "[3 4 4]",
                "15": "[5 5 6]",
                "18": "[8 7 6]"
            },
            "symbolic": {
                "0": 5,
                "3": 4,
                "6": 3,
                "9": 4,
                "12": 5,
                "15": 7
            },
            "avg_amplitude": {
                "0": 0.21451744928925084,
                "3": -0.5609976441463026,
                "6": -0.888720851301709,
                "9": -0.45926419501677057,
                "12": 0.5780591159559175,
                "15": 0.9726880689985625
            }
        },
        "8": {
            "avg": 0.012005709999999998,
            "std": 0.0012178672786128167,
            "words": {
                "3": "[4 4 4]",
                "6": "[4 5 8]",
                "9": "[6 6 6]",
                "12": "[6 6 6]",
                "15": "[6 6 6]",
                "18": "[5 5 4]"
            },
            "symbolic": {
                "0": 4,
                "3": 5,
                "6": 6,
                "9": 6,
                "12": 6,
                "15": 5
            },
            "avg_amplitude": {
                "0": -0.3702667909619568,
                "3": 0.4598481821813823,
                "6": 0.8455187108802774,
                "9": 0.7883428774359661,
                "12": 0.8446308873795899,
                "15": 0.07524304168331375
            }
        },
        "9": {
            "avg": -0.040628770999999994,
            "std": 0.04269686232800003,
            "words": {
                "3": "[6 6 8]",
                "6": "[5 6 6]",
                "9": "[6 5 6]",
                "12": "[5 5 5]",
                "15": "[4 4 4]",
                "18": "[4 3 3]"
            },
            "symbolic": {
                "0": 6,
                "3": 5,
                "6": 6,
                "9": 5,
                "12": 4,
                "15": 3
            },
            "avg_amplitude": {
                "0": 0.9449909809345854,
                "3": 0.6383136369886838,
                "6": 0.6868471558262623,
                "9": 0.20298424562056297,
                "12": -0.16843407993399498,
                "15": -0.7082244709219401
            }
        },
        "10": {
            "avg": -0.1472305,
            "std": 0.029809534235136746,
            "words": {
                "3": "[8 7 6]",
                "6": "[5 5 6]",
                "9": "[6 5 5]",
                "12": "[5 4 5]",
                "15": "[4 4 4]",
                "18": "[3 1 3]"
            },
            "symbolic": {
                "0": 6,
                "3": 5,
                "6": 5,
                "9": 5,
                "12": 4,
                "15": 3
            },
            "avg_amplitude": {
                "0": 0.9479571984435795,
                "3": 0.6566958495460442,
                "6": 0.5440985732814526,
                "9": 0.04077496757457847,
                "12": -0.37273022049286636,
                "15": -0.9373378728923472
            }
        },
        "11": {
            "avg": -0.04632495,
            "std": 0.013119518847383166,
            "words": {
                "3": "[8 6 7]",
                "6": "[5 5 5]",
                "9": "[5 4 4]",
                "12": "[4 1 3]",
                "15": "[3 4 5]",
                "18": "[5 6 6]"
            },
            "symbolic": {
                "0": 7,
                "3": 5,
                "6": 4,
                "9": 3,
                "12": 4,
                "15": 6
            },
            "avg_amplitude": {
                "0": 0.9655160129671191,
                "3": 0.34906130882405306,
                "6": -0.14078586441523308,
                "9": -0.8058138292187668,
                "12": -0.19696483915784987,
                "15": 0.7778846496384165
            }
        },
        "12": {
            "avg": 1.6191911999999998e-10,
            "std": 3.900570037714104e-10,
            "words": {
                "3": "[4 5 5]",
                "6": "[5 5 6]",
                "9": "[8 5 1]",
                "12": "[4 4 4]",
                "15": "[4 4 4]",
                "18": "[5 5 5]"
            },
            "symbolic": {
                "0": 5,
                "3": 6,
                "6": 5,
                "9": 4,
                "12": 4,
                "15": 5
            },
            "avg_amplitude": {
                "0": 0.19742347543544067,
                "3": 0.694160724993675,
                "6": 0.18407930464994435,
                "9": -0.2264186802612941,
                "12": -0.20463540141404837,
                "15": 0.1910945627466567
            }
        },
        "13": {
            "avg": 0.1143895,
            "std": 0.0024870834218755963,
            "words": {
                "3": "[3 4 5]",
                "6": "[5 8 5]",
                "9": "[5 5 4]",
                "12": "[4 5 5]",
                "15": "[5 5 4]",
                "18": "[4 4 4]"
            },
            "symbolic": {
                "0": 4,
                "3": 5,
                "6": 5,
                "9": 5,
                "12": 5,
                "15": 4
            },
            "avg_amplitude": {
                "0": -0.2225538971807642,
                "3": 0.5184079601990053,
                "6": 0.1502487562189054,
                "9": 0.09585406301824011,
                "12": 0.02421227197346491,
                "15": -0.3505804311774477
            }
        },
        "14": {
            "avg": 0.0386888,
            "std": 0.001734900440037441,
            "words": {
                "3": "[4 4 4]",
                "6": "[3 2 1]",
                "9": "[3 4 4]",
                "12": "[6 8 5]",
                "15": "[5 5 5]",
                "18": "[5 5 5]"
            },
            "symbolic": {
                "0": 4,
                "3": 3,
                "6": 4,
                "9": 6,
                "12": 5,
                "15": 5
            },
            "avg_amplitude": {
                "0": -0.350192837465564,
                "3": -0.9058953168044077,
                "6": -0.4482644628099169,
                "9": 0.7706887052341607,
                "12": 0.396914600550965,
                "15": 0.12253443526170815
            }
        },
        "15": {
            "avg": -0.49256599999999995,
            "std": 0.0014545623324379617,
            "words": {
                "3": "[3 4 5]",
                "6": "[5 5 5]",
                "9": "[5 5 6]",
                "12": "[6 8 7]",
                "15": "[6 6 5]",
                "18": "[5 4 3]"
            },
            "symbolic": {
                "0": 4,
                "3": 5,
                "6": 5,
                "9": 7,
                "12": 6,
                "15": 4
            },
            "avg_amplitude": {
                "0": -0.35058823529413474,
                "3": 0.2721568627450721,
                "6": 0.5905882352940856,
                "9": 0.9576470588235134,
                "12": 0.8070588235293771,
                "15": -0.2078431372549341
            }
        },
        "16": {
            "avg": 1.0372326e-09,
            "std": 7.488274370668768e-10,
            "words": {
                "3": "[1 3 3]",
                "6": "[3 4 5]",
                "9": "[6 5 5]",
                "12": "[4 6 5]",
                "15": "[5 5 5]",
                "18": "[6 8 6]"
            },
            "symbolic": {
                "0": 3,
                "3": 4,
                "6": 5,
                "9": 5,
                "12": 5,
                "15": 6
            },
            "avg_amplitude": {
                "0": -0.9392385210290062,
                "3": -0.27971011880081487,
                "6": 0.4024505297062129,
                "9": 0.43040808109943357,
                "12": 0.44833035880610317,
                "15": 0.859175665362682
            }
        },
        "17": {
            "avg": 0.07299930000000002,
            "std": 0.0035575743673108744,
            "words": {
                "3": "[8 6 5]",
                "6": "[4 4 2]",
                "9": "[3 1 2]",
                "12": "[3 3 3]",
                "15": "[4 4 4]",
                "18": "[4 4 4]"
            },
            "symbolic": {
                "0": 6,
                "3": 4,
                "6": 2,
                "9": 3,
                "12": 4,
                "15": 4
            },
            "avg_amplitude": {
                "0": 0.7152681883410494,
                "3": -0.4698508109278962,
                "6": -0.981155064576395,
                "9": -0.8938077058457203,
                "12": -0.5348333468713617,
                "15": -0.2821595862778552
            }
        },
        "18": {
            "avg": 0.05058965,
            "std": 0.0032443235979006074,
            "words": {
                "3": "[5 5 5]",
                "6": "[5 7 8]",
                "9": "[6 7 6]",
                "12": "[6 5 5]",
                "15": "[5 4 4]",
                "18": "[4 4 3]"
            },
            "symbolic": {
                "0": 5,
                "3": 6,
                "6": 6,
                "9": 5,
                "12": 4,
                "15": 4
            },
            "avg_amplitude": {
                "0": 0.2677336086732058,
                "3": 0.8491137497848916,
                "6": 0.8758905524006195,
                "9": 0.5635863018413355,
                "12": -0.20881087592496952,
                "15": -0.5816210635002586
            }
        },
        "19": {
            "avg": -0.4996709999999999,
            "std": 0.003913060318041551,
            "words": {
                "3": "[8 6 5]",
                "6": "[5 5 5]",
                "9": "[5 4 4]",
                "12": "[4 4 4]",
                "15": "[4 4 4]",
                "18": "[4 4 4]"
            },
            "symbolic": {
                "0": 6,
                "3": 5,
                "6": 5,
                "9": 4,
                "12": 4,
                "15": 4
            },
            "avg_amplitude": {
                "0": 0.824490709648536,
                "3": 0.36646518916498866,
                "6": 0.0199238862771437,
                "9": -0.09693306469666507,
                "12": -0.3140810387284536,
                "15": -0.5348108350123141
            }
        }
    },
    "Z": {
        "0": {
            "avg": -0.01660045,
            "std": 0.004701802389062037,
            "words": {
                "3": "[8 6 6]",
                "6": "[5 5 5]",
                "9": "[5 5 5]",
                "12": "[4 4 3]",
                "15": "[4 3 3]",
                "18": "[2 1 2]"
            },
            "symbolic": {
                "0": 6,
                "3": 5,
                "6": 5,
                "9": 4,
                "12": 3,
                "15": 2
            },
            "avg_amplitude": {
                "0": 0.8968570332487316,
                "3": 0.4672936848496858,
                "6": 0.07731276469796167,
                "9": -0.4649512587364617,
                "12": -0.8232255868133095,
                "15": -0.9931912125993053
            }
        },
        "1": {
            "avg": 0.2788325,
            "std": 0.00353454512073708,
            "words": {
                "3": "[3 4 4]",
                "6": "[5 6 6]",
                "9": "[6 5 5]",
                "12": "[8 6 6]",
                "15": "[6 6 6]",
                "18": "[5 5 5]"
            },
            "symbolic": {
                "0": 4,
                "3": 5,
                "6": 5,
                "9": 6,
                "12": 6,
                "15": 5
            },
            "avg_amplitude": {
                "0": -0.3952546296296274,
                "3": 0.6736111111111116,
                "6": 0.6603009259259293,
                "9": 0.9045138888888896,
                "12": 0.8692129629629637,
                "15": 0.18344907407407485
            }
        },
        "2": {
            "avg": -0.34502150000000004,
            "std": 0.0014484193744252842,
            "words": {
                "3": "[8 6 5]",
                "6": "[5 5 5]",
                "9": "[5 5 5]",
                "12": "[4 4 4]",
                "15": "[4 4 2]",
                "18": "[4 3 1]"
            },
            "symbolic": {
                "0": 6,
                "3": 5,
                "6": 5,
                "9": 4,
                "12": 4,
                "15": 3
            },
            "avg_amplitude": {
                "0": 0.6941323345817724,
                "3": 0.22971285892634255,
                "6": 0.07240948813982125,
                "9": -0.13857677902620993,
                "12": -0.49188514357053564,
                "15": -0.8576779026217264
            }
        },
        "3": {
            "avg": -0.07061315,
            "std": 0.019522023369773947,
            "words": {
                "3": "[5 4 4]",
                "6": "[4 4 4]",
                "9": "[4 4 3]",
                "12": "[3 3 1]",
                "15": "[2 3 4]",
                "18": "[4 5 7]"
            },
            "symbolic": {
                "0": 4,
                "3": 4,
                "6": 4,
                "9": 3,
                "12": 3,
                "15": 5
            },
            "avg_amplitude": {
                "0": -0.1349933733180583,
                "3": -0.39445605049756277,
                "6": -0.5928072421771456,
                "9": -0.9187276770671876,
                "12": -0.8417346182357303,
                "15": 0.4559606442482648
            }
        },
        "4": {
            "avg": -0.010717550000000001,
            "std": 0.001283849230162745,
            "words": {
                "3": "[4 1 4]",
                "6": "[4 4 4]",
                "9": "[4 4 4]",
                "12": "[4 4 4]",
                "15": "[4 4 4]",
                "18": "[4 5 5]"
            },
            "symbolic": {
                "0": 4,
                "3": 4,
                "6": 4,
                "9": 4,
                "12": 4,
                "15": 5
            },
            "avg_amplitude": {
                "0": -0.5178415342691142,
                "3": -0.4029256002879325,
                "6": -0.5531903953930791,
                "9": -0.5699007661062263,
                "12": -0.5501054038768062,
                "15": 0.09666306750989755
            }
        },
        "5": {
            "avg": -0.21673036000000004,
            "std": 0.11167640768267839,
            "words": {
                "3": "[4 3 3]",
                "6": "[2 1 2]",
                "9": "[3 3 3]",
                "12": "[4 3 4]",
                "15": "[4 4 5]",
                "18": "[5 5 6]"
            },
            "symbolic": {
                "0": 3,
                "3": 2,
                "6": 3,
                "9": 4,
                "12": 4,
                "15": 5
            },
            "avg_amplitude": {
                "0": -0.7518031519037205,
                "3": -0.9833587557876385,
                "6": -0.7977618227429136,
                "9": -0.5855909654264635,
                "12": -0.11284746106880043,
                "15": 0.5322801087868773
            }
        },
        "6": {
            "avg": -0.257974615,
            "std": 0.21156629064090496,
            "words": {
                "3": "[5 5 5]",
                "6": "[4 4 3]",
                "9": "[3 1 3]",
                "12": "[3 4 5]",
                "15": "[5 5 6]",
                "18": "[6 7 8]"
            },
            "symbolic": {
                "0": 5,
                "3": 4,
                "6": 2,
                "9": 4,
                "12": 5,
                "15": 7
            },
            "avg_amplitude": {
                "0": 0.29943436061572853,
                "3": -0.5075031834154681,
                "6": -0.956059195330634,
                "9": -0.38402916954524796,
                "12": 0.6172979321189233,
                "15": 0.9778555746765273
            }
        },
        "7": {
            "avg": -0.06450726999999999,
            "std": 0.0985503607554886,
            "words": {
                "3": "[5 5 4]",
                "6": "[4 4 4]",
                "9": "[3 3 1]",
                "12": "[3 4 4]",
                "15": "[5 5 6]",
                "18": "[8 7 6]"
            },
            "symbolic": {
                "0": 5,
                "3": 4,
                "6": 3,
                "9": 4,
                "12": 5,
                "15": 7
            },
            "avg_amplitude": {
                "0": 0.21451744928925084,
                "3": -0.5609976441463026,
                "6": -0.888720851301709,
                "9": -0.45926419501677057,
                "12": 0.5780591159559175,
                "15": 0.9726880689985625
            }
        },
        "8": {
            "avg": 0.012005709999999998,
            "std": 0.0012178672786128167,
            "words": {
                "3": "[4 4 4]",
                "6": "[4 5 8]",
                "9": "[6 6 6]",
                "12": "[6 6 6]",
                "15": "[6 6 6]",
                "18": "[5 5 4]"
            },
            "symbolic": {
                "0": 4,
                "3": 5,
                "6": 6,
                "9": 6,
                "12": 6,
                "15": 5
            },
            "avg_amplitude": {
                "0": -0.3702667909619568,
                "3": 0.4598481821813823,
                "6": 0.8455187108802774,
                "9": 0.7883428774359661,
                "12": 0.8446308873795899,
                "15": 0.07524304168331375
            }
        },
        "9": {
            "avg": -0.040628770999999994,
            "std": 0.04269686232800003,
            "words": {
                "3": "[6 6 8]",
                "6": "[5 6 6]",
                "9": "[6 5 6]",
                "12": "[5 5 5]",
                "15": "[4 4 4]",
                "18": "[4 3 3]"
            },
            "symbolic": {
                "0": 6,
                "3": 5,
                "6": 6,
                "9": 5,
                "12": 4,
                "15": 3
            },
            "avg_amplitude": {
                "0": 0.9449909809345854,
                "3": 0.6383136369886838,
                "6": 0.6868471558262623,
                "9": 0.20298424562056297,
                "12": -0.16843407993399498,
                "15": -0.7082244709219401
            }
        },
        "10": {
            "avg": -0.1472305,
            "std": 0.029809534235136746,
            "words": {
                "3": "[8 7 6]",
                "6": "[5 5 6]",
                "9": "[6 5 5]",
                "12": "[5 4 5]",
                "15": "[4 4 4]",
                "18": "[3 1 3]"
            },
            "symbolic": {
                "0": 6,
                "3": 5,
                "6": 5,
                "9": 5,
                "12": 4,
                "15": 3
            },
            "avg_amplitude": {
                "0": 0.9479571984435795,
                "3": 0.6566958495460442,
                "6": 0.5440985732814526,
                "9": 0.04077496757457847,
                "12": -0.37273022049286636,
                "15": -0.9373378728923472
            }
        },
        "11": {
            "avg": -0.04632495,
            "std": 0.013119518847383166,
            "words": {
                "3": "[8 6 7]",
                "6": "[5 5 5]",
                "9": "[5 4 4]",
                "12": "[4 1 3]",
                "15": "[3 4 5]",
                "18": "[5 6 6]"
            },
            "symbolic": {
                "0": 7,
                "3": 5,
                "6": 4,
                "9": 3,
                "12": 4,
                "15": 6
            },
            "avg_amplitude": {
                "0": 0.9655160129671191,
                "3": 0.34906130882405306,
                "6": -0.14078586441523308,
                "9": -0.8058138292187668,
                "12": -0.19696483915784987,
                "15": 0.7778846496384165
            }
        },
        "12": {
            "avg": 1.6191911999999998e-10,
            "std": 3.900570037714104e-10,
            "words": {
                "3": "[4 5 5]",
                "6": "[5 5 6]",
                "9": "[8 5 1]",
                "12": "[4 4 4]",
                "15": "[4 4 4]",
                "18": "[5 5 5]"
            },
            "symbolic": {
                "0": 5,
                "3": 6,
                "6": 5,
                "9": 4,
                "12": 4,
                "15": 5
            },
            "avg_amplitude": {
                "0": 0.19742347543544067,
                "3": 0.694160724993675,
                "6": 0.18407930464994435,
                "9": -0.2264186802612941,
                "12": -0.20463540141404837,
                "15": 0.1910945627466567
            }
        },
        "13": {
            "avg": 0.1143895,
            "std": 0.0024870834218755963,
            "words": {
                "3": "[3 4 5]",
                "6": "[5 8 5]",
                "9": "[5 5 4]",
                "12": "[4 5 5]",
                "15": "[5 5 4]",
                "18": "[4 4 4]"
            },
            "symbolic": {
                "0": 4,
                "3": 5,
                "6": 5,
                "9": 5,
                "12": 5,
                "15": 4
            },
            "avg_amplitude": {
                "0": -0.2225538971807642,
                "3": 0.5184079601990053,
                "6": 0.1502487562189054,
                "9": 0.09585406301824011,
                "12": 0.02421227197346491,
                "15": -0.3505804311774477
            }
        },
        "14": {
            "avg": 0.0386888,
            "std": 0.001734900440037441,
            "words": {
                "3": "[4 4 4]",
                "6": "[3 2 1]",
                "9": "[3 4 4]",
                "12": "[6 8 5]",
                "15": "[5 5 5]",
                "18": "[5 5 5]"
            },
            "symbolic": {
                "0": 4,
                "3": 3,
                "6": 4,
                "9": 6,
                "12": 5,
                "15": 5
            },
            "avg_amplitude": {
                "0": -0.350192837465564,
                "3": -0.9058953168044077,
                "6": -0.4482644628099169,
                "9": 0.7706887052341607,
                "12": 0.396914600550965,
                "15": 0.12253443526170815
            }
        },
        "15": {
            "avg": -0.49256599999999995,
            "std": 0.0014545623324379617,
            "words": {
                "3": "[3 4 5]",
                "6": "[5 5 5]",
                "9": "[5 5 6]",
                "12": "[6 8 7]",
                "15": "[6 6 5]",
                "18": "[5 4 3]"
            },
            "symbolic": {
                "0": 4,
                "3": 5,
                "6": 5,
                "9": 7,
                "12": 6,
                "15": 4
            },
            "avg_amplitude": {
                "0": -0.35058823529413474,
                "3": 0.2721568627450721,
                "6": 0.5905882352940856,
                "9": 0.9576470588235134,
                "12": 0.8070588235293771,
                "15": -0.2078431372549341
            }
        },
        "16": {
            "avg": 1.0372326e-09,
            "std": 7.488274370668768e-10,
            "words": {
                "3": "[1 3 3]",
                "6": "[3 4 5]",
                "9": "[6 5 5]",
                "12": "[4 6 5]",
                "15": "[5 5 5]",
                "18": "[6 8 6]"
            },
            "symbolic": {
                "0": 3,
                "3": 4,
                "6": 5,
                "9": 5,
                "12": 5,
                "15": 6
            },
            "avg_amplitude": {
                "0": -0.9392385210290062,
                "3": -0.27971011880081487,
                "6": 0.4024505297062129,
                "9": 0.43040808109943357,
                "12": 0.44833035880610317,
                "15": 0.859175665362682
            }
        },
        "17": {
            "avg": 0.07299930000000002,
            "std": 0.0035575743673108744,
            "words": {
                "3": "[8 6 5]",
                "6": "[4 4 2]",
                "9": "[3 1 2]",
                "12": "[3 3 3]",
                "15": "[4 4 4]",
                "18": "[4 4 4]"
            },
            "symbolic": {
                "0": 6,
                "3": 4,
                "6": 2,
                "9": 3,
                "12": 4,
                "15": 4
            },
            "avg_amplitude": {
                "0": 0.7152681883410494,
                "3": -0.4698508109278962,
                "6": -0.981155064576395,
                "9": -0.8938077058457203,
                "12": -0.5348333468713617,
                "15": -0.2821595862778552
            }
        },
        "18": {
            "avg": 0.05058965,
            "std": 0.0032443235979006074,
            "words": {
                "3": "[5 5 5]",
                "6": "[5 7 8]",
                "9": "[6 7 6]",
                "12": "[6 5 5]",
                "15": "[5 4 4]",
                "18": "[4 4 3]"
            },
            "symbolic": {
                "0": 5,
                "3": 6,
                "6": 6,
                "9": 5,
                "12": 4,
                "15": 4
            },
            "avg_amplitude": {
                "0": 0.2677336086732058,
                "3": 0.8491137497848916,
                "6": 0.8758905524006195,
                "9": 0.5635863018413355,
                "12": -0.20881087592496952,
                "15": -0.5816210635002586
            }
        },
        "19": {
            "avg": -0.4996709999999999,
            "std": 0.003913060318041551,
            "words": {
                "3": "[8 6 5]",
                "6": "[5 5 5]",
                "9": "[5 4 4]",
                "12": "[4 4 4]",
                "15": "[4 4 4]",
                "18": "[4 4 4]"
            },
            "symbolic": {
                "0": 6,
                "3": 5,
                "6": 5,
                "9": 4,
                "12": 4,
                "15": 4
            },
            "avg_amplitude": {
                "0": 0.824490709648536,
                "3": 0.36646518916498866,
                "6": 0.0199238862771437,
                "9": -0.09693306469666507,
                "12": -0.3140810387284536,
                "15": -0.5348108350123141
            }
        }
    }
}