{
    "W": {
        "0": {
            "avg": 0.013985328571428571,
            "std": 0.003307585499596776,
            "words": {
                "3": "[1 4 4]",
                "6": "[5 5 6]",
                "9": "[8 6 5]",
                "12": "[5 5 5]",
                "15": "[5 5 5]",
                "18": "[5 5 4]",
                "21": "[4 4 4]"
            },
            "symbolic": {
                "0": 4,
                "3": 6,
                "6": 6,
                "9": 5,
                "12": 5,
                "15": 5,
                "18": 4
            },
            "avg_amplitude": {
                "0": -0.6141928160736639,
                "3": 0.6832898393906603,
                "6": 0.8012538985424223,
                "9": 0.5022065219697452,
                "12": 0.3631850295970977,
                "15": 0.07278340016548945,
                "18": -0.3129017885557889
            }
        },
        "1": {
            "avg": 0.2803190476190476,
            "std": 0.004485203345180578,
            "words": {
                "3": "[8 6 6]",
                "6": "[6 5 5]",
                "9": "[5 5 5]",
                "12": "[5 5 5]",
                "15": "[5 5 5]",
                "18": "[5 4 4]",
                "21": "[4 2 1]"
            },
            "symbolic": {
                "0": 6,
                "3": 5,
                "6": 5,
                "9": 5,
                "12": 5,
                "15": 4,
                "18": 3
            },
            "avg_amplitude": {
                "0": 0.8940584088620335,
                "3": 0.6136958710976801,
                "6": 0.3639476334340353,
                "9": 0.32487411883181877,
                "12": 0.22175226586102528,
                "15": -0.09003021148036534,
                "18": -0.8360523665659634
            }
        },
        "2": {
            "avg": -0.35679095238095243,
            "std": 0.002943620058298806,
            "words": {
                "3": "[5 5 5]",
                "6": "[5 5 4]",
                "9": "[4 3 3]",
                "12": "[3 3 3]",
                "15": "[2 2 2]",
                "18": "[1 2 3]",
                "21": "[4 4 8]"
            },
            "symbolic": {
                "0": 5,
                "3": 5,
                "6": 3,
                "9": 3,
                "12": 2,
                "15": 3,
                "18": 5
            },
            "avg_amplitude": {
                "0": 0.34640522875817537,
                "3": 0.028551771585829038,
                "6": -0.7124183006535908,
                "9": -0.9091847265221852,
                "12": -0.9656002751977909,
                "15": -0.9401444788441631,
                "18": 0.12418300653594927
            }
        },
        "3": {
            "avg": -0.1966419047619047,
            "std": 0.028821190749004036,
            "words": {
                "3": "[6 5 4]",
                "6": "[4 3 3]",
                "9": "[3 2 1]",
                "12": "[3 3 3]",
                "15": "[3 3 3]",
                "18": "[4 5 5]",
                "21": "[5 5 8]"
            },
            "symbolic": {
                "0": 5,
                "3": 3,
                "6": 2,
                "9": 3,
                "12": 3,
                "15": 4,
                "18": 5
            },
            "avg_amplitude": {
                "0": 0.12127417519909,
                "3": -0.7541145240803941,
                "6": -0.9685248388320057,
                "9": -0.8659082290481601,
                "12": -0.7704209328782703,
                "15": -0.04611300720515732,
                "18": 0.6778156996587033
            }
        },
        "4": {
            "avg": -0.006770947142857144,
            "std": 0.002554158141672404,
            "words": {
                "3": "[5 5 4]",
                "6": "[4 4 3]",
                "9": "[3 1 3]",
                "12": "[5 8 5]",
                "15": "[5 4 4]",
                "18": "[3 3 3]",
                "21": "[3 3 3]"
            },
            "symbolic": {
                "0": 5,
                "3": 4,
                "6": 3,
                "9": 5,
                "12": 4,
                "15": 3,
                "18": 3
            },
            "avg_amplitude": {
                "0": 0.07455253556534913,
                "3": -0.5930246465677402,
                "6": -0.9267562829554011,
                "9": 0.6102841924566945,
                "12": -0.26430502192185595,
                "15": -0.7981905878216469,
                "18": -0.8831365928875758
            }
        },
        "5": {
            "avg": -0.30098890476190476,
            "std": 0.10206143338298987,
            "words": {
                "3": "[3 3 2]",
                "6": "[2 3 3]",
                "9": "[3 3 3]",
                "12": "[1 3 3]",
                "15": "[3 4 4]",
                "18": "[4 5 5]",
                "21": "[5 6 8]"
            },
            "symbolic": {
                "0": 3,
                "3": 3,
                "6": 3,
                "9": 3,
                "12": 4,
                "15": 5,
                "18": 6
            },
            "avg_amplitude": {
                "0": -0.8764494718628134,
                "3": -0.9417370419152397,
                "6": -0.8349422793832803,
                "9": -0.9085354200563002,
                "12": -0.6191420676118903,
                "15": 0.02840319206632051,
                "18": 0.7861377547067482
            }
        },
        "6": {
            "avg": -0.3112168095238095,
            "std": 0.19324527359462612,
            "words": {
                "3": "[4 4 4]",
                "6": "[4 3 3]",
                "9": "[2 1 3]",
                "12": "[3 4 4]",
                "15": "[4 5 5]",
                "18": "[6 6 7]",
                "21": "[8 7 7]"
            },
            "symbolic": {
                "0": 4,
                "3": 3,
                "6": 2,
                "9": 4,
                "12": 5,
                "15": 6,
                "18": 7
            },
            "avg_amplitude": {
                "0": -0.22960762182547834,
                "3": -0.7732923229682607,
                "6": -0.9645490475950367,
                "9": -0.5602504580051016,
                "12": 0.1919639336335416,
                "15": 0.8405896597510161,
                "18": 0.9907468101253712
            }
        },
        "7": {
            "avg": -0.11218787142857144,
            "std": 0.07253778156525151,
            "words": {
                "3": "[3 3 1]",
                "6": "[3 3 4]",
                "9": "[4 4 3]",
                "12": "[3 3 4]",
                "15": "[4 5 5]",
                "18": "[5 6 6]",
                "21": "[6 8 6]"
            },
            "symbolic": {
                "0": 3,
                "3": 3,
                "6": 3,
                "9": 3,
                "12": 5,
                "15": 6,
                "18": 7
            },
            "avg_amplitude": {
                "0": -0.8492323645801915,
                "3": -0.7341611336383288,
                "6": -0.6866116044488958,
                "9": -0.7382035287711478,
                "12": 0.15204835526760896,
                "15": 0.729480519680726,
                "18": 0.9691558399848716
            }
        },
        "8": {
            "avg": 0.006350595238095237,
            "std": 0.0014599265743441316,
            "words": {
                "3": "[1 4 4]",
                "6": "[5 5 5]",
                "9": "[5 6 5]",
                "12": "[4 4 4]",
                "15": "[4 5 5]",
                "18": "[8 6 5]",
                "21": "[5 5 5]"
            },
            "symbolic": {
                "0": 4,
                "3": 5,
                "6": 5,
                "9": 4,
                "12": 5,
                "15": 6,
                "18": 5
            },
            "avg_amplitude": {
                "0": -0.5747477118047407,
                "3": 0.20546819995306306,
                "6": 0.6765235077837755,
                "9": -0.5818535033508042,
                "12": 0.19317322485592855,
                "15": 0.7649482385459857,
                "18": 0.49683172964092925
            }
        },
        "9": {
            "avg": -0.0802365238095238,
            "std": 0.008592006352529354,
            "words": {
                "3": "[1 5 8]",
                "6": "[6 5 5]",
                "9": "[5 5 4]",
                "12": "[4 4 4]",
                "15": "[4 4 4]",
                "18": "[4 4 3]",
                "21": "[4 4 4]"
            },
            "symbolic": {
                "0": 5,
                "3": 5,
                "6": 5,
                "9": 4,
                "12": 4,
                "15": 4,
                "18": 4
            },
            "avg_amplitude": {
                "0": 0.19697930826159196,
                "3": 0.5611136283542264,
                "6": 0.14760106731108105,
                "9": -0.24736444645823882,
                "12": -0.2583396264411216,
                "15": -0.588561647283894,
                "18": -0.3476715501183099
            }
        },
        "10": {
            "avg": -0.23940238095238092,
            "std": 0.007392614493372355,
            "words": {
                "3": "[1 4 8]",
                "6": "[5 5 4]",
                "9": "[4 4 4]",
                "12": "[4 3 4]",
                "15": "[4 4 4]",
                "18": "[4 5 4]",
                "21": "[5 5 5]"
            },
            "symbolic": {
                "0": 4,
                "3": 5,
                "6": 4,
                "9": 4,
                "12": 4,
                "15": 4,
                "18": 5
            },
            "avg_amplitude": {
                "0": -0.0002897710808461203,
                "3": 0.09475514343668585,
                "6": -0.17086834733893483,
                "9": -0.5031391867091671,
                "12": -0.17627740751472934,
                "15": -0.022312373225151633,
                "18": 0.12199362503622317
            }
        },
        "11": {
            "avg": -0.06379109523809524,
            "std": 0.04061773945076801,
            "words": {
                "3": "[8 5 1]",
                "6": "[2 3 4]",
                "9": "[4 4 4]",
                "12": "[4 4 5]",
                "15": "[5 5 5]",
                "18": "[5 5 5]",
                "21": "[5 5 5]"
            },
            "symbolic": {
                "0": 5,
                "3": 3,
                "6": 4,
                "9": 4,
                "12": 5,
                "15": 5,
                "18": 5
            },
            "avg_amplitude": {
                "0": 0.12815042857325346,
                "3": -0.7774314559568065,
                "6": -0.4845155823529162,
                "9": -0.10023036078501506,
                "12": 0.2641654850563553,
                "15": 0.28485111710077526,
                "18": 0.14723503187154288
            }
        },
        "12": {
            "avg": -2.5977019047619045e-10,
            "std": 7.937256755080826e-10,
            "words": {
                "3": "[1 4 4]",
                "6": "[4 3 4]",
                "9": "[4 4 4]",
                "12": "[4 5 5]",
                "15": "[5 5 5]",
                "18": "[6 8 7]",
                "21": "[6 5 6]"
            },
            "symbolic": {
                "0": 4,
                "3": 4,
                "6": 4,
                "9": 5,
                "12": 5,
                "15": 6,
                "18": 6
            },
            "avg_amplitude": {
                "0": -0.5547821406311972,
                "3": -0.6743441554762309,
                "6": -0.6088050314465411,
                "9": 0.05152303246642879,
                "12": 0.514547566434359,
                "15": 0.8982803558275257,
                "18": 0.7372627344325458
            }
        },
        "13": {
            "avg": 0.1306496666666667,
            "std": 0.016112624656874908,
            "words": {
                "3": "[1 3 4]",
                "6": "[5 5 5]",
                "9": "[5 5 5]",
                "12": "[5 6 6]",
                "15": "[6 6 8]",
                "18": "[7 8 7]",
                "21": "[6 6 5]"
            },
            "symbolic": {
                "0": 3,
                "3": 5,
                "6": 5,
                "9": 6,
                "12": 6,
                "15": 7,
                "18": 6
            },
            "avg_amplitude": {
                "0": -0.8369270331083255,
                "3": 0.15911282545805197,
                "6": 0.378720668595307,
                "9": 0.7540340726454507,
                "12": 0.9489553198328503,
                "15": 0.9813564770170361,
                "18": 0.8021215043394401
            }
        },
        "14": {
            "avg": 0.04081519047619049,
            "std": 0.007707082441618537,
            "words": {
                "3": "[6 6 6]",
                "6": "[8 6 6]",
                "9": "[6 5 5]",
                "12": "[5 5 5]",
                "15": "[5 4 4]",
                "18": "[4 3 3]",
                "21": "[3 1 2]"
            },
            "symbolic": {
                "0": 6,
                "3": 6,
                "6": 5,
                "9": 5,
                "12": 4,
                "15": 4,
                "18": 3
            },
            "avg_amplitude": {
                "0": 0.8328214393255046,
                "3": 0.8595603733815117,
                "6": 0.5819632640770857,
                "9": 0.15329719963866317,
                "12": -0.23806082505269477,
                "15": -0.6593797049081599,
                "18": -0.9394760614272809
            }
        },
        "15": {
            "avg": -0.49809380952380955,
            "std": 0.0035852775013804333,
            "words": {
                "3": "[1 3 3]",
                "6": "[4 4 4]",
                "9": "[5 5 5]",
                "12": "[5 6 6]",
                "15": "[6 7 8]",
                "18": "[6 6 6]",
                "21": "[5 5 5]"
            },
            "symbolic": {
                "0": 3,
                "3": 4,
                "6": 5,
                "9": 6,
                "12": 6,
                "15": 6,
                "18": 5
            },
            "avg_amplitude": {
                "0": -0.8977735967387885,
                "3": -0.42238946378175496,
                "6": 0.2724992160551916,
                "9": 0.7704609595484381,
                "12": 0.9448102853559082,
                "15": 0.8482282847287429,
                "18": 0.35591094386954975
            }
        },
        "16": {
            "avg": -1.883595428571428e-09,
            "std": 2.2611358308347726e-09,
            "words": {
                "3": "[8 4 6]",
                "6": "[5 4 4]",
                "9": "[4 4 3]",
                "12": "[4 3 4]",
                "15": "[3 2 1]",
                "18": "[4 4 4]",
                "21": "[5 4 5]"
            },
            "symbolic": {
                "0": 5,
                "3": 4,
                "6": 4,
                "9": 4,
                "12": 3,
                "15": 4,
                "18": 5
            },
            "avg_amplitude": {
                "0": 0.5598398219887297,
                "3": -0.18476621963024112,
                "6": -0.4371437866756636,
                "9": -0.5106055676719966,
                "12": -0.9383788603583522,
                "15": -0.3923758801155146,
                "18": 0.15434492896820132
            }
        },
        "17": {
            "avg": 0.019554714285714283,
            "std": 0.0026324439242433476,
            "words": {
                "3": "[8 4 3]",
                "6": "[4 3 3]",
                "9": "[3 3 3]",
                "12": "[1 2 3]",
                "15": "[4 4 4]",
                "18": "[4 5 5]",
                "21": "[5 5 6]"
            },
            "symbolic": {
                "0": 4,
                "3": 3,
                "6": 3,
                "9": 3,
                "12": 4,
                "15": 5,
                "18": 5
            },
            "avg_amplitude": {
                "0": -0.11821922933034072,
                "3": -0.6943509165731391,
                "6": -0.8326225215114104,
                "9": -0.9138795361017585,
                "12": -0.41361765806210254,
                "15": 0.043322109988776204,
                "18": 0.504451926674149
            }
        },
        "18": {
            "avg": 0.0723654761904762,
            "std": 0.006656134325710741,
            "words": {
                "3": "[7 8 6]",
                "6": "[6 6 6]",
                "9": "[6 6 5]",
                "12": "[5 5 5]",
                "15": "[5 5 5]",
                "18": "[4 4 4]",
                "21": "[4 3 1]"
            },
            "symbolic": {
                "0": 7,
                "3": 6,
                "6": 6,
                "9": 5,
                "12": 5,
                "15": 4,
                "18": 3
            },
            "avg_amplitude": {
                "0": 0.9756391256020752,
                "3": 0.8114116339384965,
                "6": 0.7035321724095351,
                "9": 0.39258367296529656,
                "12": 0.16172656539459088,
                "15": -0.30341484500432264,
                "18": -0.766827219958009
            }
        },
        "19": {
            "avg": -0.5068319047619048,
            "std": 0.030238634992183034,
            "words": {
                "3": "[3 3 3]",
                "6": "[3 3 2]",
                "9": "[2 2 2]",
                "12": "[2 2 2]",
                "15": "[2 2 2]",
                "18": "[2 2 1]",
                "21": "[1 1 8]"
            },
            "symbolic": {
                "0": 3,
                "3": 3,
                "6": 2,
                "9": 2,
                "12": 2,
                "15": 2,
                "18": 4
            },
            "avg_amplitude": {
                "0": -0.8897118169301615,
                "3": -0.943692731329819,
                "6": -0.9689977685989642,
                "9": -0.9850923420215542,
                "12": -0.9898874804158942,
                "15": -0.9972463561695858,
                "18": -0.33323838009780177
            }
        }
    },
    "X": {
        "0": {
            "avg": 0.013985328571428571,
            "std": 0.003307585499596776,
            "words": {
                "3": "[1 4 4]",
                "6": "[5 5 6]",
                "9": "[8 6 5]",
                "12": "[5 5 5]",
                "15": "[5 5 5]",
                "18": "[5 5 4]",
                "21": "[4 4 4]"
            },
            "symbolic": {
                "0": 4,
                "3": 6,
                "6": 6,
                "9": 5,
                "12": 5,
                "15": 5,
                "18": 4
            },
            "avg_amplitude": {
                "0": -0.6141928160736639,
                "3": 0.6832898393906603,
                "6": 0.8012538985424223,
                "9": 0.5022065219697452,
                "12": 0.3631850295970977,
                "15": 0.07278340016548945,
                "18": -0.3129017885557889
            }
        },
        "1": {
            "avg": 0.2803190476190476,
            "std": 0.004485203345180578,
            "words": {
                "3": "[8 6 6]",
                "6": "[6 5 5]",
                "9": "[5 5 5]",
                "12": "[5 5 5]",
                "15": "[5 5 5]",
                "18": "[5 4 4]",
                "21": "[4 2 1]"
            },
            "symbolic": {
                "0": 6,
                "3": 5,
                "6": 5,
                "9": 5,
                "12": 5,
                "15": 4,
                "18": 3
            },
            "avg_amplitude": {
                "0": 0.8940584088620335,
                "3": 0.6136958710976801,
                "6": 0.3639476334340353,
                "9": 0.32487411883181877,
                "12": 0.22175226586102528,
                "15": -0.09003021148036534,
                "18": -0.8360523665659634
            }
        },
        "2": {
            "avg": -0.35679095238095243,
            "std": 0.002943620058298806,
            "words": {
                "3": "[5 5 5]",
                "6": "[5 5 4]",
                "9": "[4 3 3]",
                "12": "[3 3 3]",
                "15": "[2 2 2]",
                "18": "[1 2 3]",
                "21": "[4 4 8]"
            },
            "symbolic": {
                "0": 5,
                "3": 5,
                "6": 3,
                "9": 3,
                "12": 2,
                "15": 3,
                "18": 5
            },
            "avg_amplitude": {
                "0": 0.34640522875817537,
                "3": 0.028551771585829038,
                "6": -0.7124183006535908,
                "9": -0.9091847265221852,
                "12": -0.9656002751977909,
                "15": -0.9401444788441631,
                "18": 0.12418300653594927
            }
        },
        "3": {
            "avg": -0.1966419047619047,
            "std": 0.028821190749004036,
            "words": {
                "3": "[6 5 4]",
                "6": "[4 3 3]",
                "9": "[3 2 1]",
                "12": "[3 3 3]",
                "15": "[3 3 3]",
                "18": "[4 5 5]",
                "21": "[5 5 8]"
            },
            "symbolic": {
                "0": 5,
                "3": 3,
                "6": 2,
                "9": 3,
                "12": 3,
                "15": 4,
                "18": 5
            },
            "avg_amplitude": {
                "0": 0.12127417519909,
                "3": -0.7541145240803941,
                "6": -0.9685248388320057,
                "9": -0.8659082290481601,
                "12": -0.7704209328782703,
                "15": -0.04611300720515732,
                "18": 0.6778156996587033
            }
        },
        "4": {
            "avg": -0.006770947142857144,
            "std": 0.002554158141672404,
            "words": {
                "3": "[5 5 4]",
                "6": "[4 4 3]",
                "9": "[3 1 3]",
                "12": "[5 8 5]",
                "15": "[5 4 4]",
                "18": "[3 3 3]",
                "21": "[3 3 3]"
            },
            "symbolic": {
                "0": 5,
                "3": 4,
                "6": 3,
                "9": 5,
                "12": 4,
                "15": 3,
                "18": 3
            },
            "avg_amplitude": {
                "0": 0.07455253556534913,
                "3": -0.5930246465677402,
                "6": -0.9267562829554011,
                "9": 0.6102841924566945,
                "12": -0.26430502192185595,
                "15": -0.7981905878216469,
                "18": -0.8831365928875758
            }
        },
        "5": {
            "avg": -0.30098890476190476,
            "std": 0.10206143338298987,
            "words": {
                "3": "[3 3 2]",
                "6": "[2 3 3]",
                "9": "[3 3 3]",
                "12": "[1 3 3]",
                "15": "[3 4 4]",
                "18": "[4 5 5]",
                "21": "[5 6 8]"
            },
            "symbolic": {
                "0": 3,
                "3": 3,
                "6": 3,
                "9": 3,
                "12": 4,
                "15": 5,
                "18": 6
            },
            "avg_amplitude": {
                "0": -0.8764494718628134,
                "3": -0.9417370419152397,
                "6": -0.8349422793832803,
                "9": -0.9085354200563002,
                "12": -0.6191420676118903,
                "15": 0.02840319206632051,
                "18": 0.7861377547067482
            }
        },
        "6": {
            "avg": -0.3112168095238095,
            "std": 0.19324527359462612,
            "words": {
                "3": "[4 4 4]",
                "6": "[4 3 3]",
                "9": "[2 1 3]",
                "12": "[3 4 4]",
                "15": "[4 5 5]",
                "18": "[6 6 7]",
                "21": "[8 7 7]"
            },
            "symbolic": {
                "0": 4,
                "3": 3,
                "6": 2,
                "9": 4,
                "12": 5,
                "15": 6,
                "18": 7
            },
            "avg_amplitude": {
                "0": -0.22960762182547834,
                "3": -0.7732923229682607,
                "6": -0.9645490475950367,
                "9": -0.5602504580051016,
                "12": 0.1919639336335416,
                "15": 0.8405896597510161,
                "18": 0.9907468101253712
            }
        },
        "7": {
            "avg": -0.11218787142857144,
            "std": 0.07253778156525151,
            "words": {
                "3": "[3 3 1]",
                "6": "[3 3 4]",
                "9": "[4 4 3]",
                "12": "[3 3 4]",
                "15": "[4 5 5]",
                "18": "[5 6 6]",
                "21": "[6 8 6]"
            },
            "symbolic": {
                "0": 3,
                "3": 3,
                "6": 3,
                "9": 3,
                "12": 5,
                "15": 6,
                "18": 7
            },
            "avg_amplitude": {
                "0": -0.8492323645801915,
                "3": -0.7341611336383288,
                "6": -0.6866116044488958,
                "9": -0.7382035287711478,
                "12": 0.15204835526760896,
                "15": 0.729480519680726,
                "18": 0.9691558399848716
            }
        },
        "8": {
            "avg": 0.006350595238095237,
            "std": 0.0014599265743441316,
            "words": {
                "3": "[1 4 4]",
                "6": "[5 5 5]",
                "9": "[5 6 5]",
                "12": "[4 4 4]",
                "15": "[4 5 5]",
                "18": "[8 6 5]",
                "21": "[5 5 5]"
            },
            "symbolic": {
                "0": 4,
                "3": 5,
                "6": 5,
                "9": 4,
                "12": 5,
                "15": 6,
                "18": 5
            },
            "avg_amplitude": {
                "0": -0.5747477118047407,
                "3": 0.20546819995306306,
                "6": 0.6765235077837755,
                "9": -0.5818535033508042,
                "12": 0.19317322485592855,
                "15": 0.7649482385459857,
                "18": 0.49683172964092925
            }
        },
        "9": {
            "avg": -0.0802365238095238,
            "std": 0.008592006352529354,
            "words": {
                "3": "[1 5 8]",
                "6": "[6 5 5]",
                "9": "[5 5 4]",
                "12": "[4 4 4]",
                "15": "[4 4 4]",
                "18": "[4 4 3]",
                "21": "[4 4 4]"
            },
            "symbolic": {
                "0": 5,
                "3": 5,
                "6": 5,
                "9": 4,
                "12": 4,
                "15": 4,
                "18": 4
            },
            "avg_amplitude": {
                "0": 0.19697930826159196,
                "3": 0.5611136283542264,
                "6": 0.14760106731108105,
                "9": -0.24736444645823882,
                "12": -0.2583396264411216,
                "15": -0.588561647283894,
                "18": -0.3476715501183099
            }
        },
        "10": {
            "avg": -0.23940238095238092,
            "std": 0.007392614493372355,
            "words": {
                "3": "[1 4 8]",
                "6": "[5 5 4]",
                "9": "[4 4 4]",
                "12": "[4 3 4]",
                "15": "[4 4 4]",
                "18": "[4 5 4]",
                "21": "[5 5 5]"
            },
            "symbolic": {
                "0": 4,
                "3": 5,
                "6": 4,
                "9": 4,
                "12": 4,
                "15": 4,
                "18": 5
            },
            "avg_amplitude": {
                "0": -0.0002897710808461203,
                "3": 0.09475514343668585,
                "6": -0.17086834733893483,
                "9": -0.5031391867091671,
                "12": -0.17627740751472934,
                "15": -0.022312373225151633,
                "18": 0.12199362503622317
            }
        },
        "11": {
            "avg": -0.06379109523809524,
            "std": 0.04061773945076801,
            "words": {
                "3": "[8 5 1]",
                "6": "[2 3 4]",
                "9": "[4 4 4]",
                "12": "[4 4 5]",
                "15": "[5 5 5]",
                "18": "[5 5 5]",
                "21": "[5 5 5]"
            },
            "symbolic": {
                "0": 5,
                "3": 3,
                "6": 4,
                "9": 4,
                "12": 5,
                "15": 5,
                "18": 5
            },
            "avg_amplitude": {
                "0": 0.12815042857325346,
                "3": -0.7774314559568065,
                "6": -0.4845155823529162,
                "9": -0.10023036078501506,
                "12": 0.2641654850563553,
                "15": 0.28485111710077526,
                "18": 0.14723503187154288
            }
        },
        "12": {
            "avg": -2.5977019047619045e-10,
            "std": 7.937256755080826e-10,
            "words": {
                "3": "[1 4 4]",
                "6": "[4 3 4]",
                "9": "[4 4 4]",
                "12": "[4 5 5]",
                "15": "[5 5 5]",
                "18": "[6 8 7]",
                "21": "[6 5 6]"
            },
            "symbolic": {
                "0": 4,
                "3": 4,
                "6": 4,
                "9": 5,
                "12": 5,
                "15": 6,
                "18": 6
            },
            "avg_amplitude": {
                "0": -0.5547821406311972,
                "3": -0.6743441554762309,
                "6": -0.6088050314465411,
                "9": 0.05152303246642879,
                "12": 0.514547566434359,
                "15": 0.8982803558275257,
                "18": 0.7372627344325458
            }
        },
        "13": {
            "avg": 0.1306496666666667,
            "std": 0.016112624656874908,
            "words": {
                "3": "[1 3 4]",
                "6": "[5 5 5]",
                "9": "[5 5 5]",
                "12": "[5 6 6]",
                "15": "[6 6 8]",
                "18": "[7 8 7]",
                "21": "[6 6 5]"
            },
            "symbolic": {
                "0": 3,
                "3": 5,
                "6": 5,
                "9": 6,
                "12": 6,
                "15": 7,
                "18": 6
            },
            "avg_amplitude": {
                "0": -0.8369270331083255,
                "3": 0.15911282545805197,
                "6": 0.378720668595307,
                "9": 0.7540340726454507,
                "12": 0.9489553198328503,
                "15": 0.9813564770170361,
                "18": 0.8021215043394401
            }
        },
        "14": {
            "avg": 0.04081519047619049,
            "std": 0.007707082441618537,
            "words": {
                "3": "[6 6 6]",
                "6": "[8 6 6]",
                "9": "[6 5 5]",
                "12": "[5 5 5]",
                "15": "[5 4 4]",
                "18": "[4 3 3]",
                "21": "[3 1 2]"
            },
            "symbolic": {
                "0": 6,
                "3": 6,
                "6": 5,
                "9": 5,
                "12": 4,
                "15": 4,
                "18": 3
            },
            "avg_amplitude": {
                "0": 0.8328214393255046,
                "3": 0.8595603733815117,
                "6": 0.5819632640770857,
                "9": 0.15329719963866317,
                "12": -0.23806082505269477,
                "15": -0.6593797049081599,
                "18": -0.9394760614272809
            }
        },
        "15": {
            "avg": -0.49809380952380955,
            "std": 0.0035852775013804333,
            "words": {
                "3": "[1 3 3]",
                "6": "[4 4 4]",
                "9": "[5 5 5]",
                "12": "[5 6 6]",
                "15": "[6 7 8]",
                "18": "[6 6 6]",
                "21": "[5 5 5]"
            },
            "symbolic": {
                "0": 3,
                "3": 4,
                "6": 5,
                "9": 6,
                "12": 6,
                "15": 6,
                "18": 5
            },
            "avg_amplitude": {
                "0": -0.8977735967387885,
                "3": -0.42238946378175496,
                "6": 0.2724992160551916,
                "9": 0.7704609595484381,
                "12": 0.9448102853559082,
                "15": 0.8482282847287429,
                "18": 0.35591094386954975
            }
        },
        "16": {
            "avg": -1.883595428571428e-09,
            "std": 2.2611358308347726e-09,
            "words": {
                "3": "[8 4 6]",
                "6": "[5 4 4]",
                "9": "[4 4 3]",
                "12": "[4 3 4]",
                "15": "[3 2 1]",
                "18": "[4 4 4]",
                "21": "[5 4 5]"
            },
            "symbolic": {
                "0": 5,
                "3": 4,
                "6": 4,
                "9": 4,
                "12": 3,
                "15": 4,
                "18": 5
            },
            "avg_amplitude": {
                "0": 0.5598398219887297,
                "3": -0.18476621963024112,
                "6": -0.4371437866756636,
                "9": -0.5106055676719966,
                "12": -0.9383788603583522,
                "15": -0.3923758801155146,
                "18": 0.15434492896820132
            }
        },
        "17": {
            "avg": 0.019554714285714283,
            "std": 0.0026324439242433476,
            "words": {
                "3": "[8 4 3]",
                "6": "[4 3 3]",
                "9": "[3 3 3]",
                "12": "[1 2 3]",
                "15": "[4 4 4]",
                "18": "[4 5 5]",
                "21": "[5 5 6]"
            },
            "symbolic": {
                "0": 4,
                "3": 3,
                "6": 3,
                "9": 3,
                "12": 4,
                "15": 5,
                "18": 5
            },
            "avg_amplitude": {
                "0": -0.11821922933034072,
                "3": -0.6943509165731391,
                "6": -0.8326225215114104,
                "9": -0.9138795361017585,
                "12": -0.41361765806210254,
                "15": 0.043322109988776204,
                "18": 0.504451926674149
            }
        },
        "18": {
            "avg": 0.0723654761904762,
            "std": 0.006656134325710741,
            "words": {
                "3": "[7 8 6]",
                "6": "[6 6 6]",
                "9": "[6 6 5]",
                "12": "[5 5 5]",
                "15": "[5 5 5]",
                "18": "[4 4 4]",
                "21": "[4 3 1]"
            },
            "symbolic": {
                "0": 7,
                "3": 6,
                "6": 6,
                "9": 5,
                "12": 5,
                "15": 4,
                "18": 3
            },
            "avg_amplitude": {
                "0": 0.9756391256020752,
                "3": 0.8114116339384965,
                "6": 0.7035321724095351,
                "9": 0.39258367296529656,
                "12": 0.16172656539459088,
                "15": -0.30341484500432264,
                "18": -0.766827219958009
            }
        },
        "19": {
            "avg": -0.5068319047619048,
            "std": 0.030238634992183034,
            "words": {
                "3": "[3 3 3]",
                "6": "[3 3 2]",
                "9": "[2 2 2]",
                "12": "[2 2 2]",
                "15": "[2 2 2]",
                "18": "[2 2 1]",
                "21": "[1 1 8]"
            },
            "symbolic": {
                "0": 3,
                "3": 3,
                "6": 2,
                "9": 2,
                "12": 2,
                "15": 2,
                "18": 4
            },
            "avg_amplitude": {
                "0": -0.8897118169301615,
                "3": -0.943692731329819,
                "6": -0.9689977685989642,
                "9": -0.9850923420215542,
                "12": -0.9898874804158942,
                "15": -0.9972463561695858,
                "18": -0.33323838009780177
            }
        }
    },
    "Y": {
        "0": {
            "avg": 0.013985328571428571,
            "std": 0.003307585499596776,
            "words": {
                "3": "[1 4 4]",
                "6": "[5 5 6]",
                "9": "[8 6 5]",
                "12": "[5 5 5]",
                "15": "[5 5 5]",
                "18": "[5 5 4]",
                "21": "[4 4 4]"
            },
            "symbolic": {
                "0": 4,
                "3": 6,
                "6": 6,
                "9": 5,
                "12": 5,
                "15": 5,
                "18": 4
            },
            "avg_amplitude": {
                "0": -0.6141928160736639,
                "3": 0.6832898393906603,
                "6": 0.8012538985424223,
                "9": 0.5022065219697452,
                "12": 0.3631850295970977,
                "15": 0.07278340016548945,
                "18": -0.3129017885557889
            }
        },
        "1": {
            "avg": 0.2803190476190476,
            "std": 0.004485203345180578,
            "words": {
                "3": "[8 6 6]",
                "6": "[6 5 5]",
                "9": "[5 5 5]",
                "12": "[5 5 5]",
                "15": "[5 5 5]",
                "18": "[5 4 4]",
                "21": "[4 2 1]"
            },
            "symbolic": {
                "0": 6,
                "3": 5,
                "6": 5,
                "9": 5,
                "12": 5,
                "15": 4,
                "18": 3
            },
            "avg_amplitude": {
                "0": 0.8940584088620335,
                "3": 0.6136958710976801,
                "6": 0.3639476334340353,
                "9": 0.32487411883181877,
                "12": 0.22175226586102528,
                "15": -0.09003021148036534,
                "18": -0.8360523665659634
            }
        },
        "2": {
            "avg": -0.35679095238095243,
            "std": 0.002943620058298806,
            "words": {
                "3": "[5 5 5]",
                "6": "[5 5 4]",
                "9": "[4 3 3]",
                "12": "[3 3 3]",
                "15": "[2 2 2]",
                "18": "[1 2 3]",
                "21": "[4 4 8]"
            },
            "symbolic": {
                "0": 5,
                "3": 5,
                "6": 3,
                "9": 3,
                "12": 2,
                "15": 3,
                "18": 5
            },
            "avg_amplitude": {
                "0": 0.34640522875817537,
                "3": 0.028551771585829038,
                "6": -0.7124183006535908,
                "9": -0.9091847265221852,
                "12": -0.9656002751977909,
                "15": -0.9401444788441631,
                "18": 0.12418300653594927
            }
        },
        "3": {
            "avg": -0.1966419047619047,
            "std": 0.028821190749004036,
            "words": {
                "3": "[6 5 4]",
                "6": "[4 3 3]",
                "9": "[3 2 1]",
                "12": "[3 3 3]",
                "15": "[3 3 3]",
                "18": "[4 5 5]",
                "21": "[5 5 8]"
            },
            "symbolic": {
                "0": 5,
                "3": 3,
                "6": 2,
                "9": 3,
                "12": 3,
                "15": 4,
                "18": 5
            },
            "avg_amplitude": {
                "0": 0.12127417519909,
                "3": -0.7541145240803941,
                "6": -0.9685248388320057,
                "9": -0.8659082290481601,
                "12": -0.7704209328782703,
                "15": -0.04611300720515732,
                "18": 0.6778156996587033
            }
        },
        "4": {
            "avg": -0.006770947142857144,
            "std": 0.002554158141672404,
            "words": {
                "3": "[5 5 4]",
                "6": "[4 4 3]",
                "9": "[3 1 3]",
                "12": "[5 8 5]",
                "15": "[5 4 4]",
                "18": "[3 3 3]",
                "21": "[3 3 3]"
            },
            "symbolic": {
                "0": 5,
                "3": 4,
                "6": 3,
                "9": 5,
                "12": 4,
                "15": 3,
                "18": 3
            },
            "avg_amplitude": {
                "0": 0.07455253556534913,
                "3": -0.5930246465677402,
                "6": -0.9267562829554011,
                "9": 0.6102841924566945,
                "12": -0.26430502192185595,
                "15": -0.7981905878216469,
                "18": -0.8831365928875758
            }
        },
        "5": {
            "avg": -0.30098890476190476,
            "std": 0.10206143338298987,
            "words": {
                "3": "[3 3 2]",
                "6": "[2 3 3]",
                "9": "[3 3 3]",
                "12": "[1 3 3]",
                "15": "[3 4 4]",
                "18": "[4 5 5]",
                "21": "[5 6 8]"
            },
            "symbolic": {
                "0": 3,
                "3": 3,
                "6": 3,
                "9": 3,
                "12": 4,
                "15": 5,
                "18": 6
            },
            "avg_amplitude": {
                "0": -0.8764494718628134,
                "3": -0.9417370419152397,
                "6": -0.8349422793832803,
                "9": -0.9085354200563002,
                "12": -0.6191420676118903,
                "15": 0.02840319206632051,
                "18": 0.7861377547067482
            }
        },
        "6": {
            "avg": -0.3112168095238095,
            "std": 0.19324527359462612,
            "words": {
                "3": "[4 4 4]",
                "6": "[4 3 3]",
                "9": "[2 1 3]",
                "12": "[3 4 4]",
                "15": "[4 5 5]",
                "18": "[6 6 7]",
                "21": "[8 7 7]"
            },
            "symbolic": {
                "0": 4,
                "3": 3,
                "6": 2,
                "9": 4,
                "12": 5,
                "15": 6,
                "18": 7
            },
            "avg_amplitude": {
                "0": -0.22960762182547834,
                "3": -0.7732923229682607,
                "6": -0.9645490475950367,
                "9": -0.5602504580051016,
                "12": 0.1919639336335416,
                "15": 0.8405896597510161,
                "18": 0.9907468101253712
            }
        },
        "7": {
            "avg": -0.11218787142857144,
            "std": 0.07253778156525151,
            "words": {
                "3": "[3 3 1]",
                "6": "[3 3 4]",
                "9": "[4 4 3]",
                "12": "[3 3 4]",
                "15": "[4 5 5]",
                "18": "[5 6 6]",
                "21": "[6 8 6]"
            },
            "symbolic": {
                "0": 3,
                "3": 3,
                "6": 3,
                "9": 3,
                "12": 5,
                "15": 6,
                "18": 7
            },
            "avg_amplitude": {
                "0": -0.8492323645801915,
                "3": -0.7341611336383288,
                "6": -0.6866116044488958,
                "9": -0.7382035287711478,
                "12": 0.15204835526760896,
                "15": 0.729480519680726,
                "18": 0.9691558399848716
            }
        },
        "8": {
            "avg": 0.006350595238095237,
            "std": 0.0014599265743441316,
            "words": {
                "3": "[1 4 4]",
                "6": "[5 5 5]",
                "9": "[5 6 5]",
                "12": "[4 4 4]",
                "15": "[4 5 5]",
                "18": "[8 6 5]",
                "21": "[5 5 5]"
            },
            "symbolic": {
                "0": 4,
                "3": 5,
                "6": 5,
                "9": 4,
                "12": 5,
                "15": 6,
                "18": 5
            },
            "avg_amplitude": {
                "0": -0.5747477118047407,
                "3": 0.20546819995306306,
                "6": 0.6765235077837755,
                "9": -0.5818535033508042,
                "12": 0.19317322485592855,
                "15": 0.7649482385459857,
                "18": 0.49683172964092925
            }
        },
        "9": {
            "avg": -0.0802365238095238,
            "std": 0.008592006352529354,
            "words": {
                "3": "[1 5 8]",
                "6": "[6 5 5]",
                "9": "[5 5 4]",
                "12": "[4 4 4]",
                "15": "[4 4 4]",
                "18": "[4 4 3]",
                "21": "[4 4 4]"
            },
            "symbolic": {
                "0": 5,
                "3": 5,
                "6": 5,
                "9": 4,
                "12": 4,
                "15": 4,
                "18": 4
            },
            "avg_amplitude": {
                "0": 0.19697930826159196,
                "3": 0.5611136283542264,
                "6": 0.14760106731108105,
                "9": -0.24736444645823882,
                "12": -0.2583396264411216,
                "15": -0.588561647283894,
                "18": -0.3476715501183099
            }
        },
        "10": {
            "avg": -0.23940238095238092,
            "std": 0.007392614493372355,
            "words": {
                "3": "[1 4 8]",
                "6": "[5 5 4]",
                "9": "[4 4 4]",
                "12": "[4 3 4]",
                "15": "[4 4 4]",
                "18": "[4 5 4]",
                "21": "[5 5 5]"
            },
            "symbolic": {
                "0": 4,
                "3": 5,
                "6": 4,
                "9": 4,
                "12": 4,
                "15": 4,
                "18": 5
            },
            "avg_amplitude": {
                "0": -0.0002897710808461203,
                "3": 0.09475514343668585,
                "6": -0.17086834733893483,
                "9": -0.5031391867091671,
                "12": -0.17627740751472934,
                "15": -0.022312373225151633,
                "18": 0.12199362503622317
            }
        },
        "11": {
            "avg": -0.06379109523809524,
            "std": 0.04061773945076801,
            "words": {
                "3": "[8 5 1]",
                "6": "[2 3 4]",
                "9": "[4 4 4]",
                "12": "[4 4 5]",
                "15": "[5 5 5]",
                "18": "[5 5 5]",
                "21": "[5 5 5]"
            },
            "symbolic": {
                "0": 5,
                "3": 3,
                "6": 4,
                "9": 4,
                "12": 5,
                "15": 5,
                "18": 5
            },
            "avg_amplitude": {
                "0": 0.12815042857325346,
                "3": -0.7774314559568065,
                "6": -0.4845155823529162,
                "9": -0.10023036078501506,
                "12": 0.2641654850563553,
                "15": 0.28485111710077526,
                "18": 0.14723503187154288
            }
        },
        "12": {
            "avg": -2.5977019047619045e-10,
            "std": 7.937256755080826e-10,
            "words": {
                "3": "[1 4 4]",
                "6": "[4 3 4]",
                "9": "[4 4 4]",
                "12": "[4 5 5]",
                "15": "[5 5 5]",
                "18": "[6 8 7]",
                "21": "[6 5 6]"
            },
            "symbolic": {
                "0": 4,
                "3": 4,
                "6": 4,
                "9": 5,
                "12": 5,
                "15": 6,
                "18": 6
            },
            "avg_amplitude": {
                "0": -0.5547821406311972,
                "3": -0.6743441554762309,
                "6": -0.6088050314465411,
                "9": 0.05152303246642879,
                "12": 0.514547566434359,
                "15": 0.8982803558275257,
                "18": 0.7372627344325458
            }
        },
        "13": {
            "avg": 0.1306496666666667,
            "std": 0.016112624656874908,
            "words": {
                "3": "[1 3 4]",
                "6": "[5 5 5]",
                "9": "[5 5 5]",
                "12": "[5 6 6]",
                "15": "[6 6 8]",
                "18": "[7 8 7]",
                "21": "[6 6 5]"
            },
            "symbolic": {
                "0": 3,
                "3": 5,
                "6": 5,
                "9": 6,
                "12": 6,
                "15": 7,
                "18": 6
            },
            "avg_amplitude": {
                "0": -0.8369270331083255,
                "3": 0.15911282545805197,
                "6": 0.378720668595307,
                "9": 0.7540340726454507,
                "12": 0.9489553198328503,
                "15": 0.9813564770170361,
                "18": 0.8021215043394401
            }
        },
        "14": {
            "avg": 0.04081519047619049,
            "std": 0.007707082441618537,
            "words": {
                "3": "[6 6 6]",
                "6": "[8 6 6]",
                "9": "[6 5 5]",
                "12": "[5 5 5]",
                "15": "[5 4 4]",
                "18": "[4 3 3]",
                "21": "[3 1 2]"
            },
            "symbolic": {
                "0": 6,
                "3": 6,
                "6": 5,
                "9": 5,
                "12": 4,
                "15": 4,
                "18": 3
            },
            "avg_amplitude": {
                "0": 0.8328214393255046,
                "3": 0.8595603733815117,
                "6": 0.5819632640770857,
                "9": 0.15329719963866317,
                "12": -0.23806082505269477,
                "15": -0.6593797049081599,
                "18": -0.9394760614272809
            }
        },
        "15": {
            "avg": -0.49809380952380955,
            "std": 0.0035852775013804333,
            "words": {
                "3": "[1 3 3]",
                "6": "[4 4 4]",
                "9": "[5 5 5]",
                "12": "[5 6 6]",
                "15": "[6 7 8]",
                "18": "[6 6 6]",
                "21": "[5 5 5]"
            },
            "symbolic": {
                "0": 3,
                "3": 4,
                "6": 5,
                "9": 6,
                "12": 6,
                "15": 6,
                "18": 5
            },
            "avg_amplitude": {
                "0": -0.8977735967387885,
                "3": -0.42238946378175496,
                "6": 0.2724992160551916,
                "9": 0.7704609595484381,
                "12": 0.9448102853559082,
                "15": 0.8482282847287429,
                "18": 0.35591094386954975
            }
        },
        "16": {
            "avg": -1.883595428571428e-09,
            "std": 2.2611358308347726e-09,
            "words": {
                "3": "[8 4 6]",
                "6": "[5 4 4]",
                "9": "[4 4 3]",
                "12": "[4 3 4]",
                "15": "[3 2 1]",
                "18": "[4 4 4]",
                "21": "[5 4 5]"
            },
            "symbolic": {
                "0": 5,
                "3": 4,
                "6": 4,
                "9": 4,
                "12": 3,
                "15": 4,
                "18": 5
            },
            "avg_amplitude": {
                "0": 0.5598398219887297,
                "3": -0.18476621963024112,
                "6": -0.4371437866756636,
                "9": -0.5106055676719966,
                "12": -0.9383788603583522,
                "15": -0.3923758801155146,
                "18": 0.15434492896820132
            }
        },
        "17": {
            "avg": 0.019554714285714283,
            "std": 0.0026324439242433476,
            "words": {
                "3": "[8 4 3]",
                "6": "[4 3 3]",
                "9": "[3 3 3]",
                "12": "[1 2 3]",
                "15": "[4 4 4]",
                "18": "[4 5 5]",
                "21": "[5 5 6]"
            },
            "symbolic": {
                "0": 4,
                "3": 3,
                "6": 3,
                "9": 3,
                "12": 4,
                "15": 5,
                "18": 5
            },
            "avg_amplitude": {
                "0": -0.11821922933034072,
                "3": -0.6943509165731391,
                "6": -0.8326225215114104,
                "9": -0.9138795361017585,
                "12": -0.41361765806210254,
                "15": 0.043322109988776204,
                "18": 0.504451926674149
            }
        },
        "18": {
            "avg": 0.0723654761904762,
            "std": 0.006656134325710741,
            "words": {
                "3": "[7 8 6]",
                "6": "[6 6 6]",
                "9": "[6 6 5]",
                "12": "[5 5 5]",
                "15": "[5 5 5]",
                "18": "[4 4 4]",
                "21": "[4 3 1]"
            },
            "symbolic": {
                "0": 7,
                "3": 6,
                "6": 6,
                "9": 5,
                "12": 5,
                "15": 4,
                "18": 3
            },
            "avg_amplitude": {
                "0": 0.9756391256020752,
                "3": 0.8114116339384965,
                "6": 0.7035321724095351,
                "9": 0.39258367296529656,
                "12": 0.16172656539459088,
                "15": -0.30341484500432264,
                "18": -0.766827219958009
            }
        },
        "19": {
            "avg": -0.5068319047619048,
            "std": 0.030238634992183034,
            "words": {
                "3": "[3 3 3]",
                "6": "[3 3 2]",
                "9": "[2 2 2]",
                "12": "[2 2 2]",
                "15": "[2 2 2]",
                "18": "[2 2 1]",
                "21": "[1 1 8]"
            },
            "symbolic": {
                "0": 3,
                "3": 3,
                "6": 2,
                "9": 2,
                "12": 2,
                "15": 2,
                "18": 4
            },
            "avg_amplitude": {
                "0": -0.8897118169301615,
                "3": -0.943692731329819,
                "6": -0.9689977685989642,
                "9": -0.9850923420215542,
                "12": -0.9898874804158942,
                "15": -0.9972463561695858,
                "18": -0.33323838009780177
            }
        }
    },
    "Z": {
        "0": {
            "avg": 0.013985328571428571,
            "std": 0.003307585499596776,
            "words": {
                "3": "[1 4 4]",
                "6": "[5 5 6]",
                "9": "[8 6 5]",
                "12": "[5 5 5]",
                "15": "[5 5 5]",
                "18": "[5 5 4]",
                "21": "[4 4 4]"
            },
            "symbolic": {
                "0": 4,
                "3": 6,
                "6": 6,
                "9": 5,
                "12": 5,
                "15": 5,
                "18": 4
            },
            "avg_amplitude": {
                "0": -0.6141928160736639,
                "3": 0.6832898393906603,
                "6": 0.8012538985424223,
                "9": 0.5022065219697452,
                "12": 0.3631850295970977,
                "15": 0.07278340016548945,
                "18": -0.3129017885557889
            }
        },
        "1": {
            "avg": 0.2803190476190476,
            "std": 0.004485203345180578,
            "words": {
                "3": "[8 6 6]",
                "6": "[6 5 5]",
                "9": "[5 5 5]",
                "12": "[5 5 5]",
                "15": "[5 5 5]",
                "18": "[5 4 4]",
                "21": "[4 2 1]"
            },
            "symbolic": {
                "0": 6,
                "3": 5,
                "6": 5,
                "9": 5,
                "12": 5,
                "15": 4,
                "18": 3
            },
            "avg_amplitude": {
                "0": 0.8940584088620335,
                "3": 0.6136958710976801,
                "6": 0.3639476334340353,
                "9": 0.32487411883181877,
                "12": 0.22175226586102528,
                "15": -0.09003021148036534,
                "18": -0.8360523665659634
            }
        },
        "2": {
            "avg": -0.35679095238095243,
            "std": 0.002943620058298806,
            "words": {
                "3": "[5 5 5]",
                "6": "[5 5 4]",
                "9": "[4 3 3]",
                "12": "[3 3 3]",
                "15": "[2 2 2]",
                "18": "[1 2 3]",
                "21": "[4 4 8]"
            },
            "symbolic": {
                "0": 5,
                "3": 5,
                "6": 3,
                "9": 3,
                "12": 2,
                "15": 3,
                "18": 5
            },
            "avg_amplitude": {
                "0": 0.34640522875817537,
                "3": 0.028551771585829038,
                "6": -0.7124183006535908,
                "9": -0.9091847265221852,
                "12": -0.9656002751977909,
                "15": -0.9401444788441631,
                "18": 0.12418300653594927
            }
        },
        "3": {
            "avg": -0.1966419047619047,
            "std": 0.028821190749004036,
            "words": {
                "3": "[6 5 4]",
                "6": "[4 3 3]",
                "9": "[3 2 1]",
                "12": "[3 3 3]",
                "15": "[3 3 3]",
                "18": "[4 5 5]",
                "21": "[5 5 8]"
            },
            "symbolic": {
                "0": 5,
                "3": 3,
                "6": 2,
                "9": 3,
                "12": 3,
                "15": 4,
                "18": 5
            },
            "avg_amplitude": {
                "0": 0.12127417519909,
                "3": -0.7541145240803941,
                "6": -0.9685248388320057,
                "9": -0.8659082290481601,
                "12": -0.7704209328782703,
                "15": -0.04611300720515732,
                "18": 0.6778156996587033
            }
        },
        "4": {
            "avg": -0.006770947142857144,
            "std": 0.002554158141672404,
            "words": {
                "3": "[5 5 4]",
                "6": "[4 4 3]",
                "9": "[3 1 3]",
                "12": "[5 8 5]",
                "15": "[5 4 4]",
                "18": "[3 3 3]",
                "21": "[3 3 3]"
            },
            "symbolic": {
                "0": 5,
                "3": 4,
                "6": 3,
                "9": 5,
                "12": 4,
                "15": 3,
                "18": 3
            },
            "avg_amplitude": {
                "0": 0.07455253556534913,
                "3": -0.5930246465677402,
                "6": -0.9267562829554011,
                "9": 0.6102841924566945,
                "12": -0.26430502192185595,
                "15": -0.7981905878216469,
                "18": -0.8831365928875758
            }
        },
        "5": {
            "avg": -0.30098890476190476,
            "std": 0.10206143338298987,
            "words": {
                "3": "[3 3 2]",
                "6": "[2 3 3]",
                "9": "[3 3 3]",
                "12": "[1 3 3]",
                "15": "[3 4 4]",
                "18": "[4 5 5]",
                "21": "[5 6 8]"
            },
            "symbolic": {
                "0": 3,
                "3": 3,
                "6": 3,
                "9": 3,
                "12": 4,
                "15": 5,
                "18": 6
            },
            "avg_amplitude": {
                "0": -0.8764494718628134,
                "3": -0.9417370419152397,
                "6": -0.8349422793832803,
                "9": -0.9085354200563002,
                "12": -0.6191420676118903,
                "15": 0.02840319206632051,
                "18": 0.7861377547067482
            }
        },
        "6": {
            "avg": -0.3112168095238095,
            "std": 0.19324527359462612,
            "words": {
                "3": "[4 4 4]",
                "6": "[4 3 3]",
                "9": "[2 1 3]",
                "12": "[3 4 4]",
                "15": "[4 5 5]",
                "18": "[6 6 7]",
                "21": "[8 7 7]"
            },
            "symbolic": {
                "0": 4,
                "3": 3,
                "6": 2,
                "9": 4,
                "12": 5,
                "15": 6,
                "18": 7
            },
            "avg_amplitude": {
                "0": -0.22960762182547834,
                "3": -0.7732923229682607,
                "6": -0.9645490475950367,
                "9": -0.5602504580051016,
                "12": 0.1919639336335416,
                "15": 0.8405896597510161,
                "18": 0.9907468101253712
            }
        },
        "7": {
            "avg": -0.11218787142857144,
            "std": 0.07253778156525151,
            "words": {
                "3": "[3 3 1]",
                "6": "[3 3 4]",
                "9": "[4 4 3]",
                "12": "[3 3 4]",
                "15": "[4 5 5]",
                "18": "[5 6 6]",
                "21": "[6 8 6]"
            },
            "symbolic": {
                "0": 3,
                "3": 3,
                "6": 3,
                "9": 3,
                "12": 5,
                "15": 6,
                "18": 7
            },
            "avg_amplitude": {
                "0": -0.8492323645801915,
                "3": -0.7341611336383288,
                "6": -0.6866116044488958,
                "9": -0.7382035287711478,
                "12": 0.15204835526760896,
                "15": 0.729480519680726,
                "18": 0.9691558399848716
            }
        },
        "8": {
            "avg": 0.006350595238095237,
            "std": 0.0014599265743441316,
            "words": {
                "3": "[1 4 4]",
                "6": "[5 5 5]",
                "9": "[5 6 5]",
                "12": "[4 4 4]",
                "15": "[4 5 5]",
                "18": "[8 6 5]",
                "21": "[5 5 5]"
            },
            "symbolic": {
                "0": 4,
                "3": 5,
                "6": 5,
                "9": 4,
                "12": 5,
                "15": 6,
                "18": 5
            },
            "avg_amplitude": {
                "0": -0.5747477118047407,
                "3": 0.20546819995306306,
                "6": 0.6765235077837755,
                "9": -0.5818535033508042,
                "12": 0.19317322485592855,
                "15": 0.7649482385459857,
                "18": 0.49683172964092925
            }
        },
        "9": {
            "avg": -0.0802365238095238,
            "std": 0.008592006352529354,
            "words": {
                "3": "[1 5 8]",
                "6": "[6 5 5]",
                "9": "[5 5 4]",
                "12": "[4 4 4]",
                "15": "[4 4 4]",
                "18": "[4 4 3]",
                "21": "[4 4 4]"
            },
            "symbolic": {
                "0": 5,
                "3": 5,
                "6": 5,
                "9": 4,
                "12": 4,
                "15": 4,
                "18": 4
            },
            "avg_amplitude": {
                "0": 0.19697930826159196,
                "3": 0.5611136283542264,
                "6": 0.14760106731108105,
                "9": -0.24736444645823882,
                "12": -0.2583396264411216,
                "15": -0.588561647283894,
                "18": -0.3476715501183099
            }
        },
        "10": {
            "avg": -0.23940238095238092,
            "std": 0.007392614493372355,
            "words": {
                "3": "[1 4 8]",
                "6": "[5 5 4]",
                "9": "[4 4 4]",
                "12": "[4 3 4]",
                "15": "[4 4 4]",
                "18": "[4 5 4]",
                "21": "[5 5 5]"
            },
            "symbolic": {
                "0": 4,
                "3": 5,
                "6": 4,
                "9": 4,
                "12": 4,
                "15": 4,
                "18": 5
            },
            "avg_amplitude": {
                "0": -0.0002897710808461203,
                "3": 0.09475514343668585,
                "6": -0.17086834733893483,
                "9": -0.5031391867091671,
                "12": -0.17627740751472934,
                "15": -0.022312373225151633,
                "18": 0.12199362503622317
            }
        },
        "11": {
            "avg": -0.06379109523809524,
            "std": 0.04061773945076801,
            "words": {
                "3": "[8 5 1]",
                "6": "[2 3 4]",
                "9": "[4 4 4]",
                "12": "[4 4 5]",
                "15": "[5 5 5]",
                "18": "[5 5 5]",
                "21": "[5 5 5]"
            },
            "symbolic": {
                "0": 5,
                "3": 3,
                "6": 4,
                "9": 4,
                "12": 5,
                "15": 5,
                "18": 5
            },
            "avg_amplitude": {
                "0": 0.12815042857325346,
                "3": -0.7774314559568065,
                "6": -0.4845155823529162,
                "9": -0.10023036078501506,
                "12": 0.2641654850563553,
                "15": 0.28485111710077526,
                "18": 0.14723503187154288
            }
        },
        "12": {
            "avg": -2.5977019047619045e-10,
            "std": 7.937256755080826e-10,
            "words": {
                "3": "[1 4 4]",
                "6": "[4 3 4]",
                "9": "[4 4 4]",
                "12": "[4 5 5]",
                "15": "[5 5 5]",
                "18": "[6 8 7]",
                "21": "[6 5 6]"
            },
            "symbolic": {
                "0": 4,
                "3": 4,
                "6": 4,
                "9": 5,
                "12": 5,
                "15": 6,
                "18": 6
            },
            "avg_amplitude": {
                "0": -0.5547821406311972,
                "3": -0.6743441554762309,
                "6": -0.6088050314465411,
                "9": 0.05152303246642879,
                "12": 0.514547566434359,
                "15": 0.8982803558275257,
                "18": 0.7372627344325458
            }
        },
        "13": {
            "avg": 0.1306496666666667,
            "std": 0.016112624656874908,
            "words": {
                "3": "[1 3 4]",
                "6": "[5 5 5]",
                "9": "[5 5 5]",
                "12": "[5 6 6]",
                "15": "[6 6 8]",
                "18": "[7 8 7]",
                "21": "[6 6 5]"
            },
            "symbolic": {
                "0": 3,
                "3": 5,
                "6": 5,
                "9": 6,
                "12": 6,
                "15": 7,
                "18": 6
            },
            "avg_amplitude": {
                "0": -0.8369270331083255,
                "3": 0.15911282545805197,
                "6": 0.378720668595307,
                "9": 0.7540340726454507,
                "12": 0.9489553198328503,
                "15": 0.9813564770170361,
                "18": 0.8021215043394401
            }
        },
        "14": {
            "avg": 0.04081519047619049,
            "std": 0.007707082441618537,
            "words": {
                "3": "[6 6 6]",
                "6": "[8 6 6]",
                "9": "[6 5 5]",
                "12": "[5 5 5]",
                "15": "[5 4 4]",
                "18": "[4 3 3]",
                "21": "[3 1 2]"
            },
            "symbolic": {
                "0": 6,
                "3": 6,
                "6": 5,
                "9": 5,
                "12": 4,
                "15": 4,
                "18": 3
            },
            "avg_amplitude": {
                "0": 0.8328214393255046,
                "3": 0.8595603733815117,
                "6": 0.5819632640770857,
                "9": 0.15329719963866317,
                "12": -0.23806082505269477,
                "15": -0.6593797049081599,
                "18": -0.9394760614272809
            }
        },
        "15": {
            "avg": -0.49809380952380955,
            "std": 0.0035852775013804333,
            "words": {
                "3": "[1 3 3]",
                "6": "[4 4 4]",
                "9": "[5 5 5]",
                "12": "[5 6 6]",
                "15": "[6 7 8]",
                "18": "[6 6 6]",
                "21": "[5 5 5]"
            },
            "symbolic": {
                "0": 3,
                "3": 4,
                "6": 5,
                "9": 6,
                "12": 6,
                "15": 6,
                "18": 5
            },
            "avg_amplitude": {
                "0": -0.8977735967387885,
                "3": -0.42238946378175496,
                "6": 0.2724992160551916,
                "9": 0.7704609595484381,
                "12": 0.9448102853559082,
                "15": 0.8482282847287429,
                "18": 0.35591094386954975
            }
        },
        "16": {
            "avg": -1.883595428571428e-09,
            "std": 2.2611358308347726e-09,
            "words": {
                "3": "[8 4 6]",
                "6": "[5 4 4]",
                "9": "[4 4 3]",
                "12": "[4 3 4]",
                "15": "[3 2 1]",
                "18": "[4 4 4]",
                "21": "[5 4 5]"
            },
            "symbolic": {
                "0": 5,
                "3": 4,
                "6": 4,
                "9": 4,
                "12": 3,
                "15": 4,
                "18": 5
            },
            "avg_amplitude": {
                "0": 0.5598398219887297,
                "3": -0.18476621963024112,
                "6": -0.4371437866756636,
                "9": -0.5106055676719966,
                "12": -0.9383788603583522,
                "15": -0.3923758801155146,
                "18": 0.15434492896820132
            }
        },
        "17": {
            "avg": 0.019554714285714283,
            "std": 0.0026324439242433476,
            "words": {
                "3": "[8 4 3]",
                "6": "[4 3 3]",
                "9": "[3 3 3]",
                "12": "[1 2 3]",
                "15": "[4 4 4]",
                "18": "[4 5 5]",
                "21": "[5 5 6]"
            },
            "symbolic": {
                "0": 4,
                "3": 3,
                "6": 3,
                "9": 3,
                "12": 4,
                "15": 5,
                "18": 5
            },
            "avg_amplitude": {
                "0": -0.11821922933034072,
                "3": -0.6943509165731391,
                "6": -0.8326225215114104,
                "9": -0.9138795361017585,
                "12": -0.41361765806210254,
                "15": 0.043322109988776204,
                "18": 0.504451926674149
            }
        },
        "18": {
            "avg": 0.0723654761904762,
            "std": 0.006656134325710741,
            "words": {
                "3": "[7 8 6]",
                "6": "[6 6 6]",
                "9": "[6 6 5]",
                "12": "[5 5 5]",
                "15": "[5 5 5]",
                "18": "[4 4 4]",
                "21": "[4 3 1]"
            },
            "symbolic": {
                "0": 7,
                "3": 6,
                "6": 6,
                "9": 5,
                "12": 5,
                "15": 4,
                "18": 3
            },
            "avg_amplitude": {
                "0": 0.9756391256020752,
                "3": 0.8114116339384965,
                "6": 0.7035321724095351,
                "9": 0.39258367296529656,
                "12": 0.16172656539459088,
                "15": -0.30341484500432264,
                "18": -0.766827219958009
            }
        },
        "19": {
            "avg": -0.5068319047619048,
            "std": 0.030238634992183034,
            "words": {
                "3": "[3 3 3]",
                "6": "[3 3 2]",
                "9": "[2 2 2]",
                "12": "[2 2 2]",
                "15": "[2 2 2]",
                "18": "[2 2 1]",
                "21": "[1 1 8]"
            },
            "symbolic": {
                "0": 3,
                "3": 3,
                "6": 2,
                "9": 2,
                "12": 2,
                "15": 2,
                "18": 4
            },
            "avg_amplitude": {
                "0": -0.8897118169301615,
                "3": -0.943692731329819,
                "6": -0.9689977685989642,
                "9": -0.9850923420215542,
                "12": -0.9898874804158942,
                "15": -0.9972463561695858,
                "18": -0.33323838009780177
            }
        }
    }
}