{
    "W": {
        "0": {
            "avg": 0.010059679310344826,
            "std": 0.0029812254978183656,
            "words": {
                "3": "[1 3 3]",
                "6": "[4 4 4]",
                "9": "[4 4 5]",
                "12": "[5 6 7]",
                "15": "[8 7 6]",
                "18": "[5 4 5]",
                "21": "[4 4 5]",
                "24": "[4 5 5]",
                "27": "[5 6 6]"
            },
            "symbolic": {
                "0": 3,
                "3": 4,
                "6": 4,
                "9": 6,
                "12": 6,
                "15": 5,
                "18": 4,
                "21": 5,
                "24": 6
            },
            "avg_amplitude": {
                "0": -0.8271018835769702,
                "3": -0.46866015774643843,
                "6": -0.15452778105968648,
                "9": 0.7751594112613627,
                "12": 0.903547683748107,
                "15": 0.35434232337661875,
                "18": -0.2363869406284795,
                "21": 0.08865092066492664,
                "24": 0.8034434980612873
            }
        },
        "1": {
            "avg": 0.20421206896551722,
            "std": 0.028076365935390053,
            "words": {
                "3": "[1 2 2]",
                "6": "[2 3 3]",
                "9": "[3 4 4]",
                "12": "[4 4 5]",
                "15": "[5 5 5]",
                "18": "[5 6 6]",
                "21": "[7 8 7]",
                "24": "[7 6 6]",
                "27": "[5 5 5]"
            },
            "symbolic": {
                "0": 2,
                "3": 3,
                "6": 4,
                "9": 5,
                "12": 5,
                "15": 6,
                "18": 7,
                "21": 6,
                "24": 5
            },
            "avg_amplitude": {
                "0": -0.9939463699535324,
                "3": -0.8864304898324598,
                "6": -0.5071833567804926,
                "9": 0.05776527262650766,
                "12": 0.4017990365349358,
                "15": 0.7862471756831648,
                "18": 0.9901948245726221,
                "21": 0.8938483181992583,
                "24": 0.48748774353071567
            }
        },
        "2": {
            "avg": -0.2664341379310345,
            "std": 0.03395596113426514,
            "words": {
                "3": "[7 8 7]",
                "6": "[6 6 5]",
                "9": "[5 5 5]",
                "12": "[4 4 4]",
                "15": "[4 4 4]",
                "18": "[3 3 2]",
                "21": "[1 1 2]",
                "24": "[2 3 3]",
                "27": "[3 4 4]"
            },
            "symbolic": {
                "0": 7,
                "3": 6,
                "6": 5,
                "9": 4,
                "12": 4,
                "15": 3,
                "18": 2,
                "21": 3,
                "24": 4
            },
            "avg_amplitude": {
                "0": 0.9861139612832613,
                "3": 0.7599699021820916,
                "6": 0.22833299131267548,
                "9": -0.3113756070866675,
                "12": -0.6315069430193578,
                "15": -0.859361105410767,
                "18": -0.9969902182091799,
                "21": -0.9056022983788221,
                "24": -0.5981257267938983
            }
        },
        "3": {
            "avg": -0.12460386206896555,
            "std": 0.02639140882495684,
            "words": {
                "3": "[5 5 5]",
                "6": "[4 4 4]",
                "9": "[4 3 3]",
                "12": "[3 3 3]",
                "15": "[3 1 1]",
                "18": "[2 3 4]",
                "21": "[4 4 4]",
                "24": "[4 4 5]",
                "27": "[5 5 6]"
            },
            "symbolic": {
                "0": 5,
                "3": 4,
                "6": 3,
                "9": 3,
                "12": 2,
                "15": 3,
                "18": 4,
                "21": 4,
                "24": 5
            },
            "avg_amplitude": {
                "0": 0.37736044162331556,
                "3": -0.4161536136432333,
                "6": -0.7349623761116151,
                "9": -0.89738939531332,
                "12": -0.9825800601345867,
                "15": -0.7310647639956089,
                "18": -0.4890150972812166,
                "21": -0.16519511923511335,
                "24": 0.5770056793776547
            }
        },
        "4": {
            "avg": -0.017968662068965517,
            "std": 0.006618956855524559,
            "words": {
                "3": "[5 5 4]",
                "6": "[4 4 4]",
                "9": "[4 4 4]",
                "12": "[4 3 3]",
                "15": "[3 3 3]",
                "18": "[1 4 4]",
                "21": "[5 5 5]",
                "24": "[5 5 5]",
                "27": "[5 5 6]"
            },
            "symbolic": {
                "0": 5,
                "3": 4,
                "6": 4,
                "9": 4,
                "12": 3,
                "15": 4,
                "18": 5,
                "21": 5,
                "24": 6
            },
            "avg_amplitude": {
                "0": 0.17191980128289963,
                "3": -0.391892816887911,
                "6": -0.4987352015539602,
                "9": -0.6801421320105804,
                "12": -0.8458816854447021,
                "15": -0.5367628156862385,
                "18": 0.22953924221612784,
                "21": 0.36969381686205255,
                "24": 0.7154500111801186
            }
        },
        "5": {
            "avg": -0.13849344827586207,
            "std": 0.010609692090544267,
            "words": {
                "3": "[1 4 4]",
                "6": "[5 5 5]",
                "9": "[5 5 6]",
                "12": "[6 6 6]",
                "15": "[6 6 6]",
                "18": "[6 5 5]",
                "21": "[5 5 5]",
                "24": "[6 6 6]",
                "27": "[6 6 6]"
            },
            "symbolic": {
                "0": 4,
                "3": 5,
                "6": 5,
                "9": 6,
                "12": 6,
                "15": 5,
                "18": 5,
                "21": 6,
                "24": 6
            },
            "avg_amplitude": {
                "0": -0.48863253052688416,
                "3": 0.4128044255548806,
                "6": 0.6444714295351813,
                "9": 0.7378398434864729,
                "12": 0.8391688592052886,
                "15": 0.6709168184578017,
                "18": 0.4732510288065839,
                "21": 0.7749443432503536,
                "24": 0.8961074006611343
            }
        },
        "6": {
            "avg": -0.22342965517241378,
            "std": 0.004115328040004505,
            "words": {
                "3": "[4 4 4]",
                "6": "[3 3 1]",
                "9": "[3 4 4]",
                "12": "[4 4 4]",
                "15": "[5 5 5]",
                "18": "[6 6 5]",
                "21": "[6 6 6]",
                "24": "[6 6 6]",
                "27": "[6 6 6]"
            },
            "symbolic": {
                "0": 4,
                "3": 3,
                "6": 4,
                "9": 4,
                "12": 5,
                "15": 6,
                "18": 6,
                "21": 6,
                "24": 6
            },
            "avg_amplitude": {
                "0": -0.49067599067598905,
                "3": -0.8607226107226077,
                "6": -0.6736596736596702,
                "9": -0.35489510489510057,
                "12": 0.33857808857808896,
                "15": 0.7284382284382277,
                "18": 0.8729603729603724,
                "21": 0.87995337995338,
                "24": 0.8554778554778553
            }
        },
        "7": {
            "avg": -0.022139358620689654,
            "std": 0.00808441746096938,
            "words": {
                "3": "[4 3 1]",
                "6": "[3 3 4]",
                "9": "[4 4 3]",
                "12": "[3 2 4]",
                "15": "[5 5 5]",
                "18": "[5 5 8]",
                "21": "[6 5 5]",
                "24": "[5 5 5]",
                "27": "[5 5 4]"
            },
            "symbolic": {
                "0": 4,
                "3": 3,
                "6": 4,
                "9": 3,
                "12": 5,
                "15": 5,
                "18": 5,
                "21": 5,
                "24": 5
            },
            "avg_amplitude": {
                "0": -0.6597637850482182,
                "3": -0.7300291285032282,
                "6": -0.6695795169895021,
                "9": -0.8436366649457266,
                "12": 0.0725408085868533,
                "15": 0.5858016074854517,
                "18": 0.6353799771816101,
                "21": 0.4305473226635052,
                "24": 0.3270614630539675
            }
        },
        "8": {
            "avg": 0.014202231034482756,
            "std": 0.005854473758960715,
            "words": {
                "3": "[4 5 5]",
                "6": "[5 5 5]",
                "9": "[5 6 6]",
                "12": "[6 6 7]",
                "15": "[7 8 6]",
                "18": "[6 5 5]",
                "21": "[5 4 4]",
                "24": "[4 4 4]",
                "27": "[4 4 3]"
            },
            "symbolic": {
                "0": 5,
                "3": 5,
                "6": 6,
                "9": 6,
                "12": 7,
                "15": 5,
                "18": 4,
                "21": 4,
                "24": 4
            },
            "avg_amplitude": {
                "0": 0.0034770659393282464,
                "3": 0.3966145453788335,
                "6": 0.7342230735597245,
                "9": 0.9155371407552382,
                "12": 0.9781035069090205,
                "15": 0.43620867947837066,
                "18": -0.03947614982614678,
                "21": -0.19092284522545408,
                "24": -0.5862395635969935
            }
        },
        "9": {
            "avg": -0.33330506896551715,
            "std": 0.13256187109904866,
            "words": {
                "3": "[4 4 4]",
                "6": "[4 4 4]",
                "9": "[4 3 3]",
                "12": "[3 3 3]",
                "15": "[3 3 3]",
                "18": "[3 1 4]",
                "21": "[4 4 5]",
                "24": "[5 5 5]",
                "27": "[5 6 6]"
            },
            "symbolic": {
                "0": 4,
                "3": 4,
                "6": 4,
                "9": 3,
                "12": 3,
                "15": 3,
                "18": 4,
                "21": 5,
                "24": 6
            },
            "avg_amplitude": {
                "0": -0.27059865139406003,
                "3": -0.5633710405451342,
                "6": -0.679433364163129,
                "9": -0.7641283468114878,
                "12": -0.7800333594200838,
                "15": -0.7945945091343151,
                "18": -0.16248883408036294,
                "21": 0.36523821946071555,
                "24": 0.7808649733994196
            }
        },
        "10": {
            "avg": -0.43132034482758624,
            "std": 0.11403881142221334,
            "words": {
                "3": "[3 3 3]",
                "6": "[2 2 2]",
                "9": "[1 2 2]",
                "12": "[2 3 3]",
                "15": "[3 3 3]",
                "18": "[3 4 4]",
                "21": "[4 4 4]",
                "24": "[4 4 5]",
                "27": "[5 6 7]"
            },
            "symbolic": {
                "0": 3,
                "3": 2,
                "6": 2,
                "9": 3,
                "12": 3,
                "15": 4,
                "18": 4,
                "21": 4,
                "24": 6
            },
            "avg_amplitude": {
                "0": -0.900185933949178,
                "3": -0.9667286446497255,
                "6": -0.9943924681993916,
                "9": -0.911715806353235,
                "12": -0.8261665141811525,
                "15": -0.5866757174197482,
                "18": -0.5682003758030082,
                "21": -0.05944967486153311,
                "24": 0.7396924711507243
            }
        },
        "11": {
            "avg": -0.1342574448275862,
            "std": 0.18068172483455458,
            "words": {
                "3": "[4 3 1]",
                "6": "[3 4 4]",
                "9": "[4 3 3]",
                "12": "[3 3 4]",
                "15": "[4 3 8]",
                "18": "[7 6 4]",
                "21": "[4 5 5]",
                "24": "[5 5 5]",
                "27": "[5 5 5]"
            },
            "symbolic": {
                "0": 4,
                "3": 4,
                "6": 3,
                "9": 4,
                "12": 4,
                "15": 5,
                "18": 5,
                "21": 5,
                "24": 5
            },
            "avg_amplitude": {
                "0": -0.6132063698760207,
                "3": -0.5767125145818073,
                "6": -0.704272808659559,
                "9": -0.6263801850193972,
                "12": -0.03675971894414154,
                "15": 0.4999701581617428,
                "18": 0.07341960337484062,
                "21": 0.3096357667995986,
                "24": 0.3954130381704241
            }
        },
        "12": {
            "avg": -9.822516551724138e-10,
            "std": 7.253180521119326e-10,
            "words": {
                "3": "[6 6 6]",
                "6": "[8 6 6]",
                "9": "[6 5 5]",
                "12": "[6 6 5]",
                "15": "[5 4 2]",
                "18": "[1 3 4]",
                "21": "[4 4 4]",
                "24": "[4 5 5]",
                "27": "[4 4 4]"
            },
            "symbolic": {
                "0": 6,
                "3": 6,
                "6": 5,
                "9": 6,
                "12": 4,
                "15": 3,
                "18": 4,
                "21": 5,
                "24": 4
            },
            "avg_amplitude": {
                "0": 0.8105965756873261,
                "3": 0.845033561925994,
                "6": 0.5855660832034207,
                "9": 0.6896584034054651,
                "12": -0.31271422147909417,
                "15": -0.7460440545714494,
                "18": -0.21002253616691313,
                "21": 0.03663675306876887,
                "24": -0.138429145698877
            }
        },
        "13": {
            "avg": 0.13658068965517242,
            "std": 0.0041499457234268925,
            "words": {
                "3": "[6 5 5]",
                "6": "[5 5 5]",
                "9": "[6 6 6]",
                "12": "[8 7 7]",
                "15": "[6 5 5]",
                "18": "[4 4 2]",
                "21": "[1 3 2]",
                "24": "[2 3 3]",
                "27": "[3 4 4]"
            },
            "symbolic": {
                "0": 5,
                "3": 5,
                "6": 6,
                "9": 7,
                "12": 5,
                "15": 3,
                "18": 2,
                "21": 3,
                "24": 4
            },
            "avg_amplitude": {
                "0": 0.38671519563239093,
                "3": 0.27327873824689003,
                "6": 0.8804974218986942,
                "9": 0.9884743706399742,
                "12": 0.6451319381255657,
                "15": -0.7088262056414941,
                "18": -0.9714892326357297,
                "21": -0.8070973612374909,
                "24": -0.6493782226266315
            }
        },
        "14": {
            "avg": -0.00015763241379310262,
            "std": 0.006188958241915687,
            "words": {
                "3": "[1 4 4]",
                "6": "[4 4 5]",
                "9": "[5 5 5]",
                "12": "[5 5 6]",
                "15": "[6 6 6]",
                "18": "[7 7 8]",
                "21": "[7 7 6]",
                "24": "[6 6 6]",
                "27": "[5 5 5]"
            },
            "symbolic": {
                "0": 4,
                "3": 4,
                "6": 5,
                "9": 6,
                "12": 6,
                "15": 7,
                "18": 7,
                "21": 6,
                "24": 5
            },
            "avg_amplitude": {
                "0": -0.6303940768226481,
                "3": -0.036527405575024506,
                "6": 0.25090760209807844,
                "9": 0.7102143887858176,
                "12": 0.8691220595982502,
                "15": 0.9858219382028907,
                "18": 0.9612995029661696,
                "21": 0.880746237889095,
                "24": 0.6076347373966423
            }
        },
        "15": {
            "avg": -0.5848234482758621,
            "std": 0.0005626802940396042,
            "words": {
                "3": "[5 8 7]",
                "6": "[6 6 6]",
                "9": "[5 5 5]",
                "12": "[5 5 5]",
                "15": "[5 5 5]",
                "18": "[5 5 5]",
                "21": "[5 5 5]",
                "24": "[5 5 4]",
                "27": "[4 4 4]"
            },
            "symbolic": {
                "0": 6,
                "3": 6,
                "6": 5,
                "9": 5,
                "12": 5,
                "15": 5,
                "18": 5,
                "21": 5,
                "24": 4
            },
            "avg_amplitude": {
                "0": 0.8434782608695427,
                "3": 0.8028985507246084,
                "6": 0.46956521739129103,
                "9": 0.44637681159419934,
                "12": 0.46086956521741795,
                "15": 0.31014492753617734,
                "18": 0.23768115942027798,
                "21": 0.11594202898550654,
                "24": -0.2985507246376798
            }
        },
        "16": {
            "avg": 4.868631034482759e-10,
            "std": 3.234349646726686e-10,
            "words": {
                "3": "[4 4 5]",
                "6": "[4 4 4]",
                "9": "[5 5 5]",
                "12": "[5 4 4]",
                "15": "[4 3 2]",
                "18": "[1 5 8]",
                "21": "[5 5 5]",
                "24": "[5 5 5]",
                "27": "[5 4 4]"
            },
            "symbolic": {
                "0": 4,
                "3": 4,
                "6": 5,
                "9": 4,
                "12": 3,
                "15": 5,
                "18": 5,
                "21": 5,
                "24": 4
            },
            "avg_amplitude": {
                "0": -0.02030499413093449,
                "3": -0.052619378766805815,
                "6": 0.09924146026297342,
                "9": -0.28509355981021717,
                "12": -0.7545463064342713,
                "15": 0.05364030025942249,
                "18": 0.5271160694029333,
                "21": 0.4229722131802444,
                "24": -0.06680377592992637
            }
        },
        "17": {
            "avg": 0.1383955172413793,
            "std": 0.007510836735870801,
            "words": {
                "3": "[1 3 3]",
                "6": "[4 4 4]",
                "9": "[5 5 5]",
                "12": "[6 5 5]",
                "15": "[6 6 6]",
                "18": "[8 6 5]",
                "21": "[5 5 5]",
                "24": "[5 5 5]",
                "27": "[5 5 5]"
            },
            "symbolic": {
                "0": 3,
                "3": 4,
                "6": 5,
                "9": 5,
                "12": 6,
                "15": 6,
                "18": 5,
                "21": 5,
                "24": 5
            },
            "avg_amplitude": {
                "0": -0.9086229086229087,
                "3": -0.4610038610038601,
                "6": 0.3935649935649949,
                "9": 0.6352638352638355,
                "12": 0.8398970398970391,
                "15": 0.8223938223938226,
                "18": 0.6319176319176324,
                "21": 0.6398970398970397,
                "24": 0.4684684684684683
            }
        },
        "18": {
            "avg": 0.009703889655172413,
            "std": 0.006976215133708906,
            "words": {
                "3": "[1 3 4]",
                "6": "[4 4 5]",
                "9": "[4 5 5]",
                "12": "[5 5 6]",
                "15": "[5 5 6]",
                "18": "[5 5 6]",
                "21": "[6 6 6]",
                "24": "[6 6 6]",
                "27": "[6 6 8]"
            },
            "symbolic": {
                "0": 3,
                "3": 4,
                "6": 4,
                "9": 5,
                "12": 5,
                "15": 5,
                "18": 6,
                "21": 6,
                "24": 6
            },
            "avg_amplitude": {
                "0": -0.8189419429891706,
                "3": -0.15033910012239107,
                "6": -0.001501277095358744,
                "9": 0.44392157813171124,
                "12": 0.659620762594907,
                "15": 0.6664068043532997,
                "18": 0.7416187671754851,
                "21": 0.7880977674730478,
                "24": 0.9014138933433508
            }
        },
        "19": {
            "avg": -0.5987879310344829,
            "std": 0.007757603817872759,
            "words": {
                "3": "[8 6 5]",
                "6": "[5 5 5]",
                "9": "[5 5 4]",
                "12": "[4 4 4]",
                "15": "[3 3 3]",
                "18": "[3 3 3]",
                "21": "[2 2 2]",
                "24": "[1 2 2]",
                "27": "[2 2 3]"
            },
            "symbolic": {
                "0": 6,
                "3": 5,
                "6": 5,
                "9": 4,
                "12": 3,
                "15": 3,
                "18": 2,
                "21": 2,
                "24": 3
            },
            "avg_amplitude": {
                "0": 0.7937354671043636,
                "3": 0.3377102995486297,
                "6": 0.06250854876213878,
                "9": -0.44166324716181604,
                "12": -0.7970181917658298,
                "15": -0.9198468061824651,
                "18": -0.9835863766926568,
                "21": -0.9917931883463283,
                "24": -0.9504855696895066
            }
        }
    },
    "X": {
        "0": {
            "avg": 0.010059679310344826,
            "std": 0.0029812254978183656,
            "words": {
                "3": "[1 3 3]",
                "6": "[4 4 4]",
                "9": "[4 4 5]",
                "12": "[5 6 7]",
                "15": "[8 7 6]",
                "18": "[5 4 5]",
                "21": "[4 4 5]",
                "24": "[4 5 5]",
                "27": "[5 6 6]"
            },
            "symbolic": {
                "0": 3,
                "3": 4,
                "6": 4,
                "9": 6,
                "12": 6,
                "15": 5,
                "18": 4,
                "21": 5,
                "24": 6
            },
            "avg_amplitude": {
                "0": -0.8271018835769702,
                "3": -0.46866015774643843,
                "6": -0.15452778105968648,
                "9": 0.7751594112613627,
                "12": 0.903547683748107,
                "15": 0.35434232337661875,
                "18": -0.2363869406284795,
                "21": 0.08865092066492664,
                "24": 0.8034434980612873
            }
        },
        "1": {
            "avg": 0.20421206896551722,
            "std": 0.028076365935390053,
            "words": {
                "3": "[1 2 2]",
                "6": "[2 3 3]",
                "9": "[3 4 4]",
                "12": "[4 4 5]",
                "15": "[5 5 5]",
                "18": "[5 6 6]",
                "21": "[7 8 7]",
                "24": "[7 6 6]",
                "27": "[5 5 5]"
            },
            "symbolic": {
                "0": 2,
                "3": 3,
                "6": 4,
                "9": 5,
                "12": 5,
                "15": 6,
                "18": 7,
                "21": 6,
                "24": 5
            },
            "avg_amplitude": {
                "0": -0.9939463699535324,
                "3": -0.8864304898324598,
                "6": -0.5071833567804926,
                "9": 0.05776527262650766,
                "12": 0.4017990365349358,
                "15": 0.7862471756831648,
                "18": 0.9901948245726221,
                "21": 0.8938483181992583,
                "24": 0.48748774353071567
            }
        },
        "2": {
            "avg": -0.2664341379310345,
            "std": 0.03395596113426514,
            "words": {
                "3": "[7 8 7]",
                "6": "[6 6 5]",
                "9": "[5 5 5]",
                "12": "[4 4 4]",
                "15": "[4 4 4]",
                "18": "[3 3 2]",
                "21": "[1 1 2]",
                "24": "[2 3 3]",
                "27": "[3 4 4]"
            },
            "symbolic": {
                "0": 7,
                "3": 6,
                "6": 5,
                "9": 4,
                "12": 4,
                "15": 3,
                "18": 2,
                "21": 3,
                "24": 4
            },
            "avg_amplitude": {
                "0": 0.9861139612832613,
                "3": 0.7599699021820916,
                "6": 0.22833299131267548,
                "9": -0.3113756070866675,
                "12": -0.6315069430193578,
                "15": -0.859361105410767,
                "18": -0.9969902182091799,
                "21": -0.9056022983788221,
                "24": -0.5981257267938983
            }
        },
        "3": {
            "avg": -0.12460386206896555,
            "std": 0.02639140882495684,
            "words": {
                "3": "[5 5 5]",
                "6": "[4 4 4]",
                "9": "[4 3 3]",
                "12": "[3 3 3]",
                "15": "[3 1 1]",
                "18": "[2 3 4]",
                "21": "[4 4 4]",
                "24": "[4 4 5]",
                "27": "[5 5 6]"
            },
            "symbolic": {
                "0": 5,
                "3": 4,
                "6": 3,
                "9": 3,
                "12": 2,
                "15": 3,
                "18": 4,
                "21": 4,
                "24": 5
            },
            "avg_amplitude": {
                "0": 0.37736044162331556,
                "3": -0.4161536136432333,
                "6": -0.7349623761116151,
                "9": -0.89738939531332,
                "12": -0.9825800601345867,
                "15": -0.7310647639956089,
                "18": -0.4890150972812166,
                "21": -0.16519511923511335,
                "24": 0.5770056793776547
            }
        },
        "4": {
            "avg": -0.017968662068965517,
            "std": 0.006618956855524559,
            "words": {
                "3": "[5 5 4]",
                "6": "[4 4 4]",
                "9": "[4 4 4]",
                "12": "[4 3 3]",
                "15": "[3 3 3]",
                "18": "[1 4 4]",
                "21": "[5 5 5]",
                "24": "[5 5 5]",
                "27": "[5 5 6]"
            },
            "symbolic": {
                "0": 5,
                "3": 4,
                "6": 4,
                "9": 4,
                "12": 3,
                "15": 4,
                "18": 5,
                "21": 5,
                "24": 6
            },
            "avg_amplitude": {
                "0": 0.17191980128289963,
                "3": -0.391892816887911,
                "6": -0.4987352015539602,
                "9": -0.6801421320105804,
                "12": -0.8458816854447021,
                "15": -0.5367628156862385,
                "18": 0.22953924221612784,
                "21": 0.36969381686205255,
                "24": 0.7154500111801186
            }
        },
        "5": {
            "avg": -0.13849344827586207,
            "std": 0.010609692090544267,
            "words": {
                "3": "[1 4 4]",
                "6": "[5 5 5]",
                "9": "[5 5 6]",
                "12": "[6 6 6]",
                "15": "[6 6 6]",
                "18": "[6 5 5]",
                "21": "[5 5 5]",
                "24": "[6 6 6]",
                "27": "[6 6 6]"
            },
            "symbolic": {
                "0": 4,
                "3": 5,
                "6": 5,
                "9": 6,
                "12": 6,
                "15": 5,
                "18": 5,
                "21": 6,
                "24": 6
            },
            "avg_amplitude": {
                "0": -0.48863253052688416,
                "3": 0.4128044255548806,
                "6": 0.6444714295351813,
                "9": 0.7378398434864729,
                "12": 0.8391688592052886,
                "15": 0.6709168184578017,
                "18": 0.4732510288065839,
                "21": 0.7749443432503536,
                "24": 0.8961074006611343
            }
        },
        "6": {
            "avg": -0.22342965517241378,
            "std": 0.004115328040004505,
            "words": {
                "3": "[4 4 4]",
                "6": "[3 3 1]",
                "9": "[3 4 4]",
                "12": "[4 4 4]",
                "15": "[5 5 5]",
                "18": "[6 6 5]",
                "21": "[6 6 6]",
                "24": "[6 6 6]",
                "27": "[6 6 6]"
            },
            "symbolic": {
                "0": 4,
                "3": 3,
                "6": 4,
                "9": 4,
                "12": 5,
                "15": 6,
                "18": 6,
                "21": 6,
                "24": 6
            },
            "avg_amplitude": {
                "0": -0.49067599067598905,
                "3": -0.8607226107226077,
                "6": -0.6736596736596702,
                "9": -0.35489510489510057,
                "12": 0.33857808857808896,
                "15": 0.7284382284382277,
                "18": 0.8729603729603724,
                "21": 0.87995337995338,
                "24": 0.8554778554778553
            }
        },
        "7": {
            "avg": -0.022139358620689654,
            "std": 0.00808441746096938,
            "words": {
                "3": "[4 3 1]",
                "6": "[3 3 4]",
                "9": "[4 4 3]",
                "12": "[3 2 4]",
                "15": "[5 5 5]",
                "18": "[5 5 8]",
                "21": "[6 5 5]",
                "24": "[5 5 5]",
                "27": "[5 5 4]"
            },
            "symbolic": {
                "0": 4,
                "3": 3,
                "6": 4,
                "9": 3,
                "12": 5,
                "15": 5,
                "18": 5,
                "21": 5,
                "24": 5
            },
            "avg_amplitude": {
                "0": -0.6597637850482182,
                "3": -0.7300291285032282,
                "6": -0.6695795169895021,
                "9": -0.8436366649457266,
                "12": 0.0725408085868533,
                "15": 0.5858016074854517,
                "18": 0.6353799771816101,
                "21": 0.4305473226635052,
                "24": 0.3270614630539675
            }
        },
        "8": {
            "avg": 0.014202231034482756,
            "std": 0.005854473758960715,
            "words": {
                "3": "[4 5 5]",
                "6": "[5 5 5]",
                "9": "[5 6 6]",
                "12": "[6 6 7]",
                "15": "[7 8 6]",
                "18": "[6 5 5]",
                "21": "[5 4 4]",
                "24": "[4 4 4]",
                "27": "[4 4 3]"
            },
            "symbolic": {
                "0": 5,
                "3": 5,
                "6": 6,
                "9": 6,
                "12": 7,
                "15": 5,
                "18": 4,
                "21": 4,
                "24": 4
            },
            "avg_amplitude": {
                "0": 0.0034770659393282464,
                "3": 0.3966145453788335,
                "6": 0.7342230735597245,
                "9": 0.9155371407552382,
                "12": 0.9781035069090205,
                "15": 0.43620867947837066,
                "18": -0.03947614982614678,
                "21": -0.19092284522545408,
                "24": -0.5862395635969935
            }
        },
        "9": {
            "avg": -0.33330506896551715,
            "std": 0.13256187109904866,
            "words": {
                "3": "[4 4 4]",
                "6": "[4 4 4]",
                "9": "[4 3 3]",
                "12": "[3 3 3]",
                "15": "[3 3 3]",
                "18": "[3 1 4]",
                "21": "[4 4 5]",
                "24": "[5 5 5]",
                "27": "[5 6 6]"
            },
            "symbolic": {
                "0": 4,
                "3": 4,
                "6": 4,
                "9": 3,
                "12": 3,
                "15": 3,
                "18": 4,
                "21": 5,
                "24": 6
            },
            "avg_amplitude": {
                "0": -0.27059865139406003,
                "3": -0.5633710405451342,
                "6": -0.679433364163129,
                "9": -0.7641283468114878,
                "12": -0.7800333594200838,
                "15": -0.7945945091343151,
                "18": -0.16248883408036294,
                "21": 0.36523821946071555,
                "24": 0.7808649733994196
            }
        },
        "10": {
            "avg": -0.43132034482758624,
            "std": 0.11403881142221334,
            "words": {
                "3": "[3 3 3]",
                "6": "[2 2 2]",
                "9": "[1 2 2]",
                "12": "[2 3 3]",
                "15": "[3 3 3]",
                "18": "[3 4 4]",
                "21": "[4 4 4]",
                "24": "[4 4 5]",
                "27": "[5 6 7]"
            },
            "symbolic": {
                "0": 3,
                "3": 2,
                "6": 2,
                "9": 3,
                "12": 3,
                "15": 4,
                "18": 4,
                "21": 4,
                "24": 6
            },
            "avg_amplitude": {
                "0": -0.900185933949178,
                "3": -0.9667286446497255,
                "6": -0.9943924681993916,
                "9": -0.911715806353235,
                "12": -0.8261665141811525,
                "15": -0.5866757174197482,
                "18": -0.5682003758030082,
                "21": -0.05944967486153311,
                "24": 0.7396924711507243
            }
        },
        "11": {
            "avg": -0.1342574448275862,
            "std": 0.18068172483455458,
            "words": {
                "3": "[4 3 1]",
                "6": "[3 4 4]",
                "9": "[4 3 3]",
                "12": "[3 3 4]",
                "15": "[4 3 8]",
                "18": "[7 6 4]",
                "21": "[4 5 5]",
                "24": "[5 5 5]",
                "27": "[5 5 5]"
            },
            "symbolic": {
                "0": 4,
                "3": 4,
                "6": 3,
                "9": 4,
                "12": 4,
                "15": 5,
                "18": 5,
                "21": 5,
                "24": 5
            },
            "avg_amplitude": {
                "0": -0.6132063698760207,
                "3": -0.5767125145818073,
                "6": -0.704272808659559,
                "9": -0.6263801850193972,
                "12": -0.03675971894414154,
                "15": 0.4999701581617428,
                "18": 0.07341960337484062,
                "21": 0.3096357667995986,
                "24": 0.3954130381704241
            }
        },
        "12": {
            "avg": -9.822516551724138e-10,
            "std": 7.253180521119326e-10,
            "words": {
                "3": "[6 6 6]",
                "6": "[8 6 6]",
                "9": "[6 5 5]",
                "12": "[6 6 5]",
                "15": "[5 4 2]",
                "18": "[1 3 4]",
                "21": "[4 4 4]",
                "24": "[4 5 5]",
                "27": "[4 4 4]"
            },
            "symbolic": {
                "0": 6,
                "3": 6,
                "6": 5,
                "9": 6,
                "12": 4,
                "15": 3,
                "18": 4,
                "21": 5,
                "24": 4
            },
            "avg_amplitude": {
                "0": 0.8105965756873261,
                "3": 0.845033561925994,
                "6": 0.5855660832034207,
                "9": 0.6896584034054651,
                "12": -0.31271422147909417,
                "15": -0.7460440545714494,
                "18": -0.21002253616691313,
                "21": 0.03663675306876887,
                "24": -0.138429145698877
            }
        },
        "13": {
            "avg": 0.13658068965517242,
            "std": 0.0041499457234268925,
            "words": {
                "3": "[6 5 5]",
                "6": "[5 5 5]",
                "9": "[6 6 6]",
                "12": "[8 7 7]",
                "15": "[6 5 5]",
                "18": "[4 4 2]",
                "21": "[1 3 2]",
                "24": "[2 3 3]",
                "27": "[3 4 4]"
            },
            "symbolic": {
                "0": 5,
                "3": 5,
                "6": 6,
                "9": 7,
                "12": 5,
                "15": 3,
                "18": 2,
                "21": 3,
                "24": 4
            },
            "avg_amplitude": {
                "0": 0.38671519563239093,
                "3": 0.27327873824689003,
                "6": 0.8804974218986942,
                "9": 0.9884743706399742,
                "12": 0.6451319381255657,
                "15": -0.7088262056414941,
                "18": -0.9714892326357297,
                "21": -0.8070973612374909,
                "24": -0.6493782226266315
            }
        },
        "14": {
            "avg": -0.00015763241379310262,
            "std": 0.006188958241915687,
            "words": {
                "3": "[1 4 4]",
                "6": "[4 4 5]",
                "9": "[5 5 5]",
                "12": "[5 5 6]",
                "15": "[6 6 6]",
                "18": "[7 7 8]",
                "21": "[7 7 6]",
                "24": "[6 6 6]",
                "27": "[5 5 5]"
            },
            "symbolic": {
                "0": 4,
                "3": 4,
                "6": 5,
                "9": 6,
                "12": 6,
                "15": 7,
                "18": 7,
                "21": 6,
                "24": 5
            },
            "avg_amplitude": {
                "0": -0.6303940768226481,
                "3": -0.036527405575024506,
                "6": 0.25090760209807844,
                "9": 0.7102143887858176,
                "12": 0.8691220595982502,
                "15": 0.9858219382028907,
                "18": 0.9612995029661696,
                "21": 0.880746237889095,
                "24": 0.6076347373966423
            }
        },
        "15": {
            "avg": -0.5848234482758621,
            "std": 0.0005626802940396042,
            "words": {
                "3": "[5 8 7]",
                "6": "[6 6 6]",
                "9": "[5 5 5]",
                "12": "[5 5 5]",
                "15": "[5 5 5]",
                "18": "[5 5 5]",
                "21": "[5 5 5]",
                "24": "[5 5 4]",
                "27": "[4 4 4]"
            },
            "symbolic": {
                "0": 6,
                "3": 6,
                "6": 5,
                "9": 5,
                "12": 5,
                "15": 5,
                "18": 5,
                "21": 5,
                "24": 4
            },
            "avg_amplitude": {
                "0": 0.8434782608695427,
                "3": 0.8028985507246084,
                "6": 0.46956521739129103,
                "9": 0.44637681159419934,
                "12": 0.46086956521741795,
                "15": 0.31014492753617734,
                "18": 0.23768115942027798,
                "21": 0.11594202898550654,
                "24": -0.2985507246376798
            }
        },
        "16": {
            "avg": 4.868631034482759e-10,
            "std": 3.234349646726686e-10,
            "words": {
                "3": "[4 4 5]",
                "6": "[4 4 4]",
                "9": "[5 5 5]",
                "12": "[5 4 4]",
                "15": "[4 3 2]",
                "18": "[1 5 8]",
                "21": "[5 5 5]",
                "24": "[5 5 5]",
                "27": "[5 4 4]"
            },
            "symbolic": {
                "0": 4,
                "3": 4,
                "6": 5,
                "9": 4,
                "12": 3,
                "15": 5,
                "18": 5,
                "21": 5,
                "24": 4
            },
            "avg_amplitude": {
                "0": -0.02030499413093449,
                "3": -0.052619378766805815,
                "6": 0.09924146026297342,
                "9": -0.28509355981021717,
                "12": -0.7545463064342713,
                "15": 0.05364030025942249,
                "18": 0.5271160694029333,
                "21": 0.4229722131802444,
                "24": -0.06680377592992637
            }
        },
        "17": {
            "avg": 0.1383955172413793,
            "std": 0.007510836735870801,
            "words": {
                "3": "[1 3 3]",
                "6": "[4 4 4]",
                "9": "[5 5 5]",
                "12": "[6 5 5]",
                "15": "[6 6 6]",
                "18": "[8 6 5]",
                "21": "[5 5 5]",
                "24": "[5 5 5]",
                "27": "[5 5 5]"
            },
            "symbolic": {
                "0": 3,
                "3": 4,
                "6": 5,
                "9": 5,
                "12": 6,
                "15": 6,
                "18": 5,
                "21": 5,
                "24": 5
            },
            "avg_amplitude": {
                "0": -0.9086229086229087,
                "3": -0.4610038610038601,
                "6": 0.3935649935649949,
                "9": 0.6352638352638355,
                "12": 0.8398970398970391,
                "15": 0.8223938223938226,
                "18": 0.6319176319176324,
                "21": 0.6398970398970397,
                "24": 0.4684684684684683
            }
        },
        "18": {
            "avg": 0.009703889655172413,
            "std": 0.006976215133708906,
            "words": {
                "3": "[1 3 4]",
                "6": "[4 4 5]",
                "9": "[4 5 5]",
                "12": "[5 5 6]",
                "15": "[5 5 6]",
                "18": "[5 5 6]",
                "21": "[6 6 6]",
                "24": "[6 6 6]",
                "27": "[6 6 8]"
            },
            "symbolic": {
                "0": 3,
                "3": 4,
                "6": 4,
                "9": 5,
                "12": 5,
                "15": 5,
                "18": 6,
                "21": 6,
                "24": 6
            },
            "avg_amplitude": {
                "0": -0.8189419429891706,
                "3": -0.15033910012239107,
                "6": -0.001501277095358744,
                "9": 0.44392157813171124,
                "12": 0.659620762594907,
                "15": 0.6664068043532997,
                "18": 0.7416187671754851,
                "21": 0.7880977674730478,
                "24": 0.9014138933433508
            }
        },
        "19": {
            "avg": -0.5987879310344829,
            "std": 0.007757603817872759,
            "words": {
                "3": "[8 6 5]",
                "6": "[5 5 5]",
                "9": "[5 5 4]",
                "12": "[4 4 4]",
                "15": "[3 3 3]",
                "18": "[3 3 3]",
                "21": "[2 2 2]",
                "24": "[1 2 2]",
                "27": "[2 2 3]"
            },
            "symbolic": {
                "0": 6,
                "3": 5,
                "6": 5,
                "9": 4,
                "12": 3,
                "15": 3,
                "18": 2,
                "21": 2,
                "24": 3
            },
            "avg_amplitude": {
                "0": 0.7937354671043636,
                "3": 0.3377102995486297,
                "6": 0.06250854876213878,
                "9": -0.44166324716181604,
                "12": -0.7970181917658298,
                "15": -0.9198468061824651,
                "18": -0.9835863766926568,
                "21": -0.9917931883463283,
                "24": -0.9504855696895066
            }
        }
    },
    "Y": {
        "0": {
            "avg": 0.010059679310344826,
            "std": 0.0029812254978183656,
            "words": {
                "3": "[1 3 3]",
                "6": "[4 4 4]",
                "9": "[4 4 5]",
                "12": "[5 6 7]",
                "15": "[8 7 6]",
                "18": "[5 4 5]",
                "21": "[4 4 5]",
                "24": "[4 5 5]",
                "27": "[5 6 6]"
            },
            "symbolic": {
                "0": 3,
                "3": 4,
                "6": 4,
                "9": 6,
                "12": 6,
                "15": 5,
                "18": 4,
                "21": 5,
                "24": 6
            },
            "avg_amplitude": {
                "0": -0.8271018835769702,
                "3": -0.46866015774643843,
                "6": -0.15452778105968648,
                "9": 0.7751594112613627,
                "12": 0.903547683748107,
                "15": 0.35434232337661875,
                "18": -0.2363869406284795,
                "21": 0.08865092066492664,
                "24": 0.8034434980612873
            }
        },
        "1": {
            "avg": 0.20421206896551722,
            "std": 0.028076365935390053,
            "words": {
                "3": "[1 2 2]",
                "6": "[2 3 3]",
                "9": "[3 4 4]",
                "12": "[4 4 5]",
                "15": "[5 5 5]",
                "18": "[5 6 6]",
                "21": "[7 8 7]",
                "24": "[7 6 6]",
                "27": "[5 5 5]"
            },
            "symbolic": {
                "0": 2,
                "3": 3,
                "6": 4,
                "9": 5,
                "12": 5,
                "15": 6,
                "18": 7,
                "21": 6,
                "24": 5
            },
            "avg_amplitude": {
                "0": -0.9939463699535324,
                "3": -0.8864304898324598,
                "6": -0.5071833567804926,
                "9": 0.05776527262650766,
                "12": 0.4017990365349358,
                "15": 0.7862471756831648,
                "18": 0.9901948245726221,
                "21": 0.8938483181992583,
                "24": 0.48748774353071567
            }
        },
        "2": {
            "avg": -0.2664341379310345,
            "std": 0.03395596113426514,
            "words": {
                "3": "[7 8 7]",
                "6": "[6 6 5]",
                "9": "[5 5 5]",
                "12": "[4 4 4]",
                "15": "[4 4 4]",
                "18": "[3 3 2]",
                "21": "[1 1 2]",
                "24": "[2 3 3]",
                "27": "[3 4 4]"
            },
            "symbolic": {
                "0": 7,
                "3": 6,
                "6": 5,
                "9": 4,
                "12": 4,
                "15": 3,
                "18": 2,
                "21": 3,
                "24": 4
            },
            "avg_amplitude": {
                "0": 0.9861139612832613,
                "3": 0.7599699021820916,
                "6": 0.22833299131267548,
                "9": -0.3113756070866675,
                "12": -0.6315069430193578,
                "15": -0.859361105410767,
                "18": -0.9969902182091799,
                "21": -0.9056022983788221,
                "24": -0.5981257267938983
            }
        },
        "3": {
            "avg": -0.12460386206896555,
            "std": 0.02639140882495684,
            "words": {
                "3": "[5 5 5]",
                "6": "[4 4 4]",
                "9": "[4 3 3]",
                "12": "[3 3 3]",
                "15": "[3 1 1]",
                "18": "[2 3 4]",
                "21": "[4 4 4]",
                "24": "[4 4 5]",
                "27": "[5 5 6]"
            },
            "symbolic": {
                "0": 5,
                "3": 4,
                "6": 3,
                "9": 3,
                "12": 2,
                "15": 3,
                "18": 4,
                "21": 4,
                "24": 5
            },
            "avg_amplitude": {
                "0": 0.37736044162331556,
                "3": -0.4161536136432333,
                "6": -0.7349623761116151,
                "9": -0.89738939531332,
                "12": -0.9825800601345867,
                "15": -0.7310647639956089,
                "18": -0.4890150972812166,
                "21": -0.16519511923511335,
                "24": 0.5770056793776547
            }
        },
        "4": {
            "avg": -0.017968662068965517,
            "std": 0.006618956855524559,
            "words": {
                "3": "[5 5 4]",
                "6": "[4 4 4]",
                "9": "[4 4 4]",
                "12": "[4 3 3]",
                "15": "[3 3 3]",
                "18": "[1 4 4]",
                "21": "[5 5 5]",
                "24": "[5 5 5]",
                "27": "[5 5 6]"
            },
            "symbolic": {
                "0": 5,
                "3": 4,
                "6": 4,
                "9": 4,
                "12": 3,
                "15": 4,
                "18": 5,
                "21": 5,
                "24": 6
            },
            "avg_amplitude": {
                "0": 0.17191980128289963,
                "3": -0.391892816887911,
                "6": -0.4987352015539602,
                "9": -0.6801421320105804,
                "12": -0.8458816854447021,
                "15": -0.5367628156862385,
                "18": 0.22953924221612784,
                "21": 0.36969381686205255,
                "24": 0.7154500111801186
            }
        },
        "5": {
            "avg": -0.13849344827586207,
            "std": 0.010609692090544267,
            "words": {
                "3": "[1 4 4]",
                "6": "[5 5 5]",
                "9": "[5 5 6]",
                "12": "[6 6 6]",
                "15": "[6 6 6]",
                "18": "[6 5 5]",
                "21": "[5 5 5]",
                "24": "[6 6 6]",
                "27": "[6 6 6]"
            },
            "symbolic": {
                "0": 4,
                "3": 5,
                "6": 5,
                "9": 6,
                "12": 6,
                "15": 5,
                "18": 5,
                "21": 6,
                "24": 6
            },
            "avg_amplitude": {
                "0": -0.48863253052688416,
                "3": 0.4128044255548806,
                "6": 0.6444714295351813,
                "9": 0.7378398434864729,
                "12": 0.8391688592052886,
                "15": 0.6709168184578017,
                "18": 0.4732510288065839,
                "21": 0.7749443432503536,
                "24": 0.8961074006611343
            }
        },
        "6": {
            "avg": -0.22342965517241378,
            "std": 0.004115328040004505,
            "words": {
                "3": "[4 4 4]",
                "6": "[3 3 1]",
                "9": "[3 4 4]",
                "12": "[4 4 4]",
                "15": "[5 5 5]",
                "18": "[6 6 5]",
                "21": "[6 6 6]",
                "24": "[6 6 6]",
                "27": "[6 6 6]"
            },
            "symbolic": {
                "0": 4,
                "3": 3,
                "6": 4,
                "9": 4,
                "12": 5,
                "15": 6,
                "18": 6,
                "21": 6,
                "24": 6
            },
            "avg_amplitude": {
                "0": -0.49067599067598905,
                "3": -0.8607226107226077,
                "6": -0.6736596736596702,
                "9": -0.35489510489510057,
                "12": 0.33857808857808896,
                "15": 0.7284382284382277,
                "18": 0.8729603729603724,
                "21": 0.87995337995338,
                "24": 0.8554778554778553
            }
        },
        "7": {
            "avg": -0.022139358620689654,
            "std": 0.00808441746096938,
            "words": {
                "3": "[4 3 1]",
                "6": "[3 3 4]",
                "9": "[4 4 3]",
                "12": "[3 2 4]",
                "15": "[5 5 5]",
                "18": "[5 5 8]",
                "21": "[6 5 5]",
                "24": "[5 5 5]",
                "27": "[5 5 4]"
            },
            "symbolic": {
                "0": 4,
                "3": 3,
                "6": 4,
                "9": 3,
                "12": 5,
                "15": 5,
                "18": 5,
                "21": 5,
                "24": 5
            },
            "avg_amplitude": {
                "0": -0.6597637850482182,
                "3": -0.7300291285032282,
                "6": -0.6695795169895021,
                "9": -0.8436366649457266,
                "12": 0.0725408085868533,
                "15": 0.5858016074854517,
                "18": 0.6353799771816101,
                "21": 0.4305473226635052,
                "24": 0.3270614630539675
            }
        },
        "8": {
            "avg": 0.014202231034482756,
            "std": 0.005854473758960715,
            "words": {
                "3": "[4 5 5]",
                "6": "[5 5 5]",
                "9": "[5 6 6]",
                "12": "[6 6 7]",
                "15": "[7 8 6]",
                "18": "[6 5 5]",
                "21": "[5 4 4]",
                "24": "[4 4 4]",
                "27": "[4 4 3]"
            },
            "symbolic": {
                "0": 5,
                "3": 5,
                "6": 6,
                "9": 6,
                "12": 7,
                "15": 5,
                "18": 4,
                "21": 4,
                "24": 4
            },
            "avg_amplitude": {
                "0": 0.0034770659393282464,
                "3": 0.3966145453788335,
                "6": 0.7342230735597245,
                "9": 0.9155371407552382,
                "12": 0.9781035069090205,
                "15": 0.43620867947837066,
                "18": -0.03947614982614678,
                "21": -0.19092284522545408,
                "24": -0.5862395635969935
            }
        },
        "9": {
            "avg": -0.33330506896551715,
            "std": 0.13256187109904866,
            "words": {
                "3": "[4 4 4]",
                "6": "[4 4 4]",
                "9": "[4 3 3]",
                "12": "[3 3 3]",
                "15": "[3 3 3]",
                "18": "[3 1 4]",
                "21": "[4 4 5]",
                "24": "[5 5 5]",
                "27": "[5 6 6]"
            },
            "symbolic": {
                "0": 4,
                "3": 4,
                "6": 4,
                "9": 3,
                "12": 3,
                "15": 3,
                "18": 4,
                "21": 5,
                "24": 6
            },
            "avg_amplitude": {
                "0": -0.27059865139406003,
                "3": -0.5633710405451342,
                "6": -0.679433364163129,
                "9": -0.7641283468114878,
                "12": -0.7800333594200838,
                "15": -0.7945945091343151,
                "18": -0.16248883408036294,
                "21": 0.36523821946071555,
                "24": 0.7808649733994196
            }
        },
        "10": {
            "avg": -0.43132034482758624,
            "std": 0.11403881142221334,
            "words": {
                "3": "[3 3 3]",
                "6": "[2 2 2]",
                "9": "[1 2 2]",
                "12": "[2 3 3]",
                "15": "[3 3 3]",
                "18": "[3 4 4]",
                "21": "[4 4 4]",
                "24": "[4 4 5]",
                "27": "[5 6 7]"
            },
            "symbolic": {
                "0": 3,
                "3": 2,
                "6": 2,
                "9": 3,
                "12": 3,
                "15": 4,
                "18": 4,
                "21": 4,
                "24": 6
            },
            "avg_amplitude": {
                "0": -0.900185933949178,
                "3": -0.9667286446497255,
                "6": -0.9943924681993916,
                "9": -0.911715806353235,
                "12": -0.8261665141811525,
                "15": -0.5866757174197482,
                "18": -0.5682003758030082,
                "21": -0.05944967486153311,
                "24": 0.7396924711507243
            }
        },
        "11": {
            "avg": -0.1342574448275862,
            "std": 0.18068172483455458,
            "words": {
                "3": "[4 3 1]",
                "6": "[3 4 4]",
                "9": "[4 3 3]",
                "12": "[3 3 4]",
                "15": "[4 3 8]",
                "18": "[7 6 4]",
                "21": "[4 5 5]",
                "24": "[5 5 5]",
                "27": "[5 5 5]"
            },
            "symbolic": {
                "0": 4,
                "3": 4,
                "6": 3,
                "9": 4,
                "12": 4,
                "15": 5,
                "18": 5,
                "21": 5,
                "24": 5
            },
            "avg_amplitude": {
                "0": -0.6132063698760207,
                "3": -0.5767125145818073,
                "6": -0.704272808659559,
                "9": -0.6263801850193972,
                "12": -0.03675971894414154,
                "15": 0.4999701581617428,
                "18": 0.07341960337484062,
                "21": 0.3096357667995986,
                "24": 0.3954130381704241
            }
        },
        "12": {
            "avg": -9.822516551724138e-10,
            "std": 7.253180521119326e-10,
            "words": {
                "3": "[6 6 6]",
                "6": "[8 6 6]",
                "9": "[6 5 5]",
                "12": "[6 6 5]",
                "15": "[5 4 2]",
                "18": "[1 3 4]",
                "21": "[4 4 4]",
                "24": "[4 5 5]",
                "27": "[4 4 4]"
            },
            "symbolic": {
                "0": 6,
                "3": 6,
                "6": 5,
                "9": 6,
                "12": 4,
                "15": 3,
                "18": 4,
                "21": 5,
                "24": 4
            },
            "avg_amplitude": {
                "0": 0.8105965756873261,
                "3": 0.845033561925994,
                "6": 0.5855660832034207,
                "9": 0.6896584034054651,
                "12": -0.31271422147909417,
                "15": -0.7460440545714494,
                "18": -0.21002253616691313,
                "21": 0.03663675306876887,
                "24": -0.138429145698877
            }
        },
        "13": {
            "avg": 0.13658068965517242,
            "std": 0.0041499457234268925,
            "words": {
                "3": "[6 5 5]",
                "6": "[5 5 5]",
                "9": "[6 6 6]",
                "12": "[8 7 7]",
                "15": "[6 5 5]",
                "18": "[4 4 2]",
                "21": "[1 3 2]",
                "24": "[2 3 3]",
                "27": "[3 4 4]"
            },
            "symbolic": {
                "0": 5,
                "3": 5,
                "6": 6,
                "9": 7,
                "12": 5,
                "15": 3,
                "18": 2,
                "21": 3,
                "24": 4
            },
            "avg_amplitude": {
                "0": 0.38671519563239093,
                "3": 0.27327873824689003,
                "6": 0.8804974218986942,
                "9": 0.9884743706399742,
                "12": 0.6451319381255657,
                "15": -0.7088262056414941,
                "18": -0.9714892326357297,
                "21": -0.8070973612374909,
                "24": -0.6493782226266315
            }
        },
        "14": {
            "avg": -0.00015763241379310262,
            "std": 0.006188958241915687,
            "words": {
                "3": "[1 4 4]",
                "6": "[4 4 5]",
                "9": "[5 5 5]",
                "12": "[5 5 6]",
                "15": "[6 6 6]",
                "18": "[7 7 8]",
                "21": "[7 7 6]",
                "24": "[6 6 6]",
                "27": "[5 5 5]"
            },
            "symbolic": {
                "0": 4,
                "3": 4,
                "6": 5,
                "9": 6,
                "12": 6,
                "15": 7,
                "18": 7,
                "21": 6,
                "24": 5
            },
            "avg_amplitude": {
                "0": -0.6303940768226481,
                "3": -0.036527405575024506,
                "6": 0.25090760209807844,
                "9": 0.7102143887858176,
                "12": 0.8691220595982502,
                "15": 0.9858219382028907,
                "18": 0.9612995029661696,
                "21": 0.880746237889095,
                "24": 0.6076347373966423
            }
        },
        "15": {
            "avg": -0.5848234482758621,
            "std": 0.0005626802940396042,
            "words": {
                "3": "[5 8 7]",
                "6": "[6 6 6]",
                "9": "[5 5 5]",
                "12": "[5 5 5]",
                "15": "[5 5 5]",
                "18": "[5 5 5]",
                "21": "[5 5 5]",
                "24": "[5 5 4]",
                "27": "[4 4 4]"
            },
            "symbolic": {
                "0": 6,
                "3": 6,
                "6": 5,
                "9": 5,
                "12": 5,
                "15": 5,
                "18": 5,
                "21": 5,
                "24": 4
            },
            "avg_amplitude": {
                "0": 0.8434782608695427,
                "3": 0.8028985507246084,
                "6": 0.46956521739129103,
                "9": 0.44637681159419934,
                "12": 0.46086956521741795,
                "15": 0.31014492753617734,
                "18": 0.23768115942027798,
                "21": 0.11594202898550654,
                "24": -0.2985507246376798
            }
        },
        "16": {
            "avg": 4.868631034482759e-10,
            "std": 3.234349646726686e-10,
            "words": {
                "3": "[4 4 5]",
                "6": "[4 4 4]",
                "9": "[5 5 5]",
                "12": "[5 4 4]",
                "15": "[4 3 2]",
                "18": "[1 5 8]",
                "21": "[5 5 5]",
                "24": "[5 5 5]",
                "27": "[5 4 4]"
            },
            "symbolic": {
                "0": 4,
                "3": 4,
                "6": 5,
                "9": 4,
                "12": 3,
                "15": 5,
                "18": 5,
                "21": 5,
                "24": 4
            },
            "avg_amplitude": {
                "0": -0.02030499413093449,
                "3": -0.052619378766805815,
                "6": 0.09924146026297342,
                "9": -0.28509355981021717,
                "12": -0.7545463064342713,
                "15": 0.05364030025942249,
                "18": 0.5271160694029333,
                "21": 0.4229722131802444,
                "24": -0.06680377592992637
            }
        },
        "17": {
            "avg": 0.1383955172413793,
            "std": 0.007510836735870801,
            "words": {
                "3": "[1 3 3]",
                "6": "[4 4 4]",
                "9": "[5 5 5]",
                "12": "[6 5 5]",
                "15": "[6 6 6]",
                "18": "[8 6 5]",
                "21": "[5 5 5]",
                "24": "[5 5 5]",
                "27": "[5 5 5]"
            },
            "symbolic": {
                "0": 3,
                "3": 4,
                "6": 5,
                "9": 5,
                "12": 6,
                "15": 6,
                "18": 5,
                "21": 5,
                "24": 5
            },
            "avg_amplitude": {
                "0": -0.9086229086229087,
                "3": -0.4610038610038601,
                "6": 0.3935649935649949,
                "9": 0.6352638352638355,
                "12": 0.8398970398970391,
                "15": 0.8223938223938226,
                "18": 0.6319176319176324,
                "21": 0.6398970398970397,
                "24": 0.4684684684684683
            }
        },
        "18": {
            "avg": 0.009703889655172413,
            "std": 0.006976215133708906,
            "words": {
                "3": "[1 3 4]",
                "6": "[4 4 5]",
                "9": "[4 5 5]",
                "12": "[5 5 6]",
                "15": "[5 5 6]",
                "18": "[5 5 6]",
                "21": "[6 6 6]",
                "24": "[6 6 6]",
                "27": "[6 6 8]"
            },
            "symbolic": {
                "0": 3,
                "3": 4,
                "6": 4,
                "9": 5,
                "12": 5,
                "15": 5,
                "18": 6,
                "21": 6,
                "24": 6
            },
            "avg_amplitude": {
                "0": -0.8189419429891706,
                "3": -0.15033910012239107,
                "6": -0.001501277095358744,
                "9": 0.44392157813171124,
                "12": 0.659620762594907,
                "15": 0.6664068043532997,
                "18": 0.7416187671754851,
                "21": 0.7880977674730478,
                "24": 0.9014138933433508
            }
        },
        "19": {
            "avg": -0.5987879310344829,
            "std": 0.007757603817872759,
            "words": {
                "3": "[8 6 5]",
                "6": "[5 5 5]",
                "9": "[5 5 4]",
                "12": "[4 4 4]",
                "15": "[3 3 3]",
                "18": "[3 3 3]",
                "21": "[2 2 2]",
                "24": "[1 2 2]",
                "27": "[2 2 3]"
            },
            "symbolic": {
                "0": 6,
                "3": 5,
                "6": 5,
                "9": 4,
                "12": 3,
                "15": 3,
                "18": 2,
                "21": 2,
                "24": 3
            },
            "avg_amplitude": {
                "0": 0.7937354671043636,
                "3": 0.3377102995486297,
                "6": 0.06250854876213878,
                "9": -0.44166324716181604,
                "12": -0.7970181917658298,
                "15": -0.9198468061824651,
                "18": -0.9835863766926568,
                "21": -0.9917931883463283,
                "24": -0.9504855696895066
            }
        }
    },
    "Z": {
        "0": {
            "avg": 0.010059679310344826,
            "std": 0.0029812254978183656,
            "words": {
                "3": "[1 3 3]",
                "6": "[4 4 4]",
                "9": "[4 4 5]",
                "12": "[5 6 7]",
                "15": "[8 7 6]",
                "18": "[5 4 5]",
                "21": "[4 4 5]",
                "24": "[4 5 5]",
                "27": "[5 6 6]"
            },
            "symbolic": {
                "0": 3,
                "3": 4,
                "6": 4,
                "9": 6,
                "12": 6,
                "15": 5,
                "18": 4,
                "21": 5,
                "24": 6
            },
            "avg_amplitude": {
                "0": -0.8271018835769702,
                "3": -0.46866015774643843,
                "6": -0.15452778105968648,
                "9": 0.7751594112613627,
                "12": 0.903547683748107,
                "15": 0.35434232337661875,
                "18": -0.2363869406284795,
                "21": 0.08865092066492664,
                "24": 0.8034434980612873
            }
        },
        "1": {
            "avg": 0.20421206896551722,
            "std": 0.028076365935390053,
            "words": {
                "3": "[1 2 2]",
                "6": "[2 3 3]",
                "9": "[3 4 4]",
                "12": "[4 4 5]",
                "15": "[5 5 5]",
                "18": "[5 6 6]",
                "21": "[7 8 7]",
                "24": "[7 6 6]",
                "27": "[5 5 5]"
            },
            "symbolic": {
                "0": 2,
                "3": 3,
                "6": 4,
                "9": 5,
                "12": 5,
                "15": 6,
                "18": 7,
                "21": 6,
                "24": 5
            },
            "avg_amplitude": {
                "0": -0.9939463699535324,
                "3": -0.8864304898324598,
                "6": -0.5071833567804926,
                "9": 0.05776527262650766,
                "12": 0.4017990365349358,
                "15": 0.7862471756831648,
                "18": 0.9901948245726221,
                "21": 0.8938483181992583,
                "24": 0.48748774353071567
            }
        },
        "2": {
            "avg": -0.2664341379310345,
            "std": 0.03395596113426514,
            "words": {
                "3": "[7 8 7]",
                "6": "[6 6 5]",
                "9": "[5 5 5]",
                "12": "[4 4 4]",
                "15": "[4 4 4]",
                "18": "[3 3 2]",
                "21": "[1 1 2]",
                "24": "[2 3 3]",
                "27": "[3 4 4]"
            },
            "symbolic": {
                "0": 7,
                "3": 6,
                "6": 5,
                "9": 4,
                "12": 4,
                "15": 3,
                "18": 2,
                "21": 3,
                "24": 4
            },
            "avg_amplitude": {
                "0": 0.9861139612832613,
                "3": 0.7599699021820916,
                "6": 0.22833299131267548,
                "9": -0.3113756070866675,
                "12": -0.6315069430193578,
                "15": -0.859361105410767,
                "18": -0.9969902182091799,
                "21": -0.9056022983788221,
                "24": -0.5981257267938983
            }
        },
        "3": {
            "avg": -0.12460386206896555,
            "std": 0.02639140882495684,
            "words": {
                "3": "[5 5 5]",
                "6": "[4 4 4]",
                "9": "[4 3 3]",
                "12": "[3 3 3]",
                "15": "[3 1 1]",
                "18": "[2 3 4]",
                "21": "[4 4 4]",
                "24": "[4 4 5]",
                "27": "[5 5 6]"
            },
            "symbolic": {
                "0": 5,
                "3": 4,
                "6": 3,
                "9": 3,
                "12": 2,
                "15": 3,
                "18": 4,
                "21": 4,
                "24": 5
            },
            "avg_amplitude": {
                "0": 0.37736044162331556,
                "3": -0.4161536136432333,
                "6": -0.7349623761116151,
                "9": -0.89738939531332,
                "12": -0.9825800601345867,
                "15": -0.7310647639956089,
                "18": -0.4890150972812166,
                "21": -0.16519511923511335,
                "24": 0.5770056793776547
            }
        },
        "4": {
            "avg": -0.017968662068965517,
            "std": 0.006618956855524559,
            "words": {
                "3": "[5 5 4]",
                "6": "[4 4 4]",
                "9": "[4 4 4]",
                "12": "[4 3 3]",
                "15": "[3 3 3]",
                "18": "[1 4 4]",
                "21": "[5 5 5]",
                "24": "[5 5 5]",
                "27": "[5 5 6]"
            },
            "symbolic": {
                "0": 5,
                "3": 4,
                "6": 4,
                "9": 4,
                "12": 3,
                "15": 4,
                "18": 5,
                "21": 5,
                "24": 6
            },
            "avg_amplitude": {
                "0": 0.17191980128289963,
                "3": -0.391892816887911,
                "6": -0.4987352015539602,
                "9": -0.6801421320105804,
                "12": -0.8458816854447021,
                "15": -0.5367628156862385,
                "18": 0.22953924221612784,
                "21": 0.36969381686205255,
                "24": 0.7154500111801186
            }
        },
        "5": {
            "avg": -0.13849344827586207,
            "std": 0.010609692090544267,
            "words": {
                "3": "[1 4 4]",
                "6": "[5 5 5]",
                "9": "[5 5 6]",
                "12": "[6 6 6]",
                "15": "[6 6 6]",
                "18": "[6 5 5]",
                "21": "[5 5 5]",
                "24": "[6 6 6]",
                "27": "[6 6 6]"
            },
            "symbolic": {
                "0": 4,
                "3": 5,
                "6": 5,
                "9": 6,
                "12": 6,
                "15": 5,
                "18": 5,
                "21": 6,
                "24": 6
            },
            "avg_amplitude": {
                "0": -0.48863253052688416,
                "3": 0.4128044255548806,
                "6": 0.6444714295351813,
                "9": 0.7378398434864729,
                "12": 0.8391688592052886,
                "15": 0.6709168184578017,
                "18": 0.4732510288065839,
                "21": 0.7749443432503536,
                "24": 0.8961074006611343
            }
        },
        "6": {
            "avg": -0.22342965517241378,
            "std": 0.004115328040004505,
            "words": {
                "3": "[4 4 4]",
                "6": "[3 3 1]",
                "9": "[3 4 4]",
                "12": "[4 4 4]",
                "15": "[5 5 5]",
                "18": "[6 6 5]",
                "21": "[6 6 6]",
                "24": "[6 6 6]",
                "27": "[6 6 6]"
            },
            "symbolic": {
                "0": 4,
                "3": 3,
                "6": 4,
                "9": 4,
                "12": 5,
                "15": 6,
                "18": 6,
                "21": 6,
                "24": 6
            },
            "avg_amplitude": {
                "0": -0.49067599067598905,
                "3": -0.8607226107226077,
                "6": -0.6736596736596702,
                "9": -0.35489510489510057,
                "12": 0.33857808857808896,
                "15": 0.7284382284382277,
                "18": 0.8729603729603724,
                "21": 0.87995337995338,
                "24": 0.8554778554778553
            }
        },
        "7": {
            "avg": -0.022139358620689654,
            "std": 0.00808441746096938,
            "words": {
                "3": "[4 3 1]",
                "6": "[3 3 4]",
                "9": "[4 4 3]",
                "12": "[3 2 4]",
                "15": "[5 5 5]",
                "18": "[5 5 8]",
                "21": "[6 5 5]",
                "24": "[5 5 5]",
                "27": "[5 5 4]"
            },
            "symbolic": {
                "0": 4,
                "3": 3,
                "6": 4,
                "9": 3,
                "12": 5,
                "15": 5,
                "18": 5,
                "21": 5,
                "24": 5
            },
            "avg_amplitude": {
                "0": -0.6597637850482182,
                "3": -0.7300291285032282,
                "6": -0.6695795169895021,
                "9": -0.8436366649457266,
                "12": 0.0725408085868533,
                "15": 0.5858016074854517,
                "18": 0.6353799771816101,
                "21": 0.4305473226635052,
                "24": 0.3270614630539675
            }
        },
        "8": {
            "avg": 0.014202231034482756,
            "std": 0.005854473758960715,
            "words": {
                "3": "[4 5 5]",
                "6": "[5 5 5]",
                "9": "[5 6 6]",
                "12": "[6 6 7]",
                "15": "[7 8 6]",
                "18": "[6 5 5]",
                "21": "[5 4 4]",
                "24": "[4 4 4]",
                "27": "[4 4 3]"
            },
            "symbolic": {
                "0": 5,
                "3": 5,
                "6": 6,
                "9": 6,
                "12": 7,
                "15": 5,
                "18": 4,
                "21": 4,
                "24": 4
            },
            "avg_amplitude": {
                "0": 0.0034770659393282464,
                "3": 0.3966145453788335,
                "6": 0.7342230735597245,
                "9": 0.9155371407552382,
                "12": 0.9781035069090205,
                "15": 0.43620867947837066,
                "18": -0.03947614982614678,
                "21": -0.19092284522545408,
                "24": -0.5862395635969935
            }
        },
        "9": {
            "avg": -0.33330506896551715,
            "std": 0.13256187109904866,
            "words": {
                "3": "[4 4 4]",
                "6": "[4 4 4]",
                "9": "[4 3 3]",
                "12": "[3 3 3]",
                "15": "[3 3 3]",
                "18": "[3 1 4]",
                "21": "[4 4 5]",
                "24": "[5 5 5]",
                "27": "[5 6 6]"
            },
            "symbolic": {
                "0": 4,
                "3": 4,
                "6": 4,
                "9": 3,
                "12": 3,
                "15": 3,
                "18": 4,
                "21": 5,
                "24": 6
            },
            "avg_amplitude": {
                "0": -0.27059865139406003,
                "3": -0.5633710405451342,
                "6": -0.679433364163129,
                "9": -0.7641283468114878,
                "12": -0.7800333594200838,
                "15": -0.7945945091343151,
                "18": -0.16248883408036294,
                "21": 0.36523821946071555,
                "24": 0.7808649733994196
            }
        },
        "10": {
            "avg": -0.43132034482758624,
            "std": 0.11403881142221334,
            "words": {
                "3": "[3 3 3]",
                "6": "[2 2 2]",
                "9": "[1 2 2]",
                "12": "[2 3 3]",
                "15": "[3 3 3]",
                "18": "[3 4 4]",
                "21": "[4 4 4]",
                "24": "[4 4 5]",
                "27": "[5 6 7]"
            },
            "symbolic": {
                "0": 3,
                "3": 2,
                "6": 2,
                "9": 3,
                "12": 3,
                "15": 4,
                "18": 4,
                "21": 4,
                "24": 6
            },
            "avg_amplitude": {
                "0": -0.900185933949178,
                "3": -0.9667286446497255,
                "6": -0.9943924681993916,
                "9": -0.911715806353235,
                "12": -0.8261665141811525,
                "15": -0.5866757174197482,
                "18": -0.5682003758030082,
                "21": -0.05944967486153311,
                "24": 0.7396924711507243
            }
        },
        "11": {
            "avg": -0.1342574448275862,
            "std": 0.18068172483455458,
            "words": {
                "3": "[4 3 1]",
                "6": "[3 4 4]",
                "9": "[4 3 3]",
                "12": "[3 3 4]",
                "15": "[4 3 8]",
                "18": "[7 6 4]",
                "21": "[4 5 5]",
                "24": "[5 5 5]",
                "27": "[5 5 5]"
            },
            "symbolic": {
                "0": 4,
                "3": 4,
                "6": 3,
                "9": 4,
                "12": 4,
                "15": 5,
                "18": 5,
                "21": 5,
                "24": 5
            },
            "avg_amplitude": {
                "0": -0.6132063698760207,
                "3": -0.5767125145818073,
                "6": -0.704272808659559,
                "9": -0.6263801850193972,
                "12": -0.03675971894414154,
                "15": 0.4999701581617428,
                "18": 0.07341960337484062,
                "21": 0.3096357667995986,
                "24": 0.3954130381704241
            }
        },
        "12": {
            "avg": -9.822516551724138e-10,
            "std": 7.253180521119326e-10,
            "words": {
                "3": "[6 6 6]",
                "6": "[8 6 6]",
                "9": "[6 5 5]",
                "12": "[6 6 5]",
                "15": "[5 4 2]",
                "18": "[1 3 4]",
                "21": "[4 4 4]",
                "24": "[4 5 5]",
                "27": "[4 4 4]"
            },
            "symbolic": {
                "0": 6,
                "3": 6,
                "6": 5,
                "9": 6,
                "12": 4,
                "15": 3,
                "18": 4,
                "21": 5,
                "24": 4
            },
            "avg_amplitude": {
                "0": 0.8105965756873261,
                "3": 0.845033561925994,
                "6": 0.5855660832034207,
                "9": 0.6896584034054651,
                "12": -0.31271422147909417,
                "15": -0.7460440545714494,
                "18": -0.21002253616691313,
                "21": 0.03663675306876887,
                "24": -0.138429145698877
            }
        },
        "13": {
            "avg": 0.13658068965517242,
            "std": 0.0041499457234268925,
            "words": {
                "3": "[6 5 5]",
                "6": "[5 5 5]",
                "9": "[6 6 6]",
                "12": "[8 7 7]",
                "15": "[6 5 5]",
                "18": "[4 4 2]",
                "21": "[1 3 2]",
                "24": "[2 3 3]",
                "27": "[3 4 4]"
            },
            "symbolic": {
                "0": 5,
                "3": 5,
                "6": 6,
                "9": 7,
                "12": 5,
                "15": 3,
                "18": 2,
                "21": 3,
                "24": 4
            },
            "avg_amplitude": {
                "0": 0.38671519563239093,
                "3": 0.27327873824689003,
                "6": 0.8804974218986942,
                "9": 0.9884743706399742,
                "12": 0.6451319381255657,
                "15": -0.7088262056414941,
                "18": -0.9714892326357297,
                "21": -0.8070973612374909,
                "24": -0.6493782226266315
            }
        },
        "14": {
            "avg": -0.00015763241379310262,
            "std": 0.006188958241915687,
            "words": {
                "3": "[1 4 4]",
                "6": "[4 4 5]",
                "9": "[5 5 5]",
                "12": "[5 5 6]",
                "15": "[6 6 6]",
                "18": "[7 7 8]",
                "21": "[7 7 6]",
                "24": "[6 6 6]",
                "27": "[5 5 5]"
            },
            "symbolic": {
                "0": 4,
                "3": 4,
                "6": 5,
                "9": 6,
                "12": 6,
                "15": 7,
                "18": 7,
                "21": 6,
                "24": 5
            },
            "avg_amplitude": {
                "0": -0.6303940768226481,
                "3": -0.036527405575024506,
                "6": 0.25090760209807844,
                "9": 0.7102143887858176,
                "12": 0.8691220595982502,
                "15": 0.9858219382028907,
                "18": 0.9612995029661696,
                "21": 0.880746237889095,
                "24": 0.6076347373966423
            }
        },
        "15": {
            "avg": -0.5848234482758621,
            "std": 0.0005626802940396042,
            "words": {
                "3": "[5 8 7]",
                "6": "[6 6 6]",
                "9": "[5 5 5]",
                "12": "[5 5 5]",
                "15": "[5 5 5]",
                "18": "[5 5 5]",
                "21": "[5 5 5]",
                "24": "[5 5 4]",
                "27": "[4 4 4]"
            },
            "symbolic": {
                "0": 6,
                "3": 6,
                "6": 5,
                "9": 5,
                "12": 5,
                "15": 5,
                "18": 5,
                "21": 5,
                "24": 4
            },
            "avg_amplitude": {
                "0": 0.8434782608695427,
                "3": 0.8028985507246084,
                "6": 0.46956521739129103,
                "9": 0.44637681159419934,
                "12": 0.46086956521741795,
                "15": 0.31014492753617734,
                "18": 0.23768115942027798,
                "21": 0.11594202898550654,
                "24": -0.2985507246376798
            }
        },
        "16": {
            "avg": 4.868631034482759e-10,
            "std": 3.234349646726686e-10,
            "words": {
                "3": "[4 4 5]",
                "6": "[4 4 4]",
                "9": "[5 5 5]",
                "12": "[5 4 4]",
                "15": "[4 3 2]",
                "18": "[1 5 8]",
                "21": "[5 5 5]",
                "24": "[5 5 5]",
                "27": "[5 4 4]"
            },
            "symbolic": {
                "0": 4,
                "3": 4,
                "6": 5,
                "9": 4,
                "12": 3,
                "15": 5,
                "18": 5,
                "21": 5,
                "24": 4
            },
            "avg_amplitude": {
                "0": -0.02030499413093449,
                "3": -0.052619378766805815,
                "6": 0.09924146026297342,
                "9": -0.28509355981021717,
                "12": -0.7545463064342713,
                "15": 0.05364030025942249,
                "18": 0.5271160694029333,
                "21": 0.4229722131802444,
                "24": -0.06680377592992637
            }
        },
        "17": {
            "avg": 0.1383955172413793,
            "std": 0.007510836735870801,
            "words": {
                "3": "[1 3 3]",
                "6": "[4 4 4]",
                "9": "[5 5 5]",
                "12": "[6 5 5]",
                "15": "[6 6 6]",
                "18": "[8 6 5]",
                "21": "[5 5 5]",
                "24": "[5 5 5]",
                "27": "[5 5 5]"
            },
            "symbolic": {
                "0": 3,
                "3": 4,
                "6": 5,
                "9": 5,
                "12": 6,
                "15": 6,
                "18": 5,
                "21": 5,
                "24": 5
            },
            "avg_amplitude": {
                "0": -0.9086229086229087,
                "3": -0.4610038610038601,
                "6": 0.3935649935649949,
                "9": 0.6352638352638355,
                "12": 0.8398970398970391,
                "15": 0.8223938223938226,
                "18": 0.6319176319176324,
                "21": 0.6398970398970397,
                "24": 0.4684684684684683
            }
        },
        "18": {
            "avg": 0.009703889655172413,
            "std": 0.006976215133708906,
            "words": {
                "3": "[1 3 4]",
                "6": "[4 4 5]",
                "9": "[4 5 5]",
                "12": "[5 5 6]",
                "15": "[5 5 6]",
                "18": "[5 5 6]",
                "21": "[6 6 6]",
                "24": "[6 6 6]",
                "27": "[6 6 8]"
            },
            "symbolic": {
                "0": 3,
                "3": 4,
                "6": 4,
                "9": 5,
                "12": 5,
                "15": 5,
                "18": 6,
                "21": 6,
                "24": 6
            },
            "avg_amplitude": {
                "0": -0.8189419429891706,
                "3": -0.15033910012239107,
                "6": -0.001501277095358744,
                "9": 0.44392157813171124,
                "12": 0.659620762594907,
                "15": 0.6664068043532997,
                "18": 0.7416187671754851,
                "21": 0.7880977674730478,
                "24": 0.9014138933433508
            }
        },
        "19": {
            "avg": -0.5987879310344829,
            "std": 0.007757603817872759,
            "words": {
                "3": "[8 6 5]",
                "6": "[5 5 5]",
                "9": "[5 5 4]",
                "12": "[4 4 4]",
                "15": "[3 3 3]",
                "18": "[3 3 3]",
                "21": "[2 2 2]",
                "24": "[1 2 2]",
                "27": "[2 2 3]"
            },
            "symbolic": {
                "0": 6,
                "3": 5,
                "6": 5,
                "9": 4,
                "12": 3,
                "15": 3,
                "18": 2,
                "21": 2,
                "24": 3
            },
            "avg_amplitude": {
                "0": 0.7937354671043636,
                "3": 0.3377102995486297,
                "6": 0.06250854876213878,
                "9": -0.44166324716181604,
                "12": -0.7970181917658298,
                "15": -0.9198468061824651,
                "18": -0.9835863766926568,
                "21": -0.9917931883463283,
                "24": -0.9504855696895066
            }
        }
    }
}