{
    "W": {
        "0": {
            "avg": 0.014312038461538461,
            "std": 0.011184762838364592,
            "words": {
                "3": "[1 2 3]",
                "6": "[3 4 4]",
                "9": "[4 4 4]",
                "12": "[4 4 4]",
                "15": "[4 4 4]",
                "18": "[4 4 4]",
                "21": "[5 5 5]",
                "24": "[5 5 6]"
            },
            "symbolic": {
                "0": 3,
                "3": 4,
                "6": 4,
                "9": 4,
                "12": 4,
                "15": 4,
                "18": 5,
                "21": 5
            },
            "avg_amplitude": {
                "0": -0.9430295583316267,
                "3": -0.603873757025508,
                "6": -0.5953070744305641,
                "9": -0.6395749425444285,
                "12": -0.6173499897603932,
                "15": -0.2787220970714725,
                "18": 0.24947778005324586,
                "21": 0.6507429403599787
            }
        },
        "1": {
            "avg": 0.24430730769230768,
            "std": 0.03600072894347472,
            "words": {
                "3": "[1 3 4]",
                "6": "[4 4 4]",
                "9": "[4 5 5]",
                "12": "[5 6 6]",
                "15": "[6 6 6]",
                "18": "[6 6 6]",
                "21": "[6 6 6]",
                "24": "[6 7 7]"
            },
            "symbolic": {
                "0": 3,
                "3": 4,
                "6": 5,
                "9": 6,
                "12": 6,
                "15": 6,
                "18": 6,
                "21": 7
            },
            "avg_amplitude": {
                "0": -0.7836283317026888,
                "3": -0.25506240920276296,
                "6": 0.11281093421091659,
                "9": 0.7129473153665984,
                "12": 0.9305049067567968,
                "15": 0.8974176524652381,
                "18": 0.9338847875715265,
                "21": 0.9713006611521245
            }
        },
        "2": {
            "avg": -0.32120807692307696,
            "std": 0.03908499599787425,
            "words": {
                "3": "[8 6 5]",
                "6": "[5 5 5]",
                "9": "[4 4 4]",
                "12": "[4 4 3]",
                "15": "[3 3 2]",
                "18": "[2 1 1]",
                "21": "[2 2 2]",
                "24": "[2 2 2]"
            },
            "symbolic": {
                "0": 6,
                "3": 5,
                "6": 4,
                "9": 4,
                "12": 3,
                "15": 2,
                "18": 2,
                "21": 2
            },
            "avg_amplitude": {
                "0": 0.7150094659093936,
                "3": 0.21307628723035488,
                "6": -0.14305522224888675,
                "9": -0.6752259819214464,
                "12": -0.916913313601578,
                "15": -0.9849078740367437,
                "18": -0.9870410367170628,
                "21": -0.9747220222382206
            }
        },
        "3": {
            "avg": -0.11305203846153848,
            "std": 0.028710422686516853,
            "words": {
                "3": "[3 3 3]",
                "6": "[1 2 3]",
                "9": "[4 4 4]",
                "12": "[4 4 4]",
                "15": "[5 5 5]",
                "18": "[5 5 5]",
                "21": "[5 5 5]",
                "24": "[5 5 5]"
            },
            "symbolic": {
                "0": 3,
                "3": 2,
                "6": 4,
                "9": 4,
                "12": 5,
                "15": 5,
                "18": 5,
                "21": 5
            },
            "avg_amplitude": {
                "0": -0.8838022523121847,
                "3": -0.9562637954974225,
                "6": -0.5824250053732071,
                "9": -0.20408295550301733,
                "12": 0.18123232385260724,
                "15": 0.23581046734966135,
                "18": 0.08514913636348154,
                "21": 0.373241767051832
            }
        },
        "4": {
            "avg": -0.008818753076923078,
            "std": 0.008962668650235718,
            "words": {
                "3": "[5 4 4]",
                "6": "[4 3 3]",
                "9": "[3 1 4]",
                "12": "[4 4 5]",
                "15": "[6 8 7]",
                "18": "[6 6 6]",
                "21": "[6 5 5]",
                "24": "[5 5 5]"
            },
            "symbolic": {
                "0": 5,
                "3": 4,
                "6": 3,
                "9": 4,
                "12": 6,
                "15": 6,
                "18": 5,
                "21": 5
            },
            "avg_amplitude": {
                "0": 0.0035258093335060283,
                "3": -0.6371667132682729,
                "6": -0.7978399587177966,
                "9": -0.03398280059740988,
                "12": 0.8910386247752324,
                "15": 0.8033962341355627,
                "18": 0.6150320869108589,
                "21": 0.5215265322267156
            }
        },
        "5": {
            "avg": -0.02092690384615385,
            "std": 0.023096938430181273,
            "words": {
                "3": "[5 5 5]",
                "6": "[6 6 6]",
                "9": "[6 8 5]",
                "12": "[5 5 5]",
                "15": "[4 3 3]",
                "18": "[1 3 4]",
                "21": "[4 4 4]",
                "24": "[4 4 4]"
            },
            "symbolic": {
                "0": 5,
                "3": 6,
                "6": 6,
                "9": 5,
                "12": 3,
                "15": 3,
                "18": 4,
                "21": 4
            },
            "avg_amplitude": {
                "0": 0.4206069301958535,
                "3": 0.9244422124973098,
                "6": 0.8742530549776409,
                "9": 0.22454121529521495,
                "12": -0.7246191740201353,
                "15": -0.8313126240524188,
                "18": -0.5292632183083436,
                "21": -0.3934332926800104
            }
        },
        "6": {
            "avg": -0.14136961538461537,
            "std": 0.001355594277855232,
            "words": {
                "3": "[8 5 5]",
                "6": "[5 4 4]",
                "9": "[4 4 4]",
                "12": "[4 4 4]",
                "15": "[4 4 4]",
                "18": "[4 4 4]",
                "21": "[4 4 4]",
                "24": "[4 4 4]"
            },
            "symbolic": {
                "0": 5,
                "3": 4,
                "6": 4,
                "9": 4,
                "12": 4,
                "15": 4,
                "18": 4,
                "21": 4
            },
            "avg_amplitude": {
                "0": 0.6194734227521109,
                "3": -0.05911574764033911,
                "6": -0.32041728763040594,
                "9": -0.5310481867858937,
                "12": -0.41579731743666154,
                "15": -0.15250869349229826,
                "18": -0.13760556383507191,
                "21": -0.43169398907104023
            }
        },
        "7": {
            "avg": -0.020303080000000005,
            "std": 0.028445089009666327,
            "words": {
                "3": "[6 8 8]",
                "6": "[7 6 6]",
                "9": "[6 6 6]",
                "12": "[6 6 6]",
                "15": "[6 5 5]",
                "18": "[5 5 4]",
                "21": "[4 4 4]",
                "24": "[4 3 3]"
            },
            "symbolic": {
                "0": 7,
                "3": 6,
                "6": 6,
                "9": 6,
                "12": 5,
                "15": 5,
                "18": 4,
                "21": 3
            },
            "avg_amplitude": {
                "0": 0.9718469345208746,
                "3": 0.947224139750623,
                "6": 0.8846446632445272,
                "9": 0.7988491369392093,
                "12": 0.569529291471814,
                "15": 0.05252413058108888,
                "18": -0.4572500739618098,
                "21": -0.8427597876128242
            }
        },
        "8": {
            "avg": 0.004567083576923076,
            "std": 0.008034585048528931,
            "words": {
                "3": "[5 6 6]",
                "6": "[6 6 7]",
                "9": "[7 8 1]",
                "12": "[3 3 4]",
                "15": "[4 5 5]",
                "18": "[4 4 4]",
                "21": "[4 5 5]",
                "24": "[5 5 5]"
            },
            "symbolic": {
                "0": 6,
                "3": 6,
                "6": 5,
                "9": 3,
                "12": 5,
                "15": 4,
                "18": 5,
                "21": 5
            },
            "avg_amplitude": {
                "0": 0.6863579658031848,
                "3": 0.8715540226511095,
                "6": 0.3202710305520902,
                "9": -0.6944888823658912,
                "12": 0.1495902742105134,
                "15": -0.41726051221838995,
                "18": 0.08823658912453214,
                "21": 0.22470585357501038
            }
        },
        "9": {
            "avg": -0.45868500000000006,
            "std": 0.12646102983132787,
            "words": {
                "3": "[4 4 4]",
                "6": "[4 4 4]",
                "9": "[4 4 3]",
                "12": "[3 3 3]",
                "15": "[3 3 2]",
                "18": "[1 3 4]",
                "21": "[4 4 5]",
                "24": "[5 5 6]"
            },
            "symbolic": {
                "0": 4,
                "3": 4,
                "6": 4,
                "9": 3,
                "12": 3,
                "15": 3,
                "18": 4,
                "21": 5
            },
            "avg_amplitude": {
                "0": -0.5852764404166274,
                "3": -0.6427515025645866,
                "6": -0.6660845212247082,
                "9": -0.8367160703609301,
                "12": -0.9165329305516222,
                "15": -0.7686994556153435,
                "18": -0.17052141351206776,
                "21": 0.5212089744800025
            }
        },
        "10": {
            "avg": -0.33088192307692316,
            "std": 0.10676307721377201,
            "words": {
                "3": "[3 3 3]",
                "6": "[3 3 3]",
                "9": "[3 1 3]",
                "12": "[3 3 3]",
                "15": "[4 4 4]",
                "18": "[4 4 4]",
                "21": "[4 5 5]",
                "24": "[5 5 6]"
            },
            "symbolic": {
                "0": 3,
                "3": 3,
                "6": 3,
                "9": 3,
                "12": 4,
                "15": 4,
                "18": 5,
                "21": 6
            },
            "avg_amplitude": {
                "0": -0.8340625605564567,
                "3": -0.7807218839559812,
                "6": -0.9512692633275198,
                "9": -0.7668104723148632,
                "12": -0.623473977297066,
                "15": -0.4414425440341054,
                "18": 0.0567573356179053,
                "21": 0.6847902579322583
            }
        },
        "11": {
            "avg": -0.02905667115384616,
            "std": 0.15746079050441364,
            "words": {
                "3": "[5 4 4]",
                "6": "[4 1 6]",
                "9": "[8 6 5]",
                "12": "[5 5 4]",
                "15": "[5 5 5]",
                "18": "[5 4 4]",
                "21": "[4 5 5]",
                "24": "[5 5 5]"
            },
            "symbolic": {
                "0": 4,
                "3": 4,
                "6": 5,
                "9": 4,
                "12": 5,
                "15": 5,
                "18": 5,
                "21": 5
            },
            "avg_amplitude": {
                "0": -0.19796742581496815,
                "3": -0.2285149253365132,
                "6": 0.603289806213533,
                "9": -0.08986411883345362,
                "12": 0.5161276075787241,
                "15": 0.08679906370073749,
                "18": 0.060821175673885196,
                "21": 0.22890455930631406
            }
        },
        "12": {
            "avg": -5.458913846153845e-10,
            "std": 7.57344055130722e-10,
            "words": {
                "3": "[5 6 8]",
                "6": "[6 6 6]",
                "9": "[5 5 4]",
                "12": "[1 3 3]",
                "15": "[4 4 4]",
                "18": "[3 4 4]",
                "21": "[4 4 4]",
                "24": "[4 4 4]"
            },
            "symbolic": {
                "0": 6,
                "3": 6,
                "6": 5,
                "9": 3,
                "12": 4,
                "15": 4,
                "18": 4,
                "21": 4
            },
            "avg_amplitude": {
                "0": 0.7586863695918699,
                "3": 0.854394311105668,
                "6": 0.17097020704401264,
                "9": -0.9185296035047834,
                "12": -0.16340644746460706,
                "15": -0.47161102414641703,
                "18": -0.181876983018283,
                "21": -0.028458505083288215
            }
        },
        "13": {
            "avg": 0.02611416538461538,
            "std": 0.012916226041222485,
            "words": {
                "3": "[5 5 5]",
                "6": "[5 5 4]",
                "9": "[4 4 4]",
                "12": "[4 3 3]",
                "15": "[3 3 1]",
                "18": "[4 4 5]",
                "21": "[6 6 6]",
                "24": "[7 8 7]"
            },
            "symbolic": {
                "0": 5,
                "3": 5,
                "6": 4,
                "9": 3,
                "12": 3,
                "15": 4,
                "18": 6,
                "21": 7
            },
            "avg_amplitude": {
                "0": 0.46607321559278364,
                "3": 0.09916205496768911,
                "6": -0.344636139414415,
                "9": -0.7158476701401114,
                "12": -0.9166516601668365,
                "15": -0.013579314503087692,
                "18": 0.83714140064846,
                "21": 0.9745919799889444
            }
        },
        "14": {
            "avg": 0.09279534615384614,
            "std": 0.007155151553627959,
            "words": {
                "3": "[1 3 3]",
                "6": "[4 4 4]",
                "9": "[4 5 5]",
                "12": "[5 5 5]",
                "15": "[6 6 6]",
                "18": "[8 6 5]",
                "21": "[5 5 5]",
                "24": "[5 5 4]"
            },
            "symbolic": {
                "0": 3,
                "3": 4,
                "6": 5,
                "9": 5,
                "12": 6,
                "15": 6,
                "18": 5,
                "21": 4
            },
            "avg_amplitude": {
                "0": -0.8710799983814189,
                "3": -0.40830062450262394,
                "6": 0.1582298115701577,
                "9": 0.5499534657872366,
                "12": 0.8408395041745905,
                "15": 0.7443181051808087,
                "18": 0.24938291587423533,
                "21": -0.0504592724477008
            }
        },
        "15": {
            "avg": -0.5107553846153845,
            "std": 0.0019366429320227907,
            "words": {
                "3": "[2 2 3]",
                "6": "[2 2 2]",
                "9": "[2 1 4]",
                "12": "[4 4 4]",
                "15": "[5 5 5]",
                "18": "[5 5 6]",
                "21": "[6 6 8]",
                "24": "[7 6 6]"
            },
            "symbolic": {
                "0": 2,
                "3": 2,
                "6": 3,
                "9": 4,
                "12": 5,
                "15": 5,
                "18": 6,
                "21": 6
            },
            "avg_amplitude": {
                "0": -0.9548472775564686,
                "3": -0.9654714475431846,
                "6": -0.8884462151394615,
                "9": -0.1314741035856879,
                "12": 0.12084993359892786,
                "15": 0.41832669322708965,
                "18": 0.9216467463479429,
                "21": 0.8897742363877806
            }
        },
        "16": {
            "avg": 9.494923076923073e-11,
            "std": 9.753617544395437e-10,
            "words": {
                "3": "[4 3 3]",
                "6": "[3 4 3]",
                "9": "[3 1 4]",
                "12": "[4 4 3]",
                "15": "[5 5 5]",
                "18": "[5 8 5]",
                "21": "[5 4 4]",
                "24": "[4 4 4]"
            },
            "symbolic": {
                "0": 3,
                "3": 3,
                "6": 3,
                "9": 4,
                "12": 5,
                "15": 6,
                "18": 5,
                "21": 4
            },
            "avg_amplitude": {
                "0": -0.7558361907947927,
                "3": -0.7464488491167426,
                "6": -0.8072221757594343,
                "9": -0.5258305223346623,
                "12": 0.34470928233577713,
                "15": 0.7028797635973348,
                "18": 0.028069099458243874,
                "21": -0.05834053506546614
            }
        },
        "17": {
            "avg": 0.14981961538461538,
            "std": 0.015291338327502724,
            "words": {
                "3": "[4 4 5]",
                "6": "[5 5 6]",
                "9": "[5 6 5]",
                "12": "[6 6 6]",
                "15": "[6 6 6]",
                "18": "[8 6 5]",
                "21": "[5 5 5]",
                "24": "[5 4 4]"
            },
            "symbolic": {
                "0": 4,
                "3": 5,
                "6": 6,
                "9": 6,
                "12": 6,
                "15": 6,
                "18": 5,
                "21": 4
            },
            "avg_amplitude": {
                "0": -0.35407124681933855,
                "3": 0.4772264631043261,
                "6": 0.732315521628499,
                "9": 0.7698473282442748,
                "12": 0.8882951653944023,
                "15": 0.8288804071246819,
                "18": 0.35547073791348643,
                "21": -0.056743002544529096
            }
        },
        "18": {
            "avg": 0.0353716923076923,
            "std": 0.012582734264917877,
            "words": {
                "3": "[5 5 5]",
                "6": "[4 4 4]",
                "9": "[3 3 1]",
                "12": "[3 3 3]",
                "15": "[3 3 3]",
                "18": "[3 4 5]",
                "21": "[5 5 5]",
                "24": "[5 5 6]"
            },
            "symbolic": {
                "0": 5,
                "3": 4,
                "6": 3,
                "9": 3,
                "12": 3,
                "15": 4,
                "18": 5,
                "21": 5
            },
            "avg_amplitude": {
                "0": 0.4071119973413093,
                "3": -0.3774675972083748,
                "6": -0.9224991691591891,
                "9": -0.917941413853677,
                "12": -0.9218914684517876,
                "15": -0.3057589137349855,
                "18": 0.48618905189194334,
                "21": 0.6056592128376775
            }
        },
        "19": {
            "avg": -0.4965557692307691,
            "std": 0.008678265344215695,
            "words": {
                "3": "[1 3 3]",
                "6": "[3 4 4]",
                "9": "[4 4 4]",
                "12": "[4 5 5]",
                "15": "[5 5 5]",
                "18": "[5 5 6]",
                "21": "[6 6 8]",
                "24": "[7 7 6]"
            },
            "symbolic": {
                "0": 3,
                "3": 4,
                "6": 4,
                "9": 5,
                "12": 5,
                "15": 5,
                "18": 6,
                "21": 7
            },
            "avg_amplitude": {
                "0": -0.9196819085487083,
                "3": -0.6389662027833012,
                "6": -0.39695162359178154,
                "9": 0.04996686547382149,
                "12": 0.31345261762756577,
                "15": 0.6275679257786583,
                "18": 0.9536116633532118,
                "21": 0.957587806494363
            }
        }
    },
    "X": {
        "0": {
            "avg": 0.014312038461538461,
            "std": 0.011184762838364592,
            "words": {
                "3": "[1 2 3]",
                "6": "[3 4 4]",
                "9": "[4 4 4]",
                "12": "[4 4 4]",
                "15": "[4 4 4]",
                "18": "[4 4 4]",
                "21": "[5 5 5]",
                "24": "[5 5 6]"
            },
            "symbolic": {
                "0": 3,
                "3": 4,
                "6": 4,
                "9": 4,
                "12": 4,
                "15": 4,
                "18": 5,
                "21": 5
            },
            "avg_amplitude": {
                "0": -0.9430295583316267,
                "3": -0.603873757025508,
                "6": -0.5953070744305641,
                "9": -0.6395749425444285,
                "12": -0.6173499897603932,
                "15": -0.2787220970714725,
                "18": 0.24947778005324586,
                "21": 0.6507429403599787
            }
        },
        "1": {
            "avg": 0.24430730769230768,
            "std": 0.03600072894347472,
            "words": {
                "3": "[1 3 4]",
                "6": "[4 4 4]",
                "9": "[4 5 5]",
                "12": "[5 6 6]",
                "15": "[6 6 6]",
                "18": "[6 6 6]",
                "21": "[6 6 6]",
                "24": "[6 7 7]"
            },
            "symbolic": {
                "0": 3,
                "3": 4,
                "6": 5,
                "9": 6,
                "12": 6,
                "15": 6,
                "18": 6,
                "21": 7
            },
            "avg_amplitude": {
                "0": -0.7836283317026888,
                "3": -0.25506240920276296,
                "6": 0.11281093421091659,
                "9": 0.7129473153665984,
                "12": 0.9305049067567968,
                "15": 0.8974176524652381,
                "18": 0.9338847875715265,
                "21": 0.9713006611521245
            }
        },
        "2": {
            "avg": -0.32120807692307696,
            "std": 0.03908499599787425,
            "words": {
                "3": "[8 6 5]",
                "6": "[5 5 5]",
                "9": "[4 4 4]",
                "12": "[4 4 3]",
                "15": "[3 3 2]",
                "18": "[2 1 1]",
                "21": "[2 2 2]",
                "24": "[2 2 2]"
            },
            "symbolic": {
                "0": 6,
                "3": 5,
                "6": 4,
                "9": 4,
                "12": 3,
                "15": 2,
                "18": 2,
                "21": 2
            },
            "avg_amplitude": {
                "0": 0.7150094659093936,
                "3": 0.21307628723035488,
                "6": -0.14305522224888675,
                "9": -0.6752259819214464,
                "12": -0.916913313601578,
                "15": -0.9849078740367437,
                "18": -0.9870410367170628,
                "21": -0.9747220222382206
            }
        },
        "3": {
            "avg": -0.11305203846153848,
            "std": 0.028710422686516853,
            "words": {
                "3": "[3 3 3]",
                "6": "[1 2 3]",
                "9": "[4 4 4]",
                "12": "[4 4 4]",
                "15": "[5 5 5]",
                "18": "[5 5 5]",
                "21": "[5 5 5]",
                "24": "[5 5 5]"
            },
            "symbolic": {
                "0": 3,
                "3": 2,
                "6": 4,
                "9": 4,
                "12": 5,
                "15": 5,
                "18": 5,
                "21": 5
            },
            "avg_amplitude": {
                "0": -0.8838022523121847,
                "3": -0.9562637954974225,
                "6": -0.5824250053732071,
                "9": -0.20408295550301733,
                "12": 0.18123232385260724,
                "15": 0.23581046734966135,
                "18": 0.08514913636348154,
                "21": 0.373241767051832
            }
        },
        "4": {
            "avg": -0.008818753076923078,
            "std": 0.008962668650235718,
            "words": {
                "3": "[5 4 4]",
                "6": "[4 3 3]",
                "9": "[3 1 4]",
                "12": "[4 4 5]",
                "15": "[6 8 7]",
                "18": "[6 6 6]",
                "21": "[6 5 5]",
                "24": "[5 5 5]"
            },
            "symbolic": {
                "0": 5,
                "3": 4,
                "6": 3,
                "9": 4,
                "12": 6,
                "15": 6,
                "18": 5,
                "21": 5
            },
            "avg_amplitude": {
                "0": 0.0035258093335060283,
                "3": -0.6371667132682729,
                "6": -0.7978399587177966,
                "9": -0.03398280059740988,
                "12": 0.8910386247752324,
                "15": 0.8033962341355627,
                "18": 0.6150320869108589,
                "21": 0.5215265322267156
            }
        },
        "5": {
            "avg": -0.02092690384615385,
            "std": 0.023096938430181273,
            "words": {
                "3": "[5 5 5]",
                "6": "[6 6 6]",
                "9": "[6 8 5]",
                "12": "[5 5 5]",
                "15": "[4 3 3]",
                "18": "[1 3 4]",
                "21": "[4 4 4]",
                "24": "[4 4 4]"
            },
            "symbolic": {
                "0": 5,
                "3": 6,
                "6": 6,
                "9": 5,
                "12": 3,
                "15": 3,
                "18": 4,
                "21": 4
            },
            "avg_amplitude": {
                "0": 0.4206069301958535,
                "3": 0.9244422124973098,
                "6": 0.8742530549776409,
                "9": 0.22454121529521495,
                "12": -0.7246191740201353,
                "15": -0.8313126240524188,
                "18": -0.5292632183083436,
                "21": -0.3934332926800104
            }
        },
        "6": {
            "avg": -0.14136961538461537,
            "std": 0.001355594277855232,
            "words": {
                "3": "[8 5 5]",
                "6": "[5 4 4]",
                "9": "[4 4 4]",
                "12": "[4 4 4]",
                "15": "[4 4 4]",
                "18": "[4 4 4]",
                "21": "[4 4 4]",
                "24": "[4 4 4]"
            },
            "symbolic": {
                "0": 5,
                "3": 4,
                "6": 4,
                "9": 4,
                "12": 4,
                "15": 4,
                "18": 4,
                "21": 4
            },
            "avg_amplitude": {
                "0": 0.6194734227521109,
                "3": -0.05911574764033911,
                "6": -0.32041728763040594,
                "9": -0.5310481867858937,
                "12": -0.41579731743666154,
                "15": -0.15250869349229826,
                "18": -0.13760556383507191,
                "21": -0.43169398907104023
            }
        },
        "7": {
            "avg": -0.020303080000000005,
            "std": 0.028445089009666327,
            "words": {
                "3": "[6 8 8]",
                "6": "[7 6 6]",
                "9": "[6 6 6]",
                "12": "[6 6 6]",
                "15": "[6 5 5]",
                "18": "[5 5 4]",
                "21": "[4 4 4]",
                "24": "[4 3 3]"
            },
            "symbolic": {
                "0": 7,
                "3": 6,
                "6": 6,
                "9": 6,
                "12": 5,
                "15": 5,
                "18": 4,
                "21": 3
            },
            "avg_amplitude": {
                "0": 0.9718469345208746,
                "3": 0.947224139750623,
                "6": 0.8846446632445272,
                "9": 0.7988491369392093,
                "12": 0.569529291471814,
                "15": 0.05252413058108888,
                "18": -0.4572500739618098,
                "21": -0.8427597876128242
            }
        },
        "8": {
            "avg": 0.004567083576923076,
            "std": 0.008034585048528931,
            "words": {
                "3": "[5 6 6]",
                "6": "[6 6 7]",
                "9": "[7 8 1]",
                "12": "[3 3 4]",
                "15": "[4 5 5]",
                "18": "[4 4 4]",
                "21": "[4 5 5]",
                "24": "[5 5 5]"
            },
            "symbolic": {
                "0": 6,
                "3": 6,
                "6": 5,
                "9": 3,
                "12": 5,
                "15": 4,
                "18": 5,
                "21": 5
            },
            "avg_amplitude": {
                "0": 0.6863579658031848,
                "3": 0.8715540226511095,
                "6": 0.3202710305520902,
                "9": -0.6944888823658912,
                "12": 0.1495902742105134,
                "15": -0.41726051221838995,
                "18": 0.08823658912453214,
                "21": 0.22470585357501038
            }
        },
        "9": {
            "avg": -0.45868500000000006,
            "std": 0.12646102983132787,
            "words": {
                "3": "[4 4 4]",
                "6": "[4 4 4]",
                "9": "[4 4 3]",
                "12": "[3 3 3]",
                "15": "[3 3 2]",
                "18": "[1 3 4]",
                "21": "[4 4 5]",
                "24": "[5 5 6]"
            },
            "symbolic": {
                "0": 4,
                "3": 4,
                "6": 4,
                "9": 3,
                "12": 3,
                "15": 3,
                "18": 4,
                "21": 5
            },
            "avg_amplitude": {
                "0": -0.5852764404166274,
                "3": -0.6427515025645866,
                "6": -0.6660845212247082,
                "9": -0.8367160703609301,
                "12": -0.9165329305516222,
                "15": -0.7686994556153435,
                "18": -0.17052141351206776,
                "21": 0.5212089744800025
            }
        },
        "10": {
            "avg": -0.33088192307692316,
            "std": 0.10676307721377201,
            "words": {
                "3": "[3 3 3]",
                "6": "[3 3 3]",
                "9": "[3 1 3]",
                "12": "[3 3 3]",
                "15": "[4 4 4]",
                "18": "[4 4 4]",
                "21": "[4 5 5]",
                "24": "[5 5 6]"
            },
            "symbolic": {
                "0": 3,
                "3": 3,
                "6": 3,
                "9": 3,
                "12": 4,
                "15": 4,
                "18": 5,
                "21": 6
            },
            "avg_amplitude": {
                "0": -0.8340625605564567,
                "3": -0.7807218839559812,
                "6": -0.9512692633275198,
                "9": -0.7668104723148632,
                "12": -0.623473977297066,
                "15": -0.4414425440341054,
                "18": 0.0567573356179053,
                "21": 0.6847902579322583
            }
        },
        "11": {
            "avg": -0.02905667115384616,
            "std": 0.15746079050441364,
            "words": {
                "3": "[5 4 4]",
                "6": "[4 1 6]",
                "9": "[8 6 5]",
                "12": "[5 5 4]",
                "15": "[5 5 5]",
                "18": "[5 4 4]",
                "21": "[4 5 5]",
                "24": "[5 5 5]"
            },
            "symbolic": {
                "0": 4,
                "3": 4,
                "6": 5,
                "9": 4,
                "12": 5,
                "15": 5,
                "18": 5,
                "21": 5
            },
            "avg_amplitude": {
                "0": -0.19796742581496815,
                "3": -0.2285149253365132,
                "6": 0.603289806213533,
                "9": -0.08986411883345362,
                "12": 0.5161276075787241,
                "15": 0.08679906370073749,
                "18": 0.060821175673885196,
                "21": 0.22890455930631406
            }
        },
        "12": {
            "avg": -5.458913846153845e-10,
            "std": 7.57344055130722e-10,
            "words": {
                "3": "[5 6 8]",
                "6": "[6 6 6]",
                "9": "[5 5 4]",
                "12": "[1 3 3]",
                "15": "[4 4 4]",
                "18": "[3 4 4]",
                "21": "[4 4 4]",
                "24": "[4 4 4]"
            },
            "symbolic": {
                "0": 6,
                "3": 6,
                "6": 5,
                "9": 3,
                "12": 4,
                "15": 4,
                "18": 4,
                "21": 4
            },
            "avg_amplitude": {
                "0": 0.7586863695918699,
                "3": 0.854394311105668,
                "6": 0.17097020704401264,
                "9": -0.9185296035047834,
                "12": -0.16340644746460706,
                "15": -0.47161102414641703,
                "18": -0.181876983018283,
                "21": -0.028458505083288215
            }
        },
        "13": {
            "avg": 0.02611416538461538,
            "std": 0.012916226041222485,
            "words": {
                "3": "[5 5 5]",
                "6": "[5 5 4]",
                "9": "[4 4 4]",
                "12": "[4 3 3]",
                "15": "[3 3 1]",
                "18": "[4 4 5]",
                "21": "[6 6 6]",
                "24": "[7 8 7]"
            },
            "symbolic": {
                "0": 5,
                "3": 5,
                "6": 4,
                "9": 3,
                "12": 3,
                "15": 4,
                "18": 6,
                "21": 7
            },
            "avg_amplitude": {
                "0": 0.46607321559278364,
                "3": 0.09916205496768911,
                "6": -0.344636139414415,
                "9": -0.7158476701401114,
                "12": -0.9166516601668365,
                "15": -0.013579314503087692,
                "18": 0.83714140064846,
                "21": 0.9745919799889444
            }
        },
        "14": {
            "avg": 0.09279534615384614,
            "std": 0.007155151553627959,
            "words": {
                "3": "[1 3 3]",
                "6": "[4 4 4]",
                "9": "[4 5 5]",
                "12": "[5 5 5]",
                "15": "[6 6 6]",
                "18": "[8 6 5]",
                "21": "[5 5 5]",
                "24": "[5 5 4]"
            },
            "symbolic": {
                "0": 3,
                "3": 4,
                "6": 5,
                "9": 5,
                "12": 6,
                "15": 6,
                "18": 5,
                "21": 4
            },
            "avg_amplitude": {
                "0": -0.8710799983814189,
                "3": -0.40830062450262394,
                "6": 0.1582298115701577,
                "9": 0.5499534657872366,
                "12": 0.8408395041745905,
                "15": 0.7443181051808087,
                "18": 0.24938291587423533,
                "21": -0.0504592724477008
            }
        },
        "15": {
            "avg": -0.5107553846153845,
            "std": 0.0019366429320227907,
            "words": {
                "3": "[2 2 3]",
                "6": "[2 2 2]",
                "9": "[2 1 4]",
                "12": "[4 4 4]",
                "15": "[5 5 5]",
                "18": "[5 5 6]",
                "21": "[6 6 8]",
                "24": "[7 6 6]"
            },
            "symbolic": {
                "0": 2,
                "3": 2,
                "6": 3,
                "9": 4,
                "12": 5,
                "15": 5,
                "18": 6,
                "21": 6
            },
            "avg_amplitude": {
                "0": -0.9548472775564686,
                "3": -0.9654714475431846,
                "6": -0.8884462151394615,
                "9": -0.1314741035856879,
                "12": 0.12084993359892786,
                "15": 0.41832669322708965,
                "18": 0.9216467463479429,
                "21": 0.8897742363877806
            }
        },
        "16": {
            "avg": 9.494923076923073e-11,
            "std": 9.753617544395437e-10,
            "words": {
                "3": "[4 3 3]",
                "6": "[3 4 3]",
                "9": "[3 1 4]",
                "12": "[4 4 3]",
                "15": "[5 5 5]",
                "18": "[5 8 5]",
                "21": "[5 4 4]",
                "24": "[4 4 4]"
            },
            "symbolic": {
                "0": 3,
                "3": 3,
                "6": 3,
                "9": 4,
                "12": 5,
                "15": 6,
                "18": 5,
                "21": 4
            },
            "avg_amplitude": {
                "0": -0.7558361907947927,
                "3": -0.7464488491167426,
                "6": -0.8072221757594343,
                "9": -0.5258305223346623,
                "12": 0.34470928233577713,
                "15": 0.7028797635973348,
                "18": 0.028069099458243874,
                "21": -0.05834053506546614
            }
        },
        "17": {
            "avg": 0.14981961538461538,
            "std": 0.015291338327502724,
            "words": {
                "3": "[4 4 5]",
                "6": "[5 5 6]",
                "9": "[5 6 5]",
                "12": "[6 6 6]",
                "15": "[6 6 6]",
                "18": "[8 6 5]",
                "21": "[5 5 5]",
                "24": "[5 4 4]"
            },
            "symbolic": {
                "0": 4,
                "3": 5,
                "6": 6,
                "9": 6,
                "12": 6,
                "15": 6,
                "18": 5,
                "21": 4
            },
            "avg_amplitude": {
                "0": -0.35407124681933855,
                "3": 0.4772264631043261,
                "6": 0.732315521628499,
                "9": 0.7698473282442748,
                "12": 0.8882951653944023,
                "15": 0.8288804071246819,
                "18": 0.35547073791348643,
                "21": -0.056743002544529096
            }
        },
        "18": {
            "avg": 0.0353716923076923,
            "std": 0.012582734264917877,
            "words": {
                "3": "[5 5 5]",
                "6": "[4 4 4]",
                "9": "[3 3 1]",
                "12": "[3 3 3]",
                "15": "[3 3 3]",
                "18": "[3 4 5]",
                "21": "[5 5 5]",
                "24": "[5 5 6]"
            },
            "symbolic": {
                "0": 5,
                "3": 4,
                "6": 3,
                "9": 3,
                "12": 3,
                "15": 4,
                "18": 5,
                "21": 5
            },
            "avg_amplitude": {
                "0": 0.4071119973413093,
                "3": -0.3774675972083748,
                "6": -0.9224991691591891,
                "9": -0.917941413853677,
                "12": -0.9218914684517876,
                "15": -0.3057589137349855,
                "18": 0.48618905189194334,
                "21": 0.6056592128376775
            }
        },
        "19": {
            "avg": -0.4965557692307691,
            "std": 0.008678265344215695,
            "words": {
                "3": "[1 3 3]",
                "6": "[3 4 4]",
                "9": "[4 4 4]",
                "12": "[4 5 5]",
                "15": "[5 5 5]",
                "18": "[5 5 6]",
                "21": "[6 6 8]",
                "24": "[7 7 6]"
            },
            "symbolic": {
                "0": 3,
                "3": 4,
                "6": 4,
                "9": 5,
                "12": 5,
                "15": 5,
                "18": 6,
                "21": 7
            },
            "avg_amplitude": {
                "0": -0.9196819085487083,
                "3": -0.6389662027833012,
                "6": -0.39695162359178154,
                "9": 0.04996686547382149,
                "12": 0.31345261762756577,
                "15": 0.6275679257786583,
                "18": 0.9536116633532118,
                "21": 0.957587806494363
            }
        }
    },
    "Y": {
        "0": {
            "avg": 0.014312038461538461,
            "std": 0.011184762838364592,
            "words": {
                "3": "[1 2 3]",
                "6": "[3 4 4]",
                "9": "[4 4 4]",
                "12": "[4 4 4]",
                "15": "[4 4 4]",
                "18": "[4 4 4]",
                "21": "[5 5 5]",
                "24": "[5 5 6]"
            },
            "symbolic": {
                "0": 3,
                "3": 4,
                "6": 4,
                "9": 4,
                "12": 4,
                "15": 4,
                "18": 5,
                "21": 5
            },
            "avg_amplitude": {
                "0": -0.9430295583316267,
                "3": -0.603873757025508,
                "6": -0.5953070744305641,
                "9": -0.6395749425444285,
                "12": -0.6173499897603932,
                "15": -0.2787220970714725,
                "18": 0.24947778005324586,
                "21": 0.6507429403599787
            }
        },
        "1": {
            "avg": 0.24430730769230768,
            "std": 0.03600072894347472,
            "words": {
                "3": "[1 3 4]",
                "6": "[4 4 4]",
                "9": "[4 5 5]",
                "12": "[5 6 6]",
                "15": "[6 6 6]",
                "18": "[6 6 6]",
                "21": "[6 6 6]",
                "24": "[6 7 7]"
            },
            "symbolic": {
                "0": 3,
                "3": 4,
                "6": 5,
                "9": 6,
                "12": 6,
                "15": 6,
                "18": 6,
                "21": 7
            },
            "avg_amplitude": {
                "0": -0.7836283317026888,
                "3": -0.25506240920276296,
                "6": 0.11281093421091659,
                "9": 0.7129473153665984,
                "12": 0.9305049067567968,
                "15": 0.8974176524652381,
                "18": 0.9338847875715265,
                "21": 0.9713006611521245
            }
        },
        "2": {
            "avg": -0.32120807692307696,
            "std": 0.03908499599787425,
            "words": {
                "3": "[8 6 5]",
                "6": "[5 5 5]",
                "9": "[4 4 4]",
                "12": "[4 4 3]",
                "15": "[3 3 2]",
                "18": "[2 1 1]",
                "21": "[2 2 2]",
                "24": "[2 2 2]"
            },
            "symbolic": {
                "0": 6,
                "3": 5,
                "6": 4,
                "9": 4,
                "12": 3,
                "15": 2,
                "18": 2,
                "21": 2
            },
            "avg_amplitude": {
                "0": 0.7150094659093936,
                "3": 0.21307628723035488,
                "6": -0.14305522224888675,
                "9": -0.6752259819214464,
                "12": -0.916913313601578,
                "15": -0.9849078740367437,
                "18": -0.9870410367170628,
                "21": -0.9747220222382206
            }
        },
        "3": {
            "avg": -0.11305203846153848,
            "std": 0.028710422686516853,
            "words": {
                "3": "[3 3 3]",
                "6": "[1 2 3]",
                "9": "[4 4 4]",
                "12": "[4 4 4]",
                "15": "[5 5 5]",
                "18": "[5 5 5]",
                "21": "[5 5 5]",
                "24": "[5 5 5]"
            },
            "symbolic": {
                "0": 3,
                "3": 2,
                "6": 4,
                "9": 4,
                "12": 5,
                "15": 5,
                "18": 5,
                "21": 5
            },
            "avg_amplitude": {
                "0": -0.8838022523121847,
                "3": -0.9562637954974225,
                "6": -0.5824250053732071,
                "9": -0.20408295550301733,
                "12": 0.18123232385260724,
                "15": 0.23581046734966135,
                "18": 0.08514913636348154,
                "21": 0.373241767051832
            }
        },
        "4": {
            "avg": -0.008818753076923078,
            "std": 0.008962668650235718,
            "words": {
                "3": "[5 4 4]",
                "6": "[4 3 3]",
                "9": "[3 1 4]",
                "12": "[4 4 5]",
                "15": "[6 8 7]",
                "18": "[6 6 6]",
                "21": "[6 5 5]",
                "24": "[5 5 5]"
            },
            "symbolic": {
                "0": 5,
                "3": 4,
                "6": 3,
                "9": 4,
                "12": 6,
                "15": 6,
                "18": 5,
                "21": 5
            },
            "avg_amplitude": {
                "0": 0.0035258093335060283,
                "3": -0.6371667132682729,
                "6": -0.7978399587177966,
                "9": -0.03398280059740988,
                "12": 0.8910386247752324,
                "15": 0.8033962341355627,
                "18": 0.6150320869108589,
                "21": 0.5215265322267156
            }
        },
        "5": {
            "avg": -0.02092690384615385,
            "std": 0.023096938430181273,
            "words": {
                "3": "[5 5 5]",
                "6": "[6 6 6]",
                "9": "[6 8 5]",
                "12": "[5 5 5]",
                "15": "[4 3 3]",
                "18": "[1 3 4]",
                "21": "[4 4 4]",
                "24": "[4 4 4]"
            },
            "symbolic": {
                "0": 5,
                "3": 6,
                "6": 6,
                "9": 5,
                "12": 3,
                "15": 3,
                "18": 4,
                "21": 4
            },
            "avg_amplitude": {
                "0": 0.4206069301958535,
                "3": 0.9244422124973098,
                "6": 0.8742530549776409,
                "9": 0.22454121529521495,
                "12": -0.7246191740201353,
                "15": -0.8313126240524188,
                "18": -0.5292632183083436,
                "21": -0.3934332926800104
            }
        },
        "6": {
            "avg": -0.14136961538461537,
            "std": 0.001355594277855232,
            "words": {
                "3": "[8 5 5]",
                "6": "[5 4 4]",
                "9": "[4 4 4]",
                "12": "[4 4 4]",
                "15": "[4 4 4]",
                "18": "[4 4 4]",
                "21": "[4 4 4]",
                "24": "[4 4 4]"
            },
            "symbolic": {
                "0": 5,
                "3": 4,
                "6": 4,
                "9": 4,
                "12": 4,
                "15": 4,
                "18": 4,
                "21": 4
            },
            "avg_amplitude": {
                "0": 0.6194734227521109,
                "3": -0.05911574764033911,
                "6": -0.32041728763040594,
                "9": -0.5310481867858937,
                "12": -0.41579731743666154,
                "15": -0.15250869349229826,
                "18": -0.13760556383507191,
                "21": -0.43169398907104023
            }
        },
        "7": {
            "avg": -0.020303080000000005,
            "std": 0.028445089009666327,
            "words": {
                "3": "[6 8 8]",
                "6": "[7 6 6]",
                "9": "[6 6 6]",
                "12": "[6 6 6]",
                "15": "[6 5 5]",
                "18": "[5 5 4]",
                "21": "[4 4 4]",
                "24": "[4 3 3]"
            },
            "symbolic": {
                "0": 7,
                "3": 6,
                "6": 6,
                "9": 6,
                "12": 5,
                "15": 5,
                "18": 4,
                "21": 3
            },
            "avg_amplitude": {
                "0": 0.9718469345208746,
                "3": 0.947224139750623,
                "6": 0.8846446632445272,
                "9": 0.7988491369392093,
                "12": 0.569529291471814,
                "15": 0.05252413058108888,
                "18": -0.4572500739618098,
                "21": -0.8427597876128242
            }
        },
        "8": {
            "avg": 0.004567083576923076,
            "std": 0.008034585048528931,
            "words": {
                "3": "[5 6 6]",
                "6": "[6 6 7]",
                "9": "[7 8 1]",
                "12": "[3 3 4]",
                "15": "[4 5 5]",
                "18": "[4 4 4]",
                "21": "[4 5 5]",
                "24": "[5 5 5]"
            },
            "symbolic": {
                "0": 6,
                "3": 6,
                "6": 5,
                "9": 3,
                "12": 5,
                "15": 4,
                "18": 5,
                "21": 5
            },
            "avg_amplitude": {
                "0": 0.6863579658031848,
                "3": 0.8715540226511095,
                "6": 0.3202710305520902,
                "9": -0.6944888823658912,
                "12": 0.1495902742105134,
                "15": -0.41726051221838995,
                "18": 0.08823658912453214,
                "21": 0.22470585357501038
            }
        },
        "9": {
            "avg": -0.45868500000000006,
            "std": 0.12646102983132787,
            "words": {
                "3": "[4 4 4]",
                "6": "[4 4 4]",
                "9": "[4 4 3]",
                "12": "[3 3 3]",
                "15": "[3 3 2]",
                "18": "[1 3 4]",
                "21": "[4 4 5]",
                "24": "[5 5 6]"
            },
            "symbolic": {
                "0": 4,
                "3": 4,
                "6": 4,
                "9": 3,
                "12": 3,
                "15": 3,
                "18": 4,
                "21": 5
            },
            "avg_amplitude": {
                "0": -0.5852764404166274,
                "3": -0.6427515025645866,
                "6": -0.6660845212247082,
                "9": -0.8367160703609301,
                "12": -0.9165329305516222,
                "15": -0.7686994556153435,
                "18": -0.17052141351206776,
                "21": 0.5212089744800025
            }
        },
        "10": {
            "avg": -0.33088192307692316,
            "std": 0.10676307721377201,
            "words": {
                "3": "[3 3 3]",
                "6": "[3 3 3]",
                "9": "[3 1 3]",
                "12": "[3 3 3]",
                "15": "[4 4 4]",
                "18": "[4 4 4]",
                "21": "[4 5 5]",
                "24": "[5 5 6]"
            },
            "symbolic": {
                "0": 3,
                "3": 3,
                "6": 3,
                "9": 3,
                "12": 4,
                "15": 4,
                "18": 5,
                "21": 6
            },
            "avg_amplitude": {
                "0": -0.8340625605564567,
                "3": -0.7807218839559812,
                "6": -0.9512692633275198,
                "9": -0.7668104723148632,
                "12": -0.623473977297066,
                "15": -0.4414425440341054,
                "18": 0.0567573356179053,
                "21": 0.6847902579322583
            }
        },
        "11": {
            "avg": -0.02905667115384616,
            "std": 0.15746079050441364,
            "words": {
                "3": "[5 4 4]",
                "6": "[4 1 6]",
                "9": "[8 6 5]",
                "12": "[5 5 4]",
                "15": "[5 5 5]",
                "18": "[5 4 4]",
                "21": "[4 5 5]",
                "24": "[5 5 5]"
            },
            "symbolic": {
                "0": 4,
                "3": 4,
                "6": 5,
                "9": 4,
                "12": 5,
                "15": 5,
                "18": 5,
                "21": 5
            },
            "avg_amplitude": {
                "0": -0.19796742581496815,
                "3": -0.2285149253365132,
                "6": 0.603289806213533,
                "9": -0.08986411883345362,
                "12": 0.5161276075787241,
                "15": 0.08679906370073749,
                "18": 0.060821175673885196,
                "21": 0.22890455930631406
            }
        },
        "12": {
            "avg": -5.458913846153845e-10,
            "std": 7.57344055130722e-10,
            "words": {
                "3": "[5 6 8]",
                "6": "[6 6 6]",
                "9": "[5 5 4]",
                "12": "[1 3 3]",
                "15": "[4 4 4]",
                "18": "[3 4 4]",
                "21": "[4 4 4]",
                "24": "[4 4 4]"
            },
            "symbolic": {
                "0": 6,
                "3": 6,
                "6": 5,
                "9": 3,
                "12": 4,
                "15": 4,
                "18": 4,
                "21": 4
            },
            "avg_amplitude": {
                "0": 0.7586863695918699,
                "3": 0.854394311105668,
                "6": 0.17097020704401264,
                "9": -0.9185296035047834,
                "12": -0.16340644746460706,
                "15": -0.47161102414641703,
                "18": -0.181876983018283,
                "21": -0.028458505083288215
            }
        },
        "13": {
            "avg": 0.02611416538461538,
            "std": 0.012916226041222485,
            "words": {
                "3": "[5 5 5]",
                "6": "[5 5 4]",
                "9": "[4 4 4]",
                "12": "[4 3 3]",
                "15": "[3 3 1]",
                "18": "[4 4 5]",
                "21": "[6 6 6]",
                "24": "[7 8 7]"
            },
            "symbolic": {
                "0": 5,
                "3": 5,
                "6": 4,
                "9": 3,
                "12": 3,
                "15": 4,
                "18": 6,
                "21": 7
            },
            "avg_amplitude": {
                "0": 0.46607321559278364,
                "3": 0.09916205496768911,
                "6": -0.344636139414415,
                "9": -0.7158476701401114,
                "12": -0.9166516601668365,
                "15": -0.013579314503087692,
                "18": 0.83714140064846,
                "21": 0.9745919799889444
            }
        },
        "14": {
            "avg": 0.09279534615384614,
            "std": 0.007155151553627959,
            "words": {
                "3": "[1 3 3]",
                "6": "[4 4 4]",
                "9": "[4 5 5]",
                "12": "[5 5 5]",
                "15": "[6 6 6]",
                "18": "[8 6 5]",
                "21": "[5 5 5]",
                "24": "[5 5 4]"
            },
            "symbolic": {
                "0": 3,
                "3": 4,
                "6": 5,
                "9": 5,
                "12": 6,
                "15": 6,
                "18": 5,
                "21": 4
            },
            "avg_amplitude": {
                "0": -0.8710799983814189,
                "3": -0.40830062450262394,
                "6": 0.1582298115701577,
                "9": 0.5499534657872366,
                "12": 0.8408395041745905,
                "15": 0.7443181051808087,
                "18": 0.24938291587423533,
                "21": -0.0504592724477008
            }
        },
        "15": {
            "avg": -0.5107553846153845,
            "std": 0.0019366429320227907,
            "words": {
                "3": "[2 2 3]",
                "6": "[2 2 2]",
                "9": "[2 1 4]",
                "12": "[4 4 4]",
                "15": "[5 5 5]",
                "18": "[5 5 6]",
                "21": "[6 6 8]",
                "24": "[7 6 6]"
            },
            "symbolic": {
                "0": 2,
                "3": 2,
                "6": 3,
                "9": 4,
                "12": 5,
                "15": 5,
                "18": 6,
                "21": 6
            },
            "avg_amplitude": {
                "0": -0.9548472775564686,
                "3": -0.9654714475431846,
                "6": -0.8884462151394615,
                "9": -0.1314741035856879,
                "12": 0.12084993359892786,
                "15": 0.41832669322708965,
                "18": 0.9216467463479429,
                "21": 0.8897742363877806
            }
        },
        "16": {
            "avg": 9.494923076923073e-11,
            "std": 9.753617544395437e-10,
            "words": {
                "3": "[4 3 3]",
                "6": "[3 4 3]",
                "9": "[3 1 4]",
                "12": "[4 4 3]",
                "15": "[5 5 5]",
                "18": "[5 8 5]",
                "21": "[5 4 4]",
                "24": "[4 4 4]"
            },
            "symbolic": {
                "0": 3,
                "3": 3,
                "6": 3,
                "9": 4,
                "12": 5,
                "15": 6,
                "18": 5,
                "21": 4
            },
            "avg_amplitude": {
                "0": -0.7558361907947927,
                "3": -0.7464488491167426,
                "6": -0.8072221757594343,
                "9": -0.5258305223346623,
                "12": 0.34470928233577713,
                "15": 0.7028797635973348,
                "18": 0.028069099458243874,
                "21": -0.05834053506546614
            }
        },
        "17": {
            "avg": 0.14981961538461538,
            "std": 0.015291338327502724,
            "words": {
                "3": "[4 4 5]",
                "6": "[5 5 6]",
                "9": "[5 6 5]",
                "12": "[6 6 6]",
                "15": "[6 6 6]",
                "18": "[8 6 5]",
                "21": "[5 5 5]",
                "24": "[5 4 4]"
            },
            "symbolic": {
                "0": 4,
                "3": 5,
                "6": 6,
                "9": 6,
                "12": 6,
                "15": 6,
                "18": 5,
                "21": 4
            },
            "avg_amplitude": {
                "0": -0.35407124681933855,
                "3": 0.4772264631043261,
                "6": 0.732315521628499,
                "9": 0.7698473282442748,
                "12": 0.8882951653944023,
                "15": 0.8288804071246819,
                "18": 0.35547073791348643,
                "21": -0.056743002544529096
            }
        },
        "18": {
            "avg": 0.0353716923076923,
            "std": 0.012582734264917877,
            "words": {
                "3": "[5 5 5]",
                "6": "[4 4 4]",
                "9": "[3 3 1]",
                "12": "[3 3 3]",
                "15": "[3 3 3]",
                "18": "[3 4 5]",
                "21": "[5 5 5]",
                "24": "[5 5 6]"
            },
            "symbolic": {
                "0": 5,
                "3": 4,
                "6": 3,
                "9": 3,
                "12": 3,
                "15": 4,
                "18": 5,
                "21": 5
            },
            "avg_amplitude": {
                "0": 0.4071119973413093,
                "3": -0.3774675972083748,
                "6": -0.9224991691591891,
                "9": -0.917941413853677,
                "12": -0.9218914684517876,
                "15": -0.3057589137349855,
                "18": 0.48618905189194334,
                "21": 0.6056592128376775
            }
        },
        "19": {
            "avg": -0.4965557692307691,
            "std": 0.008678265344215695,
            "words": {
                "3": "[1 3 3]",
                "6": "[3 4 4]",
                "9": "[4 4 4]",
                "12": "[4 5 5]",
                "15": "[5 5 5]",
                "18": "[5 5 6]",
                "21": "[6 6 8]",
                "24": "[7 7 6]"
            },
            "symbolic": {
                "0": 3,
                "3": 4,
                "6": 4,
                "9": 5,
                "12": 5,
                "15": 5,
                "18": 6,
                "21": 7
            },
            "avg_amplitude": {
                "0": -0.9196819085487083,
                "3": -0.6389662027833012,
                "6": -0.39695162359178154,
                "9": 0.04996686547382149,
                "12": 0.31345261762756577,
                "15": 0.6275679257786583,
                "18": 0.9536116633532118,
                "21": 0.957587806494363
            }
        }
    },
    "Z": {
        "0": {
            "avg": 0.014312038461538461,
            "std": 0.011184762838364592,
            "words": {
                "3": "[1 2 3]",
                "6": "[3 4 4]",
                "9": "[4 4 4]",
                "12": "[4 4 4]",
                "15": "[4 4 4]",
                "18": "[4 4 4]",
                "21": "[5 5 5]",
                "24": "[5 5 6]"
            },
            "symbolic": {
                "0": 3,
                "3": 4,
                "6": 4,
                "9": 4,
                "12": 4,
                "15": 4,
                "18": 5,
                "21": 5
            },
            "avg_amplitude": {
                "0": -0.9430295583316267,
                "3": -0.603873757025508,
                "6": -0.5953070744305641,
                "9": -0.6395749425444285,
                "12": -0.6173499897603932,
                "15": -0.2787220970714725,
                "18": 0.24947778005324586,
                "21": 0.6507429403599787
            }
        },
        "1": {
            "avg": 0.24430730769230768,
            "std": 0.03600072894347472,
            "words": {
                "3": "[1 3 4]",
                "6": "[4 4 4]",
                "9": "[4 5 5]",
                "12": "[5 6 6]",
                "15": "[6 6 6]",
                "18": "[6 6 6]",
                "21": "[6 6 6]",
                "24": "[6 7 7]"
            },
            "symbolic": {
                "0": 3,
                "3": 4,
                "6": 5,
                "9": 6,
                "12": 6,
                "15": 6,
                "18": 6,
                "21": 7
            },
            "avg_amplitude": {
                "0": -0.7836283317026888,
                "3": -0.25506240920276296,
                "6": 0.11281093421091659,
                "9": 0.7129473153665984,
                "12": 0.9305049067567968,
                "15": 0.8974176524652381,
                "18": 0.9338847875715265,
                "21": 0.9713006611521245
            }
        },
        "2": {
            "avg": -0.32120807692307696,
            "std": 0.03908499599787425,
            "words": {
                "3": "[8 6 5]",
                "6": "[5 5 5]",
                "9": "[4 4 4]",
                "12": "[4 4 3]",
                "15": "[3 3 2]",
                "18": "[2 1 1]",
                "21": "[2 2 2]",
                "24": "[2 2 2]"
            },
            "symbolic": {
                "0": 6,
                "3": 5,
                "6": 4,
                "9": 4,
                "12": 3,
                "15": 2,
                "18": 2,
                "21": 2
            },
            "avg_amplitude": {
                "0": 0.7150094659093936,
                "3": 0.21307628723035488,
                "6": -0.14305522224888675,
                "9": -0.6752259819214464,
                "12": -0.916913313601578,
                "15": -0.9849078740367437,
                "18": -0.9870410367170628,
                "21": -0.9747220222382206
            }
        },
        "3": {
            "avg": -0.11305203846153848,
            "std": 0.028710422686516853,
            "words": {
                "3": "[3 3 3]",
                "6": "[1 2 3]",
                "9": "[4 4 4]",
                "12": "[4 4 4]",
                "15": "[5 5 5]",
                "18": "[5 5 5]",
                "21": "[5 5 5]",
                "24": "[5 5 5]"
            },
            "symbolic": {
                "0": 3,
                "3": 2,
                "6": 4,
                "9": 4,
                "12": 5,
                "15": 5,
                "18": 5,
                "21": 5
            },
            "avg_amplitude": {
                "0": -0.8838022523121847,
                "3": -0.9562637954974225,
                "6": -0.5824250053732071,
                "9": -0.20408295550301733,
                "12": 0.18123232385260724,
                "15": 0.23581046734966135,
                "18": 0.08514913636348154,
                "21": 0.373241767051832
            }
        },
        "4": {
            "avg": -0.008818753076923078,
            "std": 0.008962668650235718,
            "words": {
                "3": "[5 4 4]",
                "6": "[4 3 3]",
                "9": "[3 1 4]",
                "12": "[4 4 5]",
                "15": "[6 8 7]",
                "18": "[6 6 6]",
                "21": "[6 5 5]",
                "24": "[5 5 5]"
            },
            "symbolic": {
                "0": 5,
                "3": 4,
                "6": 3,
                "9": 4,
                "12": 6,
                "15": 6,
                "18": 5,
                "21": 5
            },
            "avg_amplitude": {
                "0": 0.0035258093335060283,
                "3": -0.6371667132682729,
                "6": -0.7978399587177966,
                "9": -0.03398280059740988,
                "12": 0.8910386247752324,
                "15": 0.8033962341355627,
                "18": 0.6150320869108589,
                "21": 0.5215265322267156
            }
        },
        "5": {
            "avg": -0.02092690384615385,
            "std": 0.023096938430181273,
            "words": {
                "3": "[5 5 5]",
                "6": "[6 6 6]",
                "9": "[6 8 5]",
                "12": "[5 5 5]",
                "15": "[4 3 3]",
                "18": "[1 3 4]",
                "21": "[4 4 4]",
                "24": "[4 4 4]"
            },
            "symbolic": {
                "0": 5,
                "3": 6,
                "6": 6,
                "9": 5,
                "12": 3,
                "15": 3,
                "18": 4,
                "21": 4
            },
            "avg_amplitude": {
                "0": 0.4206069301958535,
                "3": 0.9244422124973098,
                "6": 0.8742530549776409,
                "9": 0.22454121529521495,
                "12": -0.7246191740201353,
                "15": -0.8313126240524188,
                "18": -0.5292632183083436,
                "21": -0.3934332926800104
            }
        },
        "6": {
            "avg": -0.14136961538461537,
            "std": 0.001355594277855232,
            "words": {
                "3": "[8 5 5]",
                "6": "[5 4 4]",
                "9": "[4 4 4]",
                "12": "[4 4 4]",
                "15": "[4 4 4]",
                "18": "[4 4 4]",
                "21": "[4 4 4]",
                "24": "[4 4 4]"
            },
            "symbolic": {
                "0": 5,
                "3": 4,
                "6": 4,
                "9": 4,
                "12": 4,
                "15": 4,
                "18": 4,
                "21": 4
            },
            "avg_amplitude": {
                "0": 0.6194734227521109,
                "3": -0.05911574764033911,
                "6": -0.32041728763040594,
                "9": -0.5310481867858937,
                "12": -0.41579731743666154,
                "15": -0.15250869349229826,
                "18": -0.13760556383507191,
                "21": -0.43169398907104023
            }
        },
        "7": {
            "avg": -0.020303080000000005,
            "std": 0.028445089009666327,
            "words": {
                "3": "[6 8 8]",
                "6": "[7 6 6]",
                "9": "[6 6 6]",
                "12": "[6 6 6]",
                "15": "[6 5 5]",
                "18": "[5 5 4]",
                "21": "[4 4 4]",
                "24": "[4 3 3]"
            },
            "symbolic": {
                "0": 7,
                "3": 6,
                "6": 6,
                "9": 6,
                "12": 5,
                "15": 5,
                "18": 4,
                "21": 3
            },
            "avg_amplitude": {
                "0": 0.9718469345208746,
                "3": 0.947224139750623,
                "6": 0.8846446632445272,
                "9": 0.7988491369392093,
                "12": 0.569529291471814,
                "15": 0.05252413058108888,
                "18": -0.4572500739618098,
                "21": -0.8427597876128242
            }
        },
        "8": {
            "avg": 0.004567083576923076,
            "std": 0.008034585048528931,
            "words": {
                "3": "[5 6 6]",
                "6": "[6 6 7]",
                "9": "[7 8 1]",
                "12": "[3 3 4]",
                "15": "[4 5 5]",
                "18": "[4 4 4]",
                "21": "[4 5 5]",
                "24": "[5 5 5]"
            },
            "symbolic": {
                "0": 6,
                "3": 6,
                "6": 5,
                "9": 3,
                "12": 5,
                "15": 4,
                "18": 5,
                "21": 5
            },
            "avg_amplitude": {
                "0": 0.6863579658031848,
                "3": 0.8715540226511095,
                "6": 0.3202710305520902,
                "9": -0.6944888823658912,
                "12": 0.1495902742105134,
                "15": -0.41726051221838995,
                "18": 0.08823658912453214,
                "21": 0.22470585357501038
            }
        },
        "9": {
            "avg": -0.45868500000000006,
            "std": 0.12646102983132787,
            "words": {
                "3": "[4 4 4]",
                "6": "[4 4 4]",
                "9": "[4 4 3]",
                "12": "[3 3 3]",
                "15": "[3 3 2]",
                "18": "[1 3 4]",
                "21": "[4 4 5]",
                "24": "[5 5 6]"
            },
            "symbolic": {
                "0": 4,
                "3": 4,
                "6": 4,
                "9": 3,
                "12": 3,
                "15": 3,
                "18": 4,
                "21": 5
            },
            "avg_amplitude": {
                "0": -0.5852764404166274,
                "3": -0.6427515025645866,
                "6": -0.6660845212247082,
                "9": -0.8367160703609301,
                "12": -0.9165329305516222,
                "15": -0.7686994556153435,
                "18": -0.17052141351206776,
                "21": 0.5212089744800025
            }
        },
        "10": {
            "avg": -0.33088192307692316,
            "std": 0.10676307721377201,
            "words": {
                "3": "[3 3 3]",
                "6": "[3 3 3]",
                "9": "[3 1 3]",
                "12": "[3 3 3]",
                "15": "[4 4 4]",
                "18": "[4 4 4]",
                "21": "[4 5 5]",
                "24": "[5 5 6]"
            },
            "symbolic": {
                "0": 3,
                "3": 3,
                "6": 3,
                "9": 3,
                "12": 4,
                "15": 4,
                "18": 5,
                "21": 6
            },
            "avg_amplitude": {
                "0": -0.8340625605564567,
                "3": -0.7807218839559812,
                "6": -0.9512692633275198,
                "9": -0.7668104723148632,
                "12": -0.623473977297066,
                "15": -0.4414425440341054,
                "18": 0.0567573356179053,
                "21": 0.6847902579322583
            }
        },
        "11": {
            "avg": -0.02905667115384616,
            "std": 0.15746079050441364,
            "words": {
                "3": "[5 4 4]",
                "6": "[4 1 6]",
                "9": "[8 6 5]",
                "12": "[5 5 4]",
                "15": "[5 5 5]",
                "18": "[5 4 4]",
                "21": "[4 5 5]",
                "24": "[5 5 5]"
            },
            "symbolic": {
                "0": 4,
                "3": 4,
                "6": 5,
                "9": 4,
                "12": 5,
                "15": 5,
                "18": 5,
                "21": 5
            },
            "avg_amplitude": {
                "0": -0.19796742581496815,
                "3": -0.2285149253365132,
                "6": 0.603289806213533,
                "9": -0.08986411883345362,
                "12": 0.5161276075787241,
                "15": 0.08679906370073749,
                "18": 0.060821175673885196,
                "21": 0.22890455930631406
            }
        },
        "12": {
            "avg": -5.458913846153845e-10,
            "std": 7.57344055130722e-10,
            "words": {
                "3": "[5 6 8]",
                "6": "[6 6 6]",
                "9": "[5 5 4]",
                "12": "[1 3 3]",
                "15": "[4 4 4]",
                "18": "[3 4 4]",
                "21": "[4 4 4]",
                "24": "[4 4 4]"
            },
            "symbolic": {
                "0": 6,
                "3": 6,
                "6": 5,
                "9": 3,
                "12": 4,
                "15": 4,
                "18": 4,
                "21": 4
            },
            "avg_amplitude": {
                "0": 0.7586863695918699,
                "3": 0.854394311105668,
                "6": 0.17097020704401264,
                "9": -0.9185296035047834,
                "12": -0.16340644746460706,
                "15": -0.47161102414641703,
                "18": -0.181876983018283,
                "21": -0.028458505083288215
            }
        },
        "13": {
            "avg": 0.02611416538461538,
            "std": 0.012916226041222485,
            "words": {
                "3": "[5 5 5]",
                "6": "[5 5 4]",
                "9": "[4 4 4]",
                "12": "[4 3 3]",
                "15": "[3 3 1]",
                "18": "[4 4 5]",
                "21": "[6 6 6]",
                "24": "[7 8 7]"
            },
            "symbolic": {
                "0": 5,
                "3": 5,
                "6": 4,
                "9": 3,
                "12": 3,
                "15": 4,
                "18": 6,
                "21": 7
            },
            "avg_amplitude": {
                "0": 0.46607321559278364,
                "3": 0.09916205496768911,
                "6": -0.344636139414415,
                "9": -0.7158476701401114,
                "12": -0.9166516601668365,
                "15": -0.013579314503087692,
                "18": 0.83714140064846,
                "21": 0.9745919799889444
            }
        },
        "14": {
            "avg": 0.09279534615384614,
            "std": 0.007155151553627959,
            "words": {
                "3": "[1 3 3]",
                "6": "[4 4 4]",
                "9": "[4 5 5]",
                "12": "[5 5 5]",
                "15": "[6 6 6]",
                "18": "[8 6 5]",
                "21": "[5 5 5]",
                "24": "[5 5 4]"
            },
            "symbolic": {
                "0": 3,
                "3": 4,
                "6": 5,
                "9": 5,
                "12": 6,
                "15": 6,
                "18": 5,
                "21": 4
            },
            "avg_amplitude": {
                "0": -0.8710799983814189,
                "3": -0.40830062450262394,
                "6": 0.1582298115701577,
                "9": 0.5499534657872366,
                "12": 0.8408395041745905,
                "15": 0.7443181051808087,
                "18": 0.24938291587423533,
                "21": -0.0504592724477008
            }
        },
        "15": {
            "avg": -0.5107553846153845,
            "std": 0.0019366429320227907,
            "words": {
                "3": "[2 2 3]",
                "6": "[2 2 2]",
                "9": "[2 1 4]",
                "12": "[4 4 4]",
                "15": "[5 5 5]",
                "18": "[5 5 6]",
                "21": "[6 6 8]",
                "24": "[7 6 6]"
            },
            "symbolic": {
                "0": 2,
                "3": 2,
                "6": 3,
                "9": 4,
                "12": 5,
                "15": 5,
                "18": 6,
                "21": 6
            },
            "avg_amplitude": {
                "0": -0.9548472775564686,
                "3": -0.9654714475431846,
                "6": -0.8884462151394615,
                "9": -0.1314741035856879,
                "12": 0.12084993359892786,
                "15": 0.41832669322708965,
                "18": 0.9216467463479429,
                "21": 0.8897742363877806
            }
        },
        "16": {
            "avg": 9.494923076923073e-11,
            "std": 9.753617544395437e-10,
            "words": {
                "3": "[4 3 3]",
                "6": "[3 4 3]",
                "9": "[3 1 4]",
                "12": "[4 4 3]",
                "15": "[5 5 5]",
                "18": "[5 8 5]",
                "21": "[5 4 4]",
                "24": "[4 4 4]"
            },
            "symbolic": {
                "0": 3,
                "3": 3,
                "6": 3,
                "9": 4,
                "12": 5,
                "15": 6,
                "18": 5,
                "21": 4
            },
            "avg_amplitude": {
                "0": -0.7558361907947927,
                "3": -0.7464488491167426,
                "6": -0.8072221757594343,
                "9": -0.5258305223346623,
                "12": 0.34470928233577713,
                "15": 0.7028797635973348,
                "18": 0.028069099458243874,
                "21": -0.05834053506546614
            }
        },
        "17": {
            "avg": 0.14981961538461538,
            "std": 0.015291338327502724,
            "words": {
                "3": "[4 4 5]",
                "6": "[5 5 6]",
                "9": "[5 6 5]",
                "12": "[6 6 6]",
                "15": "[6 6 6]",
                "18": "[8 6 5]",
                "21": "[5 5 5]",
                "24": "[5 4 4]"
            },
            "symbolic": {
                "0": 4,
                "3": 5,
                "6": 6,
                "9": 6,
                "12": 6,
                "15": 6,
                "18": 5,
                "21": 4
            },
            "avg_amplitude": {
                "0": -0.35407124681933855,
                "3": 0.4772264631043261,
                "6": 0.732315521628499,
                "9": 0.7698473282442748,
                "12": 0.8882951653944023,
                "15": 0.8288804071246819,
                "18": 0.35547073791348643,
                "21": -0.056743002544529096
            }
        },
        "18": {
            "avg": 0.0353716923076923,
            "std": 0.012582734264917877,
            "words": {
                "3": "[5 5 5]",
                "6": "[4 4 4]",
                "9": "[3 3 1]",
                "12": "[3 3 3]",
                "15": "[3 3 3]",
                "18": "[3 4 5]",
                "21": "[5 5 5]",
                "24": "[5 5 6]"
            },
            "symbolic": {
                "0": 5,
                "3": 4,
                "6": 3,
                "9": 3,
                "12": 3,
                "15": 4,
                "18": 5,
                "21": 5
            },
            "avg_amplitude": {
                "0": 0.4071119973413093,
                "3": -0.3774675972083748,
                "6": -0.9224991691591891,
                "9": -0.917941413853677,
                "12": -0.9218914684517876,
                "15": -0.3057589137349855,
                "18": 0.48618905189194334,
                "21": 0.6056592128376775
            }
        },
        "19": {
            "avg": -0.4965557692307691,
            "std": 0.008678265344215695,
            "words": {
                "3": "[1 3 3]",
                "6": "[3 4 4]",
                "9": "[4 4 4]",
                "12": "[4 5 5]",
                "15": "[5 5 5]",
                "18": "[5 5 6]",
                "21": "[6 6 8]",
                "24": "[7 7 6]"
            },
            "symbolic": {
                "0": 3,
                "3": 4,
                "6": 4,
                "9": 5,
                "12": 5,
                "15": 5,
                "18": 6,
                "21": 7
            },
            "avg_amplitude": {
                "0": -0.9196819085487083,
                "3": -0.6389662027833012,
                "6": -0.39695162359178154,
                "9": 0.04996686547382149,
                "12": 0.31345261762756577,
                "15": 0.6275679257786583,
                "18": 0.9536116633532118,
                "21": 0.957587806494363
            }
        }
    }
}