{
    "W": {
        "0": {
            "avg": 0.014064410714285712,
            "std": 0.006645147499204006,
            "words": {
                "3": "[1 3 3]",
                "6": "[3 3 4]",
                "9": "[4 4 4]",
                "12": "[4 4 5]",
                "15": "[5 5 6]",
                "18": "[6 6 6]",
                "21": "[5 5 5]",
                "24": "[5 6 6]",
                "27": "[6 8 7]"
            },
            "symbolic": {
                "0": 3,
                "3": 3,
                "6": 4,
                "9": 4,
                "12": 5,
                "15": 6,
                "18": 5,
                "21": 6,
                "24": 7
            },
            "avg_amplitude": {
                "0": -0.901648390236072,
                "3": -0.7001160461375364,
                "6": -0.23085489550831229,
                "9": -0.0012741665245351586,
                "12": 0.4359890174202978,
                "15": 0.8527183891324631,
                "18": 0.5304980619960605,
                "21": 0.738310943451754,
                "24": 0.9669251786675762
            }
        },
        "1": {
            "avg": 0.06970963571428572,
            "std": 0.04797116244757125,
            "words": {
                "3": "[1 3 3]",
                "6": "[3 4 4]",
                "9": "[4 4 4]",
                "12": "[4 4 4]",
                "15": "[5 5 5]",
                "18": "[5 5 5]",
                "21": "[5 6 6]",
                "24": "[6 6 6]",
                "27": "[6 7 8]"
            },
            "symbolic": {
                "0": 3,
                "3": 4,
                "6": 4,
                "9": 4,
                "12": 5,
                "15": 5,
                "18": 6,
                "21": 6,
                "24": 7
            },
            "avg_amplitude": {
                "0": -0.9114083906094925,
                "3": -0.6593088831380842,
                "6": -0.4158017270964929,
                "9": -0.203898489022456,
                "12": 0.1024895418834814,
                "15": 0.354486091400692,
                "18": 0.6857463524130193,
                "21": 0.8599864577826013,
                "24": 0.9818664143733016
            }
        },
        "2": {
            "avg": -0.10959316071428572,
            "std": 0.05484189770486943,
            "words": {
                "3": "[8 6 6]",
                "6": "[5 5 5]",
                "9": "[5 5 5]",
                "12": "[5 4 4]",
                "15": "[4 4 4]",
                "18": "[4 4 4]",
                "21": "[4 3 3]",
                "24": "[3 3 3]",
                "27": "[2 1 2]"
            },
            "symbolic": {
                "0": 6,
                "3": 5,
                "6": 5,
                "9": 4,
                "12": 4,
                "15": 4,
                "18": 3,
                "21": 3,
                "24": 2
            },
            "avg_amplitude": {
                "0": 0.9113896403807903,
                "3": 0.5335171859483795,
                "6": 0.25488825663262377,
                "9": -0.0461369109848541,
                "12": -0.28186819107082034,
                "15": -0.4618379631382301,
                "18": -0.7196975653603812,
                "21": -0.8692258484739943,
                "24": -0.9860605937061058
            }
        },
        "3": {
            "avg": -0.09602014285714286,
            "std": 0.011681852236804728,
            "words": {
                "3": "[5 5 4]",
                "6": "[4 4 4]",
                "9": "[4 4 4]",
                "12": "[4 4 4]",
                "15": "[4 3 1]",
                "18": "[3 2 2]",
                "21": "[3 3 3]",
                "24": "[3 3 4]",
                "27": "[4 5 6]"
            },
            "symbolic": {
                "0": 5,
                "3": 4,
                "6": 4,
                "9": 4,
                "12": 3,
                "15": 3,
                "18": 3,
                "21": 4,
                "24": 5
            },
            "avg_amplitude": {
                "0": 0.16789117991367355,
                "3": -0.2887337599379481,
                "6": -0.44004194227192084,
                "9": -0.5451418065340888,
                "12": -0.7832503824359552,
                "15": -0.9291865066540265,
                "18": -0.8309381710583957,
                "21": -0.6753783063653139,
                "24": 0.20822470715819585
            }
        },
        "4": {
            "avg": -0.0012962867857142855,
            "std": 0.0076549456692975104,
            "words": {
                "3": "[8 5 5]",
                "6": "[5 5 5]",
                "9": "[4 4 4]",
                "12": "[4 4 4]",
                "15": "[4 3 3]",
                "18": "[2 1 3]",
                "21": "[4 4 4]",
                "24": "[4 4 4]",
                "27": "[4 4 4]"
            },
            "symbolic": {
                "0": 6,
                "3": 5,
                "6": 4,
                "9": 4,
                "12": 3,
                "15": 3,
                "18": 4,
                "21": 4,
                "24": 4
            },
            "avg_amplitude": {
                "0": 0.7014164760643634,
                "3": 0.1598551422495084,
                "6": -0.255196220055375,
                "9": -0.4381646001364312,
                "12": -0.7141607479635649,
                "15": -0.9004072870270052,
                "18": -0.5011817342803259,
                "21": -0.3917699931784438,
                "24": -0.2642237470406485
            }
        },
        "5": {
            "avg": -0.03966342857142857,
            "std": 0.014005276855868429,
            "words": {
                "3": "[5 6 8]",
                "6": "[6 5 5]",
                "9": "[5 5 5]",
                "12": "[5 5 5]",
                "15": "[5 5 5]",
                "18": "[5 5 4]",
                "21": "[4 4 4]",
                "24": "[4 4 4]",
                "27": "[4 3 3]"
            },
            "symbolic": {
                "0": 6,
                "3": 5,
                "6": 5,
                "9": 5,
                "12": 5,
                "15": 5,
                "18": 4,
                "21": 4,
                "24": 3
            },
            "avg_amplitude": {
                "0": 0.7911762226243054,
                "3": 0.5729618604771817,
                "6": 0.3108166825554322,
                "9": 0.22248811585179987,
                "12": 0.1972995583571663,
                "15": 0.05510483342736894,
                "18": -0.4832065474684983,
                "21": -0.5702510424975843,
                "24": -0.7209024818900499
            }
        },
        "6": {
            "avg": -0.20530321428571427,
            "std": 0.019487627424061855,
            "words": {
                "3": "[7 8 7]",
                "6": "[6 5 5]",
                "9": "[4 4 3]",
                "12": "[3 3 3]",
                "15": "[2 2 1]",
                "18": "[1 2 2]",
                "21": "[2 2 3]",
                "24": "[3 4 4]",
                "27": "[4 4 4]"
            },
            "symbolic": {
                "0": 7,
                "3": 5,
                "6": 4,
                "9": 3,
                "12": 2,
                "15": 2,
                "18": 2,
                "21": 3,
                "24": 4
            },
            "avg_amplitude": {
                "0": 0.9851982378854625,
                "3": 0.5164757709251103,
                "6": -0.565110132158591,
                "9": -0.8909838472834073,
                "12": -0.9901321585903086,
                "15": -0.9855506607929524,
                "18": -0.9620558002936855,
                "21": -0.7291042584434658,
                "24": -0.6366519823788547
            }
        },
        "7": {
            "avg": 0.049460214285714274,
            "std": 0.005592814797558413,
            "words": {
                "3": "[5 5 5]",
                "6": "[5 5 6]",
                "9": "[6 6 7]",
                "12": "[7 8 6]",
                "15": "[6 6 6]",
                "18": "[6 5 5]",
                "21": "[5 4 4]",
                "24": "[5 4 4]",
                "27": "[4 2 3]"
            },
            "symbolic": {
                "0": 5,
                "3": 5,
                "6": 6,
                "9": 7,
                "12": 6,
                "15": 5,
                "18": 5,
                "21": 4,
                "24": 3
            },
            "avg_amplitude": {
                "0": 0.5212936811208945,
                "3": 0.5484668918794184,
                "6": 0.8123350131989437,
                "9": 0.9771095235458084,
                "12": 0.8608111351091908,
                "15": 0.6099758173192292,
                "18": 0.10276716324232511,
                "21": -0.15393845415443685,
                "24": -0.8393236233409013
            }
        },
        "8": {
            "avg": 0.0010748325,
            "std": 0.00903696637725401,
            "words": {
                "3": "[1 3 4]",
                "6": "[4 5 5]",
                "9": "[5 5 5]",
                "12": "[6 6 6]",
                "15": "[6 6 7]",
                "18": "[7 8 5]",
                "21": "[5 5 5]",
                "24": "[5 5 5]",
                "27": "[5 5 5]"
            },
            "symbolic": {
                "0": 4,
                "3": 5,
                "6": 5,
                "9": 6,
                "12": 6,
                "15": 6,
                "18": 5,
                "21": 5,
                "24": 5
            },
            "avg_amplitude": {
                "0": -0.677997252109987,
                "3": 0.07341327195189414,
                "6": 0.484109166175972,
                "9": 0.7748550220366505,
                "12": 0.934710847028175,
                "15": 0.8768267223382047,
                "18": 0.49161893546027163,
                "21": 0.43151687097407354,
                "24": 0.3234102385668148
            }
        },
        "9": {
            "avg": -0.30313175000000003,
            "std": 0.0916305458343349,
            "words": {
                "3": "[4 4 4]",
                "6": "[4 3 3]",
                "9": "[3 3 3]",
                "12": "[3 3 3]",
                "15": "[3 3 3]",
                "18": "[3 3 1]",
                "21": "[3 4 4]",
                "24": "[4 4 5]",
                "27": "[5 5 6]"
            },
            "symbolic": {
                "0": 4,
                "3": 3,
                "6": 3,
                "9": 3,
                "12": 3,
                "15": 3,
                "18": 4,
                "21": 4,
                "24": 5
            },
            "avg_amplitude": {
                "0": -0.3057030272999695,
                "3": -0.7286323273794076,
                "6": -0.7710255381735528,
                "9": -0.7419441101751575,
                "12": -0.7854974320253575,
                "15": -0.8276350251291854,
                "18": -0.6145481859009149,
                "21": -0.09729595809442915,
                "24": 0.6087260014314589
            }
        },
        "10": {
            "avg": -0.3870117857142857,
            "std": 0.13605261787274237,
            "words": {
                "3": "[4 4 4]",
                "6": "[4 4 4]",
                "9": "[3 3 3]",
                "12": "[2 1 3]",
                "15": "[3 3 3]",
                "18": "[2 1 3]",
                "21": "[4 4 4]",
                "24": "[5 5 5]",
                "27": "[6 6 6]"
            },
            "symbolic": {
                "0": 4,
                "3": 4,
                "6": 3,
                "9": 2,
                "12": 3,
                "15": 3,
                "18": 4,
                "21": 5,
                "24": 6
            },
            "avg_amplitude": {
                "0": -0.19243797947593885,
                "3": -0.5890372289196636,
                "6": -0.8020158745973228,
                "9": -0.9615256882866722,
                "12": -0.8779847896117694,
                "15": -0.9065955962937129,
                "18": -0.39400883398093695,
                "21": 0.4582046428215604,
                "24": 0.8731028527780543
            }
        },
        "11": {
            "avg": -0.1653175428571428,
            "std": 0.11357170937015447,
            "words": {
                "3": "[4 4 3]",
                "6": "[3 3 4]",
                "9": "[4 4 4]",
                "12": "[4 4 3]",
                "15": "[4 4 3]",
                "18": "[1 4 4]",
                "21": "[4 4 5]",
                "24": "[5 5 6]",
                "27": "[6 6 7]"
            },
            "symbolic": {
                "0": 4,
                "3": 4,
                "6": 4,
                "9": 4,
                "12": 4,
                "15": 4,
                "18": 4,
                "21": 5,
                "24": 6
            },
            "avg_amplitude": {
                "0": -0.38631713850480026,
                "3": -0.6534935929909508,
                "6": -0.2671177968918586,
                "9": -0.6104246987577033,
                "12": -0.541226512521619,
                "15": -0.6303505057884382,
                "18": -0.1565215691084225,
                "21": 0.5604978430002825,
                "24": 0.9089580811501153
            }
        },
        "12": {
            "avg": -1.2774388214285711e-09,
            "std": 1.0761599827687419e-09,
            "words": {
                "3": "[8 7 7]",
                "6": "[7 6 6]",
                "9": "[5 5 4]",
                "12": "[6 4 5]",
                "15": "[5 5 3]",
                "18": "[4 3 4]",
                "21": "[4 4 1]",
                "24": "[4 4 4]",
                "27": "[5 5 5]"
            },
            "symbolic": {
                "0": 7,
                "3": 6,
                "6": 5,
                "9": 5,
                "12": 4,
                "15": 3,
                "18": 4,
                "21": 4,
                "24": 5
            },
            "avg_amplitude": {
                "0": 0.9923897451294369,
                "3": 0.8703425240192154,
                "6": 0.25952011609287434,
                "9": 0.2865252618761677,
                "12": -0.10019682412596724,
                "15": -0.69727865625834,
                "18": -0.5910478382706165,
                "21": -0.6245746597277818,
                "24": 0.3457057312516681
            }
        },
        "13": {
            "avg": 0.10547285714285715,
            "std": 0.0018586531506420275,
            "words": {
                "3": "[1 3 2]",
                "6": "[3 3 4]",
                "9": "[4 4 4]",
                "12": "[5 5 5]",
                "15": "[5 5 4]",
                "18": "[4 4 4]",
                "21": "[4 4 4]",
                "24": "[5 5 8]",
                "27": "[6 5 6]"
            },
            "symbolic": {
                "0": 2,
                "3": 3,
                "6": 4,
                "9": 5,
                "12": 5,
                "15": 4,
                "18": 4,
                "21": 5,
                "24": 6
            },
            "avg_amplitude": {
                "0": -0.9712729073798898,
                "3": -0.7305596830113932,
                "6": -0.24715205547300687,
                "9": 0.15502724120851807,
                "12": 0.08073303615651346,
                "15": -0.42347696879643465,
                "18": -0.33036156513125425,
                "21": 0.4977711738484407,
                "24": 0.7028231797919773
            }
        },
        "14": {
            "avg": 0.0330155,
            "std": 0.0010426970548285568,
            "words": {
                "3": "[6 6 6]",
                "6": "[6 6 6]",
                "9": "[6 6 6]",
                "12": "[6 6 6]",
                "15": "[6 6 7]",
                "18": "[8 7 7]",
                "21": "[7 6 6]",
                "24": "[6 6 5]",
                "27": "[5 4 4]"
            },
            "symbolic": {
                "0": 6,
                "3": 6,
                "6": 6,
                "9": 6,
                "12": 6,
                "15": 7,
                "18": 6,
                "21": 6,
                "24": 4
            },
            "avg_amplitude": {
                "0": 0.7194576990078011,
                "3": 0.771718548814663,
                "6": 0.7823221995001143,
                "9": 0.8751798833598435,
                "12": 0.9347118079224428,
                "15": 0.9951526168295088,
                "18": 0.940013633265167,
                "21": 0.7533893812012433,
                "24": -0.08490494584564101
            }
        },
        "15": {
            "avg": -0.5534810714285715,
            "std": 0.03953019674078387,
            "words": {
                "3": "[4 4 4]",
                "6": "[3 8 5]",
                "9": "[4 4 4]",
                "12": "[4 4 4]",
                "15": "[3 3 3]",
                "18": "[3 3 3]",
                "21": "[3 3 3]",
                "24": "[3 3 3]",
                "27": "[2 2 1]"
            },
            "symbolic": {
                "0": 4,
                "3": 5,
                "6": 4,
                "9": 4,
                "12": 3,
                "15": 3,
                "18": 3,
                "21": 3,
                "24": 2
            },
            "avg_amplitude": {
                "0": -0.5291863260842057,
                "3": 0.1827105591409516,
                "6": -0.276424968816096,
                "9": -0.6102102427825088,
                "12": -0.7156389536670463,
                "15": -0.7765243957553731,
                "18": -0.8703834264331037,
                "21": -0.9217961928521069,
                "24": -0.9821754614313859
            }
        },
        "16": {
            "avg": 5.166357500000001e-10,
            "std": 1.4935626237531578e-09,
            "words": {
                "3": "[5 5 5]",
                "6": "[5 5 5]",
                "9": "[5 5 5]",
                "12": "[5 5 8]",
                "15": "[6 5 4]",
                "18": "[4 4 3]",
                "21": "[3 1 3]",
                "24": "[1 3 3]",
                "27": "[4 4 3]"
            },
            "symbolic": {
                "0": 5,
                "3": 5,
                "6": 5,
                "9": 5,
                "12": 5,
                "15": 4,
                "18": 3,
                "21": 3,
                "24": 4
            },
            "avg_amplitude": {
                "0": 0.3217857827169958,
                "3": 0.21723190905026515,
                "6": 0.230989333844287,
                "9": 0.4290081113878777,
                "12": 0.4564986906814845,
                "15": -0.335036086095676,
                "18": -0.9398352174746121,
                "21": -0.8806795682442358,
                "24": -0.5142005492750846
            }
        },
        "17": {
            "avg": 0.13300457142857142,
            "std": 0.02104267880853465,
            "words": {
                "3": "[1 3 4]",
                "6": "[4 4 4]",
                "9": "[5 5 5]",
                "12": "[5 5 5]",
                "15": "[5 6 6]",
                "18": "[7 8 6]",
                "21": "[6 6 6]",
                "24": "[6 6 6]",
                "27": "[6 5 5]"
            },
            "symbolic": {
                "0": 3,
                "3": 4,
                "6": 5,
                "9": 5,
                "12": 6,
                "15": 7,
                "18": 6,
                "21": 6,
                "24": 5
            },
            "avg_amplitude": {
                "0": -0.8215644981829815,
                "3": -0.34403010376822385,
                "6": 0.1561967250691232,
                "9": 0.5037462573241837,
                "12": 0.7328672597643845,
                "15": 0.9705838813040506,
                "18": 0.9393531319093255,
                "21": 0.9100325200922595,
                "24": 0.6456694793442498
            }
        },
        "18": {
            "avg": 0.026531357142857145,
            "std": 0.003296696070133851,
            "words": {
                "3": "[6 5 5]",
                "6": "[6 8 6]",
                "9": "[6 6 6]",
                "12": "[6 5 5]",
                "15": "[5 5 4]",
                "18": "[4 3 2]",
                "21": "[1 3 3]",
                "24": "[3 3 4]",
                "27": "[4 4 5]"
            },
            "symbolic": {
                "0": 5,
                "3": 6,
                "6": 6,
                "9": 5,
                "12": 4,
                "15": 3,
                "18": 3,
                "21": 3,
                "24": 5
            },
            "avg_amplitude": {
                "0": 0.6784896179708862,
                "3": 0.8992093401315309,
                "6": 0.8446759772408186,
                "9": 0.5299637922116306,
                "12": -0.021650779575851598,
                "15": -0.7382694155028452,
                "18": -0.9292100790659871,
                "21": -0.7104854799379297,
                "24": 0.05623291214069311
            }
        },
        "19": {
            "avg": -0.6076710714285714,
            "std": 0.00926404852674144,
            "words": {
                "3": "[8 7 6]",
                "6": "[6 6 5]",
                "9": "[5 5 5]",
                "12": "[5 4 4]",
                "15": "[4 4 4]",
                "18": "[4 3 3]",
                "21": "[3 3 3]",
                "24": "[3 1 2]",
                "27": "[2 2 2]"
            },
            "symbolic": {
                "0": 7,
                "3": 6,
                "6": 5,
                "9": 4,
                "12": 4,
                "15": 3,
                "18": 3,
                "21": 2,
                "24": 2
            },
            "avg_amplitude": {
                "0": 0.9588380877947108,
                "3": 0.7175980200599174,
                "6": 0.33750162824019353,
                "9": -0.19109026963657919,
                "12": -0.4849550605705337,
                "15": -0.727758238895403,
                "18": -0.862706786505151,
                "21": -0.9666536407450841,
                "24": -0.9921844470496325
            }
        }
    },
    "X": {
        "0": {
            "avg": 0.014064410714285712,
            "std": 0.006645147499204006,
            "words": {
                "3": "[1 3 3]",
                "6": "[3 3 4]",
                "9": "[4 4 4]",
                "12": "[4 4 5]",
                "15": "[5 5 6]",
                "18": "[6 6 6]",
                "21": "[5 5 5]",
                "24": "[5 6 6]",
                "27": "[6 8 7]"
            },
            "symbolic": {
                "0": 3,
                "3": 3,
                "6": 4,
                "9": 4,
                "12": 5,
                "15": 6,
                "18": 5,
                "21": 6,
                "24": 7
            },
            "avg_amplitude": {
                "0": -0.901648390236072,
                "3": -0.7001160461375364,
                "6": -0.23085489550831229,
                "9": -0.0012741665245351586,
                "12": 0.4359890174202978,
                "15": 0.8527183891324631,
                "18": 0.5304980619960605,
                "21": 0.738310943451754,
                "24": 0.9669251786675762
            }
        },
        "1": {
            "avg": 0.06970963571428572,
            "std": 0.04797116244757125,
            "words": {
                "3": "[1 3 3]",
                "6": "[3 4 4]",
                "9": "[4 4 4]",
                "12": "[4 4 4]",
                "15": "[5 5 5]",
                "18": "[5 5 5]",
                "21": "[5 6 6]",
                "24": "[6 6 6]",
                "27": "[6 7 8]"
            },
            "symbolic": {
                "0": 3,
                "3": 4,
                "6": 4,
                "9": 4,
                "12": 5,
                "15": 5,
                "18": 6,
                "21": 6,
                "24": 7
            },
            "avg_amplitude": {
                "0": -0.9114083906094925,
                "3": -0.6593088831380842,
                "6": -0.4158017270964929,
                "9": -0.203898489022456,
                "12": 0.1024895418834814,
                "15": 0.354486091400692,
                "18": 0.6857463524130193,
                "21": 0.8599864577826013,
                "24": 0.9818664143733016
            }
        },
        "2": {
            "avg": -0.10959316071428572,
            "std": 0.05484189770486943,
            "words": {
                "3": "[8 6 6]",
                "6": "[5 5 5]",
                "9": "[5 5 5]",
                "12": "[5 4 4]",
                "15": "[4 4 4]",
                "18": "[4 4 4]",
                "21": "[4 3 3]",
                "24": "[3 3 3]",
                "27": "[2 1 2]"
            },
            "symbolic": {
                "0": 6,
                "3": 5,
                "6": 5,
                "9": 4,
                "12": 4,
                "15": 4,
                "18": 3,
                "21": 3,
                "24": 2
            },
            "avg_amplitude": {
                "0": 0.9113896403807903,
                "3": 0.5335171859483795,
                "6": 0.25488825663262377,
                "9": -0.0461369109848541,
                "12": -0.28186819107082034,
                "15": -0.4618379631382301,
                "18": -0.7196975653603812,
                "21": -0.8692258484739943,
                "24": -0.9860605937061058
            }
        },
        "3": {
            "avg": -0.09602014285714286,
            "std": 0.011681852236804728,
            "words": {
                "3": "[5 5 4]",
                "6": "[4 4 4]",
                "9": "[4 4 4]",
                "12": "[4 4 4]",
                "15": "[4 3 1]",
                "18": "[3 2 2]",
                "21": "[3 3 3]",
                "24": "[3 3 4]",
                "27": "[4 5 6]"
            },
            "symbolic": {
                "0": 5,
                "3": 4,
                "6": 4,
                "9": 4,
                "12": 3,
                "15": 3,
                "18": 3,
                "21": 4,
                "24": 5
            },
            "avg_amplitude": {
                "0": 0.16789117991367355,
                "3": -0.2887337599379481,
                "6": -0.44004194227192084,
                "9": -0.5451418065340888,
                "12": -0.7832503824359552,
                "15": -0.9291865066540265,
                "18": -0.8309381710583957,
                "21": -0.6753783063653139,
                "24": 0.20822470715819585
            }
        },
        "4": {
            "avg": -0.0012962867857142855,
            "std": 0.0076549456692975104,
            "words": {
                "3": "[8 5 5]",
                "6": "[5 5 5]",
                "9": "[4 4 4]",
                "12": "[4 4 4]",
                "15": "[4 3 3]",
                "18": "[2 1 3]",
                "21": "[4 4 4]",
                "24": "[4 4 4]",
                "27": "[4 4 4]"
            },
            "symbolic": {
                "0": 6,
                "3": 5,
                "6": 4,
                "9": 4,
                "12": 3,
                "15": 3,
                "18": 4,
                "21": 4,
                "24": 4
            },
            "avg_amplitude": {
                "0": 0.7014164760643634,
                "3": 0.1598551422495084,
                "6": -0.255196220055375,
                "9": -0.4381646001364312,
                "12": -0.7141607479635649,
                "15": -0.9004072870270052,
                "18": -0.5011817342803259,
                "21": -0.3917699931784438,
                "24": -0.2642237470406485
            }
        },
        "5": {
            "avg": -0.03966342857142857,
            "std": 0.014005276855868429,
            "words": {
                "3": "[5 6 8]",
                "6": "[6 5 5]",
                "9": "[5 5 5]",
                "12": "[5 5 5]",
                "15": "[5 5 5]",
                "18": "[5 5 4]",
                "21": "[4 4 4]",
                "24": "[4 4 4]",
                "27": "[4 3 3]"
            },
            "symbolic": {
                "0": 6,
                "3": 5,
                "6": 5,
                "9": 5,
                "12": 5,
                "15": 5,
                "18": 4,
                "21": 4,
                "24": 3
            },
            "avg_amplitude": {
                "0": 0.7911762226243054,
                "3": 0.5729618604771817,
                "6": 0.3108166825554322,
                "9": 0.22248811585179987,
                "12": 0.1972995583571663,
                "15": 0.05510483342736894,
                "18": -0.4832065474684983,
                "21": -0.5702510424975843,
                "24": -0.7209024818900499
            }
        },
        "6": {
            "avg": -0.20530321428571427,
            "std": 0.019487627424061855,
            "words": {
                "3": "[7 8 7]",
                "6": "[6 5 5]",
                "9": "[4 4 3]",
                "12": "[3 3 3]",
                "15": "[2 2 1]",
                "18": "[1 2 2]",
                "21": "[2 2 3]",
                "24": "[3 4 4]",
                "27": "[4 4 4]"
            },
            "symbolic": {
                "0": 7,
                "3": 5,
                "6": 4,
                "9": 3,
                "12": 2,
                "15": 2,
                "18": 2,
                "21": 3,
                "24": 4
            },
            "avg_amplitude": {
                "0": 0.9851982378854625,
                "3": 0.5164757709251103,
                "6": -0.565110132158591,
                "9": -0.8909838472834073,
                "12": -0.9901321585903086,
                "15": -0.9855506607929524,
                "18": -0.9620558002936855,
                "21": -0.7291042584434658,
                "24": -0.6366519823788547
            }
        },
        "7": {
            "avg": 0.049460214285714274,
            "std": 0.005592814797558413,
            "words": {
                "3": "[5 5 5]",
                "6": "[5 5 6]",
                "9": "[6 6 7]",
                "12": "[7 8 6]",
                "15": "[6 6 6]",
                "18": "[6 5 5]",
                "21": "[5 4 4]",
                "24": "[5 4 4]",
                "27": "[4 2 3]"
            },
            "symbolic": {
                "0": 5,
                "3": 5,
                "6": 6,
                "9": 7,
                "12": 6,
                "15": 5,
                "18": 5,
                "21": 4,
                "24": 3
            },
            "avg_amplitude": {
                "0": 0.5212936811208945,
                "3": 0.5484668918794184,
                "6": 0.8123350131989437,
                "9": 0.9771095235458084,
                "12": 0.8608111351091908,
                "15": 0.6099758173192292,
                "18": 0.10276716324232511,
                "21": -0.15393845415443685,
                "24": -0.8393236233409013
            }
        },
        "8": {
            "avg": 0.0010748325,
            "std": 0.00903696637725401,
            "words": {
                "3": "[1 3 4]",
                "6": "[4 5 5]",
                "9": "[5 5 5]",
                "12": "[6 6 6]",
                "15": "[6 6 7]",
                "18": "[7 8 5]",
                "21": "[5 5 5]",
                "24": "[5 5 5]",
                "27": "[5 5 5]"
            },
            "symbolic": {
                "0": 4,
                "3": 5,
                "6": 5,
                "9": 6,
                "12": 6,
                "15": 6,
                "18": 5,
                "21": 5,
                "24": 5
            },
            "avg_amplitude": {
                "0": -0.677997252109987,
                "3": 0.07341327195189414,
                "6": 0.484109166175972,
                "9": 0.7748550220366505,
                "12": 0.934710847028175,
                "15": 0.8768267223382047,
                "18": 0.49161893546027163,
                "21": 0.43151687097407354,
                "24": 0.3234102385668148
            }
        },
        "9": {
            "avg": -0.30313175000000003,
            "std": 0.0916305458343349,
            "words": {
                "3": "[4 4 4]",
                "6": "[4 3 3]",
                "9": "[3 3 3]",
                "12": "[3 3 3]",
                "15": "[3 3 3]",
                "18": "[3 3 1]",
                "21": "[3 4 4]",
                "24": "[4 4 5]",
                "27": "[5 5 6]"
            },
            "symbolic": {
                "0": 4,
                "3": 3,
                "6": 3,
                "9": 3,
                "12": 3,
                "15": 3,
                "18": 4,
                "21": 4,
                "24": 5
            },
            "avg_amplitude": {
                "0": -0.3057030272999695,
                "3": -0.7286323273794076,
                "6": -0.7710255381735528,
                "9": -0.7419441101751575,
                "12": -0.7854974320253575,
                "15": -0.8276350251291854,
                "18": -0.6145481859009149,
                "21": -0.09729595809442915,
                "24": 0.6087260014314589
            }
        },
        "10": {
            "avg": -0.3870117857142857,
            "std": 0.13605261787274237,
            "words": {
                "3": "[4 4 4]",
                "6": "[4 4 4]",
                "9": "[3 3 3]",
                "12": "[2 1 3]",
                "15": "[3 3 3]",
                "18": "[2 1 3]",
                "21": "[4 4 4]",
                "24": "[5 5 5]",
                "27": "[6 6 6]"
            },
            "symbolic": {
                "0": 4,
                "3": 4,
                "6": 3,
                "9": 2,
                "12": 3,
                "15": 3,
                "18": 4,
                "21": 5,
                "24": 6
            },
            "avg_amplitude": {
                "0": -0.19243797947593885,
                "3": -0.5890372289196636,
                "6": -0.8020158745973228,
                "9": -0.9615256882866722,
                "12": -0.8779847896117694,
                "15": -0.9065955962937129,
                "18": -0.39400883398093695,
                "21": 0.4582046428215604,
                "24": 0.8731028527780543
            }
        },
        "11": {
            "avg": -0.1653175428571428,
            "std": 0.11357170937015447,
            "words": {
                "3": "[4 4 3]",
                "6": "[3 3 4]",
                "9": "[4 4 4]",
                "12": "[4 4 3]",
                "15": "[4 4 3]",
                "18": "[1 4 4]",
                "21": "[4 4 5]",
                "24": "[5 5 6]",
                "27": "[6 6 7]"
            },
            "symbolic": {
                "0": 4,
                "3": 4,
                "6": 4,
                "9": 4,
                "12": 4,
                "15": 4,
                "18": 4,
                "21": 5,
                "24": 6
            },
            "avg_amplitude": {
                "0": -0.38631713850480026,
                "3": -0.6534935929909508,
                "6": -0.2671177968918586,
                "9": -0.6104246987577033,
                "12": -0.541226512521619,
                "15": -0.6303505057884382,
                "18": -0.1565215691084225,
                "21": 0.5604978430002825,
                "24": 0.9089580811501153
            }
        },
        "12": {
            "avg": -1.2774388214285711e-09,
            "std": 1.0761599827687419e-09,
            "words": {
                "3": "[8 7 7]",
                "6": "[7 6 6]",
                "9": "[5 5 4]",
                "12": "[6 4 5]",
                "15": "[5 5 3]",
                "18": "[4 3 4]",
                "21": "[4 4 1]",
                "24": "[4 4 4]",
                "27": "[5 5 5]"
            },
            "symbolic": {
                "0": 7,
                "3": 6,
                "6": 5,
                "9": 5,
                "12": 4,
                "15": 3,
                "18": 4,
                "21": 4,
                "24": 5
            },
            "avg_amplitude": {
                "0": 0.9923897451294369,
                "3": 0.8703425240192154,
                "6": 0.25952011609287434,
                "9": 0.2865252618761677,
                "12": -0.10019682412596724,
                "15": -0.69727865625834,
                "18": -0.5910478382706165,
                "21": -0.6245746597277818,
                "24": 0.3457057312516681
            }
        },
        "13": {
            "avg": 0.10547285714285715,
            "std": 0.0018586531506420275,
            "words": {
                "3": "[1 3 2]",
                "6": "[3 3 4]",
                "9": "[4 4 4]",
                "12": "[5 5 5]",
                "15": "[5 5 4]",
                "18": "[4 4 4]",
                "21": "[4 4 4]",
                "24": "[5 5 8]",
                "27": "[6 5 6]"
            },
            "symbolic": {
                "0": 2,
                "3": 3,
                "6": 4,
                "9": 5,
                "12": 5,
                "15": 4,
                "18": 4,
                "21": 5,
                "24": 6
            },
            "avg_amplitude": {
                "0": -0.9712729073798898,
                "3": -0.7305596830113932,
                "6": -0.24715205547300687,
                "9": 0.15502724120851807,
                "12": 0.08073303615651346,
                "15": -0.42347696879643465,
                "18": -0.33036156513125425,
                "21": 0.4977711738484407,
                "24": 0.7028231797919773
            }
        },
        "14": {
            "avg": 0.0330155,
            "std": 0.0010426970548285568,
            "words": {
                "3": "[6 6 6]",
                "6": "[6 6 6]",
                "9": "[6 6 6]",
                "12": "[6 6 6]",
                "15": "[6 6 7]",
                "18": "[8 7 7]",
                "21": "[7 6 6]",
                "24": "[6 6 5]",
                "27": "[5 4 4]"
            },
            "symbolic": {
                "0": 6,
                "3": 6,
                "6": 6,
                "9": 6,
                "12": 6,
                "15": 7,
                "18": 6,
                "21": 6,
                "24": 4
            },
            "avg_amplitude": {
                "0": 0.7194576990078011,
                "3": 0.771718548814663,
                "6": 0.7823221995001143,
                "9": 0.8751798833598435,
                "12": 0.9347118079224428,
                "15": 0.9951526168295088,
                "18": 0.940013633265167,
                "21": 0.7533893812012433,
                "24": -0.08490494584564101
            }
        },
        "15": {
            "avg": -0.5534810714285715,
            "std": 0.03953019674078387,
            "words": {
                "3": "[4 4 4]",
                "6": "[3 8 5]",
                "9": "[4 4 4]",
                "12": "[4 4 4]",
                "15": "[3 3 3]",
                "18": "[3 3 3]",
                "21": "[3 3 3]",
                "24": "[3 3 3]",
                "27": "[2 2 1]"
            },
            "symbolic": {
                "0": 4,
                "3": 5,
                "6": 4,
                "9": 4,
                "12": 3,
                "15": 3,
                "18": 3,
                "21": 3,
                "24": 2
            },
            "avg_amplitude": {
                "0": -0.5291863260842057,
                "3": 0.1827105591409516,
                "6": -0.276424968816096,
                "9": -0.6102102427825088,
                "12": -0.7156389536670463,
                "15": -0.7765243957553731,
                "18": -0.8703834264331037,
                "21": -0.9217961928521069,
                "24": -0.9821754614313859
            }
        },
        "16": {
            "avg": 5.166357500000001e-10,
            "std": 1.4935626237531578e-09,
            "words": {
                "3": "[5 5 5]",
                "6": "[5 5 5]",
                "9": "[5 5 5]",
                "12": "[5 5 8]",
                "15": "[6 5 4]",
                "18": "[4 4 3]",
                "21": "[3 1 3]",
                "24": "[1 3 3]",
                "27": "[4 4 3]"
            },
            "symbolic": {
                "0": 5,
                "3": 5,
                "6": 5,
                "9": 5,
                "12": 5,
                "15": 4,
                "18": 3,
                "21": 3,
                "24": 4
            },
            "avg_amplitude": {
                "0": 0.3217857827169958,
                "3": 0.21723190905026515,
                "6": 0.230989333844287,
                "9": 0.4290081113878777,
                "12": 0.4564986906814845,
                "15": -0.335036086095676,
                "18": -0.9398352174746121,
                "21": -0.8806795682442358,
                "24": -0.5142005492750846
            }
        },
        "17": {
            "avg": 0.13300457142857142,
            "std": 0.02104267880853465,
            "words": {
                "3": "[1 3 4]",
                "6": "[4 4 4]",
                "9": "[5 5 5]",
                "12": "[5 5 5]",
                "15": "[5 6 6]",
                "18": "[7 8 6]",
                "21": "[6 6 6]",
                "24": "[6 6 6]",
                "27": "[6 5 5]"
            },
            "symbolic": {
                "0": 3,
                "3": 4,
                "6": 5,
                "9": 5,
                "12": 6,
                "15": 7,
                "18": 6,
                "21": 6,
                "24": 5
            },
            "avg_amplitude": {
                "0": -0.8215644981829815,
                "3": -0.34403010376822385,
                "6": 0.1561967250691232,
                "9": 0.5037462573241837,
                "12": 0.7328672597643845,
                "15": 0.9705838813040506,
                "18": 0.9393531319093255,
                "21": 0.9100325200922595,
                "24": 0.6456694793442498
            }
        },
        "18": {
            "avg": 0.026531357142857145,
            "std": 0.003296696070133851,
            "words": {
                "3": "[6 5 5]",
                "6": "[6 8 6]",
                "9": "[6 6 6]",
                "12": "[6 5 5]",
                "15": "[5 5 4]",
                "18": "[4 3 2]",
                "21": "[1 3 3]",
                "24": "[3 3 4]",
                "27": "[4 4 5]"
            },
            "symbolic": {
                "0": 5,
                "3": 6,
                "6": 6,
                "9": 5,
                "12": 4,
                "15": 3,
                "18": 3,
                "21": 3,
                "24": 5
            },
            "avg_amplitude": {
                "0": 0.6784896179708862,
                "3": 0.8992093401315309,
                "6": 0.8446759772408186,
                "9": 0.5299637922116306,
                "12": -0.021650779575851598,
                "15": -0.7382694155028452,
                "18": -0.9292100790659871,
                "21": -0.7104854799379297,
                "24": 0.05623291214069311
            }
        },
        "19": {
            "avg": -0.6076710714285714,
            "std": 0.00926404852674144,
            "words": {
                "3": "[8 7 6]",
                "6": "[6 6 5]",
                "9": "[5 5 5]",
                "12": "[5 4 4]",
                "15": "[4 4 4]",
                "18": "[4 3 3]",
                "21": "[3 3 3]",
                "24": "[3 1 2]",
                "27": "[2 2 2]"
            },
            "symbolic": {
                "0": 7,
                "3": 6,
                "6": 5,
                "9": 4,
                "12": 4,
                "15": 3,
                "18": 3,
                "21": 2,
                "24": 2
            },
            "avg_amplitude": {
                "0": 0.9588380877947108,
                "3": 0.7175980200599174,
                "6": 0.33750162824019353,
                "9": -0.19109026963657919,
                "12": -0.4849550605705337,
                "15": -0.727758238895403,
                "18": -0.862706786505151,
                "21": -0.9666536407450841,
                "24": -0.9921844470496325
            }
        }
    },
    "Y": {
        "0": {
            "avg": 0.014064410714285712,
            "std": 0.006645147499204006,
            "words": {
                "3": "[1 3 3]",
                "6": "[3 3 4]",
                "9": "[4 4 4]",
                "12": "[4 4 5]",
                "15": "[5 5 6]",
                "18": "[6 6 6]",
                "21": "[5 5 5]",
                "24": "[5 6 6]",
                "27": "[6 8 7]"
            },
            "symbolic": {
                "0": 3,
                "3": 3,
                "6": 4,
                "9": 4,
                "12": 5,
                "15": 6,
                "18": 5,
                "21": 6,
                "24": 7
            },
            "avg_amplitude": {
                "0": -0.901648390236072,
                "3": -0.7001160461375364,
                "6": -0.23085489550831229,
                "9": -0.0012741665245351586,
                "12": 0.4359890174202978,
                "15": 0.8527183891324631,
                "18": 0.5304980619960605,
                "21": 0.738310943451754,
                "24": 0.9669251786675762
            }
        },
        "1": {
            "avg": 0.06970963571428572,
            "std": 0.04797116244757125,
            "words": {
                "3": "[1 3 3]",
                "6": "[3 4 4]",
                "9": "[4 4 4]",
                "12": "[4 4 4]",
                "15": "[5 5 5]",
                "18": "[5 5 5]",
                "21": "[5 6 6]",
                "24": "[6 6 6]",
                "27": "[6 7 8]"
            },
            "symbolic": {
                "0": 3,
                "3": 4,
                "6": 4,
                "9": 4,
                "12": 5,
                "15": 5,
                "18": 6,
                "21": 6,
                "24": 7
            },
            "avg_amplitude": {
                "0": -0.9114083906094925,
                "3": -0.6593088831380842,
                "6": -0.4158017270964929,
                "9": -0.203898489022456,
                "12": 0.1024895418834814,
                "15": 0.354486091400692,
                "18": 0.6857463524130193,
                "21": 0.8599864577826013,
                "24": 0.9818664143733016
            }
        },
        "2": {
            "avg": -0.10959316071428572,
            "std": 0.05484189770486943,
            "words": {
                "3": "[8 6 6]",
                "6": "[5 5 5]",
                "9": "[5 5 5]",
                "12": "[5 4 4]",
                "15": "[4 4 4]",
                "18": "[4 4 4]",
                "21": "[4 3 3]",
                "24": "[3 3 3]",
                "27": "[2 1 2]"
            },
            "symbolic": {
                "0": 6,
                "3": 5,
                "6": 5,
                "9": 4,
                "12": 4,
                "15": 4,
                "18": 3,
                "21": 3,
                "24": 2
            },
            "avg_amplitude": {
                "0": 0.9113896403807903,
                "3": 0.5335171859483795,
                "6": 0.25488825663262377,
                "9": -0.0461369109848541,
                "12": -0.28186819107082034,
                "15": -0.4618379631382301,
                "18": -0.7196975653603812,
                "21": -0.8692258484739943,
                "24": -0.9860605937061058
            }
        },
        "3": {
            "avg": -0.09602014285714286,
            "std": 0.011681852236804728,
            "words": {
                "3": "[5 5 4]",
                "6": "[4 4 4]",
                "9": "[4 4 4]",
                "12": "[4 4 4]",
                "15": "[4 3 1]",
                "18": "[3 2 2]",
                "21": "[3 3 3]",
                "24": "[3 3 4]",
                "27": "[4 5 6]"
            },
            "symbolic": {
                "0": 5,
                "3": 4,
                "6": 4,
                "9": 4,
                "12": 3,
                "15": 3,
                "18": 3,
                "21": 4,
                "24": 5
            },
            "avg_amplitude": {
                "0": 0.16789117991367355,
                "3": -0.2887337599379481,
                "6": -0.44004194227192084,
                "9": -0.5451418065340888,
                "12": -0.7832503824359552,
                "15": -0.9291865066540265,
                "18": -0.8309381710583957,
                "21": -0.6753783063653139,
                "24": 0.20822470715819585
            }
        },
        "4": {
            "avg": -0.0012962867857142855,
            "std": 0.0076549456692975104,
            "words": {
                "3": "[8 5 5]",
                "6": "[5 5 5]",
                "9": "[4 4 4]",
                "12": "[4 4 4]",
                "15": "[4 3 3]",
                "18": "[2 1 3]",
                "21": "[4 4 4]",
                "24": "[4 4 4]",
                "27": "[4 4 4]"
            },
            "symbolic": {
                "0": 6,
                "3": 5,
                "6": 4,
                "9": 4,
                "12": 3,
                "15": 3,
                "18": 4,
                "21": 4,
                "24": 4
            },
            "avg_amplitude": {
                "0": 0.7014164760643634,
                "3": 0.1598551422495084,
                "6": -0.255196220055375,
                "9": -0.4381646001364312,
                "12": -0.7141607479635649,
                "15": -0.9004072870270052,
                "18": -0.5011817342803259,
                "21": -0.3917699931784438,
                "24": -0.2642237470406485
            }
        },
        "5": {
            "avg": -0.03966342857142857,
            "std": 0.014005276855868429,
            "words": {
                "3": "[5 6 8]",
                "6": "[6 5 5]",
                "9": "[5 5 5]",
                "12": "[5 5 5]",
                "15": "[5 5 5]",
                "18": "[5 5 4]",
                "21": "[4 4 4]",
                "24": "[4 4 4]",
                "27": "[4 3 3]"
            },
            "symbolic": {
                "0": 6,
                "3": 5,
                "6": 5,
                "9": 5,
                "12": 5,
                "15": 5,
                "18": 4,
                "21": 4,
                "24": 3
            },
            "avg_amplitude": {
                "0": 0.7911762226243054,
                "3": 0.5729618604771817,
                "6": 0.3108166825554322,
                "9": 0.22248811585179987,
                "12": 0.1972995583571663,
                "15": 0.05510483342736894,
                "18": -0.4832065474684983,
                "21": -0.5702510424975843,
                "24": -0.7209024818900499
            }
        },
        "6": {
            "avg": -0.20530321428571427,
            "std": 0.019487627424061855,
            "words": {
                "3": "[7 8 7]",
                "6": "[6 5 5]",
                "9": "[4 4 3]",
                "12": "[3 3 3]",
                "15": "[2 2 1]",
                "18": "[1 2 2]",
                "21": "[2 2 3]",
                "24": "[3 4 4]",
                "27": "[4 4 4]"
            },
            "symbolic": {
                "0": 7,
                "3": 5,
                "6": 4,
                "9": 3,
                "12": 2,
                "15": 2,
                "18": 2,
                "21": 3,
                "24": 4
            },
            "avg_amplitude": {
                "0": 0.9851982378854625,
                "3": 0.5164757709251103,
                "6": -0.565110132158591,
                "9": -0.8909838472834073,
                "12": -0.9901321585903086,
                "15": -0.9855506607929524,
                "18": -0.9620558002936855,
                "21": -0.7291042584434658,
                "24": -0.6366519823788547
            }
        },
        "7": {
            "avg": 0.049460214285714274,
            "std": 0.005592814797558413,
            "words": {
                "3": "[5 5 5]",
                "6": "[5 5 6]",
                "9": "[6 6 7]",
                "12": "[7 8 6]",
                "15": "[6 6 6]",
                "18": "[6 5 5]",
                "21": "[5 4 4]",
                "24": "[5 4 4]",
                "27": "[4 2 3]"
            },
            "symbolic": {
                "0": 5,
                "3": 5,
                "6": 6,
                "9": 7,
                "12": 6,
                "15": 5,
                "18": 5,
                "21": 4,
                "24": 3
            },
            "avg_amplitude": {
                "0": 0.5212936811208945,
                "3": 0.5484668918794184,
                "6": 0.8123350131989437,
                "9": 0.9771095235458084,
                "12": 0.8608111351091908,
                "15": 0.6099758173192292,
                "18": 0.10276716324232511,
                "21": -0.15393845415443685,
                "24": -0.8393236233409013
            }
        },
        "8": {
            "avg": 0.0010748325,
            "std": 0.00903696637725401,
            "words": {
                "3": "[1 3 4]",
                "6": "[4 5 5]",
                "9": "[5 5 5]",
                "12": "[6 6 6]",
                "15": "[6 6 7]",
                "18": "[7 8 5]",
                "21": "[5 5 5]",
                "24": "[5 5 5]",
                "27": "[5 5 5]"
            },
            "symbolic": {
                "0": 4,
                "3": 5,
                "6": 5,
                "9": 6,
                "12": 6,
                "15": 6,
                "18": 5,
                "21": 5,
                "24": 5
            },
            "avg_amplitude": {
                "0": -0.677997252109987,
                "3": 0.07341327195189414,
                "6": 0.484109166175972,
                "9": 0.7748550220366505,
                "12": 0.934710847028175,
                "15": 0.8768267223382047,
                "18": 0.49161893546027163,
                "21": 0.43151687097407354,
                "24": 0.3234102385668148
            }
        },
        "9": {
            "avg": -0.30313175000000003,
            "std": 0.0916305458343349,
            "words": {
                "3": "[4 4 4]",
                "6": "[4 3 3]",
                "9": "[3 3 3]",
                "12": "[3 3 3]",
                "15": "[3 3 3]",
                "18": "[3 3 1]",
                "21": "[3 4 4]",
                "24": "[4 4 5]",
                "27": "[5 5 6]"
            },
            "symbolic": {
                "0": 4,
                "3": 3,
                "6": 3,
                "9": 3,
                "12": 3,
                "15": 3,
                "18": 4,
                "21": 4,
                "24": 5
            },
            "avg_amplitude": {
                "0": -0.3057030272999695,
                "3": -0.7286323273794076,
                "6": -0.7710255381735528,
                "9": -0.7419441101751575,
                "12": -0.7854974320253575,
                "15": -0.8276350251291854,
                "18": -0.6145481859009149,
                "21": -0.09729595809442915,
                "24": 0.6087260014314589
            }
        },
        "10": {
            "avg": -0.3870117857142857,
            "std": 0.13605261787274237,
            "words": {
                "3": "[4 4 4]",
                "6": "[4 4 4]",
                "9": "[3 3 3]",
                "12": "[2 1 3]",
                "15": "[3 3 3]",
                "18": "[2 1 3]",
                "21": "[4 4 4]",
                "24": "[5 5 5]",
                "27": "[6 6 6]"
            },
            "symbolic": {
                "0": 4,
                "3": 4,
                "6": 3,
                "9": 2,
                "12": 3,
                "15": 3,
                "18": 4,
                "21": 5,
                "24": 6
            },
            "avg_amplitude": {
                "0": -0.19243797947593885,
                "3": -0.5890372289196636,
                "6": -0.8020158745973228,
                "9": -0.9615256882866722,
                "12": -0.8779847896117694,
                "15": -0.9065955962937129,
                "18": -0.39400883398093695,
                "21": 0.4582046428215604,
                "24": 0.8731028527780543
            }
        },
        "11": {
            "avg": -0.1653175428571428,
            "std": 0.11357170937015447,
            "words": {
                "3": "[4 4 3]",
                "6": "[3 3 4]",
                "9": "[4 4 4]",
                "12": "[4 4 3]",
                "15": "[4 4 3]",
                "18": "[1 4 4]",
                "21": "[4 4 5]",
                "24": "[5 5 6]",
                "27": "[6 6 7]"
            },
            "symbolic": {
                "0": 4,
                "3": 4,
                "6": 4,
                "9": 4,
                "12": 4,
                "15": 4,
                "18": 4,
                "21": 5,
                "24": 6
            },
            "avg_amplitude": {
                "0": -0.38631713850480026,
                "3": -0.6534935929909508,
                "6": -0.2671177968918586,
                "9": -0.6104246987577033,
                "12": -0.541226512521619,
                "15": -0.6303505057884382,
                "18": -0.1565215691084225,
                "21": 0.5604978430002825,
                "24": 0.9089580811501153
            }
        },
        "12": {
            "avg": -1.2774388214285711e-09,
            "std": 1.0761599827687419e-09,
            "words": {
                "3": "[8 7 7]",
                "6": "[7 6 6]",
                "9": "[5 5 4]",
                "12": "[6 4 5]",
                "15": "[5 5 3]",
                "18": "[4 3 4]",
                "21": "[4 4 1]",
                "24": "[4 4 4]",
                "27": "[5 5 5]"
            },
            "symbolic": {
                "0": 7,
                "3": 6,
                "6": 5,
                "9": 5,
                "12": 4,
                "15": 3,
                "18": 4,
                "21": 4,
                "24": 5
            },
            "avg_amplitude": {
                "0": 0.9923897451294369,
                "3": 0.8703425240192154,
                "6": 0.25952011609287434,
                "9": 0.2865252618761677,
                "12": -0.10019682412596724,
                "15": -0.69727865625834,
                "18": -0.5910478382706165,
                "21": -0.6245746597277818,
                "24": 0.3457057312516681
            }
        },
        "13": {
            "avg": 0.10547285714285715,
            "std": 0.0018586531506420275,
            "words": {
                "3": "[1 3 2]",
                "6": "[3 3 4]",
                "9": "[4 4 4]",
                "12": "[5 5 5]",
                "15": "[5 5 4]",
                "18": "[4 4 4]",
                "21": "[4 4 4]",
                "24": "[5 5 8]",
                "27": "[6 5 6]"
            },
            "symbolic": {
                "0": 2,
                "3": 3,
                "6": 4,
                "9": 5,
                "12": 5,
                "15": 4,
                "18": 4,
                "21": 5,
                "24": 6
            },
            "avg_amplitude": {
                "0": -0.9712729073798898,
                "3": -0.7305596830113932,
                "6": -0.24715205547300687,
                "9": 0.15502724120851807,
                "12": 0.08073303615651346,
                "15": -0.42347696879643465,
                "18": -0.33036156513125425,
                "21": 0.4977711738484407,
                "24": 0.7028231797919773
            }
        },
        "14": {
            "avg": 0.0330155,
            "std": 0.0010426970548285568,
            "words": {
                "3": "[6 6 6]",
                "6": "[6 6 6]",
                "9": "[6 6 6]",
                "12": "[6 6 6]",
                "15": "[6 6 7]",
                "18": "[8 7 7]",
                "21": "[7 6 6]",
                "24": "[6 6 5]",
                "27": "[5 4 4]"
            },
            "symbolic": {
                "0": 6,
                "3": 6,
                "6": 6,
                "9": 6,
                "12": 6,
                "15": 7,
                "18": 6,
                "21": 6,
                "24": 4
            },
            "avg_amplitude": {
                "0": 0.7194576990078011,
                "3": 0.771718548814663,
                "6": 0.7823221995001143,
                "9": 0.8751798833598435,
                "12": 0.9347118079224428,
                "15": 0.9951526168295088,
                "18": 0.940013633265167,
                "21": 0.7533893812012433,
                "24": -0.08490494584564101
            }
        },
        "15": {
            "avg": -0.5534810714285715,
            "std": 0.03953019674078387,
            "words": {
                "3": "[4 4 4]",
                "6": "[3 8 5]",
                "9": "[4 4 4]",
                "12": "[4 4 4]",
                "15": "[3 3 3]",
                "18": "[3 3 3]",
                "21": "[3 3 3]",
                "24": "[3 3 3]",
                "27": "[2 2 1]"
            },
            "symbolic": {
                "0": 4,
                "3": 5,
                "6": 4,
                "9": 4,
                "12": 3,
                "15": 3,
                "18": 3,
                "21": 3,
                "24": 2
            },
            "avg_amplitude": {
                "0": -0.5291863260842057,
                "3": 0.1827105591409516,
                "6": -0.276424968816096,
                "9": -0.6102102427825088,
                "12": -0.7156389536670463,
                "15": -0.7765243957553731,
                "18": -0.8703834264331037,
                "21": -0.9217961928521069,
                "24": -0.9821754614313859
            }
        },
        "16": {
            "avg": 5.166357500000001e-10,
            "std": 1.4935626237531578e-09,
            "words": {
                "3": "[5 5 5]",
                "6": "[5 5 5]",
                "9": "[5 5 5]",
                "12": "[5 5 8]",
                "15": "[6 5 4]",
                "18": "[4 4 3]",
                "21": "[3 1 3]",
                "24": "[1 3 3]",
                "27": "[4 4 3]"
            },
            "symbolic": {
                "0": 5,
                "3": 5,
                "6": 5,
                "9": 5,
                "12": 5,
                "15": 4,
                "18": 3,
                "21": 3,
                "24": 4
            },
            "avg_amplitude": {
                "0": 0.3217857827169958,
                "3": 0.21723190905026515,
                "6": 0.230989333844287,
                "9": 0.4290081113878777,
                "12": 0.4564986906814845,
                "15": -0.335036086095676,
                "18": -0.9398352174746121,
                "21": -0.8806795682442358,
                "24": -0.5142005492750846
            }
        },
        "17": {
            "avg": 0.13300457142857142,
            "std": 0.02104267880853465,
            "words": {
                "3": "[1 3 4]",
                "6": "[4 4 4]",
                "9": "[5 5 5]",
                "12": "[5 5 5]",
                "15": "[5 6 6]",
                "18": "[7 8 6]",
                "21": "[6 6 6]",
                "24": "[6 6 6]",
                "27": "[6 5 5]"
            },
            "symbolic": {
                "0": 3,
                "3": 4,
                "6": 5,
                "9": 5,
                "12": 6,
                "15": 7,
                "18": 6,
                "21": 6,
                "24": 5
            },
            "avg_amplitude": {
                "0": -0.8215644981829815,
                "3": -0.34403010376822385,
                "6": 0.1561967250691232,
                "9": 0.5037462573241837,
                "12": 0.7328672597643845,
                "15": 0.9705838813040506,
                "18": 0.9393531319093255,
                "21": 0.9100325200922595,
                "24": 0.6456694793442498
            }
        },
        "18": {
            "avg": 0.026531357142857145,
            "std": 0.003296696070133851,
            "words": {
                "3": "[6 5 5]",
                "6": "[6 8 6]",
                "9": "[6 6 6]",
                "12": "[6 5 5]",
                "15": "[5 5 4]",
                "18": "[4 3 2]",
                "21": "[1 3 3]",
                "24": "[3 3 4]",
                "27": "[4 4 5]"
            },
            "symbolic": {
                "0": 5,
                "3": 6,
                "6": 6,
                "9": 5,
                "12": 4,
                "15": 3,
                "18": 3,
                "21": 3,
                "24": 5
            },
            "avg_amplitude": {
                "0": 0.6784896179708862,
                "3": 0.8992093401315309,
                "6": 0.8446759772408186,
                "9": 0.5299637922116306,
                "12": -0.021650779575851598,
                "15": -0.7382694155028452,
                "18": -0.9292100790659871,
                "21": -0.7104854799379297,
                "24": 0.05623291214069311
            }
        },
        "19": {
            "avg": -0.6076710714285714,
            "std": 0.00926404852674144,
            "words": {
                "3": "[8 7 6]",
                "6": "[6 6 5]",
                "9": "[5 5 5]",
                "12": "[5 4 4]",
                "15": "[4 4 4]",
                "18": "[4 3 3]",
                "21": "[3 3 3]",
                "24": "[3 1 2]",
                "27": "[2 2 2]"
            },
            "symbolic": {
                "0": 7,
                "3": 6,
                "6": 5,
                "9": 4,
                "12": 4,
                "15": 3,
                "18": 3,
                "21": 2,
                "24": 2
            },
            "avg_amplitude": {
                "0": 0.9588380877947108,
                "3": 0.7175980200599174,
                "6": 0.33750162824019353,
                "9": -0.19109026963657919,
                "12": -0.4849550605705337,
                "15": -0.727758238895403,
                "18": -0.862706786505151,
                "21": -0.9666536407450841,
                "24": -0.9921844470496325
            }
        }
    },
    "Z": {
        "0": {
            "avg": 0.014064410714285712,
            "std": 0.006645147499204006,
            "words": {
                "3": "[1 3 3]",
                "6": "[3 3 4]",
                "9": "[4 4 4]",
                "12": "[4 4 5]",
                "15": "[5 5 6]",
                "18": "[6 6 6]",
                "21": "[5 5 5]",
                "24": "[5 6 6]",
                "27": "[6 8 7]"
            },
            "symbolic": {
                "0": 3,
                "3": 3,
                "6": 4,
                "9": 4,
                "12": 5,
                "15": 6,
                "18": 5,
                "21": 6,
                "24": 7
            },
            "avg_amplitude": {
                "0": -0.901648390236072,
                "3": -0.7001160461375364,
                "6": -0.23085489550831229,
                "9": -0.0012741665245351586,
                "12": 0.4359890174202978,
                "15": 0.8527183891324631,
                "18": 0.5304980619960605,
                "21": 0.738310943451754,
                "24": 0.9669251786675762
            }
        },
        "1": {
            "avg": 0.06970963571428572,
            "std": 0.04797116244757125,
            "words": {
                "3": "[1 3 3]",
                "6": "[3 4 4]",
                "9": "[4 4 4]",
                "12": "[4 4 4]",
                "15": "[5 5 5]",
                "18": "[5 5 5]",
                "21": "[5 6 6]",
                "24": "[6 6 6]",
                "27": "[6 7 8]"
            },
            "symbolic": {
                "0": 3,
                "3": 4,
                "6": 4,
                "9": 4,
                "12": 5,
                "15": 5,
                "18": 6,
                "21": 6,
                "24": 7
            },
            "avg_amplitude": {
                "0": -0.9114083906094925,
                "3": -0.6593088831380842,
                "6": -0.4158017270964929,
                "9": -0.203898489022456,
                "12": 0.1024895418834814,
                "15": 0.354486091400692,
                "18": 0.6857463524130193,
                "21": 0.8599864577826013,
                "24": 0.9818664143733016
            }
        },
        "2": {
            "avg": -0.10959316071428572,
            "std": 0.05484189770486943,
            "words": {
                "3": "[8 6 6]",
                "6": "[5 5 5]",
                "9": "[5 5 5]",
                "12": "[5 4 4]",
                "15": "[4 4 4]",
                "18": "[4 4 4]",
                "21": "[4 3 3]",
                "24": "[3 3 3]",
                "27": "[2 1 2]"
            },
            "symbolic": {
                "0": 6,
                "3": 5,
                "6": 5,
                "9": 4,
                "12": 4,
                "15": 4,
                "18": 3,
                "21": 3,
                "24": 2
            },
            "avg_amplitude": {
                "0": 0.9113896403807903,
                "3": 0.5335171859483795,
                "6": 0.25488825663262377,
                "9": -0.0461369109848541,
                "12": -0.28186819107082034,
                "15": -0.4618379631382301,
                "18": -0.7196975653603812,
                "21": -0.8692258484739943,
                "24": -0.9860605937061058
            }
        },
        "3": {
            "avg": -0.09602014285714286,
            "std": 0.011681852236804728,
            "words": {
                "3": "[5 5 4]",
                "6": "[4 4 4]",
                "9": "[4 4 4]",
                "12": "[4 4 4]",
                "15": "[4 3 1]",
                "18": "[3 2 2]",
                "21": "[3 3 3]",
                "24": "[3 3 4]",
                "27": "[4 5 6]"
            },
            "symbolic": {
                "0": 5,
                "3": 4,
                "6": 4,
                "9": 4,
                "12": 3,
                "15": 3,
                "18": 3,
                "21": 4,
                "24": 5
            },
            "avg_amplitude": {
                "0": 0.16789117991367355,
                "3": -0.2887337599379481,
                "6": -0.44004194227192084,
                "9": -0.5451418065340888,
                "12": -0.7832503824359552,
                "15": -0.9291865066540265,
                "18": -0.8309381710583957,
                "21": -0.6753783063653139,
                "24": 0.20822470715819585
            }
        },
        "4": {
            "avg": -0.0012962867857142855,
            "std": 0.0076549456692975104,
            "words": {
                "3": "[8 5 5]",
                "6": "[5 5 5]",
                "9": "[4 4 4]",
                "12": "[4 4 4]",
                "15": "[4 3 3]",
                "18": "[2 1 3]",
                "21": "[4 4 4]",
                "24": "[4 4 4]",
                "27": "[4 4 4]"
            },
            "symbolic": {
                "0": 6,
                "3": 5,
                "6": 4,
                "9": 4,
                "12": 3,
                "15": 3,
                "18": 4,
                "21": 4,
                "24": 4
            },
            "avg_amplitude": {
                "0": 0.7014164760643634,
                "3": 0.1598551422495084,
                "6": -0.255196220055375,
                "9": -0.4381646001364312,
                "12": -0.7141607479635649,
                "15": -0.9004072870270052,
                "18": -0.5011817342803259,
                "21": -0.3917699931784438,
                "24": -0.2642237470406485
            }
        },
        "5": {
            "avg": -0.03966342857142857,
            "std": 0.014005276855868429,
            "words": {
                "3": "[5 6 8]",
                "6": "[6 5 5]",
                "9": "[5 5 5]",
                "12": "[5 5 5]",
                "15": "[5 5 5]",
                "18": "[5 5 4]",
                "21": "[4 4 4]",
                "24": "[4 4 4]",
                "27": "[4 3 3]"
            },
            "symbolic": {
                "0": 6,
                "3": 5,
                "6": 5,
                "9": 5,
                "12": 5,
                "15": 5,
                "18": 4,
                "21": 4,
                "24": 3
            },
            "avg_amplitude": {
                "0": 0.7911762226243054,
                "3": 0.5729618604771817,
                "6": 0.3108166825554322,
                "9": 0.22248811585179987,
                "12": 0.1972995583571663,
                "15": 0.05510483342736894,
                "18": -0.4832065474684983,
                "21": -0.5702510424975843,
                "24": -0.7209024818900499
            }
        },
        "6": {
            "avg": -0.20530321428571427,
            "std": 0.019487627424061855,
            "words": {
                "3": "[7 8 7]",
                "6": "[6 5 5]",
                "9": "[4 4 3]",
                "12": "[3 3 3]",
                "15": "[2 2 1]",
                "18": "[1 2 2]",
                "21": "[2 2 3]",
                "24": "[3 4 4]",
                "27": "[4 4 4]"
            },
            "symbolic": {
                "0": 7,
                "3": 5,
                "6": 4,
                "9": 3,
                "12": 2,
                "15": 2,
                "18": 2,
                "21": 3,
                "24": 4
            },
            "avg_amplitude": {
                "0": 0.9851982378854625,
                "3": 0.5164757709251103,
                "6": -0.565110132158591,
                "9": -0.8909838472834073,
                "12": -0.9901321585903086,
                "15": -0.9855506607929524,
                "18": -0.9620558002936855,
                "21": -0.7291042584434658,
                "24": -0.6366519823788547
            }
        },
        "7": {
            "avg": 0.049460214285714274,
            "std": 0.005592814797558413,
            "words": {
                "3": "[5 5 5]",
                "6": "[5 5 6]",
                "9": "[6 6 7]",
                "12": "[7 8 6]",
                "15": "[6 6 6]",
                "18": "[6 5 5]",
                "21": "[5 4 4]",
                "24": "[5 4 4]",
                "27": "[4 2 3]"
            },
            "symbolic": {
                "0": 5,
                "3": 5,
                "6": 6,
                "9": 7,
                "12": 6,
                "15": 5,
                "18": 5,
                "21": 4,
                "24": 3
            },
            "avg_amplitude": {
                "0": 0.5212936811208945,
                "3": 0.5484668918794184,
                "6": 0.8123350131989437,
                "9": 0.9771095235458084,
                "12": 0.8608111351091908,
                "15": 0.6099758173192292,
                "18": 0.10276716324232511,
                "21": -0.15393845415443685,
                "24": -0.8393236233409013
            }
        },
        "8": {
            "avg": 0.0010748325,
            "std": 0.00903696637725401,
            "words": {
                "3": "[1 3 4]",
                "6": "[4 5 5]",
                "9": "[5 5 5]",
                "12": "[6 6 6]",
                "15": "[6 6 7]",
                "18": "[7 8 5]",
                "21": "[5 5 5]",
                "24": "[5 5 5]",
                "27": "[5 5 5]"
            },
            "symbolic": {
                "0": 4,
                "3": 5,
                "6": 5,
                "9": 6,
                "12": 6,
                "15": 6,
                "18": 5,
                "21": 5,
                "24": 5
            },
            "avg_amplitude": {
                "0": -0.677997252109987,
                "3": 0.07341327195189414,
                "6": 0.484109166175972,
                "9": 0.7748550220366505,
                "12": 0.934710847028175,
                "15": 0.8768267223382047,
                "18": 0.49161893546027163,
                "21": 0.43151687097407354,
                "24": 0.3234102385668148
            }
        },
        "9": {
            "avg": -0.30313175000000003,
            "std": 0.0916305458343349,
            "words": {
                "3": "[4 4 4]",
                "6": "[4 3 3]",
                "9": "[3 3 3]",
                "12": "[3 3 3]",
                "15": "[3 3 3]",
                "18": "[3 3 1]",
                "21": "[3 4 4]",
                "24": "[4 4 5]",
                "27": "[5 5 6]"
            },
            "symbolic": {
                "0": 4,
                "3": 3,
                "6": 3,
                "9": 3,
                "12": 3,
                "15": 3,
                "18": 4,
                "21": 4,
                "24": 5
            },
            "avg_amplitude": {
                "0": -0.3057030272999695,
                "3": -0.7286323273794076,
                "6": -0.7710255381735528,
                "9": -0.7419441101751575,
                "12": -0.7854974320253575,
                "15": -0.8276350251291854,
                "18": -0.6145481859009149,
                "21": -0.09729595809442915,
                "24": 0.6087260014314589
            }
        },
        "10": {
            "avg": -0.3870117857142857,
            "std": 0.13605261787274237,
            "words": {
                "3": "[4 4 4]",
                "6": "[4 4 4]",
                "9": "[3 3 3]",
                "12": "[2 1 3]",
                "15": "[3 3 3]",
                "18": "[2 1 3]",
                "21": "[4 4 4]",
                "24": "[5 5 5]",
                "27": "[6 6 6]"
            },
            "symbolic": {
                "0": 4,
                "3": 4,
                "6": 3,
                "9": 2,
                "12": 3,
                "15": 3,
                "18": 4,
                "21": 5,
                "24": 6
            },
            "avg_amplitude": {
                "0": -0.19243797947593885,
                "3": -0.5890372289196636,
                "6": -0.8020158745973228,
                "9": -0.9615256882866722,
                "12": -0.8779847896117694,
                "15": -0.9065955962937129,
                "18": -0.39400883398093695,
                "21": 0.4582046428215604,
                "24": 0.8731028527780543
            }
        },
        "11": {
            "avg": -0.1653175428571428,
            "std": 0.11357170937015447,
            "words": {
                "3": "[4 4 3]",
                "6": "[3 3 4]",
                "9": "[4 4 4]",
                "12": "[4 4 3]",
                "15": "[4 4 3]",
                "18": "[1 4 4]",
                "21": "[4 4 5]",
                "24": "[5 5 6]",
                "27": "[6 6 7]"
            },
            "symbolic": {
                "0": 4,
                "3": 4,
                "6": 4,
                "9": 4,
                "12": 4,
                "15": 4,
                "18": 4,
                "21": 5,
                "24": 6
            },
            "avg_amplitude": {
                "0": -0.38631713850480026,
                "3": -0.6534935929909508,
                "6": -0.2671177968918586,
                "9": -0.6104246987577033,
                "12": -0.541226512521619,
                "15": -0.6303505057884382,
                "18": -0.1565215691084225,
                "21": 0.5604978430002825,
                "24": 0.9089580811501153
            }
        },
        "12": {
            "avg": -1.2774388214285711e-09,
            "std": 1.0761599827687419e-09,
            "words": {
                "3": "[8 7 7]",
                "6": "[7 6 6]",
                "9": "[5 5 4]",
                "12": "[6 4 5]",
                "15": "[5 5 3]",
                "18": "[4 3 4]",
                "21": "[4 4 1]",
                "24": "[4 4 4]",
                "27": "[5 5 5]"
            },
            "symbolic": {
                "0": 7,
                "3": 6,
                "6": 5,
                "9": 5,
                "12": 4,
                "15": 3,
                "18": 4,
                "21": 4,
                "24": 5
            },
            "avg_amplitude": {
                "0": 0.9923897451294369,
                "3": 0.8703425240192154,
                "6": 0.25952011609287434,
                "9": 0.2865252618761677,
                "12": -0.10019682412596724,
                "15": -0.69727865625834,
                "18": -0.5910478382706165,
                "21": -0.6245746597277818,
                "24": 0.3457057312516681
            }
        },
        "13": {
            "avg": 0.10547285714285715,
            "std": 0.0018586531506420275,
            "words": {
                "3": "[1 3 2]",
                "6": "[3 3 4]",
                "9": "[4 4 4]",
                "12": "[5 5 5]",
                "15": "[5 5 4]",
                "18": "[4 4 4]",
                "21": "[4 4 4]",
                "24": "[5 5 8]",
                "27": "[6 5 6]"
            },
            "symbolic": {
                "0": 2,
                "3": 3,
                "6": 4,
                "9": 5,
                "12": 5,
                "15": 4,
                "18": 4,
                "21": 5,
                "24": 6
            },
            "avg_amplitude": {
                "0": -0.9712729073798898,
                "3": -0.7305596830113932,
                "6": -0.24715205547300687,
                "9": 0.15502724120851807,
                "12": 0.08073303615651346,
                "15": -0.42347696879643465,
                "18": -0.33036156513125425,
                "21": 0.4977711738484407,
                "24": 0.7028231797919773
            }
        },
        "14": {
            "avg": 0.0330155,
            "std": 0.0010426970548285568,
            "words": {
                "3": "[6 6 6]",
                "6": "[6 6 6]",
                "9": "[6 6 6]",
                "12": "[6 6 6]",
                "15": "[6 6 7]",
                "18": "[8 7 7]",
                "21": "[7 6 6]",
                "24": "[6 6 5]",
                "27": "[5 4 4]"
            },
            "symbolic": {
                "0": 6,
                "3": 6,
                "6": 6,
                "9": 6,
                "12": 6,
                "15": 7,
                "18": 6,
                "21": 6,
                "24": 4
            },
            "avg_amplitude": {
                "0": 0.7194576990078011,
                "3": 0.771718548814663,
                "6": 0.7823221995001143,
                "9": 0.8751798833598435,
                "12": 0.9347118079224428,
                "15": 0.9951526168295088,
                "18": 0.940013633265167,
                "21": 0.7533893812012433,
                "24": -0.08490494584564101
            }
        },
        "15": {
            "avg": -0.5534810714285715,
            "std": 0.03953019674078387,
            "words": {
                "3": "[4 4 4]",
                "6": "[3 8 5]",
                "9": "[4 4 4]",
                "12": "[4 4 4]",
                "15": "[3 3 3]",
                "18": "[3 3 3]",
                "21": "[3 3 3]",
                "24": "[3 3 3]",
                "27": "[2 2 1]"
            },
            "symbolic": {
                "0": 4,
                "3": 5,
                "6": 4,
                "9": 4,
                "12": 3,
                "15": 3,
                "18": 3,
                "21": 3,
                "24": 2
            },
            "avg_amplitude": {
                "0": -0.5291863260842057,
                "3": 0.1827105591409516,
                "6": -0.276424968816096,
                "9": -0.6102102427825088,
                "12": -0.7156389536670463,
                "15": -0.7765243957553731,
                "18": -0.8703834264331037,
                "21": -0.9217961928521069,
                "24": -0.9821754614313859
            }
        },
        "16": {
            "avg": 5.166357500000001e-10,
            "std": 1.4935626237531578e-09,
            "words": {
                "3": "[5 5 5]",
                "6": "[5 5 5]",
                "9": "[5 5 5]",
                "12": "[5 5 8]",
                "15": "[6 5 4]",
                "18": "[4 4 3]",
                "21": "[3 1 3]",
                "24": "[1 3 3]",
                "27": "[4 4 3]"
            },
            "symbolic": {
                "0": 5,
                "3": 5,
                "6": 5,
                "9": 5,
                "12": 5,
                "15": 4,
                "18": 3,
                "21": 3,
                "24": 4
            },
            "avg_amplitude": {
                "0": 0.3217857827169958,
                "3": 0.21723190905026515,
                "6": 0.230989333844287,
                "9": 0.4290081113878777,
                "12": 0.4564986906814845,
                "15": -0.335036086095676,
                "18": -0.9398352174746121,
                "21": -0.8806795682442358,
                "24": -0.5142005492750846
            }
        },
        "17": {
            "avg": 0.13300457142857142,
            "std": 0.02104267880853465,
            "words": {
                "3": "[1 3 4]",
                "6": "[4 4 4]",
                "9": "[5 5 5]",
                "12": "[5 5 5]",
                "15": "[5 6 6]",
                "18": "[7 8 6]",
                "21": "[6 6 6]",
                "24": "[6 6 6]",
                "27": "[6 5 5]"
            },
            "symbolic": {
                "0": 3,
                "3": 4,
                "6": 5,
                "9": 5,
                "12": 6,
                "15": 7,
                "18": 6,
                "21": 6,
                "24": 5
            },
            "avg_amplitude": {
                "0": -0.8215644981829815,
                "3": -0.34403010376822385,
                "6": 0.1561967250691232,
                "9": 0.5037462573241837,
                "12": 0.7328672597643845,
                "15": 0.9705838813040506,
                "18": 0.9393531319093255,
                "21": 0.9100325200922595,
                "24": 0.6456694793442498
            }
        },
        "18": {
            "avg": 0.026531357142857145,
            "std": 0.003296696070133851,
            "words": {
                "3": "[6 5 5]",
                "6": "[6 8 6]",
                "9": "[6 6 6]",
                "12": "[6 5 5]",
                "15": "[5 5 4]",
                "18": "[4 3 2]",
                "21": "[1 3 3]",
                "24": "[3 3 4]",
                "27": "[4 4 5]"
            },
            "symbolic": {
                "0": 5,
                "3": 6,
                "6": 6,
                "9": 5,
                "12": 4,
                "15": 3,
                "18": 3,
                "21": 3,
                "24": 5
            },
            "avg_amplitude": {
                "0": 0.6784896179708862,
                "3": 0.8992093401315309,
                "6": 0.8446759772408186,
                "9": 0.5299637922116306,
                "12": -0.021650779575851598,
                "15": -0.7382694155028452,
                "18": -0.9292100790659871,
                "21": -0.7104854799379297,
                "24": 0.05623291214069311
            }
        },
        "19": {
            "avg": -0.6076710714285714,
            "std": 0.00926404852674144,
            "words": {
                "3": "[8 7 6]",
                "6": "[6 6 5]",
                "9": "[5 5 5]",
                "12": "[5 4 4]",
                "15": "[4 4 4]",
                "18": "[4 3 3]",
                "21": "[3 3 3]",
                "24": "[3 1 2]",
                "27": "[2 2 2]"
            },
            "symbolic": {
                "0": 7,
                "3": 6,
                "6": 5,
                "9": 4,
                "12": 4,
                "15": 3,
                "18": 3,
                "21": 2,
                "24": 2
            },
            "avg_amplitude": {
                "0": 0.9588380877947108,
                "3": 0.7175980200599174,
                "6": 0.33750162824019353,
                "9": -0.19109026963657919,
                "12": -0.4849550605705337,
                "15": -0.727758238895403,
                "18": -0.862706786505151,
                "21": -0.9666536407450841,
                "24": -0.9921844470496325
            }
        }
    }
}